[2025-08-18T18:53:43.896+0000] {local_task_job_runner.py:120} INFO - ::group::Pre task execution logs
[2025-08-18T18:53:43.932+0000] {taskinstance.py:2073} INFO - Dependencies all met for dep_context=non-requeueable deps ti=<TaskInstance: youtube_pipeline_batch_data.drop_views manual__2025-08-18T18:53:38.821497+00:00 [queued]>
[2025-08-18T18:53:43.943+0000] {taskinstance.py:2073} INFO - Dependencies all met for dep_context=requeueable deps ti=<TaskInstance: youtube_pipeline_batch_data.drop_views manual__2025-08-18T18:53:38.821497+00:00 [queued]>
[2025-08-18T18:53:43.943+0000] {taskinstance.py:2303} INFO - Starting attempt 1 of 4
[2025-08-18T18:53:43.965+0000] {taskinstance.py:2327} INFO - Executing <Task(BashOperator): drop_views> on 2025-08-18 18:53:38.821497+00:00
[2025-08-18T18:53:43.971+0000] {standard_task_runner.py:63} INFO - Started process 11237 to run task
[2025-08-18T18:53:43.975+0000] {standard_task_runner.py:90} INFO - Running: ['***', 'tasks', 'run', 'youtube_pipeline_batch_data', 'drop_views', 'manual__2025-08-18T18:53:38.821497+00:00', '--job-id', '537', '--raw', '--subdir', 'DAGS_FOLDER/youtube_pipeline.py', '--cfg-path', '/tmp/tmpey071_x6']
[2025-08-18T18:53:43.978+0000] {standard_task_runner.py:91} INFO - Job 537: Subtask drop_views
[2025-08-18T18:53:44.032+0000] {task_command.py:426} INFO - Running <TaskInstance: youtube_pipeline_batch_data.drop_views manual__2025-08-18T18:53:38.821497+00:00 [running]> on host 47205959681c
[2025-08-18T18:53:44.161+0000] {taskinstance.py:2644} INFO - Exporting env vars: AIRFLOW_CTX_DAG_OWNER='***' AIRFLOW_CTX_DAG_ID='youtube_pipeline_batch_data' AIRFLOW_CTX_TASK_ID='drop_views' AIRFLOW_CTX_EXECUTION_DATE='2025-08-18T18:53:38.821497+00:00' AIRFLOW_CTX_TRY_NUMBER='1' AIRFLOW_CTX_DAG_RUN_ID='manual__2025-08-18T18:53:38.821497+00:00'
[2025-08-18T18:53:44.163+0000] {taskinstance.py:430} INFO - ::endgroup::
[2025-08-18T18:53:44.182+0000] {subprocess.py:63} INFO - Tmp dir root location: /tmp
[2025-08-18T18:53:44.183+0000] {subprocess.py:75} INFO - Running command: ['/usr/bin/bash', '-c', 'PGPASSWORD=citus psql -h citus_coordinator -U citus -d youtube_dw -c "DROP VIEW IF EXISTS avg_views_comments CASCADE; DROP VIEW IF EXISTS vw_q02_top_engagement_channels CASCADE; DROP VIEW IF EXISTS vw_q03_gold_combinations CASCADE; DROP VIEW IF EXISTS vw_q04_problem_types CASCADE; DROP VIEW IF EXISTS vw_q05_tags_core_metrics CASCADE; DROP VIEW IF EXISTS vw_q06_magic_tags CASCADE; DROP VIEW IF EXISTS vw_q07_speed_to_viral CASCADE; DROP VIEW IF EXISTS vw_q08_desc_thumb_performance CASCADE; DROP VIEW IF EXISTS vw_q09_seasonal_launch CASCADE; DROP VIEW IF EXISTS vw_q10_channel_top_video CASCADE;"']
[2025-08-18T18:53:44.197+0000] {subprocess.py:86} INFO - Output:
[2025-08-18T18:53:44.275+0000] {subprocess.py:93} INFO - NOTICE:  view "avg_views_comments" does not exist, skipping
[2025-08-18T18:53:44.295+0000] {subprocess.py:93} INFO - DROP VIEW
[2025-08-18T18:53:44.296+0000] {subprocess.py:93} INFO - DROP VIEW
[2025-08-18T18:53:44.297+0000] {subprocess.py:93} INFO - DROP VIEW
[2025-08-18T18:53:44.298+0000] {subprocess.py:93} INFO - DROP VIEW
[2025-08-18T18:53:44.298+0000] {subprocess.py:93} INFO - DROP VIEW
[2025-08-18T18:53:44.298+0000] {subprocess.py:93} INFO - NOTICE:  view "vw_q08_desc_thumb_performance" does not exist, skipping
[2025-08-18T18:53:44.299+0000] {subprocess.py:93} INFO - DROP VIEW
[2025-08-18T18:53:44.302+0000] {subprocess.py:93} INFO - DROP VIEW
[2025-08-18T18:53:44.303+0000] {subprocess.py:93} INFO - DROP VIEW
[2025-08-18T18:53:44.303+0000] {subprocess.py:93} INFO - DROP VIEW
[2025-08-18T18:53:44.303+0000] {subprocess.py:93} INFO - DROP VIEW
[2025-08-18T18:53:44.304+0000] {subprocess.py:97} INFO - Command exited with return code 0
[2025-08-18T18:53:44.304+0000] {taskinstance.py:441} INFO - ::group::Post task execution logs
[2025-08-18T18:53:44.340+0000] {taskinstance.py:1205} INFO - Marking task as SUCCESS. dag_id=youtube_pipeline_batch_data, task_id=drop_views, execution_date=20250818T185338, start_date=20250818T185343, end_date=20250818T185344
[2025-08-18T18:53:44.389+0000] {local_task_job_runner.py:240} INFO - Task exited with return code 0
[2025-08-18T18:53:44.442+0000] {taskinstance.py:3482} INFO - 1 downstream tasks scheduled from follow-on schedule check
[2025-08-18T18:53:44.444+0000] {local_task_job_runner.py:222} INFO - ::endgroup::
