[2025-08-18T13:29:56.270+0000] {local_task_job_runner.py:120} INFO - ::group::Pre task execution logs
[2025-08-18T13:29:56.467+0000] {taskinstance.py:2073} INFO - Dependencies all met for dep_context=non-requeueable deps ti=<TaskInstance: youtube_pipeline_batch_data.run_q_01_avg_views_comments manual__2025-08-18T13:24:03.294101+00:00 [queued]>
[2025-08-18T13:29:56.526+0000] {taskinstance.py:2073} INFO - Dependencies all met for dep_context=requeueable deps ti=<TaskInstance: youtube_pipeline_batch_data.run_q_01_avg_views_comments manual__2025-08-18T13:24:03.294101+00:00 [queued]>
[2025-08-18T13:29:56.527+0000] {taskinstance.py:2303} INFO - Starting attempt 1 of 4
[2025-08-18T13:29:56.573+0000] {taskinstance.py:2327} INFO - Executing <Task(BashOperator): run_q_01_avg_views_comments> on 2025-08-18 13:24:03.294101+00:00
[2025-08-18T13:29:56.635+0000] {standard_task_runner.py:63} INFO - Started process 5104 to run task
[2025-08-18T13:29:56.678+0000] {standard_task_runner.py:90} INFO - Running: ['***', 'tasks', 'run', 'youtube_pipeline_batch_data', 'run_q_01_avg_views_comments', 'manual__2025-08-18T13:24:03.294101+00:00', '--job-id', '330', '--raw', '--subdir', 'DAGS_FOLDER/youtube_pipeline.py', '--cfg-path', '/tmp/tmp7j9wu921']
[2025-08-18T13:29:56.723+0000] {standard_task_runner.py:91} INFO - Job 330: Subtask run_q_01_avg_views_comments
[2025-08-18T13:29:57.260+0000] {task_command.py:426} INFO - Running <TaskInstance: youtube_pipeline_batch_data.run_q_01_avg_views_comments manual__2025-08-18T13:24:03.294101+00:00 [running]> on host 47205959681c
[2025-08-18T13:29:57.927+0000] {taskinstance.py:2644} INFO - Exporting env vars: AIRFLOW_CTX_DAG_OWNER='***' AIRFLOW_CTX_DAG_ID='youtube_pipeline_batch_data' AIRFLOW_CTX_TASK_ID='run_q_01_avg_views_comments' AIRFLOW_CTX_EXECUTION_DATE='2025-08-18T13:24:03.294101+00:00' AIRFLOW_CTX_TRY_NUMBER='1' AIRFLOW_CTX_DAG_RUN_ID='manual__2025-08-18T13:24:03.294101+00:00'
[2025-08-18T13:29:57.932+0000] {taskinstance.py:430} INFO - ::endgroup::
[2025-08-18T13:29:57.965+0000] {subprocess.py:63} INFO - Tmp dir root location: /tmp
[2025-08-18T13:29:57.966+0000] {subprocess.py:75} INFO - Running command: ['/usr/bin/bash', '-c', 'PGPASSWORD=citus psql -h citus_coordinator -U citus -d youtube_dw -f /opt/***/sql/q_01_avg_views_comments.sql']
[2025-08-18T13:29:58.025+0000] {subprocess.py:86} INFO - Output:
[2025-08-18T13:29:58.391+0000] {subprocess.py:93} INFO - CREATE VIEW
[2025-08-18T13:29:58.393+0000] {subprocess.py:97} INFO - Command exited with return code 0
[2025-08-18T13:29:58.395+0000] {taskinstance.py:441} INFO - ::group::Post task execution logs
[2025-08-18T13:29:58.568+0000] {taskinstance.py:1205} INFO - Marking task as SUCCESS. dag_id=youtube_pipeline_batch_data, task_id=run_q_01_avg_views_comments, execution_date=20250818T132403, start_date=20250818T132956, end_date=20250818T132958
[2025-08-18T13:29:58.650+0000] {local_task_job_runner.py:240} INFO - Task exited with return code 0
[2025-08-18T13:29:58.821+0000] {taskinstance.py:3482} INFO - 0 downstream tasks scheduled from follow-on schedule check
[2025-08-18T13:29:58.826+0000] {local_task_job_runner.py:222} INFO - ::endgroup::
