[2025-08-18T13:29:56.401+0000] {local_task_job_runner.py:120} INFO - ::group::Pre task execution logs
[2025-08-18T13:29:56.704+0000] {taskinstance.py:2073} INFO - Dependencies all met for dep_context=non-requeueable deps ti=<TaskInstance: youtube_pipeline_batch_data.run_q_09_seasonal_launch manual__2025-08-18T13:24:03.294101+00:00 [queued]>
[2025-08-18T13:29:56.851+0000] {taskinstance.py:2073} INFO - Dependencies all met for dep_context=requeueable deps ti=<TaskInstance: youtube_pipeline_batch_data.run_q_09_seasonal_launch manual__2025-08-18T13:24:03.294101+00:00 [queued]>
[2025-08-18T13:29:56.852+0000] {taskinstance.py:2303} INFO - Starting attempt 1 of 4
[2025-08-18T13:29:56.991+0000] {taskinstance.py:2327} INFO - Executing <Task(BashOperator): run_q_09_seasonal_launch> on 2025-08-18 13:24:03.294101+00:00
[2025-08-18T13:29:57.042+0000] {standard_task_runner.py:63} INFO - Started process 5109 to run task
[2025-08-18T13:29:57.065+0000] {standard_task_runner.py:90} INFO - Running: ['***', 'tasks', 'run', 'youtube_pipeline_batch_data', 'run_q_09_seasonal_launch', 'manual__2025-08-18T13:24:03.294101+00:00', '--job-id', '334', '--raw', '--subdir', 'DAGS_FOLDER/youtube_pipeline.py', '--cfg-path', '/tmp/tmpccr0wi3y']
[2025-08-18T13:29:57.083+0000] {standard_task_runner.py:91} INFO - Job 334: Subtask run_q_09_seasonal_launch
[2025-08-18T13:29:57.358+0000] {task_command.py:426} INFO - Running <TaskInstance: youtube_pipeline_batch_data.run_q_09_seasonal_launch manual__2025-08-18T13:24:03.294101+00:00 [running]> on host 47205959681c
[2025-08-18T13:29:57.789+0000] {taskinstance.py:2644} INFO - Exporting env vars: AIRFLOW_CTX_DAG_OWNER='***' AIRFLOW_CTX_DAG_ID='youtube_pipeline_batch_data' AIRFLOW_CTX_TASK_ID='run_q_09_seasonal_launch' AIRFLOW_CTX_EXECUTION_DATE='2025-08-18T13:24:03.294101+00:00' AIRFLOW_CTX_TRY_NUMBER='1' AIRFLOW_CTX_DAG_RUN_ID='manual__2025-08-18T13:24:03.294101+00:00'
[2025-08-18T13:29:57.793+0000] {taskinstance.py:430} INFO - ::endgroup::
[2025-08-18T13:29:57.925+0000] {subprocess.py:63} INFO - Tmp dir root location: /tmp
[2025-08-18T13:29:57.926+0000] {subprocess.py:75} INFO - Running command: ['/usr/bin/bash', '-c', 'PGPASSWORD=citus psql -h citus_coordinator -U citus -d youtube_dw -f /opt/***/sql/q_09_seasonal_launch.sql']
[2025-08-18T13:29:58.015+0000] {subprocess.py:86} INFO - Output:
[2025-08-18T13:29:58.423+0000] {subprocess.py:93} INFO - CREATE VIEW
[2025-08-18T13:29:58.436+0000] {subprocess.py:97} INFO - Command exited with return code 0
[2025-08-18T13:29:58.438+0000] {taskinstance.py:441} INFO - ::group::Post task execution logs
[2025-08-18T13:29:58.552+0000] {taskinstance.py:1205} INFO - Marking task as SUCCESS. dag_id=youtube_pipeline_batch_data, task_id=run_q_09_seasonal_launch, execution_date=20250818T132403, start_date=20250818T132956, end_date=20250818T132958
[2025-08-18T13:29:58.606+0000] {local_task_job_runner.py:240} INFO - Task exited with return code 0
[2025-08-18T13:29:58.721+0000] {taskinstance.py:3482} INFO - 0 downstream tasks scheduled from follow-on schedule check
[2025-08-18T13:29:58.724+0000] {local_task_job_runner.py:222} INFO - ::endgroup::
