[2025-08-18T09:17:43.657+0000] {local_task_job_runner.py:120} INFO - ::group::Pre task execution logs
[2025-08-18T09:17:43.703+0000] {taskinstance.py:2073} INFO - Dependencies all met for dep_context=non-requeueable deps ti=<TaskInstance: youtube_pipeline_exec.ingest_raw manual__2025-08-18T09:17:42.385809+00:00 [queued]>
[2025-08-18T09:17:43.724+0000] {taskinstance.py:2073} INFO - Dependencies all met for dep_context=requeueable deps ti=<TaskInstance: youtube_pipeline_exec.ingest_raw manual__2025-08-18T09:17:42.385809+00:00 [queued]>
[2025-08-18T09:17:43.725+0000] {taskinstance.py:2303} INFO - Starting attempt 1 of 2
[2025-08-18T09:17:43.762+0000] {taskinstance.py:2327} INFO - Executing <Task(BashOperator): ingest_raw> on 2025-08-18 09:17:42.385809+00:00
[2025-08-18T09:17:43.771+0000] {standard_task_runner.py:63} INFO - Started process 219 to run task
[2025-08-18T09:17:43.779+0000] {standard_task_runner.py:90} INFO - Running: ['***', 'tasks', 'run', 'youtube_pipeline_exec', 'ingest_raw', 'manual__2025-08-18T09:17:42.385809+00:00', '--job-id', '21', '--raw', '--subdir', 'DAGS_FOLDER/youtube_pipeline.py', '--cfg-path', '/tmp/tmpjnhvyflq']
[2025-08-18T09:17:43.784+0000] {standard_task_runner.py:91} INFO - Job 21: Subtask ingest_raw
[2025-08-18T09:17:43.861+0000] {task_command.py:426} INFO - Running <TaskInstance: youtube_pipeline_exec.ingest_raw manual__2025-08-18T09:17:42.385809+00:00 [running]> on host 3150b87ae4c2
[2025-08-18T09:17:44.014+0000] {taskinstance.py:2644} INFO - Exporting env vars: AIRFLOW_CTX_DAG_OWNER='***' AIRFLOW_CTX_DAG_ID='youtube_pipeline_exec' AIRFLOW_CTX_TASK_ID='ingest_raw' AIRFLOW_CTX_EXECUTION_DATE='2025-08-18T09:17:42.385809+00:00' AIRFLOW_CTX_TRY_NUMBER='1' AIRFLOW_CTX_DAG_RUN_ID='manual__2025-08-18T09:17:42.385809+00:00'
[2025-08-18T09:17:44.015+0000] {taskinstance.py:430} INFO - ::endgroup::
[2025-08-18T09:17:44.062+0000] {subprocess.py:63} INFO - Tmp dir root location: /tmp
[2025-08-18T09:17:44.063+0000] {subprocess.py:75} INFO - Running command: ['/usr/bin/bash', '-c', 'curl -X POST http://spark-master:6066/v1/submissions/create -H "Content-Type: application/json" -d \'{"action": "CreateSubmissionRequest","clientSparkVersion": "3.5.1","appArgs": [],"appResource": "file:///opt/***/jobs/ingestion/ingest_raw_to_hdfs.py","environmentVariables": {},"mainClass": "org.apache.spark.deploy.SparkSubmit","sparkProperties": {"spark.master": "spark://spark-master:7077","spark.submit.deployMode": "cluster","spark.app.name": "ingest-raw-job","spark.jars.packages": "org.apache.spark:spark-avro_2.12:3.5.1"}}\'']
[2025-08-18T09:17:44.079+0000] {subprocess.py:86} INFO - Output:
[2025-08-18T09:17:44.132+0000] {subprocess.py:93} INFO -   % Total    % Received % Xferd  Average Speed   Time    Time     Time  Current
[2025-08-18T09:17:44.133+0000] {subprocess.py:93} INFO -                                  Dload  Upload   Total   Spent    Left  Speed
[2025-08-18T09:17:44.133+0000] {subprocess.py:93} INFO -   0     0    0     0    0     0      0      0 --:--:-- --:--:-- --:--:--     0  0     0    0     0    0     0      0      0 --:--:-- --:--:-- --:--:--     0
[2025-08-18T09:17:44.134+0000] {subprocess.py:93} INFO - curl: (7) Failed to connect to spark-master port 6066 after 0 ms: Couldn't connect to server
[2025-08-18T09:17:44.136+0000] {subprocess.py:97} INFO - Command exited with return code 7
[2025-08-18T09:17:44.137+0000] {taskinstance.py:441} INFO - ::group::Post task execution logs
[2025-08-18T09:17:44.157+0000] {taskinstance.py:2890} ERROR - Task failed with exception
Traceback (most recent call last):
  File "/home/airflow/.local/lib/python3.9/site-packages/airflow/models/taskinstance.py", line 465, in _execute_task
    result = _execute_callable(context=context, **execute_callable_kwargs)
  File "/home/airflow/.local/lib/python3.9/site-packages/airflow/models/taskinstance.py", line 432, in _execute_callable
    return execute_callable(context=context, **execute_callable_kwargs)
  File "/home/airflow/.local/lib/python3.9/site-packages/airflow/models/baseoperator.py", line 400, in wrapper
    return func(self, *args, **kwargs)
  File "/home/airflow/.local/lib/python3.9/site-packages/airflow/operators/bash.py", line 243, in execute
    raise AirflowException(
airflow.exceptions.AirflowException: Bash command failed. The command returned a non-zero exit code 7.
[2025-08-18T09:17:44.161+0000] {taskinstance.py:1205} INFO - Marking task as UP_FOR_RETRY. dag_id=youtube_pipeline_exec, task_id=ingest_raw, execution_date=20250818T091742, start_date=20250818T091743, end_date=20250818T091744
[2025-08-18T09:17:44.179+0000] {standard_task_runner.py:110} ERROR - Failed to execute job 21 for task ingest_raw (Bash command failed. The command returned a non-zero exit code 7.; 219)
[2025-08-18T09:17:44.193+0000] {local_task_job_runner.py:240} INFO - Task exited with return code 1
[2025-08-18T09:17:44.227+0000] {taskinstance.py:3482} INFO - 0 downstream tasks scheduled from follow-on schedule check
[2025-08-18T09:17:44.229+0000] {local_task_job_runner.py:222} INFO - ::endgroup::
