[2025-08-18T08:38:29.702+0000] {local_task_job_runner.py:120} INFO - ::group::Pre task execution logs
[2025-08-18T08:38:29.845+0000] {taskinstance.py:2073} INFO - Dependencies all met for dep_context=non-requeueable deps ti=<TaskInstance: youtube_pipeline_exec.ingest_raw manual__2025-08-18T08:38:28.668048+00:00 [queued]>
[2025-08-18T08:38:29.872+0000] {taskinstance.py:2073} INFO - Dependencies all met for dep_context=requeueable deps ti=<TaskInstance: youtube_pipeline_exec.ingest_raw manual__2025-08-18T08:38:28.668048+00:00 [queued]>
[2025-08-18T08:38:29.875+0000] {taskinstance.py:2303} INFO - Starting attempt 1 of 2
[2025-08-18T08:38:29.932+0000] {taskinstance.py:2327} INFO - Executing <Task(SparkSubmitOperator): ingest_raw> on 2025-08-18 08:38:28.668048+00:00
[2025-08-18T08:38:29.941+0000] {standard_task_runner.py:63} INFO - Started process 278 to run task
[2025-08-18T08:38:29.950+0000] {standard_task_runner.py:90} INFO - Running: ['***', 'tasks', 'run', 'youtube_pipeline_exec', 'ingest_raw', 'manual__2025-08-18T08:38:28.668048+00:00', '--job-id', '7', '--raw', '--subdir', 'DAGS_FOLDER/youtube_pipeline.py', '--cfg-path', '/tmp/tmp4ves06ir']
[2025-08-18T08:38:29.955+0000] {standard_task_runner.py:91} INFO - Job 7: Subtask ingest_raw
[2025-08-18T08:38:30.074+0000] {task_command.py:426} INFO - Running <TaskInstance: youtube_pipeline_exec.ingest_raw manual__2025-08-18T08:38:28.668048+00:00 [running]> on host 52029f9418a0
[2025-08-18T08:38:30.240+0000] {taskinstance.py:2644} INFO - Exporting env vars: AIRFLOW_CTX_DAG_OWNER='***' AIRFLOW_CTX_DAG_ID='youtube_pipeline_exec' AIRFLOW_CTX_TASK_ID='ingest_raw' AIRFLOW_CTX_EXECUTION_DATE='2025-08-18T08:38:28.668048+00:00' AIRFLOW_CTX_TRY_NUMBER='1' AIRFLOW_CTX_DAG_RUN_ID='manual__2025-08-18T08:38:28.668048+00:00'
[2025-08-18T08:38:30.241+0000] {taskinstance.py:430} INFO - ::endgroup::
[2025-08-18T08:38:30.272+0000] {base.py:84} INFO - Using connection ID 'spark_default' for task execution.
[2025-08-18T08:38:30.274+0000] {spark_submit.py:401} INFO - Spark-Submit cmd: spark-submit --master yarn --conf spark.master=spark://spark-master:7077 --packages org.apache.spark:spark-avro_2.12:3.5.1 --name arrow-spark --queue root.default /opt/***/jobs/ingestion/ingest_raw_to_hdfs.py
[2025-08-18T08:38:30.520+0000] {spark_submit.py:571} INFO - JAVA_HOME is not set
[2025-08-18T08:38:30.522+0000] {taskinstance.py:441} INFO - ::group::Post task execution logs
[2025-08-18T08:38:30.541+0000] {taskinstance.py:2890} ERROR - Task failed with exception
Traceback (most recent call last):
  File "/home/airflow/.local/lib/python3.9/site-packages/airflow/models/taskinstance.py", line 465, in _execute_task
    result = _execute_callable(context=context, **execute_callable_kwargs)
  File "/home/airflow/.local/lib/python3.9/site-packages/airflow/models/taskinstance.py", line 432, in _execute_callable
    return execute_callable(context=context, **execute_callable_kwargs)
  File "/home/airflow/.local/lib/python3.9/site-packages/airflow/models/baseoperator.py", line 400, in wrapper
    return func(self, *args, **kwargs)
  File "/home/airflow/.local/lib/python3.9/site-packages/airflow/providers/apache/spark/operators/spark_submit.py", line 174, in execute
    self._hook.submit(self._application)
  File "/home/airflow/.local/lib/python3.9/site-packages/airflow/providers/apache/spark/hooks/spark_submit.py", line 502, in submit
    raise AirflowException(
airflow.exceptions.AirflowException: Cannot execute: spark-submit --master yarn --conf spark.master=spark://spark-master:7077 --packages org.apache.spark:spark-avro_2.12:3.5.1 --name arrow-spark --queue root.default /opt/***/jobs/ingestion/ingest_raw_to_hdfs.py. Error code is: 1.
[2025-08-18T08:38:30.547+0000] {taskinstance.py:1205} INFO - Marking task as UP_FOR_RETRY. dag_id=youtube_pipeline_exec, task_id=ingest_raw, execution_date=20250818T083828, start_date=20250818T083829, end_date=20250818T083830
[2025-08-18T08:38:30.572+0000] {standard_task_runner.py:110} ERROR - Failed to execute job 7 for task ingest_raw (Cannot execute: spark-submit --master yarn --conf spark.master=spark://spark-master:7077 --packages org.apache.spark:spark-avro_2.12:3.5.1 --name arrow-spark --queue root.default /opt/***/jobs/ingestion/ingest_raw_to_hdfs.py. Error code is: 1.; 278)
[2025-08-18T08:38:30.605+0000] {local_task_job_runner.py:240} INFO - Task exited with return code 1
[2025-08-18T08:38:30.637+0000] {taskinstance.py:3482} INFO - 0 downstream tasks scheduled from follow-on schedule check
[2025-08-18T08:38:30.646+0000] {local_task_job_runner.py:222} INFO - ::endgroup::
