[2025-08-18T09:51:06.911+0000] {local_task_job_runner.py:120} INFO - ::group::Pre task execution logs
[2025-08-18T09:51:07.050+0000] {taskinstance.py:2073} INFO - Dependencies all met for dep_context=non-requeueable deps ti=<TaskInstance: youtube_pipeline_simple.golden_to_star manual__2025-08-18T09:36:47.534001+00:00 [queued]>
[2025-08-18T09:51:07.085+0000] {taskinstance.py:2073} INFO - Dependencies all met for dep_context=requeueable deps ti=<TaskInstance: youtube_pipeline_simple.golden_to_star manual__2025-08-18T09:36:47.534001+00:00 [queued]>
[2025-08-18T09:51:07.088+0000] {taskinstance.py:2303} INFO - Starting attempt 1 of 2
[2025-08-18T09:51:07.193+0000] {taskinstance.py:2327} INFO - Executing <Task(BashOperator): golden_to_star> on 2025-08-18 09:36:47.534001+00:00
[2025-08-18T09:51:07.213+0000] {standard_task_runner.py:63} INFO - Started process 2356 to run task
[2025-08-18T09:51:07.248+0000] {standard_task_runner.py:90} INFO - Running: ['***', 'tasks', 'run', 'youtube_pipeline_simple', 'golden_to_star', 'manual__2025-08-18T09:36:47.534001+00:00', '--job-id', '40', '--raw', '--subdir', 'DAGS_FOLDER/youtube_pipeline.py', '--cfg-path', '/tmp/tmp5takbfw5']
[2025-08-18T09:51:07.285+0000] {standard_task_runner.py:91} INFO - Job 40: Subtask golden_to_star
[2025-08-18T09:51:07.521+0000] {task_command.py:426} INFO - Running <TaskInstance: youtube_pipeline_simple.golden_to_star manual__2025-08-18T09:36:47.534001+00:00 [running]> on host 4d75244235f4
[2025-08-18T09:51:07.882+0000] {taskinstance.py:2644} INFO - Exporting env vars: AIRFLOW_CTX_DAG_OWNER='***' AIRFLOW_CTX_DAG_ID='youtube_pipeline_simple' AIRFLOW_CTX_TASK_ID='golden_to_star' AIRFLOW_CTX_EXECUTION_DATE='2025-08-18T09:36:47.534001+00:00' AIRFLOW_CTX_TRY_NUMBER='1' AIRFLOW_CTX_DAG_RUN_ID='manual__2025-08-18T09:36:47.534001+00:00'
[2025-08-18T09:51:07.884+0000] {taskinstance.py:430} INFO - ::endgroup::
[2025-08-18T09:51:07.985+0000] {subprocess.py:63} INFO - Tmp dir root location: /tmp
[2025-08-18T09:51:08.009+0000] {subprocess.py:75} INFO - Running command: ['/usr/bin/bash', '-c', 'docker exec youtube-pipeline-project_spark-master_1 spark-submit --master spark://spark-master:7077 --deploy-mode client --packages org.postgresql:postgresql:42.6.0 /opt/***/jobs/star_schema/golden_to_star_citus.py']
[2025-08-18T09:51:08.162+0000] {subprocess.py:86} INFO - Output:
[2025-08-18T09:51:29.925+0000] {subprocess.py:93} INFO - :: loading settings :: url = jar:file:/opt/bitnami/spark/jars/ivy-2.5.1.jar!/org/apache/ivy/core/settings/ivysettings.xml
[2025-08-18T09:51:30.274+0000] {subprocess.py:93} INFO - Ivy Default Cache set to: /opt/bitnami/spark/.ivy2/cache
[2025-08-18T09:51:30.274+0000] {subprocess.py:93} INFO - The jars for the packages stored in: /opt/bitnami/spark/.ivy2/jars
[2025-08-18T09:51:30.283+0000] {subprocess.py:93} INFO - org.postgresql#postgresql added as a dependency
[2025-08-18T09:51:30.286+0000] {subprocess.py:93} INFO - :: resolving dependencies :: org.apache.spark#spark-submit-parent-f9f18c63-b88b-4c4a-8a81-d5110e531bdd;1.0
[2025-08-18T09:51:30.288+0000] {subprocess.py:93} INFO - 	confs: [default]
[2025-08-18T09:51:30.815+0000] {subprocess.py:93} INFO - 	found org.postgresql#postgresql;42.6.0 in central
[2025-08-18T09:51:30.941+0000] {subprocess.py:93} INFO - 	found org.checkerframework#checker-qual;3.31.0 in central
[2025-08-18T09:51:31.003+0000] {subprocess.py:93} INFO - :: resolution report :: resolve 695ms :: artifacts dl 22ms
[2025-08-18T09:51:31.005+0000] {subprocess.py:93} INFO - 	:: modules in use:
[2025-08-18T09:51:31.006+0000] {subprocess.py:93} INFO - 	org.checkerframework#checker-qual;3.31.0 from central in [default]
[2025-08-18T09:51:31.007+0000] {subprocess.py:93} INFO - 	org.postgresql#postgresql;42.6.0 from central in [default]
[2025-08-18T09:51:31.008+0000] {subprocess.py:93} INFO - 	---------------------------------------------------------------------
[2025-08-18T09:51:31.009+0000] {subprocess.py:93} INFO - 	|                  |            modules            ||   artifacts   |
[2025-08-18T09:51:31.010+0000] {subprocess.py:93} INFO - 	|       conf       | number| search|dwnlded|evicted|| number|dwnlded|
[2025-08-18T09:51:31.012+0000] {subprocess.py:93} INFO - 	---------------------------------------------------------------------
[2025-08-18T09:51:31.012+0000] {subprocess.py:93} INFO - 	|      default     |   2   |   0   |   0   |   0   ||   2   |   0   |
[2025-08-18T09:51:31.013+0000] {subprocess.py:93} INFO - 	---------------------------------------------------------------------
[2025-08-18T09:51:31.015+0000] {subprocess.py:93} INFO - :: retrieving :: org.apache.spark#spark-submit-parent-f9f18c63-b88b-4c4a-8a81-d5110e531bdd
[2025-08-18T09:51:31.015+0000] {subprocess.py:93} INFO - 	confs: [default]
[2025-08-18T09:51:31.020+0000] {subprocess.py:93} INFO - 	0 artifacts copied, 2 already retrieved (0kB/7ms)
[2025-08-18T09:51:31.798+0000] {subprocess.py:93} INFO - 25/08/18 09:51:31 WARN NativeCodeLoader: Unable to load native-hadoop library for your platform... using builtin-java classes where applicable
[2025-08-18T09:51:35.889+0000] {subprocess.py:93} INFO - Traceback (most recent call last):
[2025-08-18T09:51:35.889+0000] {subprocess.py:93} INFO -   File "/opt/***/jobs/star_schema/golden_to_star_citus.py", line 2, in <module>
[2025-08-18T09:51:35.890+0000] {subprocess.py:93} INFO -     import psycopg2 # type: ignore
[2025-08-18T09:51:35.890+0000] {subprocess.py:93} INFO -     ^^^^^^^^^^^^^^^
[2025-08-18T09:51:35.891+0000] {subprocess.py:93} INFO - ModuleNotFoundError: No module named 'psycopg2'
[2025-08-18T09:51:36.011+0000] {subprocess.py:93} INFO - 25/08/18 09:51:36 INFO ShutdownHookManager: Shutdown hook called
[2025-08-18T09:51:36.013+0000] {subprocess.py:93} INFO - 25/08/18 09:51:36 INFO ShutdownHookManager: Deleting directory /tmp/spark-47ac9af5-5d76-4d6e-824b-2ffc595fff5c
[2025-08-18T09:51:36.188+0000] {subprocess.py:97} INFO - Command exited with return code 1
[2025-08-18T09:51:36.189+0000] {taskinstance.py:441} INFO - ::group::Post task execution logs
[2025-08-18T09:51:36.214+0000] {taskinstance.py:2890} ERROR - Task failed with exception
Traceback (most recent call last):
  File "/home/airflow/.local/lib/python3.9/site-packages/airflow/models/taskinstance.py", line 465, in _execute_task
    result = _execute_callable(context=context, **execute_callable_kwargs)
  File "/home/airflow/.local/lib/python3.9/site-packages/airflow/models/taskinstance.py", line 432, in _execute_callable
    return execute_callable(context=context, **execute_callable_kwargs)
  File "/home/airflow/.local/lib/python3.9/site-packages/airflow/models/baseoperator.py", line 400, in wrapper
    return func(self, *args, **kwargs)
  File "/home/airflow/.local/lib/python3.9/site-packages/airflow/operators/bash.py", line 243, in execute
    raise AirflowException(
airflow.exceptions.AirflowException: Bash command failed. The command returned a non-zero exit code 1.
[2025-08-18T09:51:36.222+0000] {taskinstance.py:1205} INFO - Marking task as UP_FOR_RETRY. dag_id=youtube_pipeline_simple, task_id=golden_to_star, execution_date=20250818T093647, start_date=20250818T095107, end_date=20250818T095136
[2025-08-18T09:51:36.251+0000] {standard_task_runner.py:110} ERROR - Failed to execute job 40 for task golden_to_star (Bash command failed. The command returned a non-zero exit code 1.; 2356)
[2025-08-18T09:51:36.269+0000] {local_task_job_runner.py:240} INFO - Task exited with return code 1
[2025-08-18T09:51:36.299+0000] {taskinstance.py:3482} INFO - 0 downstream tasks scheduled from follow-on schedule check
[2025-08-18T09:51:36.304+0000] {local_task_job_runner.py:222} INFO - ::endgroup::
