[2025-08-19T09:11:33.632+0000] {local_task_job_runner.py:120} INFO - ::group::Pre task execution logs
[2025-08-19T09:11:33.726+0000] {taskinstance.py:2073} INFO - Dependencies all met for dep_context=non-requeueable deps ti=<TaskInstance: youtube_pipeline_batch_data.check_raw_files manual__2025-08-19T09:11:31.039964+00:00 [queued]>
[2025-08-19T09:11:33.789+0000] {taskinstance.py:2073} INFO - Dependencies all met for dep_context=requeueable deps ti=<TaskInstance: youtube_pipeline_batch_data.check_raw_files manual__2025-08-19T09:11:31.039964+00:00 [queued]>
[2025-08-19T09:11:33.789+0000] {taskinstance.py:2303} INFO - Starting attempt 1 of 4
[2025-08-19T09:11:33.878+0000] {taskinstance.py:2327} INFO - Executing <Task(BashOperator): check_raw_files> on 2025-08-19 09:11:31.039964+00:00
[2025-08-19T09:11:33.964+0000] {standard_task_runner.py:63} INFO - Started process 2046 to run task
[2025-08-19T09:11:34.030+0000] {standard_task_runner.py:90} INFO - Running: ['***', 'tasks', 'run', 'youtube_pipeline_batch_data', 'check_raw_files', 'manual__2025-08-19T09:11:31.039964+00:00', '--job-id', '586', '--raw', '--subdir', 'DAGS_FOLDER/youtube_pipeline.py', '--cfg-path', '/tmp/tmpbli26lmp']
[2025-08-19T09:11:34.069+0000] {standard_task_runner.py:91} INFO - Job 586: Subtask check_raw_files
[2025-08-19T09:11:34.375+0000] {task_command.py:426} INFO - Running <TaskInstance: youtube_pipeline_batch_data.check_raw_files manual__2025-08-19T09:11:31.039964+00:00 [running]> on host 54bf3a3eaeab
[2025-08-19T09:11:35.385+0000] {taskinstance.py:2644} INFO - Exporting env vars: AIRFLOW_CTX_DAG_OWNER='***' AIRFLOW_CTX_DAG_ID='youtube_pipeline_batch_data' AIRFLOW_CTX_TASK_ID='check_raw_files' AIRFLOW_CTX_EXECUTION_DATE='2025-08-19T09:11:31.039964+00:00' AIRFLOW_CTX_TRY_NUMBER='1' AIRFLOW_CTX_DAG_RUN_ID='manual__2025-08-19T09:11:31.039964+00:00'
[2025-08-19T09:11:35.386+0000] {taskinstance.py:430} INFO - ::endgroup::
[2025-08-19T09:11:35.503+0000] {subprocess.py:63} INFO - Tmp dir root location: /tmp
[2025-08-19T09:11:35.504+0000] {subprocess.py:75} INFO - Running command: ['/usr/bin/bash', '-c', '\n        if docker exec namenode hdfs dfs -test -e /storage/hdfs/raw/; then\n            echo "Found raw files"\n        else\n            echo "No raw files found, exiting" && exit 1\n        fi\n        ']
[2025-08-19T09:11:35.582+0000] {subprocess.py:86} INFO - Output:
[2025-08-19T09:11:52.605+0000] {subprocess.py:93} INFO - Found raw files
[2025-08-19T09:11:52.606+0000] {subprocess.py:97} INFO - Command exited with return code 0
[2025-08-19T09:11:52.615+0000] {taskinstance.py:441} INFO - ::group::Post task execution logs
[2025-08-19T09:11:52.826+0000] {taskinstance.py:1205} INFO - Marking task as SUCCESS. dag_id=youtube_pipeline_batch_data, task_id=check_raw_files, execution_date=20250819T091131, start_date=20250819T091133, end_date=20250819T091152
[2025-08-19T09:11:52.931+0000] {local_task_job_runner.py:240} INFO - Task exited with return code 0
[2025-08-19T09:11:53.209+0000] {taskinstance.py:3482} INFO - 1 downstream tasks scheduled from follow-on schedule check
[2025-08-19T09:11:53.216+0000] {local_task_job_runner.py:222} INFO - ::endgroup::
