[2025-08-18T14:06:23.040+0000] {local_task_job_runner.py:120} INFO - ::group::Pre task execution logs
[2025-08-18T14:06:23.352+0000] {taskinstance.py:2073} INFO - Dependencies all met for dep_context=non-requeueable deps ti=<TaskInstance: youtube_pipeline_batch_data.check_raw_files manual__2025-08-18T14:06:20.432640+00:00 [queued]>
[2025-08-18T14:06:23.375+0000] {taskinstance.py:2073} INFO - Dependencies all met for dep_context=requeueable deps ti=<TaskInstance: youtube_pipeline_batch_data.check_raw_files manual__2025-08-18T14:06:20.432640+00:00 [queued]>
[2025-08-18T14:06:23.375+0000] {taskinstance.py:2303} INFO - Starting attempt 1 of 4
[2025-08-18T14:06:23.405+0000] {taskinstance.py:2327} INFO - Executing <Task(BashOperator): check_raw_files> on 2025-08-18 14:06:20.432640+00:00
[2025-08-18T14:06:23.419+0000] {standard_task_runner.py:63} INFO - Started process 5917 to run task
[2025-08-18T14:06:23.449+0000] {standard_task_runner.py:90} INFO - Running: ['***', 'tasks', 'run', 'youtube_pipeline_batch_data', 'check_raw_files', 'manual__2025-08-18T14:06:20.432640+00:00', '--job-id', '374', '--raw', '--subdir', 'DAGS_FOLDER/youtube_pipeline.py', '--cfg-path', '/tmp/tmp7mwpzi_1']
[2025-08-18T14:06:23.477+0000] {standard_task_runner.py:91} INFO - Job 374: Subtask check_raw_files
[2025-08-18T14:06:23.863+0000] {task_command.py:426} INFO - Running <TaskInstance: youtube_pipeline_batch_data.check_raw_files manual__2025-08-18T14:06:20.432640+00:00 [running]> on host 47205959681c
[2025-08-18T14:06:24.511+0000] {taskinstance.py:2644} INFO - Exporting env vars: AIRFLOW_CTX_DAG_OWNER='***' AIRFLOW_CTX_DAG_ID='youtube_pipeline_batch_data' AIRFLOW_CTX_TASK_ID='check_raw_files' AIRFLOW_CTX_EXECUTION_DATE='2025-08-18T14:06:20.432640+00:00' AIRFLOW_CTX_TRY_NUMBER='1' AIRFLOW_CTX_DAG_RUN_ID='manual__2025-08-18T14:06:20.432640+00:00'
[2025-08-18T14:06:24.512+0000] {taskinstance.py:430} INFO - ::endgroup::
[2025-08-18T14:06:24.712+0000] {subprocess.py:63} INFO - Tmp dir root location: /tmp
[2025-08-18T14:06:24.739+0000] {subprocess.py:75} INFO - Running command: ['/usr/bin/bash', '-c', '\n        if docker exec namenode hdfs dfs -test -e /storage/hdfs/raw/; then\n            echo "Found raw files"\n        else\n            echo "No raw files found, exiting" && exit 1\n        fi\n        ']
[2025-08-18T14:06:24.796+0000] {subprocess.py:86} INFO - Output:
[2025-08-18T14:06:41.128+0000] {subprocess.py:93} INFO - Found raw files
[2025-08-18T14:06:41.129+0000] {subprocess.py:97} INFO - Command exited with return code 0
[2025-08-18T14:06:41.131+0000] {taskinstance.py:441} INFO - ::group::Post task execution logs
[2025-08-18T14:06:41.389+0000] {taskinstance.py:1205} INFO - Marking task as SUCCESS. dag_id=youtube_pipeline_batch_data, task_id=check_raw_files, execution_date=20250818T140620, start_date=20250818T140623, end_date=20250818T140641
[2025-08-18T14:06:41.487+0000] {local_task_job_runner.py:240} INFO - Task exited with return code 0
[2025-08-18T14:06:41.743+0000] {taskinstance.py:3482} INFO - 1 downstream tasks scheduled from follow-on schedule check
[2025-08-18T14:06:41.748+0000] {local_task_job_runner.py:222} INFO - ::endgroup::
