[2025-08-19T09:52:32.852+0000] {local_task_job_runner.py:120} INFO - ::group::Pre task execution logs
[2025-08-19T09:52:34.603+0000] {taskinstance.py:2073} INFO - Dependencies all met for dep_context=non-requeueable deps ti=<TaskInstance: youtube_pipeline_batch_data.run_q_04_problem_types manual__2025-08-19T09:11:31.039964+00:00 [queued]>
[2025-08-19T09:52:34.685+0000] {taskinstance.py:2073} INFO - Dependencies all met for dep_context=requeueable deps ti=<TaskInstance: youtube_pipeline_batch_data.run_q_04_problem_types manual__2025-08-19T09:11:31.039964+00:00 [queued]>
[2025-08-19T09:52:34.687+0000] {taskinstance.py:2303} INFO - Starting attempt 1 of 4
[2025-08-19T09:52:35.254+0000] {taskinstance.py:2327} INFO - Executing <Task(BashOperator): run_q_04_problem_types> on 2025-08-19 09:11:31.039964+00:00
[2025-08-19T09:52:35.449+0000] {standard_task_runner.py:90} INFO - Running: ['***', 'tasks', 'run', 'youtube_pipeline_batch_data', 'run_q_04_problem_types', 'manual__2025-08-19T09:11:31.039964+00:00', '--job-id', '631', '--raw', '--subdir', 'DAGS_FOLDER/youtube_pipeline.py', '--cfg-path', '/tmp/tmpo73auuct']
[2025-08-19T09:52:35.424+0000] {standard_task_runner.py:63} INFO - Started process 2896 to run task
[2025-08-19T09:52:35.478+0000] {standard_task_runner.py:91} INFO - Job 631: Subtask run_q_04_problem_types
[2025-08-19T09:52:36.443+0000] {task_command.py:426} INFO - Running <TaskInstance: youtube_pipeline_batch_data.run_q_04_problem_types manual__2025-08-19T09:11:31.039964+00:00 [running]> on host 54bf3a3eaeab
[2025-08-19T09:52:39.251+0000] {taskinstance.py:2644} INFO - Exporting env vars: AIRFLOW_CTX_DAG_OWNER='***' AIRFLOW_CTX_DAG_ID='youtube_pipeline_batch_data' AIRFLOW_CTX_TASK_ID='run_q_04_problem_types' AIRFLOW_CTX_EXECUTION_DATE='2025-08-19T09:11:31.039964+00:00' AIRFLOW_CTX_TRY_NUMBER='1' AIRFLOW_CTX_DAG_RUN_ID='manual__2025-08-19T09:11:31.039964+00:00'
[2025-08-19T09:52:39.259+0000] {taskinstance.py:430} INFO - ::endgroup::
[2025-08-19T09:52:39.330+0000] {subprocess.py:63} INFO - Tmp dir root location: /tmp
[2025-08-19T09:52:39.332+0000] {subprocess.py:75} INFO - Running command: ['/usr/bin/bash', '-c', 'PGPASSWORD=citus psql -h citus_coordinator -U citus -d youtube_dw -f /opt/***/sql/q_04_problem_types.sql']
[2025-08-19T09:52:39.575+0000] {subprocess.py:86} INFO - Output:
[2025-08-19T09:52:41.374+0000] {subprocess.py:93} INFO - CREATE VIEW
[2025-08-19T09:52:41.381+0000] {subprocess.py:97} INFO - Command exited with return code 0
[2025-08-19T09:52:41.397+0000] {taskinstance.py:441} INFO - ::group::Post task execution logs
[2025-08-19T09:52:42.054+0000] {taskinstance.py:1205} INFO - Marking task as SUCCESS. dag_id=youtube_pipeline_batch_data, task_id=run_q_04_problem_types, execution_date=20250819T091131, start_date=20250819T095234, end_date=20250819T095242
[2025-08-19T09:52:42.264+0000] {local_task_job_runner.py:240} INFO - Task exited with return code 0
[2025-08-19T09:52:42.842+0000] {taskinstance.py:3482} INFO - 0 downstream tasks scheduled from follow-on schedule check
[2025-08-19T09:52:42.844+0000] {local_task_job_runner.py:222} INFO - ::endgroup::
