[2025-08-18T18:31:08.551+0000] {local_task_job_runner.py:120} INFO - ::group::Pre task execution logs
[2025-08-18T18:31:08.769+0000] {taskinstance.py:2073} INFO - Dependencies all met for dep_context=non-requeueable deps ti=<TaskInstance: youtube_pipeline_batch_data.run_q_08_desc_thumb_performance manual__2025-08-18T18:24:04.884207+00:00 [queued]>
[2025-08-18T18:31:08.814+0000] {taskinstance.py:2073} INFO - Dependencies all met for dep_context=requeueable deps ti=<TaskInstance: youtube_pipeline_batch_data.run_q_08_desc_thumb_performance manual__2025-08-18T18:24:04.884207+00:00 [queued]>
[2025-08-18T18:31:08.815+0000] {taskinstance.py:2303} INFO - Starting attempt 2 of 4
[2025-08-18T18:31:08.917+0000] {taskinstance.py:2327} INFO - Executing <Task(BashOperator): run_q_08_desc_thumb_performance> on 2025-08-18 18:24:04.884207+00:00
[2025-08-18T18:31:08.933+0000] {standard_task_runner.py:63} INFO - Started process 10772 to run task
[2025-08-18T18:31:08.949+0000] {standard_task_runner.py:90} INFO - Running: ['***', 'tasks', 'run', 'youtube_pipeline_batch_data', 'run_q_08_desc_thumb_performance', 'manual__2025-08-18T18:24:04.884207+00:00', '--job-id', '488', '--raw', '--subdir', 'DAGS_FOLDER/youtube_pipeline.py', '--cfg-path', '/tmp/tmp5n36kmqd']
[2025-08-18T18:31:08.954+0000] {standard_task_runner.py:91} INFO - Job 488: Subtask run_q_08_desc_thumb_performance
[2025-08-18T18:31:09.406+0000] {task_command.py:426} INFO - Running <TaskInstance: youtube_pipeline_batch_data.run_q_08_desc_thumb_performance manual__2025-08-18T18:24:04.884207+00:00 [running]> on host 47205959681c
[2025-08-18T18:31:10.024+0000] {taskinstance.py:2644} INFO - Exporting env vars: AIRFLOW_CTX_DAG_OWNER='***' AIRFLOW_CTX_DAG_ID='youtube_pipeline_batch_data' AIRFLOW_CTX_TASK_ID='run_q_08_desc_thumb_performance' AIRFLOW_CTX_EXECUTION_DATE='2025-08-18T18:24:04.884207+00:00' AIRFLOW_CTX_TRY_NUMBER='2' AIRFLOW_CTX_DAG_RUN_ID='manual__2025-08-18T18:24:04.884207+00:00'
[2025-08-18T18:31:10.025+0000] {taskinstance.py:430} INFO - ::endgroup::
[2025-08-18T18:31:10.072+0000] {subprocess.py:63} INFO - Tmp dir root location: /tmp
[2025-08-18T18:31:10.073+0000] {subprocess.py:75} INFO - Running command: ['/usr/bin/bash', '-c', 'PGPASSWORD=citus psql -h citus_coordinator-U citus -d youtube_dw -f /opt/***/sql/q_08_desc_thumb_performance.sql']
[2025-08-18T18:31:10.108+0000] {subprocess.py:86} INFO - Output:
[2025-08-18T18:31:10.235+0000] {subprocess.py:93} INFO - psql: error: could not translate host name "citus_coordinator-U" to address: Temporary failure in name resolution
[2025-08-18T18:31:10.237+0000] {subprocess.py:97} INFO - Command exited with return code 2
[2025-08-18T18:31:10.241+0000] {taskinstance.py:441} INFO - ::group::Post task execution logs
[2025-08-18T18:31:10.383+0000] {taskinstance.py:2890} ERROR - Task failed with exception
Traceback (most recent call last):
  File "/home/airflow/.local/lib/python3.9/site-packages/airflow/models/taskinstance.py", line 465, in _execute_task
    result = _execute_callable(context=context, **execute_callable_kwargs)
  File "/home/airflow/.local/lib/python3.9/site-packages/airflow/models/taskinstance.py", line 432, in _execute_callable
    return execute_callable(context=context, **execute_callable_kwargs)
  File "/home/airflow/.local/lib/python3.9/site-packages/airflow/models/baseoperator.py", line 400, in wrapper
    return func(self, *args, **kwargs)
  File "/home/airflow/.local/lib/python3.9/site-packages/airflow/operators/bash.py", line 243, in execute
    raise AirflowException(
airflow.exceptions.AirflowException: Bash command failed. The command returned a non-zero exit code 2.
[2025-08-18T18:31:10.415+0000] {taskinstance.py:1205} INFO - Marking task as UP_FOR_RETRY. dag_id=youtube_pipeline_batch_data, task_id=run_q_08_desc_thumb_performance, execution_date=20250818T182404, start_date=20250818T183108, end_date=20250818T183110
[2025-08-18T18:31:10.729+0000] {standard_task_runner.py:110} ERROR - Failed to execute job 488 for task run_q_08_desc_thumb_performance (Bash command failed. The command returned a non-zero exit code 2.; 10772)
[2025-08-18T18:31:10.830+0000] {local_task_job_runner.py:240} INFO - Task exited with return code 1
[2025-08-18T18:31:11.037+0000] {taskinstance.py:3482} INFO - 0 downstream tasks scheduled from follow-on schedule check
[2025-08-18T18:31:11.043+0000] {local_task_job_runner.py:222} INFO - ::endgroup::
