[2025-08-18T14:06:43.785+0000] {local_task_job_runner.py:120} INFO - ::group::Pre task execution logs
[2025-08-18T14:06:44.003+0000] {taskinstance.py:2073} INFO - Dependencies all met for dep_context=non-requeueable deps ti=<TaskInstance: youtube_pipeline_batch_data.golden_to_star manual__2025-08-18T13:51:35.129429+00:00 [queued]>
[2025-08-18T14:06:44.122+0000] {taskinstance.py:2073} INFO - Dependencies all met for dep_context=requeueable deps ti=<TaskInstance: youtube_pipeline_batch_data.golden_to_star manual__2025-08-18T13:51:35.129429+00:00 [queued]>
[2025-08-18T14:06:44.139+0000] {taskinstance.py:2303} INFO - Starting attempt 1 of 4
[2025-08-18T14:06:44.315+0000] {taskinstance.py:2327} INFO - Executing <Task(BashOperator): golden_to_star> on 2025-08-18 13:51:35.129429+00:00
[2025-08-18T14:06:44.326+0000] {standard_task_runner.py:63} INFO - Started process 5959 to run task
[2025-08-18T14:06:44.353+0000] {standard_task_runner.py:90} INFO - Running: ['***', 'tasks', 'run', 'youtube_pipeline_batch_data', 'golden_to_star', 'manual__2025-08-18T13:51:35.129429+00:00', '--job-id', '378', '--raw', '--subdir', 'DAGS_FOLDER/youtube_pipeline.py', '--cfg-path', '/tmp/tmpovc5nd4j']
[2025-08-18T14:06:44.360+0000] {standard_task_runner.py:91} INFO - Job 378: Subtask golden_to_star
[2025-08-18T14:06:44.780+0000] {task_command.py:426} INFO - Running <TaskInstance: youtube_pipeline_batch_data.golden_to_star manual__2025-08-18T13:51:35.129429+00:00 [running]> on host 47205959681c
[2025-08-18T14:06:45.599+0000] {taskinstance.py:2644} INFO - Exporting env vars: AIRFLOW_CTX_DAG_OWNER='***' AIRFLOW_CTX_DAG_ID='youtube_pipeline_batch_data' AIRFLOW_CTX_TASK_ID='golden_to_star' AIRFLOW_CTX_EXECUTION_DATE='2025-08-18T13:51:35.129429+00:00' AIRFLOW_CTX_TRY_NUMBER='1' AIRFLOW_CTX_DAG_RUN_ID='manual__2025-08-18T13:51:35.129429+00:00'
[2025-08-18T14:06:45.605+0000] {taskinstance.py:430} INFO - ::endgroup::
[2025-08-18T14:06:45.823+0000] {subprocess.py:63} INFO - Tmp dir root location: /tmp
[2025-08-18T14:06:45.836+0000] {subprocess.py:75} INFO - Running command: ['/usr/bin/bash', '-c', 'docker exec youtube-pipeline-project_spark-master_1 spark-submit --master spark://spark-master:7077 --deploy-mode client --packages org.postgresql:postgresql:42.6.0 /opt/***/jobs/star_schema/golden_to_star_citus.py']
[2025-08-18T14:06:45.980+0000] {subprocess.py:86} INFO - Output:
[2025-08-18T14:07:02.611+0000] {subprocess.py:93} INFO - :: loading settings :: url = jar:file:/opt/bitnami/spark/jars/ivy-2.5.1.jar!/org/apache/ivy/core/settings/ivysettings.xml
[2025-08-18T14:07:03.037+0000] {subprocess.py:93} INFO - Ivy Default Cache set to: /opt/bitnami/spark/.ivy2/cache
[2025-08-18T14:07:03.038+0000] {subprocess.py:93} INFO - The jars for the packages stored in: /opt/bitnami/spark/.ivy2/jars
[2025-08-18T14:07:03.059+0000] {subprocess.py:93} INFO - org.postgresql#postgresql added as a dependency
[2025-08-18T14:07:03.065+0000] {subprocess.py:93} INFO - :: resolving dependencies :: org.apache.spark#spark-submit-parent-eeabc627-b100-4c08-a459-6dc2f2a9170f;1.0
[2025-08-18T14:07:03.068+0000] {subprocess.py:93} INFO - 	confs: [default]
[2025-08-18T14:07:03.708+0000] {subprocess.py:93} INFO - 	found org.postgresql#postgresql;42.6.0 in central
[2025-08-18T14:07:03.896+0000] {subprocess.py:93} INFO - 	found org.checkerframework#checker-qual;3.31.0 in central
[2025-08-18T14:07:03.997+0000] {subprocess.py:93} INFO - :: resolution report :: resolve 889ms :: artifacts dl 44ms
[2025-08-18T14:07:04.003+0000] {subprocess.py:93} INFO - 	:: modules in use:
[2025-08-18T14:07:04.004+0000] {subprocess.py:93} INFO - 	org.checkerframework#checker-qual;3.31.0 from central in [default]
[2025-08-18T14:07:04.005+0000] {subprocess.py:93} INFO - 	org.postgresql#postgresql;42.6.0 from central in [default]
[2025-08-18T14:07:04.008+0000] {subprocess.py:93} INFO - 	---------------------------------------------------------------------
[2025-08-18T14:07:04.009+0000] {subprocess.py:93} INFO - 	|                  |            modules            ||   artifacts   |
[2025-08-18T14:07:04.010+0000] {subprocess.py:93} INFO - 	|       conf       | number| search|dwnlded|evicted|| number|dwnlded|
[2025-08-18T14:07:04.011+0000] {subprocess.py:93} INFO - 	---------------------------------------------------------------------
[2025-08-18T14:07:04.012+0000] {subprocess.py:93} INFO - 	|      default     |   2   |   0   |   0   |   0   ||   2   |   0   |
[2025-08-18T14:07:04.013+0000] {subprocess.py:93} INFO - 	---------------------------------------------------------------------
[2025-08-18T14:07:04.020+0000] {subprocess.py:93} INFO - :: retrieving :: org.apache.spark#spark-submit-parent-eeabc627-b100-4c08-a459-6dc2f2a9170f
[2025-08-18T14:07:04.028+0000] {subprocess.py:93} INFO - 	confs: [default]
[2025-08-18T14:07:04.049+0000] {subprocess.py:93} INFO - 	0 artifacts copied, 2 already retrieved (0kB/26ms)
[2025-08-18T14:07:05.535+0000] {subprocess.py:93} INFO - 25/08/18 14:07:05 WARN NativeCodeLoader: Unable to load native-hadoop library for your platform... using builtin-java classes where applicable
[2025-08-18T14:07:13.161+0000] {subprocess.py:93} INFO - 25/08/18 14:07:13 INFO SparkContext: Running Spark version 3.5.1
[2025-08-18T14:07:13.182+0000] {subprocess.py:93} INFO - 25/08/18 14:07:13 INFO SparkContext: OS info Linux, 6.11.0-29-generic, amd64
[2025-08-18T14:07:13.183+0000] {subprocess.py:93} INFO - 25/08/18 14:07:13 INFO SparkContext: Java version 17.0.12
[2025-08-18T14:07:13.514+0000] {subprocess.py:93} INFO - 25/08/18 14:07:13 INFO ResourceUtils: ==============================================================
[2025-08-18T14:07:13.528+0000] {subprocess.py:93} INFO - 25/08/18 14:07:13 INFO ResourceUtils: No custom resources configured for spark.driver.
[2025-08-18T14:07:13.531+0000] {subprocess.py:93} INFO - 25/08/18 14:07:13 INFO ResourceUtils: ==============================================================
[2025-08-18T14:07:13.538+0000] {subprocess.py:93} INFO - 25/08/18 14:07:13 INFO SparkContext: Submitted application: Golden to Star Schema in Citus
[2025-08-18T14:07:14.180+0000] {subprocess.py:93} INFO - 25/08/18 14:07:14 INFO ResourceProfile: Default ResourceProfile created, executor resources: Map(memory -> name: memory, amount: 1024, script: , vendor: , offHeap -> name: offHeap, amount: 0, script: , vendor: ), task resources: Map(cpus -> name: cpus, amount: 1.0)
[2025-08-18T14:07:14.466+0000] {subprocess.py:93} INFO - 25/08/18 14:07:14 INFO ResourceProfile: Limiting resource is cpu
[2025-08-18T14:07:14.468+0000] {subprocess.py:93} INFO - 25/08/18 14:07:14 INFO ResourceProfileManager: Added ResourceProfile id: 0
[2025-08-18T14:07:15.931+0000] {subprocess.py:93} INFO - 25/08/18 14:07:15 INFO SecurityManager: Changing view acls to: spark
[2025-08-18T14:07:15.951+0000] {subprocess.py:93} INFO - 25/08/18 14:07:15 INFO SecurityManager: Changing modify acls to: spark
[2025-08-18T14:07:15.997+0000] {subprocess.py:93} INFO - 25/08/18 14:07:15 INFO SecurityManager: Changing view acls groups to:
[2025-08-18T14:07:15.999+0000] {subprocess.py:93} INFO - 25/08/18 14:07:15 INFO SecurityManager: Changing modify acls groups to:
[2025-08-18T14:07:16.020+0000] {subprocess.py:93} INFO - 25/08/18 14:07:16 INFO SecurityManager: SecurityManager: authentication disabled; ui acls disabled; users with view permissions: spark; groups with view permissions: EMPTY; users with modify permissions: spark; groups with modify permissions: EMPTY
[2025-08-18T14:07:17.035+0000] {subprocess.py:93} INFO - 25/08/18 14:07:17 INFO Utils: Successfully started service 'sparkDriver' on port 40593.
[2025-08-18T14:07:17.227+0000] {subprocess.py:93} INFO - 25/08/18 14:07:17 INFO SparkEnv: Registering MapOutputTracker
[2025-08-18T14:07:17.431+0000] {subprocess.py:93} INFO - 25/08/18 14:07:17 INFO SparkEnv: Registering BlockManagerMaster
[2025-08-18T14:07:17.487+0000] {subprocess.py:93} INFO - 25/08/18 14:07:17 INFO BlockManagerMasterEndpoint: Using org.apache.spark.storage.DefaultTopologyMapper for getting topology information
[2025-08-18T14:07:17.490+0000] {subprocess.py:93} INFO - 25/08/18 14:07:17 INFO BlockManagerMasterEndpoint: BlockManagerMasterEndpoint up
[2025-08-18T14:07:17.516+0000] {subprocess.py:93} INFO - 25/08/18 14:07:17 INFO SparkEnv: Registering BlockManagerMasterHeartbeat
[2025-08-18T14:07:17.871+0000] {subprocess.py:93} INFO - 25/08/18 14:07:17 INFO DiskBlockManager: Created local directory at /tmp/blockmgr-7667491b-dda9-4b22-a888-e9bee530e5c9
[2025-08-18T14:07:18.315+0000] {subprocess.py:93} INFO - 25/08/18 14:07:18 INFO MemoryStore: MemoryStore started with capacity 434.4 MiB
[2025-08-18T14:07:18.573+0000] {subprocess.py:93} INFO - 25/08/18 14:07:18 INFO SparkEnv: Registering OutputCommitCoordinator
[2025-08-18T14:07:19.987+0000] {subprocess.py:93} INFO - 25/08/18 14:07:19 INFO JettyUtils: Start Jetty 0.0.0.0:4040 for SparkUI
[2025-08-18T14:07:21.242+0000] {subprocess.py:93} INFO - 25/08/18 14:07:21 WARN Utils: Service 'SparkUI' could not bind on port 4040. Attempting port 4041.
[2025-08-18T14:07:21.320+0000] {subprocess.py:93} INFO - 25/08/18 14:07:21 INFO Utils: Successfully started service 'SparkUI' on port 4041.
[2025-08-18T14:07:21.664+0000] {subprocess.py:93} INFO - 25/08/18 14:07:21 INFO SparkContext: Added JAR file:///opt/bitnami/spark/.ivy2/jars/org.postgresql_postgresql-42.6.0.jar at spark://4bf6b336ccb3:40593/jars/org.postgresql_postgresql-42.6.0.jar with timestamp 1755526033090
[2025-08-18T14:07:21.665+0000] {subprocess.py:93} INFO - 25/08/18 14:07:21 INFO SparkContext: Added JAR file:///opt/bitnami/spark/.ivy2/jars/org.checkerframework_checker-qual-3.31.0.jar at spark://4bf6b336ccb3:40593/jars/org.checkerframework_checker-qual-3.31.0.jar with timestamp 1755526033090
[2025-08-18T14:07:21.670+0000] {subprocess.py:93} INFO - 25/08/18 14:07:21 INFO SparkContext: Added file file:///opt/bitnami/spark/.ivy2/jars/org.postgresql_postgresql-42.6.0.jar at spark://4bf6b336ccb3:40593/files/org.postgresql_postgresql-42.6.0.jar with timestamp 1755526033090
[2025-08-18T14:07:21.673+0000] {subprocess.py:93} INFO - 25/08/18 14:07:21 INFO Utils: Copying /opt/bitnami/spark/.ivy2/jars/org.postgresql_postgresql-42.6.0.jar to /tmp/spark-d0f80463-4b10-4825-8e92-5fa59367a500/userFiles-33af8fd9-0342-41bf-947c-34be1f15a083/org.postgresql_postgresql-42.6.0.jar
[2025-08-18T14:07:21.689+0000] {subprocess.py:93} INFO - 25/08/18 14:07:21 INFO SparkContext: Added file file:///opt/bitnami/spark/.ivy2/jars/org.checkerframework_checker-qual-3.31.0.jar at spark://4bf6b336ccb3:40593/files/org.checkerframework_checker-qual-3.31.0.jar with timestamp 1755526033090
[2025-08-18T14:07:21.693+0000] {subprocess.py:93} INFO - 25/08/18 14:07:21 INFO Utils: Copying /opt/bitnami/spark/.ivy2/jars/org.checkerframework_checker-qual-3.31.0.jar to /tmp/spark-d0f80463-4b10-4825-8e92-5fa59367a500/userFiles-33af8fd9-0342-41bf-947c-34be1f15a083/org.checkerframework_checker-qual-3.31.0.jar
[2025-08-18T14:07:23.183+0000] {subprocess.py:93} INFO - 25/08/18 14:07:23 INFO StandaloneAppClient$ClientEndpoint: Connecting to master spark://spark-master:7077...
[2025-08-18T14:07:24.024+0000] {subprocess.py:93} INFO - 25/08/18 14:07:24 INFO TransportClientFactory: Successfully created connection to spark-master/172.18.0.7:7077 after 527 ms (0 ms spent in bootstraps)
[2025-08-18T14:07:25.686+0000] {subprocess.py:93} INFO - 25/08/18 14:07:25 INFO StandaloneSchedulerBackend: Connected to Spark cluster with app ID app-20250818140725-0056
[2025-08-18T14:07:25.958+0000] {subprocess.py:93} INFO - 25/08/18 14:07:25 INFO Utils: Successfully started service 'org.apache.spark.network.netty.NettyBlockTransferService' on port 46459.
[2025-08-18T14:07:25.959+0000] {subprocess.py:93} INFO - 25/08/18 14:07:25 INFO NettyBlockTransferService: Server created on 4bf6b336ccb3:46459
[2025-08-18T14:07:25.992+0000] {subprocess.py:93} INFO - 25/08/18 14:07:25 INFO BlockManager: Using org.apache.spark.storage.RandomBlockReplicationPolicy for block replication policy
[2025-08-18T14:07:26.084+0000] {subprocess.py:93} INFO - 25/08/18 14:07:26 INFO BlockManagerMaster: Registering BlockManager BlockManagerId(driver, 4bf6b336ccb3, 46459, None)
[2025-08-18T14:07:26.128+0000] {subprocess.py:93} INFO - 25/08/18 14:07:26 INFO BlockManagerMasterEndpoint: Registering block manager 4bf6b336ccb3:46459 with 434.4 MiB RAM, BlockManagerId(driver, 4bf6b336ccb3, 46459, None)
[2025-08-18T14:07:26.145+0000] {subprocess.py:93} INFO - 25/08/18 14:07:26 INFO BlockManagerMaster: Registered BlockManager BlockManagerId(driver, 4bf6b336ccb3, 46459, None)
[2025-08-18T14:07:26.179+0000] {subprocess.py:93} INFO - 25/08/18 14:07:26 INFO BlockManager: Initialized BlockManager: BlockManagerId(driver, 4bf6b336ccb3, 46459, None)
[2025-08-18T14:07:30.603+0000] {subprocess.py:93} INFO - 25/08/18 14:07:30 INFO StandaloneSchedulerBackend: SchedulerBackend is ready for scheduling beginning after reached minRegisteredResourcesRatio: 0.0
[2025-08-18T14:07:32.205+0000] {subprocess.py:93} INFO - 25/08/18 14:07:32 INFO SharedState: Setting hive.metastore.warehouse.dir ('null') to the value of spark.sql.warehouse.dir.
[2025-08-18T14:07:32.205+0000] {subprocess.py:93} INFO - 25/08/18 14:07:32 INFO SharedState: Warehouse path is 'file:/opt/bitnami/spark/spark-warehouse'.
[2025-08-18T14:07:47.816+0000] {subprocess.py:93} INFO - 25/08/18 14:07:47 INFO InMemoryFileIndex: It took 448 ms to list leaf files for 1 paths.
[2025-08-18T14:07:54.418+0000] {subprocess.py:93} INFO - 25/08/18 14:07:54 INFO SparkContext: Starting job: parquet at NativeMethodAccessorImpl.java:0
[2025-08-18T14:07:54.606+0000] {subprocess.py:93} INFO - 25/08/18 14:07:54 INFO DAGScheduler: Got job 0 (parquet at NativeMethodAccessorImpl.java:0) with 1 output partitions
[2025-08-18T14:07:54.632+0000] {subprocess.py:93} INFO - 25/08/18 14:07:54 INFO DAGScheduler: Final stage: ResultStage 0 (parquet at NativeMethodAccessorImpl.java:0)
[2025-08-18T14:07:54.654+0000] {subprocess.py:93} INFO - 25/08/18 14:07:54 INFO DAGScheduler: Parents of final stage: List()
[2025-08-18T14:07:54.704+0000] {subprocess.py:93} INFO - 25/08/18 14:07:54 INFO DAGScheduler: Missing parents: List()
[2025-08-18T14:07:54.837+0000] {subprocess.py:93} INFO - 25/08/18 14:07:54 INFO DAGScheduler: Submitting ResultStage 0 (MapPartitionsRDD[1] at parquet at NativeMethodAccessorImpl.java:0), which has no missing parents
[2025-08-18T14:07:55.834+0000] {subprocess.py:93} INFO - 25/08/18 14:07:55 INFO MemoryStore: Block broadcast_0 stored as values in memory (estimated size 104.5 KiB, free 434.3 MiB)
[2025-08-18T14:07:56.574+0000] {subprocess.py:93} INFO - 25/08/18 14:07:56 INFO MemoryStore: Block broadcast_0_piece0 stored as bytes in memory (estimated size 37.8 KiB, free 434.3 MiB)
[2025-08-18T14:07:56.629+0000] {subprocess.py:93} INFO - 25/08/18 14:07:56 INFO BlockManagerInfo: Added broadcast_0_piece0 in memory on 4bf6b336ccb3:46459 (size: 37.8 KiB, free: 434.4 MiB)
[2025-08-18T14:07:56.730+0000] {subprocess.py:93} INFO - 25/08/18 14:07:56 INFO SparkContext: Created broadcast 0 from broadcast at DAGScheduler.scala:1585
[2025-08-18T14:07:57.413+0000] {subprocess.py:93} INFO - 25/08/18 14:07:57 INFO DAGScheduler: Submitting 1 missing tasks from ResultStage 0 (MapPartitionsRDD[1] at parquet at NativeMethodAccessorImpl.java:0) (first 15 tasks are for partitions Vector(0))
[2025-08-18T14:07:57.458+0000] {subprocess.py:93} INFO - 25/08/18 14:07:57 INFO TaskSchedulerImpl: Adding task set 0.0 with 1 tasks resource profile 0
[2025-08-18T14:08:12.703+0000] {subprocess.py:93} INFO - 25/08/18 14:08:12 WARN TaskSchedulerImpl: Initial job has not accepted any resources; check your cluster UI to ensure that workers are registered and have sufficient resources
[2025-08-18T14:08:27.699+0000] {subprocess.py:93} INFO - 25/08/18 14:08:27 WARN TaskSchedulerImpl: Initial job has not accepted any resources; check your cluster UI to ensure that workers are registered and have sufficient resources
[2025-08-18T14:08:42.694+0000] {subprocess.py:93} INFO - 25/08/18 14:08:42 WARN TaskSchedulerImpl: Initial job has not accepted any resources; check your cluster UI to ensure that workers are registered and have sufficient resources
[2025-08-18T14:08:57.694+0000] {subprocess.py:93} INFO - 25/08/18 14:08:57 WARN TaskSchedulerImpl: Initial job has not accepted any resources; check your cluster UI to ensure that workers are registered and have sufficient resources
[2025-08-18T14:09:12.696+0000] {subprocess.py:93} INFO - 25/08/18 14:09:12 WARN TaskSchedulerImpl: Initial job has not accepted any resources; check your cluster UI to ensure that workers are registered and have sufficient resources
[2025-08-18T14:09:27.700+0000] {subprocess.py:93} INFO - 25/08/18 14:09:27 WARN TaskSchedulerImpl: Initial job has not accepted any resources; check your cluster UI to ensure that workers are registered and have sufficient resources
[2025-08-18T14:09:42.693+0000] {subprocess.py:93} INFO - 25/08/18 14:09:42 WARN TaskSchedulerImpl: Initial job has not accepted any resources; check your cluster UI to ensure that workers are registered and have sufficient resources
[2025-08-18T14:09:57.702+0000] {subprocess.py:93} INFO - 25/08/18 14:09:57 WARN TaskSchedulerImpl: Initial job has not accepted any resources; check your cluster UI to ensure that workers are registered and have sufficient resources
[2025-08-18T14:10:12.695+0000] {subprocess.py:93} INFO - 25/08/18 14:10:12 WARN TaskSchedulerImpl: Initial job has not accepted any resources; check your cluster UI to ensure that workers are registered and have sufficient resources
[2025-08-18T14:10:27.700+0000] {subprocess.py:93} INFO - 25/08/18 14:10:27 WARN TaskSchedulerImpl: Initial job has not accepted any resources; check your cluster UI to ensure that workers are registered and have sufficient resources
[2025-08-18T14:10:42.706+0000] {subprocess.py:93} INFO - 25/08/18 14:10:42 WARN TaskSchedulerImpl: Initial job has not accepted any resources; check your cluster UI to ensure that workers are registered and have sufficient resources
[2025-08-18T14:10:57.706+0000] {subprocess.py:93} INFO - 25/08/18 14:10:57 WARN TaskSchedulerImpl: Initial job has not accepted any resources; check your cluster UI to ensure that workers are registered and have sufficient resources
[2025-08-18T14:11:12.695+0000] {subprocess.py:93} INFO - 25/08/18 14:11:12 WARN TaskSchedulerImpl: Initial job has not accepted any resources; check your cluster UI to ensure that workers are registered and have sufficient resources
[2025-08-18T14:11:27.694+0000] {subprocess.py:93} INFO - 25/08/18 14:11:27 WARN TaskSchedulerImpl: Initial job has not accepted any resources; check your cluster UI to ensure that workers are registered and have sufficient resources
[2025-08-18T14:11:42.697+0000] {subprocess.py:93} INFO - 25/08/18 14:11:42 WARN TaskSchedulerImpl: Initial job has not accepted any resources; check your cluster UI to ensure that workers are registered and have sufficient resources
[2025-08-18T14:11:57.694+0000] {subprocess.py:93} INFO - 25/08/18 14:11:57 WARN TaskSchedulerImpl: Initial job has not accepted any resources; check your cluster UI to ensure that workers are registered and have sufficient resources
[2025-08-18T14:12:12.696+0000] {subprocess.py:93} INFO - 25/08/18 14:12:12 WARN TaskSchedulerImpl: Initial job has not accepted any resources; check your cluster UI to ensure that workers are registered and have sufficient resources
[2025-08-18T14:12:27.696+0000] {subprocess.py:93} INFO - 25/08/18 14:12:27 WARN TaskSchedulerImpl: Initial job has not accepted any resources; check your cluster UI to ensure that workers are registered and have sufficient resources
[2025-08-18T14:12:42.693+0000] {subprocess.py:93} INFO - 25/08/18 14:12:42 WARN TaskSchedulerImpl: Initial job has not accepted any resources; check your cluster UI to ensure that workers are registered and have sufficient resources
[2025-08-18T14:12:48.869+0000] {subprocess.py:93} INFO - 25/08/18 14:12:48 INFO StandaloneAppClient$ClientEndpoint: Executor added: app-20250818140725-0056/0 on worker-20250818100309-172.18.0.14-34047 (172.18.0.14:34047) with 4 core(s)
[2025-08-18T14:12:48.892+0000] {subprocess.py:93} INFO - 25/08/18 14:12:48 INFO StandaloneSchedulerBackend: Granted executor ID app-20250818140725-0056/0 on hostPort 172.18.0.14:34047 with 4 core(s), 1024.0 MiB RAM
[2025-08-18T14:12:48.894+0000] {subprocess.py:93} INFO - 25/08/18 14:12:48 INFO StandaloneAppClient$ClientEndpoint: Executor added: app-20250818140725-0056/1 on worker-20250818100311-172.18.0.13-33759 (172.18.0.13:33759) with 4 core(s)
[2025-08-18T14:12:48.902+0000] {subprocess.py:93} INFO - 25/08/18 14:12:48 INFO StandaloneSchedulerBackend: Granted executor ID app-20250818140725-0056/1 on hostPort 172.18.0.13:33759 with 4 core(s), 1024.0 MiB RAM
[2025-08-18T14:12:48.914+0000] {subprocess.py:93} INFO - 25/08/18 14:12:48 INFO StandaloneAppClient$ClientEndpoint: Executor added: app-20250818140725-0056/2 on worker-20250818100314-172.18.0.12-34745 (172.18.0.12:34745) with 4 core(s)
[2025-08-18T14:12:48.924+0000] {subprocess.py:93} INFO - 25/08/18 14:12:48 INFO StandaloneSchedulerBackend: Granted executor ID app-20250818140725-0056/2 on hostPort 172.18.0.12:34745 with 4 core(s), 1024.0 MiB RAM
[2025-08-18T14:12:49.194+0000] {subprocess.py:93} INFO - 25/08/18 14:12:49 INFO StandaloneAppClient$ClientEndpoint: Executor updated: app-20250818140725-0056/0 is now RUNNING
[2025-08-18T14:12:49.200+0000] {subprocess.py:93} INFO - 25/08/18 14:12:49 INFO StandaloneAppClient$ClientEndpoint: Executor updated: app-20250818140725-0056/1 is now RUNNING
[2025-08-18T14:12:49.250+0000] {subprocess.py:93} INFO - 25/08/18 14:12:49 INFO StandaloneAppClient$ClientEndpoint: Executor updated: app-20250818140725-0056/2 is now RUNNING
[2025-08-18T14:12:57.703+0000] {subprocess.py:93} INFO - 25/08/18 14:12:57 WARN TaskSchedulerImpl: Initial job has not accepted any resources; check your cluster UI to ensure that workers are registered and have sufficient resources
[2025-08-18T14:13:03.992+0000] {subprocess.py:93} INFO - 25/08/18 14:13:03 INFO StandaloneSchedulerBackend$StandaloneDriverEndpoint: Registered executor NettyRpcEndpointRef(spark-client://Executor) (172.18.0.12:36080) with ID 2,  ResourceProfileId 0
[2025-08-18T14:13:04.192+0000] {subprocess.py:93} INFO - 25/08/18 14:13:04 INFO StandaloneSchedulerBackend$StandaloneDriverEndpoint: Registered executor NettyRpcEndpointRef(spark-client://Executor) (172.18.0.14:60894) with ID 0,  ResourceProfileId 0
[2025-08-18T14:13:04.377+0000] {subprocess.py:93} INFO - 25/08/18 14:13:04 INFO BlockManagerMasterEndpoint: Registering block manager 172.18.0.12:44077 with 434.4 MiB RAM, BlockManagerId(2, 172.18.0.12, 44077, None)
[2025-08-18T14:13:04.569+0000] {subprocess.py:93} INFO - 25/08/18 14:13:04 INFO BlockManagerMasterEndpoint: Registering block manager 172.18.0.14:40721 with 434.4 MiB RAM, BlockManagerId(0, 172.18.0.14, 40721, None)
[2025-08-18T14:13:05.084+0000] {subprocess.py:93} INFO - 25/08/18 14:13:05 INFO TaskSetManager: Starting task 0.0 in stage 0.0 (TID 0) (172.18.0.12, executor 2, partition 0, PROCESS_LOCAL, 8106 bytes)
[2025-08-18T14:13:05.867+0000] {subprocess.py:93} INFO - 25/08/18 14:13:05 INFO BlockManagerInfo: Added broadcast_0_piece0 in memory on 172.18.0.12:44077 (size: 37.8 KiB, free: 434.4 MiB)
[2025-08-18T14:13:05.873+0000] {subprocess.py:93} INFO - 25/08/18 14:13:05 INFO StandaloneSchedulerBackend$StandaloneDriverEndpoint: Registered executor NettyRpcEndpointRef(spark-client://Executor) (172.18.0.13:57366) with ID 1,  ResourceProfileId 0
[2025-08-18T14:13:06.060+0000] {subprocess.py:93} INFO - 25/08/18 14:13:06 INFO BlockManagerMasterEndpoint: Registering block manager 172.18.0.13:34177 with 434.4 MiB RAM, BlockManagerId(1, 172.18.0.13, 34177, None)
[2025-08-18T14:13:06.967+0000] {subprocess.py:93} INFO - 25/08/18 14:13:06 INFO TaskSetManager: Finished task 0.0 in stage 0.0 (TID 0) in 1998 ms on 172.18.0.12 (executor 2) (1/1)
[2025-08-18T14:13:06.971+0000] {subprocess.py:93} INFO - 25/08/18 14:13:06 INFO TaskSchedulerImpl: Removed TaskSet 0.0, whose tasks have all completed, from pool
[2025-08-18T14:13:06.977+0000] {subprocess.py:93} INFO - 25/08/18 14:13:06 INFO DAGScheduler: ResultStage 0 (parquet at NativeMethodAccessorImpl.java:0) finished in 311.829 s
[2025-08-18T14:13:06.981+0000] {subprocess.py:93} INFO - 25/08/18 14:13:06 INFO DAGScheduler: Job 0 is finished. Cancelling potential speculative or zombie tasks for this job
[2025-08-18T14:13:06.983+0000] {subprocess.py:93} INFO - 25/08/18 14:13:06 INFO TaskSchedulerImpl: Killing all running tasks in stage 0: Stage finished
[2025-08-18T14:13:06.985+0000] {subprocess.py:93} INFO - 25/08/18 14:13:06 INFO DAGScheduler: Job 0 finished: parquet at NativeMethodAccessorImpl.java:0, took 312.565615 s
[2025-08-18T14:13:07.541+0000] {subprocess.py:93} INFO - Traceback (most recent call last):
[2025-08-18T14:13:07.542+0000] {subprocess.py:93} INFO -   File "/opt/***/jobs/star_schema/golden_to_star_citus.py", line 33, in <module>
[2025-08-18T14:13:07.545+0000] {subprocess.py:93} INFO -     df = spark.read.parquet(golden_path)
[2025-08-18T14:13:07.546+0000] {subprocess.py:93} INFO -          ^^^^^^^^^^^^^^^^^^^^^^^^^^^^^^^
[2025-08-18T14:13:07.547+0000] {subprocess.py:93} INFO -   File "/opt/bitnami/spark/python/lib/pyspark.zip/pyspark/sql/readwriter.py", line 544, in parquet
[2025-08-18T14:13:07.548+0000] {subprocess.py:93} INFO -   File "/opt/bitnami/spark/python/lib/py4j-0.10.9.7-src.zip/py4j/java_gateway.py", line 1322, in __call__
[2025-08-18T14:13:07.550+0000] {subprocess.py:93} INFO -   File "/opt/bitnami/spark/python/lib/pyspark.zip/pyspark/errors/exceptions/captured.py", line 185, in deco
[2025-08-18T14:13:07.589+0000] {subprocess.py:93} INFO - pyspark.errors.exceptions.captured.AnalysisException: [UNABLE_TO_INFER_SCHEMA] Unable to infer schema for Parquet. It must be specified manually.
[2025-08-18T14:13:07.692+0000] {subprocess.py:93} INFO - 25/08/18 14:13:07 INFO SparkContext: Invoking stop() from shutdown hook
[2025-08-18T14:13:07.694+0000] {subprocess.py:93} INFO - 25/08/18 14:13:07 INFO SparkContext: SparkContext is stopping with exitCode 0.
[2025-08-18T14:13:07.728+0000] {subprocess.py:93} INFO - 25/08/18 14:13:07 INFO SparkUI: Stopped Spark web UI at http://4bf6b336ccb3:4041
[2025-08-18T14:13:07.747+0000] {subprocess.py:93} INFO - 25/08/18 14:13:07 INFO StandaloneSchedulerBackend: Shutting down all executors
[2025-08-18T14:13:07.753+0000] {subprocess.py:93} INFO - 25/08/18 14:13:07 INFO StandaloneSchedulerBackend$StandaloneDriverEndpoint: Asking each executor to shut down
[2025-08-18T14:13:08.024+0000] {subprocess.py:93} INFO - 25/08/18 14:13:08 INFO MapOutputTrackerMasterEndpoint: MapOutputTrackerMasterEndpoint stopped!
[2025-08-18T14:13:08.155+0000] {subprocess.py:93} INFO - 25/08/18 14:13:08 INFO MemoryStore: MemoryStore cleared
[2025-08-18T14:13:08.155+0000] {subprocess.py:93} INFO - 25/08/18 14:13:08 INFO BlockManager: BlockManager stopped
[2025-08-18T14:13:08.256+0000] {subprocess.py:93} INFO - 25/08/18 14:13:08 INFO BlockManagerMaster: BlockManagerMaster stopped
[2025-08-18T14:13:08.274+0000] {subprocess.py:93} INFO - 25/08/18 14:13:08 INFO OutputCommitCoordinator$OutputCommitCoordinatorEndpoint: OutputCommitCoordinator stopped!
[2025-08-18T14:13:08.410+0000] {subprocess.py:93} INFO - 25/08/18 14:13:08 INFO SparkContext: Successfully stopped SparkContext
[2025-08-18T14:13:08.410+0000] {subprocess.py:93} INFO - 25/08/18 14:13:08 INFO ShutdownHookManager: Shutdown hook called
[2025-08-18T14:13:08.416+0000] {subprocess.py:93} INFO - 25/08/18 14:13:08 INFO ShutdownHookManager: Deleting directory /tmp/spark-d0f80463-4b10-4825-8e92-5fa59367a500/pyspark-3679052e-a8d5-4275-b781-c47592566406
[2025-08-18T14:13:08.446+0000] {subprocess.py:93} INFO - 25/08/18 14:13:08 INFO ShutdownHookManager: Deleting directory /tmp/spark-d0f80463-4b10-4825-8e92-5fa59367a500
[2025-08-18T14:13:08.465+0000] {subprocess.py:93} INFO - 25/08/18 14:13:08 INFO ShutdownHookManager: Deleting directory /tmp/spark-5691bc0a-7fad-4d2d-ad12-1458946a3d89
[2025-08-18T14:13:08.948+0000] {subprocess.py:97} INFO - Command exited with return code 1
[2025-08-18T14:13:08.959+0000] {taskinstance.py:441} INFO - ::group::Post task execution logs
[2025-08-18T14:13:09.006+0000] {taskinstance.py:2890} ERROR - Task failed with exception
Traceback (most recent call last):
  File "/home/airflow/.local/lib/python3.9/site-packages/airflow/models/taskinstance.py", line 465, in _execute_task
    result = _execute_callable(context=context, **execute_callable_kwargs)
  File "/home/airflow/.local/lib/python3.9/site-packages/airflow/models/taskinstance.py", line 432, in _execute_callable
    return execute_callable(context=context, **execute_callable_kwargs)
  File "/home/airflow/.local/lib/python3.9/site-packages/airflow/models/baseoperator.py", line 400, in wrapper
    return func(self, *args, **kwargs)
  File "/home/airflow/.local/lib/python3.9/site-packages/airflow/operators/bash.py", line 243, in execute
    raise AirflowException(
airflow.exceptions.AirflowException: Bash command failed. The command returned a non-zero exit code 1.
[2025-08-18T14:13:09.024+0000] {taskinstance.py:1205} INFO - Marking task as UP_FOR_RETRY. dag_id=youtube_pipeline_batch_data, task_id=golden_to_star, execution_date=20250818T135135, start_date=20250818T140644, end_date=20250818T141309
[2025-08-18T14:13:09.080+0000] {standard_task_runner.py:110} ERROR - Failed to execute job 378 for task golden_to_star (Bash command failed. The command returned a non-zero exit code 1.; 5959)
[2025-08-18T14:13:09.122+0000] {local_task_job_runner.py:240} INFO - Task exited with return code 1
[2025-08-18T14:13:09.224+0000] {taskinstance.py:3482} INFO - 0 downstream tasks scheduled from follow-on schedule check
[2025-08-18T14:13:09.233+0000] {local_task_job_runner.py:222} INFO - ::endgroup::
