[2025-08-19T09:23:50.918+0000] {local_task_job_runner.py:120} INFO - ::group::Pre task execution logs
[2025-08-19T09:23:50.972+0000] {taskinstance.py:2073} INFO - Dependencies all met for dep_context=non-requeueable deps ti=<TaskInstance: youtube_pipeline_batch_data.transform_golden manual__2025-08-19T09:11:31.039964+00:00 [queued]>
[2025-08-19T09:23:50.990+0000] {taskinstance.py:2073} INFO - Dependencies all met for dep_context=requeueable deps ti=<TaskInstance: youtube_pipeline_batch_data.transform_golden manual__2025-08-19T09:11:31.039964+00:00 [queued]>
[2025-08-19T09:23:50.990+0000] {taskinstance.py:2303} INFO - Starting attempt 2 of 4
[2025-08-19T09:23:51.016+0000] {taskinstance.py:2327} INFO - Executing <Task(BashOperator): transform_golden> on 2025-08-19 09:11:31.039964+00:00
[2025-08-19T09:23:51.025+0000] {standard_task_runner.py:63} INFO - Started process 2349 to run task
[2025-08-19T09:23:51.030+0000] {standard_task_runner.py:90} INFO - Running: ['***', 'tasks', 'run', 'youtube_pipeline_batch_data', 'transform_golden', 'manual__2025-08-19T09:11:31.039964+00:00', '--job-id', '603', '--raw', '--subdir', 'DAGS_FOLDER/youtube_pipeline.py', '--cfg-path', '/tmp/tmpxj0yc88m']
[2025-08-19T09:23:51.036+0000] {standard_task_runner.py:91} INFO - Job 603: Subtask transform_golden
[2025-08-19T09:23:51.150+0000] {task_command.py:426} INFO - Running <TaskInstance: youtube_pipeline_batch_data.transform_golden manual__2025-08-19T09:11:31.039964+00:00 [running]> on host 54bf3a3eaeab
[2025-08-19T09:23:51.553+0000] {taskinstance.py:2644} INFO - Exporting env vars: AIRFLOW_CTX_DAG_OWNER='***' AIRFLOW_CTX_DAG_ID='youtube_pipeline_batch_data' AIRFLOW_CTX_TASK_ID='transform_golden' AIRFLOW_CTX_EXECUTION_DATE='2025-08-19T09:11:31.039964+00:00' AIRFLOW_CTX_TRY_NUMBER='2' AIRFLOW_CTX_DAG_RUN_ID='manual__2025-08-19T09:11:31.039964+00:00'
[2025-08-19T09:23:51.554+0000] {taskinstance.py:430} INFO - ::endgroup::
[2025-08-19T09:23:51.624+0000] {subprocess.py:63} INFO - Tmp dir root location: /tmp
[2025-08-19T09:23:51.626+0000] {subprocess.py:75} INFO - Running command: ['/usr/bin/bash', '-c', 'docker exec spark-master spark-submit --master spark://spark-master:7077 --deploy-mode client --packages org.apache.spark:spark-avro_2.12:3.5.1 /opt/***/jobs/transformation/transform_to_golden_dataset.py']
[2025-08-19T09:23:51.673+0000] {subprocess.py:86} INFO - Output:
[2025-08-19T09:24:01.995+0000] {subprocess.py:93} INFO - :: loading settings :: url = jar:file:/opt/bitnami/spark/jars/ivy-2.5.1.jar!/org/apache/ivy/core/settings/ivysettings.xml
[2025-08-19T09:24:02.280+0000] {subprocess.py:93} INFO - Ivy Default Cache set to: /opt/bitnami/spark/.ivy2/cache
[2025-08-19T09:24:02.280+0000] {subprocess.py:93} INFO - The jars for the packages stored in: /opt/bitnami/spark/.ivy2/jars
[2025-08-19T09:24:02.295+0000] {subprocess.py:93} INFO - org.apache.spark#spark-avro_2.12 added as a dependency
[2025-08-19T09:24:02.308+0000] {subprocess.py:93} INFO - :: resolving dependencies :: org.apache.spark#spark-submit-parent-e17468ec-7f93-434c-8755-c55ca40cc8f8;1.0
[2025-08-19T09:24:02.312+0000] {subprocess.py:93} INFO - 	confs: [default]
[2025-08-19T09:24:02.886+0000] {subprocess.py:93} INFO - 	found org.apache.spark#spark-avro_2.12;3.5.1 in central
[2025-08-19T09:24:03.236+0000] {subprocess.py:93} INFO - 	found org.tukaani#xz;1.9 in central
[2025-08-19T09:24:03.560+0000] {subprocess.py:93} INFO - :: resolution report :: resolve 1150ms :: artifacts dl 94ms
[2025-08-19T09:24:03.561+0000] {subprocess.py:93} INFO - 	:: modules in use:
[2025-08-19T09:24:03.571+0000] {subprocess.py:93} INFO - 	org.apache.spark#spark-avro_2.12;3.5.1 from central in [default]
[2025-08-19T09:24:03.572+0000] {subprocess.py:93} INFO - 	org.tukaani#xz;1.9 from central in [default]
[2025-08-19T09:24:03.572+0000] {subprocess.py:93} INFO - 	---------------------------------------------------------------------
[2025-08-19T09:24:03.573+0000] {subprocess.py:93} INFO - 	|                  |            modules            ||   artifacts   |
[2025-08-19T09:24:03.583+0000] {subprocess.py:93} INFO - 	|       conf       | number| search|dwnlded|evicted|| number|dwnlded|
[2025-08-19T09:24:03.594+0000] {subprocess.py:93} INFO - 	---------------------------------------------------------------------
[2025-08-19T09:24:03.595+0000] {subprocess.py:93} INFO - 	|      default     |   2   |   0   |   0   |   0   ||   2   |   0   |
[2025-08-19T09:24:03.596+0000] {subprocess.py:93} INFO - 	---------------------------------------------------------------------
[2025-08-19T09:24:03.626+0000] {subprocess.py:93} INFO - :: retrieving :: org.apache.spark#spark-submit-parent-e17468ec-7f93-434c-8755-c55ca40cc8f8
[2025-08-19T09:24:03.633+0000] {subprocess.py:93} INFO - 	confs: [default]
[2025-08-19T09:24:03.682+0000] {subprocess.py:93} INFO - 	0 artifacts copied, 2 already retrieved (0kB/51ms)
[2025-08-19T09:24:04.758+0000] {subprocess.py:93} INFO - 25/08/19 09:24:04 WARN NativeCodeLoader: Unable to load native-hadoop library for your platform... using builtin-java classes where applicable
[2025-08-19T09:24:08.403+0000] {subprocess.py:93} INFO - 25/08/19 09:24:08 INFO SparkContext: Running Spark version 3.5.1
[2025-08-19T09:24:08.406+0000] {subprocess.py:93} INFO - 25/08/19 09:24:08 INFO SparkContext: OS info Linux, 6.11.0-29-generic, amd64
[2025-08-19T09:24:08.407+0000] {subprocess.py:93} INFO - 25/08/19 09:24:08 INFO SparkContext: Java version 17.0.12
[2025-08-19T09:24:08.760+0000] {subprocess.py:93} INFO - 25/08/19 09:24:08 INFO ResourceUtils: ==============================================================
[2025-08-19T09:24:08.763+0000] {subprocess.py:93} INFO - 25/08/19 09:24:08 INFO ResourceUtils: No custom resources configured for spark.driver.
[2025-08-19T09:24:08.778+0000] {subprocess.py:93} INFO - 25/08/19 09:24:08 INFO ResourceUtils: ==============================================================
[2025-08-19T09:24:08.782+0000] {subprocess.py:93} INFO - 25/08/19 09:24:08 INFO SparkContext: Submitted application: Processed Zone - Golden Dataset
[2025-08-19T09:24:08.929+0000] {subprocess.py:93} INFO - 25/08/19 09:24:08 INFO ResourceProfile: Default ResourceProfile created, executor resources: Map(memory -> name: memory, amount: 1024, script: , vendor: , offHeap -> name: offHeap, amount: 0, script: , vendor: ), task resources: Map(cpus -> name: cpus, amount: 1.0)
[2025-08-19T09:24:08.959+0000] {subprocess.py:93} INFO - 25/08/19 09:24:08 INFO ResourceProfile: Limiting resource is cpu
[2025-08-19T09:24:08.965+0000] {subprocess.py:93} INFO - 25/08/19 09:24:08 INFO ResourceProfileManager: Added ResourceProfile id: 0
[2025-08-19T09:24:09.221+0000] {subprocess.py:93} INFO - 25/08/19 09:24:09 INFO SecurityManager: Changing view acls to: spark
[2025-08-19T09:24:09.223+0000] {subprocess.py:93} INFO - 25/08/19 09:24:09 INFO SecurityManager: Changing modify acls to: spark
[2025-08-19T09:24:09.226+0000] {subprocess.py:93} INFO - 25/08/19 09:24:09 INFO SecurityManager: Changing view acls groups to:
[2025-08-19T09:24:09.228+0000] {subprocess.py:93} INFO - 25/08/19 09:24:09 INFO SecurityManager: Changing modify acls groups to:
[2025-08-19T09:24:09.231+0000] {subprocess.py:93} INFO - 25/08/19 09:24:09 INFO SecurityManager: SecurityManager: authentication disabled; ui acls disabled; users with view permissions: spark; groups with view permissions: EMPTY; users with modify permissions: spark; groups with modify permissions: EMPTY
[2025-08-19T09:24:10.163+0000] {subprocess.py:93} INFO - 25/08/19 09:24:10 INFO Utils: Successfully started service 'sparkDriver' on port 36931.
[2025-08-19T09:24:10.300+0000] {subprocess.py:93} INFO - 25/08/19 09:24:10 INFO SparkEnv: Registering MapOutputTracker
[2025-08-19T09:24:10.473+0000] {subprocess.py:93} INFO - 25/08/19 09:24:10 INFO SparkEnv: Registering BlockManagerMaster
[2025-08-19T09:24:10.645+0000] {subprocess.py:93} INFO - 25/08/19 09:24:10 INFO BlockManagerMasterEndpoint: Using org.apache.spark.storage.DefaultTopologyMapper for getting topology information
[2025-08-19T09:24:10.648+0000] {subprocess.py:93} INFO - 25/08/19 09:24:10 INFO BlockManagerMasterEndpoint: BlockManagerMasterEndpoint up
[2025-08-19T09:24:10.661+0000] {subprocess.py:93} INFO - 25/08/19 09:24:10 INFO SparkEnv: Registering BlockManagerMasterHeartbeat
[2025-08-19T09:24:10.713+0000] {subprocess.py:93} INFO - 25/08/19 09:24:10 INFO DiskBlockManager: Created local directory at /tmp/blockmgr-9fced44d-1a93-4bc0-93f4-1c794a77d49e
[2025-08-19T09:24:10.737+0000] {subprocess.py:93} INFO - 25/08/19 09:24:10 INFO MemoryStore: MemoryStore started with capacity 434.4 MiB
[2025-08-19T09:24:10.784+0000] {subprocess.py:93} INFO - 25/08/19 09:24:10 INFO SparkEnv: Registering OutputCommitCoordinator
[2025-08-19T09:24:11.410+0000] {subprocess.py:93} INFO - 25/08/19 09:24:11 INFO JettyUtils: Start Jetty 0.0.0.0:4040 for SparkUI
[2025-08-19T09:24:11.757+0000] {subprocess.py:93} INFO - 25/08/19 09:24:11 WARN Utils: Service 'SparkUI' could not bind on port 4040. Attempting port 4041.
[2025-08-19T09:24:11.759+0000] {subprocess.py:93} INFO - 25/08/19 09:24:11 WARN Utils: Service 'SparkUI' could not bind on port 4041. Attempting port 4042.
[2025-08-19T09:24:11.786+0000] {subprocess.py:93} INFO - 25/08/19 09:24:11 INFO Utils: Successfully started service 'SparkUI' on port 4042.
[2025-08-19T09:24:11.959+0000] {subprocess.py:93} INFO - 25/08/19 09:24:11 INFO SparkContext: Added JAR file:///opt/bitnami/spark/.ivy2/jars/org.apache.spark_spark-avro_2.12-3.5.1.jar at spark://b208641feb52:36931/jars/org.apache.spark_spark-avro_2.12-3.5.1.jar with timestamp 1755595448351
[2025-08-19T09:24:11.961+0000] {subprocess.py:93} INFO - 25/08/19 09:24:11 INFO SparkContext: Added JAR file:///opt/bitnami/spark/.ivy2/jars/org.tukaani_xz-1.9.jar at spark://b208641feb52:36931/jars/org.tukaani_xz-1.9.jar with timestamp 1755595448351
[2025-08-19T09:24:11.991+0000] {subprocess.py:93} INFO - 25/08/19 09:24:11 INFO SparkContext: Added file file:///opt/bitnami/spark/.ivy2/jars/org.apache.spark_spark-avro_2.12-3.5.1.jar at spark://b208641feb52:36931/files/org.apache.spark_spark-avro_2.12-3.5.1.jar with timestamp 1755595448351
[2025-08-19T09:24:11.997+0000] {subprocess.py:93} INFO - 25/08/19 09:24:11 INFO Utils: Copying /opt/bitnami/spark/.ivy2/jars/org.apache.spark_spark-avro_2.12-3.5.1.jar to /tmp/spark-e2e77652-b9a7-4045-9232-451b84fc1256/userFiles-65132146-f47c-4d75-9614-0f8fb944625a/org.apache.spark_spark-avro_2.12-3.5.1.jar
[2025-08-19T09:24:12.054+0000] {subprocess.py:93} INFO - 25/08/19 09:24:12 INFO SparkContext: Added file file:///opt/bitnami/spark/.ivy2/jars/org.tukaani_xz-1.9.jar at spark://b208641feb52:36931/files/org.tukaani_xz-1.9.jar with timestamp 1755595448351
[2025-08-19T09:24:12.060+0000] {subprocess.py:93} INFO - 25/08/19 09:24:12 INFO Utils: Copying /opt/bitnami/spark/.ivy2/jars/org.tukaani_xz-1.9.jar to /tmp/spark-e2e77652-b9a7-4045-9232-451b84fc1256/userFiles-65132146-f47c-4d75-9614-0f8fb944625a/org.tukaani_xz-1.9.jar
[2025-08-19T09:24:13.201+0000] {subprocess.py:93} INFO - 25/08/19 09:24:13 INFO StandaloneAppClient$ClientEndpoint: Connecting to master spark://spark-master:7077...
[2025-08-19T09:24:13.751+0000] {subprocess.py:93} INFO - 25/08/19 09:24:13 INFO TransportClientFactory: Successfully created connection to spark-master/172.18.0.4:7077 after 377 ms (0 ms spent in bootstraps)
[2025-08-19T09:24:14.514+0000] {subprocess.py:93} INFO - 25/08/19 09:24:14 INFO StandaloneSchedulerBackend: Connected to Spark cluster with app ID app-20250819092414-0010
[2025-08-19T09:24:14.532+0000] {subprocess.py:93} INFO - 25/08/19 09:24:14 INFO Utils: Successfully started service 'org.apache.spark.network.netty.NettyBlockTransferService' on port 34837.
[2025-08-19T09:24:14.534+0000] {subprocess.py:93} INFO - 25/08/19 09:24:14 INFO NettyBlockTransferService: Server created on b208641feb52:34837
[2025-08-19T09:24:14.536+0000] {subprocess.py:93} INFO - 25/08/19 09:24:14 INFO BlockManager: Using org.apache.spark.storage.RandomBlockReplicationPolicy for block replication policy
[2025-08-19T09:24:14.545+0000] {subprocess.py:93} INFO - 25/08/19 09:24:14 INFO BlockManagerMaster: Registering BlockManager BlockManagerId(driver, b208641feb52, 34837, None)
[2025-08-19T09:24:14.554+0000] {subprocess.py:93} INFO - 25/08/19 09:24:14 INFO BlockManagerMasterEndpoint: Registering block manager b208641feb52:34837 with 434.4 MiB RAM, BlockManagerId(driver, b208641feb52, 34837, None)
[2025-08-19T09:24:14.559+0000] {subprocess.py:93} INFO - 25/08/19 09:24:14 INFO BlockManagerMaster: Registered BlockManager BlockManagerId(driver, b208641feb52, 34837, None)
[2025-08-19T09:24:14.561+0000] {subprocess.py:93} INFO - 25/08/19 09:24:14 INFO BlockManager: Initialized BlockManager: BlockManagerId(driver, b208641feb52, 34837, None)
[2025-08-19T09:24:15.210+0000] {subprocess.py:93} INFO - 25/08/19 09:24:15 INFO StandaloneSchedulerBackend: SchedulerBackend is ready for scheduling beginning after reached minRegisteredResourcesRatio: 0.0
[2025-08-19T09:24:15.863+0000] {subprocess.py:93} INFO - 25/08/19 09:24:15 INFO SharedState: Setting hive.metastore.warehouse.dir ('null') to the value of spark.sql.warehouse.dir.
[2025-08-19T09:24:15.917+0000] {subprocess.py:93} INFO - 25/08/19 09:24:15 INFO SharedState: Warehouse path is 'file:/opt/bitnami/spark/spark-warehouse'.
[2025-08-19T09:24:20.985+0000] {subprocess.py:93} INFO - 25/08/19 09:24:20 INFO InMemoryFileIndex: It took 578 ms to list leaf files for 1 paths.
[2025-08-19T09:24:24.060+0000] {subprocess.py:93} INFO - 25/08/19 09:24:24 INFO InMemoryFileIndex: It took 74 ms to list leaf files for 1 paths.
[2025-08-19T09:24:29.245+0000] {subprocess.py:93} INFO - 25/08/19 09:24:29 INFO InMemoryFileIndex: It took 37 ms to list leaf files for 1 paths.
[2025-08-19T09:24:29.459+0000] {subprocess.py:93} INFO - 25/08/19 09:24:29 INFO InMemoryFileIndex: It took 25 ms to list leaf files for 1 paths.
[2025-08-19T09:24:32.701+0000] {subprocess.py:93} INFO - 25/08/19 09:24:32 INFO InMemoryFileIndex: It took 50 ms to list leaf files for 1 paths.
[2025-08-19T09:24:32.951+0000] {subprocess.py:93} INFO - 25/08/19 09:24:32 INFO InMemoryFileIndex: It took 24 ms to list leaf files for 1 paths.
[2025-08-19T09:24:34.999+0000] {subprocess.py:93} INFO - 25/08/19 09:24:34 INFO InMemoryFileIndex: It took 71 ms to list leaf files for 1 paths.
[2025-08-19T09:24:35.203+0000] {subprocess.py:93} INFO - 25/08/19 09:24:35 INFO InMemoryFileIndex: It took 38 ms to list leaf files for 1 paths.
[2025-08-19T09:24:37.790+0000] {subprocess.py:93} INFO - 25/08/19 09:24:37 INFO InMemoryFileIndex: It took 26 ms to list leaf files for 1 paths.
[2025-08-19T09:24:37.917+0000] {subprocess.py:93} INFO - 25/08/19 09:24:37 INFO InMemoryFileIndex: It took 29 ms to list leaf files for 1 paths.
[2025-08-19T09:24:39.330+0000] {subprocess.py:93} INFO - 25/08/19 09:24:39 INFO InMemoryFileIndex: It took 99 ms to list leaf files for 1 paths.
[2025-08-19T09:24:39.843+0000] {subprocess.py:93} INFO - 25/08/19 09:24:39 INFO InMemoryFileIndex: It took 116 ms to list leaf files for 1 paths.
[2025-08-19T09:24:41.579+0000] {subprocess.py:93} INFO - 25/08/19 09:24:41 INFO InMemoryFileIndex: It took 19 ms to list leaf files for 1 paths.
[2025-08-19T09:24:41.696+0000] {subprocess.py:93} INFO - 25/08/19 09:24:41 INFO InMemoryFileIndex: It took 31 ms to list leaf files for 1 paths.
[2025-08-19T09:24:43.033+0000] {subprocess.py:93} INFO - 25/08/19 09:24:43 INFO InMemoryFileIndex: It took 31 ms to list leaf files for 1 paths.
[2025-08-19T09:24:43.180+0000] {subprocess.py:93} INFO - 25/08/19 09:24:43 INFO InMemoryFileIndex: It took 13 ms to list leaf files for 1 paths.
[2025-08-19T09:24:43.588+0000] {subprocess.py:93} INFO - Traceback (most recent call last):
[2025-08-19T09:24:43.591+0000] {subprocess.py:93} INFO -   File "/opt/***/jobs/transformation/transform_to_golden_dataset.py", line 25, in <module>
[2025-08-19T09:24:43.592+0000] {subprocess.py:93} INFO -     categories_df = spark.read.format("avro").load(f"hdfs://namenode:9000/storage/hdfs/raw/avro/{region}_category_id")
[2025-08-19T09:24:43.592+0000] {subprocess.py:93} INFO -                     ^^^^^^^^^^^^^^^^^^^^^^^^^^^^^^^^^^^^^^^^^^^^^^^^^^^^^^^^^^^^^^^^^^^^^^^^^^^^^^^^^^^^^^^^^^^^^^^^^^
[2025-08-19T09:24:43.592+0000] {subprocess.py:93} INFO -   File "/opt/bitnami/spark/python/lib/pyspark.zip/pyspark/sql/readwriter.py", line 307, in load
[2025-08-19T09:24:43.593+0000] {subprocess.py:93} INFO -   File "/opt/bitnami/spark/python/lib/py4j-0.10.9.7-src.zip/py4j/java_gateway.py", line 1322, in __call__
[2025-08-19T09:24:43.593+0000] {subprocess.py:93} INFO -   File "/opt/bitnami/spark/python/lib/pyspark.zip/pyspark/errors/exceptions/captured.py", line 179, in deco
[2025-08-19T09:24:43.593+0000] {subprocess.py:93} INFO -   File "/opt/bitnami/spark/python/lib/py4j-0.10.9.7-src.zip/py4j/protocol.py", line 326, in get_return_value
[2025-08-19T09:24:43.646+0000] {subprocess.py:93} INFO - py4j.protocol.Py4JJavaError: An error occurred while calling o1383.load.
[2025-08-19T09:24:43.647+0000] {subprocess.py:93} INFO - : java.io.FileNotFoundException: No Avro files found. If files don't have .avro extension, set ignoreExtension to true
[2025-08-19T09:24:43.648+0000] {subprocess.py:93} INFO - 	at org.apache.spark.sql.avro.AvroUtils$.inferAvroSchemaFromFiles(AvroUtils.scala:166)
[2025-08-19T09:24:43.649+0000] {subprocess.py:93} INFO - 	at org.apache.spark.sql.avro.AvroUtils$.$anonfun$inferSchema$2(AvroUtils.scala:61)
[2025-08-19T09:24:43.649+0000] {subprocess.py:93} INFO - 	at scala.Option.getOrElse(Option.scala:189)
[2025-08-19T09:24:43.650+0000] {subprocess.py:93} INFO - 	at org.apache.spark.sql.avro.AvroUtils$.inferSchema(AvroUtils.scala:60)
[2025-08-19T09:24:43.654+0000] {subprocess.py:93} INFO - 	at org.apache.spark.sql.avro.AvroFileFormat.inferSchema(AvroFileFormat.scala:58)
[2025-08-19T09:24:43.654+0000] {subprocess.py:93} INFO - 	at org.apache.spark.sql.execution.datasources.DataSource.$anonfun$getOrInferFileFormatSchema$11(DataSource.scala:208)
[2025-08-19T09:24:43.654+0000] {subprocess.py:93} INFO - 	at scala.Option.orElse(Option.scala:447)
[2025-08-19T09:24:43.655+0000] {subprocess.py:93} INFO - 	at org.apache.spark.sql.execution.datasources.DataSource.getOrInferFileFormatSchema(DataSource.scala:205)
[2025-08-19T09:24:43.655+0000] {subprocess.py:93} INFO - 	at org.apache.spark.sql.execution.datasources.DataSource.resolveRelation(DataSource.scala:407)
[2025-08-19T09:24:43.655+0000] {subprocess.py:93} INFO - 	at org.apache.spark.sql.DataFrameReader.loadV1Source(DataFrameReader.scala:229)
[2025-08-19T09:24:43.655+0000] {subprocess.py:93} INFO - 	at org.apache.spark.sql.DataFrameReader.$anonfun$load$2(DataFrameReader.scala:211)
[2025-08-19T09:24:43.656+0000] {subprocess.py:93} INFO - 	at scala.Option.getOrElse(Option.scala:189)
[2025-08-19T09:24:43.664+0000] {subprocess.py:93} INFO - 	at org.apache.spark.sql.DataFrameReader.load(DataFrameReader.scala:211)
[2025-08-19T09:24:43.667+0000] {subprocess.py:93} INFO - 	at org.apache.spark.sql.DataFrameReader.load(DataFrameReader.scala:186)
[2025-08-19T09:24:43.669+0000] {subprocess.py:93} INFO - 	at java.base/jdk.internal.reflect.NativeMethodAccessorImpl.invoke0(Native Method)
[2025-08-19T09:24:43.672+0000] {subprocess.py:93} INFO - 	at java.base/jdk.internal.reflect.NativeMethodAccessorImpl.invoke(NativeMethodAccessorImpl.java:77)
[2025-08-19T09:24:43.674+0000] {subprocess.py:93} INFO - 	at java.base/jdk.internal.reflect.DelegatingMethodAccessorImpl.invoke(DelegatingMethodAccessorImpl.java:43)
[2025-08-19T09:24:43.679+0000] {subprocess.py:93} INFO - 	at java.base/java.lang.reflect.Method.invoke(Method.java:569)
[2025-08-19T09:24:43.680+0000] {subprocess.py:93} INFO - 	at py4j.reflection.MethodInvoker.invoke(MethodInvoker.java:244)
[2025-08-19T09:24:43.680+0000] {subprocess.py:93} INFO - 	at py4j.reflection.ReflectionEngine.invoke(ReflectionEngine.java:374)
[2025-08-19T09:24:43.680+0000] {subprocess.py:93} INFO - 	at py4j.Gateway.invoke(Gateway.java:282)
[2025-08-19T09:24:43.681+0000] {subprocess.py:93} INFO - 	at py4j.commands.AbstractCommand.invokeMethod(AbstractCommand.java:132)
[2025-08-19T09:24:43.694+0000] {subprocess.py:93} INFO - 	at py4j.commands.CallCommand.execute(CallCommand.java:79)
[2025-08-19T09:24:43.695+0000] {subprocess.py:93} INFO - 	at py4j.ClientServerConnection.waitForCommands(ClientServerConnection.java:182)
[2025-08-19T09:24:43.695+0000] {subprocess.py:93} INFO - 	at py4j.ClientServerConnection.run(ClientServerConnection.java:106)
[2025-08-19T09:24:43.695+0000] {subprocess.py:93} INFO - 	at java.base/java.lang.Thread.run(Thread.java:840)
[2025-08-19T09:24:43.696+0000] {subprocess.py:93} INFO - 
[2025-08-19T09:24:44.117+0000] {subprocess.py:93} INFO - 25/08/19 09:24:44 INFO SparkContext: Invoking stop() from shutdown hook
[2025-08-19T09:24:44.118+0000] {subprocess.py:93} INFO - 25/08/19 09:24:44 INFO SparkContext: SparkContext is stopping with exitCode 0.
[2025-08-19T09:24:44.212+0000] {subprocess.py:93} INFO - 25/08/19 09:24:44 INFO SparkUI: Stopped Spark web UI at http://b208641feb52:4042
[2025-08-19T09:24:44.244+0000] {subprocess.py:93} INFO - 25/08/19 09:24:44 INFO StandaloneSchedulerBackend: Shutting down all executors
[2025-08-19T09:24:44.281+0000] {subprocess.py:93} INFO - 25/08/19 09:24:44 INFO StandaloneSchedulerBackend$StandaloneDriverEndpoint: Asking each executor to shut down
[2025-08-19T09:24:44.508+0000] {subprocess.py:93} INFO - 25/08/19 09:24:44 INFO MapOutputTrackerMasterEndpoint: MapOutputTrackerMasterEndpoint stopped!
[2025-08-19T09:24:44.663+0000] {subprocess.py:93} INFO - 25/08/19 09:24:44 INFO MemoryStore: MemoryStore cleared
[2025-08-19T09:24:44.664+0000] {subprocess.py:93} INFO - 25/08/19 09:24:44 INFO BlockManager: BlockManager stopped
[2025-08-19T09:24:44.681+0000] {subprocess.py:93} INFO - 25/08/19 09:24:44 INFO BlockManagerMaster: BlockManagerMaster stopped
[2025-08-19T09:24:44.689+0000] {subprocess.py:93} INFO - 25/08/19 09:24:44 INFO OutputCommitCoordinator$OutputCommitCoordinatorEndpoint: OutputCommitCoordinator stopped!
[2025-08-19T09:24:44.766+0000] {subprocess.py:93} INFO - 25/08/19 09:24:44 INFO SparkContext: Successfully stopped SparkContext
[2025-08-19T09:24:44.773+0000] {subprocess.py:93} INFO - 25/08/19 09:24:44 INFO ShutdownHookManager: Shutdown hook called
[2025-08-19T09:24:44.781+0000] {subprocess.py:93} INFO - 25/08/19 09:24:44 INFO ShutdownHookManager: Deleting directory /tmp/spark-6e0d754a-ad5b-46f6-aec4-ece4809ffd8e
[2025-08-19T09:24:44.788+0000] {subprocess.py:93} INFO - 25/08/19 09:24:44 INFO ShutdownHookManager: Deleting directory /tmp/spark-e2e77652-b9a7-4045-9232-451b84fc1256/pyspark-f6e13c19-dc05-4aed-a0b0-9375f1565681
[2025-08-19T09:24:44.792+0000] {subprocess.py:93} INFO - 25/08/19 09:24:44 INFO ShutdownHookManager: Deleting directory /tmp/spark-e2e77652-b9a7-4045-9232-451b84fc1256
[2025-08-19T09:24:45.127+0000] {subprocess.py:97} INFO - Command exited with return code 1
[2025-08-19T09:24:45.131+0000] {taskinstance.py:441} INFO - ::group::Post task execution logs
[2025-08-19T09:24:45.312+0000] {taskinstance.py:2890} ERROR - Task failed with exception
Traceback (most recent call last):
  File "/home/airflow/.local/lib/python3.9/site-packages/airflow/models/taskinstance.py", line 465, in _execute_task
    result = _execute_callable(context=context, **execute_callable_kwargs)
  File "/home/airflow/.local/lib/python3.9/site-packages/airflow/models/taskinstance.py", line 432, in _execute_callable
    return execute_callable(context=context, **execute_callable_kwargs)
  File "/home/airflow/.local/lib/python3.9/site-packages/airflow/models/baseoperator.py", line 400, in wrapper
    return func(self, *args, **kwargs)
  File "/home/airflow/.local/lib/python3.9/site-packages/airflow/operators/bash.py", line 243, in execute
    raise AirflowException(
airflow.exceptions.AirflowException: Bash command failed. The command returned a non-zero exit code 1.
[2025-08-19T09:24:45.364+0000] {taskinstance.py:1205} INFO - Marking task as UP_FOR_RETRY. dag_id=youtube_pipeline_batch_data, task_id=transform_golden, execution_date=20250819T091131, start_date=20250819T092350, end_date=20250819T092445
[2025-08-19T09:24:45.480+0000] {standard_task_runner.py:110} ERROR - Failed to execute job 603 for task transform_golden (Bash command failed. The command returned a non-zero exit code 1.; 2349)
[2025-08-19T09:24:45.501+0000] {local_task_job_runner.py:240} INFO - Task exited with return code 1
[2025-08-19T09:24:45.544+0000] {taskinstance.py:3482} INFO - 0 downstream tasks scheduled from follow-on schedule check
[2025-08-19T09:24:45.546+0000] {local_task_job_runner.py:222} INFO - ::endgroup::
