[2025-08-19T09:21:58.700+0000] {local_task_job_runner.py:120} INFO - ::group::Pre task execution logs
[2025-08-19T09:21:58.846+0000] {taskinstance.py:2073} INFO - Dependencies all met for dep_context=non-requeueable deps ti=<TaskInstance: youtube_pipeline_batch_data.transform_golden manual__2025-08-19T09:11:31.039964+00:00 [queued]>
[2025-08-19T09:21:58.880+0000] {taskinstance.py:2073} INFO - Dependencies all met for dep_context=requeueable deps ti=<TaskInstance: youtube_pipeline_batch_data.transform_golden manual__2025-08-19T09:11:31.039964+00:00 [queued]>
[2025-08-19T09:21:58.882+0000] {taskinstance.py:2303} INFO - Starting attempt 1 of 4
[2025-08-19T09:21:58.937+0000] {taskinstance.py:2327} INFO - Executing <Task(BashOperator): transform_golden> on 2025-08-19 09:11:31.039964+00:00
[2025-08-19T09:21:58.948+0000] {standard_task_runner.py:63} INFO - Started process 2319 to run task
[2025-08-19T09:21:58.965+0000] {standard_task_runner.py:90} INFO - Running: ['***', 'tasks', 'run', 'youtube_pipeline_batch_data', 'transform_golden', 'manual__2025-08-19T09:11:31.039964+00:00', '--job-id', '602', '--raw', '--subdir', 'DAGS_FOLDER/youtube_pipeline.py', '--cfg-path', '/tmp/tmpx5r71t7h']
[2025-08-19T09:21:58.977+0000] {standard_task_runner.py:91} INFO - Job 602: Subtask transform_golden
[2025-08-19T09:21:59.349+0000] {task_command.py:426} INFO - Running <TaskInstance: youtube_pipeline_batch_data.transform_golden manual__2025-08-19T09:11:31.039964+00:00 [running]> on host 54bf3a3eaeab
[2025-08-19T09:22:00.283+0000] {taskinstance.py:2644} INFO - Exporting env vars: AIRFLOW_CTX_DAG_OWNER='***' AIRFLOW_CTX_DAG_ID='youtube_pipeline_batch_data' AIRFLOW_CTX_TASK_ID='transform_golden' AIRFLOW_CTX_EXECUTION_DATE='2025-08-19T09:11:31.039964+00:00' AIRFLOW_CTX_TRY_NUMBER='1' AIRFLOW_CTX_DAG_RUN_ID='manual__2025-08-19T09:11:31.039964+00:00'
[2025-08-19T09:22:00.292+0000] {taskinstance.py:430} INFO - ::endgroup::
[2025-08-19T09:22:00.414+0000] {subprocess.py:63} INFO - Tmp dir root location: /tmp
[2025-08-19T09:22:00.419+0000] {subprocess.py:75} INFO - Running command: ['/usr/bin/bash', '-c', 'docker exec spark-master spark-submit --master spark://spark-master:7077 --deploy-mode client --packages org.apache.spark:spark-avro_2.12:3.5.1 /opt/***/jobs/transformation/transform_to_golden_dataset.py']
[2025-08-19T09:22:00.470+0000] {subprocess.py:86} INFO - Output:
[2025-08-19T09:22:14.734+0000] {subprocess.py:93} INFO - :: loading settings :: url = jar:file:/opt/bitnami/spark/jars/ivy-2.5.1.jar!/org/apache/ivy/core/settings/ivysettings.xml
[2025-08-19T09:22:15.147+0000] {subprocess.py:93} INFO - Ivy Default Cache set to: /opt/bitnami/spark/.ivy2/cache
[2025-08-19T09:22:15.148+0000] {subprocess.py:93} INFO - The jars for the packages stored in: /opt/bitnami/spark/.ivy2/jars
[2025-08-19T09:22:15.246+0000] {subprocess.py:93} INFO - org.apache.spark#spark-avro_2.12 added as a dependency
[2025-08-19T09:22:15.270+0000] {subprocess.py:93} INFO - :: resolving dependencies :: org.apache.spark#spark-submit-parent-50210dad-300d-45d5-aed5-c3ec07cb905e;1.0
[2025-08-19T09:22:15.271+0000] {subprocess.py:93} INFO - 	confs: [default]
[2025-08-19T09:22:16.905+0000] {subprocess.py:93} INFO - 	found org.apache.spark#spark-avro_2.12;3.5.1 in central
[2025-08-19T09:22:17.017+0000] {subprocess.py:93} INFO - 	found org.tukaani#xz;1.9 in central
[2025-08-19T09:22:17.180+0000] {subprocess.py:93} INFO - :: resolution report :: resolve 1816ms :: artifacts dl 104ms
[2025-08-19T09:22:17.180+0000] {subprocess.py:93} INFO - 	:: modules in use:
[2025-08-19T09:22:17.181+0000] {subprocess.py:93} INFO - 	org.apache.spark#spark-avro_2.12;3.5.1 from central in [default]
[2025-08-19T09:22:17.181+0000] {subprocess.py:93} INFO - 	org.tukaani#xz;1.9 from central in [default]
[2025-08-19T09:22:17.181+0000] {subprocess.py:93} INFO - 	---------------------------------------------------------------------
[2025-08-19T09:22:17.182+0000] {subprocess.py:93} INFO - 	|                  |            modules            ||   artifacts   |
[2025-08-19T09:22:17.182+0000] {subprocess.py:93} INFO - 	|       conf       | number| search|dwnlded|evicted|| number|dwnlded|
[2025-08-19T09:22:17.190+0000] {subprocess.py:93} INFO - 	---------------------------------------------------------------------
[2025-08-19T09:22:17.196+0000] {subprocess.py:93} INFO - 	|      default     |   2   |   0   |   0   |   0   ||   2   |   0   |
[2025-08-19T09:22:17.197+0000] {subprocess.py:93} INFO - 	---------------------------------------------------------------------
[2025-08-19T09:22:17.213+0000] {subprocess.py:93} INFO - :: retrieving :: org.apache.spark#spark-submit-parent-50210dad-300d-45d5-aed5-c3ec07cb905e
[2025-08-19T09:22:17.213+0000] {subprocess.py:93} INFO - 	confs: [default]
[2025-08-19T09:22:17.213+0000] {subprocess.py:93} INFO - 	0 artifacts copied, 2 already retrieved (0kB/18ms)
[2025-08-19T09:22:21.988+0000] {subprocess.py:93} INFO - 25/08/19 09:22:21 WARN NativeCodeLoader: Unable to load native-hadoop library for your platform... using builtin-java classes where applicable
[2025-08-19T09:22:28.769+0000] {subprocess.py:93} INFO - 25/08/19 09:22:28 INFO SparkContext: Running Spark version 3.5.1
[2025-08-19T09:22:28.770+0000] {subprocess.py:93} INFO - 25/08/19 09:22:28 INFO SparkContext: OS info Linux, 6.11.0-29-generic, amd64
[2025-08-19T09:22:28.774+0000] {subprocess.py:93} INFO - 25/08/19 09:22:28 INFO SparkContext: Java version 17.0.12
[2025-08-19T09:22:28.845+0000] {subprocess.py:93} INFO - 25/08/19 09:22:28 INFO ResourceUtils: ==============================================================
[2025-08-19T09:22:28.847+0000] {subprocess.py:93} INFO - 25/08/19 09:22:28 INFO ResourceUtils: No custom resources configured for spark.driver.
[2025-08-19T09:22:28.851+0000] {subprocess.py:93} INFO - 25/08/19 09:22:28 INFO ResourceUtils: ==============================================================
[2025-08-19T09:22:28.852+0000] {subprocess.py:93} INFO - 25/08/19 09:22:28 INFO SparkContext: Submitted application: Processed Zone - Golden Dataset
[2025-08-19T09:22:28.912+0000] {subprocess.py:93} INFO - 25/08/19 09:22:28 INFO ResourceProfile: Default ResourceProfile created, executor resources: Map(memory -> name: memory, amount: 1024, script: , vendor: , offHeap -> name: offHeap, amount: 0, script: , vendor: ), task resources: Map(cpus -> name: cpus, amount: 1.0)
[2025-08-19T09:22:28.924+0000] {subprocess.py:93} INFO - 25/08/19 09:22:28 INFO ResourceProfile: Limiting resource is cpu
[2025-08-19T09:22:28.925+0000] {subprocess.py:93} INFO - 25/08/19 09:22:28 INFO ResourceProfileManager: Added ResourceProfile id: 0
[2025-08-19T09:22:29.057+0000] {subprocess.py:93} INFO - 25/08/19 09:22:29 INFO SecurityManager: Changing view acls to: spark
[2025-08-19T09:22:29.060+0000] {subprocess.py:93} INFO - 25/08/19 09:22:29 INFO SecurityManager: Changing modify acls to: spark
[2025-08-19T09:22:29.064+0000] {subprocess.py:93} INFO - 25/08/19 09:22:29 INFO SecurityManager: Changing view acls groups to:
[2025-08-19T09:22:29.066+0000] {subprocess.py:93} INFO - 25/08/19 09:22:29 INFO SecurityManager: Changing modify acls groups to:
[2025-08-19T09:22:29.078+0000] {subprocess.py:93} INFO - 25/08/19 09:22:29 INFO SecurityManager: SecurityManager: authentication disabled; ui acls disabled; users with view permissions: spark; groups with view permissions: EMPTY; users with modify permissions: spark; groups with modify permissions: EMPTY
[2025-08-19T09:22:30.064+0000] {subprocess.py:93} INFO - 25/08/19 09:22:30 INFO Utils: Successfully started service 'sparkDriver' on port 46345.
[2025-08-19T09:22:30.295+0000] {subprocess.py:93} INFO - 25/08/19 09:22:30 INFO SparkEnv: Registering MapOutputTracker
[2025-08-19T09:22:30.487+0000] {subprocess.py:93} INFO - 25/08/19 09:22:30 INFO SparkEnv: Registering BlockManagerMaster
[2025-08-19T09:22:30.555+0000] {subprocess.py:93} INFO - 25/08/19 09:22:30 INFO BlockManagerMasterEndpoint: Using org.apache.spark.storage.DefaultTopologyMapper for getting topology information
[2025-08-19T09:22:30.556+0000] {subprocess.py:93} INFO - 25/08/19 09:22:30 INFO BlockManagerMasterEndpoint: BlockManagerMasterEndpoint up
[2025-08-19T09:22:30.588+0000] {subprocess.py:93} INFO - 25/08/19 09:22:30 INFO SparkEnv: Registering BlockManagerMasterHeartbeat
[2025-08-19T09:22:30.855+0000] {subprocess.py:93} INFO - 25/08/19 09:22:30 INFO DiskBlockManager: Created local directory at /tmp/blockmgr-cb797978-dbb3-4815-bcab-566391d61a17
[2025-08-19T09:22:30.980+0000] {subprocess.py:93} INFO - 25/08/19 09:22:30 INFO MemoryStore: MemoryStore started with capacity 434.4 MiB
[2025-08-19T09:22:31.107+0000] {subprocess.py:93} INFO - 25/08/19 09:22:31 INFO SparkEnv: Registering OutputCommitCoordinator
[2025-08-19T09:22:31.994+0000] {subprocess.py:93} INFO - 25/08/19 09:22:31 INFO JettyUtils: Start Jetty 0.0.0.0:4040 for SparkUI
[2025-08-19T09:22:32.376+0000] {subprocess.py:93} INFO - 25/08/19 09:22:32 WARN Utils: Service 'SparkUI' could not bind on port 4040. Attempting port 4041.
[2025-08-19T09:22:32.377+0000] {subprocess.py:93} INFO - 25/08/19 09:22:32 WARN Utils: Service 'SparkUI' could not bind on port 4041. Attempting port 4042.
[2025-08-19T09:22:32.420+0000] {subprocess.py:93} INFO - 25/08/19 09:22:32 INFO Utils: Successfully started service 'SparkUI' on port 4042.
[2025-08-19T09:22:32.682+0000] {subprocess.py:93} INFO - 25/08/19 09:22:32 INFO SparkContext: Added JAR file:///opt/bitnami/spark/.ivy2/jars/org.apache.spark_spark-avro_2.12-3.5.1.jar at spark://b208641feb52:46345/jars/org.apache.spark_spark-avro_2.12-3.5.1.jar with timestamp 1755595348752
[2025-08-19T09:22:32.682+0000] {subprocess.py:93} INFO - 25/08/19 09:22:32 INFO SparkContext: Added JAR file:///opt/bitnami/spark/.ivy2/jars/org.tukaani_xz-1.9.jar at spark://b208641feb52:46345/jars/org.tukaani_xz-1.9.jar with timestamp 1755595348752
[2025-08-19T09:22:32.699+0000] {subprocess.py:93} INFO - 25/08/19 09:22:32 INFO SparkContext: Added file file:///opt/bitnami/spark/.ivy2/jars/org.apache.spark_spark-avro_2.12-3.5.1.jar at spark://b208641feb52:46345/files/org.apache.spark_spark-avro_2.12-3.5.1.jar with timestamp 1755595348752
[2025-08-19T09:22:32.701+0000] {subprocess.py:93} INFO - 25/08/19 09:22:32 INFO Utils: Copying /opt/bitnami/spark/.ivy2/jars/org.apache.spark_spark-avro_2.12-3.5.1.jar to /tmp/spark-db917cb0-678f-4fe2-b6b8-82369b38c8c4/userFiles-af1549a7-9301-4a4f-9552-54c4ef3e33ff/org.apache.spark_spark-avro_2.12-3.5.1.jar
[2025-08-19T09:22:32.739+0000] {subprocess.py:93} INFO - 25/08/19 09:22:32 INFO SparkContext: Added file file:///opt/bitnami/spark/.ivy2/jars/org.tukaani_xz-1.9.jar at spark://b208641feb52:46345/files/org.tukaani_xz-1.9.jar with timestamp 1755595348752
[2025-08-19T09:22:32.746+0000] {subprocess.py:93} INFO - 25/08/19 09:22:32 INFO Utils: Copying /opt/bitnami/spark/.ivy2/jars/org.tukaani_xz-1.9.jar to /tmp/spark-db917cb0-678f-4fe2-b6b8-82369b38c8c4/userFiles-af1549a7-9301-4a4f-9552-54c4ef3e33ff/org.tukaani_xz-1.9.jar
[2025-08-19T09:22:33.898+0000] {subprocess.py:93} INFO - 25/08/19 09:22:33 INFO StandaloneAppClient$ClientEndpoint: Connecting to master spark://spark-master:7077...
[2025-08-19T09:22:34.270+0000] {subprocess.py:93} INFO - 25/08/19 09:22:34 INFO TransportClientFactory: Successfully created connection to spark-master/172.18.0.4:7077 after 180 ms (0 ms spent in bootstraps)
[2025-08-19T09:22:34.894+0000] {subprocess.py:93} INFO - 25/08/19 09:22:34 INFO StandaloneSchedulerBackend: Connected to Spark cluster with app ID app-20250819092234-0009
[2025-08-19T09:22:34.992+0000] {subprocess.py:93} INFO - 25/08/19 09:22:34 INFO Utils: Successfully started service 'org.apache.spark.network.netty.NettyBlockTransferService' on port 39401.
[2025-08-19T09:22:34.998+0000] {subprocess.py:93} INFO - 25/08/19 09:22:34 INFO NettyBlockTransferService: Server created on b208641feb52:39401
[2025-08-19T09:22:35.011+0000] {subprocess.py:93} INFO - 25/08/19 09:22:35 INFO BlockManager: Using org.apache.spark.storage.RandomBlockReplicationPolicy for block replication policy
[2025-08-19T09:22:35.075+0000] {subprocess.py:93} INFO - 25/08/19 09:22:35 INFO BlockManagerMaster: Registering BlockManager BlockManagerId(driver, b208641feb52, 39401, None)
[2025-08-19T09:22:35.094+0000] {subprocess.py:93} INFO - 25/08/19 09:22:35 INFO BlockManagerMasterEndpoint: Registering block manager b208641feb52:39401 with 434.4 MiB RAM, BlockManagerId(driver, b208641feb52, 39401, None)
[2025-08-19T09:22:35.104+0000] {subprocess.py:93} INFO - 25/08/19 09:22:35 INFO BlockManagerMaster: Registered BlockManager BlockManagerId(driver, b208641feb52, 39401, None)
[2025-08-19T09:22:35.117+0000] {subprocess.py:93} INFO - 25/08/19 09:22:35 INFO BlockManager: Initialized BlockManager: BlockManagerId(driver, b208641feb52, 39401, None)
[2025-08-19T09:22:35.836+0000] {subprocess.py:93} INFO - 25/08/19 09:22:35 INFO StandaloneSchedulerBackend: SchedulerBackend is ready for scheduling beginning after reached minRegisteredResourcesRatio: 0.0
[2025-08-19T09:22:36.458+0000] {subprocess.py:93} INFO - 25/08/19 09:22:36 INFO SharedState: Setting hive.metastore.warehouse.dir ('null') to the value of spark.sql.warehouse.dir.
[2025-08-19T09:22:36.471+0000] {subprocess.py:93} INFO - 25/08/19 09:22:36 INFO SharedState: Warehouse path is 'file:/opt/bitnami/spark/spark-warehouse'.
[2025-08-19T09:22:45.670+0000] {subprocess.py:93} INFO - 25/08/19 09:22:45 INFO InMemoryFileIndex: It took 623 ms to list leaf files for 1 paths.
[2025-08-19T09:22:51.637+0000] {subprocess.py:93} INFO - 25/08/19 09:22:51 INFO InMemoryFileIndex: It took 17 ms to list leaf files for 1 paths.
[2025-08-19T09:22:58.491+0000] {subprocess.py:93} INFO - 25/08/19 09:22:58 INFO InMemoryFileIndex: It took 12 ms to list leaf files for 1 paths.
[2025-08-19T09:22:58.579+0000] {subprocess.py:93} INFO - 25/08/19 09:22:58 INFO InMemoryFileIndex: It took 27 ms to list leaf files for 1 paths.
[2025-08-19T09:23:01.250+0000] {subprocess.py:93} INFO - 25/08/19 09:23:01 INFO InMemoryFileIndex: It took 106 ms to list leaf files for 1 paths.
[2025-08-19T09:23:01.616+0000] {subprocess.py:93} INFO - 25/08/19 09:23:01 INFO InMemoryFileIndex: It took 63 ms to list leaf files for 1 paths.
[2025-08-19T09:23:05.961+0000] {subprocess.py:93} INFO - 25/08/19 09:23:05 INFO InMemoryFileIndex: It took 29 ms to list leaf files for 1 paths.
[2025-08-19T09:23:06.066+0000] {subprocess.py:93} INFO - 25/08/19 09:23:06 INFO InMemoryFileIndex: It took 18 ms to list leaf files for 1 paths.
[2025-08-19T09:23:09.545+0000] {subprocess.py:93} INFO - 25/08/19 09:23:09 INFO InMemoryFileIndex: It took 27 ms to list leaf files for 1 paths.
[2025-08-19T09:23:09.636+0000] {subprocess.py:93} INFO - 25/08/19 09:23:09 INFO InMemoryFileIndex: It took 10 ms to list leaf files for 1 paths.
[2025-08-19T09:23:11.542+0000] {subprocess.py:93} INFO - 25/08/19 09:23:11 INFO InMemoryFileIndex: It took 77 ms to list leaf files for 1 paths.
[2025-08-19T09:23:11.920+0000] {subprocess.py:93} INFO - 25/08/19 09:23:11 INFO InMemoryFileIndex: It took 39 ms to list leaf files for 1 paths.
[2025-08-19T09:23:14.342+0000] {subprocess.py:93} INFO - 25/08/19 09:23:14 INFO InMemoryFileIndex: It took 18 ms to list leaf files for 1 paths.
[2025-08-19T09:23:14.443+0000] {subprocess.py:93} INFO - 25/08/19 09:23:14 INFO InMemoryFileIndex: It took 24 ms to list leaf files for 1 paths.
[2025-08-19T09:23:16.173+0000] {subprocess.py:93} INFO - 25/08/19 09:23:16 INFO InMemoryFileIndex: It took 16 ms to list leaf files for 1 paths.
[2025-08-19T09:23:16.506+0000] {subprocess.py:93} INFO - Traceback (most recent call last):
[2025-08-19T09:23:16.506+0000] {subprocess.py:93} INFO -   File "/opt/***/jobs/transformation/transform_to_golden_dataset.py", line 22, in <module>
[2025-08-19T09:23:16.512+0000] {subprocess.py:93} INFO -     videos_df = spark.read.format("avro").load(f"hdfs://namenode:9000/storage/hdfs/raw/avro/{region}videos")
[2025-08-19T09:23:16.516+0000] {subprocess.py:93} INFO -                 ^^^^^^^^^^^^^^^^^^^^^^^^^^^^^^^^^^^^^^^^^^^^^^^^^^^^^^^^^^^^^^^^^^^^^^^^^^^^^^^^^^^^^^^^^^^^
[2025-08-19T09:23:16.517+0000] {subprocess.py:93} INFO -   File "/opt/bitnami/spark/python/lib/pyspark.zip/pyspark/sql/readwriter.py", line 307, in load
[2025-08-19T09:23:16.520+0000] {subprocess.py:93} INFO -   File "/opt/bitnami/spark/python/lib/py4j-0.10.9.7-src.zip/py4j/java_gateway.py", line 1322, in __call__
[2025-08-19T09:23:16.525+0000] {subprocess.py:93} INFO -   File "/opt/bitnami/spark/python/lib/pyspark.zip/pyspark/errors/exceptions/captured.py", line 179, in deco
[2025-08-19T09:23:16.531+0000] {subprocess.py:93} INFO -   File "/opt/bitnami/spark/python/lib/py4j-0.10.9.7-src.zip/py4j/protocol.py", line 326, in get_return_value
[2025-08-19T09:23:16.548+0000] {subprocess.py:93} INFO - py4j.protocol.Py4JJavaError: An error occurred while calling o1380.load.
[2025-08-19T09:23:16.549+0000] {subprocess.py:93} INFO - : java.io.FileNotFoundException: No Avro files found. If files don't have .avro extension, set ignoreExtension to true
[2025-08-19T09:23:16.551+0000] {subprocess.py:93} INFO - 	at org.apache.spark.sql.avro.AvroUtils$.inferAvroSchemaFromFiles(AvroUtils.scala:166)
[2025-08-19T09:23:16.551+0000] {subprocess.py:93} INFO - 	at org.apache.spark.sql.avro.AvroUtils$.$anonfun$inferSchema$2(AvroUtils.scala:61)
[2025-08-19T09:23:16.552+0000] {subprocess.py:93} INFO - 	at scala.Option.getOrElse(Option.scala:189)
[2025-08-19T09:23:16.564+0000] {subprocess.py:93} INFO - 	at org.apache.spark.sql.avro.AvroUtils$.inferSchema(AvroUtils.scala:60)
[2025-08-19T09:23:16.564+0000] {subprocess.py:93} INFO - 	at org.apache.spark.sql.avro.AvroFileFormat.inferSchema(AvroFileFormat.scala:58)
[2025-08-19T09:23:16.565+0000] {subprocess.py:93} INFO - 	at org.apache.spark.sql.execution.datasources.DataSource.$anonfun$getOrInferFileFormatSchema$11(DataSource.scala:208)
[2025-08-19T09:23:16.565+0000] {subprocess.py:93} INFO - 	at scala.Option.orElse(Option.scala:447)
[2025-08-19T09:23:16.565+0000] {subprocess.py:93} INFO - 	at org.apache.spark.sql.execution.datasources.DataSource.getOrInferFileFormatSchema(DataSource.scala:205)
[2025-08-19T09:23:16.577+0000] {subprocess.py:93} INFO - 	at org.apache.spark.sql.execution.datasources.DataSource.resolveRelation(DataSource.scala:407)
[2025-08-19T09:23:16.577+0000] {subprocess.py:93} INFO - 	at org.apache.spark.sql.DataFrameReader.loadV1Source(DataFrameReader.scala:229)
[2025-08-19T09:23:16.577+0000] {subprocess.py:93} INFO - 	at org.apache.spark.sql.DataFrameReader.$anonfun$load$2(DataFrameReader.scala:211)
[2025-08-19T09:23:16.578+0000] {subprocess.py:93} INFO - 	at scala.Option.getOrElse(Option.scala:189)
[2025-08-19T09:23:16.578+0000] {subprocess.py:93} INFO - 	at org.apache.spark.sql.DataFrameReader.load(DataFrameReader.scala:211)
[2025-08-19T09:23:16.578+0000] {subprocess.py:93} INFO - 	at org.apache.spark.sql.DataFrameReader.load(DataFrameReader.scala:186)
[2025-08-19T09:23:16.589+0000] {subprocess.py:93} INFO - 	at java.base/jdk.internal.reflect.NativeMethodAccessorImpl.invoke0(Native Method)
[2025-08-19T09:23:16.591+0000] {subprocess.py:93} INFO - 	at java.base/jdk.internal.reflect.NativeMethodAccessorImpl.invoke(NativeMethodAccessorImpl.java:77)
[2025-08-19T09:23:16.591+0000] {subprocess.py:93} INFO - 	at java.base/jdk.internal.reflect.DelegatingMethodAccessorImpl.invoke(DelegatingMethodAccessorImpl.java:43)
[2025-08-19T09:23:16.592+0000] {subprocess.py:93} INFO - 	at java.base/java.lang.reflect.Method.invoke(Method.java:569)
[2025-08-19T09:23:16.592+0000] {subprocess.py:93} INFO - 	at py4j.reflection.MethodInvoker.invoke(MethodInvoker.java:244)
[2025-08-19T09:23:16.592+0000] {subprocess.py:93} INFO - 	at py4j.reflection.ReflectionEngine.invoke(ReflectionEngine.java:374)
[2025-08-19T09:23:16.604+0000] {subprocess.py:93} INFO - 	at py4j.Gateway.invoke(Gateway.java:282)
[2025-08-19T09:23:16.605+0000] {subprocess.py:93} INFO - 	at py4j.commands.AbstractCommand.invokeMethod(AbstractCommand.java:132)
[2025-08-19T09:23:16.605+0000] {subprocess.py:93} INFO - 	at py4j.commands.CallCommand.execute(CallCommand.java:79)
[2025-08-19T09:23:16.613+0000] {subprocess.py:93} INFO - 	at py4j.ClientServerConnection.waitForCommands(ClientServerConnection.java:182)
[2025-08-19T09:23:16.617+0000] {subprocess.py:93} INFO - 	at py4j.ClientServerConnection.run(ClientServerConnection.java:106)
[2025-08-19T09:23:16.621+0000] {subprocess.py:93} INFO - 	at java.base/java.lang.Thread.run(Thread.java:840)
[2025-08-19T09:23:16.624+0000] {subprocess.py:93} INFO - 
[2025-08-19T09:23:16.843+0000] {subprocess.py:93} INFO - 25/08/19 09:23:16 INFO SparkContext: Invoking stop() from shutdown hook
[2025-08-19T09:23:16.845+0000] {subprocess.py:93} INFO - 25/08/19 09:23:16 INFO SparkContext: SparkContext is stopping with exitCode 0.
[2025-08-19T09:23:16.936+0000] {subprocess.py:93} INFO - 25/08/19 09:23:16 INFO SparkUI: Stopped Spark web UI at http://b208641feb52:4042
[2025-08-19T09:23:16.994+0000] {subprocess.py:93} INFO - 25/08/19 09:23:16 INFO StandaloneSchedulerBackend: Shutting down all executors
[2025-08-19T09:23:17.059+0000] {subprocess.py:93} INFO - 25/08/19 09:23:17 INFO StandaloneSchedulerBackend$StandaloneDriverEndpoint: Asking each executor to shut down
[2025-08-19T09:23:17.315+0000] {subprocess.py:93} INFO - 25/08/19 09:23:17 INFO MapOutputTrackerMasterEndpoint: MapOutputTrackerMasterEndpoint stopped!
[2025-08-19T09:23:17.389+0000] {subprocess.py:93} INFO - 25/08/19 09:23:17 INFO MemoryStore: MemoryStore cleared
[2025-08-19T09:23:17.394+0000] {subprocess.py:93} INFO - 25/08/19 09:23:17 INFO BlockManager: BlockManager stopped
[2025-08-19T09:23:17.427+0000] {subprocess.py:93} INFO - 25/08/19 09:23:17 INFO BlockManagerMaster: BlockManagerMaster stopped
[2025-08-19T09:23:17.430+0000] {subprocess.py:93} INFO - 25/08/19 09:23:17 INFO OutputCommitCoordinator$OutputCommitCoordinatorEndpoint: OutputCommitCoordinator stopped!
[2025-08-19T09:23:17.514+0000] {subprocess.py:93} INFO - 25/08/19 09:23:17 INFO SparkContext: Successfully stopped SparkContext
[2025-08-19T09:23:17.520+0000] {subprocess.py:93} INFO - 25/08/19 09:23:17 INFO ShutdownHookManager: Shutdown hook called
[2025-08-19T09:23:17.525+0000] {subprocess.py:93} INFO - 25/08/19 09:23:17 INFO ShutdownHookManager: Deleting directory /tmp/spark-db917cb0-678f-4fe2-b6b8-82369b38c8c4/pyspark-8be4da71-335c-48a7-ae0b-d2ee771899ef
[2025-08-19T09:23:17.578+0000] {subprocess.py:93} INFO - 25/08/19 09:23:17 INFO ShutdownHookManager: Deleting directory /tmp/spark-db917cb0-678f-4fe2-b6b8-82369b38c8c4
[2025-08-19T09:23:17.603+0000] {subprocess.py:93} INFO - 25/08/19 09:23:17 INFO ShutdownHookManager: Deleting directory /tmp/spark-e3c84ee4-851b-4df5-94d1-0dc3068dbb28
[2025-08-19T09:23:18.099+0000] {subprocess.py:97} INFO - Command exited with return code 1
[2025-08-19T09:23:18.101+0000] {taskinstance.py:441} INFO - ::group::Post task execution logs
[2025-08-19T09:23:18.167+0000] {taskinstance.py:2890} ERROR - Task failed with exception
Traceback (most recent call last):
  File "/home/airflow/.local/lib/python3.9/site-packages/airflow/models/taskinstance.py", line 465, in _execute_task
    result = _execute_callable(context=context, **execute_callable_kwargs)
  File "/home/airflow/.local/lib/python3.9/site-packages/airflow/models/taskinstance.py", line 432, in _execute_callable
    return execute_callable(context=context, **execute_callable_kwargs)
  File "/home/airflow/.local/lib/python3.9/site-packages/airflow/models/baseoperator.py", line 400, in wrapper
    return func(self, *args, **kwargs)
  File "/home/airflow/.local/lib/python3.9/site-packages/airflow/operators/bash.py", line 243, in execute
    raise AirflowException(
airflow.exceptions.AirflowException: Bash command failed. The command returned a non-zero exit code 1.
[2025-08-19T09:23:18.206+0000] {taskinstance.py:1205} INFO - Marking task as UP_FOR_RETRY. dag_id=youtube_pipeline_batch_data, task_id=transform_golden, execution_date=20250819T091131, start_date=20250819T092158, end_date=20250819T092318
[2025-08-19T09:23:18.316+0000] {standard_task_runner.py:110} ERROR - Failed to execute job 602 for task transform_golden (Bash command failed. The command returned a non-zero exit code 1.; 2319)
[2025-08-19T09:23:18.363+0000] {local_task_job_runner.py:240} INFO - Task exited with return code 1
[2025-08-19T09:23:18.495+0000] {taskinstance.py:3482} INFO - 0 downstream tasks scheduled from follow-on schedule check
[2025-08-19T09:23:18.508+0000] {local_task_job_runner.py:222} INFO - ::endgroup::
