[2025-08-17T19:23:31.825+0000] {local_task_job_runner.py:120} INFO - ::group::Pre task execution logs
[2025-08-17T19:23:32.002+0000] {taskinstance.py:2073} INFO - Dependencies all met for dep_context=non-requeueable deps ti=<TaskInstance: youtube_elt_dw_analytics.wait_raw_11 scheduled__2025-08-16T00:00:00+00:00 [queued]>
[2025-08-17T19:23:32.021+0000] {taskinstance.py:2073} INFO - Dependencies all met for dep_context=requeueable deps ti=<TaskInstance: youtube_elt_dw_analytics.wait_raw_11 scheduled__2025-08-16T00:00:00+00:00 [queued]>
[2025-08-17T19:23:32.026+0000] {taskinstance.py:2303} INFO - Starting attempt 1 of 3
[2025-08-17T19:23:32.137+0000] {taskinstance.py:2327} INFO - Executing <Task(BashOperator): wait_raw_11> on 2025-08-16 00:00:00+00:00
[2025-08-17T19:23:32.167+0000] {standard_task_runner.py:63} INFO - Started process 250 to run task
[2025-08-17T19:23:32.203+0000] {standard_task_runner.py:90} INFO - Running: ['***', 'tasks', 'run', 'youtube_elt_dw_analytics', 'wait_raw_11', 'scheduled__2025-08-16T00:00:00+00:00', '--job-id', '11', '--raw', '--subdir', 'DAGS_FOLDER/youtube_pipeline.py', '--cfg-path', '/tmp/tmpp3_kkx_o']
[2025-08-17T19:23:32.210+0000] {standard_task_runner.py:91} INFO - Job 11: Subtask wait_raw_11
[2025-08-17T19:23:32.551+0000] {task_command.py:426} INFO - Running <TaskInstance: youtube_elt_dw_analytics.wait_raw_11 scheduled__2025-08-16T00:00:00+00:00 [running]> on host 545418c0948b
[2025-08-17T19:23:33.556+0000] {taskinstance.py:2644} INFO - Exporting env vars: AIRFLOW_CTX_DAG_OWNER='data-team' AIRFLOW_CTX_DAG_ID='youtube_elt_dw_analytics' AIRFLOW_CTX_TASK_ID='wait_raw_11' AIRFLOW_CTX_EXECUTION_DATE='2025-08-16T00:00:00+00:00' AIRFLOW_CTX_TRY_NUMBER='1' AIRFLOW_CTX_DAG_RUN_ID='scheduled__2025-08-16T00:00:00+00:00'
[2025-08-17T19:23:33.571+0000] {taskinstance.py:430} INFO - ::endgroup::
[2025-08-17T19:23:33.808+0000] {subprocess.py:63} INFO - Tmp dir root location: /tmp
[2025-08-17T19:23:33.810+0000] {subprocess.py:75} INFO - Running command: ['/usr/bin/bash', '-c', "\n            for i in {1..60}; do\n              hdfs dfs -test -e hdfs://namenode:9000/data/raw/US_category_id.json && echo 'FOUND: hdfs://namenode:9000/data/raw/US_category_id.json' && exit 0;\n              echo 'Waiting for hdfs://namenode:9000/data/raw/US_category_id.json...';\n              sleep 10;\n            done;\n            echo 'TIMEOUT waiting hdfs://namenode:9000/data/raw/US_category_id.json'; exit 1\n            "]
[2025-08-17T19:23:33.829+0000] {subprocess.py:86} INFO - Output:
[2025-08-17T19:23:33.832+0000] {subprocess.py:93} INFO - /usr/bin/bash: line 3: hdfs: command not found
[2025-08-17T19:23:33.834+0000] {subprocess.py:93} INFO - Waiting for hdfs://namenode:9000/data/raw/US_category_id.json...
[2025-08-17T19:23:43.844+0000] {subprocess.py:93} INFO - /usr/bin/bash: line 3: hdfs: command not found
[2025-08-17T19:23:43.845+0000] {subprocess.py:93} INFO - Waiting for hdfs://namenode:9000/data/raw/US_category_id.json...
[2025-08-17T19:23:53.853+0000] {subprocess.py:93} INFO - /usr/bin/bash: line 3: hdfs: command not found
[2025-08-17T19:23:53.854+0000] {subprocess.py:93} INFO - Waiting for hdfs://namenode:9000/data/raw/US_category_id.json...
[2025-08-17T19:24:03.860+0000] {subprocess.py:93} INFO - /usr/bin/bash: line 3: hdfs: command not found
[2025-08-17T19:24:03.861+0000] {subprocess.py:93} INFO - Waiting for hdfs://namenode:9000/data/raw/US_category_id.json...
[2025-08-17T19:24:13.864+0000] {subprocess.py:93} INFO - /usr/bin/bash: line 3: hdfs: command not found
[2025-08-17T19:24:13.864+0000] {subprocess.py:93} INFO - Waiting for hdfs://namenode:9000/data/raw/US_category_id.json...
[2025-08-17T19:24:23.870+0000] {subprocess.py:93} INFO - /usr/bin/bash: line 3: hdfs: command not found
[2025-08-17T19:24:23.872+0000] {subprocess.py:93} INFO - Waiting for hdfs://namenode:9000/data/raw/US_category_id.json...
[2025-08-17T19:24:33.899+0000] {subprocess.py:93} INFO - /usr/bin/bash: line 3: hdfs: command not found
[2025-08-17T19:24:33.916+0000] {subprocess.py:93} INFO - Waiting for hdfs://namenode:9000/data/raw/US_category_id.json...
[2025-08-17T19:24:43.941+0000] {subprocess.py:93} INFO - /usr/bin/bash: line 3: hdfs: command not found
[2025-08-17T19:24:43.945+0000] {subprocess.py:93} INFO - Waiting for hdfs://namenode:9000/data/raw/US_category_id.json...
[2025-08-17T19:24:53.953+0000] {subprocess.py:93} INFO - /usr/bin/bash: line 3: hdfs: command not found
[2025-08-17T19:24:53.953+0000] {subprocess.py:93} INFO - Waiting for hdfs://namenode:9000/data/raw/US_category_id.json...
[2025-08-17T19:25:03.964+0000] {subprocess.py:93} INFO - /usr/bin/bash: line 3: hdfs: command not found
[2025-08-17T19:25:03.967+0000] {subprocess.py:93} INFO - Waiting for hdfs://namenode:9000/data/raw/US_category_id.json...
[2025-08-17T19:25:13.977+0000] {subprocess.py:93} INFO - /usr/bin/bash: line 3: hdfs: command not found
[2025-08-17T19:25:13.978+0000] {subprocess.py:93} INFO - Waiting for hdfs://namenode:9000/data/raw/US_category_id.json...
[2025-08-17T19:25:23.986+0000] {subprocess.py:93} INFO - /usr/bin/bash: line 3: hdfs: command not found
[2025-08-17T19:25:23.987+0000] {subprocess.py:93} INFO - Waiting for hdfs://namenode:9000/data/raw/US_category_id.json...
[2025-08-17T19:25:33.997+0000] {subprocess.py:93} INFO - /usr/bin/bash: line 3: hdfs: command not found
[2025-08-17T19:25:33.998+0000] {subprocess.py:93} INFO - Waiting for hdfs://namenode:9000/data/raw/US_category_id.json...
[2025-08-17T19:25:44.003+0000] {subprocess.py:93} INFO - /usr/bin/bash: line 3: hdfs: command not found
[2025-08-17T19:25:44.005+0000] {subprocess.py:93} INFO - Waiting for hdfs://namenode:9000/data/raw/US_category_id.json...
[2025-08-17T19:25:54.012+0000] {subprocess.py:93} INFO - /usr/bin/bash: line 3: hdfs: command not found
[2025-08-17T19:25:54.013+0000] {subprocess.py:93} INFO - Waiting for hdfs://namenode:9000/data/raw/US_category_id.json...
[2025-08-17T19:26:04.024+0000] {subprocess.py:93} INFO - /usr/bin/bash: line 3: hdfs: command not found
[2025-08-17T19:26:04.026+0000] {subprocess.py:93} INFO - Waiting for hdfs://namenode:9000/data/raw/US_category_id.json...
[2025-08-17T19:26:14.034+0000] {subprocess.py:93} INFO - /usr/bin/bash: line 3: hdfs: command not found
[2025-08-17T19:26:14.035+0000] {subprocess.py:93} INFO - Waiting for hdfs://namenode:9000/data/raw/US_category_id.json...
[2025-08-17T19:26:24.043+0000] {subprocess.py:93} INFO - /usr/bin/bash: line 3: hdfs: command not found
[2025-08-17T19:26:24.046+0000] {subprocess.py:93} INFO - Waiting for hdfs://namenode:9000/data/raw/US_category_id.json...
[2025-08-17T19:26:34.056+0000] {subprocess.py:93} INFO - /usr/bin/bash: line 3: hdfs: command not found
[2025-08-17T19:26:34.058+0000] {subprocess.py:93} INFO - Waiting for hdfs://namenode:9000/data/raw/US_category_id.json...
[2025-08-17T19:26:44.071+0000] {subprocess.py:93} INFO - /usr/bin/bash: line 3: hdfs: command not found
[2025-08-17T19:26:44.073+0000] {subprocess.py:93} INFO - Waiting for hdfs://namenode:9000/data/raw/US_category_id.json...
[2025-08-17T19:26:54.087+0000] {subprocess.py:93} INFO - /usr/bin/bash: line 3: hdfs: command not found
[2025-08-17T19:26:54.089+0000] {subprocess.py:93} INFO - Waiting for hdfs://namenode:9000/data/raw/US_category_id.json...
[2025-08-17T19:27:04.099+0000] {subprocess.py:93} INFO - /usr/bin/bash: line 3: hdfs: command not found
[2025-08-17T19:27:04.101+0000] {subprocess.py:93} INFO - Waiting for hdfs://namenode:9000/data/raw/US_category_id.json...
[2025-08-17T19:27:14.107+0000] {subprocess.py:93} INFO - /usr/bin/bash: line 3: hdfs: command not found
[2025-08-17T19:27:14.108+0000] {subprocess.py:93} INFO - Waiting for hdfs://namenode:9000/data/raw/US_category_id.json...
[2025-08-17T19:27:24.113+0000] {subprocess.py:93} INFO - /usr/bin/bash: line 3: hdfs: command not found
[2025-08-17T19:27:24.114+0000] {subprocess.py:93} INFO - Waiting for hdfs://namenode:9000/data/raw/US_category_id.json...
[2025-08-17T19:27:34.124+0000] {subprocess.py:93} INFO - /usr/bin/bash: line 3: hdfs: command not found
[2025-08-17T19:27:34.126+0000] {subprocess.py:93} INFO - Waiting for hdfs://namenode:9000/data/raw/US_category_id.json...
[2025-08-17T19:27:44.139+0000] {subprocess.py:93} INFO - /usr/bin/bash: line 3: hdfs: command not found
[2025-08-17T19:27:44.143+0000] {subprocess.py:93} INFO - Waiting for hdfs://namenode:9000/data/raw/US_category_id.json...
[2025-08-17T19:27:54.154+0000] {subprocess.py:93} INFO - /usr/bin/bash: line 3: hdfs: command not found
[2025-08-17T19:27:54.158+0000] {subprocess.py:93} INFO - Waiting for hdfs://namenode:9000/data/raw/US_category_id.json...
[2025-08-17T19:28:04.166+0000] {subprocess.py:93} INFO - /usr/bin/bash: line 3: hdfs: command not found
[2025-08-17T19:28:04.167+0000] {subprocess.py:93} INFO - Waiting for hdfs://namenode:9000/data/raw/US_category_id.json...
[2025-08-17T19:28:14.171+0000] {subprocess.py:93} INFO - /usr/bin/bash: line 3: hdfs: command not found
[2025-08-17T19:28:14.172+0000] {subprocess.py:93} INFO - Waiting for hdfs://namenode:9000/data/raw/US_category_id.json...
[2025-08-17T19:28:24.176+0000] {subprocess.py:93} INFO - /usr/bin/bash: line 3: hdfs: command not found
[2025-08-17T19:28:24.178+0000] {subprocess.py:93} INFO - Waiting for hdfs://namenode:9000/data/raw/US_category_id.json...
[2025-08-17T19:28:34.184+0000] {subprocess.py:93} INFO - /usr/bin/bash: line 3: hdfs: command not found
[2025-08-17T19:28:34.185+0000] {subprocess.py:93} INFO - Waiting for hdfs://namenode:9000/data/raw/US_category_id.json...
[2025-08-17T19:28:44.189+0000] {subprocess.py:93} INFO - /usr/bin/bash: line 3: hdfs: command not found
[2025-08-17T19:28:44.190+0000] {subprocess.py:93} INFO - Waiting for hdfs://namenode:9000/data/raw/US_category_id.json...
[2025-08-17T19:28:54.198+0000] {subprocess.py:93} INFO - /usr/bin/bash: line 3: hdfs: command not found
[2025-08-17T19:28:54.199+0000] {subprocess.py:93} INFO - Waiting for hdfs://namenode:9000/data/raw/US_category_id.json...
[2025-08-17T19:29:04.213+0000] {subprocess.py:93} INFO - /usr/bin/bash: line 3: hdfs: command not found
[2025-08-17T19:29:04.214+0000] {subprocess.py:93} INFO - Waiting for hdfs://namenode:9000/data/raw/US_category_id.json...
[2025-08-17T19:29:14.223+0000] {subprocess.py:93} INFO - /usr/bin/bash: line 3: hdfs: command not found
[2025-08-17T19:29:14.224+0000] {subprocess.py:93} INFO - Waiting for hdfs://namenode:9000/data/raw/US_category_id.json...
[2025-08-17T19:29:24.235+0000] {subprocess.py:93} INFO - /usr/bin/bash: line 3: hdfs: command not found
[2025-08-17T19:29:24.238+0000] {subprocess.py:93} INFO - Waiting for hdfs://namenode:9000/data/raw/US_category_id.json...
[2025-08-17T19:29:34.246+0000] {subprocess.py:93} INFO - /usr/bin/bash: line 3: hdfs: command not found
[2025-08-17T19:29:34.247+0000] {subprocess.py:93} INFO - Waiting for hdfs://namenode:9000/data/raw/US_category_id.json...
[2025-08-17T19:29:44.250+0000] {subprocess.py:93} INFO - /usr/bin/bash: line 3: hdfs: command not found
[2025-08-17T19:29:44.251+0000] {subprocess.py:93} INFO - Waiting for hdfs://namenode:9000/data/raw/US_category_id.json...
[2025-08-17T19:29:54.257+0000] {subprocess.py:93} INFO - /usr/bin/bash: line 3: hdfs: command not found
[2025-08-17T19:29:54.257+0000] {subprocess.py:93} INFO - Waiting for hdfs://namenode:9000/data/raw/US_category_id.json...
[2025-08-17T19:30:04.263+0000] {subprocess.py:93} INFO - /usr/bin/bash: line 3: hdfs: command not found
[2025-08-17T19:30:04.264+0000] {subprocess.py:93} INFO - Waiting for hdfs://namenode:9000/data/raw/US_category_id.json...
[2025-08-17T19:30:14.274+0000] {subprocess.py:93} INFO - /usr/bin/bash: line 3: hdfs: command not found
[2025-08-17T19:30:14.275+0000] {subprocess.py:93} INFO - Waiting for hdfs://namenode:9000/data/raw/US_category_id.json...
[2025-08-17T19:30:24.281+0000] {subprocess.py:93} INFO - /usr/bin/bash: line 3: hdfs: command not found
[2025-08-17T19:30:24.281+0000] {subprocess.py:93} INFO - Waiting for hdfs://namenode:9000/data/raw/US_category_id.json...
[2025-08-17T19:30:34.285+0000] {subprocess.py:93} INFO - /usr/bin/bash: line 3: hdfs: command not found
[2025-08-17T19:30:34.286+0000] {subprocess.py:93} INFO - Waiting for hdfs://namenode:9000/data/raw/US_category_id.json...
[2025-08-17T19:30:44.294+0000] {subprocess.py:93} INFO - /usr/bin/bash: line 3: hdfs: command not found
[2025-08-17T19:30:44.296+0000] {subprocess.py:93} INFO - Waiting for hdfs://namenode:9000/data/raw/US_category_id.json...
[2025-08-17T19:30:54.301+0000] {subprocess.py:93} INFO - /usr/bin/bash: line 3: hdfs: command not found
[2025-08-17T19:30:54.301+0000] {subprocess.py:93} INFO - Waiting for hdfs://namenode:9000/data/raw/US_category_id.json...
[2025-08-17T19:31:04.305+0000] {subprocess.py:93} INFO - /usr/bin/bash: line 3: hdfs: command not found
[2025-08-17T19:31:04.306+0000] {subprocess.py:93} INFO - Waiting for hdfs://namenode:9000/data/raw/US_category_id.json...
[2025-08-17T19:31:14.312+0000] {subprocess.py:93} INFO - /usr/bin/bash: line 3: hdfs: command not found
[2025-08-17T19:31:14.312+0000] {subprocess.py:93} INFO - Waiting for hdfs://namenode:9000/data/raw/US_category_id.json...
[2025-08-17T19:31:24.319+0000] {subprocess.py:93} INFO - /usr/bin/bash: line 3: hdfs: command not found
[2025-08-17T19:31:24.320+0000] {subprocess.py:93} INFO - Waiting for hdfs://namenode:9000/data/raw/US_category_id.json...
[2025-08-17T19:31:34.326+0000] {subprocess.py:93} INFO - /usr/bin/bash: line 3: hdfs: command not found
[2025-08-17T19:31:34.328+0000] {subprocess.py:93} INFO - Waiting for hdfs://namenode:9000/data/raw/US_category_id.json...
[2025-08-17T19:31:44.340+0000] {subprocess.py:93} INFO - /usr/bin/bash: line 3: hdfs: command not found
[2025-08-17T19:31:44.341+0000] {subprocess.py:93} INFO - Waiting for hdfs://namenode:9000/data/raw/US_category_id.json...
[2025-08-17T19:31:54.350+0000] {subprocess.py:93} INFO - /usr/bin/bash: line 3: hdfs: command not found
[2025-08-17T19:31:54.352+0000] {subprocess.py:93} INFO - Waiting for hdfs://namenode:9000/data/raw/US_category_id.json...
[2025-08-17T19:32:04.357+0000] {subprocess.py:93} INFO - /usr/bin/bash: line 3: hdfs: command not found
[2025-08-17T19:32:04.358+0000] {subprocess.py:93} INFO - Waiting for hdfs://namenode:9000/data/raw/US_category_id.json...
[2025-08-17T19:32:14.367+0000] {subprocess.py:93} INFO - /usr/bin/bash: line 3: hdfs: command not found
[2025-08-17T19:32:14.367+0000] {subprocess.py:93} INFO - Waiting for hdfs://namenode:9000/data/raw/US_category_id.json...
[2025-08-17T19:32:24.371+0000] {subprocess.py:93} INFO - /usr/bin/bash: line 3: hdfs: command not found
[2025-08-17T19:32:24.372+0000] {subprocess.py:93} INFO - Waiting for hdfs://namenode:9000/data/raw/US_category_id.json...
[2025-08-17T19:32:34.375+0000] {subprocess.py:93} INFO - /usr/bin/bash: line 3: hdfs: command not found
[2025-08-17T19:32:34.375+0000] {subprocess.py:93} INFO - Waiting for hdfs://namenode:9000/data/raw/US_category_id.json...
[2025-08-17T19:32:44.378+0000] {subprocess.py:93} INFO - /usr/bin/bash: line 3: hdfs: command not found
[2025-08-17T19:32:44.379+0000] {subprocess.py:93} INFO - Waiting for hdfs://namenode:9000/data/raw/US_category_id.json...
[2025-08-17T19:32:54.382+0000] {subprocess.py:93} INFO - /usr/bin/bash: line 3: hdfs: command not found
[2025-08-17T19:32:54.384+0000] {subprocess.py:93} INFO - Waiting for hdfs://namenode:9000/data/raw/US_category_id.json...
[2025-08-17T19:33:04.388+0000] {subprocess.py:93} INFO - /usr/bin/bash: line 3: hdfs: command not found
[2025-08-17T19:33:04.388+0000] {subprocess.py:93} INFO - Waiting for hdfs://namenode:9000/data/raw/US_category_id.json...
[2025-08-17T19:33:14.391+0000] {subprocess.py:93} INFO - /usr/bin/bash: line 3: hdfs: command not found
[2025-08-17T19:33:14.392+0000] {subprocess.py:93} INFO - Waiting for hdfs://namenode:9000/data/raw/US_category_id.json...
[2025-08-17T19:33:24.396+0000] {subprocess.py:93} INFO - /usr/bin/bash: line 3: hdfs: command not found
[2025-08-17T19:33:24.396+0000] {subprocess.py:93} INFO - Waiting for hdfs://namenode:9000/data/raw/US_category_id.json...
[2025-08-17T19:33:34.405+0000] {subprocess.py:93} INFO - TIMEOUT waiting hdfs://namenode:9000/data/raw/US_category_id.json
[2025-08-17T19:33:34.406+0000] {subprocess.py:97} INFO - Command exited with return code 1
[2025-08-17T19:33:34.408+0000] {taskinstance.py:441} INFO - ::group::Post task execution logs
[2025-08-17T19:33:34.428+0000] {taskinstance.py:2890} ERROR - Task failed with exception
Traceback (most recent call last):
  File "/home/airflow/.local/lib/python3.9/site-packages/airflow/models/taskinstance.py", line 465, in _execute_task
    result = _execute_callable(context=context, **execute_callable_kwargs)
  File "/home/airflow/.local/lib/python3.9/site-packages/airflow/models/taskinstance.py", line 432, in _execute_callable
    return execute_callable(context=context, **execute_callable_kwargs)
  File "/home/airflow/.local/lib/python3.9/site-packages/airflow/models/baseoperator.py", line 400, in wrapper
    return func(self, *args, **kwargs)
  File "/home/airflow/.local/lib/python3.9/site-packages/airflow/operators/bash.py", line 243, in execute
    raise AirflowException(
airflow.exceptions.AirflowException: Bash command failed. The command returned a non-zero exit code 1.
[2025-08-17T19:33:34.434+0000] {taskinstance.py:1205} INFO - Marking task as UP_FOR_RETRY. dag_id=youtube_elt_dw_analytics, task_id=wait_raw_11, execution_date=20250816T000000, start_date=20250817T192332, end_date=20250817T193334
[2025-08-17T19:33:34.460+0000] {standard_task_runner.py:110} ERROR - Failed to execute job 11 for task wait_raw_11 (Bash command failed. The command returned a non-zero exit code 1.; 250)
[2025-08-17T19:33:34.511+0000] {local_task_job_runner.py:240} INFO - Task exited with return code 1
[2025-08-17T19:33:34.582+0000] {logging_mixin.py:188} WARNING - /home/***/.local/lib/python3.9/site-packages/***/models/baseoperator.py:1296 AirflowProviderDeprecationWarning: Call to deprecated class PostgresOperator. (Please use `***.providers.common.sql.operators.sql.SQLExecuteQueryOperator`.Also, you can provide `hook_params={'schema': <database>}`.)
[2025-08-17T19:33:34.666+0000] {taskinstance.py:3482} INFO - 0 downstream tasks scheduled from follow-on schedule check
[2025-08-17T19:33:34.670+0000] {local_task_job_runner.py:222} INFO - ::endgroup::
