[2025-08-18T12:05:08.702+0000] {local_task_job_runner.py:120} INFO - ::group::Pre task execution logs
[2025-08-18T12:05:08.800+0000] {taskinstance.py:2073} INFO - Dependencies all met for dep_context=non-requeueable deps ti=<TaskInstance: youtube_pipeline_batch_data.run_q_08_desc_thumb_performance manual__2025-08-18T11:55:06.941528+00:00 [queued]>
[2025-08-18T12:05:08.867+0000] {taskinstance.py:2073} INFO - Dependencies all met for dep_context=requeueable deps ti=<TaskInstance: youtube_pipeline_batch_data.run_q_08_desc_thumb_performance manual__2025-08-18T11:55:06.941528+00:00 [queued]>
[2025-08-18T12:05:08.871+0000] {taskinstance.py:2303} INFO - Starting attempt 4 of 4
[2025-08-18T12:05:08.939+0000] {taskinstance.py:2327} INFO - Executing <Task(PostgresOperator): run_q_08_desc_thumb_performance> on 2025-08-18 11:55:06.941528+00:00
[2025-08-18T12:05:08.950+0000] {standard_task_runner.py:63} INFO - Started process 3659 to run task
[2025-08-18T12:05:08.973+0000] {standard_task_runner.py:90} INFO - Running: ['***', 'tasks', 'run', 'youtube_pipeline_batch_data', 'run_q_08_desc_thumb_performance', 'manual__2025-08-18T11:55:06.941528+00:00', '--job-id', '144', '--raw', '--subdir', 'DAGS_FOLDER/youtube_pipeline.py', '--cfg-path', '/tmp/tmpwrjb3r19']
[2025-08-18T12:05:08.981+0000] {standard_task_runner.py:91} INFO - Job 144: Subtask run_q_08_desc_thumb_performance
[2025-08-18T12:05:09.155+0000] {task_command.py:426} INFO - Running <TaskInstance: youtube_pipeline_batch_data.run_q_08_desc_thumb_performance manual__2025-08-18T11:55:06.941528+00:00 [running]> on host 47205959681c
[2025-08-18T12:05:09.292+0000] {abstractoperator.py:725} ERROR - Exception rendering Jinja template for task 'run_q_08_desc_thumb_performance', field 'sql'. Template: '/opt/***/sql/q_08_desc_thumb_performance.sql'
Traceback (most recent call last):
  File "/home/airflow/.local/lib/python3.9/site-packages/airflow/models/abstractoperator.py", line 717, in _do_render_template_fields
    rendered_content = self.render_template(
  File "/home/airflow/.local/lib/python3.9/site-packages/airflow/template/templater.py", line 166, in render_template
    template = jinja_env.get_template(value)
  File "/home/airflow/.local/lib/python3.9/site-packages/jinja2/environment.py", line 1010, in get_template
    return self._load_template(name, globals)
  File "/home/airflow/.local/lib/python3.9/site-packages/jinja2/environment.py", line 969, in _load_template
    template = self.loader.load(self, name, self.make_globals(globals))
  File "/home/airflow/.local/lib/python3.9/site-packages/jinja2/loaders.py", line 125, in load
    source, filename, uptodate = self.get_source(environment, name)
  File "/home/airflow/.local/lib/python3.9/site-packages/jinja2/loaders.py", line 204, in get_source
    raise TemplateNotFound(template)
jinja2.exceptions.TemplateNotFound: /opt/airflow/sql/q_08_desc_thumb_performance.sql
[2025-08-18T12:05:09.298+0000] {taskinstance.py:2890} ERROR - Task failed with exception
Traceback (most recent call last):
  File "/home/airflow/.local/lib/python3.9/site-packages/airflow/models/taskinstance.py", line 2476, in _run_raw_task
    self._execute_task_with_callbacks(context, test_mode, session=session)
  File "/home/airflow/.local/lib/python3.9/site-packages/airflow/models/taskinstance.py", line 2629, in _execute_task_with_callbacks
    task_orig = self.render_templates(context=context, jinja_env=jinja_env)
  File "/home/airflow/.local/lib/python3.9/site-packages/airflow/models/taskinstance.py", line 3079, in render_templates
    original_task.render_template_fields(context, jinja_env)
  File "/home/airflow/.local/lib/python3.9/site-packages/airflow/models/baseoperator.py", line 1336, in render_template_fields
    self._do_render_template_fields(self, self.template_fields, context, jinja_env, set())
  File "/home/airflow/.local/lib/python3.9/site-packages/airflow/models/abstractoperator.py", line 717, in _do_render_template_fields
    rendered_content = self.render_template(
  File "/home/airflow/.local/lib/python3.9/site-packages/airflow/template/templater.py", line 166, in render_template
    template = jinja_env.get_template(value)
  File "/home/airflow/.local/lib/python3.9/site-packages/jinja2/environment.py", line 1010, in get_template
    return self._load_template(name, globals)
  File "/home/airflow/.local/lib/python3.9/site-packages/jinja2/environment.py", line 969, in _load_template
    template = self.loader.load(self, name, self.make_globals(globals))
  File "/home/airflow/.local/lib/python3.9/site-packages/jinja2/loaders.py", line 125, in load
    source, filename, uptodate = self.get_source(environment, name)
  File "/home/airflow/.local/lib/python3.9/site-packages/jinja2/loaders.py", line 204, in get_source
    raise TemplateNotFound(template)
jinja2.exceptions.TemplateNotFound: /opt/airflow/sql/q_08_desc_thumb_performance.sql
[2025-08-18T12:05:09.318+0000] {taskinstance.py:1205} INFO - Marking task as FAILED. dag_id=youtube_pipeline_batch_data, task_id=run_q_08_desc_thumb_performance, execution_date=20250818T115506, start_date=20250818T120508, end_date=20250818T120509
[2025-08-18T12:05:09.345+0000] {standard_task_runner.py:110} ERROR - Failed to execute job 144 for task run_q_08_desc_thumb_performance (/opt/airflow/sql/q_08_desc_thumb_performance.sql; 3659)
[2025-08-18T12:05:09.381+0000] {local_task_job_runner.py:240} INFO - Task exited with return code 1
[2025-08-18T12:05:09.473+0000] {logging_mixin.py:188} WARNING - /home/***/.local/lib/python3.9/site-packages/***/models/baseoperator.py:1296 AirflowProviderDeprecationWarning: Call to deprecated class PostgresOperator. (Please use `***.providers.common.sql.operators.sql.SQLExecuteQueryOperator`.Also, you can provide `hook_params={'schema': <database>}`.)
[2025-08-18T12:05:09.504+0000] {taskinstance.py:3482} INFO - 0 downstream tasks scheduled from follow-on schedule check
[2025-08-18T12:05:09.505+0000] {local_task_job_runner.py:222} INFO - ::endgroup::
