[2025-08-18T08:40:57.474+0000] {local_task_job_runner.py:120} INFO - ::group::Pre task execution logs
[2025-08-18T08:40:57.519+0000] {taskinstance.py:2073} INFO - Dependencies all met for dep_context=non-requeueable deps ti=<TaskInstance: youtube_pipeline_exec.ingest_raw manual__2025-08-18T08:40:56.669849+00:00 [queued]>
[2025-08-18T08:40:57.531+0000] {taskinstance.py:2073} INFO - Dependencies all met for dep_context=requeueable deps ti=<TaskInstance: youtube_pipeline_exec.ingest_raw manual__2025-08-18T08:40:56.669849+00:00 [queued]>
[2025-08-18T08:40:57.531+0000] {taskinstance.py:2303} INFO - Starting attempt 1 of 2
[2025-08-18T08:40:57.561+0000] {taskinstance.py:2327} INFO - Executing <Task(BashOperator): ingest_raw> on 2025-08-18 08:40:56.669849+00:00
[2025-08-18T08:40:57.568+0000] {standard_task_runner.py:63} INFO - Started process 312 to run task
[2025-08-18T08:40:57.574+0000] {standard_task_runner.py:90} INFO - Running: ['***', 'tasks', 'run', 'youtube_pipeline_exec', 'ingest_raw', 'manual__2025-08-18T08:40:56.669849+00:00', '--job-id', '8', '--raw', '--subdir', 'DAGS_FOLDER/youtube_pipeline.py', '--cfg-path', '/tmp/tmpdaivusb8']
[2025-08-18T08:40:57.580+0000] {standard_task_runner.py:91} INFO - Job 8: Subtask ingest_raw
[2025-08-18T08:40:57.652+0000] {task_command.py:426} INFO - Running <TaskInstance: youtube_pipeline_exec.ingest_raw manual__2025-08-18T08:40:56.669849+00:00 [running]> on host 52029f9418a0
[2025-08-18T08:40:57.812+0000] {taskinstance.py:2644} INFO - Exporting env vars: AIRFLOW_CTX_DAG_OWNER='***' AIRFLOW_CTX_DAG_ID='youtube_pipeline_exec' AIRFLOW_CTX_TASK_ID='ingest_raw' AIRFLOW_CTX_EXECUTION_DATE='2025-08-18T08:40:56.669849+00:00' AIRFLOW_CTX_TRY_NUMBER='1' AIRFLOW_CTX_DAG_RUN_ID='manual__2025-08-18T08:40:56.669849+00:00'
[2025-08-18T08:40:57.813+0000] {taskinstance.py:430} INFO - ::endgroup::
[2025-08-18T08:40:57.835+0000] {subprocess.py:63} INFO - Tmp dir root location: /tmp
[2025-08-18T08:40:57.836+0000] {subprocess.py:75} INFO - Running command: ['/usr/bin/bash', '-c', 'docker exec spark-master spark-submit --master spark://spark-master:7077 --deploy-mode client --packages org.apache.spark:spark-avro_2.12:3.5.1 /opt/***/jobs/ingestion/ingest_raw_to_hdfs.py']
[2025-08-18T08:40:57.851+0000] {subprocess.py:86} INFO - Output:
[2025-08-18T08:40:57.883+0000] {subprocess.py:93} INFO - permission denied while trying to connect to the Docker daemon socket at unix:///var/run/docker.sock: Get "http://%2Fvar%2Frun%2Fdocker.sock/v1.45/containers/spark-master/json": dial unix /var/run/docker.sock: connect: permission denied
[2025-08-18T08:40:57.885+0000] {subprocess.py:97} INFO - Command exited with return code 1
[2025-08-18T08:40:57.886+0000] {taskinstance.py:441} INFO - ::group::Post task execution logs
[2025-08-18T08:40:57.907+0000] {taskinstance.py:2890} ERROR - Task failed with exception
Traceback (most recent call last):
  File "/home/airflow/.local/lib/python3.9/site-packages/airflow/models/taskinstance.py", line 465, in _execute_task
    result = _execute_callable(context=context, **execute_callable_kwargs)
  File "/home/airflow/.local/lib/python3.9/site-packages/airflow/models/taskinstance.py", line 432, in _execute_callable
    return execute_callable(context=context, **execute_callable_kwargs)
  File "/home/airflow/.local/lib/python3.9/site-packages/airflow/models/baseoperator.py", line 400, in wrapper
    return func(self, *args, **kwargs)
  File "/home/airflow/.local/lib/python3.9/site-packages/airflow/operators/bash.py", line 243, in execute
    raise AirflowException(
airflow.exceptions.AirflowException: Bash command failed. The command returned a non-zero exit code 1.
[2025-08-18T08:40:57.920+0000] {taskinstance.py:1205} INFO - Marking task as UP_FOR_RETRY. dag_id=youtube_pipeline_exec, task_id=ingest_raw, execution_date=20250818T084056, start_date=20250818T084057, end_date=20250818T084057
[2025-08-18T08:40:57.946+0000] {standard_task_runner.py:110} ERROR - Failed to execute job 8 for task ingest_raw (Bash command failed. The command returned a non-zero exit code 1.; 312)
[2025-08-18T08:40:57.990+0000] {local_task_job_runner.py:240} INFO - Task exited with return code 1
[2025-08-18T08:40:58.072+0000] {taskinstance.py:3482} INFO - 0 downstream tasks scheduled from follow-on schedule check
[2025-08-18T08:40:58.074+0000] {local_task_job_runner.py:222} INFO - ::endgroup::
