[2025-08-18T18:39:07.410+0000] {local_task_job_runner.py:120} INFO - ::group::Pre task execution logs
[2025-08-18T18:39:07.595+0000] {taskinstance.py:2073} INFO - Dependencies all met for dep_context=non-requeueable deps ti=<TaskInstance: youtube_pipeline_batch_data.run_q_05_tags_core_metrics manual__2025-08-18T18:32:36.272789+00:00 [queued]>
[2025-08-18T18:39:07.651+0000] {taskinstance.py:2073} INFO - Dependencies all met for dep_context=requeueable deps ti=<TaskInstance: youtube_pipeline_batch_data.run_q_05_tags_core_metrics manual__2025-08-18T18:32:36.272789+00:00 [queued]>
[2025-08-18T18:39:07.654+0000] {taskinstance.py:2303} INFO - Starting attempt 1 of 4
[2025-08-18T18:39:07.720+0000] {taskinstance.py:2327} INFO - Executing <Task(BashOperator): run_q_05_tags_core_metrics> on 2025-08-18 18:32:36.272789+00:00
[2025-08-18T18:39:07.736+0000] {standard_task_runner.py:63} INFO - Started process 11001 to run task
[2025-08-18T18:39:07.749+0000] {standard_task_runner.py:90} INFO - Running: ['***', 'tasks', 'run', 'youtube_pipeline_batch_data', 'run_q_05_tags_core_metrics', 'manual__2025-08-18T18:32:36.272789+00:00', '--job-id', '521', '--raw', '--subdir', 'DAGS_FOLDER/youtube_pipeline.py', '--cfg-path', '/tmp/tmpy7qrqeex']
[2025-08-18T18:39:07.759+0000] {standard_task_runner.py:91} INFO - Job 521: Subtask run_q_05_tags_core_metrics
[2025-08-18T18:39:08.194+0000] {task_command.py:426} INFO - Running <TaskInstance: youtube_pipeline_batch_data.run_q_05_tags_core_metrics manual__2025-08-18T18:32:36.272789+00:00 [running]> on host 47205959681c
[2025-08-18T18:39:08.917+0000] {taskinstance.py:2644} INFO - Exporting env vars: AIRFLOW_CTX_DAG_OWNER='***' AIRFLOW_CTX_DAG_ID='youtube_pipeline_batch_data' AIRFLOW_CTX_TASK_ID='run_q_05_tags_core_metrics' AIRFLOW_CTX_EXECUTION_DATE='2025-08-18T18:32:36.272789+00:00' AIRFLOW_CTX_TRY_NUMBER='1' AIRFLOW_CTX_DAG_RUN_ID='manual__2025-08-18T18:32:36.272789+00:00'
[2025-08-18T18:39:08.918+0000] {taskinstance.py:430} INFO - ::endgroup::
[2025-08-18T18:39:09.015+0000] {subprocess.py:63} INFO - Tmp dir root location: /tmp
[2025-08-18T18:39:09.017+0000] {subprocess.py:75} INFO - Running command: ['/usr/bin/bash', '-c', 'PGPASSWORD=citus psql -h citus_coordinator -U citus -d youtube_dw -f /opt/***/sql/q_05_tags_core_metrics.sql']
[2025-08-18T18:39:09.057+0000] {subprocess.py:86} INFO - Output:
[2025-08-18T18:39:09.419+0000] {subprocess.py:93} INFO - CREATE VIEW
[2025-08-18T18:39:09.423+0000] {subprocess.py:97} INFO - Command exited with return code 0
[2025-08-18T18:39:09.435+0000] {taskinstance.py:441} INFO - ::group::Post task execution logs
[2025-08-18T18:39:09.662+0000] {taskinstance.py:1205} INFO - Marking task as SUCCESS. dag_id=youtube_pipeline_batch_data, task_id=run_q_05_tags_core_metrics, execution_date=20250818T183236, start_date=20250818T183907, end_date=20250818T183909
[2025-08-18T18:39:09.755+0000] {local_task_job_runner.py:240} INFO - Task exited with return code 0
[2025-08-18T18:39:09.990+0000] {taskinstance.py:3482} INFO - 0 downstream tasks scheduled from follow-on schedule check
[2025-08-18T18:39:09.994+0000] {local_task_job_runner.py:222} INFO - ::endgroup::
