[2025-08-17T19:23:31.540+0000] {local_task_job_runner.py:120} INFO - ::group::Pre task execution logs
[2025-08-17T19:23:31.745+0000] {taskinstance.py:2073} INFO - Dependencies all met for dep_context=non-requeueable deps ti=<TaskInstance: youtube_elt_dw_analytics.wait_raw_14 scheduled__2025-08-16T00:00:00+00:00 [queued]>
[2025-08-17T19:23:31.801+0000] {taskinstance.py:2073} INFO - Dependencies all met for dep_context=requeueable deps ti=<TaskInstance: youtube_elt_dw_analytics.wait_raw_14 scheduled__2025-08-16T00:00:00+00:00 [queued]>
[2025-08-17T19:23:31.804+0000] {taskinstance.py:2303} INFO - Starting attempt 1 of 3
[2025-08-17T19:23:32.099+0000] {taskinstance.py:2327} INFO - Executing <Task(BashOperator): wait_raw_14> on 2025-08-16 00:00:00+00:00
[2025-08-17T19:23:32.127+0000] {standard_task_runner.py:63} INFO - Started process 249 to run task
[2025-08-17T19:23:32.184+0000] {standard_task_runner.py:90} INFO - Running: ['***', 'tasks', 'run', 'youtube_elt_dw_analytics', 'wait_raw_14', 'scheduled__2025-08-16T00:00:00+00:00', '--job-id', '4', '--raw', '--subdir', 'DAGS_FOLDER/youtube_pipeline.py', '--cfg-path', '/tmp/tmpnugvoufn']
[2025-08-17T19:23:32.225+0000] {standard_task_runner.py:91} INFO - Job 4: Subtask wait_raw_14
[2025-08-17T19:23:32.730+0000] {task_command.py:426} INFO - Running <TaskInstance: youtube_elt_dw_analytics.wait_raw_14 scheduled__2025-08-16T00:00:00+00:00 [running]> on host 545418c0948b
[2025-08-17T19:23:33.463+0000] {taskinstance.py:2644} INFO - Exporting env vars: AIRFLOW_CTX_DAG_OWNER='data-team' AIRFLOW_CTX_DAG_ID='youtube_elt_dw_analytics' AIRFLOW_CTX_TASK_ID='wait_raw_14' AIRFLOW_CTX_EXECUTION_DATE='2025-08-16T00:00:00+00:00' AIRFLOW_CTX_TRY_NUMBER='1' AIRFLOW_CTX_DAG_RUN_ID='scheduled__2025-08-16T00:00:00+00:00'
[2025-08-17T19:23:33.481+0000] {taskinstance.py:430} INFO - ::endgroup::
[2025-08-17T19:23:33.892+0000] {subprocess.py:63} INFO - Tmp dir root location: /tmp
[2025-08-17T19:23:33.893+0000] {subprocess.py:75} INFO - Running command: ['/usr/bin/bash', '-c', "\n            for i in {1..60}; do\n              hdfs dfs -test -e hdfs://namenode:9000/data/raw/DE_category_id.json && echo 'FOUND: hdfs://namenode:9000/data/raw/DE_category_id.json' && exit 0;\n              echo 'Waiting for hdfs://namenode:9000/data/raw/DE_category_id.json...';\n              sleep 10;\n            done;\n            echo 'TIMEOUT waiting hdfs://namenode:9000/data/raw/DE_category_id.json'; exit 1\n            "]
[2025-08-17T19:23:34.062+0000] {subprocess.py:86} INFO - Output:
[2025-08-17T19:23:34.086+0000] {subprocess.py:93} INFO - /usr/bin/bash: line 3: hdfs: command not found
[2025-08-17T19:23:34.092+0000] {subprocess.py:93} INFO - Waiting for hdfs://namenode:9000/data/raw/DE_category_id.json...
[2025-08-17T19:23:44.097+0000] {subprocess.py:93} INFO - /usr/bin/bash: line 3: hdfs: command not found
[2025-08-17T19:23:44.098+0000] {subprocess.py:93} INFO - Waiting for hdfs://namenode:9000/data/raw/DE_category_id.json...
[2025-08-17T19:23:54.104+0000] {subprocess.py:93} INFO - /usr/bin/bash: line 3: hdfs: command not found
[2025-08-17T19:23:54.104+0000] {subprocess.py:93} INFO - Waiting for hdfs://namenode:9000/data/raw/DE_category_id.json...
[2025-08-17T19:24:04.110+0000] {subprocess.py:93} INFO - /usr/bin/bash: line 3: hdfs: command not found
[2025-08-17T19:24:04.110+0000] {subprocess.py:93} INFO - Waiting for hdfs://namenode:9000/data/raw/DE_category_id.json...
[2025-08-17T19:24:14.129+0000] {subprocess.py:93} INFO - /usr/bin/bash: line 3: hdfs: command not found
[2025-08-17T19:24:14.134+0000] {subprocess.py:93} INFO - Waiting for hdfs://namenode:9000/data/raw/DE_category_id.json...
[2025-08-17T19:24:24.144+0000] {subprocess.py:93} INFO - /usr/bin/bash: line 3: hdfs: command not found
[2025-08-17T19:24:24.146+0000] {subprocess.py:93} INFO - Waiting for hdfs://namenode:9000/data/raw/DE_category_id.json...
[2025-08-17T19:24:34.158+0000] {subprocess.py:93} INFO - /usr/bin/bash: line 3: hdfs: command not found
[2025-08-17T19:24:34.159+0000] {subprocess.py:93} INFO - Waiting for hdfs://namenode:9000/data/raw/DE_category_id.json...
[2025-08-17T19:24:44.172+0000] {subprocess.py:93} INFO - /usr/bin/bash: line 3: hdfs: command not found
[2025-08-17T19:24:44.176+0000] {subprocess.py:93} INFO - Waiting for hdfs://namenode:9000/data/raw/DE_category_id.json...
[2025-08-17T19:24:54.189+0000] {subprocess.py:93} INFO - /usr/bin/bash: line 3: hdfs: command not found
[2025-08-17T19:24:54.190+0000] {subprocess.py:93} INFO - Waiting for hdfs://namenode:9000/data/raw/DE_category_id.json...
[2025-08-17T19:25:04.205+0000] {subprocess.py:93} INFO - /usr/bin/bash: line 3: hdfs: command not found
[2025-08-17T19:25:04.206+0000] {subprocess.py:93} INFO - Waiting for hdfs://namenode:9000/data/raw/DE_category_id.json...
[2025-08-17T19:25:14.231+0000] {subprocess.py:93} INFO - /usr/bin/bash: line 3: hdfs: command not found
[2025-08-17T19:25:14.241+0000] {subprocess.py:93} INFO - Waiting for hdfs://namenode:9000/data/raw/DE_category_id.json...
[2025-08-17T19:25:24.295+0000] {subprocess.py:93} INFO - /usr/bin/bash: line 3: hdfs: command not found
[2025-08-17T19:25:24.296+0000] {subprocess.py:93} INFO - Waiting for hdfs://namenode:9000/data/raw/DE_category_id.json...
[2025-08-17T19:25:34.303+0000] {subprocess.py:93} INFO - /usr/bin/bash: line 3: hdfs: command not found
[2025-08-17T19:25:34.304+0000] {subprocess.py:93} INFO - Waiting for hdfs://namenode:9000/data/raw/DE_category_id.json...
[2025-08-17T19:25:44.312+0000] {subprocess.py:93} INFO - /usr/bin/bash: line 3: hdfs: command not found
[2025-08-17T19:25:44.314+0000] {subprocess.py:93} INFO - Waiting for hdfs://namenode:9000/data/raw/DE_category_id.json...
[2025-08-17T19:25:54.325+0000] {subprocess.py:93} INFO - /usr/bin/bash: line 3: hdfs: command not found
[2025-08-17T19:25:54.330+0000] {subprocess.py:93} INFO - Waiting for hdfs://namenode:9000/data/raw/DE_category_id.json...
[2025-08-17T19:26:04.333+0000] {subprocess.py:93} INFO - /usr/bin/bash: line 3: hdfs: command not found
[2025-08-17T19:26:04.334+0000] {subprocess.py:93} INFO - Waiting for hdfs://namenode:9000/data/raw/DE_category_id.json...
[2025-08-17T19:26:14.344+0000] {subprocess.py:93} INFO - /usr/bin/bash: line 3: hdfs: command not found
[2025-08-17T19:26:14.345+0000] {subprocess.py:93} INFO - Waiting for hdfs://namenode:9000/data/raw/DE_category_id.json...
[2025-08-17T19:26:24.354+0000] {subprocess.py:93} INFO - /usr/bin/bash: line 3: hdfs: command not found
[2025-08-17T19:26:24.355+0000] {subprocess.py:93} INFO - Waiting for hdfs://namenode:9000/data/raw/DE_category_id.json...
[2025-08-17T19:26:34.361+0000] {subprocess.py:93} INFO - /usr/bin/bash: line 3: hdfs: command not found
[2025-08-17T19:26:34.362+0000] {subprocess.py:93} INFO - Waiting for hdfs://namenode:9000/data/raw/DE_category_id.json...
[2025-08-17T19:26:44.373+0000] {subprocess.py:93} INFO - /usr/bin/bash: line 3: hdfs: command not found
[2025-08-17T19:26:44.375+0000] {subprocess.py:93} INFO - Waiting for hdfs://namenode:9000/data/raw/DE_category_id.json...
[2025-08-17T19:26:54.391+0000] {subprocess.py:93} INFO - /usr/bin/bash: line 3: hdfs: command not found
[2025-08-17T19:26:54.392+0000] {subprocess.py:93} INFO - Waiting for hdfs://namenode:9000/data/raw/DE_category_id.json...
[2025-08-17T19:27:04.402+0000] {subprocess.py:93} INFO - /usr/bin/bash: line 3: hdfs: command not found
[2025-08-17T19:27:04.402+0000] {subprocess.py:93} INFO - Waiting for hdfs://namenode:9000/data/raw/DE_category_id.json...
[2025-08-17T19:27:14.407+0000] {subprocess.py:93} INFO - /usr/bin/bash: line 3: hdfs: command not found
[2025-08-17T19:27:14.408+0000] {subprocess.py:93} INFO - Waiting for hdfs://namenode:9000/data/raw/DE_category_id.json...
[2025-08-17T19:27:24.412+0000] {subprocess.py:93} INFO - /usr/bin/bash: line 3: hdfs: command not found
[2025-08-17T19:27:24.413+0000] {subprocess.py:93} INFO - Waiting for hdfs://namenode:9000/data/raw/DE_category_id.json...
[2025-08-17T19:27:34.420+0000] {subprocess.py:93} INFO - /usr/bin/bash: line 3: hdfs: command not found
[2025-08-17T19:27:34.426+0000] {subprocess.py:93} INFO - Waiting for hdfs://namenode:9000/data/raw/DE_category_id.json...
[2025-08-17T19:27:44.443+0000] {subprocess.py:93} INFO - /usr/bin/bash: line 3: hdfs: command not found
[2025-08-17T19:27:44.444+0000] {subprocess.py:93} INFO - Waiting for hdfs://namenode:9000/data/raw/DE_category_id.json...
[2025-08-17T19:27:54.461+0000] {subprocess.py:93} INFO - /usr/bin/bash: line 3: hdfs: command not found
[2025-08-17T19:27:54.466+0000] {subprocess.py:93} INFO - Waiting for hdfs://namenode:9000/data/raw/DE_category_id.json...
[2025-08-17T19:28:04.480+0000] {subprocess.py:93} INFO - /usr/bin/bash: line 3: hdfs: command not found
[2025-08-17T19:28:04.482+0000] {subprocess.py:93} INFO - Waiting for hdfs://namenode:9000/data/raw/DE_category_id.json...
[2025-08-17T19:28:14.491+0000] {subprocess.py:93} INFO - /usr/bin/bash: line 3: hdfs: command not found
[2025-08-17T19:28:14.492+0000] {subprocess.py:93} INFO - Waiting for hdfs://namenode:9000/data/raw/DE_category_id.json...
[2025-08-17T19:28:24.496+0000] {subprocess.py:93} INFO - /usr/bin/bash: line 3: hdfs: command not found
[2025-08-17T19:28:24.497+0000] {subprocess.py:93} INFO - Waiting for hdfs://namenode:9000/data/raw/DE_category_id.json...
[2025-08-17T19:28:34.503+0000] {subprocess.py:93} INFO - /usr/bin/bash: line 3: hdfs: command not found
[2025-08-17T19:28:34.507+0000] {subprocess.py:93} INFO - Waiting for hdfs://namenode:9000/data/raw/DE_category_id.json...
[2025-08-17T19:28:44.518+0000] {subprocess.py:93} INFO - /usr/bin/bash: line 3: hdfs: command not found
[2025-08-17T19:28:44.519+0000] {subprocess.py:93} INFO - Waiting for hdfs://namenode:9000/data/raw/DE_category_id.json...
[2025-08-17T19:28:54.527+0000] {subprocess.py:93} INFO - /usr/bin/bash: line 3: hdfs: command not found
[2025-08-17T19:28:54.529+0000] {subprocess.py:93} INFO - Waiting for hdfs://namenode:9000/data/raw/DE_category_id.json...
[2025-08-17T19:29:04.540+0000] {subprocess.py:93} INFO - /usr/bin/bash: line 3: hdfs: command not found
[2025-08-17T19:29:04.542+0000] {subprocess.py:93} INFO - Waiting for hdfs://namenode:9000/data/raw/DE_category_id.json...
[2025-08-17T19:29:14.547+0000] {subprocess.py:93} INFO - /usr/bin/bash: line 3: hdfs: command not found
[2025-08-17T19:29:14.548+0000] {subprocess.py:93} INFO - Waiting for hdfs://namenode:9000/data/raw/DE_category_id.json...
[2025-08-17T19:29:24.558+0000] {subprocess.py:93} INFO - /usr/bin/bash: line 3: hdfs: command not found
[2025-08-17T19:29:24.562+0000] {subprocess.py:93} INFO - Waiting for hdfs://namenode:9000/data/raw/DE_category_id.json...
[2025-08-17T19:29:34.581+0000] {subprocess.py:93} INFO - /usr/bin/bash: line 3: hdfs: command not found
[2025-08-17T19:29:34.583+0000] {subprocess.py:93} INFO - Waiting for hdfs://namenode:9000/data/raw/DE_category_id.json...
[2025-08-17T19:29:44.590+0000] {subprocess.py:93} INFO - /usr/bin/bash: line 3: hdfs: command not found
[2025-08-17T19:29:44.591+0000] {subprocess.py:93} INFO - Waiting for hdfs://namenode:9000/data/raw/DE_category_id.json...
[2025-08-17T19:29:54.596+0000] {subprocess.py:93} INFO - /usr/bin/bash: line 3: hdfs: command not found
[2025-08-17T19:29:54.596+0000] {subprocess.py:93} INFO - Waiting for hdfs://namenode:9000/data/raw/DE_category_id.json...
[2025-08-17T19:30:04.600+0000] {subprocess.py:93} INFO - /usr/bin/bash: line 3: hdfs: command not found
[2025-08-17T19:30:04.601+0000] {subprocess.py:93} INFO - Waiting for hdfs://namenode:9000/data/raw/DE_category_id.json...
[2025-08-17T19:30:14.607+0000] {subprocess.py:93} INFO - /usr/bin/bash: line 3: hdfs: command not found
[2025-08-17T19:30:14.607+0000] {subprocess.py:93} INFO - Waiting for hdfs://namenode:9000/data/raw/DE_category_id.json...
[2025-08-17T19:30:24.613+0000] {subprocess.py:93} INFO - /usr/bin/bash: line 3: hdfs: command not found
[2025-08-17T19:30:24.614+0000] {subprocess.py:93} INFO - Waiting for hdfs://namenode:9000/data/raw/DE_category_id.json...
[2025-08-17T19:30:34.618+0000] {subprocess.py:93} INFO - /usr/bin/bash: line 3: hdfs: command not found
[2025-08-17T19:30:34.619+0000] {subprocess.py:93} INFO - Waiting for hdfs://namenode:9000/data/raw/DE_category_id.json...
[2025-08-17T19:30:44.627+0000] {subprocess.py:93} INFO - /usr/bin/bash: line 3: hdfs: command not found
[2025-08-17T19:30:44.629+0000] {subprocess.py:93} INFO - Waiting for hdfs://namenode:9000/data/raw/DE_category_id.json...
[2025-08-17T19:30:54.642+0000] {subprocess.py:93} INFO - /usr/bin/bash: line 3: hdfs: command not found
[2025-08-17T19:30:54.645+0000] {subprocess.py:93} INFO - Waiting for hdfs://namenode:9000/data/raw/DE_category_id.json...
[2025-08-17T19:31:04.649+0000] {subprocess.py:93} INFO - /usr/bin/bash: line 3: hdfs: command not found
[2025-08-17T19:31:04.650+0000] {subprocess.py:93} INFO - Waiting for hdfs://namenode:9000/data/raw/DE_category_id.json...
[2025-08-17T19:31:14.654+0000] {subprocess.py:93} INFO - /usr/bin/bash: line 3: hdfs: command not found
[2025-08-17T19:31:14.655+0000] {subprocess.py:93} INFO - Waiting for hdfs://namenode:9000/data/raw/DE_category_id.json...
[2025-08-17T19:31:24.660+0000] {subprocess.py:93} INFO - /usr/bin/bash: line 3: hdfs: command not found
[2025-08-17T19:31:24.661+0000] {subprocess.py:93} INFO - Waiting for hdfs://namenode:9000/data/raw/DE_category_id.json...
[2025-08-17T19:31:34.670+0000] {subprocess.py:93} INFO - /usr/bin/bash: line 3: hdfs: command not found
[2025-08-17T19:31:34.671+0000] {subprocess.py:93} INFO - Waiting for hdfs://namenode:9000/data/raw/DE_category_id.json...
[2025-08-17T19:31:44.677+0000] {subprocess.py:93} INFO - /usr/bin/bash: line 3: hdfs: command not found
[2025-08-17T19:31:44.679+0000] {subprocess.py:93} INFO - Waiting for hdfs://namenode:9000/data/raw/DE_category_id.json...
[2025-08-17T19:31:54.688+0000] {subprocess.py:93} INFO - /usr/bin/bash: line 3: hdfs: command not found
[2025-08-17T19:31:54.689+0000] {subprocess.py:93} INFO - Waiting for hdfs://namenode:9000/data/raw/DE_category_id.json...
[2025-08-17T19:32:04.694+0000] {subprocess.py:93} INFO - /usr/bin/bash: line 3: hdfs: command not found
[2025-08-17T19:32:04.695+0000] {subprocess.py:93} INFO - Waiting for hdfs://namenode:9000/data/raw/DE_category_id.json...
[2025-08-17T19:32:14.710+0000] {subprocess.py:93} INFO - /usr/bin/bash: line 3: hdfs: command not found
[2025-08-17T19:32:14.713+0000] {subprocess.py:93} INFO - Waiting for hdfs://namenode:9000/data/raw/DE_category_id.json...
[2025-08-17T19:32:24.725+0000] {subprocess.py:93} INFO - /usr/bin/bash: line 3: hdfs: command not found
[2025-08-17T19:32:24.726+0000] {subprocess.py:93} INFO - Waiting for hdfs://namenode:9000/data/raw/DE_category_id.json...
[2025-08-17T19:32:34.729+0000] {subprocess.py:93} INFO - /usr/bin/bash: line 3: hdfs: command not found
[2025-08-17T19:32:34.730+0000] {subprocess.py:93} INFO - Waiting for hdfs://namenode:9000/data/raw/DE_category_id.json...
[2025-08-17T19:32:44.734+0000] {subprocess.py:93} INFO - /usr/bin/bash: line 3: hdfs: command not found
[2025-08-17T19:32:44.735+0000] {subprocess.py:93} INFO - Waiting for hdfs://namenode:9000/data/raw/DE_category_id.json...
[2025-08-17T19:32:54.739+0000] {subprocess.py:93} INFO - /usr/bin/bash: line 3: hdfs: command not found
[2025-08-17T19:32:54.740+0000] {subprocess.py:93} INFO - Waiting for hdfs://namenode:9000/data/raw/DE_category_id.json...
[2025-08-17T19:33:04.743+0000] {subprocess.py:93} INFO - /usr/bin/bash: line 3: hdfs: command not found
[2025-08-17T19:33:04.744+0000] {subprocess.py:93} INFO - Waiting for hdfs://namenode:9000/data/raw/DE_category_id.json...
[2025-08-17T19:33:14.747+0000] {subprocess.py:93} INFO - /usr/bin/bash: line 3: hdfs: command not found
[2025-08-17T19:33:14.748+0000] {subprocess.py:93} INFO - Waiting for hdfs://namenode:9000/data/raw/DE_category_id.json...
[2025-08-17T19:33:24.752+0000] {subprocess.py:93} INFO - /usr/bin/bash: line 3: hdfs: command not found
[2025-08-17T19:33:24.752+0000] {subprocess.py:93} INFO - Waiting for hdfs://namenode:9000/data/raw/DE_category_id.json...
[2025-08-17T19:33:34.756+0000] {subprocess.py:93} INFO - TIMEOUT waiting hdfs://namenode:9000/data/raw/DE_category_id.json
[2025-08-17T19:33:34.758+0000] {subprocess.py:97} INFO - Command exited with return code 1
[2025-08-17T19:33:34.759+0000] {taskinstance.py:441} INFO - ::group::Post task execution logs
[2025-08-17T19:33:34.791+0000] {taskinstance.py:2890} ERROR - Task failed with exception
Traceback (most recent call last):
  File "/home/airflow/.local/lib/python3.9/site-packages/airflow/models/taskinstance.py", line 465, in _execute_task
    result = _execute_callable(context=context, **execute_callable_kwargs)
  File "/home/airflow/.local/lib/python3.9/site-packages/airflow/models/taskinstance.py", line 432, in _execute_callable
    return execute_callable(context=context, **execute_callable_kwargs)
  File "/home/airflow/.local/lib/python3.9/site-packages/airflow/models/baseoperator.py", line 400, in wrapper
    return func(self, *args, **kwargs)
  File "/home/airflow/.local/lib/python3.9/site-packages/airflow/operators/bash.py", line 243, in execute
    raise AirflowException(
airflow.exceptions.AirflowException: Bash command failed. The command returned a non-zero exit code 1.
[2025-08-17T19:33:34.797+0000] {taskinstance.py:1205} INFO - Marking task as UP_FOR_RETRY. dag_id=youtube_elt_dw_analytics, task_id=wait_raw_14, execution_date=20250816T000000, start_date=20250817T192331, end_date=20250817T193334
[2025-08-17T19:33:34.845+0000] {standard_task_runner.py:110} ERROR - Failed to execute job 4 for task wait_raw_14 (Bash command failed. The command returned a non-zero exit code 1.; 249)
[2025-08-17T19:33:34.913+0000] {local_task_job_runner.py:240} INFO - Task exited with return code 1
[2025-08-17T19:33:35.761+0000] {logging_mixin.py:188} WARNING - /home/***/.local/lib/python3.9/site-packages/***/models/baseoperator.py:1296 AirflowProviderDeprecationWarning: Call to deprecated class PostgresOperator. (Please use `***.providers.common.sql.operators.sql.SQLExecuteQueryOperator`.Also, you can provide `hook_params={'schema': <database>}`.)
[2025-08-17T19:33:36.077+0000] {taskinstance.py:3482} INFO - 0 downstream tasks scheduled from follow-on schedule check
[2025-08-17T19:33:36.089+0000] {local_task_job_runner.py:222} INFO - ::endgroup::
