[2025-08-19T17:25:44.839+0000] {local_task_job_runner.py:120} INFO - ::group::Pre task execution logs
[2025-08-19T17:25:44.989+0000] {taskinstance.py:2073} INFO - Dependencies all met for dep_context=non-requeueable deps ti=<TaskInstance: youtube_pipeline_batch_data.run_q_08_desc_thumb_performance manual__2025-08-19T17:11:54.436401+00:00 [queued]>
[2025-08-19T17:25:45.092+0000] {taskinstance.py:2073} INFO - Dependencies all met for dep_context=requeueable deps ti=<TaskInstance: youtube_pipeline_batch_data.run_q_08_desc_thumb_performance manual__2025-08-19T17:11:54.436401+00:00 [queued]>
[2025-08-19T17:25:45.095+0000] {taskinstance.py:2303} INFO - Starting attempt 1 of 4
[2025-08-19T17:25:45.253+0000] {taskinstance.py:2327} INFO - Executing <Task(BashOperator): run_q_08_desc_thumb_performance> on 2025-08-19 17:11:54.436401+00:00
[2025-08-19T17:25:45.269+0000] {standard_task_runner.py:63} INFO - Started process 2900 to run task
[2025-08-19T17:25:45.299+0000] {standard_task_runner.py:90} INFO - Running: ['***', 'tasks', 'run', 'youtube_pipeline_batch_data', 'run_q_08_desc_thumb_performance', 'manual__2025-08-19T17:11:54.436401+00:00', '--job-id', '661', '--raw', '--subdir', 'DAGS_FOLDER/youtube_pipeline.py', '--cfg-path', '/tmp/tmpojy0x_0m']
[2025-08-19T17:25:45.302+0000] {standard_task_runner.py:91} INFO - Job 661: Subtask run_q_08_desc_thumb_performance
[2025-08-19T17:25:45.545+0000] {task_command.py:426} INFO - Running <TaskInstance: youtube_pipeline_batch_data.run_q_08_desc_thumb_performance manual__2025-08-19T17:11:54.436401+00:00 [running]> on host 7d98d1163bcd
[2025-08-19T17:25:45.991+0000] {taskinstance.py:2644} INFO - Exporting env vars: AIRFLOW_CTX_DAG_OWNER='***' AIRFLOW_CTX_DAG_ID='youtube_pipeline_batch_data' AIRFLOW_CTX_TASK_ID='run_q_08_desc_thumb_performance' AIRFLOW_CTX_EXECUTION_DATE='2025-08-19T17:11:54.436401+00:00' AIRFLOW_CTX_TRY_NUMBER='1' AIRFLOW_CTX_DAG_RUN_ID='manual__2025-08-19T17:11:54.436401+00:00'
[2025-08-19T17:25:45.992+0000] {taskinstance.py:430} INFO - ::endgroup::
[2025-08-19T17:25:46.185+0000] {subprocess.py:63} INFO - Tmp dir root location: /tmp
[2025-08-19T17:25:46.189+0000] {subprocess.py:75} INFO - Running command: ['/usr/bin/bash', '-c', 'PGPASSWORD=citus psql -h citus_coordinator -U citus -d youtube_dw -f /opt/***/sql/q_08_desc_thumb_performance.sql']
[2025-08-19T17:25:46.434+0000] {subprocess.py:86} INFO - Output:
[2025-08-19T17:25:46.923+0000] {subprocess.py:93} INFO - psql:/opt/***/sql/q_08_desc_thumb_performance.sql:8: ERROR:  syntax error at or near "SET"
[2025-08-19T17:25:46.924+0000] {subprocess.py:93} INFO - LINE 2: SET max_parallel_workers_per_gather = 0;
[2025-08-19T17:25:46.924+0000] {subprocess.py:93} INFO -         ^
[2025-08-19T17:25:46.924+0000] {subprocess.py:93} INFO - SET
[2025-08-19T17:26:00.725+0000] {subprocess.py:93} INFO -     category_title    | description_length_category | thumbnail_quality | video_count | avg_views | avg_likes | performance_rank | performance_percentile
[2025-08-19T17:26:00.725+0000] {subprocess.py:93} INFO - ----------------------+-----------------------------+-------------------+-------------+-----------+-----------+------------------+------------------------
[2025-08-19T17:26:00.726+0000] {subprocess.py:93} INFO -  Autos & Vehicles     | Long                        | Standard Quality  |         805 |    517017 |     12982 |                1 |     0.4782608695652174
[2025-08-19T17:26:00.726+0000] {subprocess.py:93} INFO -  Autos & Vehicles     | Medium                      | Standard Quality  |        2132 |    448683 |     11204 |                2 |    0.37681159420289856
[2025-08-19T17:26:00.726+0000] {subprocess.py:93} INFO -  Autos & Vehicles     | Very Short                  | Standard Quality  |         419 |    208726 |      2914 |                3 |    0.08695652173913043
[2025-08-19T17:26:00.727+0000] {subprocess.py:93} INFO -  Autos & Vehicles     | Short                       | Standard Quality  |         732 |    132162 |      6201 |                4 |   0.028985507246376812
[2025-08-19T17:26:00.727+0000] {subprocess.py:93} INFO -  Autos & Vehicles     | Very Long                   | Standard Quality  |         418 |    107796 |      4180 |                5 |                      0
[2025-08-19T17:26:00.727+0000] {subprocess.py:93} INFO -  Comedy               | Long                        | Standard Quality  |        5916 |   1219571 |     51926 |                1 |     0.7971014492753623
[2025-08-19T17:26:00.727+0000] {subprocess.py:93} INFO -  Comedy               | Very Long                   | Standard Quality  |        2271 |    968538 |     36890 |                2 |     0.7391304347826086
[2025-08-19T17:26:00.728+0000] {subprocess.py:93} INFO -  Comedy               | Medium                      | Standard Quality  |       11451 |    757551 |     45820 |                3 |     0.7101449275362319
[2025-08-19T17:26:00.733+0000] {subprocess.py:93} INFO -  Comedy               | Short                       | Standard Quality  |        5002 |    559671 |     24564 |                4 |     0.5362318840579711
[2025-08-19T17:26:00.734+0000] {subprocess.py:93} INFO -  Comedy               | Very Short                  | Standard Quality  |        1944 |    522482 |     17529 |                5 |     0.4927536231884058
[2025-08-19T17:26:00.734+0000] {subprocess.py:93} INFO -  Education            | Very Long                   | Standard Quality  |        1814 |    499145 |     23809 |                1 |    0.43478260869565216
[2025-08-19T17:26:00.734+0000] {subprocess.py:93} INFO -  Education            | Long                        | Standard Quality  |        2245 |    396063 |     17603 |                2 |     0.3188405797101449
[2025-08-19T17:26:00.734+0000] {subprocess.py:93} INFO -  Education            | Medium                      | Standard Quality  |        2390 |    300823 |     10864 |                3 |    0.15942028985507245
[2025-08-19T17:26:00.735+0000] {subprocess.py:93} INFO -  Education            | Short                       | Standard Quality  |         838 |    170551 |      5696 |                4 |    0.07246376811594203
[2025-08-19T17:26:00.735+0000] {subprocess.py:93} INFO -  Education            | Very Short                  | Standard Quality  |         451 |    158150 |      8329 |                5 |   0.057971014492753624
[2025-08-19T17:26:00.735+0000] {subprocess.py:93} INFO -  Entertainment        | Medium                      | Standard Quality  |       44483 |   1224359 |     37604 |                1 |     0.8115942028985508
[2025-08-19T17:26:00.736+0000] {subprocess.py:93} INFO -  Entertainment        | Long                        | Standard Quality  |       22901 |   1012611 |     26314 |                2 |     0.7536231884057971
[2025-08-19T17:26:00.736+0000] {subprocess.py:93} INFO -  Entertainment        | Very Long                   | Standard Quality  |       12899 |    779561 |     17613 |                3 |     0.7246376811594203
[2025-08-19T17:26:00.736+0000] {subprocess.py:93} INFO -  Entertainment        | Short                       | Standard Quality  |       18895 |    635096 |     15026 |                4 |     0.6086956521739131
[2025-08-19T17:26:00.736+0000] {subprocess.py:93} INFO -  Entertainment        | Very Short                  | Standard Quality  |        9001 |    503566 |      6505 |                5 |      0.463768115942029
[2025-08-19T17:26:00.737+0000] {subprocess.py:93} INFO -  Film & Animation     | Long                        | Standard Quality  |        4749 |   2260236 |     46779 |                1 |      0.927536231884058
[2025-08-19T17:26:00.742+0000] {subprocess.py:93} INFO -  Film & Animation     | Medium                      | Standard Quality  |        7981 |   1548021 |     31595 |                2 |     0.8695652173913043
[2025-08-19T17:26:00.743+0000] {subprocess.py:93} INFO -  Film & Animation     | Short                       | Standard Quality  |        3260 |    693024 |     15608 |                3 |     0.6666666666666666
[2025-08-19T17:26:00.743+0000] {subprocess.py:93} INFO -  Film & Animation     | Very Long                   | Standard Quality  |        2436 |    499875 |     14836 |                4 |     0.4492753623188406
[2025-08-19T17:26:00.743+0000] {subprocess.py:93} INFO -  Film & Animation     | Very Short                  | Standard Quality  |        2127 |    456020 |     12147 |                5 |      0.391304347826087
[2025-08-19T17:26:00.743+0000] {subprocess.py:93} INFO -  Gaming               | Very Long                   | Standard Quality  |        1205 |   1118744 |     24032 |                1 |      0.782608695652174
[2025-08-19T17:26:00.744+0000] {subprocess.py:93} INFO -  Gaming               | Short                       | Standard Quality  |        1831 |    695709 |     33990 |                2 |     0.6811594202898551
[2025-08-19T17:26:00.747+0000] {subprocess.py:93} INFO -  Gaming               | Long                        | Standard Quality  |        1949 |    654396 |     24383 |                3 |     0.6521739130434783
[2025-08-19T17:26:00.747+0000] {subprocess.py:93} INFO -  Gaming               | Medium                      | Standard Quality  |        5428 |    635721 |     26387 |                4 |     0.6231884057971014
[2025-08-19T17:26:00.748+0000] {subprocess.py:93} INFO -  Gaming               | Very Short                  | Standard Quality  |         986 |    350692 |     14975 |                5 |     0.2753623188405797
[2025-08-19T17:26:00.748+0000] {subprocess.py:93} INFO -  Howto & Style        | Medium                      | Standard Quality  |        6117 |    632259 |     17329 |                1 |     0.5652173913043478
[2025-08-19T17:26:00.748+0000] {subprocess.py:93} INFO -  Howto & Style        | Long                        | Standard Quality  |        6145 |    498255 |     24283 |                2 |    0.42028985507246375
[2025-08-19T17:26:00.748+0000] {subprocess.py:93} INFO -  Howto & Style        | Very Long                   | Standard Quality  |        4491 |    481650 |     15215 |                3 |     0.4057971014492754
[2025-08-19T17:26:00.749+0000] {subprocess.py:93} INFO -  Howto & Style        | Short                       | Standard Quality  |        1427 |    398645 |     14545 |                4 |     0.3333333333333333
[2025-08-19T17:26:00.749+0000] {subprocess.py:93} INFO -  Howto & Style        | Very Short                  | Standard Quality  |         437 |    124301 |      2715 |                5 |   0.014492753623188406
[2025-08-19T17:26:00.749+0000] {subprocess.py:93} INFO -  Music                | Short                       | Standard Quality  |        7016 |   7411514 |    176519 |                1 |                      1
[2025-08-19T17:26:00.750+0000] {subprocess.py:93} INFO -  Music                | Medium                      | Standard Quality  |       20196 |   6645005 |    205244 |                2 |     0.9855072463768116
[2025-08-19T17:26:00.751+0000] {subprocess.py:93} INFO -  Music                | Very Short                  | Standard Quality  |        2522 |   5268938 |     91407 |                3 |     0.9710144927536232
[2025-08-19T17:26:00.751+0000] {subprocess.py:93} INFO -  Music                | Long                        | Standard Quality  |        7693 |   4576095 |    138759 |                4 |     0.9565217391304348
[2025-08-19T17:26:00.751+0000] {subprocess.py:93} INFO -  Music                | Very Long                   | Standard Quality  |        4809 |   4367051 |    109018 |                5 |     0.9420289855072463
[2025-08-19T17:26:00.752+0000] {subprocess.py:93} INFO -  News & Politics      | Medium                      | Standard Quality  |       13178 |    345834 |      5994 |                1 |     0.2608695652173913
[2025-08-19T17:26:00.752+0000] {subprocess.py:93} INFO -  News & Politics      | Long                        | Standard Quality  |        5166 |    311854 |      5314 |                2 |    0.17391304347826086
[2025-08-19T17:26:00.752+0000] {subprocess.py:93} INFO -  News & Politics      | Short                       | Standard Quality  |        8881 |    268624 |      3093 |                3 |    0.13043478260869565
[2025-08-19T17:26:00.753+0000] {subprocess.py:93} INFO -  News & Politics      | Very Long                   | Standard Quality  |        4372 |    229958 |      4700 |                4 |    0.10144927536231885
[2025-08-19T17:26:00.753+0000] {subprocess.py:93} INFO -  News & Politics      | Very Short                  | Standard Quality  |        5114 |    157463 |      1544 |                5 |   0.043478260869565216
[2025-08-19T17:26:00.753+0000] {subprocess.py:93} INFO -  People & Blogs       | Long                        | Standard Quality  |        7073 |    652159 |     21557 |                1 |     0.6376811594202898
[2025-08-19T17:26:00.753+0000] {subprocess.py:93} INFO -  People & Blogs       | Very Short                  | Standard Quality  |        9772 |    556617 |      3345 |                2 |     0.5217391304347826
[2025-08-19T17:26:00.754+0000] {subprocess.py:93} INFO -  People & Blogs       | Medium                      | Standard Quality  |       14863 |    434585 |     17955 |                3 |    0.34782608695652173
[2025-08-19T17:26:00.755+0000] {subprocess.py:93} INFO -  People & Blogs       | Very Long                   | Standard Quality  |       11241 |    326014 |     11192 |                4 |    0.21739130434782608
[2025-08-19T17:26:00.756+0000] {subprocess.py:93} INFO -  People & Blogs       | Short                       | Standard Quality  |       10197 |    319146 |     10271 |                5 |    0.18840579710144928
[2025-08-19T17:26:00.756+0000] {subprocess.py:93} INFO -  Pets & Animals       | Very Long                   | Standard Quality  |         659 |    728704 |     23034 |                1 |     0.6956521739130435
[2025-08-19T17:26:00.756+0000] {subprocess.py:93} INFO -  Pets & Animals       | Long                        | Standard Quality  |         773 |    634152 |     16040 |                2 |     0.5797101449275363
[2025-08-19T17:26:00.756+0000] {subprocess.py:93} INFO -  Pets & Animals       | Very Short                  | Standard Quality  |         652 |    363366 |      5529 |                3 |    0.30434782608695654
[2025-08-19T17:26:00.757+0000] {subprocess.py:93} INFO -  Pets & Animals       | Short                       | Standard Quality  |        1129 |    326088 |      8957 |                4 |     0.2318840579710145
[2025-08-19T17:26:00.757+0000] {subprocess.py:93} INFO -  Pets & Animals       | Medium                      | Standard Quality  |        1570 |    271925 |      9572 |                5 |    0.14492753623188406
[2025-08-19T17:26:00.757+0000] {subprocess.py:93} INFO -  Science & Technology | Very Short                  | Standard Quality  |         307 |   1823453 |     32866 |                1 |     0.8985507246376812
[2025-08-19T17:26:00.757+0000] {subprocess.py:93} INFO -  Science & Technology | Long                        | Standard Quality  |        2001 |   1767235 |     45154 |                2 |     0.8840579710144928
[2025-08-19T17:26:00.758+0000] {subprocess.py:93} INFO -  Science & Technology | Very Long                   | Standard Quality  |        1068 |   1409978 |     36762 |                3 |      0.855072463768116
[2025-08-19T17:26:00.758+0000] {subprocess.py:93} INFO -  Science & Technology | Short                       | Standard Quality  |         893 |   1312958 |     19112 |                4 |     0.8260869565217391
[2025-08-19T17:26:00.758+0000] {subprocess.py:93} INFO -  Science & Technology | Medium                      | Standard Quality  |        3762 |    634676 |     24837 |                5 |     0.5942028985507246
[2025-08-19T17:26:00.758+0000] {subprocess.py:93} INFO -  Sports               | Very Long                   | Standard Quality  |        2955 |   1923998 |     59544 |                1 |     0.9130434782608695
[2025-08-19T17:26:00.759+0000] {subprocess.py:93} INFO -  Sports               | Long                        | Standard Quality  |        3190 |   1406357 |     14181 |                2 |     0.8405797101449275
[2025-08-19T17:26:00.759+0000] {subprocess.py:93} INFO -  Sports               | Short                       | Standard Quality  |        5491 |    596304 |      7799 |                3 |     0.5507246376811594
[2025-08-19T17:26:00.759+0000] {subprocess.py:93} INFO -  Sports               | Medium                      | Standard Quality  |        9062 |    531320 |     14256 |                4 |     0.5072463768115942
[2025-08-19T17:26:00.759+0000] {subprocess.py:93} INFO -  Sports               | Very Short                  | Standard Quality  |        2682 |    244389 |      1511 |                5 |    0.11594202898550725
[2025-08-19T17:26:00.760+0000] {subprocess.py:93} INFO -  Travel & Events      | Very Short                  | Standard Quality  |          91 |   1097170 |      1579 |                1 |     0.7681159420289855
[2025-08-19T17:26:00.760+0000] {subprocess.py:93} INFO -  Travel & Events      | Medium                      | Standard Quality  |         601 |    445428 |      6050 |                2 |    0.36231884057971014
[2025-08-19T17:26:00.760+0000] {subprocess.py:93} INFO -  Travel & Events      | Short                       | Standard Quality  |         195 |    362006 |      4884 |                3 |     0.2898550724637681
[2025-08-19T17:26:00.760+0000] {subprocess.py:93} INFO -  Travel & Events      | Long                        | Standard Quality  |         386 |    339230 |     10853 |                4 |     0.2463768115942029
[2025-08-19T17:26:00.761+0000] {subprocess.py:93} INFO -  Travel & Events      | Very Long                   | Standard Quality  |         474 |    324758 |      8951 |                5 |     0.2028985507246377
[2025-08-19T17:26:00.762+0000] {subprocess.py:93} INFO - (70 rows)
[2025-08-19T17:26:00.762+0000] {subprocess.py:93} INFO - 
[2025-08-19T17:26:00.763+0000] {subprocess.py:97} INFO - Command exited with return code 0
[2025-08-19T17:26:00.768+0000] {taskinstance.py:441} INFO - ::group::Post task execution logs
[2025-08-19T17:26:00.875+0000] {taskinstance.py:1205} INFO - Marking task as SUCCESS. dag_id=youtube_pipeline_batch_data, task_id=run_q_08_desc_thumb_performance, execution_date=20250819T171154, start_date=20250819T172544, end_date=20250819T172600
[2025-08-19T17:26:00.945+0000] {local_task_job_runner.py:240} INFO - Task exited with return code 0
[2025-08-19T17:26:00.991+0000] {taskinstance.py:3482} INFO - 0 downstream tasks scheduled from follow-on schedule check
[2025-08-19T17:26:00.996+0000] {local_task_job_runner.py:222} INFO - ::endgroup::
