[2025-08-19T09:00:21.704+0000] {local_task_job_runner.py:120} INFO - ::group::Pre task execution logs
[2025-08-19T09:00:21.743+0000] {taskinstance.py:2073} INFO - Dependencies all met for dep_context=non-requeueable deps ti=<TaskInstance: youtube_pipeline_batch_data.drop_views manual__2025-08-19T08:59:11.612500+00:00 [queued]>
[2025-08-19T09:00:21.755+0000] {taskinstance.py:2073} INFO - Dependencies all met for dep_context=requeueable deps ti=<TaskInstance: youtube_pipeline_batch_data.drop_views manual__2025-08-19T08:59:11.612500+00:00 [queued]>
[2025-08-19T09:00:21.756+0000] {taskinstance.py:2303} INFO - Starting attempt 3 of 4
[2025-08-19T09:00:21.778+0000] {taskinstance.py:2327} INFO - Executing <Task(BashOperator): drop_views> on 2025-08-19 08:59:11.612500+00:00
[2025-08-19T09:00:21.784+0000] {standard_task_runner.py:63} INFO - Started process 2222 to run task
[2025-08-19T09:00:21.790+0000] {standard_task_runner.py:90} INFO - Running: ['***', 'tasks', 'run', 'youtube_pipeline_batch_data', 'drop_views', 'manual__2025-08-19T08:59:11.612500+00:00', '--job-id', '564', '--raw', '--subdir', 'DAGS_FOLDER/youtube_pipeline.py', '--cfg-path', '/tmp/tmpd0cxh5kz']
[2025-08-19T09:00:21.792+0000] {standard_task_runner.py:91} INFO - Job 564: Subtask drop_views
[2025-08-19T09:00:21.850+0000] {task_command.py:426} INFO - Running <TaskInstance: youtube_pipeline_batch_data.drop_views manual__2025-08-19T08:59:11.612500+00:00 [running]> on host 0121d0ff2e32
[2025-08-19T09:00:21.964+0000] {taskinstance.py:2644} INFO - Exporting env vars: AIRFLOW_CTX_DAG_OWNER='***' AIRFLOW_CTX_DAG_ID='youtube_pipeline_batch_data' AIRFLOW_CTX_TASK_ID='drop_views' AIRFLOW_CTX_EXECUTION_DATE='2025-08-19T08:59:11.612500+00:00' AIRFLOW_CTX_TRY_NUMBER='3' AIRFLOW_CTX_DAG_RUN_ID='manual__2025-08-19T08:59:11.612500+00:00'
[2025-08-19T09:00:21.966+0000] {taskinstance.py:430} INFO - ::endgroup::
[2025-08-19T09:00:21.991+0000] {subprocess.py:63} INFO - Tmp dir root location: /tmp
[2025-08-19T09:00:21.992+0000] {subprocess.py:75} INFO - Running command: ['/usr/bin/bash', '-c', 'docker exec youtube-pipeline-project-citus_coordinator-1 psql -U citus -d youtube_dw -c "DROP VIEW IF EXISTS avg_views_comments CASCADE; DROP VIEW IF EXISTS vw_q02_top_engagement_channels CASCADE; DROP VIEW IF EXISTS vw_q03_gold_combinations CASCADE; DROP VIEW IF EXISTS vw_q04_problem_types CASCADE; DROP VIEW IF EXISTS vw_q05_tags_core_metrics CASCADE; DROP VIEW IF EXISTS vw_q06_magic_tags CASCADE; DROP VIEW IF EXISTS vw_q07_speed_to_viral CASCADE; DROP VIEW IF EXISTS vw_q08_desc_thumb_performance CASCADE; DROP VIEW IF EXISTS vw_q09_seasonal_launch CASCADE; DROP VIEW IF EXISTS vw_q10_channel_top_video CASCADE;"']
[2025-08-19T09:00:22.008+0000] {subprocess.py:86} INFO - Output:
[2025-08-19T09:00:22.191+0000] {subprocess.py:93} INFO - DROP VIEW
[2025-08-19T09:00:22.192+0000] {subprocess.py:93} INFO - DROP VIEW
[2025-08-19T09:00:22.192+0000] {subprocess.py:93} INFO - NOTICE:  view "avg_views_comments" does not exist, skipping
[2025-08-19T09:00:22.193+0000] {subprocess.py:93} INFO - NOTICE:  view "vw_q02_top_engagement_channels" does not exist, skipping
[2025-08-19T09:00:22.193+0000] {subprocess.py:93} INFO - NOTICE:  view "vw_q03_gold_combinations" does not exist, skipping
[2025-08-19T09:00:22.193+0000] {subprocess.py:93} INFO - NOTICE:  view "vw_q04_problem_types" does not exist, skipping
[2025-08-19T09:00:22.194+0000] {subprocess.py:93} INFO - NOTICE:  view "vw_q05_tags_core_metrics" does not exist, skipping
[2025-08-19T09:00:22.194+0000] {subprocess.py:93} INFO - NOTICE:  view "vw_q06_magic_tags" does not exist, skipping
[2025-08-19T09:00:22.195+0000] {subprocess.py:93} INFO - NOTICE:  view "vw_q07_speed_to_viral" does not exist, skipping
[2025-08-19T09:00:22.195+0000] {subprocess.py:93} INFO - NOTICE:  view "vw_q08_desc_thumb_performance" does not exist, skipping
[2025-08-19T09:00:22.195+0000] {subprocess.py:93} INFO - DROP VIEW
[2025-08-19T09:00:22.196+0000] {subprocess.py:93} INFO - DROP VIEW
[2025-08-19T09:00:22.196+0000] {subprocess.py:93} INFO - DROP VIEW
[2025-08-19T09:00:22.197+0000] {subprocess.py:93} INFO - DROP VIEW
[2025-08-19T09:00:22.197+0000] {subprocess.py:93} INFO - DROP VIEW
[2025-08-19T09:00:22.198+0000] {subprocess.py:93} INFO - NOTICE:  view "vw_q09_seasonal_launch" does not exist, skipping
[2025-08-19T09:00:22.198+0000] {subprocess.py:93} INFO - NOTICE:  view "vw_q10_channel_top_video" does not exist, skipping
[2025-08-19T09:00:22.198+0000] {subprocess.py:93} INFO - DROP VIEW
[2025-08-19T09:00:22.199+0000] {subprocess.py:93} INFO - DROP VIEW
[2025-08-19T09:00:22.199+0000] {subprocess.py:93} INFO - DROP VIEW
[2025-08-19T09:00:22.201+0000] {subprocess.py:97} INFO - Command exited with return code 0
[2025-08-19T09:00:22.203+0000] {taskinstance.py:441} INFO - ::group::Post task execution logs
[2025-08-19T09:00:22.244+0000] {taskinstance.py:1205} INFO - Marking task as SUCCESS. dag_id=youtube_pipeline_batch_data, task_id=drop_views, execution_date=20250819T085911, start_date=20250819T090021, end_date=20250819T090022
[2025-08-19T09:00:22.284+0000] {local_task_job_runner.py:240} INFO - Task exited with return code 0
[2025-08-19T09:00:22.328+0000] {taskinstance.py:3482} INFO - 1 downstream tasks scheduled from follow-on schedule check
[2025-08-19T09:00:22.337+0000] {local_task_job_runner.py:222} INFO - ::endgroup::
