[2025-08-18T13:29:55.836+0000] {local_task_job_runner.py:120} INFO - ::group::Pre task execution logs
[2025-08-18T13:29:55.948+0000] {taskinstance.py:2073} INFO - Dependencies all met for dep_context=non-requeueable deps ti=<TaskInstance: youtube_pipeline_batch_data.run_q_02_top_engagement_channels manual__2025-08-18T13:24:03.294101+00:00 [queued]>
[2025-08-18T13:29:55.965+0000] {taskinstance.py:2073} INFO - Dependencies all met for dep_context=requeueable deps ti=<TaskInstance: youtube_pipeline_batch_data.run_q_02_top_engagement_channels manual__2025-08-18T13:24:03.294101+00:00 [queued]>
[2025-08-18T13:29:55.966+0000] {taskinstance.py:2303} INFO - Starting attempt 1 of 4
[2025-08-18T13:29:56.001+0000] {taskinstance.py:2327} INFO - Executing <Task(BashOperator): run_q_02_top_engagement_channels> on 2025-08-18 13:24:03.294101+00:00
[2025-08-18T13:29:56.018+0000] {standard_task_runner.py:63} INFO - Started process 5100 to run task
[2025-08-18T13:29:56.026+0000] {standard_task_runner.py:90} INFO - Running: ['***', 'tasks', 'run', 'youtube_pipeline_batch_data', 'run_q_02_top_engagement_channels', 'manual__2025-08-18T13:24:03.294101+00:00', '--job-id', '325', '--raw', '--subdir', 'DAGS_FOLDER/youtube_pipeline.py', '--cfg-path', '/tmp/tmpu7sc4bsr']
[2025-08-18T13:29:56.030+0000] {standard_task_runner.py:91} INFO - Job 325: Subtask run_q_02_top_engagement_channels
[2025-08-18T13:29:56.466+0000] {task_command.py:426} INFO - Running <TaskInstance: youtube_pipeline_batch_data.run_q_02_top_engagement_channels manual__2025-08-18T13:24:03.294101+00:00 [running]> on host 47205959681c
[2025-08-18T13:29:57.102+0000] {taskinstance.py:2644} INFO - Exporting env vars: AIRFLOW_CTX_DAG_OWNER='***' AIRFLOW_CTX_DAG_ID='youtube_pipeline_batch_data' AIRFLOW_CTX_TASK_ID='run_q_02_top_engagement_channels' AIRFLOW_CTX_EXECUTION_DATE='2025-08-18T13:24:03.294101+00:00' AIRFLOW_CTX_TRY_NUMBER='1' AIRFLOW_CTX_DAG_RUN_ID='manual__2025-08-18T13:24:03.294101+00:00'
[2025-08-18T13:29:57.103+0000] {taskinstance.py:430} INFO - ::endgroup::
[2025-08-18T13:29:57.154+0000] {subprocess.py:63} INFO - Tmp dir root location: /tmp
[2025-08-18T13:29:57.155+0000] {subprocess.py:75} INFO - Running command: ['/usr/bin/bash', '-c', 'PGPASSWORD=citus psql -h citus_coordinator -U citus -d youtube_dw -f /opt/***/sql/q_02_top_engagement_channels.sql']
[2025-08-18T13:29:57.175+0000] {subprocess.py:86} INFO - Output:
[2025-08-18T13:29:57.668+0000] {subprocess.py:93} INFO - CREATE VIEW
[2025-08-18T13:29:57.668+0000] {subprocess.py:97} INFO - Command exited with return code 0
[2025-08-18T13:29:57.669+0000] {taskinstance.py:441} INFO - ::group::Post task execution logs
[2025-08-18T13:29:57.896+0000] {taskinstance.py:1205} INFO - Marking task as SUCCESS. dag_id=youtube_pipeline_batch_data, task_id=run_q_02_top_engagement_channels, execution_date=20250818T132403, start_date=20250818T132955, end_date=20250818T132957
[2025-08-18T13:29:58.003+0000] {local_task_job_runner.py:240} INFO - Task exited with return code 0
[2025-08-18T13:29:58.081+0000] {taskinstance.py:3482} INFO - 0 downstream tasks scheduled from follow-on schedule check
[2025-08-18T13:29:58.086+0000] {local_task_job_runner.py:222} INFO - ::endgroup::
