[2025-08-17T19:33:36.473+0000] {local_task_job_runner.py:120} INFO - ::group::Pre task execution logs
[2025-08-17T19:33:36.612+0000] {taskinstance.py:2073} INFO - Dependencies all met for dep_context=non-requeueable deps ti=<TaskInstance: youtube_elt_dw_analytics.wait_raw_20 scheduled__2025-08-16T00:00:00+00:00 [queued]>
[2025-08-17T19:33:36.631+0000] {taskinstance.py:2073} INFO - Dependencies all met for dep_context=requeueable deps ti=<TaskInstance: youtube_elt_dw_analytics.wait_raw_20 scheduled__2025-08-16T00:00:00+00:00 [queued]>
[2025-08-17T19:33:36.632+0000] {taskinstance.py:2303} INFO - Starting attempt 1 of 3
[2025-08-17T19:33:36.659+0000] {taskinstance.py:2327} INFO - Executing <Task(BashOperator): wait_raw_20> on 2025-08-16 00:00:00+00:00
[2025-08-17T19:33:36.674+0000] {standard_task_runner.py:63} INFO - Started process 2307 to run task
[2025-08-17T19:33:36.692+0000] {standard_task_runner.py:90} INFO - Running: ['***', 'tasks', 'run', 'youtube_elt_dw_analytics', 'wait_raw_20', 'scheduled__2025-08-16T00:00:00+00:00', '--job-id', '22', '--raw', '--subdir', 'DAGS_FOLDER/youtube_pipeline.py', '--cfg-path', '/tmp/tmp3ro1czxv']
[2025-08-17T19:33:36.698+0000] {standard_task_runner.py:91} INFO - Job 22: Subtask wait_raw_20
[2025-08-17T19:33:36.966+0000] {task_command.py:426} INFO - Running <TaskInstance: youtube_elt_dw_analytics.wait_raw_20 scheduled__2025-08-16T00:00:00+00:00 [running]> on host 545418c0948b
[2025-08-17T19:33:37.297+0000] {taskinstance.py:2644} INFO - Exporting env vars: AIRFLOW_CTX_DAG_OWNER='data-team' AIRFLOW_CTX_DAG_ID='youtube_elt_dw_analytics' AIRFLOW_CTX_TASK_ID='wait_raw_20' AIRFLOW_CTX_EXECUTION_DATE='2025-08-16T00:00:00+00:00' AIRFLOW_CTX_TRY_NUMBER='1' AIRFLOW_CTX_DAG_RUN_ID='scheduled__2025-08-16T00:00:00+00:00'
[2025-08-17T19:33:37.303+0000] {taskinstance.py:430} INFO - ::endgroup::
[2025-08-17T19:33:37.345+0000] {subprocess.py:63} INFO - Tmp dir root location: /tmp
[2025-08-17T19:33:37.346+0000] {subprocess.py:75} INFO - Running command: ['/usr/bin/bash', '-c', "\n            for i in {1..60}; do\n              hdfs dfs -test -e hdfs://namenode:9000/data/raw/MX_category_id.json && echo 'FOUND: hdfs://namenode:9000/data/raw/MX_category_id.json' && exit 0;\n              echo 'Waiting for hdfs://namenode:9000/data/raw/MX_category_id.json...';\n              sleep 10;\n            done;\n            echo 'TIMEOUT waiting hdfs://namenode:9000/data/raw/MX_category_id.json'; exit 1\n            "]
[2025-08-17T19:33:37.363+0000] {subprocess.py:86} INFO - Output:
[2025-08-17T19:33:37.367+0000] {subprocess.py:93} INFO - /usr/bin/bash: line 3: hdfs: command not found
[2025-08-17T19:33:37.368+0000] {subprocess.py:93} INFO - Waiting for hdfs://namenode:9000/data/raw/MX_category_id.json...
[2025-08-17T19:33:47.371+0000] {subprocess.py:93} INFO - /usr/bin/bash: line 3: hdfs: command not found
[2025-08-17T19:33:47.372+0000] {subprocess.py:93} INFO - Waiting for hdfs://namenode:9000/data/raw/MX_category_id.json...
[2025-08-17T19:33:57.375+0000] {subprocess.py:93} INFO - /usr/bin/bash: line 3: hdfs: command not found
[2025-08-17T19:33:57.376+0000] {subprocess.py:93} INFO - Waiting for hdfs://namenode:9000/data/raw/MX_category_id.json...
[2025-08-17T19:34:07.379+0000] {subprocess.py:93} INFO - /usr/bin/bash: line 3: hdfs: command not found
[2025-08-17T19:34:07.379+0000] {subprocess.py:93} INFO - Waiting for hdfs://namenode:9000/data/raw/MX_category_id.json...
[2025-08-17T19:34:17.384+0000] {subprocess.py:93} INFO - /usr/bin/bash: line 3: hdfs: command not found
[2025-08-17T19:34:17.388+0000] {subprocess.py:93} INFO - Waiting for hdfs://namenode:9000/data/raw/MX_category_id.json...
[2025-08-17T19:34:27.392+0000] {subprocess.py:93} INFO - /usr/bin/bash: line 3: hdfs: command not found
[2025-08-17T19:34:27.392+0000] {subprocess.py:93} INFO - Waiting for hdfs://namenode:9000/data/raw/MX_category_id.json...
[2025-08-17T19:34:37.396+0000] {subprocess.py:93} INFO - /usr/bin/bash: line 3: hdfs: command not found
[2025-08-17T19:34:37.397+0000] {subprocess.py:93} INFO - Waiting for hdfs://namenode:9000/data/raw/MX_category_id.json...
[2025-08-17T19:34:47.404+0000] {subprocess.py:93} INFO - /usr/bin/bash: line 3: hdfs: command not found
[2025-08-17T19:34:47.405+0000] {subprocess.py:93} INFO - Waiting for hdfs://namenode:9000/data/raw/MX_category_id.json...
[2025-08-17T19:34:57.415+0000] {subprocess.py:93} INFO - /usr/bin/bash: line 3: hdfs: command not found
[2025-08-17T19:34:57.416+0000] {subprocess.py:93} INFO - Waiting for hdfs://namenode:9000/data/raw/MX_category_id.json...
[2025-08-17T19:35:07.427+0000] {subprocess.py:93} INFO - /usr/bin/bash: line 3: hdfs: command not found
[2025-08-17T19:35:07.428+0000] {subprocess.py:93} INFO - Waiting for hdfs://namenode:9000/data/raw/MX_category_id.json...
[2025-08-17T19:35:17.437+0000] {subprocess.py:93} INFO - /usr/bin/bash: line 3: hdfs: command not found
[2025-08-17T19:35:17.440+0000] {subprocess.py:93} INFO - Waiting for hdfs://namenode:9000/data/raw/MX_category_id.json...
[2025-08-17T19:35:27.449+0000] {subprocess.py:93} INFO - /usr/bin/bash: line 3: hdfs: command not found
[2025-08-17T19:35:27.449+0000] {subprocess.py:93} INFO - Waiting for hdfs://namenode:9000/data/raw/MX_category_id.json...
[2025-08-17T19:35:37.454+0000] {subprocess.py:93} INFO - /usr/bin/bash: line 3: hdfs: command not found
[2025-08-17T19:35:37.454+0000] {subprocess.py:93} INFO - Waiting for hdfs://namenode:9000/data/raw/MX_category_id.json...
[2025-08-17T19:35:47.460+0000] {subprocess.py:93} INFO - /usr/bin/bash: line 3: hdfs: command not found
[2025-08-17T19:35:47.461+0000] {subprocess.py:93} INFO - Waiting for hdfs://namenode:9000/data/raw/MX_category_id.json...
[2025-08-17T19:35:57.471+0000] {subprocess.py:93} INFO - /usr/bin/bash: line 3: hdfs: command not found
[2025-08-17T19:35:57.472+0000] {subprocess.py:93} INFO - Waiting for hdfs://namenode:9000/data/raw/MX_category_id.json...
[2025-08-17T19:36:07.476+0000] {subprocess.py:93} INFO - /usr/bin/bash: line 3: hdfs: command not found
[2025-08-17T19:36:07.476+0000] {subprocess.py:93} INFO - Waiting for hdfs://namenode:9000/data/raw/MX_category_id.json...
[2025-08-17T19:36:17.479+0000] {subprocess.py:93} INFO - /usr/bin/bash: line 3: hdfs: command not found
[2025-08-17T19:36:17.480+0000] {subprocess.py:93} INFO - Waiting for hdfs://namenode:9000/data/raw/MX_category_id.json...
[2025-08-17T19:36:27.485+0000] {subprocess.py:93} INFO - /usr/bin/bash: line 3: hdfs: command not found
[2025-08-17T19:36:27.487+0000] {subprocess.py:93} INFO - Waiting for hdfs://namenode:9000/data/raw/MX_category_id.json...
[2025-08-17T19:36:37.496+0000] {subprocess.py:93} INFO - /usr/bin/bash: line 3: hdfs: command not found
[2025-08-17T19:36:37.496+0000] {subprocess.py:93} INFO - Waiting for hdfs://namenode:9000/data/raw/MX_category_id.json...
[2025-08-17T19:36:47.499+0000] {subprocess.py:93} INFO - /usr/bin/bash: line 3: hdfs: command not found
[2025-08-17T19:36:47.499+0000] {subprocess.py:93} INFO - Waiting for hdfs://namenode:9000/data/raw/MX_category_id.json...
[2025-08-17T19:36:57.503+0000] {subprocess.py:93} INFO - /usr/bin/bash: line 3: hdfs: command not found
[2025-08-17T19:36:57.504+0000] {subprocess.py:93} INFO - Waiting for hdfs://namenode:9000/data/raw/MX_category_id.json...
[2025-08-17T19:37:07.510+0000] {subprocess.py:93} INFO - /usr/bin/bash: line 3: hdfs: command not found
[2025-08-17T19:37:07.511+0000] {subprocess.py:93} INFO - Waiting for hdfs://namenode:9000/data/raw/MX_category_id.json...
[2025-08-17T19:37:17.516+0000] {subprocess.py:93} INFO - /usr/bin/bash: line 3: hdfs: command not found
[2025-08-17T19:37:17.517+0000] {subprocess.py:93} INFO - Waiting for hdfs://namenode:9000/data/raw/MX_category_id.json...
[2025-08-17T19:37:27.527+0000] {subprocess.py:93} INFO - /usr/bin/bash: line 3: hdfs: command not found
[2025-08-17T19:37:27.529+0000] {subprocess.py:93} INFO - Waiting for hdfs://namenode:9000/data/raw/MX_category_id.json...
[2025-08-17T19:37:37.538+0000] {subprocess.py:93} INFO - /usr/bin/bash: line 3: hdfs: command not found
[2025-08-17T19:37:37.540+0000] {subprocess.py:93} INFO - Waiting for hdfs://namenode:9000/data/raw/MX_category_id.json...
[2025-08-17T19:37:47.549+0000] {subprocess.py:93} INFO - /usr/bin/bash: line 3: hdfs: command not found
[2025-08-17T19:37:47.551+0000] {subprocess.py:93} INFO - Waiting for hdfs://namenode:9000/data/raw/MX_category_id.json...
[2025-08-17T19:37:57.561+0000] {subprocess.py:93} INFO - /usr/bin/bash: line 3: hdfs: command not found
[2025-08-17T19:37:57.562+0000] {subprocess.py:93} INFO - Waiting for hdfs://namenode:9000/data/raw/MX_category_id.json...
[2025-08-17T19:38:07.572+0000] {subprocess.py:93} INFO - /usr/bin/bash: line 3: hdfs: command not found
[2025-08-17T19:38:07.576+0000] {subprocess.py:93} INFO - Waiting for hdfs://namenode:9000/data/raw/MX_category_id.json...
[2025-08-17T19:38:17.587+0000] {subprocess.py:93} INFO - /usr/bin/bash: line 3: hdfs: command not found
[2025-08-17T19:38:17.588+0000] {subprocess.py:93} INFO - Waiting for hdfs://namenode:9000/data/raw/MX_category_id.json...
[2025-08-17T19:38:27.601+0000] {subprocess.py:93} INFO - /usr/bin/bash: line 3: hdfs: command not found
[2025-08-17T19:38:27.603+0000] {subprocess.py:93} INFO - Waiting for hdfs://namenode:9000/data/raw/MX_category_id.json...
[2025-08-17T19:38:37.611+0000] {subprocess.py:93} INFO - /usr/bin/bash: line 3: hdfs: command not found
[2025-08-17T19:38:37.612+0000] {subprocess.py:93} INFO - Waiting for hdfs://namenode:9000/data/raw/MX_category_id.json...
[2025-08-17T19:38:47.618+0000] {subprocess.py:93} INFO - /usr/bin/bash: line 3: hdfs: command not found
[2025-08-17T19:38:47.619+0000] {subprocess.py:93} INFO - Waiting for hdfs://namenode:9000/data/raw/MX_category_id.json...
[2025-08-17T19:38:57.631+0000] {subprocess.py:93} INFO - /usr/bin/bash: line 3: hdfs: command not found
[2025-08-17T19:38:57.634+0000] {subprocess.py:93} INFO - Waiting for hdfs://namenode:9000/data/raw/MX_category_id.json...
[2025-08-17T19:39:07.644+0000] {subprocess.py:93} INFO - /usr/bin/bash: line 3: hdfs: command not found
[2025-08-17T19:39:07.645+0000] {subprocess.py:93} INFO - Waiting for hdfs://namenode:9000/data/raw/MX_category_id.json...
[2025-08-17T19:39:17.648+0000] {subprocess.py:93} INFO - /usr/bin/bash: line 3: hdfs: command not found
[2025-08-17T19:39:17.649+0000] {subprocess.py:93} INFO - Waiting for hdfs://namenode:9000/data/raw/MX_category_id.json...
[2025-08-17T19:39:27.652+0000] {subprocess.py:93} INFO - /usr/bin/bash: line 3: hdfs: command not found
[2025-08-17T19:39:27.654+0000] {subprocess.py:93} INFO - Waiting for hdfs://namenode:9000/data/raw/MX_category_id.json...
[2025-08-17T19:39:37.657+0000] {subprocess.py:93} INFO - /usr/bin/bash: line 3: hdfs: command not found
[2025-08-17T19:39:37.658+0000] {subprocess.py:93} INFO - Waiting for hdfs://namenode:9000/data/raw/MX_category_id.json...
[2025-08-17T19:39:47.663+0000] {subprocess.py:93} INFO - /usr/bin/bash: line 3: hdfs: command not found
[2025-08-17T19:39:47.663+0000] {subprocess.py:93} INFO - Waiting for hdfs://namenode:9000/data/raw/MX_category_id.json...
[2025-08-17T19:39:57.667+0000] {subprocess.py:93} INFO - /usr/bin/bash: line 3: hdfs: command not found
[2025-08-17T19:39:57.670+0000] {subprocess.py:93} INFO - Waiting for hdfs://namenode:9000/data/raw/MX_category_id.json...
[2025-08-17T19:40:07.672+0000] {subprocess.py:93} INFO - /usr/bin/bash: line 3: hdfs: command not found
[2025-08-17T19:40:07.673+0000] {subprocess.py:93} INFO - Waiting for hdfs://namenode:9000/data/raw/MX_category_id.json...
[2025-08-17T19:40:17.677+0000] {subprocess.py:93} INFO - /usr/bin/bash: line 3: hdfs: command not found
[2025-08-17T19:40:17.680+0000] {subprocess.py:93} INFO - Waiting for hdfs://namenode:9000/data/raw/MX_category_id.json...
[2025-08-17T19:40:27.681+0000] {subprocess.py:93} INFO - /usr/bin/bash: line 3: hdfs: command not found
[2025-08-17T19:40:27.682+0000] {subprocess.py:93} INFO - Waiting for hdfs://namenode:9000/data/raw/MX_category_id.json...
[2025-08-17T19:40:37.685+0000] {subprocess.py:93} INFO - /usr/bin/bash: line 3: hdfs: command not found
[2025-08-17T19:40:37.687+0000] {subprocess.py:93} INFO - Waiting for hdfs://namenode:9000/data/raw/MX_category_id.json...
[2025-08-17T19:40:47.691+0000] {subprocess.py:93} INFO - /usr/bin/bash: line 3: hdfs: command not found
[2025-08-17T19:40:47.692+0000] {subprocess.py:93} INFO - Waiting for hdfs://namenode:9000/data/raw/MX_category_id.json...
[2025-08-17T19:40:57.700+0000] {subprocess.py:93} INFO - /usr/bin/bash: line 3: hdfs: command not found
[2025-08-17T19:40:57.700+0000] {subprocess.py:93} INFO - Waiting for hdfs://namenode:9000/data/raw/MX_category_id.json...
[2025-08-17T19:41:07.705+0000] {subprocess.py:93} INFO - /usr/bin/bash: line 3: hdfs: command not found
[2025-08-17T19:41:07.705+0000] {subprocess.py:93} INFO - Waiting for hdfs://namenode:9000/data/raw/MX_category_id.json...
[2025-08-17T19:41:17.712+0000] {subprocess.py:93} INFO - /usr/bin/bash: line 3: hdfs: command not found
[2025-08-17T19:41:17.713+0000] {subprocess.py:93} INFO - Waiting for hdfs://namenode:9000/data/raw/MX_category_id.json...
[2025-08-17T19:41:27.723+0000] {subprocess.py:93} INFO - /usr/bin/bash: line 3: hdfs: command not found
[2025-08-17T19:41:27.725+0000] {subprocess.py:93} INFO - Waiting for hdfs://namenode:9000/data/raw/MX_category_id.json...
[2025-08-17T19:41:37.732+0000] {subprocess.py:93} INFO - /usr/bin/bash: line 3: hdfs: command not found
[2025-08-17T19:41:37.733+0000] {subprocess.py:93} INFO - Waiting for hdfs://namenode:9000/data/raw/MX_category_id.json...
[2025-08-17T19:41:47.737+0000] {subprocess.py:93} INFO - /usr/bin/bash: line 3: hdfs: command not found
[2025-08-17T19:41:47.738+0000] {subprocess.py:93} INFO - Waiting for hdfs://namenode:9000/data/raw/MX_category_id.json...
[2025-08-17T19:41:57.743+0000] {subprocess.py:93} INFO - /usr/bin/bash: line 3: hdfs: command not found
[2025-08-17T19:41:57.744+0000] {subprocess.py:93} INFO - Waiting for hdfs://namenode:9000/data/raw/MX_category_id.json...
[2025-08-17T19:42:07.750+0000] {subprocess.py:93} INFO - /usr/bin/bash: line 3: hdfs: command not found
[2025-08-17T19:42:07.751+0000] {subprocess.py:93} INFO - Waiting for hdfs://namenode:9000/data/raw/MX_category_id.json...
[2025-08-17T19:42:17.760+0000] {subprocess.py:93} INFO - /usr/bin/bash: line 3: hdfs: command not found
[2025-08-17T19:42:17.760+0000] {subprocess.py:93} INFO - Waiting for hdfs://namenode:9000/data/raw/MX_category_id.json...
[2025-08-17T19:42:27.764+0000] {subprocess.py:93} INFO - /usr/bin/bash: line 3: hdfs: command not found
[2025-08-17T19:42:27.766+0000] {subprocess.py:93} INFO - Waiting for hdfs://namenode:9000/data/raw/MX_category_id.json...
[2025-08-17T19:42:37.776+0000] {subprocess.py:93} INFO - /usr/bin/bash: line 3: hdfs: command not found
[2025-08-17T19:42:37.778+0000] {subprocess.py:93} INFO - Waiting for hdfs://namenode:9000/data/raw/MX_category_id.json...
[2025-08-17T19:42:47.788+0000] {subprocess.py:93} INFO - /usr/bin/bash: line 3: hdfs: command not found
[2025-08-17T19:42:47.790+0000] {subprocess.py:93} INFO - Waiting for hdfs://namenode:9000/data/raw/MX_category_id.json...
[2025-08-17T19:42:57.802+0000] {subprocess.py:93} INFO - /usr/bin/bash: line 3: hdfs: command not found
[2025-08-17T19:42:57.804+0000] {subprocess.py:93} INFO - Waiting for hdfs://namenode:9000/data/raw/MX_category_id.json...
[2025-08-17T19:43:07.811+0000] {subprocess.py:93} INFO - /usr/bin/bash: line 3: hdfs: command not found
[2025-08-17T19:43:07.812+0000] {subprocess.py:93} INFO - Waiting for hdfs://namenode:9000/data/raw/MX_category_id.json...
[2025-08-17T19:43:17.822+0000] {subprocess.py:93} INFO - /usr/bin/bash: line 3: hdfs: command not found
[2025-08-17T19:43:17.823+0000] {subprocess.py:93} INFO - Waiting for hdfs://namenode:9000/data/raw/MX_category_id.json...
[2025-08-17T19:43:27.835+0000] {subprocess.py:93} INFO - /usr/bin/bash: line 3: hdfs: command not found
[2025-08-17T19:43:27.837+0000] {subprocess.py:93} INFO - Waiting for hdfs://namenode:9000/data/raw/MX_category_id.json...
[2025-08-17T19:43:37.848+0000] {subprocess.py:93} INFO - TIMEOUT waiting hdfs://namenode:9000/data/raw/MX_category_id.json
[2025-08-17T19:43:37.849+0000] {subprocess.py:97} INFO - Command exited with return code 1
[2025-08-17T19:43:37.850+0000] {taskinstance.py:441} INFO - ::group::Post task execution logs
[2025-08-17T19:43:37.870+0000] {taskinstance.py:2890} ERROR - Task failed with exception
Traceback (most recent call last):
  File "/home/airflow/.local/lib/python3.9/site-packages/airflow/models/taskinstance.py", line 465, in _execute_task
    result = _execute_callable(context=context, **execute_callable_kwargs)
  File "/home/airflow/.local/lib/python3.9/site-packages/airflow/models/taskinstance.py", line 432, in _execute_callable
    return execute_callable(context=context, **execute_callable_kwargs)
  File "/home/airflow/.local/lib/python3.9/site-packages/airflow/models/baseoperator.py", line 400, in wrapper
    return func(self, *args, **kwargs)
  File "/home/airflow/.local/lib/python3.9/site-packages/airflow/operators/bash.py", line 243, in execute
    raise AirflowException(
airflow.exceptions.AirflowException: Bash command failed. The command returned a non-zero exit code 1.
[2025-08-17T19:43:37.876+0000] {taskinstance.py:1205} INFO - Marking task as UP_FOR_RETRY. dag_id=youtube_elt_dw_analytics, task_id=wait_raw_20, execution_date=20250816T000000, start_date=20250817T193336, end_date=20250817T194337
[2025-08-17T19:43:37.902+0000] {standard_task_runner.py:110} ERROR - Failed to execute job 22 for task wait_raw_20 (Bash command failed. The command returned a non-zero exit code 1.; 2307)
[2025-08-17T19:43:37.952+0000] {local_task_job_runner.py:240} INFO - Task exited with return code 1
[2025-08-17T19:43:38.046+0000] {logging_mixin.py:188} WARNING - /home/***/.local/lib/python3.9/site-packages/***/models/baseoperator.py:1296 AirflowProviderDeprecationWarning: Call to deprecated class PostgresOperator. (Please use `***.providers.common.sql.operators.sql.SQLExecuteQueryOperator`.Also, you can provide `hook_params={'schema': <database>}`.)
[2025-08-17T19:43:38.090+0000] {taskinstance.py:3482} INFO - 0 downstream tasks scheduled from follow-on schedule check
[2025-08-17T19:43:38.092+0000] {local_task_job_runner.py:222} INFO - ::endgroup::
