[2025-08-17T19:23:31.984+0000] {local_task_job_runner.py:120} INFO - ::group::Pre task execution logs
[2025-08-17T19:23:32.282+0000] {taskinstance.py:2073} INFO - Dependencies all met for dep_context=non-requeueable deps ti=<TaskInstance: youtube_elt_dw_analytics.wait_raw_4 scheduled__2025-08-16T00:00:00+00:00 [queued]>
[2025-08-17T19:23:32.363+0000] {taskinstance.py:2073} INFO - Dependencies all met for dep_context=requeueable deps ti=<TaskInstance: youtube_elt_dw_analytics.wait_raw_4 scheduled__2025-08-16T00:00:00+00:00 [queued]>
[2025-08-17T19:23:32.363+0000] {taskinstance.py:2303} INFO - Starting attempt 1 of 3
[2025-08-17T19:23:32.559+0000] {taskinstance.py:2327} INFO - Executing <Task(BashOperator): wait_raw_4> on 2025-08-16 00:00:00+00:00
[2025-08-17T19:23:32.606+0000] {standard_task_runner.py:63} INFO - Started process 259 to run task
[2025-08-17T19:23:32.640+0000] {standard_task_runner.py:90} INFO - Running: ['***', 'tasks', 'run', 'youtube_elt_dw_analytics', 'wait_raw_4', 'scheduled__2025-08-16T00:00:00+00:00', '--job-id', '14', '--raw', '--subdir', 'DAGS_FOLDER/youtube_pipeline.py', '--cfg-path', '/tmp/tmpcgyixdjk']
[2025-08-17T19:23:32.666+0000] {standard_task_runner.py:91} INFO - Job 14: Subtask wait_raw_4
[2025-08-17T19:23:33.206+0000] {task_command.py:426} INFO - Running <TaskInstance: youtube_elt_dw_analytics.wait_raw_4 scheduled__2025-08-16T00:00:00+00:00 [running]> on host 545418c0948b
[2025-08-17T19:23:34.177+0000] {taskinstance.py:2644} INFO - Exporting env vars: AIRFLOW_CTX_DAG_OWNER='data-team' AIRFLOW_CTX_DAG_ID='youtube_elt_dw_analytics' AIRFLOW_CTX_TASK_ID='wait_raw_4' AIRFLOW_CTX_EXECUTION_DATE='2025-08-16T00:00:00+00:00' AIRFLOW_CTX_TRY_NUMBER='1' AIRFLOW_CTX_DAG_RUN_ID='scheduled__2025-08-16T00:00:00+00:00'
[2025-08-17T19:23:34.178+0000] {taskinstance.py:430} INFO - ::endgroup::
[2025-08-17T19:23:34.224+0000] {subprocess.py:63} INFO - Tmp dir root location: /tmp
[2025-08-17T19:23:34.225+0000] {subprocess.py:75} INFO - Running command: ['/usr/bin/bash', '-c', "\n            for i in {1..60}; do\n              hdfs dfs -test -e hdfs://namenode:9000/data/raw/FRvideos.csv && echo 'FOUND: hdfs://namenode:9000/data/raw/FRvideos.csv' && exit 0;\n              echo 'Waiting for hdfs://namenode:9000/data/raw/FRvideos.csv...';\n              sleep 10;\n            done;\n            echo 'TIMEOUT waiting hdfs://namenode:9000/data/raw/FRvideos.csv'; exit 1\n            "]
[2025-08-17T19:23:34.237+0000] {subprocess.py:86} INFO - Output:
[2025-08-17T19:23:34.240+0000] {subprocess.py:93} INFO - /usr/bin/bash: line 3: hdfs: command not found
[2025-08-17T19:23:34.241+0000] {subprocess.py:93} INFO - Waiting for hdfs://namenode:9000/data/raw/FRvideos.csv...
[2025-08-17T19:23:44.245+0000] {subprocess.py:93} INFO - /usr/bin/bash: line 3: hdfs: command not found
[2025-08-17T19:23:44.246+0000] {subprocess.py:93} INFO - Waiting for hdfs://namenode:9000/data/raw/FRvideos.csv...
[2025-08-17T19:23:54.255+0000] {subprocess.py:93} INFO - /usr/bin/bash: line 3: hdfs: command not found
[2025-08-17T19:23:54.257+0000] {subprocess.py:93} INFO - Waiting for hdfs://namenode:9000/data/raw/FRvideos.csv...
[2025-08-17T19:24:04.262+0000] {subprocess.py:93} INFO - /usr/bin/bash: line 3: hdfs: command not found
[2025-08-17T19:24:04.263+0000] {subprocess.py:93} INFO - Waiting for hdfs://namenode:9000/data/raw/FRvideos.csv...
[2025-08-17T19:24:14.267+0000] {subprocess.py:93} INFO - /usr/bin/bash: line 3: hdfs: command not found
[2025-08-17T19:24:14.269+0000] {subprocess.py:93} INFO - Waiting for hdfs://namenode:9000/data/raw/FRvideos.csv...
[2025-08-17T19:24:24.279+0000] {subprocess.py:93} INFO - /usr/bin/bash: line 3: hdfs: command not found
[2025-08-17T19:24:24.280+0000] {subprocess.py:93} INFO - Waiting for hdfs://namenode:9000/data/raw/FRvideos.csv...
[2025-08-17T19:24:34.289+0000] {subprocess.py:93} INFO - /usr/bin/bash: line 3: hdfs: command not found
[2025-08-17T19:24:34.290+0000] {subprocess.py:93} INFO - Waiting for hdfs://namenode:9000/data/raw/FRvideos.csv...
[2025-08-17T19:24:44.295+0000] {subprocess.py:93} INFO - /usr/bin/bash: line 3: hdfs: command not found
[2025-08-17T19:24:44.298+0000] {subprocess.py:93} INFO - Waiting for hdfs://namenode:9000/data/raw/FRvideos.csv...
[2025-08-17T19:24:54.304+0000] {subprocess.py:93} INFO - /usr/bin/bash: line 3: hdfs: command not found
[2025-08-17T19:24:54.305+0000] {subprocess.py:93} INFO - Waiting for hdfs://namenode:9000/data/raw/FRvideos.csv...
[2025-08-17T19:25:04.314+0000] {subprocess.py:93} INFO - /usr/bin/bash: line 3: hdfs: command not found
[2025-08-17T19:25:04.315+0000] {subprocess.py:93} INFO - Waiting for hdfs://namenode:9000/data/raw/FRvideos.csv...
[2025-08-17T19:25:14.320+0000] {subprocess.py:93} INFO - /usr/bin/bash: line 3: hdfs: command not found
[2025-08-17T19:25:14.322+0000] {subprocess.py:93} INFO - Waiting for hdfs://namenode:9000/data/raw/FRvideos.csv...
[2025-08-17T19:25:24.349+0000] {subprocess.py:93} INFO - /usr/bin/bash: line 3: hdfs: command not found
[2025-08-17T19:25:24.349+0000] {subprocess.py:93} INFO - Waiting for hdfs://namenode:9000/data/raw/FRvideos.csv...
[2025-08-17T19:25:34.356+0000] {subprocess.py:93} INFO - /usr/bin/bash: line 3: hdfs: command not found
[2025-08-17T19:25:34.357+0000] {subprocess.py:93} INFO - Waiting for hdfs://namenode:9000/data/raw/FRvideos.csv...
[2025-08-17T19:25:44.364+0000] {subprocess.py:93} INFO - /usr/bin/bash: line 3: hdfs: command not found
[2025-08-17T19:25:44.369+0000] {subprocess.py:93} INFO - Waiting for hdfs://namenode:9000/data/raw/FRvideos.csv...
[2025-08-17T19:25:54.381+0000] {subprocess.py:93} INFO - /usr/bin/bash: line 3: hdfs: command not found
[2025-08-17T19:25:54.382+0000] {subprocess.py:93} INFO - Waiting for hdfs://namenode:9000/data/raw/FRvideos.csv...
[2025-08-17T19:26:04.389+0000] {subprocess.py:93} INFO - /usr/bin/bash: line 3: hdfs: command not found
[2025-08-17T19:26:04.390+0000] {subprocess.py:93} INFO - Waiting for hdfs://namenode:9000/data/raw/FRvideos.csv...
[2025-08-17T19:26:14.404+0000] {subprocess.py:93} INFO - /usr/bin/bash: line 3: hdfs: command not found
[2025-08-17T19:26:14.406+0000] {subprocess.py:93} INFO - Waiting for hdfs://namenode:9000/data/raw/FRvideos.csv...
[2025-08-17T19:26:24.414+0000] {subprocess.py:93} INFO - /usr/bin/bash: line 3: hdfs: command not found
[2025-08-17T19:26:24.415+0000] {subprocess.py:93} INFO - Waiting for hdfs://namenode:9000/data/raw/FRvideos.csv...
[2025-08-17T19:26:34.423+0000] {subprocess.py:93} INFO - /usr/bin/bash: line 3: hdfs: command not found
[2025-08-17T19:26:34.426+0000] {subprocess.py:93} INFO - Waiting for hdfs://namenode:9000/data/raw/FRvideos.csv...
[2025-08-17T19:26:44.439+0000] {subprocess.py:93} INFO - /usr/bin/bash: line 3: hdfs: command not found
[2025-08-17T19:26:44.440+0000] {subprocess.py:93} INFO - Waiting for hdfs://namenode:9000/data/raw/FRvideos.csv...
[2025-08-17T19:26:54.446+0000] {subprocess.py:93} INFO - /usr/bin/bash: line 3: hdfs: command not found
[2025-08-17T19:26:54.448+0000] {subprocess.py:93} INFO - Waiting for hdfs://namenode:9000/data/raw/FRvideos.csv...
[2025-08-17T19:27:04.462+0000] {subprocess.py:93} INFO - /usr/bin/bash: line 3: hdfs: command not found
[2025-08-17T19:27:04.462+0000] {subprocess.py:93} INFO - Waiting for hdfs://namenode:9000/data/raw/FRvideos.csv...
[2025-08-17T19:27:14.471+0000] {subprocess.py:93} INFO - /usr/bin/bash: line 3: hdfs: command not found
[2025-08-17T19:27:14.473+0000] {subprocess.py:93} INFO - Waiting for hdfs://namenode:9000/data/raw/FRvideos.csv...
[2025-08-17T19:27:24.477+0000] {subprocess.py:93} INFO - /usr/bin/bash: line 3: hdfs: command not found
[2025-08-17T19:27:24.478+0000] {subprocess.py:93} INFO - Waiting for hdfs://namenode:9000/data/raw/FRvideos.csv...
[2025-08-17T19:27:34.481+0000] {subprocess.py:93} INFO - /usr/bin/bash: line 3: hdfs: command not found
[2025-08-17T19:27:34.481+0000] {subprocess.py:93} INFO - Waiting for hdfs://namenode:9000/data/raw/FRvideos.csv...
[2025-08-17T19:27:44.489+0000] {subprocess.py:93} INFO - /usr/bin/bash: line 3: hdfs: command not found
[2025-08-17T19:27:44.491+0000] {subprocess.py:93} INFO - Waiting for hdfs://namenode:9000/data/raw/FRvideos.csv...
[2025-08-17T19:27:54.505+0000] {subprocess.py:93} INFO - /usr/bin/bash: line 3: hdfs: command not found
[2025-08-17T19:27:54.506+0000] {subprocess.py:93} INFO - Waiting for hdfs://namenode:9000/data/raw/FRvideos.csv...
[2025-08-17T19:28:04.515+0000] {subprocess.py:93} INFO - /usr/bin/bash: line 3: hdfs: command not found
[2025-08-17T19:28:04.517+0000] {subprocess.py:93} INFO - Waiting for hdfs://namenode:9000/data/raw/FRvideos.csv...
[2025-08-17T19:28:14.525+0000] {subprocess.py:93} INFO - /usr/bin/bash: line 3: hdfs: command not found
[2025-08-17T19:28:14.526+0000] {subprocess.py:93} INFO - Waiting for hdfs://namenode:9000/data/raw/FRvideos.csv...
[2025-08-17T19:28:24.530+0000] {subprocess.py:93} INFO - /usr/bin/bash: line 3: hdfs: command not found
[2025-08-17T19:28:24.530+0000] {subprocess.py:93} INFO - Waiting for hdfs://namenode:9000/data/raw/FRvideos.csv...
[2025-08-17T19:28:34.540+0000] {subprocess.py:93} INFO - /usr/bin/bash: line 3: hdfs: command not found
[2025-08-17T19:28:34.544+0000] {subprocess.py:93} INFO - Waiting for hdfs://namenode:9000/data/raw/FRvideos.csv...
[2025-08-17T19:28:44.553+0000] {subprocess.py:93} INFO - /usr/bin/bash: line 3: hdfs: command not found
[2025-08-17T19:28:44.554+0000] {subprocess.py:93} INFO - Waiting for hdfs://namenode:9000/data/raw/FRvideos.csv...
[2025-08-17T19:28:54.562+0000] {subprocess.py:93} INFO - /usr/bin/bash: line 3: hdfs: command not found
[2025-08-17T19:28:54.563+0000] {subprocess.py:93} INFO - Waiting for hdfs://namenode:9000/data/raw/FRvideos.csv...
[2025-08-17T19:29:04.575+0000] {subprocess.py:93} INFO - /usr/bin/bash: line 3: hdfs: command not found
[2025-08-17T19:29:04.577+0000] {subprocess.py:93} INFO - Waiting for hdfs://namenode:9000/data/raw/FRvideos.csv...
[2025-08-17T19:29:14.582+0000] {subprocess.py:93} INFO - /usr/bin/bash: line 3: hdfs: command not found
[2025-08-17T19:29:14.585+0000] {subprocess.py:93} INFO - Waiting for hdfs://namenode:9000/data/raw/FRvideos.csv...
[2025-08-17T19:29:24.598+0000] {subprocess.py:93} INFO - /usr/bin/bash: line 3: hdfs: command not found
[2025-08-17T19:29:24.599+0000] {subprocess.py:93} INFO - Waiting for hdfs://namenode:9000/data/raw/FRvideos.csv...
[2025-08-17T19:29:34.608+0000] {subprocess.py:93} INFO - /usr/bin/bash: line 3: hdfs: command not found
[2025-08-17T19:29:34.609+0000] {subprocess.py:93} INFO - Waiting for hdfs://namenode:9000/data/raw/FRvideos.csv...
[2025-08-17T19:29:44.622+0000] {subprocess.py:93} INFO - /usr/bin/bash: line 3: hdfs: command not found
[2025-08-17T19:29:44.623+0000] {subprocess.py:93} INFO - Waiting for hdfs://namenode:9000/data/raw/FRvideos.csv...
[2025-08-17T19:29:54.699+0000] {subprocess.py:93} INFO - /usr/bin/bash: line 3: hdfs: command not found
[2025-08-17T19:29:54.700+0000] {subprocess.py:93} INFO - Waiting for hdfs://namenode:9000/data/raw/FRvideos.csv...
[2025-08-17T19:30:04.720+0000] {subprocess.py:93} INFO - /usr/bin/bash: line 3: hdfs: command not found
[2025-08-17T19:30:04.722+0000] {subprocess.py:93} INFO - Waiting for hdfs://namenode:9000/data/raw/FRvideos.csv...
[2025-08-17T19:30:14.732+0000] {subprocess.py:93} INFO - /usr/bin/bash: line 3: hdfs: command not found
[2025-08-17T19:30:14.733+0000] {subprocess.py:93} INFO - Waiting for hdfs://namenode:9000/data/raw/FRvideos.csv...
[2025-08-17T19:30:24.741+0000] {subprocess.py:93} INFO - /usr/bin/bash: line 3: hdfs: command not found
[2025-08-17T19:30:24.741+0000] {subprocess.py:93} INFO - Waiting for hdfs://namenode:9000/data/raw/FRvideos.csv...
[2025-08-17T19:30:34.745+0000] {subprocess.py:93} INFO - /usr/bin/bash: line 3: hdfs: command not found
[2025-08-17T19:30:34.745+0000] {subprocess.py:93} INFO - Waiting for hdfs://namenode:9000/data/raw/FRvideos.csv...
[2025-08-17T19:30:44.750+0000] {subprocess.py:93} INFO - /usr/bin/bash: line 3: hdfs: command not found
[2025-08-17T19:30:44.751+0000] {subprocess.py:93} INFO - Waiting for hdfs://namenode:9000/data/raw/FRvideos.csv...
[2025-08-17T19:30:54.761+0000] {subprocess.py:93} INFO - /usr/bin/bash: line 3: hdfs: command not found
[2025-08-17T19:30:54.762+0000] {subprocess.py:93} INFO - Waiting for hdfs://namenode:9000/data/raw/FRvideos.csv...
[2025-08-17T19:31:04.765+0000] {subprocess.py:93} INFO - /usr/bin/bash: line 3: hdfs: command not found
[2025-08-17T19:31:04.765+0000] {subprocess.py:93} INFO - Waiting for hdfs://namenode:9000/data/raw/FRvideos.csv...
[2025-08-17T19:31:14.772+0000] {subprocess.py:93} INFO - /usr/bin/bash: line 3: hdfs: command not found
[2025-08-17T19:31:14.774+0000] {subprocess.py:93} INFO - Waiting for hdfs://namenode:9000/data/raw/FRvideos.csv...
[2025-08-17T19:31:24.787+0000] {subprocess.py:93} INFO - /usr/bin/bash: line 3: hdfs: command not found
[2025-08-17T19:31:24.789+0000] {subprocess.py:93} INFO - Waiting for hdfs://namenode:9000/data/raw/FRvideos.csv...
[2025-08-17T19:31:34.797+0000] {subprocess.py:93} INFO - /usr/bin/bash: line 3: hdfs: command not found
[2025-08-17T19:31:34.798+0000] {subprocess.py:93} INFO - Waiting for hdfs://namenode:9000/data/raw/FRvideos.csv...
[2025-08-17T19:31:44.801+0000] {subprocess.py:93} INFO - /usr/bin/bash: line 3: hdfs: command not found
[2025-08-17T19:31:44.802+0000] {subprocess.py:93} INFO - Waiting for hdfs://namenode:9000/data/raw/FRvideos.csv...
[2025-08-17T19:31:54.805+0000] {subprocess.py:93} INFO - /usr/bin/bash: line 3: hdfs: command not found
[2025-08-17T19:31:54.805+0000] {subprocess.py:93} INFO - Waiting for hdfs://namenode:9000/data/raw/FRvideos.csv...
[2025-08-17T19:32:04.811+0000] {subprocess.py:93} INFO - /usr/bin/bash: line 3: hdfs: command not found
[2025-08-17T19:32:04.813+0000] {subprocess.py:93} INFO - Waiting for hdfs://namenode:9000/data/raw/FRvideos.csv...
[2025-08-17T19:32:14.826+0000] {subprocess.py:93} INFO - /usr/bin/bash: line 3: hdfs: command not found
[2025-08-17T19:32:14.827+0000] {subprocess.py:93} INFO - Waiting for hdfs://namenode:9000/data/raw/FRvideos.csv...
[2025-08-17T19:32:24.833+0000] {subprocess.py:93} INFO - /usr/bin/bash: line 3: hdfs: command not found
[2025-08-17T19:32:24.834+0000] {subprocess.py:93} INFO - Waiting for hdfs://namenode:9000/data/raw/FRvideos.csv...
[2025-08-17T19:32:34.838+0000] {subprocess.py:93} INFO - /usr/bin/bash: line 3: hdfs: command not found
[2025-08-17T19:32:34.840+0000] {subprocess.py:93} INFO - Waiting for hdfs://namenode:9000/data/raw/FRvideos.csv...
[2025-08-17T19:32:44.850+0000] {subprocess.py:93} INFO - /usr/bin/bash: line 3: hdfs: command not found
[2025-08-17T19:32:44.852+0000] {subprocess.py:93} INFO - Waiting for hdfs://namenode:9000/data/raw/FRvideos.csv...
[2025-08-17T19:32:54.855+0000] {subprocess.py:93} INFO - /usr/bin/bash: line 3: hdfs: command not found
[2025-08-17T19:32:54.856+0000] {subprocess.py:93} INFO - Waiting for hdfs://namenode:9000/data/raw/FRvideos.csv...
[2025-08-17T19:33:04.860+0000] {subprocess.py:93} INFO - /usr/bin/bash: line 3: hdfs: command not found
[2025-08-17T19:33:04.860+0000] {subprocess.py:93} INFO - Waiting for hdfs://namenode:9000/data/raw/FRvideos.csv...
[2025-08-17T19:33:14.864+0000] {subprocess.py:93} INFO - /usr/bin/bash: line 3: hdfs: command not found
[2025-08-17T19:33:14.864+0000] {subprocess.py:93} INFO - Waiting for hdfs://namenode:9000/data/raw/FRvideos.csv...
[2025-08-17T19:33:24.867+0000] {subprocess.py:93} INFO - /usr/bin/bash: line 3: hdfs: command not found
[2025-08-17T19:33:24.868+0000] {subprocess.py:93} INFO - Waiting for hdfs://namenode:9000/data/raw/FRvideos.csv...
[2025-08-17T19:33:34.875+0000] {subprocess.py:93} INFO - TIMEOUT waiting hdfs://namenode:9000/data/raw/FRvideos.csv
[2025-08-17T19:33:34.876+0000] {subprocess.py:97} INFO - Command exited with return code 1
[2025-08-17T19:33:34.883+0000] {taskinstance.py:441} INFO - ::group::Post task execution logs
[2025-08-17T19:33:34.916+0000] {taskinstance.py:2890} ERROR - Task failed with exception
Traceback (most recent call last):
  File "/home/airflow/.local/lib/python3.9/site-packages/airflow/models/taskinstance.py", line 465, in _execute_task
    result = _execute_callable(context=context, **execute_callable_kwargs)
  File "/home/airflow/.local/lib/python3.9/site-packages/airflow/models/taskinstance.py", line 432, in _execute_callable
    return execute_callable(context=context, **execute_callable_kwargs)
  File "/home/airflow/.local/lib/python3.9/site-packages/airflow/models/baseoperator.py", line 400, in wrapper
    return func(self, *args, **kwargs)
  File "/home/airflow/.local/lib/python3.9/site-packages/airflow/operators/bash.py", line 243, in execute
    raise AirflowException(
airflow.exceptions.AirflowException: Bash command failed. The command returned a non-zero exit code 1.
[2025-08-17T19:33:34.929+0000] {taskinstance.py:1205} INFO - Marking task as UP_FOR_RETRY. dag_id=youtube_elt_dw_analytics, task_id=wait_raw_4, execution_date=20250816T000000, start_date=20250817T192332, end_date=20250817T193334
[2025-08-17T19:33:34.966+0000] {standard_task_runner.py:110} ERROR - Failed to execute job 14 for task wait_raw_4 (Bash command failed. The command returned a non-zero exit code 1.; 259)
[2025-08-17T19:33:34.984+0000] {local_task_job_runner.py:240} INFO - Task exited with return code 1
[2025-08-17T19:33:36.279+0000] {logging_mixin.py:188} WARNING - /home/***/.local/lib/python3.9/site-packages/***/models/baseoperator.py:1296 AirflowProviderDeprecationWarning: Call to deprecated class PostgresOperator. (Please use `***.providers.common.sql.operators.sql.SQLExecuteQueryOperator`.Also, you can provide `hook_params={'schema': <database>}`.)
[2025-08-17T19:33:36.382+0000] {taskinstance.py:3482} INFO - 0 downstream tasks scheduled from follow-on schedule check
[2025-08-17T19:33:36.390+0000] {local_task_job_runner.py:222} INFO - ::endgroup::
