[2025-08-17T19:23:32.222+0000] {local_task_job_runner.py:120} INFO - ::group::Pre task execution logs
[2025-08-17T19:23:32.609+0000] {taskinstance.py:2073} INFO - Dependencies all met for dep_context=non-requeueable deps ti=<TaskInstance: youtube_elt_dw_analytics.wait_raw_16 scheduled__2025-08-16T00:00:00+00:00 [queued]>
[2025-08-17T19:23:32.668+0000] {taskinstance.py:2073} INFO - Dependencies all met for dep_context=requeueable deps ti=<TaskInstance: youtube_elt_dw_analytics.wait_raw_16 scheduled__2025-08-16T00:00:00+00:00 [queued]>
[2025-08-17T19:23:32.669+0000] {taskinstance.py:2303} INFO - Starting attempt 1 of 3
[2025-08-17T19:23:32.773+0000] {taskinstance.py:2327} INFO - Executing <Task(BashOperator): wait_raw_16> on 2025-08-16 00:00:00+00:00
[2025-08-17T19:23:32.781+0000] {standard_task_runner.py:63} INFO - Started process 261 to run task
[2025-08-17T19:23:32.793+0000] {standard_task_runner.py:90} INFO - Running: ['***', 'tasks', 'run', 'youtube_elt_dw_analytics', 'wait_raw_16', 'scheduled__2025-08-16T00:00:00+00:00', '--job-id', '18', '--raw', '--subdir', 'DAGS_FOLDER/youtube_pipeline.py', '--cfg-path', '/tmp/tmp192y_bk4']
[2025-08-17T19:23:32.798+0000] {standard_task_runner.py:91} INFO - Job 18: Subtask wait_raw_16
[2025-08-17T19:23:33.127+0000] {task_command.py:426} INFO - Running <TaskInstance: youtube_elt_dw_analytics.wait_raw_16 scheduled__2025-08-16T00:00:00+00:00 [running]> on host 545418c0948b
[2025-08-17T19:23:34.132+0000] {taskinstance.py:2644} INFO - Exporting env vars: AIRFLOW_CTX_DAG_OWNER='data-team' AIRFLOW_CTX_DAG_ID='youtube_elt_dw_analytics' AIRFLOW_CTX_TASK_ID='wait_raw_16' AIRFLOW_CTX_EXECUTION_DATE='2025-08-16T00:00:00+00:00' AIRFLOW_CTX_TRY_NUMBER='1' AIRFLOW_CTX_DAG_RUN_ID='scheduled__2025-08-16T00:00:00+00:00'
[2025-08-17T19:23:34.138+0000] {taskinstance.py:430} INFO - ::endgroup::
[2025-08-17T19:23:34.184+0000] {subprocess.py:63} INFO - Tmp dir root location: /tmp
[2025-08-17T19:23:34.186+0000] {subprocess.py:75} INFO - Running command: ['/usr/bin/bash', '-c', "\n            for i in {1..60}; do\n              hdfs dfs -test -e hdfs://namenode:9000/data/raw/GB_category_id.json && echo 'FOUND: hdfs://namenode:9000/data/raw/GB_category_id.json' && exit 0;\n              echo 'Waiting for hdfs://namenode:9000/data/raw/GB_category_id.json...';\n              sleep 10;\n            done;\n            echo 'TIMEOUT waiting hdfs://namenode:9000/data/raw/GB_category_id.json'; exit 1\n            "]
[2025-08-17T19:23:34.208+0000] {subprocess.py:86} INFO - Output:
[2025-08-17T19:23:34.212+0000] {subprocess.py:93} INFO - /usr/bin/bash: line 3: hdfs: command not found
[2025-08-17T19:23:34.213+0000] {subprocess.py:93} INFO - Waiting for hdfs://namenode:9000/data/raw/GB_category_id.json...
[2025-08-17T19:23:44.219+0000] {subprocess.py:93} INFO - /usr/bin/bash: line 3: hdfs: command not found
[2025-08-17T19:23:44.220+0000] {subprocess.py:93} INFO - Waiting for hdfs://namenode:9000/data/raw/GB_category_id.json...
[2025-08-17T19:23:54.227+0000] {subprocess.py:93} INFO - /usr/bin/bash: line 3: hdfs: command not found
[2025-08-17T19:23:54.230+0000] {subprocess.py:93} INFO - Waiting for hdfs://namenode:9000/data/raw/GB_category_id.json...
[2025-08-17T19:24:04.238+0000] {subprocess.py:93} INFO - /usr/bin/bash: line 3: hdfs: command not found
[2025-08-17T19:24:04.238+0000] {subprocess.py:93} INFO - Waiting for hdfs://namenode:9000/data/raw/GB_category_id.json...
[2025-08-17T19:24:14.243+0000] {subprocess.py:93} INFO - /usr/bin/bash: line 3: hdfs: command not found
[2025-08-17T19:24:14.243+0000] {subprocess.py:93} INFO - Waiting for hdfs://namenode:9000/data/raw/GB_category_id.json...
[2025-08-17T19:24:24.248+0000] {subprocess.py:93} INFO - /usr/bin/bash: line 3: hdfs: command not found
[2025-08-17T19:24:24.249+0000] {subprocess.py:93} INFO - Waiting for hdfs://namenode:9000/data/raw/GB_category_id.json...
[2025-08-17T19:24:34.260+0000] {subprocess.py:93} INFO - /usr/bin/bash: line 3: hdfs: command not found
[2025-08-17T19:24:34.261+0000] {subprocess.py:93} INFO - Waiting for hdfs://namenode:9000/data/raw/GB_category_id.json...
[2025-08-17T19:24:44.267+0000] {subprocess.py:93} INFO - /usr/bin/bash: line 3: hdfs: command not found
[2025-08-17T19:24:44.268+0000] {subprocess.py:93} INFO - Waiting for hdfs://namenode:9000/data/raw/GB_category_id.json...
[2025-08-17T19:24:54.277+0000] {subprocess.py:93} INFO - /usr/bin/bash: line 3: hdfs: command not found
[2025-08-17T19:24:54.278+0000] {subprocess.py:93} INFO - Waiting for hdfs://namenode:9000/data/raw/GB_category_id.json...
[2025-08-17T19:25:04.291+0000] {subprocess.py:93} INFO - /usr/bin/bash: line 3: hdfs: command not found
[2025-08-17T19:25:04.292+0000] {subprocess.py:93} INFO - Waiting for hdfs://namenode:9000/data/raw/GB_category_id.json...
[2025-08-17T19:25:14.316+0000] {subprocess.py:93} INFO - /usr/bin/bash: line 3: hdfs: command not found
[2025-08-17T19:25:14.317+0000] {subprocess.py:93} INFO - Waiting for hdfs://namenode:9000/data/raw/GB_category_id.json...
[2025-08-17T19:25:24.329+0000] {subprocess.py:93} INFO - /usr/bin/bash: line 3: hdfs: command not found
[2025-08-17T19:25:24.330+0000] {subprocess.py:93} INFO - Waiting for hdfs://namenode:9000/data/raw/GB_category_id.json...
[2025-08-17T19:25:34.340+0000] {subprocess.py:93} INFO - /usr/bin/bash: line 3: hdfs: command not found
[2025-08-17T19:25:34.341+0000] {subprocess.py:93} INFO - Waiting for hdfs://namenode:9000/data/raw/GB_category_id.json...
[2025-08-17T19:25:44.353+0000] {subprocess.py:93} INFO - /usr/bin/bash: line 3: hdfs: command not found
[2025-08-17T19:25:44.355+0000] {subprocess.py:93} INFO - Waiting for hdfs://namenode:9000/data/raw/GB_category_id.json...
[2025-08-17T19:25:54.385+0000] {subprocess.py:93} INFO - /usr/bin/bash: line 3: hdfs: command not found
[2025-08-17T19:25:54.387+0000] {subprocess.py:93} INFO - Waiting for hdfs://namenode:9000/data/raw/GB_category_id.json...
[2025-08-17T19:26:04.397+0000] {subprocess.py:93} INFO - /usr/bin/bash: line 3: hdfs: command not found
[2025-08-17T19:26:04.401+0000] {subprocess.py:93} INFO - Waiting for hdfs://namenode:9000/data/raw/GB_category_id.json...
[2025-08-17T19:26:14.412+0000] {subprocess.py:93} INFO - /usr/bin/bash: line 3: hdfs: command not found
[2025-08-17T19:26:14.413+0000] {subprocess.py:93} INFO - Waiting for hdfs://namenode:9000/data/raw/GB_category_id.json...
[2025-08-17T19:26:24.423+0000] {subprocess.py:93} INFO - /usr/bin/bash: line 3: hdfs: command not found
[2025-08-17T19:26:24.425+0000] {subprocess.py:93} INFO - Waiting for hdfs://namenode:9000/data/raw/GB_category_id.json...
[2025-08-17T19:26:34.433+0000] {subprocess.py:93} INFO - /usr/bin/bash: line 3: hdfs: command not found
[2025-08-17T19:26:34.435+0000] {subprocess.py:93} INFO - Waiting for hdfs://namenode:9000/data/raw/GB_category_id.json...
[2025-08-17T19:26:44.455+0000] {subprocess.py:93} INFO - /usr/bin/bash: line 3: hdfs: command not found
[2025-08-17T19:26:44.456+0000] {subprocess.py:93} INFO - Waiting for hdfs://namenode:9000/data/raw/GB_category_id.json...
[2025-08-17T19:26:54.465+0000] {subprocess.py:93} INFO - /usr/bin/bash: line 3: hdfs: command not found
[2025-08-17T19:26:54.466+0000] {subprocess.py:93} INFO - Waiting for hdfs://namenode:9000/data/raw/GB_category_id.json...
[2025-08-17T19:27:04.473+0000] {subprocess.py:93} INFO - /usr/bin/bash: line 3: hdfs: command not found
[2025-08-17T19:27:04.476+0000] {subprocess.py:93} INFO - Waiting for hdfs://namenode:9000/data/raw/GB_category_id.json...
[2025-08-17T19:27:14.478+0000] {subprocess.py:93} INFO - /usr/bin/bash: line 3: hdfs: command not found
[2025-08-17T19:27:14.480+0000] {subprocess.py:93} INFO - Waiting for hdfs://namenode:9000/data/raw/GB_category_id.json...
[2025-08-17T19:27:24.482+0000] {subprocess.py:93} INFO - /usr/bin/bash: line 3: hdfs: command not found
[2025-08-17T19:27:24.483+0000] {subprocess.py:93} INFO - Waiting for hdfs://namenode:9000/data/raw/GB_category_id.json...
[2025-08-17T19:27:34.487+0000] {subprocess.py:93} INFO - /usr/bin/bash: line 3: hdfs: command not found
[2025-08-17T19:27:34.487+0000] {subprocess.py:93} INFO - Waiting for hdfs://namenode:9000/data/raw/GB_category_id.json...
[2025-08-17T19:27:44.494+0000] {subprocess.py:93} INFO - /usr/bin/bash: line 3: hdfs: command not found
[2025-08-17T19:27:44.497+0000] {subprocess.py:93} INFO - Waiting for hdfs://namenode:9000/data/raw/GB_category_id.json...
[2025-08-17T19:27:54.515+0000] {subprocess.py:93} INFO - /usr/bin/bash: line 3: hdfs: command not found
[2025-08-17T19:27:54.516+0000] {subprocess.py:93} INFO - Waiting for hdfs://namenode:9000/data/raw/GB_category_id.json...
[2025-08-17T19:28:04.526+0000] {subprocess.py:93} INFO - /usr/bin/bash: line 3: hdfs: command not found
[2025-08-17T19:28:04.529+0000] {subprocess.py:93} INFO - Waiting for hdfs://namenode:9000/data/raw/GB_category_id.json...
[2025-08-17T19:28:14.541+0000] {subprocess.py:93} INFO - /usr/bin/bash: line 3: hdfs: command not found
[2025-08-17T19:28:14.542+0000] {subprocess.py:93} INFO - Waiting for hdfs://namenode:9000/data/raw/GB_category_id.json...
[2025-08-17T19:28:24.548+0000] {subprocess.py:93} INFO - /usr/bin/bash: line 3: hdfs: command not found
[2025-08-17T19:28:24.548+0000] {subprocess.py:93} INFO - Waiting for hdfs://namenode:9000/data/raw/GB_category_id.json...
[2025-08-17T19:28:34.554+0000] {subprocess.py:93} INFO - /usr/bin/bash: line 3: hdfs: command not found
[2025-08-17T19:28:34.560+0000] {subprocess.py:93} INFO - Waiting for hdfs://namenode:9000/data/raw/GB_category_id.json...
[2025-08-17T19:28:44.567+0000] {subprocess.py:93} INFO - /usr/bin/bash: line 3: hdfs: command not found
[2025-08-17T19:28:44.569+0000] {subprocess.py:93} INFO - Waiting for hdfs://namenode:9000/data/raw/GB_category_id.json...
[2025-08-17T19:28:54.578+0000] {subprocess.py:93} INFO - /usr/bin/bash: line 3: hdfs: command not found
[2025-08-17T19:28:54.580+0000] {subprocess.py:93} INFO - Waiting for hdfs://namenode:9000/data/raw/GB_category_id.json...
[2025-08-17T19:29:04.591+0000] {subprocess.py:93} INFO - /usr/bin/bash: line 3: hdfs: command not found
[2025-08-17T19:29:04.593+0000] {subprocess.py:93} INFO - Waiting for hdfs://namenode:9000/data/raw/GB_category_id.json...
[2025-08-17T19:29:14.599+0000] {subprocess.py:93} INFO - /usr/bin/bash: line 3: hdfs: command not found
[2025-08-17T19:29:14.602+0000] {subprocess.py:93} INFO - Waiting for hdfs://namenode:9000/data/raw/GB_category_id.json...
[2025-08-17T19:29:24.617+0000] {subprocess.py:93} INFO - /usr/bin/bash: line 3: hdfs: command not found
[2025-08-17T19:29:24.619+0000] {subprocess.py:93} INFO - Waiting for hdfs://namenode:9000/data/raw/GB_category_id.json...
[2025-08-17T19:29:34.630+0000] {subprocess.py:93} INFO - /usr/bin/bash: line 3: hdfs: command not found
[2025-08-17T19:29:34.631+0000] {subprocess.py:93} INFO - Waiting for hdfs://namenode:9000/data/raw/GB_category_id.json...
[2025-08-17T19:29:44.720+0000] {subprocess.py:93} INFO - /usr/bin/bash: line 3: hdfs: command not found
[2025-08-17T19:29:44.720+0000] {subprocess.py:93} INFO - Waiting for hdfs://namenode:9000/data/raw/GB_category_id.json...
[2025-08-17T19:29:54.732+0000] {subprocess.py:93} INFO - /usr/bin/bash: line 3: hdfs: command not found
[2025-08-17T19:29:54.735+0000] {subprocess.py:93} INFO - Waiting for hdfs://namenode:9000/data/raw/GB_category_id.json...
[2025-08-17T19:30:04.741+0000] {subprocess.py:93} INFO - /usr/bin/bash: line 3: hdfs: command not found
[2025-08-17T19:30:04.743+0000] {subprocess.py:93} INFO - Waiting for hdfs://namenode:9000/data/raw/GB_category_id.json...
[2025-08-17T19:30:14.752+0000] {subprocess.py:93} INFO - /usr/bin/bash: line 3: hdfs: command not found
[2025-08-17T19:30:14.756+0000] {subprocess.py:93} INFO - Waiting for hdfs://namenode:9000/data/raw/GB_category_id.json...
[2025-08-17T19:30:24.762+0000] {subprocess.py:93} INFO - /usr/bin/bash: line 3: hdfs: command not found
[2025-08-17T19:30:24.762+0000] {subprocess.py:93} INFO - Waiting for hdfs://namenode:9000/data/raw/GB_category_id.json...
[2025-08-17T19:30:34.768+0000] {subprocess.py:93} INFO - /usr/bin/bash: line 3: hdfs: command not found
[2025-08-17T19:30:34.771+0000] {subprocess.py:93} INFO - Waiting for hdfs://namenode:9000/data/raw/GB_category_id.json...
[2025-08-17T19:30:44.787+0000] {subprocess.py:93} INFO - /usr/bin/bash: line 3: hdfs: command not found
[2025-08-17T19:30:44.789+0000] {subprocess.py:93} INFO - Waiting for hdfs://namenode:9000/data/raw/GB_category_id.json...
[2025-08-17T19:30:54.796+0000] {subprocess.py:93} INFO - /usr/bin/bash: line 3: hdfs: command not found
[2025-08-17T19:30:54.796+0000] {subprocess.py:93} INFO - Waiting for hdfs://namenode:9000/data/raw/GB_category_id.json...
[2025-08-17T19:31:04.803+0000] {subprocess.py:93} INFO - /usr/bin/bash: line 3: hdfs: command not found
[2025-08-17T19:31:04.808+0000] {subprocess.py:93} INFO - Waiting for hdfs://namenode:9000/data/raw/GB_category_id.json...
[2025-08-17T19:31:14.823+0000] {subprocess.py:93} INFO - /usr/bin/bash: line 3: hdfs: command not found
[2025-08-17T19:31:14.825+0000] {subprocess.py:93} INFO - Waiting for hdfs://namenode:9000/data/raw/GB_category_id.json...
[2025-08-17T19:31:24.836+0000] {subprocess.py:93} INFO - /usr/bin/bash: line 3: hdfs: command not found
[2025-08-17T19:31:24.838+0000] {subprocess.py:93} INFO - Waiting for hdfs://namenode:9000/data/raw/GB_category_id.json...
[2025-08-17T19:31:34.846+0000] {subprocess.py:93} INFO - /usr/bin/bash: line 3: hdfs: command not found
[2025-08-17T19:31:34.846+0000] {subprocess.py:93} INFO - Waiting for hdfs://namenode:9000/data/raw/GB_category_id.json...
[2025-08-17T19:31:44.850+0000] {subprocess.py:93} INFO - /usr/bin/bash: line 3: hdfs: command not found
[2025-08-17T19:31:44.851+0000] {subprocess.py:93} INFO - Waiting for hdfs://namenode:9000/data/raw/GB_category_id.json...
[2025-08-17T19:31:54.855+0000] {subprocess.py:93} INFO - /usr/bin/bash: line 3: hdfs: command not found
[2025-08-17T19:31:54.856+0000] {subprocess.py:93} INFO - Waiting for hdfs://namenode:9000/data/raw/GB_category_id.json...
[2025-08-17T19:32:04.861+0000] {subprocess.py:93} INFO - /usr/bin/bash: line 3: hdfs: command not found
[2025-08-17T19:32:04.862+0000] {subprocess.py:93} INFO - Waiting for hdfs://namenode:9000/data/raw/GB_category_id.json...
[2025-08-17T19:32:14.868+0000] {subprocess.py:93} INFO - /usr/bin/bash: line 3: hdfs: command not found
[2025-08-17T19:32:14.869+0000] {subprocess.py:93} INFO - Waiting for hdfs://namenode:9000/data/raw/GB_category_id.json...
[2025-08-17T19:32:24.876+0000] {subprocess.py:93} INFO - /usr/bin/bash: line 3: hdfs: command not found
[2025-08-17T19:32:24.878+0000] {subprocess.py:93} INFO - Waiting for hdfs://namenode:9000/data/raw/GB_category_id.json...
[2025-08-17T19:32:34.889+0000] {subprocess.py:93} INFO - /usr/bin/bash: line 3: hdfs: command not found
[2025-08-17T19:32:34.891+0000] {subprocess.py:93} INFO - Waiting for hdfs://namenode:9000/data/raw/GB_category_id.json...
[2025-08-17T19:32:44.896+0000] {subprocess.py:93} INFO - /usr/bin/bash: line 3: hdfs: command not found
[2025-08-17T19:32:44.897+0000] {subprocess.py:93} INFO - Waiting for hdfs://namenode:9000/data/raw/GB_category_id.json...
[2025-08-17T19:32:54.901+0000] {subprocess.py:93} INFO - /usr/bin/bash: line 3: hdfs: command not found
[2025-08-17T19:32:54.902+0000] {subprocess.py:93} INFO - Waiting for hdfs://namenode:9000/data/raw/GB_category_id.json...
[2025-08-17T19:33:04.906+0000] {subprocess.py:93} INFO - /usr/bin/bash: line 3: hdfs: command not found
[2025-08-17T19:33:04.906+0000] {subprocess.py:93} INFO - Waiting for hdfs://namenode:9000/data/raw/GB_category_id.json...
[2025-08-17T19:33:14.909+0000] {subprocess.py:93} INFO - /usr/bin/bash: line 3: hdfs: command not found
[2025-08-17T19:33:14.910+0000] {subprocess.py:93} INFO - Waiting for hdfs://namenode:9000/data/raw/GB_category_id.json...
[2025-08-17T19:33:24.913+0000] {subprocess.py:93} INFO - /usr/bin/bash: line 3: hdfs: command not found
[2025-08-17T19:33:24.913+0000] {subprocess.py:93} INFO - Waiting for hdfs://namenode:9000/data/raw/GB_category_id.json...
[2025-08-17T19:33:34.918+0000] {subprocess.py:93} INFO - TIMEOUT waiting hdfs://namenode:9000/data/raw/GB_category_id.json
[2025-08-17T19:33:34.918+0000] {subprocess.py:97} INFO - Command exited with return code 1
[2025-08-17T19:33:34.919+0000] {taskinstance.py:441} INFO - ::group::Post task execution logs
[2025-08-17T19:33:34.959+0000] {taskinstance.py:2890} ERROR - Task failed with exception
Traceback (most recent call last):
  File "/home/airflow/.local/lib/python3.9/site-packages/airflow/models/taskinstance.py", line 465, in _execute_task
    result = _execute_callable(context=context, **execute_callable_kwargs)
  File "/home/airflow/.local/lib/python3.9/site-packages/airflow/models/taskinstance.py", line 432, in _execute_callable
    return execute_callable(context=context, **execute_callable_kwargs)
  File "/home/airflow/.local/lib/python3.9/site-packages/airflow/models/baseoperator.py", line 400, in wrapper
    return func(self, *args, **kwargs)
  File "/home/airflow/.local/lib/python3.9/site-packages/airflow/operators/bash.py", line 243, in execute
    raise AirflowException(
airflow.exceptions.AirflowException: Bash command failed. The command returned a non-zero exit code 1.
[2025-08-17T19:33:34.975+0000] {taskinstance.py:1205} INFO - Marking task as UP_FOR_RETRY. dag_id=youtube_elt_dw_analytics, task_id=wait_raw_16, execution_date=20250816T000000, start_date=20250817T192332, end_date=20250817T193334
[2025-08-17T19:33:35.039+0000] {standard_task_runner.py:110} ERROR - Failed to execute job 18 for task wait_raw_16 (Bash command failed. The command returned a non-zero exit code 1.; 261)
[2025-08-17T19:33:35.114+0000] {local_task_job_runner.py:240} INFO - Task exited with return code 1
[2025-08-17T19:33:36.416+0000] {logging_mixin.py:188} WARNING - /home/***/.local/lib/python3.9/site-packages/***/models/baseoperator.py:1296 AirflowProviderDeprecationWarning: Call to deprecated class PostgresOperator. (Please use `***.providers.common.sql.operators.sql.SQLExecuteQueryOperator`.Also, you can provide `hook_params={'schema': <database>}`.)
[2025-08-17T19:33:36.535+0000] {taskinstance.py:3482} INFO - 0 downstream tasks scheduled from follow-on schedule check
[2025-08-17T19:33:36.551+0000] {local_task_job_runner.py:222} INFO - ::endgroup::
