[2025-08-17T19:33:36.378+0000] {local_task_job_runner.py:120} INFO - ::group::Pre task execution logs
[2025-08-17T19:33:36.518+0000] {taskinstance.py:2073} INFO - Dependencies all met for dep_context=non-requeueable deps ti=<TaskInstance: youtube_elt_dw_analytics.wait_raw_18 scheduled__2025-08-16T00:00:00+00:00 [queued]>
[2025-08-17T19:33:36.534+0000] {taskinstance.py:2073} INFO - Dependencies all met for dep_context=requeueable deps ti=<TaskInstance: youtube_elt_dw_analytics.wait_raw_18 scheduled__2025-08-16T00:00:00+00:00 [queued]>
[2025-08-17T19:33:36.534+0000] {taskinstance.py:2303} INFO - Starting attempt 1 of 3
[2025-08-17T19:33:36.576+0000] {taskinstance.py:2327} INFO - Executing <Task(BashOperator): wait_raw_18> on 2025-08-16 00:00:00+00:00
[2025-08-17T19:33:36.586+0000] {standard_task_runner.py:63} INFO - Started process 2306 to run task
[2025-08-17T19:33:36.593+0000] {standard_task_runner.py:90} INFO - Running: ['***', 'tasks', 'run', 'youtube_elt_dw_analytics', 'wait_raw_18', 'scheduled__2025-08-16T00:00:00+00:00', '--job-id', '20', '--raw', '--subdir', 'DAGS_FOLDER/youtube_pipeline.py', '--cfg-path', '/tmp/tmp0rigra2b']
[2025-08-17T19:33:36.598+0000] {standard_task_runner.py:91} INFO - Job 20: Subtask wait_raw_18
[2025-08-17T19:33:36.794+0000] {task_command.py:426} INFO - Running <TaskInstance: youtube_elt_dw_analytics.wait_raw_18 scheduled__2025-08-16T00:00:00+00:00 [running]> on host 545418c0948b
[2025-08-17T19:33:37.186+0000] {taskinstance.py:2644} INFO - Exporting env vars: AIRFLOW_CTX_DAG_OWNER='data-team' AIRFLOW_CTX_DAG_ID='youtube_elt_dw_analytics' AIRFLOW_CTX_TASK_ID='wait_raw_18' AIRFLOW_CTX_EXECUTION_DATE='2025-08-16T00:00:00+00:00' AIRFLOW_CTX_TRY_NUMBER='1' AIRFLOW_CTX_DAG_RUN_ID='scheduled__2025-08-16T00:00:00+00:00'
[2025-08-17T19:33:37.187+0000] {taskinstance.py:430} INFO - ::endgroup::
[2025-08-17T19:33:37.238+0000] {subprocess.py:63} INFO - Tmp dir root location: /tmp
[2025-08-17T19:33:37.239+0000] {subprocess.py:75} INFO - Running command: ['/usr/bin/bash', '-c', "\n            for i in {1..60}; do\n              hdfs dfs -test -e hdfs://namenode:9000/data/raw/JP_category_id.json && echo 'FOUND: hdfs://namenode:9000/data/raw/JP_category_id.json' && exit 0;\n              echo 'Waiting for hdfs://namenode:9000/data/raw/JP_category_id.json...';\n              sleep 10;\n            done;\n            echo 'TIMEOUT waiting hdfs://namenode:9000/data/raw/JP_category_id.json'; exit 1\n            "]
[2025-08-17T19:33:37.271+0000] {subprocess.py:86} INFO - Output:
[2025-08-17T19:33:37.285+0000] {subprocess.py:93} INFO - /usr/bin/bash: line 3: hdfs: command not found
[2025-08-17T19:33:37.287+0000] {subprocess.py:93} INFO - Waiting for hdfs://namenode:9000/data/raw/JP_category_id.json...
[2025-08-17T19:33:47.291+0000] {subprocess.py:93} INFO - /usr/bin/bash: line 3: hdfs: command not found
[2025-08-17T19:33:47.292+0000] {subprocess.py:93} INFO - Waiting for hdfs://namenode:9000/data/raw/JP_category_id.json...
[2025-08-17T19:33:57.295+0000] {subprocess.py:93} INFO - /usr/bin/bash: line 3: hdfs: command not found
[2025-08-17T19:33:57.295+0000] {subprocess.py:93} INFO - Waiting for hdfs://namenode:9000/data/raw/JP_category_id.json...
[2025-08-17T19:34:07.298+0000] {subprocess.py:93} INFO - /usr/bin/bash: line 3: hdfs: command not found
[2025-08-17T19:34:07.299+0000] {subprocess.py:93} INFO - Waiting for hdfs://namenode:9000/data/raw/JP_category_id.json...
[2025-08-17T19:34:17.302+0000] {subprocess.py:93} INFO - /usr/bin/bash: line 3: hdfs: command not found
[2025-08-17T19:34:17.303+0000] {subprocess.py:93} INFO - Waiting for hdfs://namenode:9000/data/raw/JP_category_id.json...
[2025-08-17T19:34:27.306+0000] {subprocess.py:93} INFO - /usr/bin/bash: line 3: hdfs: command not found
[2025-08-17T19:34:27.307+0000] {subprocess.py:93} INFO - Waiting for hdfs://namenode:9000/data/raw/JP_category_id.json...
[2025-08-17T19:34:37.311+0000] {subprocess.py:93} INFO - /usr/bin/bash: line 3: hdfs: command not found
[2025-08-17T19:34:37.312+0000] {subprocess.py:93} INFO - Waiting for hdfs://namenode:9000/data/raw/JP_category_id.json...
[2025-08-17T19:34:47.318+0000] {subprocess.py:93} INFO - /usr/bin/bash: line 3: hdfs: command not found
[2025-08-17T19:34:47.319+0000] {subprocess.py:93} INFO - Waiting for hdfs://namenode:9000/data/raw/JP_category_id.json...
[2025-08-17T19:34:57.327+0000] {subprocess.py:93} INFO - /usr/bin/bash: line 3: hdfs: command not found
[2025-08-17T19:34:57.328+0000] {subprocess.py:93} INFO - Waiting for hdfs://namenode:9000/data/raw/JP_category_id.json...
[2025-08-17T19:35:07.337+0000] {subprocess.py:93} INFO - /usr/bin/bash: line 3: hdfs: command not found
[2025-08-17T19:35:07.339+0000] {subprocess.py:93} INFO - Waiting for hdfs://namenode:9000/data/raw/JP_category_id.json...
[2025-08-17T19:35:17.346+0000] {subprocess.py:93} INFO - /usr/bin/bash: line 3: hdfs: command not found
[2025-08-17T19:35:17.348+0000] {subprocess.py:93} INFO - Waiting for hdfs://namenode:9000/data/raw/JP_category_id.json...
[2025-08-17T19:35:27.357+0000] {subprocess.py:93} INFO - /usr/bin/bash: line 3: hdfs: command not found
[2025-08-17T19:35:27.360+0000] {subprocess.py:93} INFO - Waiting for hdfs://namenode:9000/data/raw/JP_category_id.json...
[2025-08-17T19:35:37.363+0000] {subprocess.py:93} INFO - /usr/bin/bash: line 3: hdfs: command not found
[2025-08-17T19:35:37.365+0000] {subprocess.py:93} INFO - Waiting for hdfs://namenode:9000/data/raw/JP_category_id.json...
[2025-08-17T19:35:47.372+0000] {subprocess.py:93} INFO - /usr/bin/bash: line 3: hdfs: command not found
[2025-08-17T19:35:47.376+0000] {subprocess.py:93} INFO - Waiting for hdfs://namenode:9000/data/raw/JP_category_id.json...
[2025-08-17T19:35:57.385+0000] {subprocess.py:93} INFO - /usr/bin/bash: line 3: hdfs: command not found
[2025-08-17T19:35:57.387+0000] {subprocess.py:93} INFO - Waiting for hdfs://namenode:9000/data/raw/JP_category_id.json...
[2025-08-17T19:36:07.395+0000] {subprocess.py:93} INFO - /usr/bin/bash: line 3: hdfs: command not found
[2025-08-17T19:36:07.395+0000] {subprocess.py:93} INFO - Waiting for hdfs://namenode:9000/data/raw/JP_category_id.json...
[2025-08-17T19:36:17.397+0000] {subprocess.py:93} INFO - /usr/bin/bash: line 3: hdfs: command not found
[2025-08-17T19:36:17.398+0000] {subprocess.py:93} INFO - Waiting for hdfs://namenode:9000/data/raw/JP_category_id.json...
[2025-08-17T19:36:27.403+0000] {subprocess.py:93} INFO - /usr/bin/bash: line 3: hdfs: command not found
[2025-08-17T19:36:27.404+0000] {subprocess.py:93} INFO - Waiting for hdfs://namenode:9000/data/raw/JP_category_id.json...
[2025-08-17T19:36:37.412+0000] {subprocess.py:93} INFO - /usr/bin/bash: line 3: hdfs: command not found
[2025-08-17T19:36:37.413+0000] {subprocess.py:93} INFO - Waiting for hdfs://namenode:9000/data/raw/JP_category_id.json...
[2025-08-17T19:36:47.416+0000] {subprocess.py:93} INFO - /usr/bin/bash: line 3: hdfs: command not found
[2025-08-17T19:36:47.416+0000] {subprocess.py:93} INFO - Waiting for hdfs://namenode:9000/data/raw/JP_category_id.json...
[2025-08-17T19:36:57.421+0000] {subprocess.py:93} INFO - /usr/bin/bash: line 3: hdfs: command not found
[2025-08-17T19:36:57.422+0000] {subprocess.py:93} INFO - Waiting for hdfs://namenode:9000/data/raw/JP_category_id.json...
[2025-08-17T19:37:07.431+0000] {subprocess.py:93} INFO - /usr/bin/bash: line 3: hdfs: command not found
[2025-08-17T19:37:07.431+0000] {subprocess.py:93} INFO - Waiting for hdfs://namenode:9000/data/raw/JP_category_id.json...
[2025-08-17T19:37:17.434+0000] {subprocess.py:93} INFO - /usr/bin/bash: line 3: hdfs: command not found
[2025-08-17T19:37:17.434+0000] {subprocess.py:93} INFO - Waiting for hdfs://namenode:9000/data/raw/JP_category_id.json...
[2025-08-17T19:37:27.439+0000] {subprocess.py:93} INFO - /usr/bin/bash: line 3: hdfs: command not found
[2025-08-17T19:37:27.441+0000] {subprocess.py:93} INFO - Waiting for hdfs://namenode:9000/data/raw/JP_category_id.json...
[2025-08-17T19:37:37.450+0000] {subprocess.py:93} INFO - /usr/bin/bash: line 3: hdfs: command not found
[2025-08-17T19:37:37.451+0000] {subprocess.py:93} INFO - Waiting for hdfs://namenode:9000/data/raw/JP_category_id.json...
[2025-08-17T19:37:47.462+0000] {subprocess.py:93} INFO - /usr/bin/bash: line 3: hdfs: command not found
[2025-08-17T19:37:47.463+0000] {subprocess.py:93} INFO - Waiting for hdfs://namenode:9000/data/raw/JP_category_id.json...
[2025-08-17T19:37:57.471+0000] {subprocess.py:93} INFO - /usr/bin/bash: line 3: hdfs: command not found
[2025-08-17T19:37:57.471+0000] {subprocess.py:93} INFO - Waiting for hdfs://namenode:9000/data/raw/JP_category_id.json...
[2025-08-17T19:38:07.476+0000] {subprocess.py:93} INFO - /usr/bin/bash: line 3: hdfs: command not found
[2025-08-17T19:38:07.477+0000] {subprocess.py:93} INFO - Waiting for hdfs://namenode:9000/data/raw/JP_category_id.json...
[2025-08-17T19:38:17.488+0000] {subprocess.py:93} INFO - /usr/bin/bash: line 3: hdfs: command not found
[2025-08-17T19:38:17.491+0000] {subprocess.py:93} INFO - Waiting for hdfs://namenode:9000/data/raw/JP_category_id.json...
[2025-08-17T19:38:27.498+0000] {subprocess.py:93} INFO - /usr/bin/bash: line 3: hdfs: command not found
[2025-08-17T19:38:27.498+0000] {subprocess.py:93} INFO - Waiting for hdfs://namenode:9000/data/raw/JP_category_id.json...
[2025-08-17T19:38:37.503+0000] {subprocess.py:93} INFO - /usr/bin/bash: line 3: hdfs: command not found
[2025-08-17T19:38:37.508+0000] {subprocess.py:93} INFO - Waiting for hdfs://namenode:9000/data/raw/JP_category_id.json...
[2025-08-17T19:38:47.511+0000] {subprocess.py:93} INFO - /usr/bin/bash: line 3: hdfs: command not found
[2025-08-17T19:38:47.512+0000] {subprocess.py:93} INFO - Waiting for hdfs://namenode:9000/data/raw/JP_category_id.json...
[2025-08-17T19:38:57.520+0000] {subprocess.py:93} INFO - /usr/bin/bash: line 3: hdfs: command not found
[2025-08-17T19:38:57.521+0000] {subprocess.py:93} INFO - Waiting for hdfs://namenode:9000/data/raw/JP_category_id.json...
[2025-08-17T19:39:07.535+0000] {subprocess.py:93} INFO - /usr/bin/bash: line 3: hdfs: command not found
[2025-08-17T19:39:07.537+0000] {subprocess.py:93} INFO - Waiting for hdfs://namenode:9000/data/raw/JP_category_id.json...
[2025-08-17T19:39:17.549+0000] {subprocess.py:93} INFO - /usr/bin/bash: line 3: hdfs: command not found
[2025-08-17T19:39:17.549+0000] {subprocess.py:93} INFO - Waiting for hdfs://namenode:9000/data/raw/JP_category_id.json...
[2025-08-17T19:39:27.553+0000] {subprocess.py:93} INFO - /usr/bin/bash: line 3: hdfs: command not found
[2025-08-17T19:39:27.554+0000] {subprocess.py:93} INFO - Waiting for hdfs://namenode:9000/data/raw/JP_category_id.json...
[2025-08-17T19:39:37.558+0000] {subprocess.py:93} INFO - /usr/bin/bash: line 3: hdfs: command not found
[2025-08-17T19:39:37.558+0000] {subprocess.py:93} INFO - Waiting for hdfs://namenode:9000/data/raw/JP_category_id.json...
[2025-08-17T19:39:47.561+0000] {subprocess.py:93} INFO - /usr/bin/bash: line 3: hdfs: command not found
[2025-08-17T19:39:47.562+0000] {subprocess.py:93} INFO - Waiting for hdfs://namenode:9000/data/raw/JP_category_id.json...
[2025-08-17T19:39:57.565+0000] {subprocess.py:93} INFO - /usr/bin/bash: line 3: hdfs: command not found
[2025-08-17T19:39:57.566+0000] {subprocess.py:93} INFO - Waiting for hdfs://namenode:9000/data/raw/JP_category_id.json...
[2025-08-17T19:40:07.570+0000] {subprocess.py:93} INFO - /usr/bin/bash: line 3: hdfs: command not found
[2025-08-17T19:40:07.573+0000] {subprocess.py:93} INFO - Waiting for hdfs://namenode:9000/data/raw/JP_category_id.json...
[2025-08-17T19:40:17.575+0000] {subprocess.py:93} INFO - /usr/bin/bash: line 3: hdfs: command not found
[2025-08-17T19:40:17.576+0000] {subprocess.py:93} INFO - Waiting for hdfs://namenode:9000/data/raw/JP_category_id.json...
[2025-08-17T19:40:27.579+0000] {subprocess.py:93} INFO - /usr/bin/bash: line 3: hdfs: command not found
[2025-08-17T19:40:27.579+0000] {subprocess.py:93} INFO - Waiting for hdfs://namenode:9000/data/raw/JP_category_id.json...
[2025-08-17T19:40:37.583+0000] {subprocess.py:93} INFO - /usr/bin/bash: line 3: hdfs: command not found
[2025-08-17T19:40:37.583+0000] {subprocess.py:93} INFO - Waiting for hdfs://namenode:9000/data/raw/JP_category_id.json...
[2025-08-17T19:40:47.588+0000] {subprocess.py:93} INFO - /usr/bin/bash: line 3: hdfs: command not found
[2025-08-17T19:40:47.589+0000] {subprocess.py:93} INFO - Waiting for hdfs://namenode:9000/data/raw/JP_category_id.json...
[2025-08-17T19:40:57.596+0000] {subprocess.py:93} INFO - /usr/bin/bash: line 3: hdfs: command not found
[2025-08-17T19:40:57.597+0000] {subprocess.py:93} INFO - Waiting for hdfs://namenode:9000/data/raw/JP_category_id.json...
[2025-08-17T19:41:07.610+0000] {subprocess.py:93} INFO - /usr/bin/bash: line 3: hdfs: command not found
[2025-08-17T19:41:07.613+0000] {subprocess.py:93} INFO - Waiting for hdfs://namenode:9000/data/raw/JP_category_id.json...
[2025-08-17T19:41:17.623+0000] {subprocess.py:93} INFO - /usr/bin/bash: line 3: hdfs: command not found
[2025-08-17T19:41:17.627+0000] {subprocess.py:93} INFO - Waiting for hdfs://namenode:9000/data/raw/JP_category_id.json...
[2025-08-17T19:41:27.648+0000] {subprocess.py:93} INFO - /usr/bin/bash: line 3: hdfs: command not found
[2025-08-17T19:41:27.650+0000] {subprocess.py:93} INFO - Waiting for hdfs://namenode:9000/data/raw/JP_category_id.json...
[2025-08-17T19:41:37.661+0000] {subprocess.py:93} INFO - /usr/bin/bash: line 3: hdfs: command not found
[2025-08-17T19:41:37.661+0000] {subprocess.py:93} INFO - Waiting for hdfs://namenode:9000/data/raw/JP_category_id.json...
[2025-08-17T19:41:47.664+0000] {subprocess.py:93} INFO - /usr/bin/bash: line 3: hdfs: command not found
[2025-08-17T19:41:47.665+0000] {subprocess.py:93} INFO - Waiting for hdfs://namenode:9000/data/raw/JP_category_id.json...
[2025-08-17T19:41:57.669+0000] {subprocess.py:93} INFO - /usr/bin/bash: line 3: hdfs: command not found
[2025-08-17T19:41:57.670+0000] {subprocess.py:93} INFO - Waiting for hdfs://namenode:9000/data/raw/JP_category_id.json...
[2025-08-17T19:42:07.677+0000] {subprocess.py:93} INFO - /usr/bin/bash: line 3: hdfs: command not found
[2025-08-17T19:42:07.679+0000] {subprocess.py:93} INFO - Waiting for hdfs://namenode:9000/data/raw/JP_category_id.json...
[2025-08-17T19:42:17.690+0000] {subprocess.py:93} INFO - /usr/bin/bash: line 3: hdfs: command not found
[2025-08-17T19:42:17.691+0000] {subprocess.py:93} INFO - Waiting for hdfs://namenode:9000/data/raw/JP_category_id.json...
[2025-08-17T19:42:27.696+0000] {subprocess.py:93} INFO - /usr/bin/bash: line 3: hdfs: command not found
[2025-08-17T19:42:27.698+0000] {subprocess.py:93} INFO - Waiting for hdfs://namenode:9000/data/raw/JP_category_id.json...
[2025-08-17T19:42:37.709+0000] {subprocess.py:93} INFO - /usr/bin/bash: line 3: hdfs: command not found
[2025-08-17T19:42:37.711+0000] {subprocess.py:93} INFO - Waiting for hdfs://namenode:9000/data/raw/JP_category_id.json...
[2025-08-17T19:42:47.723+0000] {subprocess.py:93} INFO - /usr/bin/bash: line 3: hdfs: command not found
[2025-08-17T19:42:47.724+0000] {subprocess.py:93} INFO - Waiting for hdfs://namenode:9000/data/raw/JP_category_id.json...
[2025-08-17T19:42:57.730+0000] {subprocess.py:93} INFO - /usr/bin/bash: line 3: hdfs: command not found
[2025-08-17T19:42:57.731+0000] {subprocess.py:93} INFO - Waiting for hdfs://namenode:9000/data/raw/JP_category_id.json...
[2025-08-17T19:43:07.739+0000] {subprocess.py:93} INFO - /usr/bin/bash: line 3: hdfs: command not found
[2025-08-17T19:43:07.740+0000] {subprocess.py:93} INFO - Waiting for hdfs://namenode:9000/data/raw/JP_category_id.json...
[2025-08-17T19:43:17.747+0000] {subprocess.py:93} INFO - /usr/bin/bash: line 3: hdfs: command not found
[2025-08-17T19:43:17.749+0000] {subprocess.py:93} INFO - Waiting for hdfs://namenode:9000/data/raw/JP_category_id.json...
[2025-08-17T19:43:27.760+0000] {subprocess.py:93} INFO - /usr/bin/bash: line 3: hdfs: command not found
[2025-08-17T19:43:27.760+0000] {subprocess.py:93} INFO - Waiting for hdfs://namenode:9000/data/raw/JP_category_id.json...
[2025-08-17T19:43:37.763+0000] {subprocess.py:93} INFO - TIMEOUT waiting hdfs://namenode:9000/data/raw/JP_category_id.json
[2025-08-17T19:43:37.764+0000] {subprocess.py:97} INFO - Command exited with return code 1
[2025-08-17T19:43:37.764+0000] {taskinstance.py:441} INFO - ::group::Post task execution logs
[2025-08-17T19:43:37.789+0000] {taskinstance.py:2890} ERROR - Task failed with exception
Traceback (most recent call last):
  File "/home/airflow/.local/lib/python3.9/site-packages/airflow/models/taskinstance.py", line 465, in _execute_task
    result = _execute_callable(context=context, **execute_callable_kwargs)
  File "/home/airflow/.local/lib/python3.9/site-packages/airflow/models/taskinstance.py", line 432, in _execute_callable
    return execute_callable(context=context, **execute_callable_kwargs)
  File "/home/airflow/.local/lib/python3.9/site-packages/airflow/models/baseoperator.py", line 400, in wrapper
    return func(self, *args, **kwargs)
  File "/home/airflow/.local/lib/python3.9/site-packages/airflow/operators/bash.py", line 243, in execute
    raise AirflowException(
airflow.exceptions.AirflowException: Bash command failed. The command returned a non-zero exit code 1.
[2025-08-17T19:43:37.797+0000] {taskinstance.py:1205} INFO - Marking task as UP_FOR_RETRY. dag_id=youtube_elt_dw_analytics, task_id=wait_raw_18, execution_date=20250816T000000, start_date=20250817T193336, end_date=20250817T194337
[2025-08-17T19:43:37.827+0000] {standard_task_runner.py:110} ERROR - Failed to execute job 20 for task wait_raw_18 (Bash command failed. The command returned a non-zero exit code 1.; 2306)
[2025-08-17T19:43:37.844+0000] {local_task_job_runner.py:240} INFO - Task exited with return code 1
[2025-08-17T19:43:37.875+0000] {logging_mixin.py:188} WARNING - /home/***/.local/lib/python3.9/site-packages/***/models/baseoperator.py:1296 AirflowProviderDeprecationWarning: Call to deprecated class PostgresOperator. (Please use `***.providers.common.sql.operators.sql.SQLExecuteQueryOperator`.Also, you can provide `hook_params={'schema': <database>}`.)
[2025-08-17T19:43:37.933+0000] {taskinstance.py:3482} INFO - 0 downstream tasks scheduled from follow-on schedule check
[2025-08-17T19:43:37.935+0000] {local_task_job_runner.py:222} INFO - ::endgroup::
