[2025-08-19T09:15:44.083+0000] {local_task_job_runner.py:120} INFO - ::group::Pre task execution logs
[2025-08-19T09:15:44.189+0000] {taskinstance.py:2073} INFO - Dependencies all met for dep_context=non-requeueable deps ti=<TaskInstance: youtube_pipeline_batch_data.transform_golden manual__2025-08-19T09:11:07.475998+00:00 [queued]>
[2025-08-19T09:15:44.221+0000] {taskinstance.py:2073} INFO - Dependencies all met for dep_context=requeueable deps ti=<TaskInstance: youtube_pipeline_batch_data.transform_golden manual__2025-08-19T09:11:07.475998+00:00 [queued]>
[2025-08-19T09:15:44.225+0000] {taskinstance.py:2303} INFO - Starting attempt 1 of 4
[2025-08-19T09:15:44.285+0000] {taskinstance.py:2327} INFO - Executing <Task(BashOperator): transform_golden> on 2025-08-19 09:11:07.475998+00:00
[2025-08-19T09:15:44.298+0000] {standard_task_runner.py:63} INFO - Started process 2195 to run task
[2025-08-19T09:15:44.303+0000] {standard_task_runner.py:90} INFO - Running: ['***', 'tasks', 'run', 'youtube_pipeline_batch_data', 'transform_golden', 'manual__2025-08-19T09:11:07.475998+00:00', '--job-id', '596', '--raw', '--subdir', 'DAGS_FOLDER/youtube_pipeline.py', '--cfg-path', '/tmp/tmp8o6joej1']
[2025-08-19T09:15:44.311+0000] {standard_task_runner.py:91} INFO - Job 596: Subtask transform_golden
[2025-08-19T09:15:44.557+0000] {task_command.py:426} INFO - Running <TaskInstance: youtube_pipeline_batch_data.transform_golden manual__2025-08-19T09:11:07.475998+00:00 [running]> on host 54bf3a3eaeab
[2025-08-19T09:15:44.989+0000] {taskinstance.py:2644} INFO - Exporting env vars: AIRFLOW_CTX_DAG_OWNER='***' AIRFLOW_CTX_DAG_ID='youtube_pipeline_batch_data' AIRFLOW_CTX_TASK_ID='transform_golden' AIRFLOW_CTX_EXECUTION_DATE='2025-08-19T09:11:07.475998+00:00' AIRFLOW_CTX_TRY_NUMBER='1' AIRFLOW_CTX_DAG_RUN_ID='manual__2025-08-19T09:11:07.475998+00:00'
[2025-08-19T09:15:44.993+0000] {taskinstance.py:430} INFO - ::endgroup::
[2025-08-19T09:15:45.052+0000] {subprocess.py:63} INFO - Tmp dir root location: /tmp
[2025-08-19T09:15:45.053+0000] {subprocess.py:75} INFO - Running command: ['/usr/bin/bash', '-c', 'docker exec spark-master spark-submit --master spark://spark-master:7077 --deploy-mode client --packages org.apache.spark:spark-avro_2.12:3.5.1 /opt/***/jobs/transformation/transform_to_golden_dataset.py']
[2025-08-19T09:15:45.074+0000] {subprocess.py:86} INFO - Output:
[2025-08-19T09:15:49.951+0000] {subprocess.py:93} INFO - :: loading settings :: url = jar:file:/opt/bitnami/spark/jars/ivy-2.5.1.jar!/org/apache/ivy/core/settings/ivysettings.xml
[2025-08-19T09:15:50.483+0000] {subprocess.py:93} INFO - Ivy Default Cache set to: /opt/bitnami/spark/.ivy2/cache
[2025-08-19T09:15:50.484+0000] {subprocess.py:93} INFO - The jars for the packages stored in: /opt/bitnami/spark/.ivy2/jars
[2025-08-19T09:15:50.510+0000] {subprocess.py:93} INFO - org.apache.spark#spark-avro_2.12 added as a dependency
[2025-08-19T09:15:50.515+0000] {subprocess.py:93} INFO - :: resolving dependencies :: org.apache.spark#spark-submit-parent-e9f7aa3e-c959-4b01-8465-b2b1625509a9;1.0
[2025-08-19T09:15:50.517+0000] {subprocess.py:93} INFO - 	confs: [default]
[2025-08-19T09:15:52.390+0000] {subprocess.py:93} INFO - 	found org.apache.spark#spark-avro_2.12;3.5.1 in central
[2025-08-19T09:15:52.453+0000] {subprocess.py:93} INFO - 	found org.tukaani#xz;1.9 in central
[2025-08-19T09:15:52.472+0000] {subprocess.py:93} INFO - :: resolution report :: resolve 1946ms :: artifacts dl 15ms
[2025-08-19T09:15:52.475+0000] {subprocess.py:93} INFO - 	:: modules in use:
[2025-08-19T09:15:52.478+0000] {subprocess.py:93} INFO - 	org.apache.spark#spark-avro_2.12;3.5.1 from central in [default]
[2025-08-19T09:15:52.479+0000] {subprocess.py:93} INFO - 	org.tukaani#xz;1.9 from central in [default]
[2025-08-19T09:15:52.480+0000] {subprocess.py:93} INFO - 	---------------------------------------------------------------------
[2025-08-19T09:15:52.489+0000] {subprocess.py:93} INFO - 	|                  |            modules            ||   artifacts   |
[2025-08-19T09:15:52.495+0000] {subprocess.py:93} INFO - 	|       conf       | number| search|dwnlded|evicted|| number|dwnlded|
[2025-08-19T09:15:52.495+0000] {subprocess.py:93} INFO - 	---------------------------------------------------------------------
[2025-08-19T09:15:52.496+0000] {subprocess.py:93} INFO - 	|      default     |   2   |   0   |   0   |   0   ||   2   |   0   |
[2025-08-19T09:15:52.512+0000] {subprocess.py:93} INFO - 	---------------------------------------------------------------------
[2025-08-19T09:15:52.512+0000] {subprocess.py:93} INFO - :: retrieving :: org.apache.spark#spark-submit-parent-e9f7aa3e-c959-4b01-8465-b2b1625509a9
[2025-08-19T09:15:52.519+0000] {subprocess.py:93} INFO - 	confs: [default]
[2025-08-19T09:15:52.533+0000] {subprocess.py:93} INFO - 	0 artifacts copied, 2 already retrieved (0kB/8ms)
[2025-08-19T09:15:54.118+0000] {subprocess.py:93} INFO - 25/08/19 09:15:54 WARN NativeCodeLoader: Unable to load native-hadoop library for your platform... using builtin-java classes where applicable
[2025-08-19T09:16:03.997+0000] {subprocess.py:93} INFO - 25/08/19 09:16:03 INFO SparkContext: Running Spark version 3.5.1
[2025-08-19T09:16:04.011+0000] {subprocess.py:93} INFO - 25/08/19 09:16:04 INFO SparkContext: OS info Linux, 6.11.0-29-generic, amd64
[2025-08-19T09:16:04.013+0000] {subprocess.py:93} INFO - 25/08/19 09:16:04 INFO SparkContext: Java version 17.0.12
[2025-08-19T09:16:04.408+0000] {subprocess.py:93} INFO - 25/08/19 09:16:04 INFO ResourceUtils: ==============================================================
[2025-08-19T09:16:04.416+0000] {subprocess.py:93} INFO - 25/08/19 09:16:04 INFO ResourceUtils: No custom resources configured for spark.driver.
[2025-08-19T09:16:04.420+0000] {subprocess.py:93} INFO - 25/08/19 09:16:04 INFO ResourceUtils: ==============================================================
[2025-08-19T09:16:04.446+0000] {subprocess.py:93} INFO - 25/08/19 09:16:04 INFO SparkContext: Submitted application: Processed Zone - Golden Dataset
[2025-08-19T09:16:04.885+0000] {subprocess.py:93} INFO - 25/08/19 09:16:04 INFO ResourceProfile: Default ResourceProfile created, executor resources: Map(memory -> name: memory, amount: 1024, script: , vendor: , offHeap -> name: offHeap, amount: 0, script: , vendor: ), task resources: Map(cpus -> name: cpus, amount: 1.0)
[2025-08-19T09:16:04.993+0000] {subprocess.py:93} INFO - 25/08/19 09:16:04 INFO ResourceProfile: Limiting resource is cpu
[2025-08-19T09:16:05.002+0000] {subprocess.py:93} INFO - 25/08/19 09:16:04 INFO ResourceProfileManager: Added ResourceProfile id: 0
[2025-08-19T09:16:05.863+0000] {subprocess.py:93} INFO - 25/08/19 09:16:05 INFO SecurityManager: Changing view acls to: spark
[2025-08-19T09:16:05.881+0000] {subprocess.py:93} INFO - 25/08/19 09:16:05 INFO SecurityManager: Changing modify acls to: spark
[2025-08-19T09:16:05.883+0000] {subprocess.py:93} INFO - 25/08/19 09:16:05 INFO SecurityManager: Changing view acls groups to:
[2025-08-19T09:16:05.900+0000] {subprocess.py:93} INFO - 25/08/19 09:16:05 INFO SecurityManager: Changing modify acls groups to:
[2025-08-19T09:16:05.902+0000] {subprocess.py:93} INFO - 25/08/19 09:16:05 INFO SecurityManager: SecurityManager: authentication disabled; ui acls disabled; users with view permissions: spark; groups with view permissions: EMPTY; users with modify permissions: spark; groups with modify permissions: EMPTY
[2025-08-19T09:16:08.947+0000] {subprocess.py:93} INFO - 25/08/19 09:16:08 INFO Utils: Successfully started service 'sparkDriver' on port 46257.
[2025-08-19T09:16:09.184+0000] {subprocess.py:93} INFO - 25/08/19 09:16:09 INFO SparkEnv: Registering MapOutputTracker
[2025-08-19T09:16:09.496+0000] {subprocess.py:93} INFO - 25/08/19 09:16:09 INFO SparkEnv: Registering BlockManagerMaster
[2025-08-19T09:16:09.920+0000] {subprocess.py:93} INFO - 25/08/19 09:16:09 INFO BlockManagerMasterEndpoint: Using org.apache.spark.storage.DefaultTopologyMapper for getting topology information
[2025-08-19T09:16:09.940+0000] {subprocess.py:93} INFO - 25/08/19 09:16:09 INFO BlockManagerMasterEndpoint: BlockManagerMasterEndpoint up
[2025-08-19T09:16:09.990+0000] {subprocess.py:93} INFO - 25/08/19 09:16:09 INFO SparkEnv: Registering BlockManagerMasterHeartbeat
[2025-08-19T09:16:10.213+0000] {subprocess.py:93} INFO - 25/08/19 09:16:10 INFO DiskBlockManager: Created local directory at /tmp/blockmgr-295d7020-22f1-4c2b-af0b-eb327e49602a
[2025-08-19T09:16:10.427+0000] {subprocess.py:93} INFO - 25/08/19 09:16:10 INFO MemoryStore: MemoryStore started with capacity 434.4 MiB
[2025-08-19T09:16:10.511+0000] {subprocess.py:93} INFO - 25/08/19 09:16:10 INFO SparkEnv: Registering OutputCommitCoordinator
[2025-08-19T09:16:11.498+0000] {subprocess.py:93} INFO - 25/08/19 09:16:11 INFO JettyUtils: Start Jetty 0.0.0.0:4040 for SparkUI
[2025-08-19T09:16:12.042+0000] {subprocess.py:93} INFO - 25/08/19 09:16:12 INFO Utils: Successfully started service 'SparkUI' on port 4040.
[2025-08-19T09:16:12.406+0000] {subprocess.py:93} INFO - 25/08/19 09:16:12 INFO SparkContext: Added JAR file:///opt/bitnami/spark/.ivy2/jars/org.apache.spark_spark-avro_2.12-3.5.1.jar at spark://b208641feb52:46257/jars/org.apache.spark_spark-avro_2.12-3.5.1.jar with timestamp 1755594963878
[2025-08-19T09:16:12.407+0000] {subprocess.py:93} INFO - 25/08/19 09:16:12 INFO SparkContext: Added JAR file:///opt/bitnami/spark/.ivy2/jars/org.tukaani_xz-1.9.jar at spark://b208641feb52:46257/jars/org.tukaani_xz-1.9.jar with timestamp 1755594963878
[2025-08-19T09:16:12.443+0000] {subprocess.py:93} INFO - 25/08/19 09:16:12 INFO SparkContext: Added file file:///opt/bitnami/spark/.ivy2/jars/org.apache.spark_spark-avro_2.12-3.5.1.jar at spark://b208641feb52:46257/files/org.apache.spark_spark-avro_2.12-3.5.1.jar with timestamp 1755594963878
[2025-08-19T09:16:12.456+0000] {subprocess.py:93} INFO - 25/08/19 09:16:12 INFO Utils: Copying /opt/bitnami/spark/.ivy2/jars/org.apache.spark_spark-avro_2.12-3.5.1.jar to /tmp/spark-f99e7b6d-26f5-4862-992f-ea05e410945b/userFiles-203f11cc-f309-403f-b4a1-14ef15872402/org.apache.spark_spark-avro_2.12-3.5.1.jar
[2025-08-19T09:16:12.521+0000] {subprocess.py:93} INFO - 25/08/19 09:16:12 INFO SparkContext: Added file file:///opt/bitnami/spark/.ivy2/jars/org.tukaani_xz-1.9.jar at spark://b208641feb52:46257/files/org.tukaani_xz-1.9.jar with timestamp 1755594963878
[2025-08-19T09:16:12.525+0000] {subprocess.py:93} INFO - 25/08/19 09:16:12 INFO Utils: Copying /opt/bitnami/spark/.ivy2/jars/org.tukaani_xz-1.9.jar to /tmp/spark-f99e7b6d-26f5-4862-992f-ea05e410945b/userFiles-203f11cc-f309-403f-b4a1-14ef15872402/org.tukaani_xz-1.9.jar
[2025-08-19T09:16:13.423+0000] {subprocess.py:93} INFO - 25/08/19 09:16:13 INFO StandaloneAppClient$ClientEndpoint: Connecting to master spark://spark-master:7077...
[2025-08-19T09:16:13.711+0000] {subprocess.py:93} INFO - 25/08/19 09:16:13 INFO TransportClientFactory: Successfully created connection to spark-master/172.18.0.4:7077 after 180 ms (0 ms spent in bootstraps)
[2025-08-19T09:16:14.283+0000] {subprocess.py:93} INFO - 25/08/19 09:16:14 INFO StandaloneSchedulerBackend: Connected to Spark cluster with app ID app-20250819091614-0005
[2025-08-19T09:16:14.329+0000] {subprocess.py:93} INFO - 25/08/19 09:16:14 INFO Utils: Successfully started service 'org.apache.spark.network.netty.NettyBlockTransferService' on port 45917.
[2025-08-19T09:16:14.330+0000] {subprocess.py:93} INFO - 25/08/19 09:16:14 INFO NettyBlockTransferService: Server created on b208641feb52:45917
[2025-08-19T09:16:14.341+0000] {subprocess.py:93} INFO - 25/08/19 09:16:14 INFO BlockManager: Using org.apache.spark.storage.RandomBlockReplicationPolicy for block replication policy
[2025-08-19T09:16:14.387+0000] {subprocess.py:93} INFO - 25/08/19 09:16:14 INFO BlockManagerMaster: Registering BlockManager BlockManagerId(driver, b208641feb52, 45917, None)
[2025-08-19T09:16:14.413+0000] {subprocess.py:93} INFO - 25/08/19 09:16:14 INFO BlockManagerMasterEndpoint: Registering block manager b208641feb52:45917 with 434.4 MiB RAM, BlockManagerId(driver, b208641feb52, 45917, None)
[2025-08-19T09:16:14.424+0000] {subprocess.py:93} INFO - 25/08/19 09:16:14 INFO BlockManagerMaster: Registered BlockManager BlockManagerId(driver, b208641feb52, 45917, None)
[2025-08-19T09:16:14.435+0000] {subprocess.py:93} INFO - 25/08/19 09:16:14 INFO BlockManager: Initialized BlockManager: BlockManagerId(driver, b208641feb52, 45917, None)
[2025-08-19T09:16:15.324+0000] {subprocess.py:93} INFO - 25/08/19 09:16:15 INFO StandaloneSchedulerBackend: SchedulerBackend is ready for scheduling beginning after reached minRegisteredResourcesRatio: 0.0
[2025-08-19T09:16:16.967+0000] {subprocess.py:93} INFO - 25/08/19 09:16:16 INFO SharedState: Setting hive.metastore.warehouse.dir ('null') to the value of spark.sql.warehouse.dir.
[2025-08-19T09:16:16.977+0000] {subprocess.py:93} INFO - 25/08/19 09:16:16 INFO SharedState: Warehouse path is 'file:/opt/bitnami/spark/spark-warehouse'.
[2025-08-19T09:16:22.743+0000] {subprocess.py:93} INFO - 25/08/19 09:16:22 INFO InMemoryFileIndex: It took 876 ms to list leaf files for 1 paths.
[2025-08-19T09:16:30.630+0000] {subprocess.py:93} INFO - 25/08/19 09:16:30 INFO InMemoryFileIndex: It took 62 ms to list leaf files for 1 paths.
[2025-08-19T09:16:40.112+0000] {subprocess.py:93} INFO - 25/08/19 09:16:40 INFO InMemoryFileIndex: It took 24 ms to list leaf files for 1 paths.
[2025-08-19T09:16:40.207+0000] {subprocess.py:93} INFO - 25/08/19 09:16:40 INFO InMemoryFileIndex: It took 26 ms to list leaf files for 1 paths.
[2025-08-19T09:16:45.096+0000] {subprocess.py:93} INFO - 25/08/19 09:16:45 INFO InMemoryFileIndex: It took 41 ms to list leaf files for 1 paths.
[2025-08-19T09:16:45.496+0000] {subprocess.py:93} INFO - 25/08/19 09:16:45 INFO InMemoryFileIndex: It took 138 ms to list leaf files for 1 paths.
[2025-08-19T09:16:47.778+0000] {subprocess.py:93} INFO - 25/08/19 09:16:47 INFO InMemoryFileIndex: It took 60 ms to list leaf files for 1 paths.
[2025-08-19T09:16:48.127+0000] {subprocess.py:93} INFO - 25/08/19 09:16:48 INFO InMemoryFileIndex: It took 56 ms to list leaf files for 1 paths.
[2025-08-19T09:16:51.531+0000] {subprocess.py:93} INFO - 25/08/19 09:16:51 INFO InMemoryFileIndex: It took 9 ms to list leaf files for 1 paths.
[2025-08-19T09:16:51.621+0000] {subprocess.py:93} INFO - 25/08/19 09:16:51 INFO InMemoryFileIndex: It took 23 ms to list leaf files for 1 paths.
[2025-08-19T09:16:54.237+0000] {subprocess.py:93} INFO - 25/08/19 09:16:54 INFO InMemoryFileIndex: It took 13 ms to list leaf files for 1 paths.
[2025-08-19T09:16:54.440+0000] {subprocess.py:93} INFO - Traceback (most recent call last):
[2025-08-19T09:16:54.441+0000] {subprocess.py:93} INFO -   File "/opt/***/jobs/transformation/transform_to_golden_dataset.py", line 22, in <module>
[2025-08-19T09:16:54.443+0000] {subprocess.py:93} INFO -     videos_df = spark.read.format("avro").load(f"hdfs://namenode:9000/storage/hdfs/raw/avro/{region}videos")
[2025-08-19T09:16:54.446+0000] {subprocess.py:93} INFO -                 ^^^^^^^^^^^^^^^^^^^^^^^^^^^^^^^^^^^^^^^^^^^^^^^^^^^^^^^^^^^^^^^^^^^^^^^^^^^^^^^^^^^^^^^^^^^^
[2025-08-19T09:16:54.448+0000] {subprocess.py:93} INFO -   File "/opt/bitnami/spark/python/lib/pyspark.zip/pyspark/sql/readwriter.py", line 307, in load
[2025-08-19T09:16:54.448+0000] {subprocess.py:93} INFO -   File "/opt/bitnami/spark/python/lib/py4j-0.10.9.7-src.zip/py4j/java_gateway.py", line 1322, in __call__
[2025-08-19T09:16:54.450+0000] {subprocess.py:93} INFO -   File "/opt/bitnami/spark/python/lib/pyspark.zip/pyspark/errors/exceptions/captured.py", line 179, in deco
[2025-08-19T09:16:54.452+0000] {subprocess.py:93} INFO -   File "/opt/bitnami/spark/python/lib/py4j-0.10.9.7-src.zip/py4j/protocol.py", line 326, in get_return_value
[2025-08-19T09:16:54.455+0000] {subprocess.py:93} INFO - py4j.protocol.Py4JJavaError: An error occurred while calling o994.load.
[2025-08-19T09:16:54.457+0000] {subprocess.py:93} INFO - : java.io.FileNotFoundException: No Avro files found. If files don't have .avro extension, set ignoreExtension to true
[2025-08-19T09:16:54.460+0000] {subprocess.py:93} INFO - 	at org.apache.spark.sql.avro.AvroUtils$.inferAvroSchemaFromFiles(AvroUtils.scala:166)
[2025-08-19T09:16:54.461+0000] {subprocess.py:93} INFO - 	at org.apache.spark.sql.avro.AvroUtils$.$anonfun$inferSchema$2(AvroUtils.scala:61)
[2025-08-19T09:16:54.463+0000] {subprocess.py:93} INFO - 	at scala.Option.getOrElse(Option.scala:189)
[2025-08-19T09:16:54.464+0000] {subprocess.py:93} INFO - 	at org.apache.spark.sql.avro.AvroUtils$.inferSchema(AvroUtils.scala:60)
[2025-08-19T09:16:54.468+0000] {subprocess.py:93} INFO - 	at org.apache.spark.sql.avro.AvroFileFormat.inferSchema(AvroFileFormat.scala:58)
[2025-08-19T09:16:54.469+0000] {subprocess.py:93} INFO - 	at org.apache.spark.sql.execution.datasources.DataSource.$anonfun$getOrInferFileFormatSchema$11(DataSource.scala:208)
[2025-08-19T09:16:54.470+0000] {subprocess.py:93} INFO - 	at scala.Option.orElse(Option.scala:447)
[2025-08-19T09:16:54.474+0000] {subprocess.py:93} INFO - 	at org.apache.spark.sql.execution.datasources.DataSource.getOrInferFileFormatSchema(DataSource.scala:205)
[2025-08-19T09:16:54.475+0000] {subprocess.py:93} INFO - 	at org.apache.spark.sql.execution.datasources.DataSource.resolveRelation(DataSource.scala:407)
[2025-08-19T09:16:54.475+0000] {subprocess.py:93} INFO - 	at org.apache.spark.sql.DataFrameReader.loadV1Source(DataFrameReader.scala:229)
[2025-08-19T09:16:54.476+0000] {subprocess.py:93} INFO - 	at org.apache.spark.sql.DataFrameReader.$anonfun$load$2(DataFrameReader.scala:211)
[2025-08-19T09:16:54.480+0000] {subprocess.py:93} INFO - 	at scala.Option.getOrElse(Option.scala:189)
[2025-08-19T09:16:54.481+0000] {subprocess.py:93} INFO - 	at org.apache.spark.sql.DataFrameReader.load(DataFrameReader.scala:211)
[2025-08-19T09:16:54.482+0000] {subprocess.py:93} INFO - 	at org.apache.spark.sql.DataFrameReader.load(DataFrameReader.scala:186)
[2025-08-19T09:16:54.487+0000] {subprocess.py:93} INFO - 	at java.base/jdk.internal.reflect.NativeMethodAccessorImpl.invoke0(Native Method)
[2025-08-19T09:16:54.489+0000] {subprocess.py:93} INFO - 	at java.base/jdk.internal.reflect.NativeMethodAccessorImpl.invoke(NativeMethodAccessorImpl.java:77)
[2025-08-19T09:16:54.490+0000] {subprocess.py:93} INFO - 	at java.base/jdk.internal.reflect.DelegatingMethodAccessorImpl.invoke(DelegatingMethodAccessorImpl.java:43)
[2025-08-19T09:16:54.490+0000] {subprocess.py:93} INFO - 	at java.base/java.lang.reflect.Method.invoke(Method.java:569)
[2025-08-19T09:16:54.490+0000] {subprocess.py:93} INFO - 	at py4j.reflection.MethodInvoker.invoke(MethodInvoker.java:244)
[2025-08-19T09:16:54.491+0000] {subprocess.py:93} INFO - 	at py4j.reflection.ReflectionEngine.invoke(ReflectionEngine.java:374)
[2025-08-19T09:16:54.491+0000] {subprocess.py:93} INFO - 	at py4j.Gateway.invoke(Gateway.java:282)
[2025-08-19T09:16:54.491+0000] {subprocess.py:93} INFO - 	at py4j.commands.AbstractCommand.invokeMethod(AbstractCommand.java:132)
[2025-08-19T09:16:54.492+0000] {subprocess.py:93} INFO - 	at py4j.commands.CallCommand.execute(CallCommand.java:79)
[2025-08-19T09:16:54.499+0000] {subprocess.py:93} INFO - 	at py4j.ClientServerConnection.waitForCommands(ClientServerConnection.java:182)
[2025-08-19T09:16:54.504+0000] {subprocess.py:93} INFO - 	at py4j.ClientServerConnection.run(ClientServerConnection.java:106)
[2025-08-19T09:16:54.504+0000] {subprocess.py:93} INFO - 	at java.base/java.lang.Thread.run(Thread.java:840)
[2025-08-19T09:16:54.504+0000] {subprocess.py:93} INFO - 
[2025-08-19T09:16:54.572+0000] {subprocess.py:93} INFO - 25/08/19 09:16:54 INFO SparkContext: Invoking stop() from shutdown hook
[2025-08-19T09:16:54.580+0000] {subprocess.py:93} INFO - 25/08/19 09:16:54 INFO SparkContext: SparkContext is stopping with exitCode 0.
[2025-08-19T09:16:54.639+0000] {subprocess.py:93} INFO - 25/08/19 09:16:54 INFO SparkUI: Stopped Spark web UI at http://b208641feb52:4040
[2025-08-19T09:16:54.665+0000] {subprocess.py:93} INFO - 25/08/19 09:16:54 INFO StandaloneSchedulerBackend: Shutting down all executors
[2025-08-19T09:16:54.684+0000] {subprocess.py:93} INFO - 25/08/19 09:16:54 INFO StandaloneSchedulerBackend$StandaloneDriverEndpoint: Asking each executor to shut down
[2025-08-19T09:16:54.788+0000] {subprocess.py:93} INFO - 25/08/19 09:16:54 INFO MapOutputTrackerMasterEndpoint: MapOutputTrackerMasterEndpoint stopped!
[2025-08-19T09:16:54.908+0000] {subprocess.py:93} INFO - 25/08/19 09:16:54 INFO MemoryStore: MemoryStore cleared
[2025-08-19T09:16:54.930+0000] {subprocess.py:93} INFO - 25/08/19 09:16:54 INFO BlockManager: BlockManager stopped
[2025-08-19T09:16:54.955+0000] {subprocess.py:93} INFO - 25/08/19 09:16:54 INFO BlockManagerMaster: BlockManagerMaster stopped
[2025-08-19T09:16:54.978+0000] {subprocess.py:93} INFO - 25/08/19 09:16:54 INFO OutputCommitCoordinator$OutputCommitCoordinatorEndpoint: OutputCommitCoordinator stopped!
[2025-08-19T09:16:55.005+0000] {subprocess.py:93} INFO - 25/08/19 09:16:55 INFO SparkContext: Successfully stopped SparkContext
[2025-08-19T09:16:55.008+0000] {subprocess.py:93} INFO - 25/08/19 09:16:55 INFO ShutdownHookManager: Shutdown hook called
[2025-08-19T09:16:55.012+0000] {subprocess.py:93} INFO - 25/08/19 09:16:55 INFO ShutdownHookManager: Deleting directory /tmp/spark-f99e7b6d-26f5-4862-992f-ea05e410945b
[2025-08-19T09:16:55.027+0000] {subprocess.py:93} INFO - 25/08/19 09:16:55 INFO ShutdownHookManager: Deleting directory /tmp/spark-b13050b1-0cdb-46b9-ba93-5b30745f815b
[2025-08-19T09:16:55.040+0000] {subprocess.py:93} INFO - 25/08/19 09:16:55 INFO ShutdownHookManager: Deleting directory /tmp/spark-f99e7b6d-26f5-4862-992f-ea05e410945b/pyspark-66dcdb3d-fc1a-4b2e-830b-010de6f72966
[2025-08-19T09:16:55.196+0000] {subprocess.py:97} INFO - Command exited with return code 1
[2025-08-19T09:16:55.197+0000] {taskinstance.py:441} INFO - ::group::Post task execution logs
[2025-08-19T09:16:55.224+0000] {taskinstance.py:2890} ERROR - Task failed with exception
Traceback (most recent call last):
  File "/home/airflow/.local/lib/python3.9/site-packages/airflow/models/taskinstance.py", line 465, in _execute_task
    result = _execute_callable(context=context, **execute_callable_kwargs)
  File "/home/airflow/.local/lib/python3.9/site-packages/airflow/models/taskinstance.py", line 432, in _execute_callable
    return execute_callable(context=context, **execute_callable_kwargs)
  File "/home/airflow/.local/lib/python3.9/site-packages/airflow/models/baseoperator.py", line 400, in wrapper
    return func(self, *args, **kwargs)
  File "/home/airflow/.local/lib/python3.9/site-packages/airflow/operators/bash.py", line 243, in execute
    raise AirflowException(
airflow.exceptions.AirflowException: Bash command failed. The command returned a non-zero exit code 1.
[2025-08-19T09:16:55.257+0000] {taskinstance.py:1205} INFO - Marking task as UP_FOR_RETRY. dag_id=youtube_pipeline_batch_data, task_id=transform_golden, execution_date=20250819T091107, start_date=20250819T091544, end_date=20250819T091655
[2025-08-19T09:16:55.312+0000] {standard_task_runner.py:110} ERROR - Failed to execute job 596 for task transform_golden (Bash command failed. The command returned a non-zero exit code 1.; 2195)
[2025-08-19T09:16:55.370+0000] {local_task_job_runner.py:240} INFO - Task exited with return code 1
[2025-08-19T09:16:55.438+0000] {taskinstance.py:3482} INFO - 0 downstream tasks scheduled from follow-on schedule check
[2025-08-19T09:16:55.443+0000] {local_task_job_runner.py:222} INFO - ::endgroup::
