[2025-08-17T19:33:36.312+0000] {local_task_job_runner.py:120} INFO - ::group::Pre task execution logs
[2025-08-17T19:33:36.464+0000] {taskinstance.py:2073} INFO - Dependencies all met for dep_context=non-requeueable deps ti=<TaskInstance: youtube_elt_dw_analytics.wait_raw_19 scheduled__2025-08-16T00:00:00+00:00 [queued]>
[2025-08-17T19:33:36.507+0000] {taskinstance.py:2073} INFO - Dependencies all met for dep_context=requeueable deps ti=<TaskInstance: youtube_elt_dw_analytics.wait_raw_19 scheduled__2025-08-16T00:00:00+00:00 [queued]>
[2025-08-17T19:33:36.507+0000] {taskinstance.py:2303} INFO - Starting attempt 1 of 3
[2025-08-17T19:33:36.549+0000] {taskinstance.py:2327} INFO - Executing <Task(BashOperator): wait_raw_19> on 2025-08-16 00:00:00+00:00
[2025-08-17T19:33:36.571+0000] {standard_task_runner.py:63} INFO - Started process 2305 to run task
[2025-08-17T19:33:36.594+0000] {standard_task_runner.py:90} INFO - Running: ['***', 'tasks', 'run', 'youtube_elt_dw_analytics', 'wait_raw_19', 'scheduled__2025-08-16T00:00:00+00:00', '--job-id', '19', '--raw', '--subdir', 'DAGS_FOLDER/youtube_pipeline.py', '--cfg-path', '/tmp/tmp4n1zrpou']
[2025-08-17T19:33:36.601+0000] {standard_task_runner.py:91} INFO - Job 19: Subtask wait_raw_19
[2025-08-17T19:33:36.826+0000] {task_command.py:426} INFO - Running <TaskInstance: youtube_elt_dw_analytics.wait_raw_19 scheduled__2025-08-16T00:00:00+00:00 [running]> on host 545418c0948b
[2025-08-17T19:33:37.243+0000] {taskinstance.py:2644} INFO - Exporting env vars: AIRFLOW_CTX_DAG_OWNER='data-team' AIRFLOW_CTX_DAG_ID='youtube_elt_dw_analytics' AIRFLOW_CTX_TASK_ID='wait_raw_19' AIRFLOW_CTX_EXECUTION_DATE='2025-08-16T00:00:00+00:00' AIRFLOW_CTX_TRY_NUMBER='1' AIRFLOW_CTX_DAG_RUN_ID='scheduled__2025-08-16T00:00:00+00:00'
[2025-08-17T19:33:37.249+0000] {taskinstance.py:430} INFO - ::endgroup::
[2025-08-17T19:33:37.288+0000] {subprocess.py:63} INFO - Tmp dir root location: /tmp
[2025-08-17T19:33:37.289+0000] {subprocess.py:75} INFO - Running command: ['/usr/bin/bash', '-c', "\n            for i in {1..60}; do\n              hdfs dfs -test -e hdfs://namenode:9000/data/raw/KR_category_id.json && echo 'FOUND: hdfs://namenode:9000/data/raw/KR_category_id.json' && exit 0;\n              echo 'Waiting for hdfs://namenode:9000/data/raw/KR_category_id.json...';\n              sleep 10;\n            done;\n            echo 'TIMEOUT waiting hdfs://namenode:9000/data/raw/KR_category_id.json'; exit 1\n            "]
[2025-08-17T19:33:37.307+0000] {subprocess.py:86} INFO - Output:
[2025-08-17T19:33:37.315+0000] {subprocess.py:93} INFO - /usr/bin/bash: line 3: hdfs: command not found
[2025-08-17T19:33:37.315+0000] {subprocess.py:93} INFO - Waiting for hdfs://namenode:9000/data/raw/KR_category_id.json...
[2025-08-17T19:33:47.324+0000] {subprocess.py:93} INFO - /usr/bin/bash: line 3: hdfs: command not found
[2025-08-17T19:33:47.324+0000] {subprocess.py:93} INFO - Waiting for hdfs://namenode:9000/data/raw/KR_category_id.json...
[2025-08-17T19:33:57.327+0000] {subprocess.py:93} INFO - /usr/bin/bash: line 3: hdfs: command not found
[2025-08-17T19:33:57.328+0000] {subprocess.py:93} INFO - Waiting for hdfs://namenode:9000/data/raw/KR_category_id.json...
[2025-08-17T19:34:07.331+0000] {subprocess.py:93} INFO - /usr/bin/bash: line 3: hdfs: command not found
[2025-08-17T19:34:07.332+0000] {subprocess.py:93} INFO - Waiting for hdfs://namenode:9000/data/raw/KR_category_id.json...
[2025-08-17T19:34:17.336+0000] {subprocess.py:93} INFO - /usr/bin/bash: line 3: hdfs: command not found
[2025-08-17T19:34:17.336+0000] {subprocess.py:93} INFO - Waiting for hdfs://namenode:9000/data/raw/KR_category_id.json...
[2025-08-17T19:34:27.340+0000] {subprocess.py:93} INFO - /usr/bin/bash: line 3: hdfs: command not found
[2025-08-17T19:34:27.340+0000] {subprocess.py:93} INFO - Waiting for hdfs://namenode:9000/data/raw/KR_category_id.json...
[2025-08-17T19:34:37.344+0000] {subprocess.py:93} INFO - /usr/bin/bash: line 3: hdfs: command not found
[2025-08-17T19:34:37.344+0000] {subprocess.py:93} INFO - Waiting for hdfs://namenode:9000/data/raw/KR_category_id.json...
[2025-08-17T19:34:47.348+0000] {subprocess.py:93} INFO - /usr/bin/bash: line 3: hdfs: command not found
[2025-08-17T19:34:47.349+0000] {subprocess.py:93} INFO - Waiting for hdfs://namenode:9000/data/raw/KR_category_id.json...
[2025-08-17T19:34:57.356+0000] {subprocess.py:93} INFO - /usr/bin/bash: line 3: hdfs: command not found
[2025-08-17T19:34:57.358+0000] {subprocess.py:93} INFO - Waiting for hdfs://namenode:9000/data/raw/KR_category_id.json...
[2025-08-17T19:35:07.369+0000] {subprocess.py:93} INFO - /usr/bin/bash: line 3: hdfs: command not found
[2025-08-17T19:35:07.370+0000] {subprocess.py:93} INFO - Waiting for hdfs://namenode:9000/data/raw/KR_category_id.json...
[2025-08-17T19:35:17.379+0000] {subprocess.py:93} INFO - /usr/bin/bash: line 3: hdfs: command not found
[2025-08-17T19:35:17.381+0000] {subprocess.py:93} INFO - Waiting for hdfs://namenode:9000/data/raw/KR_category_id.json...
[2025-08-17T19:35:27.392+0000] {subprocess.py:93} INFO - /usr/bin/bash: line 3: hdfs: command not found
[2025-08-17T19:35:27.394+0000] {subprocess.py:93} INFO - Waiting for hdfs://namenode:9000/data/raw/KR_category_id.json...
[2025-08-17T19:35:37.398+0000] {subprocess.py:93} INFO - /usr/bin/bash: line 3: hdfs: command not found
[2025-08-17T19:35:37.398+0000] {subprocess.py:93} INFO - Waiting for hdfs://namenode:9000/data/raw/KR_category_id.json...
[2025-08-17T19:35:47.403+0000] {subprocess.py:93} INFO - /usr/bin/bash: line 3: hdfs: command not found
[2025-08-17T19:35:47.405+0000] {subprocess.py:93} INFO - Waiting for hdfs://namenode:9000/data/raw/KR_category_id.json...
[2025-08-17T19:35:57.415+0000] {subprocess.py:93} INFO - /usr/bin/bash: line 3: hdfs: command not found
[2025-08-17T19:35:57.415+0000] {subprocess.py:93} INFO - Waiting for hdfs://namenode:9000/data/raw/KR_category_id.json...
[2025-08-17T19:36:07.419+0000] {subprocess.py:93} INFO - /usr/bin/bash: line 3: hdfs: command not found
[2025-08-17T19:36:07.420+0000] {subprocess.py:93} INFO - Waiting for hdfs://namenode:9000/data/raw/KR_category_id.json...
[2025-08-17T19:36:17.423+0000] {subprocess.py:93} INFO - /usr/bin/bash: line 3: hdfs: command not found
[2025-08-17T19:36:17.424+0000] {subprocess.py:93} INFO - Waiting for hdfs://namenode:9000/data/raw/KR_category_id.json...
[2025-08-17T19:36:27.428+0000] {subprocess.py:93} INFO - /usr/bin/bash: line 3: hdfs: command not found
[2025-08-17T19:36:27.429+0000] {subprocess.py:93} INFO - Waiting for hdfs://namenode:9000/data/raw/KR_category_id.json...
[2025-08-17T19:36:37.437+0000] {subprocess.py:93} INFO - /usr/bin/bash: line 3: hdfs: command not found
[2025-08-17T19:36:37.438+0000] {subprocess.py:93} INFO - Waiting for hdfs://namenode:9000/data/raw/KR_category_id.json...
[2025-08-17T19:36:47.442+0000] {subprocess.py:93} INFO - /usr/bin/bash: line 3: hdfs: command not found
[2025-08-17T19:36:47.442+0000] {subprocess.py:93} INFO - Waiting for hdfs://namenode:9000/data/raw/KR_category_id.json...
[2025-08-17T19:36:57.446+0000] {subprocess.py:93} INFO - /usr/bin/bash: line 3: hdfs: command not found
[2025-08-17T19:36:57.448+0000] {subprocess.py:93} INFO - Waiting for hdfs://namenode:9000/data/raw/KR_category_id.json...
[2025-08-17T19:37:07.456+0000] {subprocess.py:93} INFO - /usr/bin/bash: line 3: hdfs: command not found
[2025-08-17T19:37:07.457+0000] {subprocess.py:93} INFO - Waiting for hdfs://namenode:9000/data/raw/KR_category_id.json...
[2025-08-17T19:37:17.460+0000] {subprocess.py:93} INFO - /usr/bin/bash: line 3: hdfs: command not found
[2025-08-17T19:37:17.460+0000] {subprocess.py:93} INFO - Waiting for hdfs://namenode:9000/data/raw/KR_category_id.json...
[2025-08-17T19:37:27.465+0000] {subprocess.py:93} INFO - /usr/bin/bash: line 3: hdfs: command not found
[2025-08-17T19:37:27.467+0000] {subprocess.py:93} INFO - Waiting for hdfs://namenode:9000/data/raw/KR_category_id.json...
[2025-08-17T19:37:37.476+0000] {subprocess.py:93} INFO - /usr/bin/bash: line 3: hdfs: command not found
[2025-08-17T19:37:37.477+0000] {subprocess.py:93} INFO - Waiting for hdfs://namenode:9000/data/raw/KR_category_id.json...
[2025-08-17T19:37:47.484+0000] {subprocess.py:93} INFO - /usr/bin/bash: line 3: hdfs: command not found
[2025-08-17T19:37:47.485+0000] {subprocess.py:93} INFO - Waiting for hdfs://namenode:9000/data/raw/KR_category_id.json...
[2025-08-17T19:37:57.494+0000] {subprocess.py:93} INFO - /usr/bin/bash: line 3: hdfs: command not found
[2025-08-17T19:37:57.494+0000] {subprocess.py:93} INFO - Waiting for hdfs://namenode:9000/data/raw/KR_category_id.json...
[2025-08-17T19:38:07.498+0000] {subprocess.py:93} INFO - /usr/bin/bash: line 3: hdfs: command not found
[2025-08-17T19:38:07.500+0000] {subprocess.py:93} INFO - Waiting for hdfs://namenode:9000/data/raw/KR_category_id.json...
[2025-08-17T19:38:17.511+0000] {subprocess.py:93} INFO - /usr/bin/bash: line 3: hdfs: command not found
[2025-08-17T19:38:17.513+0000] {subprocess.py:93} INFO - Waiting for hdfs://namenode:9000/data/raw/KR_category_id.json...
[2025-08-17T19:38:27.522+0000] {subprocess.py:93} INFO - /usr/bin/bash: line 3: hdfs: command not found
[2025-08-17T19:38:27.523+0000] {subprocess.py:93} INFO - Waiting for hdfs://namenode:9000/data/raw/KR_category_id.json...
[2025-08-17T19:38:37.526+0000] {subprocess.py:93} INFO - /usr/bin/bash: line 3: hdfs: command not found
[2025-08-17T19:38:37.527+0000] {subprocess.py:93} INFO - Waiting for hdfs://namenode:9000/data/raw/KR_category_id.json...
[2025-08-17T19:38:47.530+0000] {subprocess.py:93} INFO - /usr/bin/bash: line 3: hdfs: command not found
[2025-08-17T19:38:47.531+0000] {subprocess.py:93} INFO - Waiting for hdfs://namenode:9000/data/raw/KR_category_id.json...
[2025-08-17T19:38:57.538+0000] {subprocess.py:93} INFO - /usr/bin/bash: line 3: hdfs: command not found
[2025-08-17T19:38:57.539+0000] {subprocess.py:93} INFO - Waiting for hdfs://namenode:9000/data/raw/KR_category_id.json...
[2025-08-17T19:39:07.552+0000] {subprocess.py:93} INFO - /usr/bin/bash: line 3: hdfs: command not found
[2025-08-17T19:39:07.555+0000] {subprocess.py:93} INFO - Waiting for hdfs://namenode:9000/data/raw/KR_category_id.json...
[2025-08-17T19:39:17.565+0000] {subprocess.py:93} INFO - /usr/bin/bash: line 3: hdfs: command not found
[2025-08-17T19:39:17.566+0000] {subprocess.py:93} INFO - Waiting for hdfs://namenode:9000/data/raw/KR_category_id.json...
[2025-08-17T19:39:27.569+0000] {subprocess.py:93} INFO - /usr/bin/bash: line 3: hdfs: command not found
[2025-08-17T19:39:27.570+0000] {subprocess.py:93} INFO - Waiting for hdfs://namenode:9000/data/raw/KR_category_id.json...
[2025-08-17T19:39:37.573+0000] {subprocess.py:93} INFO - /usr/bin/bash: line 3: hdfs: command not found
[2025-08-17T19:39:37.574+0000] {subprocess.py:93} INFO - Waiting for hdfs://namenode:9000/data/raw/KR_category_id.json...
[2025-08-17T19:39:47.577+0000] {subprocess.py:93} INFO - /usr/bin/bash: line 3: hdfs: command not found
[2025-08-17T19:39:47.577+0000] {subprocess.py:93} INFO - Waiting for hdfs://namenode:9000/data/raw/KR_category_id.json...
[2025-08-17T19:39:57.581+0000] {subprocess.py:93} INFO - /usr/bin/bash: line 3: hdfs: command not found
[2025-08-17T19:39:57.581+0000] {subprocess.py:93} INFO - Waiting for hdfs://namenode:9000/data/raw/KR_category_id.json...
[2025-08-17T19:40:07.586+0000] {subprocess.py:93} INFO - /usr/bin/bash: line 3: hdfs: command not found
[2025-08-17T19:40:07.586+0000] {subprocess.py:93} INFO - Waiting for hdfs://namenode:9000/data/raw/KR_category_id.json...
[2025-08-17T19:40:17.590+0000] {subprocess.py:93} INFO - /usr/bin/bash: line 3: hdfs: command not found
[2025-08-17T19:40:17.591+0000] {subprocess.py:93} INFO - Waiting for hdfs://namenode:9000/data/raw/KR_category_id.json...
[2025-08-17T19:40:27.594+0000] {subprocess.py:93} INFO - /usr/bin/bash: line 3: hdfs: command not found
[2025-08-17T19:40:27.595+0000] {subprocess.py:93} INFO - Waiting for hdfs://namenode:9000/data/raw/KR_category_id.json...
[2025-08-17T19:40:37.598+0000] {subprocess.py:93} INFO - /usr/bin/bash: line 3: hdfs: command not found
[2025-08-17T19:40:37.598+0000] {subprocess.py:93} INFO - Waiting for hdfs://namenode:9000/data/raw/KR_category_id.json...
[2025-08-17T19:40:47.601+0000] {subprocess.py:93} INFO - /usr/bin/bash: line 3: hdfs: command not found
[2025-08-17T19:40:47.602+0000] {subprocess.py:93} INFO - Waiting for hdfs://namenode:9000/data/raw/KR_category_id.json...
[2025-08-17T19:40:57.614+0000] {subprocess.py:93} INFO - /usr/bin/bash: line 3: hdfs: command not found
[2025-08-17T19:40:57.616+0000] {subprocess.py:93} INFO - Waiting for hdfs://namenode:9000/data/raw/KR_category_id.json...
[2025-08-17T19:41:07.632+0000] {subprocess.py:93} INFO - /usr/bin/bash: line 3: hdfs: command not found
[2025-08-17T19:41:07.633+0000] {subprocess.py:93} INFO - Waiting for hdfs://namenode:9000/data/raw/KR_category_id.json...
[2025-08-17T19:41:17.640+0000] {subprocess.py:93} INFO - /usr/bin/bash: line 3: hdfs: command not found
[2025-08-17T19:41:17.641+0000] {subprocess.py:93} INFO - Waiting for hdfs://namenode:9000/data/raw/KR_category_id.json...
[2025-08-17T19:41:27.651+0000] {subprocess.py:93} INFO - /usr/bin/bash: line 3: hdfs: command not found
[2025-08-17T19:41:27.653+0000] {subprocess.py:93} INFO - Waiting for hdfs://namenode:9000/data/raw/KR_category_id.json...
[2025-08-17T19:41:37.663+0000] {subprocess.py:93} INFO - /usr/bin/bash: line 3: hdfs: command not found
[2025-08-17T19:41:37.664+0000] {subprocess.py:93} INFO - Waiting for hdfs://namenode:9000/data/raw/KR_category_id.json...
[2025-08-17T19:41:47.667+0000] {subprocess.py:93} INFO - /usr/bin/bash: line 3: hdfs: command not found
[2025-08-17T19:41:47.668+0000] {subprocess.py:93} INFO - Waiting for hdfs://namenode:9000/data/raw/KR_category_id.json...
[2025-08-17T19:41:57.673+0000] {subprocess.py:93} INFO - /usr/bin/bash: line 3: hdfs: command not found
[2025-08-17T19:41:57.674+0000] {subprocess.py:93} INFO - Waiting for hdfs://namenode:9000/data/raw/KR_category_id.json...
[2025-08-17T19:42:07.680+0000] {subprocess.py:93} INFO - /usr/bin/bash: line 3: hdfs: command not found
[2025-08-17T19:42:07.682+0000] {subprocess.py:93} INFO - Waiting for hdfs://namenode:9000/data/raw/KR_category_id.json...
[2025-08-17T19:42:17.693+0000] {subprocess.py:93} INFO - /usr/bin/bash: line 3: hdfs: command not found
[2025-08-17T19:42:17.693+0000] {subprocess.py:93} INFO - Waiting for hdfs://namenode:9000/data/raw/KR_category_id.json...
[2025-08-17T19:42:27.700+0000] {subprocess.py:93} INFO - /usr/bin/bash: line 3: hdfs: command not found
[2025-08-17T19:42:27.701+0000] {subprocess.py:93} INFO - Waiting for hdfs://namenode:9000/data/raw/KR_category_id.json...
[2025-08-17T19:42:37.712+0000] {subprocess.py:93} INFO - /usr/bin/bash: line 3: hdfs: command not found
[2025-08-17T19:42:37.713+0000] {subprocess.py:93} INFO - Waiting for hdfs://namenode:9000/data/raw/KR_category_id.json...
[2025-08-17T19:42:47.724+0000] {subprocess.py:93} INFO - /usr/bin/bash: line 3: hdfs: command not found
[2025-08-17T19:42:47.725+0000] {subprocess.py:93} INFO - Waiting for hdfs://namenode:9000/data/raw/KR_category_id.json...
[2025-08-17T19:42:57.733+0000] {subprocess.py:93} INFO - /usr/bin/bash: line 3: hdfs: command not found
[2025-08-17T19:42:57.737+0000] {subprocess.py:93} INFO - Waiting for hdfs://namenode:9000/data/raw/KR_category_id.json...
[2025-08-17T19:43:07.745+0000] {subprocess.py:93} INFO - /usr/bin/bash: line 3: hdfs: command not found
[2025-08-17T19:43:07.746+0000] {subprocess.py:93} INFO - Waiting for hdfs://namenode:9000/data/raw/KR_category_id.json...
[2025-08-17T19:43:17.752+0000] {subprocess.py:93} INFO - /usr/bin/bash: line 3: hdfs: command not found
[2025-08-17T19:43:17.754+0000] {subprocess.py:93} INFO - Waiting for hdfs://namenode:9000/data/raw/KR_category_id.json...
[2025-08-17T19:43:27.764+0000] {subprocess.py:93} INFO - /usr/bin/bash: line 3: hdfs: command not found
[2025-08-17T19:43:27.765+0000] {subprocess.py:93} INFO - Waiting for hdfs://namenode:9000/data/raw/KR_category_id.json...
[2025-08-17T19:43:37.768+0000] {subprocess.py:93} INFO - TIMEOUT waiting hdfs://namenode:9000/data/raw/KR_category_id.json
[2025-08-17T19:43:37.769+0000] {subprocess.py:97} INFO - Command exited with return code 1
[2025-08-17T19:43:37.771+0000] {taskinstance.py:441} INFO - ::group::Post task execution logs
[2025-08-17T19:43:37.793+0000] {taskinstance.py:2890} ERROR - Task failed with exception
Traceback (most recent call last):
  File "/home/airflow/.local/lib/python3.9/site-packages/airflow/models/taskinstance.py", line 465, in _execute_task
    result = _execute_callable(context=context, **execute_callable_kwargs)
  File "/home/airflow/.local/lib/python3.9/site-packages/airflow/models/taskinstance.py", line 432, in _execute_callable
    return execute_callable(context=context, **execute_callable_kwargs)
  File "/home/airflow/.local/lib/python3.9/site-packages/airflow/models/baseoperator.py", line 400, in wrapper
    return func(self, *args, **kwargs)
  File "/home/airflow/.local/lib/python3.9/site-packages/airflow/operators/bash.py", line 243, in execute
    raise AirflowException(
airflow.exceptions.AirflowException: Bash command failed. The command returned a non-zero exit code 1.
[2025-08-17T19:43:37.800+0000] {taskinstance.py:1205} INFO - Marking task as UP_FOR_RETRY. dag_id=youtube_elt_dw_analytics, task_id=wait_raw_19, execution_date=20250816T000000, start_date=20250817T193336, end_date=20250817T194337
[2025-08-17T19:43:37.843+0000] {standard_task_runner.py:110} ERROR - Failed to execute job 19 for task wait_raw_19 (Bash command failed. The command returned a non-zero exit code 1.; 2305)
[2025-08-17T19:43:37.881+0000] {local_task_job_runner.py:240} INFO - Task exited with return code 1
[2025-08-17T19:43:37.962+0000] {logging_mixin.py:188} WARNING - /home/***/.local/lib/python3.9/site-packages/***/models/baseoperator.py:1296 AirflowProviderDeprecationWarning: Call to deprecated class PostgresOperator. (Please use `***.providers.common.sql.operators.sql.SQLExecuteQueryOperator`.Also, you can provide `hook_params={'schema': <database>}`.)
[2025-08-17T19:43:38.022+0000] {taskinstance.py:3482} INFO - 0 downstream tasks scheduled from follow-on schedule check
[2025-08-17T19:43:38.031+0000] {local_task_job_runner.py:222} INFO - ::endgroup::
