[2025-08-18T08:38:22.310+0000] {local_task_job_runner.py:120} INFO - ::group::Pre task execution logs
[2025-08-18T08:38:22.352+0000] {taskinstance.py:2073} INFO - Dependencies all met for dep_context=non-requeueable deps ti=<TaskInstance: youtube_pipeline_exec.ingest_raw manual__2025-08-18T08:30:20.761010+00:00 [queued]>
[2025-08-18T08:38:22.363+0000] {taskinstance.py:2073} INFO - Dependencies all met for dep_context=requeueable deps ti=<TaskInstance: youtube_pipeline_exec.ingest_raw manual__2025-08-18T08:30:20.761010+00:00 [queued]>
[2025-08-18T08:38:22.364+0000] {taskinstance.py:2303} INFO - Starting attempt 2 of 2
[2025-08-18T08:38:22.385+0000] {taskinstance.py:2327} INFO - Executing <Task(SparkSubmitOperator): ingest_raw> on 2025-08-18 08:30:20.761010+00:00
[2025-08-18T08:38:22.391+0000] {standard_task_runner.py:63} INFO - Started process 269 to run task
[2025-08-18T08:38:22.395+0000] {standard_task_runner.py:90} INFO - Running: ['***', 'tasks', 'run', 'youtube_pipeline_exec', 'ingest_raw', 'manual__2025-08-18T08:30:20.761010+00:00', '--job-id', '6', '--raw', '--subdir', 'DAGS_FOLDER/youtube_pipeline.py', '--cfg-path', '/tmp/tmprlq0evxf']
[2025-08-18T08:38:22.398+0000] {standard_task_runner.py:91} INFO - Job 6: Subtask ingest_raw
[2025-08-18T08:38:22.457+0000] {task_command.py:426} INFO - Running <TaskInstance: youtube_pipeline_exec.ingest_raw manual__2025-08-18T08:30:20.761010+00:00 [running]> on host 52029f9418a0
[2025-08-18T08:38:22.567+0000] {taskinstance.py:2644} INFO - Exporting env vars: AIRFLOW_CTX_DAG_OWNER='***' AIRFLOW_CTX_DAG_ID='youtube_pipeline_exec' AIRFLOW_CTX_TASK_ID='ingest_raw' AIRFLOW_CTX_EXECUTION_DATE='2025-08-18T08:30:20.761010+00:00' AIRFLOW_CTX_TRY_NUMBER='2' AIRFLOW_CTX_DAG_RUN_ID='manual__2025-08-18T08:30:20.761010+00:00'
[2025-08-18T08:38:22.567+0000] {taskinstance.py:430} INFO - ::endgroup::
[2025-08-18T08:38:22.664+0000] {base.py:84} INFO - Using connection ID 'spark_default' for task execution.
[2025-08-18T08:38:22.667+0000] {spark_submit.py:401} INFO - Spark-Submit cmd: spark-submit --master yarn --conf spark.master=spark://spark-master:7077 --packages org.apache.spark:spark-avro_2.12:3.5.1 --name arrow-spark --queue root.default /opt/***/jobs/ingestion/ingest_raw_to_hdfs.py
[2025-08-18T08:38:23.005+0000] {spark_submit.py:571} INFO - JAVA_HOME is not set
[2025-08-18T08:38:23.009+0000] {taskinstance.py:441} INFO - ::group::Post task execution logs
[2025-08-18T08:38:23.026+0000] {taskinstance.py:2890} ERROR - Task failed with exception
Traceback (most recent call last):
  File "/home/airflow/.local/lib/python3.9/site-packages/airflow/models/taskinstance.py", line 465, in _execute_task
    result = _execute_callable(context=context, **execute_callable_kwargs)
  File "/home/airflow/.local/lib/python3.9/site-packages/airflow/models/taskinstance.py", line 432, in _execute_callable
    return execute_callable(context=context, **execute_callable_kwargs)
  File "/home/airflow/.local/lib/python3.9/site-packages/airflow/models/baseoperator.py", line 400, in wrapper
    return func(self, *args, **kwargs)
  File "/home/airflow/.local/lib/python3.9/site-packages/airflow/providers/apache/spark/operators/spark_submit.py", line 174, in execute
    self._hook.submit(self._application)
  File "/home/airflow/.local/lib/python3.9/site-packages/airflow/providers/apache/spark/hooks/spark_submit.py", line 502, in submit
    raise AirflowException(
airflow.exceptions.AirflowException: Cannot execute: spark-submit --master yarn --conf spark.master=spark://spark-master:7077 --packages org.apache.spark:spark-avro_2.12:3.5.1 --name arrow-spark --queue root.default /opt/***/jobs/ingestion/ingest_raw_to_hdfs.py. Error code is: 1.
[2025-08-18T08:38:23.032+0000] {taskinstance.py:1205} INFO - Marking task as FAILED. dag_id=youtube_pipeline_exec, task_id=ingest_raw, execution_date=20250818T083020, start_date=20250818T083822, end_date=20250818T083823
[2025-08-18T08:38:23.052+0000] {standard_task_runner.py:110} ERROR - Failed to execute job 6 for task ingest_raw (Cannot execute: spark-submit --master yarn --conf spark.master=spark://spark-master:7077 --packages org.apache.spark:spark-avro_2.12:3.5.1 --name arrow-spark --queue root.default /opt/***/jobs/ingestion/ingest_raw_to_hdfs.py. Error code is: 1.; 269)
[2025-08-18T08:38:23.095+0000] {local_task_job_runner.py:240} INFO - Task exited with return code 1
[2025-08-18T08:38:23.152+0000] {taskinstance.py:3482} INFO - 0 downstream tasks scheduled from follow-on schedule check
[2025-08-18T08:38:23.158+0000] {local_task_job_runner.py:222} INFO - ::endgroup::
