[2025-08-18T17:23:21.665+0000] {local_task_job_runner.py:120} INFO - ::group::Pre task execution logs
[2025-08-18T17:23:21.815+0000] {taskinstance.py:2073} INFO - Dependencies all met for dep_context=non-requeueable deps ti=<TaskInstance: youtube_pipeline_batch_data.golden_to_star manual__2025-08-18T17:13:19.924445+00:00 [queued]>
[2025-08-18T17:23:21.853+0000] {taskinstance.py:2073} INFO - Dependencies all met for dep_context=requeueable deps ti=<TaskInstance: youtube_pipeline_batch_data.golden_to_star manual__2025-08-18T17:13:19.924445+00:00 [queued]>
[2025-08-18T17:23:21.854+0000] {taskinstance.py:2303} INFO - Starting attempt 2 of 4
[2025-08-18T17:23:21.937+0000] {taskinstance.py:2327} INFO - Executing <Task(BashOperator): golden_to_star> on 2025-08-18 17:13:19.924445+00:00
[2025-08-18T17:23:21.981+0000] {standard_task_runner.py:63} INFO - Started process 8380 to run task
[2025-08-18T17:23:22.005+0000] {standard_task_runner.py:90} INFO - Running: ['***', 'tasks', 'run', 'youtube_pipeline_batch_data', 'golden_to_star', 'manual__2025-08-18T17:13:19.924445+00:00', '--job-id', '422', '--raw', '--subdir', 'DAGS_FOLDER/youtube_pipeline.py', '--cfg-path', '/tmp/tmpy4w6gx83']
[2025-08-18T17:23:22.018+0000] {standard_task_runner.py:91} INFO - Job 422: Subtask golden_to_star
[2025-08-18T17:23:22.247+0000] {task_command.py:426} INFO - Running <TaskInstance: youtube_pipeline_batch_data.golden_to_star manual__2025-08-18T17:13:19.924445+00:00 [running]> on host 47205959681c
[2025-08-18T17:23:22.534+0000] {taskinstance.py:2644} INFO - Exporting env vars: AIRFLOW_CTX_DAG_OWNER='***' AIRFLOW_CTX_DAG_ID='youtube_pipeline_batch_data' AIRFLOW_CTX_TASK_ID='golden_to_star' AIRFLOW_CTX_EXECUTION_DATE='2025-08-18T17:13:19.924445+00:00' AIRFLOW_CTX_TRY_NUMBER='2' AIRFLOW_CTX_DAG_RUN_ID='manual__2025-08-18T17:13:19.924445+00:00'
[2025-08-18T17:23:22.535+0000] {taskinstance.py:430} INFO - ::endgroup::
[2025-08-18T17:23:22.616+0000] {subprocess.py:63} INFO - Tmp dir root location: /tmp
[2025-08-18T17:23:22.617+0000] {subprocess.py:75} INFO - Running command: ['/usr/bin/bash', '-c', 'docker exec youtube-pipeline-project_spark-master_1 spark-submit --master spark://spark-master:7077 --deploy-mode client --packages org.postgresql:postgresql:42.6.0 /opt/***/jobs/star_schema/golden_to_star_citus.py']
[2025-08-18T17:23:22.714+0000] {subprocess.py:86} INFO - Output:
[2025-08-18T17:23:43.468+0000] {subprocess.py:93} INFO - :: loading settings :: url = jar:file:/opt/bitnami/spark/jars/ivy-2.5.1.jar!/org/apache/ivy/core/settings/ivysettings.xml
[2025-08-18T17:23:44.155+0000] {subprocess.py:93} INFO - Ivy Default Cache set to: /opt/bitnami/spark/.ivy2/cache
[2025-08-18T17:23:44.159+0000] {subprocess.py:93} INFO - The jars for the packages stored in: /opt/bitnami/spark/.ivy2/jars
[2025-08-18T17:23:44.182+0000] {subprocess.py:93} INFO - org.postgresql#postgresql added as a dependency
[2025-08-18T17:23:44.188+0000] {subprocess.py:93} INFO - :: resolving dependencies :: org.apache.spark#spark-submit-parent-1dce2bf0-24c6-4dff-8708-f11e07830775;1.0
[2025-08-18T17:23:44.191+0000] {subprocess.py:93} INFO - 	confs: [default]
[2025-08-18T17:23:45.587+0000] {subprocess.py:93} INFO - 	found org.postgresql#postgresql;42.6.0 in central
[2025-08-18T17:23:45.963+0000] {subprocess.py:93} INFO - 	found org.checkerframework#checker-qual;3.31.0 in central
[2025-08-18T17:23:46.221+0000] {subprocess.py:93} INFO - :: resolution report :: resolve 1958ms :: artifacts dl 72ms
[2025-08-18T17:23:46.222+0000] {subprocess.py:93} INFO - 	:: modules in use:
[2025-08-18T17:23:46.222+0000] {subprocess.py:93} INFO - 	org.checkerframework#checker-qual;3.31.0 from central in [default]
[2025-08-18T17:23:46.222+0000] {subprocess.py:93} INFO - 	org.postgresql#postgresql;42.6.0 from central in [default]
[2025-08-18T17:23:46.223+0000] {subprocess.py:93} INFO - 	---------------------------------------------------------------------
[2025-08-18T17:23:46.223+0000] {subprocess.py:93} INFO - 	|                  |            modules            ||   artifacts   |
[2025-08-18T17:23:46.224+0000] {subprocess.py:93} INFO - 	|       conf       | number| search|dwnlded|evicted|| number|dwnlded|
[2025-08-18T17:23:46.228+0000] {subprocess.py:93} INFO - 	---------------------------------------------------------------------
[2025-08-18T17:23:46.229+0000] {subprocess.py:93} INFO - 	|      default     |   2   |   0   |   0   |   0   ||   2   |   0   |
[2025-08-18T17:23:46.229+0000] {subprocess.py:93} INFO - 	---------------------------------------------------------------------
[2025-08-18T17:23:46.234+0000] {subprocess.py:93} INFO - :: retrieving :: org.apache.spark#spark-submit-parent-1dce2bf0-24c6-4dff-8708-f11e07830775
[2025-08-18T17:23:46.234+0000] {subprocess.py:93} INFO - 	confs: [default]
[2025-08-18T17:23:46.254+0000] {subprocess.py:93} INFO - 	0 artifacts copied, 2 already retrieved (0kB/20ms)
[2025-08-18T17:23:47.659+0000] {subprocess.py:93} INFO - 25/08/18 17:23:47 WARN NativeCodeLoader: Unable to load native-hadoop library for your platform... using builtin-java classes where applicable
[2025-08-18T17:23:51.847+0000] {subprocess.py:93} INFO - 25/08/18 17:23:51 INFO SparkContext: Running Spark version 3.5.1
[2025-08-18T17:23:51.855+0000] {subprocess.py:93} INFO - 25/08/18 17:23:51 INFO SparkContext: OS info Linux, 6.11.0-29-generic, amd64
[2025-08-18T17:23:51.856+0000] {subprocess.py:93} INFO - 25/08/18 17:23:51 INFO SparkContext: Java version 17.0.12
[2025-08-18T17:23:52.191+0000] {subprocess.py:93} INFO - 25/08/18 17:23:52 INFO ResourceUtils: ==============================================================
[2025-08-18T17:23:52.209+0000] {subprocess.py:93} INFO - 25/08/18 17:23:52 INFO ResourceUtils: No custom resources configured for spark.driver.
[2025-08-18T17:23:52.216+0000] {subprocess.py:93} INFO - 25/08/18 17:23:52 INFO ResourceUtils: ==============================================================
[2025-08-18T17:23:52.235+0000] {subprocess.py:93} INFO - 25/08/18 17:23:52 INFO SparkContext: Submitted application: Golden to Star Schema in Citus
[2025-08-18T17:23:52.696+0000] {subprocess.py:93} INFO - 25/08/18 17:23:52 INFO ResourceProfile: Default ResourceProfile created, executor resources: Map(memory -> name: memory, amount: 1024, script: , vendor: , offHeap -> name: offHeap, amount: 0, script: , vendor: ), task resources: Map(cpus -> name: cpus, amount: 1.0)
[2025-08-18T17:23:52.764+0000] {subprocess.py:93} INFO - 25/08/18 17:23:52 INFO ResourceProfile: Limiting resource is cpu
[2025-08-18T17:23:52.770+0000] {subprocess.py:93} INFO - 25/08/18 17:23:52 INFO ResourceProfileManager: Added ResourceProfile id: 0
[2025-08-18T17:23:53.155+0000] {subprocess.py:93} INFO - 25/08/18 17:23:53 INFO SecurityManager: Changing view acls to: spark
[2025-08-18T17:23:53.164+0000] {subprocess.py:93} INFO - 25/08/18 17:23:53 INFO SecurityManager: Changing modify acls to: spark
[2025-08-18T17:23:53.171+0000] {subprocess.py:93} INFO - 25/08/18 17:23:53 INFO SecurityManager: Changing view acls groups to:
[2025-08-18T17:23:53.176+0000] {subprocess.py:93} INFO - 25/08/18 17:23:53 INFO SecurityManager: Changing modify acls groups to:
[2025-08-18T17:23:53.185+0000] {subprocess.py:93} INFO - 25/08/18 17:23:53 INFO SecurityManager: SecurityManager: authentication disabled; ui acls disabled; users with view permissions: spark; groups with view permissions: EMPTY; users with modify permissions: spark; groups with modify permissions: EMPTY
[2025-08-18T17:23:54.302+0000] {subprocess.py:93} INFO - 25/08/18 17:23:54 INFO Utils: Successfully started service 'sparkDriver' on port 44361.
[2025-08-18T17:23:54.616+0000] {subprocess.py:93} INFO - 25/08/18 17:23:54 INFO SparkEnv: Registering MapOutputTracker
[2025-08-18T17:23:54.977+0000] {subprocess.py:93} INFO - 25/08/18 17:23:54 INFO SparkEnv: Registering BlockManagerMaster
[2025-08-18T17:23:55.144+0000] {subprocess.py:93} INFO - 25/08/18 17:23:55 INFO BlockManagerMasterEndpoint: Using org.apache.spark.storage.DefaultTopologyMapper for getting topology information
[2025-08-18T17:23:55.150+0000] {subprocess.py:93} INFO - 25/08/18 17:23:55 INFO BlockManagerMasterEndpoint: BlockManagerMasterEndpoint up
[2025-08-18T17:23:55.172+0000] {subprocess.py:93} INFO - 25/08/18 17:23:55 INFO SparkEnv: Registering BlockManagerMasterHeartbeat
[2025-08-18T17:23:55.542+0000] {subprocess.py:93} INFO - 25/08/18 17:23:55 INFO DiskBlockManager: Created local directory at /tmp/blockmgr-b5b9a5d0-f4c8-472b-a268-2ef8dcee1f1b
[2025-08-18T17:23:56.112+0000] {subprocess.py:93} INFO - 25/08/18 17:23:56 INFO MemoryStore: MemoryStore started with capacity 434.4 MiB
[2025-08-18T17:23:56.692+0000] {subprocess.py:93} INFO - 25/08/18 17:23:56 INFO SparkEnv: Registering OutputCommitCoordinator
[2025-08-18T17:23:58.393+0000] {subprocess.py:93} INFO - 25/08/18 17:23:58 INFO JettyUtils: Start Jetty 0.0.0.0:4040 for SparkUI
[2025-08-18T17:23:58.765+0000] {subprocess.py:93} INFO - 25/08/18 17:23:58 INFO Utils: Successfully started service 'SparkUI' on port 4040.
[2025-08-18T17:23:59.105+0000] {subprocess.py:93} INFO - 25/08/18 17:23:59 INFO SparkContext: Added JAR file:///opt/bitnami/spark/.ivy2/jars/org.postgresql_postgresql-42.6.0.jar at spark://4bf6b336ccb3:44361/jars/org.postgresql_postgresql-42.6.0.jar with timestamp 1755537831820
[2025-08-18T17:23:59.109+0000] {subprocess.py:93} INFO - 25/08/18 17:23:59 INFO SparkContext: Added JAR file:///opt/bitnami/spark/.ivy2/jars/org.checkerframework_checker-qual-3.31.0.jar at spark://4bf6b336ccb3:44361/jars/org.checkerframework_checker-qual-3.31.0.jar with timestamp 1755537831820
[2025-08-18T17:23:59.169+0000] {subprocess.py:93} INFO - 25/08/18 17:23:59 INFO SparkContext: Added file file:///opt/bitnami/spark/.ivy2/jars/org.postgresql_postgresql-42.6.0.jar at spark://4bf6b336ccb3:44361/files/org.postgresql_postgresql-42.6.0.jar with timestamp 1755537831820
[2025-08-18T17:23:59.195+0000] {subprocess.py:93} INFO - 25/08/18 17:23:59 INFO Utils: Copying /opt/bitnami/spark/.ivy2/jars/org.postgresql_postgresql-42.6.0.jar to /tmp/spark-97a49fd4-8d46-4d8e-b8b8-00bc5761678a/userFiles-337f5e31-bc30-4dc9-b082-862a5ee56d49/org.postgresql_postgresql-42.6.0.jar
[2025-08-18T17:23:59.329+0000] {subprocess.py:93} INFO - 25/08/18 17:23:59 INFO SparkContext: Added file file:///opt/bitnami/spark/.ivy2/jars/org.checkerframework_checker-qual-3.31.0.jar at spark://4bf6b336ccb3:44361/files/org.checkerframework_checker-qual-3.31.0.jar with timestamp 1755537831820
[2025-08-18T17:23:59.345+0000] {subprocess.py:93} INFO - 25/08/18 17:23:59 INFO Utils: Copying /opt/bitnami/spark/.ivy2/jars/org.checkerframework_checker-qual-3.31.0.jar to /tmp/spark-97a49fd4-8d46-4d8e-b8b8-00bc5761678a/userFiles-337f5e31-bc30-4dc9-b082-862a5ee56d49/org.checkerframework_checker-qual-3.31.0.jar
[2025-08-18T17:24:00.500+0000] {subprocess.py:93} INFO - 25/08/18 17:24:00 INFO StandaloneAppClient$ClientEndpoint: Connecting to master spark://spark-master:7077...
[2025-08-18T17:24:00.927+0000] {subprocess.py:93} INFO - 25/08/18 17:24:00 INFO TransportClientFactory: Successfully created connection to spark-master/172.18.0.7:7077 after 270 ms (0 ms spent in bootstraps)
[2025-08-18T17:24:01.944+0000] {subprocess.py:93} INFO - 25/08/18 17:24:01 INFO StandaloneSchedulerBackend: Connected to Spark cluster with app ID app-20250818172401-0087
[2025-08-18T17:24:01.992+0000] {subprocess.py:93} INFO - 25/08/18 17:24:01 INFO Utils: Successfully started service 'org.apache.spark.network.netty.NettyBlockTransferService' on port 38947.
[2025-08-18T17:24:01.994+0000] {subprocess.py:93} INFO - 25/08/18 17:24:01 INFO NettyBlockTransferService: Server created on 4bf6b336ccb3:38947
[2025-08-18T17:24:02.000+0000] {subprocess.py:93} INFO - 25/08/18 17:24:02 INFO BlockManager: Using org.apache.spark.storage.RandomBlockReplicationPolicy for block replication policy
[2025-08-18T17:24:02.037+0000] {subprocess.py:93} INFO - 25/08/18 17:24:02 INFO BlockManagerMaster: Registering BlockManager BlockManagerId(driver, 4bf6b336ccb3, 38947, None)
[2025-08-18T17:24:02.093+0000] {subprocess.py:93} INFO - 25/08/18 17:24:02 INFO BlockManagerMasterEndpoint: Registering block manager 4bf6b336ccb3:38947 with 434.4 MiB RAM, BlockManagerId(driver, 4bf6b336ccb3, 38947, None)
[2025-08-18T17:24:02.116+0000] {subprocess.py:93} INFO - 25/08/18 17:24:02 INFO BlockManagerMaster: Registered BlockManager BlockManagerId(driver, 4bf6b336ccb3, 38947, None)
[2025-08-18T17:24:02.127+0000] {subprocess.py:93} INFO - 25/08/18 17:24:02 INFO BlockManager: Initialized BlockManager: BlockManagerId(driver, 4bf6b336ccb3, 38947, None)
[2025-08-18T17:24:03.423+0000] {subprocess.py:93} INFO - 25/08/18 17:24:03 INFO StandaloneSchedulerBackend: SchedulerBackend is ready for scheduling beginning after reached minRegisteredResourcesRatio: 0.0
[2025-08-18T17:24:04.952+0000] {subprocess.py:93} INFO - 25/08/18 17:24:04 INFO SharedState: Setting hive.metastore.warehouse.dir ('null') to the value of spark.sql.warehouse.dir.
[2025-08-18T17:24:04.970+0000] {subprocess.py:93} INFO - 25/08/18 17:24:04 INFO SharedState: Warehouse path is 'file:/opt/bitnami/spark/spark-warehouse'.
[2025-08-18T17:24:18.659+0000] {subprocess.py:93} INFO - 25/08/18 17:24:18 INFO InMemoryFileIndex: It took 463 ms to list leaf files for 1 paths.
[2025-08-18T17:24:24.645+0000] {subprocess.py:93} INFO - 25/08/18 17:24:24 INFO SparkContext: Starting job: parquet at NativeMethodAccessorImpl.java:0
[2025-08-18T17:24:24.719+0000] {subprocess.py:93} INFO - 25/08/18 17:24:24 INFO DAGScheduler: Got job 0 (parquet at NativeMethodAccessorImpl.java:0) with 1 output partitions
[2025-08-18T17:24:24.763+0000] {subprocess.py:93} INFO - 25/08/18 17:24:24 INFO DAGScheduler: Final stage: ResultStage 0 (parquet at NativeMethodAccessorImpl.java:0)
[2025-08-18T17:24:24.798+0000] {subprocess.py:93} INFO - 25/08/18 17:24:24 INFO DAGScheduler: Parents of final stage: List()
[2025-08-18T17:24:24.830+0000] {subprocess.py:93} INFO - 25/08/18 17:24:24 INFO DAGScheduler: Missing parents: List()
[2025-08-18T17:24:24.944+0000] {subprocess.py:93} INFO - 25/08/18 17:24:24 INFO DAGScheduler: Submitting ResultStage 0 (MapPartitionsRDD[1] at parquet at NativeMethodAccessorImpl.java:0), which has no missing parents
[2025-08-18T17:24:25.504+0000] {subprocess.py:93} INFO - 25/08/18 17:24:25 INFO MemoryStore: Block broadcast_0 stored as values in memory (estimated size 104.5 KiB, free 434.3 MiB)
[2025-08-18T17:24:25.707+0000] {subprocess.py:93} INFO - 25/08/18 17:24:25 INFO MemoryStore: Block broadcast_0_piece0 stored as bytes in memory (estimated size 37.8 KiB, free 434.3 MiB)
[2025-08-18T17:24:25.729+0000] {subprocess.py:93} INFO - 25/08/18 17:24:25 INFO BlockManagerInfo: Added broadcast_0_piece0 in memory on 4bf6b336ccb3:38947 (size: 37.8 KiB, free: 434.4 MiB)
[2025-08-18T17:24:25.779+0000] {subprocess.py:93} INFO - 25/08/18 17:24:25 INFO SparkContext: Created broadcast 0 from broadcast at DAGScheduler.scala:1585
[2025-08-18T17:24:25.916+0000] {subprocess.py:93} INFO - 25/08/18 17:24:25 INFO DAGScheduler: Submitting 1 missing tasks from ResultStage 0 (MapPartitionsRDD[1] at parquet at NativeMethodAccessorImpl.java:0) (first 15 tasks are for partitions Vector(0))
[2025-08-18T17:24:25.930+0000] {subprocess.py:93} INFO - 25/08/18 17:24:25 INFO TaskSchedulerImpl: Adding task set 0.0 with 1 tasks resource profile 0
[2025-08-18T17:24:41.001+0000] {subprocess.py:93} INFO - 25/08/18 17:24:40 WARN TaskSchedulerImpl: Initial job has not accepted any resources; check your cluster UI to ensure that workers are registered and have sufficient resources
[2025-08-18T17:24:56.008+0000] {subprocess.py:93} INFO - 25/08/18 17:24:55 WARN TaskSchedulerImpl: Initial job has not accepted any resources; check your cluster UI to ensure that workers are registered and have sufficient resources
[2025-08-18T17:25:11.003+0000] {subprocess.py:93} INFO - 25/08/18 17:25:10 WARN TaskSchedulerImpl: Initial job has not accepted any resources; check your cluster UI to ensure that workers are registered and have sufficient resources
[2025-08-18T17:25:23.513+0000] {subprocess.py:93} INFO - 25/08/18 17:25:23 INFO StandaloneAppClient$ClientEndpoint: Executor added: app-20250818172401-0087/0 on worker-20250818100309-172.18.0.14-34047 (172.18.0.14:34047) with 4 core(s)
[2025-08-18T17:25:23.537+0000] {subprocess.py:93} INFO - 25/08/18 17:25:23 INFO StandaloneSchedulerBackend: Granted executor ID app-20250818172401-0087/0 on hostPort 172.18.0.14:34047 with 4 core(s), 1024.0 MiB RAM
[2025-08-18T17:25:23.537+0000] {subprocess.py:93} INFO - 25/08/18 17:25:23 INFO StandaloneAppClient$ClientEndpoint: Executor added: app-20250818172401-0087/1 on worker-20250818100311-172.18.0.13-33759 (172.18.0.13:33759) with 4 core(s)
[2025-08-18T17:25:23.554+0000] {subprocess.py:93} INFO - 25/08/18 17:25:23 INFO StandaloneSchedulerBackend: Granted executor ID app-20250818172401-0087/1 on hostPort 172.18.0.13:33759 with 4 core(s), 1024.0 MiB RAM
[2025-08-18T17:25:23.569+0000] {subprocess.py:93} INFO - 25/08/18 17:25:23 INFO StandaloneAppClient$ClientEndpoint: Executor added: app-20250818172401-0087/2 on worker-20250818100314-172.18.0.12-34745 (172.18.0.12:34745) with 4 core(s)
[2025-08-18T17:25:23.602+0000] {subprocess.py:93} INFO - 25/08/18 17:25:23 INFO StandaloneSchedulerBackend: Granted executor ID app-20250818172401-0087/2 on hostPort 172.18.0.12:34745 with 4 core(s), 1024.0 MiB RAM
[2025-08-18T17:25:23.664+0000] {subprocess.py:93} INFO - 25/08/18 17:25:23 INFO StandaloneAppClient$ClientEndpoint: Executor updated: app-20250818172401-0087/2 is now RUNNING
[2025-08-18T17:25:23.667+0000] {subprocess.py:93} INFO - 25/08/18 17:25:23 INFO StandaloneAppClient$ClientEndpoint: Executor updated: app-20250818172401-0087/0 is now RUNNING
[2025-08-18T17:25:23.722+0000] {subprocess.py:93} INFO - 25/08/18 17:25:23 INFO StandaloneAppClient$ClientEndpoint: Executor updated: app-20250818172401-0087/1 is now RUNNING
[2025-08-18T17:25:25.999+0000] {subprocess.py:93} INFO - 25/08/18 17:25:25 WARN TaskSchedulerImpl: Initial job has not accepted any resources; check your cluster UI to ensure that workers are registered and have sufficient resources
[2025-08-18T17:25:38.975+0000] {subprocess.py:93} INFO - 25/08/18 17:25:38 INFO StandaloneSchedulerBackend$StandaloneDriverEndpoint: Registered executor NettyRpcEndpointRef(spark-client://Executor) (172.18.0.13:60690) with ID 1,  ResourceProfileId 0
[2025-08-18T17:25:39.441+0000] {subprocess.py:93} INFO - 25/08/18 17:25:39 INFO BlockManagerMasterEndpoint: Registering block manager 172.18.0.13:37295 with 434.4 MiB RAM, BlockManagerId(1, 172.18.0.13, 37295, None)
[2025-08-18T17:25:40.803+0000] {subprocess.py:93} INFO - 25/08/18 17:25:40 INFO TaskSetManager: Starting task 0.0 in stage 0.0 (TID 0) (172.18.0.13, executor 1, partition 0, PROCESS_LOCAL, 8106 bytes)
[2025-08-18T17:25:40.860+0000] {subprocess.py:93} INFO - 25/08/18 17:25:40 INFO StandaloneSchedulerBackend$StandaloneDriverEndpoint: Registered executor NettyRpcEndpointRef(spark-client://Executor) (172.18.0.12:47048) with ID 2,  ResourceProfileId 0
[2025-08-18T17:25:41.366+0000] {subprocess.py:93} INFO - 25/08/18 17:25:41 INFO StandaloneSchedulerBackend$StandaloneDriverEndpoint: Registered executor NettyRpcEndpointRef(spark-client://Executor) (172.18.0.14:56132) with ID 0,  ResourceProfileId 0
[2025-08-18T17:25:41.776+0000] {subprocess.py:93} INFO - 25/08/18 17:25:41 INFO BlockManagerMasterEndpoint: Registering block manager 172.18.0.12:34233 with 434.4 MiB RAM, BlockManagerId(2, 172.18.0.12, 34233, None)
[2025-08-18T17:25:41.860+0000] {subprocess.py:93} INFO - 25/08/18 17:25:41 INFO BlockManagerMasterEndpoint: Registering block manager 172.18.0.14:43607 with 434.4 MiB RAM, BlockManagerId(0, 172.18.0.14, 43607, None)
[2025-08-18T17:25:42.894+0000] {subprocess.py:93} INFO - 25/08/18 17:25:42 INFO BlockManagerInfo: Added broadcast_0_piece0 in memory on 172.18.0.13:37295 (size: 37.8 KiB, free: 434.4 MiB)
[2025-08-18T17:25:44.563+0000] {subprocess.py:93} INFO - 25/08/18 17:25:44 INFO TaskSetManager: Finished task 0.0 in stage 0.0 (TID 0) in 3805 ms on 172.18.0.13 (executor 1) (1/1)
[2025-08-18T17:25:44.578+0000] {subprocess.py:93} INFO - 25/08/18 17:25:44 INFO TaskSchedulerImpl: Removed TaskSet 0.0, whose tasks have all completed, from pool
[2025-08-18T17:25:44.595+0000] {subprocess.py:93} INFO - 25/08/18 17:25:44 INFO DAGScheduler: ResultStage 0 (parquet at NativeMethodAccessorImpl.java:0) finished in 79.542 s
[2025-08-18T17:25:44.619+0000] {subprocess.py:93} INFO - 25/08/18 17:25:44 INFO DAGScheduler: Job 0 is finished. Cancelling potential speculative or zombie tasks for this job
[2025-08-18T17:25:44.643+0000] {subprocess.py:93} INFO - 25/08/18 17:25:44 INFO TaskSchedulerImpl: Killing all running tasks in stage 0: Stage finished
[2025-08-18T17:25:44.653+0000] {subprocess.py:93} INFO - 25/08/18 17:25:44 INFO DAGScheduler: Job 0 finished: parquet at NativeMethodAccessorImpl.java:0, took 80.005720 s
[2025-08-18T17:25:45.264+0000] {subprocess.py:93} INFO - Traceback (most recent call last):
[2025-08-18T17:25:45.265+0000] {subprocess.py:93} INFO -   File "/opt/***/jobs/star_schema/golden_to_star_citus.py", line 33, in <module>
[2025-08-18T17:25:45.268+0000] {subprocess.py:93} INFO -     df = spark.read.parquet(golden_path)
[2025-08-18T17:25:45.270+0000] {subprocess.py:93} INFO -          ^^^^^^^^^^^^^^^^^^^^^^^^^^^^^^^
[2025-08-18T17:25:45.270+0000] {subprocess.py:93} INFO -   File "/opt/bitnami/spark/python/lib/pyspark.zip/pyspark/sql/readwriter.py", line 544, in parquet
[2025-08-18T17:25:45.271+0000] {subprocess.py:93} INFO -   File "/opt/bitnami/spark/python/lib/py4j-0.10.9.7-src.zip/py4j/java_gateway.py", line 1322, in __call__
[2025-08-18T17:25:45.272+0000] {subprocess.py:93} INFO -   File "/opt/bitnami/spark/python/lib/pyspark.zip/pyspark/errors/exceptions/captured.py", line 185, in deco
[2025-08-18T17:25:45.296+0000] {subprocess.py:93} INFO - pyspark.errors.exceptions.captured.AnalysisException: [UNABLE_TO_INFER_SCHEMA] Unable to infer schema for Parquet. It must be specified manually.
[2025-08-18T17:25:45.392+0000] {subprocess.py:93} INFO - 25/08/18 17:25:45 INFO SparkContext: Invoking stop() from shutdown hook
[2025-08-18T17:25:45.393+0000] {subprocess.py:93} INFO - 25/08/18 17:25:45 INFO SparkContext: SparkContext is stopping with exitCode 0.
[2025-08-18T17:25:45.437+0000] {subprocess.py:93} INFO - 25/08/18 17:25:45 INFO SparkUI: Stopped Spark web UI at http://4bf6b336ccb3:4040
[2025-08-18T17:25:45.452+0000] {subprocess.py:93} INFO - 25/08/18 17:25:45 INFO StandaloneSchedulerBackend: Shutting down all executors
[2025-08-18T17:25:45.462+0000] {subprocess.py:93} INFO - 25/08/18 17:25:45 INFO StandaloneSchedulerBackend$StandaloneDriverEndpoint: Asking each executor to shut down
[2025-08-18T17:25:45.547+0000] {subprocess.py:93} INFO - 25/08/18 17:25:45 INFO MapOutputTrackerMasterEndpoint: MapOutputTrackerMasterEndpoint stopped!
[2025-08-18T17:25:45.659+0000] {subprocess.py:93} INFO - 25/08/18 17:25:45 INFO MemoryStore: MemoryStore cleared
[2025-08-18T17:25:45.680+0000] {subprocess.py:93} INFO - 25/08/18 17:25:45 INFO BlockManager: BlockManager stopped
[2025-08-18T17:25:45.708+0000] {subprocess.py:93} INFO - 25/08/18 17:25:45 INFO BlockManagerMaster: BlockManagerMaster stopped
[2025-08-18T17:25:45.712+0000] {subprocess.py:93} INFO - 25/08/18 17:25:45 INFO OutputCommitCoordinator$OutputCommitCoordinatorEndpoint: OutputCommitCoordinator stopped!
[2025-08-18T17:25:45.737+0000] {subprocess.py:93} INFO - 25/08/18 17:25:45 INFO SparkContext: Successfully stopped SparkContext
[2025-08-18T17:25:45.740+0000] {subprocess.py:93} INFO - 25/08/18 17:25:45 INFO ShutdownHookManager: Shutdown hook called
[2025-08-18T17:25:45.741+0000] {subprocess.py:93} INFO - 25/08/18 17:25:45 INFO ShutdownHookManager: Deleting directory /tmp/spark-97a49fd4-8d46-4d8e-b8b8-00bc5761678a/pyspark-428d956a-0be1-425e-b103-c9554e069e0e
[2025-08-18T17:25:45.758+0000] {subprocess.py:93} INFO - 25/08/18 17:25:45 INFO ShutdownHookManager: Deleting directory /tmp/spark-97a49fd4-8d46-4d8e-b8b8-00bc5761678a
[2025-08-18T17:25:45.768+0000] {subprocess.py:93} INFO - 25/08/18 17:25:45 INFO ShutdownHookManager: Deleting directory /tmp/spark-72346915-7ccd-45e1-ac30-73222fd6450f
[2025-08-18T17:25:45.912+0000] {subprocess.py:97} INFO - Command exited with return code 1
[2025-08-18T17:25:45.914+0000] {taskinstance.py:441} INFO - ::group::Post task execution logs
[2025-08-18T17:25:45.945+0000] {taskinstance.py:2890} ERROR - Task failed with exception
Traceback (most recent call last):
  File "/home/airflow/.local/lib/python3.9/site-packages/airflow/models/taskinstance.py", line 465, in _execute_task
    result = _execute_callable(context=context, **execute_callable_kwargs)
  File "/home/airflow/.local/lib/python3.9/site-packages/airflow/models/taskinstance.py", line 432, in _execute_callable
    return execute_callable(context=context, **execute_callable_kwargs)
  File "/home/airflow/.local/lib/python3.9/site-packages/airflow/models/baseoperator.py", line 400, in wrapper
    return func(self, *args, **kwargs)
  File "/home/airflow/.local/lib/python3.9/site-packages/airflow/operators/bash.py", line 243, in execute
    raise AirflowException(
airflow.exceptions.AirflowException: Bash command failed. The command returned a non-zero exit code 1.
[2025-08-18T17:25:45.956+0000] {taskinstance.py:1205} INFO - Marking task as UP_FOR_RETRY. dag_id=youtube_pipeline_batch_data, task_id=golden_to_star, execution_date=20250818T171319, start_date=20250818T172321, end_date=20250818T172545
[2025-08-18T17:25:45.986+0000] {standard_task_runner.py:110} ERROR - Failed to execute job 422 for task golden_to_star (Bash command failed. The command returned a non-zero exit code 1.; 8380)
[2025-08-18T17:25:46.030+0000] {local_task_job_runner.py:240} INFO - Task exited with return code 1
[2025-08-18T17:25:46.105+0000] {taskinstance.py:3482} INFO - 0 downstream tasks scheduled from follow-on schedule check
[2025-08-18T17:25:46.109+0000] {local_task_job_runner.py:222} INFO - ::endgroup::
