[2025-08-18T18:31:42.815+0000] {local_task_job_runner.py:120} INFO - ::group::Pre task execution logs
[2025-08-18T18:31:42.967+0000] {taskinstance.py:2073} INFO - Dependencies all met for dep_context=non-requeueable deps ti=<TaskInstance: youtube_pipeline_batch_data.run_q_09_seasonal_launch manual__2025-08-18T18:24:04.884207+00:00 [queued]>
[2025-08-18T18:31:42.999+0000] {taskinstance.py:2073} INFO - Dependencies all met for dep_context=requeueable deps ti=<TaskInstance: youtube_pipeline_batch_data.run_q_09_seasonal_launch manual__2025-08-18T18:24:04.884207+00:00 [queued]>
[2025-08-18T18:31:42.999+0000] {taskinstance.py:2303} INFO - Starting attempt 3 of 4
[2025-08-18T18:31:43.034+0000] {taskinstance.py:2327} INFO - Executing <Task(BashOperator): run_q_09_seasonal_launch> on 2025-08-18 18:24:04.884207+00:00
[2025-08-18T18:31:43.051+0000] {standard_task_runner.py:63} INFO - Started process 10810 to run task
[2025-08-18T18:31:43.116+0000] {standard_task_runner.py:90} INFO - Running: ['***', 'tasks', 'run', 'youtube_pipeline_batch_data', 'run_q_09_seasonal_launch', 'manual__2025-08-18T18:24:04.884207+00:00', '--job-id', '496', '--raw', '--subdir', 'DAGS_FOLDER/youtube_pipeline.py', '--cfg-path', '/tmp/tmp_4fnsnx1']
[2025-08-18T18:31:43.130+0000] {standard_task_runner.py:91} INFO - Job 496: Subtask run_q_09_seasonal_launch
[2025-08-18T18:31:43.401+0000] {task_command.py:426} INFO - Running <TaskInstance: youtube_pipeline_batch_data.run_q_09_seasonal_launch manual__2025-08-18T18:24:04.884207+00:00 [running]> on host 47205959681c
[2025-08-18T18:31:43.726+0000] {taskinstance.py:2644} INFO - Exporting env vars: AIRFLOW_CTX_DAG_OWNER='***' AIRFLOW_CTX_DAG_ID='youtube_pipeline_batch_data' AIRFLOW_CTX_TASK_ID='run_q_09_seasonal_launch' AIRFLOW_CTX_EXECUTION_DATE='2025-08-18T18:24:04.884207+00:00' AIRFLOW_CTX_TRY_NUMBER='3' AIRFLOW_CTX_DAG_RUN_ID='manual__2025-08-18T18:24:04.884207+00:00'
[2025-08-18T18:31:43.729+0000] {taskinstance.py:430} INFO - ::endgroup::
[2025-08-18T18:31:43.779+0000] {subprocess.py:63} INFO - Tmp dir root location: /tmp
[2025-08-18T18:31:43.781+0000] {subprocess.py:75} INFO - Running command: ['/usr/bin/bash', '-c', 'PGPASSWORD=citus psql -h citus_coordinator-U citus -d youtube_dw -f /opt/***/sql/q_09_seasonal_launch.sql']
[2025-08-18T18:31:43.827+0000] {subprocess.py:86} INFO - Output:
[2025-08-18T18:31:43.944+0000] {subprocess.py:93} INFO - psql: error: could not translate host name "citus_coordinator-U" to address: Temporary failure in name resolution
[2025-08-18T18:31:43.946+0000] {subprocess.py:97} INFO - Command exited with return code 2
[2025-08-18T18:31:43.949+0000] {taskinstance.py:441} INFO - ::group::Post task execution logs
[2025-08-18T18:31:43.980+0000] {taskinstance.py:2890} ERROR - Task failed with exception
Traceback (most recent call last):
  File "/home/airflow/.local/lib/python3.9/site-packages/airflow/models/taskinstance.py", line 465, in _execute_task
    result = _execute_callable(context=context, **execute_callable_kwargs)
  File "/home/airflow/.local/lib/python3.9/site-packages/airflow/models/taskinstance.py", line 432, in _execute_callable
    return execute_callable(context=context, **execute_callable_kwargs)
  File "/home/airflow/.local/lib/python3.9/site-packages/airflow/models/baseoperator.py", line 400, in wrapper
    return func(self, *args, **kwargs)
  File "/home/airflow/.local/lib/python3.9/site-packages/airflow/operators/bash.py", line 243, in execute
    raise AirflowException(
airflow.exceptions.AirflowException: Bash command failed. The command returned a non-zero exit code 2.
[2025-08-18T18:31:43.988+0000] {taskinstance.py:1205} INFO - Marking task as UP_FOR_RETRY. dag_id=youtube_pipeline_batch_data, task_id=run_q_09_seasonal_launch, execution_date=20250818T182404, start_date=20250818T183142, end_date=20250818T183143
[2025-08-18T18:31:44.021+0000] {standard_task_runner.py:110} ERROR - Failed to execute job 496 for task run_q_09_seasonal_launch (Bash command failed. The command returned a non-zero exit code 2.; 10810)
[2025-08-18T18:31:44.049+0000] {local_task_job_runner.py:240} INFO - Task exited with return code 1
[2025-08-18T18:31:44.113+0000] {taskinstance.py:3482} INFO - 0 downstream tasks scheduled from follow-on schedule check
[2025-08-18T18:31:44.115+0000] {local_task_job_runner.py:222} INFO - ::endgroup::
