[2025-08-19T09:39:28.514+0000] {local_task_job_runner.py:120} INFO - ::group::Pre task execution logs
[2025-08-19T09:39:28.875+0000] {taskinstance.py:2073} INFO - Dependencies all met for dep_context=non-requeueable deps ti=<TaskInstance: youtube_pipeline_batch_data.golden_to_star manual__2025-08-19T09:11:07.475998+00:00 [queued]>
[2025-08-19T09:39:28.940+0000] {taskinstance.py:2073} INFO - Dependencies all met for dep_context=requeueable deps ti=<TaskInstance: youtube_pipeline_batch_data.golden_to_star manual__2025-08-19T09:11:07.475998+00:00 [queued]>
[2025-08-19T09:39:28.941+0000] {taskinstance.py:2303} INFO - Starting attempt 1 of 4
[2025-08-19T09:39:29.109+0000] {taskinstance.py:2327} INFO - Executing <Task(BashOperator): golden_to_star> on 2025-08-19 09:11:07.475998+00:00
[2025-08-19T09:39:29.156+0000] {standard_task_runner.py:63} INFO - Started process 2640 to run task
[2025-08-19T09:39:29.199+0000] {standard_task_runner.py:90} INFO - Running: ['***', 'tasks', 'run', 'youtube_pipeline_batch_data', 'golden_to_star', 'manual__2025-08-19T09:11:07.475998+00:00', '--job-id', '616', '--raw', '--subdir', 'DAGS_FOLDER/youtube_pipeline.py', '--cfg-path', '/tmp/tmp_k_ivafn']
[2025-08-19T09:39:29.217+0000] {standard_task_runner.py:91} INFO - Job 616: Subtask golden_to_star
[2025-08-19T09:39:29.604+0000] {task_command.py:426} INFO - Running <TaskInstance: youtube_pipeline_batch_data.golden_to_star manual__2025-08-19T09:11:07.475998+00:00 [running]> on host 54bf3a3eaeab
[2025-08-19T09:39:30.841+0000] {taskinstance.py:2644} INFO - Exporting env vars: AIRFLOW_CTX_DAG_OWNER='***' AIRFLOW_CTX_DAG_ID='youtube_pipeline_batch_data' AIRFLOW_CTX_TASK_ID='golden_to_star' AIRFLOW_CTX_EXECUTION_DATE='2025-08-19T09:11:07.475998+00:00' AIRFLOW_CTX_TRY_NUMBER='1' AIRFLOW_CTX_DAG_RUN_ID='manual__2025-08-19T09:11:07.475998+00:00'
[2025-08-19T09:39:30.848+0000] {taskinstance.py:430} INFO - ::endgroup::
[2025-08-19T09:39:31.119+0000] {subprocess.py:63} INFO - Tmp dir root location: /tmp
[2025-08-19T09:39:31.141+0000] {subprocess.py:75} INFO - Running command: ['/usr/bin/bash', '-c', 'docker exec spark-master spark-submit --master spark://spark-master:7077 --deploy-mode client --packages org.postgresql:postgresql:42.6.0 /opt/***/jobs/star_schema/golden_to_star_citus.py']
[2025-08-19T09:39:31.301+0000] {subprocess.py:86} INFO - Output:
[2025-08-19T09:39:48.374+0000] {subprocess.py:93} INFO - :: loading settings :: url = jar:file:/opt/bitnami/spark/jars/ivy-2.5.1.jar!/org/apache/ivy/core/settings/ivysettings.xml
[2025-08-19T09:39:48.985+0000] {subprocess.py:93} INFO - Ivy Default Cache set to: /opt/bitnami/spark/.ivy2/cache
[2025-08-19T09:39:48.989+0000] {subprocess.py:93} INFO - The jars for the packages stored in: /opt/bitnami/spark/.ivy2/jars
[2025-08-19T09:39:49.052+0000] {subprocess.py:93} INFO - org.postgresql#postgresql added as a dependency
[2025-08-19T09:39:49.061+0000] {subprocess.py:93} INFO - :: resolving dependencies :: org.apache.spark#spark-submit-parent-f59ddf64-24d5-49b7-872c-b0b05cc7df37;1.0
[2025-08-19T09:39:49.063+0000] {subprocess.py:93} INFO - 	confs: [default]
[2025-08-19T09:39:49.921+0000] {subprocess.py:93} INFO - 	found org.postgresql#postgresql;42.6.0 in central
[2025-08-19T09:39:50.220+0000] {subprocess.py:93} INFO - 	found org.checkerframework#checker-qual;3.31.0 in central
[2025-08-19T09:39:50.447+0000] {subprocess.py:93} INFO - :: resolution report :: resolve 1304ms :: artifacts dl 82ms
[2025-08-19T09:39:50.450+0000] {subprocess.py:93} INFO - 	:: modules in use:
[2025-08-19T09:39:50.455+0000] {subprocess.py:93} INFO - 	org.checkerframework#checker-qual;3.31.0 from central in [default]
[2025-08-19T09:39:50.458+0000] {subprocess.py:93} INFO - 	org.postgresql#postgresql;42.6.0 from central in [default]
[2025-08-19T09:39:50.462+0000] {subprocess.py:93} INFO - 	---------------------------------------------------------------------
[2025-08-19T09:39:50.463+0000] {subprocess.py:93} INFO - 	|                  |            modules            ||   artifacts   |
[2025-08-19T09:39:50.465+0000] {subprocess.py:93} INFO - 	|       conf       | number| search|dwnlded|evicted|| number|dwnlded|
[2025-08-19T09:39:50.471+0000] {subprocess.py:93} INFO - 	---------------------------------------------------------------------
[2025-08-19T09:39:50.474+0000] {subprocess.py:93} INFO - 	|      default     |   2   |   0   |   0   |   0   ||   2   |   0   |
[2025-08-19T09:39:50.477+0000] {subprocess.py:93} INFO - 	---------------------------------------------------------------------
[2025-08-19T09:39:50.514+0000] {subprocess.py:93} INFO - :: retrieving :: org.apache.spark#spark-submit-parent-f59ddf64-24d5-49b7-872c-b0b05cc7df37
[2025-08-19T09:39:50.515+0000] {subprocess.py:93} INFO - 	confs: [default]
[2025-08-19T09:39:50.571+0000] {subprocess.py:93} INFO - 	0 artifacts copied, 2 already retrieved (0kB/57ms)
[2025-08-19T09:39:51.684+0000] {subprocess.py:93} INFO - 25/08/19 09:39:51 WARN NativeCodeLoader: Unable to load native-hadoop library for your platform... using builtin-java classes where applicable
[2025-08-19T09:40:01.266+0000] {subprocess.py:93} INFO - 25/08/19 09:40:01 INFO SparkContext: Running Spark version 3.5.1
[2025-08-19T09:40:01.271+0000] {subprocess.py:93} INFO - 25/08/19 09:40:01 INFO SparkContext: OS info Linux, 6.11.0-29-generic, amd64
[2025-08-19T09:40:01.274+0000] {subprocess.py:93} INFO - 25/08/19 09:40:01 INFO SparkContext: Java version 17.0.12
[2025-08-19T09:40:01.517+0000] {subprocess.py:93} INFO - 25/08/19 09:40:01 INFO ResourceUtils: ==============================================================
[2025-08-19T09:40:01.518+0000] {subprocess.py:93} INFO - 25/08/19 09:40:01 INFO ResourceUtils: No custom resources configured for spark.driver.
[2025-08-19T09:40:01.532+0000] {subprocess.py:93} INFO - 25/08/19 09:40:01 INFO ResourceUtils: ==============================================================
[2025-08-19T09:40:01.534+0000] {subprocess.py:93} INFO - 25/08/19 09:40:01 INFO SparkContext: Submitted application: Golden to Star Schema in Citus
[2025-08-19T09:40:02.029+0000] {subprocess.py:93} INFO - 25/08/19 09:40:02 INFO ResourceProfile: Default ResourceProfile created, executor resources: Map(memory -> name: memory, amount: 1024, script: , vendor: , offHeap -> name: offHeap, amount: 0, script: , vendor: ), task resources: Map(cpus -> name: cpus, amount: 1.0)
[2025-08-19T09:40:02.144+0000] {subprocess.py:93} INFO - 25/08/19 09:40:02 INFO ResourceProfile: Limiting resource is cpu
[2025-08-19T09:40:02.159+0000] {subprocess.py:93} INFO - 25/08/19 09:40:02 INFO ResourceProfileManager: Added ResourceProfile id: 0
[2025-08-19T09:40:02.824+0000] {subprocess.py:93} INFO - 25/08/19 09:40:02 INFO SecurityManager: Changing view acls to: spark
[2025-08-19T09:40:02.825+0000] {subprocess.py:93} INFO - 25/08/19 09:40:02 INFO SecurityManager: Changing modify acls to: spark
[2025-08-19T09:40:02.826+0000] {subprocess.py:93} INFO - 25/08/19 09:40:02 INFO SecurityManager: Changing view acls groups to:
[2025-08-19T09:40:02.843+0000] {subprocess.py:93} INFO - 25/08/19 09:40:02 INFO SecurityManager: Changing modify acls groups to:
[2025-08-19T09:40:02.852+0000] {subprocess.py:93} INFO - 25/08/19 09:40:02 INFO SecurityManager: SecurityManager: authentication disabled; ui acls disabled; users with view permissions: spark; groups with view permissions: EMPTY; users with modify permissions: spark; groups with modify permissions: EMPTY
[2025-08-19T09:40:06.061+0000] {subprocess.py:93} INFO - 25/08/19 09:40:06 INFO Utils: Successfully started service 'sparkDriver' on port 35235.
[2025-08-19T09:40:06.270+0000] {subprocess.py:93} INFO - 25/08/19 09:40:06 INFO SparkEnv: Registering MapOutputTracker
[2025-08-19T09:40:06.911+0000] {subprocess.py:93} INFO - 25/08/19 09:40:06 INFO SparkEnv: Registering BlockManagerMaster
[2025-08-19T09:40:07.100+0000] {subprocess.py:93} INFO - 25/08/19 09:40:07 INFO BlockManagerMasterEndpoint: Using org.apache.spark.storage.DefaultTopologyMapper for getting topology information
[2025-08-19T09:40:07.111+0000] {subprocess.py:93} INFO - 25/08/19 09:40:07 INFO BlockManagerMasterEndpoint: BlockManagerMasterEndpoint up
[2025-08-19T09:40:07.180+0000] {subprocess.py:93} INFO - 25/08/19 09:40:07 INFO SparkEnv: Registering BlockManagerMasterHeartbeat
[2025-08-19T09:40:07.476+0000] {subprocess.py:93} INFO - 25/08/19 09:40:07 INFO DiskBlockManager: Created local directory at /tmp/blockmgr-7cf4adaa-d931-4321-b5e3-3ac3d5bfc31f
[2025-08-19T09:40:07.600+0000] {subprocess.py:93} INFO - 25/08/19 09:40:07 INFO MemoryStore: MemoryStore started with capacity 434.4 MiB
[2025-08-19T09:40:07.771+0000] {subprocess.py:93} INFO - 25/08/19 09:40:07 INFO SparkEnv: Registering OutputCommitCoordinator
[2025-08-19T09:40:09.193+0000] {subprocess.py:93} INFO - 25/08/19 09:40:09 INFO JettyUtils: Start Jetty 0.0.0.0:4040 for SparkUI
[2025-08-19T09:40:09.821+0000] {subprocess.py:93} INFO - 25/08/19 09:40:09 WARN Utils: Service 'SparkUI' could not bind on port 4040. Attempting port 4041.
[2025-08-19T09:40:09.922+0000] {subprocess.py:93} INFO - 25/08/19 09:40:09 INFO Utils: Successfully started service 'SparkUI' on port 4041.
[2025-08-19T09:40:10.520+0000] {subprocess.py:93} INFO - 25/08/19 09:40:10 INFO SparkContext: Added JAR file:///opt/bitnami/spark/.ivy2/jars/org.postgresql_postgresql-42.6.0.jar at spark://b208641feb52:35235/jars/org.postgresql_postgresql-42.6.0.jar with timestamp 1755596401175
[2025-08-19T09:40:10.524+0000] {subprocess.py:93} INFO - 25/08/19 09:40:10 INFO SparkContext: Added JAR file:///opt/bitnami/spark/.ivy2/jars/org.checkerframework_checker-qual-3.31.0.jar at spark://b208641feb52:35235/jars/org.checkerframework_checker-qual-3.31.0.jar with timestamp 1755596401175
[2025-08-19T09:40:10.567+0000] {subprocess.py:93} INFO - 25/08/19 09:40:10 INFO SparkContext: Added file file:///opt/bitnami/spark/.ivy2/jars/org.postgresql_postgresql-42.6.0.jar at spark://b208641feb52:35235/files/org.postgresql_postgresql-42.6.0.jar with timestamp 1755596401175
[2025-08-19T09:40:10.591+0000] {subprocess.py:93} INFO - 25/08/19 09:40:10 INFO Utils: Copying /opt/bitnami/spark/.ivy2/jars/org.postgresql_postgresql-42.6.0.jar to /tmp/spark-ff04cc49-e651-4e93-879f-b7dd041047d9/userFiles-46f8fad7-bc12-4169-becb-a7a089b006c9/org.postgresql_postgresql-42.6.0.jar
[2025-08-19T09:40:10.661+0000] {subprocess.py:93} INFO - 25/08/19 09:40:10 INFO SparkContext: Added file file:///opt/bitnami/spark/.ivy2/jars/org.checkerframework_checker-qual-3.31.0.jar at spark://b208641feb52:35235/files/org.checkerframework_checker-qual-3.31.0.jar with timestamp 1755596401175
[2025-08-19T09:40:10.662+0000] {subprocess.py:93} INFO - 25/08/19 09:40:10 INFO Utils: Copying /opt/bitnami/spark/.ivy2/jars/org.checkerframework_checker-qual-3.31.0.jar to /tmp/spark-ff04cc49-e651-4e93-879f-b7dd041047d9/userFiles-46f8fad7-bc12-4169-becb-a7a089b006c9/org.checkerframework_checker-qual-3.31.0.jar
[2025-08-19T09:40:11.817+0000] {subprocess.py:93} INFO - 25/08/19 09:40:11 INFO StandaloneAppClient$ClientEndpoint: Connecting to master spark://spark-master:7077...
[2025-08-19T09:40:12.596+0000] {subprocess.py:93} INFO - 25/08/19 09:40:12 INFO TransportClientFactory: Successfully created connection to spark-master/172.18.0.4:7077 after 565 ms (0 ms spent in bootstraps)
[2025-08-19T09:40:13.670+0000] {subprocess.py:93} INFO - 25/08/19 09:40:13 INFO StandaloneSchedulerBackend: Connected to Spark cluster with app ID app-20250819094013-0021
[2025-08-19T09:40:13.723+0000] {subprocess.py:93} INFO - 25/08/19 09:40:13 INFO Utils: Successfully started service 'org.apache.spark.network.netty.NettyBlockTransferService' on port 44887.
[2025-08-19T09:40:13.724+0000] {subprocess.py:93} INFO - 25/08/19 09:40:13 INFO NettyBlockTransferService: Server created on b208641feb52:44887
[2025-08-19T09:40:13.749+0000] {subprocess.py:93} INFO - 25/08/19 09:40:13 INFO BlockManager: Using org.apache.spark.storage.RandomBlockReplicationPolicy for block replication policy
[2025-08-19T09:40:13.811+0000] {subprocess.py:93} INFO - 25/08/19 09:40:13 INFO BlockManagerMaster: Registering BlockManager BlockManagerId(driver, b208641feb52, 44887, None)
[2025-08-19T09:40:13.830+0000] {subprocess.py:93} INFO - 25/08/19 09:40:13 INFO BlockManagerMasterEndpoint: Registering block manager b208641feb52:44887 with 434.4 MiB RAM, BlockManagerId(driver, b208641feb52, 44887, None)
[2025-08-19T09:40:13.846+0000] {subprocess.py:93} INFO - 25/08/19 09:40:13 INFO BlockManagerMaster: Registered BlockManager BlockManagerId(driver, b208641feb52, 44887, None)
[2025-08-19T09:40:13.875+0000] {subprocess.py:93} INFO - 25/08/19 09:40:13 INFO BlockManager: Initialized BlockManager: BlockManagerId(driver, b208641feb52, 44887, None)
[2025-08-19T09:40:16.185+0000] {subprocess.py:93} INFO - 25/08/19 09:40:16 INFO StandaloneSchedulerBackend: SchedulerBackend is ready for scheduling beginning after reached minRegisteredResourcesRatio: 0.0
[2025-08-19T09:40:18.948+0000] {subprocess.py:93} INFO - 25/08/19 09:40:18 INFO SharedState: Setting hive.metastore.warehouse.dir ('null') to the value of spark.sql.warehouse.dir.
[2025-08-19T09:40:18.993+0000] {subprocess.py:93} INFO - 25/08/19 09:40:18 INFO SharedState: Warehouse path is 'file:/opt/bitnami/spark/spark-warehouse'.
[2025-08-19T09:40:35.562+0000] {subprocess.py:93} INFO - 25/08/19 09:40:35 INFO InMemoryFileIndex: It took 720 ms to list leaf files for 1 paths.
[2025-08-19T09:40:41.724+0000] {subprocess.py:93} INFO - 25/08/19 09:40:41 INFO SparkContext: Starting job: parquet at NativeMethodAccessorImpl.java:0
[2025-08-19T09:40:41.979+0000] {subprocess.py:93} INFO - 25/08/19 09:40:41 INFO DAGScheduler: Got job 0 (parquet at NativeMethodAccessorImpl.java:0) with 1 output partitions
[2025-08-19T09:40:41.991+0000] {subprocess.py:93} INFO - 25/08/19 09:40:41 INFO DAGScheduler: Final stage: ResultStage 0 (parquet at NativeMethodAccessorImpl.java:0)
[2025-08-19T09:40:41.995+0000] {subprocess.py:93} INFO - 25/08/19 09:40:41 INFO DAGScheduler: Parents of final stage: List()
[2025-08-19T09:40:42.006+0000] {subprocess.py:93} INFO - 25/08/19 09:40:41 INFO DAGScheduler: Missing parents: List()
[2025-08-19T09:40:42.029+0000] {subprocess.py:93} INFO - 25/08/19 09:40:42 INFO DAGScheduler: Submitting ResultStage 0 (MapPartitionsRDD[1] at parquet at NativeMethodAccessorImpl.java:0), which has no missing parents
[2025-08-19T09:40:43.259+0000] {subprocess.py:93} INFO - 25/08/19 09:40:43 INFO MemoryStore: Block broadcast_0 stored as values in memory (estimated size 104.5 KiB, free 434.3 MiB)
[2025-08-19T09:40:44.189+0000] {subprocess.py:93} INFO - 25/08/19 09:40:44 INFO MemoryStore: Block broadcast_0_piece0 stored as bytes in memory (estimated size 37.7 KiB, free 434.3 MiB)
[2025-08-19T09:40:44.256+0000] {subprocess.py:93} INFO - 25/08/19 09:40:44 INFO BlockManagerInfo: Added broadcast_0_piece0 in memory on b208641feb52:44887 (size: 37.7 KiB, free: 434.4 MiB)
[2025-08-19T09:40:44.341+0000] {subprocess.py:93} INFO - 25/08/19 09:40:44 INFO SparkContext: Created broadcast 0 from broadcast at DAGScheduler.scala:1585
[2025-08-19T09:40:44.672+0000] {subprocess.py:93} INFO - 25/08/19 09:40:44 INFO DAGScheduler: Submitting 1 missing tasks from ResultStage 0 (MapPartitionsRDD[1] at parquet at NativeMethodAccessorImpl.java:0) (first 15 tasks are for partitions Vector(0))
[2025-08-19T09:40:44.718+0000] {subprocess.py:93} INFO - 25/08/19 09:40:44 INFO TaskSchedulerImpl: Adding task set 0.0 with 1 tasks resource profile 0
[2025-08-19T09:40:59.987+0000] {subprocess.py:93} INFO - 25/08/19 09:40:59 WARN TaskSchedulerImpl: Initial job has not accepted any resources; check your cluster UI to ensure that workers are registered and have sufficient resources
[2025-08-19T09:41:14.982+0000] {subprocess.py:93} INFO - 25/08/19 09:41:14 WARN TaskSchedulerImpl: Initial job has not accepted any resources; check your cluster UI to ensure that workers are registered and have sufficient resources
[2025-08-19T09:41:29.983+0000] {subprocess.py:93} INFO - 25/08/19 09:41:29 WARN TaskSchedulerImpl: Initial job has not accepted any resources; check your cluster UI to ensure that workers are registered and have sufficient resources
[2025-08-19T09:41:44.986+0000] {subprocess.py:93} INFO - 25/08/19 09:41:44 WARN TaskSchedulerImpl: Initial job has not accepted any resources; check your cluster UI to ensure that workers are registered and have sufficient resources
[2025-08-19T09:41:59.984+0000] {subprocess.py:93} INFO - 25/08/19 09:41:59 WARN TaskSchedulerImpl: Initial job has not accepted any resources; check your cluster UI to ensure that workers are registered and have sufficient resources
[2025-08-19T09:42:14.981+0000] {subprocess.py:93} INFO - 25/08/19 09:42:14 WARN TaskSchedulerImpl: Initial job has not accepted any resources; check your cluster UI to ensure that workers are registered and have sufficient resources
[2025-08-19T09:42:29.980+0000] {subprocess.py:93} INFO - 25/08/19 09:42:29 WARN TaskSchedulerImpl: Initial job has not accepted any resources; check your cluster UI to ensure that workers are registered and have sufficient resources
[2025-08-19T09:42:44.981+0000] {subprocess.py:93} INFO - 25/08/19 09:42:44 WARN TaskSchedulerImpl: Initial job has not accepted any resources; check your cluster UI to ensure that workers are registered and have sufficient resources
[2025-08-19T09:42:59.987+0000] {subprocess.py:93} INFO - 25/08/19 09:42:59 WARN TaskSchedulerImpl: Initial job has not accepted any resources; check your cluster UI to ensure that workers are registered and have sufficient resources
[2025-08-19T09:43:14.982+0000] {subprocess.py:93} INFO - 25/08/19 09:43:14 WARN TaskSchedulerImpl: Initial job has not accepted any resources; check your cluster UI to ensure that workers are registered and have sufficient resources
[2025-08-19T09:43:29.981+0000] {subprocess.py:93} INFO - 25/08/19 09:43:29 WARN TaskSchedulerImpl: Initial job has not accepted any resources; check your cluster UI to ensure that workers are registered and have sufficient resources
[2025-08-19T09:43:44.991+0000] {subprocess.py:93} INFO - 25/08/19 09:43:44 WARN TaskSchedulerImpl: Initial job has not accepted any resources; check your cluster UI to ensure that workers are registered and have sufficient resources
[2025-08-19T09:43:59.983+0000] {subprocess.py:93} INFO - 25/08/19 09:43:59 WARN TaskSchedulerImpl: Initial job has not accepted any resources; check your cluster UI to ensure that workers are registered and have sufficient resources
[2025-08-19T09:44:14.982+0000] {subprocess.py:93} INFO - 25/08/19 09:44:14 WARN TaskSchedulerImpl: Initial job has not accepted any resources; check your cluster UI to ensure that workers are registered and have sufficient resources
[2025-08-19T09:44:29.987+0000] {subprocess.py:93} INFO - 25/08/19 09:44:29 WARN TaskSchedulerImpl: Initial job has not accepted any resources; check your cluster UI to ensure that workers are registered and have sufficient resources
[2025-08-19T09:44:44.982+0000] {subprocess.py:93} INFO - 25/08/19 09:44:44 WARN TaskSchedulerImpl: Initial job has not accepted any resources; check your cluster UI to ensure that workers are registered and have sufficient resources
[2025-08-19T09:44:59.983+0000] {subprocess.py:93} INFO - 25/08/19 09:44:59 WARN TaskSchedulerImpl: Initial job has not accepted any resources; check your cluster UI to ensure that workers are registered and have sufficient resources
[2025-08-19T09:45:14.981+0000] {subprocess.py:93} INFO - 25/08/19 09:45:14 WARN TaskSchedulerImpl: Initial job has not accepted any resources; check your cluster UI to ensure that workers are registered and have sufficient resources
[2025-08-19T09:45:29.983+0000] {subprocess.py:93} INFO - 25/08/19 09:45:29 WARN TaskSchedulerImpl: Initial job has not accepted any resources; check your cluster UI to ensure that workers are registered and have sufficient resources
[2025-08-19T09:45:44.985+0000] {subprocess.py:93} INFO - 25/08/19 09:45:44 WARN TaskSchedulerImpl: Initial job has not accepted any resources; check your cluster UI to ensure that workers are registered and have sufficient resources
[2025-08-19T09:45:59.981+0000] {subprocess.py:93} INFO - 25/08/19 09:45:59 WARN TaskSchedulerImpl: Initial job has not accepted any resources; check your cluster UI to ensure that workers are registered and have sufficient resources
[2025-08-19T09:46:14.984+0000] {subprocess.py:93} INFO - 25/08/19 09:46:14 WARN TaskSchedulerImpl: Initial job has not accepted any resources; check your cluster UI to ensure that workers are registered and have sufficient resources
[2025-08-19T09:46:29.982+0000] {subprocess.py:93} INFO - 25/08/19 09:46:29 WARN TaskSchedulerImpl: Initial job has not accepted any resources; check your cluster UI to ensure that workers are registered and have sufficient resources
[2025-08-19T09:46:44.985+0000] {subprocess.py:93} INFO - 25/08/19 09:46:44 WARN TaskSchedulerImpl: Initial job has not accepted any resources; check your cluster UI to ensure that workers are registered and have sufficient resources
[2025-08-19T09:46:59.980+0000] {subprocess.py:93} INFO - 25/08/19 09:46:59 WARN TaskSchedulerImpl: Initial job has not accepted any resources; check your cluster UI to ensure that workers are registered and have sufficient resources
[2025-08-19T09:47:14.996+0000] {subprocess.py:93} INFO - 25/08/19 09:47:14 WARN TaskSchedulerImpl: Initial job has not accepted any resources; check your cluster UI to ensure that workers are registered and have sufficient resources
[2025-08-19T09:47:29.986+0000] {subprocess.py:93} INFO - 25/08/19 09:47:29 WARN TaskSchedulerImpl: Initial job has not accepted any resources; check your cluster UI to ensure that workers are registered and have sufficient resources
[2025-08-19T09:47:44.986+0000] {subprocess.py:93} INFO - 25/08/19 09:47:44 WARN TaskSchedulerImpl: Initial job has not accepted any resources; check your cluster UI to ensure that workers are registered and have sufficient resources
[2025-08-19T09:47:59.981+0000] {subprocess.py:93} INFO - 25/08/19 09:47:59 WARN TaskSchedulerImpl: Initial job has not accepted any resources; check your cluster UI to ensure that workers are registered and have sufficient resources
[2025-08-19T09:48:14.981+0000] {subprocess.py:93} INFO - 25/08/19 09:48:14 WARN TaskSchedulerImpl: Initial job has not accepted any resources; check your cluster UI to ensure that workers are registered and have sufficient resources
[2025-08-19T09:48:23.986+0000] {subprocess.py:93} INFO - 25/08/19 09:48:23 INFO StandaloneAppClient$ClientEndpoint: Executor added: app-20250819094013-0021/0 on worker-20250819090904-172.18.0.12-34859 (172.18.0.12:34859) with 4 core(s)
[2025-08-19T09:48:23.990+0000] {subprocess.py:93} INFO - 25/08/19 09:48:23 INFO StandaloneSchedulerBackend: Granted executor ID app-20250819094013-0021/0 on hostPort 172.18.0.12:34859 with 4 core(s), 1024.0 MiB RAM
[2025-08-19T09:48:24.005+0000] {subprocess.py:93} INFO - 25/08/19 09:48:24 INFO StandaloneAppClient$ClientEndpoint: Executor added: app-20250819094013-0021/1 on worker-20250819090904-172.18.0.17-46791 (172.18.0.17:46791) with 4 core(s)
[2025-08-19T09:48:24.012+0000] {subprocess.py:93} INFO - 25/08/19 09:48:24 INFO StandaloneSchedulerBackend: Granted executor ID app-20250819094013-0021/1 on hostPort 172.18.0.17:46791 with 4 core(s), 1024.0 MiB RAM
[2025-08-19T09:48:24.019+0000] {subprocess.py:93} INFO - 25/08/19 09:48:24 INFO StandaloneAppClient$ClientEndpoint: Executor added: app-20250819094013-0021/2 on worker-20250819090906-172.18.0.16-36117 (172.18.0.16:36117) with 4 core(s)
[2025-08-19T09:48:24.025+0000] {subprocess.py:93} INFO - 25/08/19 09:48:24 INFO StandaloneSchedulerBackend: Granted executor ID app-20250819094013-0021/2 on hostPort 172.18.0.16:36117 with 4 core(s), 1024.0 MiB RAM
[2025-08-19T09:48:24.342+0000] {subprocess.py:93} INFO - 25/08/19 09:48:24 INFO StandaloneAppClient$ClientEndpoint: Executor updated: app-20250819094013-0021/0 is now RUNNING
[2025-08-19T09:48:24.352+0000] {subprocess.py:93} INFO - 25/08/19 09:48:24 INFO StandaloneAppClient$ClientEndpoint: Executor updated: app-20250819094013-0021/2 is now RUNNING
[2025-08-19T09:48:24.372+0000] {subprocess.py:93} INFO - 25/08/19 09:48:24 INFO StandaloneAppClient$ClientEndpoint: Executor updated: app-20250819094013-0021/1 is now RUNNING
[2025-08-19T09:48:29.995+0000] {subprocess.py:93} INFO - 25/08/19 09:48:29 WARN TaskSchedulerImpl: Initial job has not accepted any resources; check your cluster UI to ensure that workers are registered and have sufficient resources
[2025-08-19T09:48:38.839+0000] {subprocess.py:93} INFO - 25/08/19 09:48:38 INFO StandaloneSchedulerBackend$StandaloneDriverEndpoint: Registered executor NettyRpcEndpointRef(spark-client://Executor) (172.18.0.12:60738) with ID 0,  ResourceProfileId 0
[2025-08-19T09:48:38.970+0000] {subprocess.py:93} INFO - 25/08/19 09:48:38 INFO StandaloneSchedulerBackend$StandaloneDriverEndpoint: Registered executor NettyRpcEndpointRef(spark-client://Executor) (172.18.0.17:42534) with ID 1,  ResourceProfileId 0
[2025-08-19T09:48:39.275+0000] {subprocess.py:93} INFO - 25/08/19 09:48:39 INFO BlockManagerMasterEndpoint: Registering block manager 172.18.0.12:44105 with 434.4 MiB RAM, BlockManagerId(0, 172.18.0.12, 44105, None)
[2025-08-19T09:48:39.472+0000] {subprocess.py:93} INFO - 25/08/19 09:48:39 INFO BlockManagerMasterEndpoint: Registering block manager 172.18.0.17:37393 with 434.4 MiB RAM, BlockManagerId(1, 172.18.0.17, 37393, None)
[2025-08-19T09:48:39.916+0000] {subprocess.py:93} INFO - 25/08/19 09:48:39 INFO StandaloneSchedulerBackend$StandaloneDriverEndpoint: Registered executor NettyRpcEndpointRef(spark-client://Executor) (172.18.0.16:58834) with ID 2,  ResourceProfileId 0
[2025-08-19T09:48:40.199+0000] {subprocess.py:93} INFO - 25/08/19 09:48:40 INFO TaskSetManager: Starting task 0.0 in stage 0.0 (TID 0) (172.18.0.12, executor 0, partition 0, PROCESS_LOCAL, 8106 bytes)
[2025-08-19T09:48:40.370+0000] {subprocess.py:93} INFO - 25/08/19 09:48:40 INFO BlockManagerMasterEndpoint: Registering block manager 172.18.0.16:43425 with 434.4 MiB RAM, BlockManagerId(2, 172.18.0.16, 43425, None)
[2025-08-19T09:48:41.058+0000] {subprocess.py:93} INFO - 25/08/19 09:48:41 INFO BlockManagerInfo: Added broadcast_0_piece0 in memory on 172.18.0.12:44105 (size: 37.7 KiB, free: 434.4 MiB)
[2025-08-19T09:48:41.913+0000] {subprocess.py:93} INFO - 25/08/19 09:48:41 INFO TaskSetManager: Finished task 0.0 in stage 0.0 (TID 0) in 1833 ms on 172.18.0.12 (executor 0) (1/1)
[2025-08-19T09:48:41.918+0000] {subprocess.py:93} INFO - 25/08/19 09:48:41 INFO TaskSchedulerImpl: Removed TaskSet 0.0, whose tasks have all completed, from pool
[2025-08-19T09:48:41.994+0000] {subprocess.py:93} INFO - 25/08/19 09:48:41 INFO DAGScheduler: ResultStage 0 (parquet at NativeMethodAccessorImpl.java:0) finished in 479.639 s
[2025-08-19T09:48:42.019+0000] {subprocess.py:93} INFO - 25/08/19 09:48:42 INFO DAGScheduler: Job 0 is finished. Cancelling potential speculative or zombie tasks for this job
[2025-08-19T09:48:42.024+0000] {subprocess.py:93} INFO - 25/08/19 09:48:42 INFO TaskSchedulerImpl: Killing all running tasks in stage 0: Stage finished
[2025-08-19T09:48:42.032+0000] {subprocess.py:93} INFO - 25/08/19 09:48:42 INFO DAGScheduler: Job 0 finished: parquet at NativeMethodAccessorImpl.java:0, took 480.313174 s
[2025-08-19T09:48:42.327+0000] {subprocess.py:93} INFO - Traceback (most recent call last):
[2025-08-19T09:48:42.330+0000] {subprocess.py:93} INFO -   File "/opt/***/jobs/star_schema/golden_to_star_citus.py", line 33, in <module>
[2025-08-19T09:48:42.331+0000] {subprocess.py:93} INFO -     df = spark.read.parquet(golden_path)
[2025-08-19T09:48:42.331+0000] {subprocess.py:93} INFO -          ^^^^^^^^^^^^^^^^^^^^^^^^^^^^^^^
[2025-08-19T09:48:42.331+0000] {subprocess.py:93} INFO -   File "/opt/bitnami/spark/python/lib/pyspark.zip/pyspark/sql/readwriter.py", line 544, in parquet
[2025-08-19T09:48:42.332+0000] {subprocess.py:93} INFO -   File "/opt/bitnami/spark/python/lib/py4j-0.10.9.7-src.zip/py4j/java_gateway.py", line 1322, in __call__
[2025-08-19T09:48:42.333+0000] {subprocess.py:93} INFO -   File "/opt/bitnami/spark/python/lib/pyspark.zip/pyspark/errors/exceptions/captured.py", line 185, in deco
[2025-08-19T09:48:42.373+0000] {subprocess.py:93} INFO - pyspark.errors.exceptions.captured.AnalysisException: [UNABLE_TO_INFER_SCHEMA] Unable to infer schema for Parquet. It must be specified manually.
[2025-08-19T09:48:42.461+0000] {subprocess.py:93} INFO - 25/08/19 09:48:42 INFO SparkContext: Invoking stop() from shutdown hook
[2025-08-19T09:48:42.466+0000] {subprocess.py:93} INFO - 25/08/19 09:48:42 INFO SparkContext: SparkContext is stopping with exitCode 0.
[2025-08-19T09:48:42.534+0000] {subprocess.py:93} INFO - 25/08/19 09:48:42 INFO SparkUI: Stopped Spark web UI at http://b208641feb52:4041
[2025-08-19T09:48:42.549+0000] {subprocess.py:93} INFO - 25/08/19 09:48:42 INFO StandaloneSchedulerBackend: Shutting down all executors
[2025-08-19T09:48:42.555+0000] {subprocess.py:93} INFO - 25/08/19 09:48:42 INFO StandaloneSchedulerBackend$StandaloneDriverEndpoint: Asking each executor to shut down
[2025-08-19T09:48:42.710+0000] {subprocess.py:93} INFO - 25/08/19 09:48:42 INFO MapOutputTrackerMasterEndpoint: MapOutputTrackerMasterEndpoint stopped!
[2025-08-19T09:48:42.965+0000] {subprocess.py:93} INFO - 25/08/19 09:48:42 INFO MemoryStore: MemoryStore cleared
[2025-08-19T09:48:42.967+0000] {subprocess.py:93} INFO - 25/08/19 09:48:42 INFO BlockManager: BlockManager stopped
[2025-08-19T09:48:43.160+0000] {subprocess.py:93} INFO - 25/08/19 09:48:43 INFO BlockManagerMaster: BlockManagerMaster stopped
[2025-08-19T09:48:43.214+0000] {subprocess.py:93} INFO - 25/08/19 09:48:43 INFO OutputCommitCoordinator$OutputCommitCoordinatorEndpoint: OutputCommitCoordinator stopped!
[2025-08-19T09:48:43.382+0000] {subprocess.py:93} INFO - 25/08/19 09:48:43 INFO SparkContext: Successfully stopped SparkContext
[2025-08-19T09:48:43.382+0000] {subprocess.py:93} INFO - 25/08/19 09:48:43 INFO ShutdownHookManager: Shutdown hook called
[2025-08-19T09:48:43.405+0000] {subprocess.py:93} INFO - 25/08/19 09:48:43 INFO ShutdownHookManager: Deleting directory /tmp/spark-ff04cc49-e651-4e93-879f-b7dd041047d9/pyspark-c6f7f1ad-85a7-416c-a98a-9567deaebb07
[2025-08-19T09:48:43.450+0000] {subprocess.py:93} INFO - 25/08/19 09:48:43 INFO ShutdownHookManager: Deleting directory /tmp/spark-ff04cc49-e651-4e93-879f-b7dd041047d9
[2025-08-19T09:48:43.480+0000] {subprocess.py:93} INFO - 25/08/19 09:48:43 INFO ShutdownHookManager: Deleting directory /tmp/spark-c7e451b5-49bd-4f35-9695-6f08dbbdd17d
[2025-08-19T09:48:44.420+0000] {subprocess.py:97} INFO - Command exited with return code 1
[2025-08-19T09:48:44.424+0000] {taskinstance.py:441} INFO - ::group::Post task execution logs
[2025-08-19T09:48:44.514+0000] {taskinstance.py:2890} ERROR - Task failed with exception
Traceback (most recent call last):
  File "/home/airflow/.local/lib/python3.9/site-packages/airflow/models/taskinstance.py", line 465, in _execute_task
    result = _execute_callable(context=context, **execute_callable_kwargs)
  File "/home/airflow/.local/lib/python3.9/site-packages/airflow/models/taskinstance.py", line 432, in _execute_callable
    return execute_callable(context=context, **execute_callable_kwargs)
  File "/home/airflow/.local/lib/python3.9/site-packages/airflow/models/baseoperator.py", line 400, in wrapper
    return func(self, *args, **kwargs)
  File "/home/airflow/.local/lib/python3.9/site-packages/airflow/operators/bash.py", line 243, in execute
    raise AirflowException(
airflow.exceptions.AirflowException: Bash command failed. The command returned a non-zero exit code 1.
[2025-08-19T09:48:44.527+0000] {taskinstance.py:1205} INFO - Marking task as UP_FOR_RETRY. dag_id=youtube_pipeline_batch_data, task_id=golden_to_star, execution_date=20250819T091107, start_date=20250819T093928, end_date=20250819T094844
[2025-08-19T09:48:44.573+0000] {standard_task_runner.py:110} ERROR - Failed to execute job 616 for task golden_to_star (Bash command failed. The command returned a non-zero exit code 1.; 2640)
[2025-08-19T09:48:44.645+0000] {local_task_job_runner.py:240} INFO - Task exited with return code 1
[2025-08-19T09:48:44.825+0000] {taskinstance.py:3482} INFO - 0 downstream tasks scheduled from follow-on schedule check
[2025-08-19T09:48:44.840+0000] {local_task_job_runner.py:222} INFO - ::endgroup::
