[2025-08-18T09:41:36.658+0000] {local_task_job_runner.py:120} INFO - ::group::Pre task execution logs
[2025-08-18T09:41:36.770+0000] {taskinstance.py:2073} INFO - Dependencies all met for dep_context=non-requeueable deps ti=<TaskInstance: youtube_pipeline_simple.transform_golden manual__2025-08-18T09:36:47.534001+00:00 [queued]>
[2025-08-18T09:41:36.803+0000] {taskinstance.py:2073} INFO - Dependencies all met for dep_context=requeueable deps ti=<TaskInstance: youtube_pipeline_simple.transform_golden manual__2025-08-18T09:36:47.534001+00:00 [queued]>
[2025-08-18T09:41:36.804+0000] {taskinstance.py:2303} INFO - Starting attempt 1 of 2
[2025-08-18T09:41:36.846+0000] {taskinstance.py:2327} INFO - Executing <Task(BashOperator): transform_golden> on 2025-08-18 09:36:47.534001+00:00
[2025-08-18T09:41:36.860+0000] {standard_task_runner.py:63} INFO - Started process 2191 to run task
[2025-08-18T09:41:36.885+0000] {standard_task_runner.py:90} INFO - Running: ['***', 'tasks', 'run', 'youtube_pipeline_simple', 'transform_golden', 'manual__2025-08-18T09:36:47.534001+00:00', '--job-id', '33', '--raw', '--subdir', 'DAGS_FOLDER/youtube_pipeline.py', '--cfg-path', '/tmp/tmp3lzrduwk']
[2025-08-18T09:41:36.896+0000] {standard_task_runner.py:91} INFO - Job 33: Subtask transform_golden
[2025-08-18T09:41:37.110+0000] {task_command.py:426} INFO - Running <TaskInstance: youtube_pipeline_simple.transform_golden manual__2025-08-18T09:36:47.534001+00:00 [running]> on host 4d75244235f4
[2025-08-18T09:41:37.403+0000] {taskinstance.py:2644} INFO - Exporting env vars: AIRFLOW_CTX_DAG_OWNER='***' AIRFLOW_CTX_DAG_ID='youtube_pipeline_simple' AIRFLOW_CTX_TASK_ID='transform_golden' AIRFLOW_CTX_EXECUTION_DATE='2025-08-18T09:36:47.534001+00:00' AIRFLOW_CTX_TRY_NUMBER='1' AIRFLOW_CTX_DAG_RUN_ID='manual__2025-08-18T09:36:47.534001+00:00'
[2025-08-18T09:41:37.404+0000] {taskinstance.py:430} INFO - ::endgroup::
[2025-08-18T09:41:37.476+0000] {subprocess.py:63} INFO - Tmp dir root location: /tmp
[2025-08-18T09:41:37.480+0000] {subprocess.py:75} INFO - Running command: ['/usr/bin/bash', '-c', 'docker exec youtube-pipeline-project_spark-master_1 spark-submit --master spark://spark-master:7077 --deploy-mode client --packages org.apache.spark:spark-avro_2.12:3.5.1 /opt/***/jobs/transformation/transform_to_golden_dataset.py']
[2025-08-18T09:41:37.523+0000] {subprocess.py:86} INFO - Output:
[2025-08-18T09:41:45.599+0000] {subprocess.py:93} INFO - :: loading settings :: url = jar:file:/opt/bitnami/spark/jars/ivy-2.5.1.jar!/org/apache/ivy/core/settings/ivysettings.xml
[2025-08-18T09:41:45.801+0000] {subprocess.py:93} INFO - Ivy Default Cache set to: /opt/bitnami/spark/.ivy2/cache
[2025-08-18T09:41:45.801+0000] {subprocess.py:93} INFO - The jars for the packages stored in: /opt/bitnami/spark/.ivy2/jars
[2025-08-18T09:41:45.818+0000] {subprocess.py:93} INFO - org.apache.spark#spark-avro_2.12 added as a dependency
[2025-08-18T09:41:45.820+0000] {subprocess.py:93} INFO - :: resolving dependencies :: org.apache.spark#spark-submit-parent-23a5b35c-7604-425e-a255-2f29db566661;1.0
[2025-08-18T09:41:45.820+0000] {subprocess.py:93} INFO - 	confs: [default]
[2025-08-18T09:41:46.759+0000] {subprocess.py:93} INFO - 	found org.apache.spark#spark-avro_2.12;3.5.1 in central
[2025-08-18T09:41:46.874+0000] {subprocess.py:93} INFO - 	found org.tukaani#xz;1.9 in central
[2025-08-18T09:41:46.980+0000] {subprocess.py:93} INFO - :: resolution report :: resolve 1109ms :: artifacts dl 51ms
[2025-08-18T09:41:46.981+0000] {subprocess.py:93} INFO - 	:: modules in use:
[2025-08-18T09:41:46.981+0000] {subprocess.py:93} INFO - 	org.apache.spark#spark-avro_2.12;3.5.1 from central in [default]
[2025-08-18T09:41:46.982+0000] {subprocess.py:93} INFO - 	org.tukaani#xz;1.9 from central in [default]
[2025-08-18T09:41:46.982+0000] {subprocess.py:93} INFO - 	---------------------------------------------------------------------
[2025-08-18T09:41:46.982+0000] {subprocess.py:93} INFO - 	|                  |            modules            ||   artifacts   |
[2025-08-18T09:41:46.983+0000] {subprocess.py:93} INFO - 	|       conf       | number| search|dwnlded|evicted|| number|dwnlded|
[2025-08-18T09:41:46.983+0000] {subprocess.py:93} INFO - 	---------------------------------------------------------------------
[2025-08-18T09:41:46.983+0000] {subprocess.py:93} INFO - 	|      default     |   2   |   0   |   0   |   0   ||   2   |   0   |
[2025-08-18T09:41:46.983+0000] {subprocess.py:93} INFO - 	---------------------------------------------------------------------
[2025-08-18T09:41:47.019+0000] {subprocess.py:93} INFO - :: retrieving :: org.apache.spark#spark-submit-parent-23a5b35c-7604-425e-a255-2f29db566661
[2025-08-18T09:41:47.026+0000] {subprocess.py:93} INFO - 	confs: [default]
[2025-08-18T09:41:47.062+0000] {subprocess.py:93} INFO - 	0 artifacts copied, 2 already retrieved (0kB/35ms)
[2025-08-18T09:41:48.100+0000] {subprocess.py:93} INFO - 25/08/18 09:41:48 WARN NativeCodeLoader: Unable to load native-hadoop library for your platform... using builtin-java classes where applicable
[2025-08-18T09:41:50.228+0000] {subprocess.py:93} INFO - 25/08/18 09:41:50 INFO SparkContext: Running Spark version 3.5.1
[2025-08-18T09:41:50.230+0000] {subprocess.py:93} INFO - 25/08/18 09:41:50 INFO SparkContext: OS info Linux, 6.11.0-29-generic, amd64
[2025-08-18T09:41:50.232+0000] {subprocess.py:93} INFO - 25/08/18 09:41:50 INFO SparkContext: Java version 17.0.12
[2025-08-18T09:41:50.287+0000] {subprocess.py:93} INFO - 25/08/18 09:41:50 INFO ResourceUtils: ==============================================================
[2025-08-18T09:41:50.288+0000] {subprocess.py:93} INFO - 25/08/18 09:41:50 INFO ResourceUtils: No custom resources configured for spark.driver.
[2025-08-18T09:41:50.295+0000] {subprocess.py:93} INFO - 25/08/18 09:41:50 INFO ResourceUtils: ==============================================================
[2025-08-18T09:41:50.296+0000] {subprocess.py:93} INFO - 25/08/18 09:41:50 INFO SparkContext: Submitted application: Processed Zone - Golden Dataset
[2025-08-18T09:41:50.355+0000] {subprocess.py:93} INFO - 25/08/18 09:41:50 INFO ResourceProfile: Default ResourceProfile created, executor resources: Map(memory -> name: memory, amount: 1024, script: , vendor: , offHeap -> name: offHeap, amount: 0, script: , vendor: ), task resources: Map(cpus -> name: cpus, amount: 1.0)
[2025-08-18T09:41:50.372+0000] {subprocess.py:93} INFO - 25/08/18 09:41:50 INFO ResourceProfile: Limiting resource is cpu
[2025-08-18T09:41:50.375+0000] {subprocess.py:93} INFO - 25/08/18 09:41:50 INFO ResourceProfileManager: Added ResourceProfile id: 0
[2025-08-18T09:41:50.475+0000] {subprocess.py:93} INFO - 25/08/18 09:41:50 INFO SecurityManager: Changing view acls to: spark
[2025-08-18T09:41:50.479+0000] {subprocess.py:93} INFO - 25/08/18 09:41:50 INFO SecurityManager: Changing modify acls to: spark
[2025-08-18T09:41:50.480+0000] {subprocess.py:93} INFO - 25/08/18 09:41:50 INFO SecurityManager: Changing view acls groups to:
[2025-08-18T09:41:50.481+0000] {subprocess.py:93} INFO - 25/08/18 09:41:50 INFO SecurityManager: Changing modify acls groups to:
[2025-08-18T09:41:50.481+0000] {subprocess.py:93} INFO - 25/08/18 09:41:50 INFO SecurityManager: SecurityManager: authentication disabled; ui acls disabled; users with view permissions: spark; groups with view permissions: EMPTY; users with modify permissions: spark; groups with modify permissions: EMPTY
[2025-08-18T09:41:51.180+0000] {subprocess.py:93} INFO - 25/08/18 09:41:51 INFO Utils: Successfully started service 'sparkDriver' on port 42697.
[2025-08-18T09:41:51.227+0000] {subprocess.py:93} INFO - 25/08/18 09:41:51 INFO SparkEnv: Registering MapOutputTracker
[2025-08-18T09:41:51.281+0000] {subprocess.py:93} INFO - 25/08/18 09:41:51 INFO SparkEnv: Registering BlockManagerMaster
[2025-08-18T09:41:51.310+0000] {subprocess.py:93} INFO - 25/08/18 09:41:51 INFO BlockManagerMasterEndpoint: Using org.apache.spark.storage.DefaultTopologyMapper for getting topology information
[2025-08-18T09:41:51.313+0000] {subprocess.py:93} INFO - 25/08/18 09:41:51 INFO BlockManagerMasterEndpoint: BlockManagerMasterEndpoint up
[2025-08-18T09:41:51.320+0000] {subprocess.py:93} INFO - 25/08/18 09:41:51 INFO SparkEnv: Registering BlockManagerMasterHeartbeat
[2025-08-18T09:41:51.395+0000] {subprocess.py:93} INFO - 25/08/18 09:41:51 INFO DiskBlockManager: Created local directory at /tmp/blockmgr-de544ef2-26b7-4fc2-9b29-adbc515ead16
[2025-08-18T09:41:51.418+0000] {subprocess.py:93} INFO - 25/08/18 09:41:51 INFO MemoryStore: MemoryStore started with capacity 434.4 MiB
[2025-08-18T09:41:51.461+0000] {subprocess.py:93} INFO - 25/08/18 09:41:51 INFO SparkEnv: Registering OutputCommitCoordinator
[2025-08-18T09:41:51.792+0000] {subprocess.py:93} INFO - 25/08/18 09:41:51 INFO JettyUtils: Start Jetty 0.0.0.0:4040 for SparkUI
[2025-08-18T09:41:51.983+0000] {subprocess.py:93} INFO - 25/08/18 09:41:51 WARN Utils: Service 'SparkUI' could not bind on port 4040. Attempting port 4041.
[2025-08-18T09:41:52.010+0000] {subprocess.py:93} INFO - 25/08/18 09:41:52 INFO Utils: Successfully started service 'SparkUI' on port 4041.
[2025-08-18T09:41:52.091+0000] {subprocess.py:93} INFO - 25/08/18 09:41:52 INFO SparkContext: Added JAR file:///opt/bitnami/spark/.ivy2/jars/org.apache.spark_spark-avro_2.12-3.5.1.jar at spark://72ba4f4a5000:42697/jars/org.apache.spark_spark-avro_2.12-3.5.1.jar with timestamp 1755510110207
[2025-08-18T09:41:52.093+0000] {subprocess.py:93} INFO - 25/08/18 09:41:52 INFO SparkContext: Added JAR file:///opt/bitnami/spark/.ivy2/jars/org.tukaani_xz-1.9.jar at spark://72ba4f4a5000:42697/jars/org.tukaani_xz-1.9.jar with timestamp 1755510110207
[2025-08-18T09:41:52.098+0000] {subprocess.py:93} INFO - 25/08/18 09:41:52 INFO SparkContext: Added file file:///opt/bitnami/spark/.ivy2/jars/org.apache.spark_spark-avro_2.12-3.5.1.jar at spark://72ba4f4a5000:42697/files/org.apache.spark_spark-avro_2.12-3.5.1.jar with timestamp 1755510110207
[2025-08-18T09:41:52.100+0000] {subprocess.py:93} INFO - 25/08/18 09:41:52 INFO Utils: Copying /opt/bitnami/spark/.ivy2/jars/org.apache.spark_spark-avro_2.12-3.5.1.jar to /tmp/spark-a1841502-1955-4d30-a610-5718d4622364/userFiles-3d7f0e18-aa6c-4a19-b2b2-65eea63ffb94/org.apache.spark_spark-avro_2.12-3.5.1.jar
[2025-08-18T09:41:52.118+0000] {subprocess.py:93} INFO - 25/08/18 09:41:52 INFO SparkContext: Added file file:///opt/bitnami/spark/.ivy2/jars/org.tukaani_xz-1.9.jar at spark://72ba4f4a5000:42697/files/org.tukaani_xz-1.9.jar with timestamp 1755510110207
[2025-08-18T09:41:52.120+0000] {subprocess.py:93} INFO - 25/08/18 09:41:52 INFO Utils: Copying /opt/bitnami/spark/.ivy2/jars/org.tukaani_xz-1.9.jar to /tmp/spark-a1841502-1955-4d30-a610-5718d4622364/userFiles-3d7f0e18-aa6c-4a19-b2b2-65eea63ffb94/org.tukaani_xz-1.9.jar
[2025-08-18T09:41:52.333+0000] {subprocess.py:93} INFO - 25/08/18 09:41:52 INFO StandaloneAppClient$ClientEndpoint: Connecting to master spark://spark-master:7077...
[2025-08-18T09:41:52.420+0000] {subprocess.py:93} INFO - 25/08/18 09:41:52 INFO TransportClientFactory: Successfully created connection to spark-master/172.18.0.2:7077 after 54 ms (0 ms spent in bootstraps)
[2025-08-18T09:41:52.615+0000] {subprocess.py:93} INFO - 25/08/18 09:41:52 INFO StandaloneSchedulerBackend: Connected to Spark cluster with app ID app-20250818094152-0005
[2025-08-18T09:41:52.652+0000] {subprocess.py:93} INFO - 25/08/18 09:41:52 INFO Utils: Successfully started service 'org.apache.spark.network.netty.NettyBlockTransferService' on port 42453.
[2025-08-18T09:41:52.652+0000] {subprocess.py:93} INFO - 25/08/18 09:41:52 INFO NettyBlockTransferService: Server created on 72ba4f4a5000:42453
[2025-08-18T09:41:52.655+0000] {subprocess.py:93} INFO - 25/08/18 09:41:52 INFO BlockManager: Using org.apache.spark.storage.RandomBlockReplicationPolicy for block replication policy
[2025-08-18T09:41:52.678+0000] {subprocess.py:93} INFO - 25/08/18 09:41:52 INFO BlockManagerMaster: Registering BlockManager BlockManagerId(driver, 72ba4f4a5000, 42453, None)
[2025-08-18T09:41:52.708+0000] {subprocess.py:93} INFO - 25/08/18 09:41:52 INFO BlockManagerMasterEndpoint: Registering block manager 72ba4f4a5000:42453 with 434.4 MiB RAM, BlockManagerId(driver, 72ba4f4a5000, 42453, None)
[2025-08-18T09:41:52.714+0000] {subprocess.py:93} INFO - 25/08/18 09:41:52 INFO BlockManagerMaster: Registered BlockManager BlockManagerId(driver, 72ba4f4a5000, 42453, None)
[2025-08-18T09:41:52.718+0000] {subprocess.py:93} INFO - 25/08/18 09:41:52 INFO BlockManager: Initialized BlockManager: BlockManagerId(driver, 72ba4f4a5000, 42453, None)
[2025-08-18T09:41:53.719+0000] {subprocess.py:93} INFO - 25/08/18 09:41:53 INFO StandaloneSchedulerBackend: SchedulerBackend is ready for scheduling beginning after reached minRegisteredResourcesRatio: 0.0
[2025-08-18T09:41:54.390+0000] {subprocess.py:93} INFO - 25/08/18 09:41:54 INFO SharedState: Setting hive.metastore.warehouse.dir ('null') to the value of spark.sql.warehouse.dir.
[2025-08-18T09:41:54.404+0000] {subprocess.py:93} INFO - 25/08/18 09:41:54 INFO SharedState: Warehouse path is 'file:/opt/bitnami/spark/spark-warehouse'.
[2025-08-18T09:42:00.518+0000] {subprocess.py:93} INFO - 25/08/18 09:42:00 INFO InMemoryFileIndex: It took 211 ms to list leaf files for 1 paths.
[2025-08-18T09:42:01.229+0000] {subprocess.py:93} INFO - Traceback (most recent call last):
[2025-08-18T09:42:01.230+0000] {subprocess.py:93} INFO -   File "/opt/***/jobs/transformation/transform_to_golden_dataset.py", line 22, in <module>
[2025-08-18T09:42:01.239+0000] {subprocess.py:93} INFO -     videos_df = spark.read.format("avro").load(f"hdfs://namenode:9000/storage/hdfs/raw/avro/{region}videos")
[2025-08-18T09:42:01.239+0000] {subprocess.py:93} INFO -                 ^^^^^^^^^^^^^^^^^^^^^^^^^^^^^^^^^^^^^^^^^^^^^^^^^^^^^^^^^^^^^^^^^^^^^^^^^^^^^^^^^^^^^^^^^^^^
[2025-08-18T09:42:01.240+0000] {subprocess.py:93} INFO -   File "/opt/bitnami/spark/python/lib/pyspark.zip/pyspark/sql/readwriter.py", line 307, in load
[2025-08-18T09:42:01.241+0000] {subprocess.py:93} INFO -   File "/opt/bitnami/spark/python/lib/py4j-0.10.9.7-src.zip/py4j/java_gateway.py", line 1322, in __call__
[2025-08-18T09:42:01.242+0000] {subprocess.py:93} INFO -   File "/opt/bitnami/spark/python/lib/pyspark.zip/pyspark/errors/exceptions/captured.py", line 179, in deco
[2025-08-18T09:42:01.242+0000] {subprocess.py:93} INFO -   File "/opt/bitnami/spark/python/lib/py4j-0.10.9.7-src.zip/py4j/protocol.py", line 326, in get_return_value
[2025-08-18T09:42:01.254+0000] {subprocess.py:93} INFO - py4j.protocol.Py4JJavaError: An error occurred while calling o29.load.
[2025-08-18T09:42:01.255+0000] {subprocess.py:93} INFO - : java.io.FileNotFoundException: No Avro files found. If files don't have .avro extension, set ignoreExtension to true
[2025-08-18T09:42:01.256+0000] {subprocess.py:93} INFO - 	at org.apache.spark.sql.avro.AvroUtils$.inferAvroSchemaFromFiles(AvroUtils.scala:166)
[2025-08-18T09:42:01.257+0000] {subprocess.py:93} INFO - 	at org.apache.spark.sql.avro.AvroUtils$.$anonfun$inferSchema$2(AvroUtils.scala:61)
[2025-08-18T09:42:01.258+0000] {subprocess.py:93} INFO - 	at scala.Option.getOrElse(Option.scala:189)
[2025-08-18T09:42:01.259+0000] {subprocess.py:93} INFO - 	at org.apache.spark.sql.avro.AvroUtils$.inferSchema(AvroUtils.scala:60)
[2025-08-18T09:42:01.260+0000] {subprocess.py:93} INFO - 	at org.apache.spark.sql.avro.AvroFileFormat.inferSchema(AvroFileFormat.scala:58)
[2025-08-18T09:42:01.262+0000] {subprocess.py:93} INFO - 	at org.apache.spark.sql.execution.datasources.DataSource.$anonfun$getOrInferFileFormatSchema$11(DataSource.scala:208)
[2025-08-18T09:42:01.263+0000] {subprocess.py:93} INFO - 	at scala.Option.orElse(Option.scala:447)
[2025-08-18T09:42:01.265+0000] {subprocess.py:93} INFO - 	at org.apache.spark.sql.execution.datasources.DataSource.getOrInferFileFormatSchema(DataSource.scala:205)
[2025-08-18T09:42:01.266+0000] {subprocess.py:93} INFO - 	at org.apache.spark.sql.execution.datasources.DataSource.resolveRelation(DataSource.scala:407)
[2025-08-18T09:42:01.267+0000] {subprocess.py:93} INFO - 	at org.apache.spark.sql.DataFrameReader.loadV1Source(DataFrameReader.scala:229)
[2025-08-18T09:42:01.269+0000] {subprocess.py:93} INFO - 	at org.apache.spark.sql.DataFrameReader.$anonfun$load$2(DataFrameReader.scala:211)
[2025-08-18T09:42:01.271+0000] {subprocess.py:93} INFO - 	at scala.Option.getOrElse(Option.scala:189)
[2025-08-18T09:42:01.273+0000] {subprocess.py:93} INFO - 	at org.apache.spark.sql.DataFrameReader.load(DataFrameReader.scala:211)
[2025-08-18T09:42:01.275+0000] {subprocess.py:93} INFO - 	at org.apache.spark.sql.DataFrameReader.load(DataFrameReader.scala:186)
[2025-08-18T09:42:01.276+0000] {subprocess.py:93} INFO - 	at java.base/jdk.internal.reflect.NativeMethodAccessorImpl.invoke0(Native Method)
[2025-08-18T09:42:01.277+0000] {subprocess.py:93} INFO - 	at java.base/jdk.internal.reflect.NativeMethodAccessorImpl.invoke(NativeMethodAccessorImpl.java:77)
[2025-08-18T09:42:01.277+0000] {subprocess.py:93} INFO - 	at java.base/jdk.internal.reflect.DelegatingMethodAccessorImpl.invoke(DelegatingMethodAccessorImpl.java:43)
[2025-08-18T09:42:01.278+0000] {subprocess.py:93} INFO - 	at java.base/java.lang.reflect.Method.invoke(Method.java:569)
[2025-08-18T09:42:01.281+0000] {subprocess.py:93} INFO - 	at py4j.reflection.MethodInvoker.invoke(MethodInvoker.java:244)
[2025-08-18T09:42:01.282+0000] {subprocess.py:93} INFO - 	at py4j.reflection.ReflectionEngine.invoke(ReflectionEngine.java:374)
[2025-08-18T09:42:01.283+0000] {subprocess.py:93} INFO - 	at py4j.Gateway.invoke(Gateway.java:282)
[2025-08-18T09:42:01.284+0000] {subprocess.py:93} INFO - 	at py4j.commands.AbstractCommand.invokeMethod(AbstractCommand.java:132)
[2025-08-18T09:42:01.285+0000] {subprocess.py:93} INFO - 	at py4j.commands.CallCommand.execute(CallCommand.java:79)
[2025-08-18T09:42:01.286+0000] {subprocess.py:93} INFO - 	at py4j.ClientServerConnection.waitForCommands(ClientServerConnection.java:182)
[2025-08-18T09:42:01.288+0000] {subprocess.py:93} INFO - 	at py4j.ClientServerConnection.run(ClientServerConnection.java:106)
[2025-08-18T09:42:01.289+0000] {subprocess.py:93} INFO - 	at java.base/java.lang.Thread.run(Thread.java:840)
[2025-08-18T09:42:01.291+0000] {subprocess.py:93} INFO - 
[2025-08-18T09:42:01.588+0000] {subprocess.py:93} INFO - 25/08/18 09:42:01 INFO SparkContext: Invoking stop() from shutdown hook
[2025-08-18T09:42:01.592+0000] {subprocess.py:93} INFO - 25/08/18 09:42:01 INFO SparkContext: SparkContext is stopping with exitCode 0.
[2025-08-18T09:42:01.652+0000] {subprocess.py:93} INFO - 25/08/18 09:42:01 INFO SparkUI: Stopped Spark web UI at http://72ba4f4a5000:4041
[2025-08-18T09:42:01.670+0000] {subprocess.py:93} INFO - 25/08/18 09:42:01 INFO StandaloneSchedulerBackend: Shutting down all executors
[2025-08-18T09:42:01.697+0000] {subprocess.py:93} INFO - 25/08/18 09:42:01 INFO StandaloneSchedulerBackend$StandaloneDriverEndpoint: Asking each executor to shut down
[2025-08-18T09:42:01.759+0000] {subprocess.py:93} INFO - 25/08/18 09:42:01 INFO MapOutputTrackerMasterEndpoint: MapOutputTrackerMasterEndpoint stopped!
[2025-08-18T09:42:01.834+0000] {subprocess.py:93} INFO - 25/08/18 09:42:01 INFO MemoryStore: MemoryStore cleared
[2025-08-18T09:42:01.835+0000] {subprocess.py:93} INFO - 25/08/18 09:42:01 INFO BlockManager: BlockManager stopped
[2025-08-18T09:42:01.866+0000] {subprocess.py:93} INFO - 25/08/18 09:42:01 INFO BlockManagerMaster: BlockManagerMaster stopped
[2025-08-18T09:42:01.875+0000] {subprocess.py:93} INFO - 25/08/18 09:42:01 INFO OutputCommitCoordinator$OutputCommitCoordinatorEndpoint: OutputCommitCoordinator stopped!
[2025-08-18T09:42:01.924+0000] {subprocess.py:93} INFO - 25/08/18 09:42:01 INFO SparkContext: Successfully stopped SparkContext
[2025-08-18T09:42:01.928+0000] {subprocess.py:93} INFO - 25/08/18 09:42:01 INFO ShutdownHookManager: Shutdown hook called
[2025-08-18T09:42:01.933+0000] {subprocess.py:93} INFO - 25/08/18 09:42:01 INFO ShutdownHookManager: Deleting directory /tmp/spark-5983a4e9-b3e4-44c4-a05c-646e5b560a53
[2025-08-18T09:42:01.947+0000] {subprocess.py:93} INFO - 25/08/18 09:42:01 INFO ShutdownHookManager: Deleting directory /tmp/spark-a1841502-1955-4d30-a610-5718d4622364
[2025-08-18T09:42:01.962+0000] {subprocess.py:93} INFO - 25/08/18 09:42:01 INFO ShutdownHookManager: Deleting directory /tmp/spark-a1841502-1955-4d30-a610-5718d4622364/pyspark-2e9f3c4e-aea0-4909-8687-149b88a3521f
[2025-08-18T09:42:02.175+0000] {subprocess.py:97} INFO - Command exited with return code 1
[2025-08-18T09:42:02.176+0000] {taskinstance.py:441} INFO - ::group::Post task execution logs
[2025-08-18T09:42:02.196+0000] {taskinstance.py:2890} ERROR - Task failed with exception
Traceback (most recent call last):
  File "/home/airflow/.local/lib/python3.9/site-packages/airflow/models/taskinstance.py", line 465, in _execute_task
    result = _execute_callable(context=context, **execute_callable_kwargs)
  File "/home/airflow/.local/lib/python3.9/site-packages/airflow/models/taskinstance.py", line 432, in _execute_callable
    return execute_callable(context=context, **execute_callable_kwargs)
  File "/home/airflow/.local/lib/python3.9/site-packages/airflow/models/baseoperator.py", line 400, in wrapper
    return func(self, *args, **kwargs)
  File "/home/airflow/.local/lib/python3.9/site-packages/airflow/operators/bash.py", line 243, in execute
    raise AirflowException(
airflow.exceptions.AirflowException: Bash command failed. The command returned a non-zero exit code 1.
[2025-08-18T09:42:02.203+0000] {taskinstance.py:1205} INFO - Marking task as UP_FOR_RETRY. dag_id=youtube_pipeline_simple, task_id=transform_golden, execution_date=20250818T093647, start_date=20250818T094136, end_date=20250818T094202
[2025-08-18T09:42:02.232+0000] {standard_task_runner.py:110} ERROR - Failed to execute job 33 for task transform_golden (Bash command failed. The command returned a non-zero exit code 1.; 2191)
[2025-08-18T09:42:02.274+0000] {local_task_job_runner.py:240} INFO - Task exited with return code 1
[2025-08-18T09:42:02.344+0000] {taskinstance.py:3482} INFO - 0 downstream tasks scheduled from follow-on schedule check
[2025-08-18T09:42:02.351+0000] {local_task_job_runner.py:222} INFO - ::endgroup::
