[2025-08-18T18:39:07.340+0000] {local_task_job_runner.py:120} INFO - ::group::Pre task execution logs
[2025-08-18T18:39:07.599+0000] {taskinstance.py:2073} INFO - Dependencies all met for dep_context=non-requeueable deps ti=<TaskInstance: youtube_pipeline_batch_data.run_q_09_seasonal_launch manual__2025-08-18T18:32:36.272789+00:00 [queued]>
[2025-08-18T18:39:07.661+0000] {taskinstance.py:2073} INFO - Dependencies all met for dep_context=requeueable deps ti=<TaskInstance: youtube_pipeline_batch_data.run_q_09_seasonal_launch manual__2025-08-18T18:32:36.272789+00:00 [queued]>
[2025-08-18T18:39:07.662+0000] {taskinstance.py:2303} INFO - Starting attempt 1 of 4
[2025-08-18T18:39:07.763+0000] {taskinstance.py:2327} INFO - Executing <Task(BashOperator): run_q_09_seasonal_launch> on 2025-08-18 18:32:36.272789+00:00
[2025-08-18T18:39:07.802+0000] {standard_task_runner.py:63} INFO - Started process 11002 to run task
[2025-08-18T18:39:07.826+0000] {standard_task_runner.py:90} INFO - Running: ['***', 'tasks', 'run', 'youtube_pipeline_batch_data', 'run_q_09_seasonal_launch', 'manual__2025-08-18T18:32:36.272789+00:00', '--job-id', '518', '--raw', '--subdir', 'DAGS_FOLDER/youtube_pipeline.py', '--cfg-path', '/tmp/tmpzdva22za']
[2025-08-18T18:39:07.836+0000] {standard_task_runner.py:91} INFO - Job 518: Subtask run_q_09_seasonal_launch
[2025-08-18T18:39:08.237+0000] {task_command.py:426} INFO - Running <TaskInstance: youtube_pipeline_batch_data.run_q_09_seasonal_launch manual__2025-08-18T18:32:36.272789+00:00 [running]> on host 47205959681c
[2025-08-18T18:39:09.284+0000] {taskinstance.py:2644} INFO - Exporting env vars: AIRFLOW_CTX_DAG_OWNER='***' AIRFLOW_CTX_DAG_ID='youtube_pipeline_batch_data' AIRFLOW_CTX_TASK_ID='run_q_09_seasonal_launch' AIRFLOW_CTX_EXECUTION_DATE='2025-08-18T18:32:36.272789+00:00' AIRFLOW_CTX_TRY_NUMBER='1' AIRFLOW_CTX_DAG_RUN_ID='manual__2025-08-18T18:32:36.272789+00:00'
[2025-08-18T18:39:09.295+0000] {taskinstance.py:430} INFO - ::endgroup::
[2025-08-18T18:39:09.516+0000] {subprocess.py:63} INFO - Tmp dir root location: /tmp
[2025-08-18T18:39:09.524+0000] {subprocess.py:75} INFO - Running command: ['/usr/bin/bash', '-c', 'PGPASSWORD=citus psql -h citus_coordinator -U citus -d youtube_dw -f /opt/***/sql/q_09_seasonal_launch.sql']
[2025-08-18T18:39:09.606+0000] {subprocess.py:86} INFO - Output:
[2025-08-18T18:39:09.892+0000] {subprocess.py:93} INFO - CREATE VIEW
[2025-08-18T18:39:09.894+0000] {subprocess.py:97} INFO - Command exited with return code 0
[2025-08-18T18:39:09.895+0000] {taskinstance.py:441} INFO - ::group::Post task execution logs
[2025-08-18T18:39:09.967+0000] {taskinstance.py:1205} INFO - Marking task as SUCCESS. dag_id=youtube_pipeline_batch_data, task_id=run_q_09_seasonal_launch, execution_date=20250818T183236, start_date=20250818T183907, end_date=20250818T183909
[2025-08-18T18:39:10.055+0000] {local_task_job_runner.py:240} INFO - Task exited with return code 0
[2025-08-18T18:39:10.210+0000] {taskinstance.py:3482} INFO - 0 downstream tasks scheduled from follow-on schedule check
[2025-08-18T18:39:10.214+0000] {local_task_job_runner.py:222} INFO - ::endgroup::
