[2025-08-19T09:42:04.622+0000] {local_task_job_runner.py:120} INFO - ::group::Pre task execution logs
[2025-08-19T09:42:04.737+0000] {taskinstance.py:2073} INFO - Dependencies all met for dep_context=non-requeueable deps ti=<TaskInstance: youtube_pipeline_batch_data.golden_to_star manual__2025-08-19T09:11:13.644608+00:00 [queued]>
[2025-08-19T09:42:04.784+0000] {taskinstance.py:2073} INFO - Dependencies all met for dep_context=requeueable deps ti=<TaskInstance: youtube_pipeline_batch_data.golden_to_star manual__2025-08-19T09:11:13.644608+00:00 [queued]>
[2025-08-19T09:42:04.786+0000] {taskinstance.py:2303} INFO - Starting attempt 1 of 4
[2025-08-19T09:42:04.868+0000] {taskinstance.py:2327} INFO - Executing <Task(BashOperator): golden_to_star> on 2025-08-19 09:11:13.644608+00:00
[2025-08-19T09:42:04.895+0000] {standard_task_runner.py:63} INFO - Started process 2688 to run task
[2025-08-19T09:42:04.909+0000] {standard_task_runner.py:90} INFO - Running: ['***', 'tasks', 'run', 'youtube_pipeline_batch_data', 'golden_to_star', 'manual__2025-08-19T09:11:13.644608+00:00', '--job-id', '618', '--raw', '--subdir', 'DAGS_FOLDER/youtube_pipeline.py', '--cfg-path', '/tmp/tmpvyn5b7e5']
[2025-08-19T09:42:04.915+0000] {standard_task_runner.py:91} INFO - Job 618: Subtask golden_to_star
[2025-08-19T09:42:05.044+0000] {task_command.py:426} INFO - Running <TaskInstance: youtube_pipeline_batch_data.golden_to_star manual__2025-08-19T09:11:13.644608+00:00 [running]> on host 54bf3a3eaeab
[2025-08-19T09:42:05.478+0000] {taskinstance.py:2644} INFO - Exporting env vars: AIRFLOW_CTX_DAG_OWNER='***' AIRFLOW_CTX_DAG_ID='youtube_pipeline_batch_data' AIRFLOW_CTX_TASK_ID='golden_to_star' AIRFLOW_CTX_EXECUTION_DATE='2025-08-19T09:11:13.644608+00:00' AIRFLOW_CTX_TRY_NUMBER='1' AIRFLOW_CTX_DAG_RUN_ID='manual__2025-08-19T09:11:13.644608+00:00'
[2025-08-19T09:42:05.479+0000] {taskinstance.py:430} INFO - ::endgroup::
[2025-08-19T09:42:05.526+0000] {subprocess.py:63} INFO - Tmp dir root location: /tmp
[2025-08-19T09:42:05.527+0000] {subprocess.py:75} INFO - Running command: ['/usr/bin/bash', '-c', 'docker exec spark-master spark-submit --master spark://spark-master:7077 --deploy-mode client --packages org.postgresql:postgresql:42.6.0 /opt/***/jobs/star_schema/golden_to_star_citus.py']
[2025-08-19T09:42:05.546+0000] {subprocess.py:86} INFO - Output:
[2025-08-19T09:42:15.338+0000] {subprocess.py:93} INFO - :: loading settings :: url = jar:file:/opt/bitnami/spark/jars/ivy-2.5.1.jar!/org/apache/ivy/core/settings/ivysettings.xml
[2025-08-19T09:42:15.517+0000] {subprocess.py:93} INFO - Ivy Default Cache set to: /opt/bitnami/spark/.ivy2/cache
[2025-08-19T09:42:15.519+0000] {subprocess.py:93} INFO - The jars for the packages stored in: /opt/bitnami/spark/.ivy2/jars
[2025-08-19T09:42:15.524+0000] {subprocess.py:93} INFO - org.postgresql#postgresql added as a dependency
[2025-08-19T09:42:15.526+0000] {subprocess.py:93} INFO - :: resolving dependencies :: org.apache.spark#spark-submit-parent-c4a02f1e-a6b6-45bd-b7cb-b70e3b22a708;1.0
[2025-08-19T09:42:15.527+0000] {subprocess.py:93} INFO - 	confs: [default]
[2025-08-19T09:42:15.850+0000] {subprocess.py:93} INFO - 	found org.postgresql#postgresql;42.6.0 in central
[2025-08-19T09:42:15.945+0000] {subprocess.py:93} INFO - 	found org.checkerframework#checker-qual;3.31.0 in central
[2025-08-19T09:42:16.012+0000] {subprocess.py:93} INFO - :: resolution report :: resolve 471ms :: artifacts dl 15ms
[2025-08-19T09:42:16.014+0000] {subprocess.py:93} INFO - 	:: modules in use:
[2025-08-19T09:42:16.015+0000] {subprocess.py:93} INFO - 	org.checkerframework#checker-qual;3.31.0 from central in [default]
[2025-08-19T09:42:16.016+0000] {subprocess.py:93} INFO - 	org.postgresql#postgresql;42.6.0 from central in [default]
[2025-08-19T09:42:16.017+0000] {subprocess.py:93} INFO - 	---------------------------------------------------------------------
[2025-08-19T09:42:16.018+0000] {subprocess.py:93} INFO - 	|                  |            modules            ||   artifacts   |
[2025-08-19T09:42:16.020+0000] {subprocess.py:93} INFO - 	|       conf       | number| search|dwnlded|evicted|| number|dwnlded|
[2025-08-19T09:42:16.021+0000] {subprocess.py:93} INFO - 	---------------------------------------------------------------------
[2025-08-19T09:42:16.022+0000] {subprocess.py:93} INFO - 	|      default     |   2   |   0   |   0   |   0   ||   2   |   0   |
[2025-08-19T09:42:16.023+0000] {subprocess.py:93} INFO - 	---------------------------------------------------------------------
[2025-08-19T09:42:16.028+0000] {subprocess.py:93} INFO - :: retrieving :: org.apache.spark#spark-submit-parent-c4a02f1e-a6b6-45bd-b7cb-b70e3b22a708
[2025-08-19T09:42:16.030+0000] {subprocess.py:93} INFO - 	confs: [default]
[2025-08-19T09:42:16.042+0000] {subprocess.py:93} INFO - 	0 artifacts copied, 2 already retrieved (0kB/11ms)
[2025-08-19T09:42:16.640+0000] {subprocess.py:93} INFO - 25/08/19 09:42:16 WARN NativeCodeLoader: Unable to load native-hadoop library for your platform... using builtin-java classes where applicable
[2025-08-19T09:42:19.835+0000] {subprocess.py:93} INFO - 25/08/19 09:42:19 INFO SparkContext: Running Spark version 3.5.1
[2025-08-19T09:42:19.842+0000] {subprocess.py:93} INFO - 25/08/19 09:42:19 INFO SparkContext: OS info Linux, 6.11.0-29-generic, amd64
[2025-08-19T09:42:19.849+0000] {subprocess.py:93} INFO - 25/08/19 09:42:19 INFO SparkContext: Java version 17.0.12
[2025-08-19T09:42:20.111+0000] {subprocess.py:93} INFO - 25/08/19 09:42:20 INFO ResourceUtils: ==============================================================
[2025-08-19T09:42:20.114+0000] {subprocess.py:93} INFO - 25/08/19 09:42:20 INFO ResourceUtils: No custom resources configured for spark.driver.
[2025-08-19T09:42:20.119+0000] {subprocess.py:93} INFO - 25/08/19 09:42:20 INFO ResourceUtils: ==============================================================
[2025-08-19T09:42:20.136+0000] {subprocess.py:93} INFO - 25/08/19 09:42:20 INFO SparkContext: Submitted application: Golden to Star Schema in Citus
[2025-08-19T09:42:20.605+0000] {subprocess.py:93} INFO - 25/08/19 09:42:20 INFO ResourceProfile: Default ResourceProfile created, executor resources: Map(memory -> name: memory, amount: 1024, script: , vendor: , offHeap -> name: offHeap, amount: 0, script: , vendor: ), task resources: Map(cpus -> name: cpus, amount: 1.0)
[2025-08-19T09:42:20.771+0000] {subprocess.py:93} INFO - 25/08/19 09:42:20 INFO ResourceProfile: Limiting resource is cpu
[2025-08-19T09:42:20.792+0000] {subprocess.py:93} INFO - 25/08/19 09:42:20 INFO ResourceProfileManager: Added ResourceProfile id: 0
[2025-08-19T09:42:21.447+0000] {subprocess.py:93} INFO - 25/08/19 09:42:21 INFO SecurityManager: Changing view acls to: spark
[2025-08-19T09:42:21.462+0000] {subprocess.py:93} INFO - 25/08/19 09:42:21 INFO SecurityManager: Changing modify acls to: spark
[2025-08-19T09:42:21.465+0000] {subprocess.py:93} INFO - 25/08/19 09:42:21 INFO SecurityManager: Changing view acls groups to:
[2025-08-19T09:42:21.466+0000] {subprocess.py:93} INFO - 25/08/19 09:42:21 INFO SecurityManager: Changing modify acls groups to:
[2025-08-19T09:42:21.469+0000] {subprocess.py:93} INFO - 25/08/19 09:42:21 INFO SecurityManager: SecurityManager: authentication disabled; ui acls disabled; users with view permissions: spark; groups with view permissions: EMPTY; users with modify permissions: spark; groups with modify permissions: EMPTY
[2025-08-19T09:42:23.020+0000] {subprocess.py:93} INFO - 25/08/19 09:42:22 INFO Utils: Successfully started service 'sparkDriver' on port 38517.
[2025-08-19T09:42:23.226+0000] {subprocess.py:93} INFO - 25/08/19 09:42:23 INFO SparkEnv: Registering MapOutputTracker
[2025-08-19T09:42:23.551+0000] {subprocess.py:93} INFO - 25/08/19 09:42:23 INFO SparkEnv: Registering BlockManagerMaster
[2025-08-19T09:42:23.717+0000] {subprocess.py:93} INFO - 25/08/19 09:42:23 INFO BlockManagerMasterEndpoint: Using org.apache.spark.storage.DefaultTopologyMapper for getting topology information
[2025-08-19T09:42:23.726+0000] {subprocess.py:93} INFO - 25/08/19 09:42:23 INFO BlockManagerMasterEndpoint: BlockManagerMasterEndpoint up
[2025-08-19T09:42:23.771+0000] {subprocess.py:93} INFO - 25/08/19 09:42:23 INFO SparkEnv: Registering BlockManagerMasterHeartbeat
[2025-08-19T09:42:23.908+0000] {subprocess.py:93} INFO - 25/08/19 09:42:23 INFO DiskBlockManager: Created local directory at /tmp/blockmgr-230aa254-390b-4503-b28d-a4778219792e
[2025-08-19T09:42:24.184+0000] {subprocess.py:93} INFO - 25/08/19 09:42:24 INFO MemoryStore: MemoryStore started with capacity 434.4 MiB
[2025-08-19T09:42:24.380+0000] {subprocess.py:93} INFO - 25/08/19 09:42:24 INFO SparkEnv: Registering OutputCommitCoordinator
[2025-08-19T09:42:25.032+0000] {subprocess.py:93} INFO - 25/08/19 09:42:25 INFO JettyUtils: Start Jetty 0.0.0.0:4040 for SparkUI
[2025-08-19T09:42:25.374+0000] {subprocess.py:93} INFO - 25/08/19 09:42:25 WARN Utils: Service 'SparkUI' could not bind on port 4040. Attempting port 4041.
[2025-08-19T09:42:25.385+0000] {subprocess.py:93} INFO - 25/08/19 09:42:25 WARN Utils: Service 'SparkUI' could not bind on port 4041. Attempting port 4042.
[2025-08-19T09:42:25.481+0000] {subprocess.py:93} INFO - 25/08/19 09:42:25 INFO Utils: Successfully started service 'SparkUI' on port 4042.
[2025-08-19T09:42:25.756+0000] {subprocess.py:93} INFO - 25/08/19 09:42:25 INFO SparkContext: Added JAR file:///opt/bitnami/spark/.ivy2/jars/org.postgresql_postgresql-42.6.0.jar at spark://b208641feb52:38517/jars/org.postgresql_postgresql-42.6.0.jar with timestamp 1755596539745
[2025-08-19T09:42:25.758+0000] {subprocess.py:93} INFO - 25/08/19 09:42:25 INFO SparkContext: Added JAR file:///opt/bitnami/spark/.ivy2/jars/org.checkerframework_checker-qual-3.31.0.jar at spark://b208641feb52:38517/jars/org.checkerframework_checker-qual-3.31.0.jar with timestamp 1755596539745
[2025-08-19T09:42:25.761+0000] {subprocess.py:93} INFO - 25/08/19 09:42:25 INFO SparkContext: Added file file:///opt/bitnami/spark/.ivy2/jars/org.postgresql_postgresql-42.6.0.jar at spark://b208641feb52:38517/files/org.postgresql_postgresql-42.6.0.jar with timestamp 1755596539745
[2025-08-19T09:42:25.763+0000] {subprocess.py:93} INFO - 25/08/19 09:42:25 INFO Utils: Copying /opt/bitnami/spark/.ivy2/jars/org.postgresql_postgresql-42.6.0.jar to /tmp/spark-c6393af8-e462-4f67-936d-b4e0b6890c65/userFiles-1575e057-6327-48a0-b50e-06c4735bf1f0/org.postgresql_postgresql-42.6.0.jar
[2025-08-19T09:42:25.782+0000] {subprocess.py:93} INFO - 25/08/19 09:42:25 INFO SparkContext: Added file file:///opt/bitnami/spark/.ivy2/jars/org.checkerframework_checker-qual-3.31.0.jar at spark://b208641feb52:38517/files/org.checkerframework_checker-qual-3.31.0.jar with timestamp 1755596539745
[2025-08-19T09:42:25.784+0000] {subprocess.py:93} INFO - 25/08/19 09:42:25 INFO Utils: Copying /opt/bitnami/spark/.ivy2/jars/org.checkerframework_checker-qual-3.31.0.jar to /tmp/spark-c6393af8-e462-4f67-936d-b4e0b6890c65/userFiles-1575e057-6327-48a0-b50e-06c4735bf1f0/org.checkerframework_checker-qual-3.31.0.jar
[2025-08-19T09:42:26.591+0000] {subprocess.py:93} INFO - 25/08/19 09:42:26 INFO StandaloneAppClient$ClientEndpoint: Connecting to master spark://spark-master:7077...
[2025-08-19T09:42:26.915+0000] {subprocess.py:93} INFO - 25/08/19 09:42:26 INFO TransportClientFactory: Successfully created connection to spark-master/172.18.0.4:7077 after 195 ms (0 ms spent in bootstraps)
[2025-08-19T09:42:27.675+0000] {subprocess.py:93} INFO - 25/08/19 09:42:27 INFO StandaloneSchedulerBackend: Connected to Spark cluster with app ID app-20250819094227-0022
[2025-08-19T09:42:27.740+0000] {subprocess.py:93} INFO - 25/08/19 09:42:27 INFO Utils: Successfully started service 'org.apache.spark.network.netty.NettyBlockTransferService' on port 44441.
[2025-08-19T09:42:27.743+0000] {subprocess.py:93} INFO - 25/08/19 09:42:27 INFO NettyBlockTransferService: Server created on b208641feb52:44441
[2025-08-19T09:42:27.749+0000] {subprocess.py:93} INFO - 25/08/19 09:42:27 INFO BlockManager: Using org.apache.spark.storage.RandomBlockReplicationPolicy for block replication policy
[2025-08-19T09:42:27.791+0000] {subprocess.py:93} INFO - 25/08/19 09:42:27 INFO BlockManagerMaster: Registering BlockManager BlockManagerId(driver, b208641feb52, 44441, None)
[2025-08-19T09:42:27.835+0000] {subprocess.py:93} INFO - 25/08/19 09:42:27 INFO BlockManagerMasterEndpoint: Registering block manager b208641feb52:44441 with 434.4 MiB RAM, BlockManagerId(driver, b208641feb52, 44441, None)
[2025-08-19T09:42:27.861+0000] {subprocess.py:93} INFO - 25/08/19 09:42:27 INFO BlockManagerMaster: Registered BlockManager BlockManagerId(driver, b208641feb52, 44441, None)
[2025-08-19T09:42:27.869+0000] {subprocess.py:93} INFO - 25/08/19 09:42:27 INFO BlockManager: Initialized BlockManager: BlockManagerId(driver, b208641feb52, 44441, None)
[2025-08-19T09:42:28.847+0000] {subprocess.py:93} INFO - 25/08/19 09:42:28 INFO StandaloneSchedulerBackend: SchedulerBackend is ready for scheduling beginning after reached minRegisteredResourcesRatio: 0.0
[2025-08-19T09:42:29.850+0000] {subprocess.py:93} INFO - 25/08/19 09:42:29 INFO SharedState: Setting hive.metastore.warehouse.dir ('null') to the value of spark.sql.warehouse.dir.
[2025-08-19T09:42:29.865+0000] {subprocess.py:93} INFO - 25/08/19 09:42:29 INFO SharedState: Warehouse path is 'file:/opt/bitnami/spark/spark-warehouse'.
[2025-08-19T09:42:37.063+0000] {subprocess.py:93} INFO - 25/08/19 09:42:37 INFO InMemoryFileIndex: It took 421 ms to list leaf files for 1 paths.
[2025-08-19T09:42:40.147+0000] {subprocess.py:93} INFO - 25/08/19 09:42:40 INFO SparkContext: Starting job: parquet at NativeMethodAccessorImpl.java:0
[2025-08-19T09:42:40.334+0000] {subprocess.py:93} INFO - 25/08/19 09:42:40 INFO DAGScheduler: Got job 0 (parquet at NativeMethodAccessorImpl.java:0) with 1 output partitions
[2025-08-19T09:42:40.357+0000] {subprocess.py:93} INFO - 25/08/19 09:42:40 INFO DAGScheduler: Final stage: ResultStage 0 (parquet at NativeMethodAccessorImpl.java:0)
[2025-08-19T09:42:40.358+0000] {subprocess.py:93} INFO - 25/08/19 09:42:40 INFO DAGScheduler: Parents of final stage: List()
[2025-08-19T09:42:40.361+0000] {subprocess.py:93} INFO - 25/08/19 09:42:40 INFO DAGScheduler: Missing parents: List()
[2025-08-19T09:42:40.386+0000] {subprocess.py:93} INFO - 25/08/19 09:42:40 INFO DAGScheduler: Submitting ResultStage 0 (MapPartitionsRDD[1] at parquet at NativeMethodAccessorImpl.java:0), which has no missing parents
[2025-08-19T09:42:40.730+0000] {subprocess.py:93} INFO - 25/08/19 09:42:40 INFO MemoryStore: Block broadcast_0 stored as values in memory (estimated size 104.5 KiB, free 434.3 MiB)
[2025-08-19T09:42:40.783+0000] {subprocess.py:93} INFO - 25/08/19 09:42:40 INFO MemoryStore: Block broadcast_0_piece0 stored as bytes in memory (estimated size 37.8 KiB, free 434.3 MiB)
[2025-08-19T09:42:40.790+0000] {subprocess.py:93} INFO - 25/08/19 09:42:40 INFO BlockManagerInfo: Added broadcast_0_piece0 in memory on b208641feb52:44441 (size: 37.8 KiB, free: 434.4 MiB)
[2025-08-19T09:42:40.831+0000] {subprocess.py:93} INFO - 25/08/19 09:42:40 INFO SparkContext: Created broadcast 0 from broadcast at DAGScheduler.scala:1585
[2025-08-19T09:42:40.948+0000] {subprocess.py:93} INFO - 25/08/19 09:42:40 INFO DAGScheduler: Submitting 1 missing tasks from ResultStage 0 (MapPartitionsRDD[1] at parquet at NativeMethodAccessorImpl.java:0) (first 15 tasks are for partitions Vector(0))
[2025-08-19T09:42:40.959+0000] {subprocess.py:93} INFO - 25/08/19 09:42:40 INFO TaskSchedulerImpl: Adding task set 0.0 with 1 tasks resource profile 0
[2025-08-19T09:42:56.025+0000] {subprocess.py:93} INFO - 25/08/19 09:42:56 WARN TaskSchedulerImpl: Initial job has not accepted any resources; check your cluster UI to ensure that workers are registered and have sufficient resources
[2025-08-19T09:43:11.022+0000] {subprocess.py:93} INFO - 25/08/19 09:43:11 WARN TaskSchedulerImpl: Initial job has not accepted any resources; check your cluster UI to ensure that workers are registered and have sufficient resources
[2025-08-19T09:43:26.025+0000] {subprocess.py:93} INFO - 25/08/19 09:43:26 WARN TaskSchedulerImpl: Initial job has not accepted any resources; check your cluster UI to ensure that workers are registered and have sufficient resources
[2025-08-19T09:43:41.023+0000] {subprocess.py:93} INFO - 25/08/19 09:43:41 WARN TaskSchedulerImpl: Initial job has not accepted any resources; check your cluster UI to ensure that workers are registered and have sufficient resources
[2025-08-19T09:43:56.028+0000] {subprocess.py:93} INFO - 25/08/19 09:43:56 WARN TaskSchedulerImpl: Initial job has not accepted any resources; check your cluster UI to ensure that workers are registered and have sufficient resources
[2025-08-19T09:44:11.022+0000] {subprocess.py:93} INFO - 25/08/19 09:44:11 WARN TaskSchedulerImpl: Initial job has not accepted any resources; check your cluster UI to ensure that workers are registered and have sufficient resources
[2025-08-19T09:44:26.025+0000] {subprocess.py:93} INFO - 25/08/19 09:44:26 WARN TaskSchedulerImpl: Initial job has not accepted any resources; check your cluster UI to ensure that workers are registered and have sufficient resources
[2025-08-19T09:44:41.039+0000] {subprocess.py:93} INFO - 25/08/19 09:44:41 WARN TaskSchedulerImpl: Initial job has not accepted any resources; check your cluster UI to ensure that workers are registered and have sufficient resources
[2025-08-19T09:44:56.025+0000] {subprocess.py:93} INFO - 25/08/19 09:44:56 WARN TaskSchedulerImpl: Initial job has not accepted any resources; check your cluster UI to ensure that workers are registered and have sufficient resources
[2025-08-19T09:45:11.023+0000] {subprocess.py:93} INFO - 25/08/19 09:45:11 WARN TaskSchedulerImpl: Initial job has not accepted any resources; check your cluster UI to ensure that workers are registered and have sufficient resources
[2025-08-19T09:45:26.024+0000] {subprocess.py:93} INFO - 25/08/19 09:45:26 WARN TaskSchedulerImpl: Initial job has not accepted any resources; check your cluster UI to ensure that workers are registered and have sufficient resources
[2025-08-19T09:45:41.027+0000] {subprocess.py:93} INFO - 25/08/19 09:45:41 WARN TaskSchedulerImpl: Initial job has not accepted any resources; check your cluster UI to ensure that workers are registered and have sufficient resources
[2025-08-19T09:45:56.033+0000] {subprocess.py:93} INFO - 25/08/19 09:45:56 WARN TaskSchedulerImpl: Initial job has not accepted any resources; check your cluster UI to ensure that workers are registered and have sufficient resources
[2025-08-19T09:46:11.025+0000] {subprocess.py:93} INFO - 25/08/19 09:46:11 WARN TaskSchedulerImpl: Initial job has not accepted any resources; check your cluster UI to ensure that workers are registered and have sufficient resources
[2025-08-19T09:46:26.022+0000] {subprocess.py:93} INFO - 25/08/19 09:46:26 WARN TaskSchedulerImpl: Initial job has not accepted any resources; check your cluster UI to ensure that workers are registered and have sufficient resources
[2025-08-19T09:46:41.027+0000] {subprocess.py:93} INFO - 25/08/19 09:46:41 WARN TaskSchedulerImpl: Initial job has not accepted any resources; check your cluster UI to ensure that workers are registered and have sufficient resources
[2025-08-19T09:46:56.023+0000] {subprocess.py:93} INFO - 25/08/19 09:46:56 WARN TaskSchedulerImpl: Initial job has not accepted any resources; check your cluster UI to ensure that workers are registered and have sufficient resources
[2025-08-19T09:47:11.024+0000] {subprocess.py:93} INFO - 25/08/19 09:47:11 WARN TaskSchedulerImpl: Initial job has not accepted any resources; check your cluster UI to ensure that workers are registered and have sufficient resources
[2025-08-19T09:47:26.038+0000] {subprocess.py:93} INFO - 25/08/19 09:47:26 WARN TaskSchedulerImpl: Initial job has not accepted any resources; check your cluster UI to ensure that workers are registered and have sufficient resources
[2025-08-19T09:47:41.023+0000] {subprocess.py:93} INFO - 25/08/19 09:47:41 WARN TaskSchedulerImpl: Initial job has not accepted any resources; check your cluster UI to ensure that workers are registered and have sufficient resources
[2025-08-19T09:47:56.030+0000] {subprocess.py:93} INFO - 25/08/19 09:47:56 WARN TaskSchedulerImpl: Initial job has not accepted any resources; check your cluster UI to ensure that workers are registered and have sufficient resources
[2025-08-19T09:48:11.024+0000] {subprocess.py:93} INFO - 25/08/19 09:48:11 WARN TaskSchedulerImpl: Initial job has not accepted any resources; check your cluster UI to ensure that workers are registered and have sufficient resources
[2025-08-19T09:48:26.030+0000] {subprocess.py:93} INFO - 25/08/19 09:48:26 WARN TaskSchedulerImpl: Initial job has not accepted any resources; check your cluster UI to ensure that workers are registered and have sufficient resources
[2025-08-19T09:48:41.022+0000] {subprocess.py:93} INFO - 25/08/19 09:48:41 WARN TaskSchedulerImpl: Initial job has not accepted any resources; check your cluster UI to ensure that workers are registered and have sufficient resources
[2025-08-19T09:48:42.830+0000] {subprocess.py:93} INFO - 25/08/19 09:48:42 INFO StandaloneAppClient$ClientEndpoint: Executor added: app-20250819094227-0022/0 on worker-20250819090904-172.18.0.12-34859 (172.18.0.12:34859) with 4 core(s)
[2025-08-19T09:48:42.871+0000] {subprocess.py:93} INFO - 25/08/19 09:48:42 INFO StandaloneSchedulerBackend: Granted executor ID app-20250819094227-0022/0 on hostPort 172.18.0.12:34859 with 4 core(s), 1024.0 MiB RAM
[2025-08-19T09:48:42.874+0000] {subprocess.py:93} INFO - 25/08/19 09:48:42 INFO StandaloneAppClient$ClientEndpoint: Executor added: app-20250819094227-0022/1 on worker-20250819090904-172.18.0.17-46791 (172.18.0.17:46791) with 4 core(s)
[2025-08-19T09:48:42.879+0000] {subprocess.py:93} INFO - 25/08/19 09:48:42 INFO StandaloneSchedulerBackend: Granted executor ID app-20250819094227-0022/1 on hostPort 172.18.0.17:46791 with 4 core(s), 1024.0 MiB RAM
[2025-08-19T09:48:42.891+0000] {subprocess.py:93} INFO - 25/08/19 09:48:42 INFO StandaloneAppClient$ClientEndpoint: Executor added: app-20250819094227-0022/2 on worker-20250819090906-172.18.0.16-36117 (172.18.0.16:36117) with 4 core(s)
[2025-08-19T09:48:42.931+0000] {subprocess.py:93} INFO - 25/08/19 09:48:42 INFO StandaloneSchedulerBackend: Granted executor ID app-20250819094227-0022/2 on hostPort 172.18.0.16:36117 with 4 core(s), 1024.0 MiB RAM
[2025-08-19T09:48:43.347+0000] {subprocess.py:93} INFO - 25/08/19 09:48:43 INFO StandaloneAppClient$ClientEndpoint: Executor updated: app-20250819094227-0022/1 is now RUNNING
[2025-08-19T09:48:43.362+0000] {subprocess.py:93} INFO - 25/08/19 09:48:43 INFO StandaloneAppClient$ClientEndpoint: Executor updated: app-20250819094227-0022/0 is now RUNNING
[2025-08-19T09:48:43.396+0000] {subprocess.py:93} INFO - 25/08/19 09:48:43 INFO StandaloneAppClient$ClientEndpoint: Executor updated: app-20250819094227-0022/2 is now RUNNING
[2025-08-19T09:48:56.027+0000] {subprocess.py:93} INFO - 25/08/19 09:48:56 WARN TaskSchedulerImpl: Initial job has not accepted any resources; check your cluster UI to ensure that workers are registered and have sufficient resources
[2025-08-19T09:48:57.913+0000] {subprocess.py:93} INFO - 25/08/19 09:48:57 INFO StandaloneSchedulerBackend$StandaloneDriverEndpoint: Registered executor NettyRpcEndpointRef(spark-client://Executor) (172.18.0.12:60340) with ID 0,  ResourceProfileId 0
[2025-08-19T09:48:58.238+0000] {subprocess.py:93} INFO - 25/08/19 09:48:58 INFO BlockManagerMasterEndpoint: Registering block manager 172.18.0.12:42101 with 434.4 MiB RAM, BlockManagerId(0, 172.18.0.12, 42101, None)
[2025-08-19T09:48:58.666+0000] {subprocess.py:93} INFO - 25/08/19 09:48:58 INFO StandaloneSchedulerBackend$StandaloneDriverEndpoint: Registered executor NettyRpcEndpointRef(spark-client://Executor) (172.18.0.16:43296) with ID 2,  ResourceProfileId 0
[2025-08-19T09:48:58.677+0000] {subprocess.py:93} INFO - 25/08/19 09:48:58 INFO StandaloneSchedulerBackend$StandaloneDriverEndpoint: Registered executor NettyRpcEndpointRef(spark-client://Executor) (172.18.0.17:40118) with ID 1,  ResourceProfileId 0
[2025-08-19T09:48:59.135+0000] {subprocess.py:93} INFO - 25/08/19 09:48:59 INFO BlockManagerMasterEndpoint: Registering block manager 172.18.0.17:37171 with 434.4 MiB RAM, BlockManagerId(1, 172.18.0.17, 37171, None)
[2025-08-19T09:48:59.136+0000] {subprocess.py:93} INFO - 25/08/19 09:48:59 INFO TaskSetManager: Starting task 0.0 in stage 0.0 (TID 0) (172.18.0.12, executor 0, partition 0, PROCESS_LOCAL, 8106 bytes)
[2025-08-19T09:48:59.360+0000] {subprocess.py:93} INFO - 25/08/19 09:48:59 INFO BlockManagerMasterEndpoint: Registering block manager 172.18.0.16:40703 with 434.4 MiB RAM, BlockManagerId(2, 172.18.0.16, 40703, None)
[2025-08-19T09:49:00.380+0000] {subprocess.py:93} INFO - 25/08/19 09:49:00 INFO BlockManagerInfo: Added broadcast_0_piece0 in memory on 172.18.0.12:42101 (size: 37.8 KiB, free: 434.4 MiB)
[2025-08-19T09:49:01.633+0000] {subprocess.py:93} INFO - 25/08/19 09:49:01 INFO TaskSetManager: Finished task 0.0 in stage 0.0 (TID 0) in 2603 ms on 172.18.0.12 (executor 0) (1/1)
[2025-08-19T09:49:01.639+0000] {subprocess.py:93} INFO - 25/08/19 09:49:01 INFO TaskSchedulerImpl: Removed TaskSet 0.0, whose tasks have all completed, from pool
[2025-08-19T09:49:01.647+0000] {subprocess.py:93} INFO - 25/08/19 09:49:01 INFO DAGScheduler: ResultStage 0 (parquet at NativeMethodAccessorImpl.java:0) finished in 381.108 s
[2025-08-19T09:49:01.653+0000] {subprocess.py:93} INFO - 25/08/19 09:49:01 INFO DAGScheduler: Job 0 is finished. Cancelling potential speculative or zombie tasks for this job
[2025-08-19T09:49:01.656+0000] {subprocess.py:93} INFO - 25/08/19 09:49:01 INFO TaskSchedulerImpl: Killing all running tasks in stage 0: Stage finished
[2025-08-19T09:49:01.659+0000] {subprocess.py:93} INFO - 25/08/19 09:49:01 INFO DAGScheduler: Job 0 finished: parquet at NativeMethodAccessorImpl.java:0, took 381.479318 s
[2025-08-19T09:49:02.033+0000] {subprocess.py:93} INFO - Traceback (most recent call last):
[2025-08-19T09:49:02.034+0000] {subprocess.py:93} INFO -   File "/opt/***/jobs/star_schema/golden_to_star_citus.py", line 33, in <module>
[2025-08-19T09:49:02.034+0000] {subprocess.py:93} INFO -     df = spark.read.parquet(golden_path)
[2025-08-19T09:49:02.035+0000] {subprocess.py:93} INFO -          ^^^^^^^^^^^^^^^^^^^^^^^^^^^^^^^
[2025-08-19T09:49:02.035+0000] {subprocess.py:93} INFO -   File "/opt/bitnami/spark/python/lib/pyspark.zip/pyspark/sql/readwriter.py", line 544, in parquet
[2025-08-19T09:49:02.035+0000] {subprocess.py:93} INFO -   File "/opt/bitnami/spark/python/lib/py4j-0.10.9.7-src.zip/py4j/java_gateway.py", line 1322, in __call__
[2025-08-19T09:49:02.036+0000] {subprocess.py:93} INFO -   File "/opt/bitnami/spark/python/lib/pyspark.zip/pyspark/errors/exceptions/captured.py", line 185, in deco
[2025-08-19T09:49:02.047+0000] {subprocess.py:93} INFO - pyspark.errors.exceptions.captured.AnalysisException: [UNABLE_TO_INFER_SCHEMA] Unable to infer schema for Parquet. It must be specified manually.
[2025-08-19T09:49:02.118+0000] {subprocess.py:93} INFO - 25/08/19 09:49:02 INFO SparkContext: Invoking stop() from shutdown hook
[2025-08-19T09:49:02.120+0000] {subprocess.py:93} INFO - 25/08/19 09:49:02 INFO SparkContext: SparkContext is stopping with exitCode 0.
[2025-08-19T09:49:02.133+0000] {subprocess.py:93} INFO - 25/08/19 09:49:02 INFO SparkUI: Stopped Spark web UI at http://b208641feb52:4042
[2025-08-19T09:49:02.139+0000] {subprocess.py:93} INFO - 25/08/19 09:49:02 INFO StandaloneSchedulerBackend: Shutting down all executors
[2025-08-19T09:49:02.141+0000] {subprocess.py:93} INFO - 25/08/19 09:49:02 INFO StandaloneSchedulerBackend$StandaloneDriverEndpoint: Asking each executor to shut down
[2025-08-19T09:49:02.216+0000] {subprocess.py:93} INFO - 25/08/19 09:49:02 INFO MapOutputTrackerMasterEndpoint: MapOutputTrackerMasterEndpoint stopped!
[2025-08-19T09:49:02.365+0000] {subprocess.py:93} INFO - 25/08/19 09:49:02 WARN Dispatcher: Message RemoteProcessDisconnected(172.18.0.12:60340) dropped. Could not find BlockManagerEndpoint1.
[2025-08-19T09:49:02.380+0000] {subprocess.py:93} INFO - 25/08/19 09:49:02 INFO MemoryStore: MemoryStore cleared
[2025-08-19T09:49:02.381+0000] {subprocess.py:93} INFO - 25/08/19 09:49:02 INFO BlockManager: BlockManager stopped
[2025-08-19T09:49:02.430+0000] {subprocess.py:93} INFO - 25/08/19 09:49:02 INFO BlockManagerMaster: BlockManagerMaster stopped
[2025-08-19T09:49:02.446+0000] {subprocess.py:93} INFO - 25/08/19 09:49:02 INFO OutputCommitCoordinator$OutputCommitCoordinatorEndpoint: OutputCommitCoordinator stopped!
[2025-08-19T09:49:02.505+0000] {subprocess.py:93} INFO - 25/08/19 09:49:02 INFO SparkContext: Successfully stopped SparkContext
[2025-08-19T09:49:02.507+0000] {subprocess.py:93} INFO - 25/08/19 09:49:02 INFO ShutdownHookManager: Shutdown hook called
[2025-08-19T09:49:02.513+0000] {subprocess.py:93} INFO - 25/08/19 09:49:02 INFO ShutdownHookManager: Deleting directory /tmp/spark-c6393af8-e462-4f67-936d-b4e0b6890c65
[2025-08-19T09:49:02.558+0000] {subprocess.py:93} INFO - 25/08/19 09:49:02 INFO ShutdownHookManager: Deleting directory /tmp/spark-c6393af8-e462-4f67-936d-b4e0b6890c65/pyspark-a920f5ac-528b-4af8-b045-db4c7b75e976
[2025-08-19T09:49:02.592+0000] {subprocess.py:93} INFO - 25/08/19 09:49:02 INFO ShutdownHookManager: Deleting directory /tmp/spark-5d83009a-f7d9-4b4f-9cca-c475bca84534
[2025-08-19T09:49:02.877+0000] {subprocess.py:97} INFO - Command exited with return code 1
[2025-08-19T09:49:02.878+0000] {taskinstance.py:441} INFO - ::group::Post task execution logs
[2025-08-19T09:49:02.952+0000] {taskinstance.py:2890} ERROR - Task failed with exception
Traceback (most recent call last):
  File "/home/airflow/.local/lib/python3.9/site-packages/airflow/models/taskinstance.py", line 465, in _execute_task
    result = _execute_callable(context=context, **execute_callable_kwargs)
  File "/home/airflow/.local/lib/python3.9/site-packages/airflow/models/taskinstance.py", line 432, in _execute_callable
    return execute_callable(context=context, **execute_callable_kwargs)
  File "/home/airflow/.local/lib/python3.9/site-packages/airflow/models/baseoperator.py", line 400, in wrapper
    return func(self, *args, **kwargs)
  File "/home/airflow/.local/lib/python3.9/site-packages/airflow/operators/bash.py", line 243, in execute
    raise AirflowException(
airflow.exceptions.AirflowException: Bash command failed. The command returned a non-zero exit code 1.
[2025-08-19T09:49:02.959+0000] {taskinstance.py:1205} INFO - Marking task as UP_FOR_RETRY. dag_id=youtube_pipeline_batch_data, task_id=golden_to_star, execution_date=20250819T091113, start_date=20250819T094204, end_date=20250819T094902
[2025-08-19T09:49:03.308+0000] {standard_task_runner.py:110} ERROR - Failed to execute job 618 for task golden_to_star (Bash command failed. The command returned a non-zero exit code 1.; 2688)
[2025-08-19T09:49:03.384+0000] {local_task_job_runner.py:240} INFO - Task exited with return code 1
[2025-08-19T09:49:03.466+0000] {taskinstance.py:3482} INFO - 0 downstream tasks scheduled from follow-on schedule check
[2025-08-19T09:49:03.480+0000] {local_task_job_runner.py:222} INFO - ::endgroup::
