[2025-08-17T19:23:31.631+0000] {local_task_job_runner.py:120} INFO - ::group::Pre task execution logs
[2025-08-17T19:23:31.977+0000] {taskinstance.py:2073} INFO - Dependencies all met for dep_context=non-requeueable deps ti=<TaskInstance: youtube_elt_dw_analytics.wait_raw_15 scheduled__2025-08-16T00:00:00+00:00 [queued]>
[2025-08-17T19:23:32.064+0000] {taskinstance.py:2073} INFO - Dependencies all met for dep_context=requeueable deps ti=<TaskInstance: youtube_elt_dw_analytics.wait_raw_15 scheduled__2025-08-16T00:00:00+00:00 [queued]>
[2025-08-17T19:23:32.065+0000] {taskinstance.py:2303} INFO - Starting attempt 1 of 3
[2025-08-17T19:23:32.237+0000] {taskinstance.py:2327} INFO - Executing <Task(BashOperator): wait_raw_15> on 2025-08-16 00:00:00+00:00
[2025-08-17T19:23:32.279+0000] {standard_task_runner.py:63} INFO - Started process 253 to run task
[2025-08-17T19:23:32.297+0000] {standard_task_runner.py:90} INFO - Running: ['***', 'tasks', 'run', 'youtube_elt_dw_analytics', 'wait_raw_15', 'scheduled__2025-08-16T00:00:00+00:00', '--job-id', '6', '--raw', '--subdir', 'DAGS_FOLDER/youtube_pipeline.py', '--cfg-path', '/tmp/tmp9094j8be']
[2025-08-17T19:23:32.308+0000] {standard_task_runner.py:91} INFO - Job 6: Subtask wait_raw_15
[2025-08-17T19:23:32.905+0000] {task_command.py:426} INFO - Running <TaskInstance: youtube_elt_dw_analytics.wait_raw_15 scheduled__2025-08-16T00:00:00+00:00 [running]> on host 545418c0948b
[2025-08-17T19:23:33.518+0000] {taskinstance.py:2644} INFO - Exporting env vars: AIRFLOW_CTX_DAG_OWNER='data-team' AIRFLOW_CTX_DAG_ID='youtube_elt_dw_analytics' AIRFLOW_CTX_TASK_ID='wait_raw_15' AIRFLOW_CTX_EXECUTION_DATE='2025-08-16T00:00:00+00:00' AIRFLOW_CTX_TRY_NUMBER='1' AIRFLOW_CTX_DAG_RUN_ID='scheduled__2025-08-16T00:00:00+00:00'
[2025-08-17T19:23:33.523+0000] {taskinstance.py:430} INFO - ::endgroup::
[2025-08-17T19:23:33.854+0000] {subprocess.py:63} INFO - Tmp dir root location: /tmp
[2025-08-17T19:23:33.870+0000] {subprocess.py:75} INFO - Running command: ['/usr/bin/bash', '-c', "\n            for i in {1..60}; do\n              hdfs dfs -test -e hdfs://namenode:9000/data/raw/FR_category_id.json && echo 'FOUND: hdfs://namenode:9000/data/raw/FR_category_id.json' && exit 0;\n              echo 'Waiting for hdfs://namenode:9000/data/raw/FR_category_id.json...';\n              sleep 10;\n            done;\n            echo 'TIMEOUT waiting hdfs://namenode:9000/data/raw/FR_category_id.json'; exit 1\n            "]
[2025-08-17T19:23:33.996+0000] {subprocess.py:86} INFO - Output:
[2025-08-17T19:23:34.010+0000] {subprocess.py:93} INFO - /usr/bin/bash: line 3: hdfs: command not found
[2025-08-17T19:23:34.010+0000] {subprocess.py:93} INFO - Waiting for hdfs://namenode:9000/data/raw/FR_category_id.json...
[2025-08-17T19:23:44.043+0000] {subprocess.py:93} INFO - /usr/bin/bash: line 3: hdfs: command not found
[2025-08-17T19:23:44.046+0000] {subprocess.py:93} INFO - Waiting for hdfs://namenode:9000/data/raw/FR_category_id.json...
[2025-08-17T19:23:54.056+0000] {subprocess.py:93} INFO - /usr/bin/bash: line 3: hdfs: command not found
[2025-08-17T19:23:54.056+0000] {subprocess.py:93} INFO - Waiting for hdfs://namenode:9000/data/raw/FR_category_id.json...
[2025-08-17T19:24:04.061+0000] {subprocess.py:93} INFO - /usr/bin/bash: line 3: hdfs: command not found
[2025-08-17T19:24:04.061+0000] {subprocess.py:93} INFO - Waiting for hdfs://namenode:9000/data/raw/FR_category_id.json...
[2025-08-17T19:24:14.067+0000] {subprocess.py:93} INFO - /usr/bin/bash: line 3: hdfs: command not found
[2025-08-17T19:24:14.071+0000] {subprocess.py:93} INFO - Waiting for hdfs://namenode:9000/data/raw/FR_category_id.json...
[2025-08-17T19:24:24.082+0000] {subprocess.py:93} INFO - /usr/bin/bash: line 3: hdfs: command not found
[2025-08-17T19:24:24.083+0000] {subprocess.py:93} INFO - Waiting for hdfs://namenode:9000/data/raw/FR_category_id.json...
[2025-08-17T19:24:34.087+0000] {subprocess.py:93} INFO - /usr/bin/bash: line 3: hdfs: command not found
[2025-08-17T19:24:34.088+0000] {subprocess.py:93} INFO - Waiting for hdfs://namenode:9000/data/raw/FR_category_id.json...
[2025-08-17T19:24:44.095+0000] {subprocess.py:93} INFO - /usr/bin/bash: line 3: hdfs: command not found
[2025-08-17T19:24:44.095+0000] {subprocess.py:93} INFO - Waiting for hdfs://namenode:9000/data/raw/FR_category_id.json...
[2025-08-17T19:24:54.098+0000] {subprocess.py:93} INFO - /usr/bin/bash: line 3: hdfs: command not found
[2025-08-17T19:24:54.099+0000] {subprocess.py:93} INFO - Waiting for hdfs://namenode:9000/data/raw/FR_category_id.json...
[2025-08-17T19:25:04.117+0000] {subprocess.py:93} INFO - /usr/bin/bash: line 3: hdfs: command not found
[2025-08-17T19:25:04.118+0000] {subprocess.py:93} INFO - Waiting for hdfs://namenode:9000/data/raw/FR_category_id.json...
[2025-08-17T19:25:14.128+0000] {subprocess.py:93} INFO - /usr/bin/bash: line 3: hdfs: command not found
[2025-08-17T19:25:14.129+0000] {subprocess.py:93} INFO - Waiting for hdfs://namenode:9000/data/raw/FR_category_id.json...
[2025-08-17T19:25:24.135+0000] {subprocess.py:93} INFO - /usr/bin/bash: line 3: hdfs: command not found
[2025-08-17T19:25:24.137+0000] {subprocess.py:93} INFO - Waiting for hdfs://namenode:9000/data/raw/FR_category_id.json...
[2025-08-17T19:25:34.147+0000] {subprocess.py:93} INFO - /usr/bin/bash: line 3: hdfs: command not found
[2025-08-17T19:25:34.148+0000] {subprocess.py:93} INFO - Waiting for hdfs://namenode:9000/data/raw/FR_category_id.json...
[2025-08-17T19:25:44.153+0000] {subprocess.py:93} INFO - /usr/bin/bash: line 3: hdfs: command not found
[2025-08-17T19:25:44.154+0000] {subprocess.py:93} INFO - Waiting for hdfs://namenode:9000/data/raw/FR_category_id.json...
[2025-08-17T19:25:54.158+0000] {subprocess.py:93} INFO - /usr/bin/bash: line 3: hdfs: command not found
[2025-08-17T19:25:54.160+0000] {subprocess.py:93} INFO - Waiting for hdfs://namenode:9000/data/raw/FR_category_id.json...
[2025-08-17T19:26:04.170+0000] {subprocess.py:93} INFO - /usr/bin/bash: line 3: hdfs: command not found
[2025-08-17T19:26:04.172+0000] {subprocess.py:93} INFO - Waiting for hdfs://namenode:9000/data/raw/FR_category_id.json...
[2025-08-17T19:26:14.181+0000] {subprocess.py:93} INFO - /usr/bin/bash: line 3: hdfs: command not found
[2025-08-17T19:26:14.182+0000] {subprocess.py:93} INFO - Waiting for hdfs://namenode:9000/data/raw/FR_category_id.json...
[2025-08-17T19:26:24.185+0000] {subprocess.py:93} INFO - /usr/bin/bash: line 3: hdfs: command not found
[2025-08-17T19:26:24.185+0000] {subprocess.py:93} INFO - Waiting for hdfs://namenode:9000/data/raw/FR_category_id.json...
[2025-08-17T19:26:34.192+0000] {subprocess.py:93} INFO - /usr/bin/bash: line 3: hdfs: command not found
[2025-08-17T19:26:34.193+0000] {subprocess.py:93} INFO - Waiting for hdfs://namenode:9000/data/raw/FR_category_id.json...
[2025-08-17T19:26:44.199+0000] {subprocess.py:93} INFO - /usr/bin/bash: line 3: hdfs: command not found
[2025-08-17T19:26:44.200+0000] {subprocess.py:93} INFO - Waiting for hdfs://namenode:9000/data/raw/FR_category_id.json...
[2025-08-17T19:26:54.211+0000] {subprocess.py:93} INFO - /usr/bin/bash: line 3: hdfs: command not found
[2025-08-17T19:26:54.213+0000] {subprocess.py:93} INFO - Waiting for hdfs://namenode:9000/data/raw/FR_category_id.json...
[2025-08-17T19:27:04.223+0000] {subprocess.py:93} INFO - /usr/bin/bash: line 3: hdfs: command not found
[2025-08-17T19:27:04.226+0000] {subprocess.py:93} INFO - Waiting for hdfs://namenode:9000/data/raw/FR_category_id.json...
[2025-08-17T19:27:14.232+0000] {subprocess.py:93} INFO - /usr/bin/bash: line 3: hdfs: command not found
[2025-08-17T19:27:14.234+0000] {subprocess.py:93} INFO - Waiting for hdfs://namenode:9000/data/raw/FR_category_id.json...
[2025-08-17T19:27:24.242+0000] {subprocess.py:93} INFO - /usr/bin/bash: line 3: hdfs: command not found
[2025-08-17T19:27:24.245+0000] {subprocess.py:93} INFO - Waiting for hdfs://namenode:9000/data/raw/FR_category_id.json...
[2025-08-17T19:27:34.258+0000] {subprocess.py:93} INFO - /usr/bin/bash: line 3: hdfs: command not found
[2025-08-17T19:27:34.260+0000] {subprocess.py:93} INFO - Waiting for hdfs://namenode:9000/data/raw/FR_category_id.json...
[2025-08-17T19:27:44.268+0000] {subprocess.py:93} INFO - /usr/bin/bash: line 3: hdfs: command not found
[2025-08-17T19:27:44.269+0000] {subprocess.py:93} INFO - Waiting for hdfs://namenode:9000/data/raw/FR_category_id.json...
[2025-08-17T19:27:54.274+0000] {subprocess.py:93} INFO - /usr/bin/bash: line 3: hdfs: command not found
[2025-08-17T19:27:54.275+0000] {subprocess.py:93} INFO - Waiting for hdfs://namenode:9000/data/raw/FR_category_id.json...
[2025-08-17T19:28:04.279+0000] {subprocess.py:93} INFO - /usr/bin/bash: line 3: hdfs: command not found
[2025-08-17T19:28:04.279+0000] {subprocess.py:93} INFO - Waiting for hdfs://namenode:9000/data/raw/FR_category_id.json...
[2025-08-17T19:28:14.282+0000] {subprocess.py:93} INFO - /usr/bin/bash: line 3: hdfs: command not found
[2025-08-17T19:28:14.283+0000] {subprocess.py:93} INFO - Waiting for hdfs://namenode:9000/data/raw/FR_category_id.json...
[2025-08-17T19:28:24.299+0000] {subprocess.py:93} INFO - /usr/bin/bash: line 3: hdfs: command not found
[2025-08-17T19:28:24.313+0000] {subprocess.py:93} INFO - Waiting for hdfs://namenode:9000/data/raw/FR_category_id.json...
[2025-08-17T19:28:34.328+0000] {subprocess.py:93} INFO - /usr/bin/bash: line 3: hdfs: command not found
[2025-08-17T19:28:34.329+0000] {subprocess.py:93} INFO - Waiting for hdfs://namenode:9000/data/raw/FR_category_id.json...
[2025-08-17T19:28:44.340+0000] {subprocess.py:93} INFO - /usr/bin/bash: line 3: hdfs: command not found
[2025-08-17T19:28:44.341+0000] {subprocess.py:93} INFO - Waiting for hdfs://namenode:9000/data/raw/FR_category_id.json...
[2025-08-17T19:28:54.347+0000] {subprocess.py:93} INFO - /usr/bin/bash: line 3: hdfs: command not found
[2025-08-17T19:28:54.347+0000] {subprocess.py:93} INFO - Waiting for hdfs://namenode:9000/data/raw/FR_category_id.json...
[2025-08-17T19:29:04.356+0000] {subprocess.py:93} INFO - /usr/bin/bash: line 3: hdfs: command not found
[2025-08-17T19:29:04.358+0000] {subprocess.py:93} INFO - Waiting for hdfs://namenode:9000/data/raw/FR_category_id.json...
[2025-08-17T19:29:14.368+0000] {subprocess.py:93} INFO - /usr/bin/bash: line 3: hdfs: command not found
[2025-08-17T19:29:14.369+0000] {subprocess.py:93} INFO - Waiting for hdfs://namenode:9000/data/raw/FR_category_id.json...
[2025-08-17T19:29:24.374+0000] {subprocess.py:93} INFO - /usr/bin/bash: line 3: hdfs: command not found
[2025-08-17T19:29:24.375+0000] {subprocess.py:93} INFO - Waiting for hdfs://namenode:9000/data/raw/FR_category_id.json...
[2025-08-17T19:29:34.379+0000] {subprocess.py:93} INFO - /usr/bin/bash: line 3: hdfs: command not found
[2025-08-17T19:29:34.379+0000] {subprocess.py:93} INFO - Waiting for hdfs://namenode:9000/data/raw/FR_category_id.json...
[2025-08-17T19:29:44.385+0000] {subprocess.py:93} INFO - /usr/bin/bash: line 3: hdfs: command not found
[2025-08-17T19:29:44.390+0000] {subprocess.py:93} INFO - Waiting for hdfs://namenode:9000/data/raw/FR_category_id.json...
[2025-08-17T19:29:54.408+0000] {subprocess.py:93} INFO - /usr/bin/bash: line 3: hdfs: command not found
[2025-08-17T19:29:54.412+0000] {subprocess.py:93} INFO - Waiting for hdfs://namenode:9000/data/raw/FR_category_id.json...
[2025-08-17T19:30:04.417+0000] {subprocess.py:93} INFO - /usr/bin/bash: line 3: hdfs: command not found
[2025-08-17T19:30:04.423+0000] {subprocess.py:93} INFO - Waiting for hdfs://namenode:9000/data/raw/FR_category_id.json...
[2025-08-17T19:30:14.427+0000] {subprocess.py:93} INFO - /usr/bin/bash: line 3: hdfs: command not found
[2025-08-17T19:30:14.428+0000] {subprocess.py:93} INFO - Waiting for hdfs://namenode:9000/data/raw/FR_category_id.json...
[2025-08-17T19:30:24.434+0000] {subprocess.py:93} INFO - /usr/bin/bash: line 3: hdfs: command not found
[2025-08-17T19:30:24.438+0000] {subprocess.py:93} INFO - Waiting for hdfs://namenode:9000/data/raw/FR_category_id.json...
[2025-08-17T19:30:34.452+0000] {subprocess.py:93} INFO - /usr/bin/bash: line 3: hdfs: command not found
[2025-08-17T19:30:34.454+0000] {subprocess.py:93} INFO - Waiting for hdfs://namenode:9000/data/raw/FR_category_id.json...
[2025-08-17T19:30:44.458+0000] {subprocess.py:93} INFO - /usr/bin/bash: line 3: hdfs: command not found
[2025-08-17T19:30:44.459+0000] {subprocess.py:93} INFO - Waiting for hdfs://namenode:9000/data/raw/FR_category_id.json...
[2025-08-17T19:30:54.463+0000] {subprocess.py:93} INFO - /usr/bin/bash: line 3: hdfs: command not found
[2025-08-17T19:30:54.464+0000] {subprocess.py:93} INFO - Waiting for hdfs://namenode:9000/data/raw/FR_category_id.json...
[2025-08-17T19:31:04.481+0000] {subprocess.py:93} INFO - /usr/bin/bash: line 3: hdfs: command not found
[2025-08-17T19:31:04.494+0000] {subprocess.py:93} INFO - Waiting for hdfs://namenode:9000/data/raw/FR_category_id.json...
[2025-08-17T19:31:14.508+0000] {subprocess.py:93} INFO - /usr/bin/bash: line 3: hdfs: command not found
[2025-08-17T19:31:14.509+0000] {subprocess.py:93} INFO - Waiting for hdfs://namenode:9000/data/raw/FR_category_id.json...
[2025-08-17T19:31:24.512+0000] {subprocess.py:93} INFO - /usr/bin/bash: line 3: hdfs: command not found
[2025-08-17T19:31:24.513+0000] {subprocess.py:93} INFO - Waiting for hdfs://namenode:9000/data/raw/FR_category_id.json...
[2025-08-17T19:31:34.522+0000] {subprocess.py:93} INFO - /usr/bin/bash: line 3: hdfs: command not found
[2025-08-17T19:31:34.524+0000] {subprocess.py:93} INFO - Waiting for hdfs://namenode:9000/data/raw/FR_category_id.json...
[2025-08-17T19:31:44.534+0000] {subprocess.py:93} INFO - /usr/bin/bash: line 3: hdfs: command not found
[2025-08-17T19:31:44.536+0000] {subprocess.py:93} INFO - Waiting for hdfs://namenode:9000/data/raw/FR_category_id.json...
[2025-08-17T19:31:54.551+0000] {subprocess.py:93} INFO - /usr/bin/bash: line 3: hdfs: command not found
[2025-08-17T19:31:54.553+0000] {subprocess.py:93} INFO - Waiting for hdfs://namenode:9000/data/raw/FR_category_id.json...
[2025-08-17T19:32:04.562+0000] {subprocess.py:93} INFO - /usr/bin/bash: line 3: hdfs: command not found
[2025-08-17T19:32:04.563+0000] {subprocess.py:93} INFO - Waiting for hdfs://namenode:9000/data/raw/FR_category_id.json...
[2025-08-17T19:32:14.572+0000] {subprocess.py:93} INFO - /usr/bin/bash: line 3: hdfs: command not found
[2025-08-17T19:32:14.575+0000] {subprocess.py:93} INFO - Waiting for hdfs://namenode:9000/data/raw/FR_category_id.json...
[2025-08-17T19:32:24.590+0000] {subprocess.py:93} INFO - /usr/bin/bash: line 3: hdfs: command not found
[2025-08-17T19:32:24.594+0000] {subprocess.py:93} INFO - Waiting for hdfs://namenode:9000/data/raw/FR_category_id.json...
[2025-08-17T19:32:34.597+0000] {subprocess.py:93} INFO - /usr/bin/bash: line 3: hdfs: command not found
[2025-08-17T19:32:34.598+0000] {subprocess.py:93} INFO - Waiting for hdfs://namenode:9000/data/raw/FR_category_id.json...
[2025-08-17T19:32:44.605+0000] {subprocess.py:93} INFO - /usr/bin/bash: line 3: hdfs: command not found
[2025-08-17T19:32:44.605+0000] {subprocess.py:93} INFO - Waiting for hdfs://namenode:9000/data/raw/FR_category_id.json...
[2025-08-17T19:32:54.608+0000] {subprocess.py:93} INFO - /usr/bin/bash: line 3: hdfs: command not found
[2025-08-17T19:32:54.609+0000] {subprocess.py:93} INFO - Waiting for hdfs://namenode:9000/data/raw/FR_category_id.json...
[2025-08-17T19:33:04.612+0000] {subprocess.py:93} INFO - /usr/bin/bash: line 3: hdfs: command not found
[2025-08-17T19:33:04.613+0000] {subprocess.py:93} INFO - Waiting for hdfs://namenode:9000/data/raw/FR_category_id.json...
[2025-08-17T19:33:14.618+0000] {subprocess.py:93} INFO - /usr/bin/bash: line 3: hdfs: command not found
[2025-08-17T19:33:14.619+0000] {subprocess.py:93} INFO - Waiting for hdfs://namenode:9000/data/raw/FR_category_id.json...
[2025-08-17T19:33:24.623+0000] {subprocess.py:93} INFO - /usr/bin/bash: line 3: hdfs: command not found
[2025-08-17T19:33:24.624+0000] {subprocess.py:93} INFO - Waiting for hdfs://namenode:9000/data/raw/FR_category_id.json...
[2025-08-17T19:33:34.629+0000] {subprocess.py:93} INFO - TIMEOUT waiting hdfs://namenode:9000/data/raw/FR_category_id.json
[2025-08-17T19:33:34.630+0000] {subprocess.py:97} INFO - Command exited with return code 1
[2025-08-17T19:33:34.631+0000] {taskinstance.py:441} INFO - ::group::Post task execution logs
[2025-08-17T19:33:34.660+0000] {taskinstance.py:2890} ERROR - Task failed with exception
Traceback (most recent call last):
  File "/home/airflow/.local/lib/python3.9/site-packages/airflow/models/taskinstance.py", line 465, in _execute_task
    result = _execute_callable(context=context, **execute_callable_kwargs)
  File "/home/airflow/.local/lib/python3.9/site-packages/airflow/models/taskinstance.py", line 432, in _execute_callable
    return execute_callable(context=context, **execute_callable_kwargs)
  File "/home/airflow/.local/lib/python3.9/site-packages/airflow/models/baseoperator.py", line 400, in wrapper
    return func(self, *args, **kwargs)
  File "/home/airflow/.local/lib/python3.9/site-packages/airflow/operators/bash.py", line 243, in execute
    raise AirflowException(
airflow.exceptions.AirflowException: Bash command failed. The command returned a non-zero exit code 1.
[2025-08-17T19:33:34.670+0000] {taskinstance.py:1205} INFO - Marking task as UP_FOR_RETRY. dag_id=youtube_elt_dw_analytics, task_id=wait_raw_15, execution_date=20250816T000000, start_date=20250817T192331, end_date=20250817T193334
[2025-08-17T19:33:34.696+0000] {standard_task_runner.py:110} ERROR - Failed to execute job 6 for task wait_raw_15 (Bash command failed. The command returned a non-zero exit code 1.; 253)
[2025-08-17T19:33:34.720+0000] {local_task_job_runner.py:240} INFO - Task exited with return code 1
[2025-08-17T19:33:34.963+0000] {logging_mixin.py:188} WARNING - /home/***/.local/lib/python3.9/site-packages/***/models/baseoperator.py:1296 AirflowProviderDeprecationWarning: Call to deprecated class PostgresOperator. (Please use `***.providers.common.sql.operators.sql.SQLExecuteQueryOperator`.Also, you can provide `hook_params={'schema': <database>}`.)
[2025-08-17T19:33:35.017+0000] {taskinstance.py:3482} INFO - 0 downstream tasks scheduled from follow-on schedule check
[2025-08-17T19:33:35.019+0000] {local_task_job_runner.py:222} INFO - ::endgroup::
