[2025-08-18T13:22:46.391+0000] {local_task_job_runner.py:120} INFO - ::group::Pre task execution logs
[2025-08-18T13:22:46.522+0000] {taskinstance.py:2073} INFO - Dependencies all met for dep_context=non-requeueable deps ti=<TaskInstance: youtube_pipeline_batch_data.run_q_03_gold_combinations manual__2025-08-18T13:16:17.589887+00:00 [queued]>
[2025-08-18T13:22:46.597+0000] {taskinstance.py:2073} INFO - Dependencies all met for dep_context=requeueable deps ti=<TaskInstance: youtube_pipeline_batch_data.run_q_03_gold_combinations manual__2025-08-18T13:16:17.589887+00:00 [queued]>
[2025-08-18T13:22:46.597+0000] {taskinstance.py:2303} INFO - Starting attempt 2 of 4
[2025-08-18T13:22:46.682+0000] {taskinstance.py:2327} INFO - Executing <Task(BashOperator): run_q_03_gold_combinations> on 2025-08-18 13:16:17.589887+00:00
[2025-08-18T13:22:46.702+0000] {standard_task_runner.py:63} INFO - Started process 4912 to run task
[2025-08-18T13:22:46.719+0000] {standard_task_runner.py:90} INFO - Running: ['***', 'tasks', 'run', 'youtube_pipeline_batch_data', 'run_q_03_gold_combinations', 'manual__2025-08-18T13:16:17.589887+00:00', '--job-id', '301', '--raw', '--subdir', 'DAGS_FOLDER/youtube_pipeline.py', '--cfg-path', '/tmp/tmpa2ovho2n']
[2025-08-18T13:22:46.730+0000] {standard_task_runner.py:91} INFO - Job 301: Subtask run_q_03_gold_combinations
[2025-08-18T13:22:46.882+0000] {task_command.py:426} INFO - Running <TaskInstance: youtube_pipeline_batch_data.run_q_03_gold_combinations manual__2025-08-18T13:16:17.589887+00:00 [running]> on host 47205959681c
[2025-08-18T13:22:47.480+0000] {taskinstance.py:2644} INFO - Exporting env vars: AIRFLOW_CTX_DAG_OWNER='***' AIRFLOW_CTX_DAG_ID='youtube_pipeline_batch_data' AIRFLOW_CTX_TASK_ID='run_q_03_gold_combinations' AIRFLOW_CTX_EXECUTION_DATE='2025-08-18T13:16:17.589887+00:00' AIRFLOW_CTX_TRY_NUMBER='2' AIRFLOW_CTX_DAG_RUN_ID='manual__2025-08-18T13:16:17.589887+00:00'
[2025-08-18T13:22:47.481+0000] {taskinstance.py:430} INFO - ::endgroup::
[2025-08-18T13:22:47.550+0000] {subprocess.py:63} INFO - Tmp dir root location: /tmp
[2025-08-18T13:22:47.551+0000] {subprocess.py:75} INFO - Running command: ['/usr/bin/bash', '-c', 'PGPASSWORD=citus psql -h citus_coordinator -U citus -d youtube_dw -f /opt/***/sql/q_03_gold_combinations']
[2025-08-18T13:22:47.588+0000] {subprocess.py:86} INFO - Output:
[2025-08-18T13:22:47.834+0000] {subprocess.py:93} INFO - psql: error: /opt/***/sql/q_03_gold_combinations: No such file or directory
[2025-08-18T13:22:47.835+0000] {subprocess.py:97} INFO - Command exited with return code 1
[2025-08-18T13:22:47.836+0000] {taskinstance.py:441} INFO - ::group::Post task execution logs
[2025-08-18T13:22:47.914+0000] {taskinstance.py:2890} ERROR - Task failed with exception
Traceback (most recent call last):
  File "/home/airflow/.local/lib/python3.9/site-packages/airflow/models/taskinstance.py", line 465, in _execute_task
    result = _execute_callable(context=context, **execute_callable_kwargs)
  File "/home/airflow/.local/lib/python3.9/site-packages/airflow/models/taskinstance.py", line 432, in _execute_callable
    return execute_callable(context=context, **execute_callable_kwargs)
  File "/home/airflow/.local/lib/python3.9/site-packages/airflow/models/baseoperator.py", line 400, in wrapper
    return func(self, *args, **kwargs)
  File "/home/airflow/.local/lib/python3.9/site-packages/airflow/operators/bash.py", line 243, in execute
    raise AirflowException(
airflow.exceptions.AirflowException: Bash command failed. The command returned a non-zero exit code 1.
[2025-08-18T13:22:47.936+0000] {taskinstance.py:1205} INFO - Marking task as UP_FOR_RETRY. dag_id=youtube_pipeline_batch_data, task_id=run_q_03_gold_combinations, execution_date=20250818T131617, start_date=20250818T132246, end_date=20250818T132247
[2025-08-18T13:22:48.016+0000] {standard_task_runner.py:110} ERROR - Failed to execute job 301 for task run_q_03_gold_combinations (Bash command failed. The command returned a non-zero exit code 1.; 4912)
[2025-08-18T13:22:48.057+0000] {local_task_job_runner.py:240} INFO - Task exited with return code 1
[2025-08-18T13:22:48.197+0000] {taskinstance.py:3482} INFO - 0 downstream tasks scheduled from follow-on schedule check
[2025-08-18T13:22:48.199+0000] {local_task_job_runner.py:222} INFO - ::endgroup::
