[2025-08-17T19:23:31.908+0000] {local_task_job_runner.py:120} INFO - ::group::Pre task execution logs
[2025-08-17T19:23:32.248+0000] {taskinstance.py:2073} INFO - Dependencies all met for dep_context=non-requeueable deps ti=<TaskInstance: youtube_elt_dw_analytics.wait_raw_5 scheduled__2025-08-16T00:00:00+00:00 [queued]>
[2025-08-17T19:23:32.360+0000] {taskinstance.py:2073} INFO - Dependencies all met for dep_context=requeueable deps ti=<TaskInstance: youtube_elt_dw_analytics.wait_raw_5 scheduled__2025-08-16T00:00:00+00:00 [queued]>
[2025-08-17T19:23:32.364+0000] {taskinstance.py:2303} INFO - Starting attempt 1 of 3
[2025-08-17T19:23:32.503+0000] {taskinstance.py:2327} INFO - Executing <Task(BashOperator): wait_raw_5> on 2025-08-16 00:00:00+00:00
[2025-08-17T19:23:32.521+0000] {standard_task_runner.py:63} INFO - Started process 257 to run task
[2025-08-17T19:23:32.557+0000] {standard_task_runner.py:90} INFO - Running: ['***', 'tasks', 'run', 'youtube_elt_dw_analytics', 'wait_raw_5', 'scheduled__2025-08-16T00:00:00+00:00', '--job-id', '10', '--raw', '--subdir', 'DAGS_FOLDER/youtube_pipeline.py', '--cfg-path', '/tmp/tmpwnc48toe']
[2025-08-17T19:23:32.571+0000] {standard_task_runner.py:91} INFO - Job 10: Subtask wait_raw_5
[2025-08-17T19:23:32.995+0000] {task_command.py:426} INFO - Running <TaskInstance: youtube_elt_dw_analytics.wait_raw_5 scheduled__2025-08-16T00:00:00+00:00 [running]> on host 545418c0948b
[2025-08-17T19:23:34.078+0000] {taskinstance.py:2644} INFO - Exporting env vars: AIRFLOW_CTX_DAG_OWNER='data-team' AIRFLOW_CTX_DAG_ID='youtube_elt_dw_analytics' AIRFLOW_CTX_TASK_ID='wait_raw_5' AIRFLOW_CTX_EXECUTION_DATE='2025-08-16T00:00:00+00:00' AIRFLOW_CTX_TRY_NUMBER='1' AIRFLOW_CTX_DAG_RUN_ID='scheduled__2025-08-16T00:00:00+00:00'
[2025-08-17T19:23:34.079+0000] {taskinstance.py:430} INFO - ::endgroup::
[2025-08-17T19:23:34.127+0000] {subprocess.py:63} INFO - Tmp dir root location: /tmp
[2025-08-17T19:23:34.128+0000] {subprocess.py:75} INFO - Running command: ['/usr/bin/bash', '-c', "\n            for i in {1..60}; do\n              hdfs dfs -test -e hdfs://namenode:9000/data/raw/GBvideos.csv && echo 'FOUND: hdfs://namenode:9000/data/raw/GBvideos.csv' && exit 0;\n              echo 'Waiting for hdfs://namenode:9000/data/raw/GBvideos.csv...';\n              sleep 10;\n            done;\n            echo 'TIMEOUT waiting hdfs://namenode:9000/data/raw/GBvideos.csv'; exit 1\n            "]
[2025-08-17T19:23:34.158+0000] {subprocess.py:86} INFO - Output:
[2025-08-17T19:23:34.169+0000] {subprocess.py:93} INFO - /usr/bin/bash: line 3: hdfs: command not found
[2025-08-17T19:23:34.169+0000] {subprocess.py:93} INFO - Waiting for hdfs://namenode:9000/data/raw/GBvideos.csv...
[2025-08-17T19:23:44.171+0000] {subprocess.py:93} INFO - /usr/bin/bash: line 3: hdfs: command not found
[2025-08-17T19:23:44.173+0000] {subprocess.py:93} INFO - Waiting for hdfs://namenode:9000/data/raw/GBvideos.csv...
[2025-08-17T19:23:54.177+0000] {subprocess.py:93} INFO - /usr/bin/bash: line 3: hdfs: command not found
[2025-08-17T19:23:54.178+0000] {subprocess.py:93} INFO - Waiting for hdfs://namenode:9000/data/raw/GBvideos.csv...
[2025-08-17T19:24:04.183+0000] {subprocess.py:93} INFO - /usr/bin/bash: line 3: hdfs: command not found
[2025-08-17T19:24:04.184+0000] {subprocess.py:93} INFO - Waiting for hdfs://namenode:9000/data/raw/GBvideos.csv...
[2025-08-17T19:24:14.190+0000] {subprocess.py:93} INFO - /usr/bin/bash: line 3: hdfs: command not found
[2025-08-17T19:24:14.191+0000] {subprocess.py:93} INFO - Waiting for hdfs://namenode:9000/data/raw/GBvideos.csv...
[2025-08-17T19:24:24.196+0000] {subprocess.py:93} INFO - /usr/bin/bash: line 3: hdfs: command not found
[2025-08-17T19:24:24.197+0000] {subprocess.py:93} INFO - Waiting for hdfs://namenode:9000/data/raw/GBvideos.csv...
[2025-08-17T19:24:34.209+0000] {subprocess.py:93} INFO - /usr/bin/bash: line 3: hdfs: command not found
[2025-08-17T19:24:34.211+0000] {subprocess.py:93} INFO - Waiting for hdfs://namenode:9000/data/raw/GBvideos.csv...
[2025-08-17T19:24:44.223+0000] {subprocess.py:93} INFO - /usr/bin/bash: line 3: hdfs: command not found
[2025-08-17T19:24:44.226+0000] {subprocess.py:93} INFO - Waiting for hdfs://namenode:9000/data/raw/GBvideos.csv...
[2025-08-17T19:24:54.229+0000] {subprocess.py:93} INFO - /usr/bin/bash: line 3: hdfs: command not found
[2025-08-17T19:24:54.230+0000] {subprocess.py:93} INFO - Waiting for hdfs://namenode:9000/data/raw/GBvideos.csv...
[2025-08-17T19:25:04.238+0000] {subprocess.py:93} INFO - /usr/bin/bash: line 3: hdfs: command not found
[2025-08-17T19:25:04.239+0000] {subprocess.py:93} INFO - Waiting for hdfs://namenode:9000/data/raw/GBvideos.csv...
[2025-08-17T19:25:14.281+0000] {subprocess.py:93} INFO - /usr/bin/bash: line 3: hdfs: command not found
[2025-08-17T19:25:14.299+0000] {subprocess.py:93} INFO - Waiting for hdfs://namenode:9000/data/raw/GBvideos.csv...
[2025-08-17T19:25:24.321+0000] {subprocess.py:93} INFO - /usr/bin/bash: line 3: hdfs: command not found
[2025-08-17T19:25:24.323+0000] {subprocess.py:93} INFO - Waiting for hdfs://namenode:9000/data/raw/GBvideos.csv...
[2025-08-17T19:25:34.331+0000] {subprocess.py:93} INFO - /usr/bin/bash: line 3: hdfs: command not found
[2025-08-17T19:25:34.335+0000] {subprocess.py:93} INFO - Waiting for hdfs://namenode:9000/data/raw/GBvideos.csv...
[2025-08-17T19:25:44.343+0000] {subprocess.py:93} INFO - /usr/bin/bash: line 3: hdfs: command not found
[2025-08-17T19:25:44.345+0000] {subprocess.py:93} INFO - Waiting for hdfs://namenode:9000/data/raw/GBvideos.csv...
[2025-08-17T19:25:54.357+0000] {subprocess.py:93} INFO - /usr/bin/bash: line 3: hdfs: command not found
[2025-08-17T19:25:54.358+0000] {subprocess.py:93} INFO - Waiting for hdfs://namenode:9000/data/raw/GBvideos.csv...
[2025-08-17T19:26:04.365+0000] {subprocess.py:93} INFO - /usr/bin/bash: line 3: hdfs: command not found
[2025-08-17T19:26:04.366+0000] {subprocess.py:93} INFO - Waiting for hdfs://namenode:9000/data/raw/GBvideos.csv...
[2025-08-17T19:26:14.376+0000] {subprocess.py:93} INFO - /usr/bin/bash: line 3: hdfs: command not found
[2025-08-17T19:26:14.378+0000] {subprocess.py:93} INFO - Waiting for hdfs://namenode:9000/data/raw/GBvideos.csv...
[2025-08-17T19:26:24.390+0000] {subprocess.py:93} INFO - /usr/bin/bash: line 3: hdfs: command not found
[2025-08-17T19:26:24.391+0000] {subprocess.py:93} INFO - Waiting for hdfs://namenode:9000/data/raw/GBvideos.csv...
[2025-08-17T19:26:34.399+0000] {subprocess.py:93} INFO - /usr/bin/bash: line 3: hdfs: command not found
[2025-08-17T19:26:34.406+0000] {subprocess.py:93} INFO - Waiting for hdfs://namenode:9000/data/raw/GBvideos.csv...
[2025-08-17T19:26:44.416+0000] {subprocess.py:93} INFO - /usr/bin/bash: line 3: hdfs: command not found
[2025-08-17T19:26:44.417+0000] {subprocess.py:93} INFO - Waiting for hdfs://namenode:9000/data/raw/GBvideos.csv...
[2025-08-17T19:26:54.425+0000] {subprocess.py:93} INFO - /usr/bin/bash: line 3: hdfs: command not found
[2025-08-17T19:26:54.426+0000] {subprocess.py:93} INFO - Waiting for hdfs://namenode:9000/data/raw/GBvideos.csv...
[2025-08-17T19:27:04.438+0000] {subprocess.py:93} INFO - /usr/bin/bash: line 3: hdfs: command not found
[2025-08-17T19:27:04.442+0000] {subprocess.py:93} INFO - Waiting for hdfs://namenode:9000/data/raw/GBvideos.csv...
[2025-08-17T19:27:14.446+0000] {subprocess.py:93} INFO - /usr/bin/bash: line 3: hdfs: command not found
[2025-08-17T19:27:14.447+0000] {subprocess.py:93} INFO - Waiting for hdfs://namenode:9000/data/raw/GBvideos.csv...
[2025-08-17T19:27:24.456+0000] {subprocess.py:93} INFO - /usr/bin/bash: line 3: hdfs: command not found
[2025-08-17T19:27:24.457+0000] {subprocess.py:93} INFO - Waiting for hdfs://namenode:9000/data/raw/GBvideos.csv...
[2025-08-17T19:27:34.462+0000] {subprocess.py:93} INFO - /usr/bin/bash: line 3: hdfs: command not found
[2025-08-17T19:27:34.462+0000] {subprocess.py:93} INFO - Waiting for hdfs://namenode:9000/data/raw/GBvideos.csv...
[2025-08-17T19:27:44.471+0000] {subprocess.py:93} INFO - /usr/bin/bash: line 3: hdfs: command not found
[2025-08-17T19:27:44.476+0000] {subprocess.py:93} INFO - Waiting for hdfs://namenode:9000/data/raw/GBvideos.csv...
[2025-08-17T19:27:54.502+0000] {subprocess.py:93} INFO - /usr/bin/bash: line 3: hdfs: command not found
[2025-08-17T19:27:54.503+0000] {subprocess.py:93} INFO - Waiting for hdfs://namenode:9000/data/raw/GBvideos.csv...
[2025-08-17T19:28:04.512+0000] {subprocess.py:93} INFO - /usr/bin/bash: line 3: hdfs: command not found
[2025-08-17T19:28:04.513+0000] {subprocess.py:93} INFO - Waiting for hdfs://namenode:9000/data/raw/GBvideos.csv...
[2025-08-17T19:28:14.522+0000] {subprocess.py:93} INFO - /usr/bin/bash: line 3: hdfs: command not found
[2025-08-17T19:28:14.523+0000] {subprocess.py:93} INFO - Waiting for hdfs://namenode:9000/data/raw/GBvideos.csv...
[2025-08-17T19:28:24.527+0000] {subprocess.py:93} INFO - /usr/bin/bash: line 3: hdfs: command not found
[2025-08-17T19:28:24.528+0000] {subprocess.py:93} INFO - Waiting for hdfs://namenode:9000/data/raw/GBvideos.csv...
[2025-08-17T19:28:34.532+0000] {subprocess.py:93} INFO - /usr/bin/bash: line 3: hdfs: command not found
[2025-08-17T19:28:34.534+0000] {subprocess.py:93} INFO - Waiting for hdfs://namenode:9000/data/raw/GBvideos.csv...
[2025-08-17T19:28:44.545+0000] {subprocess.py:93} INFO - /usr/bin/bash: line 3: hdfs: command not found
[2025-08-17T19:28:44.546+0000] {subprocess.py:93} INFO - Waiting for hdfs://namenode:9000/data/raw/GBvideos.csv...
[2025-08-17T19:28:54.556+0000] {subprocess.py:93} INFO - /usr/bin/bash: line 3: hdfs: command not found
[2025-08-17T19:28:54.558+0000] {subprocess.py:93} INFO - Waiting for hdfs://namenode:9000/data/raw/GBvideos.csv...
[2025-08-17T19:29:04.569+0000] {subprocess.py:93} INFO - /usr/bin/bash: line 3: hdfs: command not found
[2025-08-17T19:29:04.570+0000] {subprocess.py:93} INFO - Waiting for hdfs://namenode:9000/data/raw/GBvideos.csv...
[2025-08-17T19:29:14.581+0000] {subprocess.py:93} INFO - /usr/bin/bash: line 3: hdfs: command not found
[2025-08-17T19:29:14.588+0000] {subprocess.py:93} INFO - Waiting for hdfs://namenode:9000/data/raw/GBvideos.csv...
[2025-08-17T19:29:24.601+0000] {subprocess.py:93} INFO - /usr/bin/bash: line 3: hdfs: command not found
[2025-08-17T19:29:24.601+0000] {subprocess.py:93} INFO - Waiting for hdfs://namenode:9000/data/raw/GBvideos.csv...
[2025-08-17T19:29:34.615+0000] {subprocess.py:93} INFO - /usr/bin/bash: line 3: hdfs: command not found
[2025-08-17T19:29:34.618+0000] {subprocess.py:93} INFO - Waiting for hdfs://namenode:9000/data/raw/GBvideos.csv...
[2025-08-17T19:29:44.663+0000] {subprocess.py:93} INFO - /usr/bin/bash: line 3: hdfs: command not found
[2025-08-17T19:29:44.734+0000] {subprocess.py:93} INFO - Waiting for hdfs://namenode:9000/data/raw/GBvideos.csv...
[2025-08-17T19:29:54.767+0000] {subprocess.py:93} INFO - /usr/bin/bash: line 3: hdfs: command not found
[2025-08-17T19:29:54.771+0000] {subprocess.py:93} INFO - Waiting for hdfs://namenode:9000/data/raw/GBvideos.csv...
[2025-08-17T19:30:04.775+0000] {subprocess.py:93} INFO - /usr/bin/bash: line 3: hdfs: command not found
[2025-08-17T19:30:04.778+0000] {subprocess.py:93} INFO - Waiting for hdfs://namenode:9000/data/raw/GBvideos.csv...
[2025-08-17T19:30:14.791+0000] {subprocess.py:93} INFO - /usr/bin/bash: line 3: hdfs: command not found
[2025-08-17T19:30:14.791+0000] {subprocess.py:93} INFO - Waiting for hdfs://namenode:9000/data/raw/GBvideos.csv...
[2025-08-17T19:30:24.805+0000] {subprocess.py:93} INFO - /usr/bin/bash: line 3: hdfs: command not found
[2025-08-17T19:30:24.811+0000] {subprocess.py:93} INFO - Waiting for hdfs://namenode:9000/data/raw/GBvideos.csv...
[2025-08-17T19:30:34.830+0000] {subprocess.py:93} INFO - /usr/bin/bash: line 3: hdfs: command not found
[2025-08-17T19:30:34.831+0000] {subprocess.py:93} INFO - Waiting for hdfs://namenode:9000/data/raw/GBvideos.csv...
[2025-08-17T19:30:44.846+0000] {subprocess.py:93} INFO - /usr/bin/bash: line 3: hdfs: command not found
[2025-08-17T19:30:44.856+0000] {subprocess.py:93} INFO - Waiting for hdfs://namenode:9000/data/raw/GBvideos.csv...
[2025-08-17T19:30:54.870+0000] {subprocess.py:93} INFO - /usr/bin/bash: line 3: hdfs: command not found
[2025-08-17T19:30:54.872+0000] {subprocess.py:93} INFO - Waiting for hdfs://namenode:9000/data/raw/GBvideos.csv...
[2025-08-17T19:31:04.886+0000] {subprocess.py:93} INFO - /usr/bin/bash: line 3: hdfs: command not found
[2025-08-17T19:31:04.887+0000] {subprocess.py:93} INFO - Waiting for hdfs://namenode:9000/data/raw/GBvideos.csv...
[2025-08-17T19:31:14.895+0000] {subprocess.py:93} INFO - /usr/bin/bash: line 3: hdfs: command not found
[2025-08-17T19:31:14.896+0000] {subprocess.py:93} INFO - Waiting for hdfs://namenode:9000/data/raw/GBvideos.csv...
[2025-08-17T19:31:24.905+0000] {subprocess.py:93} INFO - /usr/bin/bash: line 3: hdfs: command not found
[2025-08-17T19:31:24.907+0000] {subprocess.py:93} INFO - Waiting for hdfs://namenode:9000/data/raw/GBvideos.csv...
[2025-08-17T19:31:34.916+0000] {subprocess.py:93} INFO - /usr/bin/bash: line 3: hdfs: command not found
[2025-08-17T19:31:34.916+0000] {subprocess.py:93} INFO - Waiting for hdfs://namenode:9000/data/raw/GBvideos.csv...
[2025-08-17T19:31:44.928+0000] {subprocess.py:93} INFO - /usr/bin/bash: line 3: hdfs: command not found
[2025-08-17T19:31:44.930+0000] {subprocess.py:93} INFO - Waiting for hdfs://namenode:9000/data/raw/GBvideos.csv...
[2025-08-17T19:31:54.956+0000] {subprocess.py:93} INFO - /usr/bin/bash: line 3: hdfs: command not found
[2025-08-17T19:31:54.962+0000] {subprocess.py:93} INFO - Waiting for hdfs://namenode:9000/data/raw/GBvideos.csv...
[2025-08-17T19:32:04.978+0000] {subprocess.py:93} INFO - /usr/bin/bash: line 3: hdfs: command not found
[2025-08-17T19:32:04.981+0000] {subprocess.py:93} INFO - Waiting for hdfs://namenode:9000/data/raw/GBvideos.csv...
[2025-08-17T19:32:14.995+0000] {subprocess.py:93} INFO - /usr/bin/bash: line 3: hdfs: command not found
[2025-08-17T19:32:14.996+0000] {subprocess.py:93} INFO - Waiting for hdfs://namenode:9000/data/raw/GBvideos.csv...
[2025-08-17T19:32:25.007+0000] {subprocess.py:93} INFO - /usr/bin/bash: line 3: hdfs: command not found
[2025-08-17T19:32:25.013+0000] {subprocess.py:93} INFO - Waiting for hdfs://namenode:9000/data/raw/GBvideos.csv...
[2025-08-17T19:32:35.023+0000] {subprocess.py:93} INFO - /usr/bin/bash: line 3: hdfs: command not found
[2025-08-17T19:32:35.024+0000] {subprocess.py:93} INFO - Waiting for hdfs://namenode:9000/data/raw/GBvideos.csv...
[2025-08-17T19:32:45.027+0000] {subprocess.py:93} INFO - /usr/bin/bash: line 3: hdfs: command not found
[2025-08-17T19:32:45.028+0000] {subprocess.py:93} INFO - Waiting for hdfs://namenode:9000/data/raw/GBvideos.csv...
[2025-08-17T19:32:55.032+0000] {subprocess.py:93} INFO - /usr/bin/bash: line 3: hdfs: command not found
[2025-08-17T19:32:55.033+0000] {subprocess.py:93} INFO - Waiting for hdfs://namenode:9000/data/raw/GBvideos.csv...
[2025-08-17T19:33:05.037+0000] {subprocess.py:93} INFO - /usr/bin/bash: line 3: hdfs: command not found
[2025-08-17T19:33:05.038+0000] {subprocess.py:93} INFO - Waiting for hdfs://namenode:9000/data/raw/GBvideos.csv...
[2025-08-17T19:33:15.041+0000] {subprocess.py:93} INFO - /usr/bin/bash: line 3: hdfs: command not found
[2025-08-17T19:33:15.042+0000] {subprocess.py:93} INFO - Waiting for hdfs://namenode:9000/data/raw/GBvideos.csv...
[2025-08-17T19:33:25.045+0000] {subprocess.py:93} INFO - /usr/bin/bash: line 3: hdfs: command not found
[2025-08-17T19:33:25.046+0000] {subprocess.py:93} INFO - Waiting for hdfs://namenode:9000/data/raw/GBvideos.csv...
[2025-08-17T19:33:35.052+0000] {subprocess.py:93} INFO - TIMEOUT waiting hdfs://namenode:9000/data/raw/GBvideos.csv
[2025-08-17T19:33:35.057+0000] {subprocess.py:97} INFO - Command exited with return code 1
[2025-08-17T19:33:35.060+0000] {taskinstance.py:441} INFO - ::group::Post task execution logs
[2025-08-17T19:33:35.119+0000] {taskinstance.py:2890} ERROR - Task failed with exception
Traceback (most recent call last):
  File "/home/airflow/.local/lib/python3.9/site-packages/airflow/models/taskinstance.py", line 465, in _execute_task
    result = _execute_callable(context=context, **execute_callable_kwargs)
  File "/home/airflow/.local/lib/python3.9/site-packages/airflow/models/taskinstance.py", line 432, in _execute_callable
    return execute_callable(context=context, **execute_callable_kwargs)
  File "/home/airflow/.local/lib/python3.9/site-packages/airflow/models/baseoperator.py", line 400, in wrapper
    return func(self, *args, **kwargs)
  File "/home/airflow/.local/lib/python3.9/site-packages/airflow/operators/bash.py", line 243, in execute
    raise AirflowException(
airflow.exceptions.AirflowException: Bash command failed. The command returned a non-zero exit code 1.
[2025-08-17T19:33:35.128+0000] {taskinstance.py:1205} INFO - Marking task as UP_FOR_RETRY. dag_id=youtube_elt_dw_analytics, task_id=wait_raw_5, execution_date=20250816T000000, start_date=20250817T192332, end_date=20250817T193335
[2025-08-17T19:33:35.153+0000] {standard_task_runner.py:110} ERROR - Failed to execute job 10 for task wait_raw_5 (Bash command failed. The command returned a non-zero exit code 1.; 257)
[2025-08-17T19:33:35.229+0000] {local_task_job_runner.py:240} INFO - Task exited with return code 1
[2025-08-17T19:33:36.606+0000] {logging_mixin.py:188} WARNING - /home/***/.local/lib/python3.9/site-packages/***/models/baseoperator.py:1296 AirflowProviderDeprecationWarning: Call to deprecated class PostgresOperator. (Please use `***.providers.common.sql.operators.sql.SQLExecuteQueryOperator`.Also, you can provide `hook_params={'schema': <database>}`.)
[2025-08-17T19:33:36.750+0000] {taskinstance.py:3482} INFO - 0 downstream tasks scheduled from follow-on schedule check
[2025-08-17T19:33:36.756+0000] {local_task_job_runner.py:222} INFO - ::endgroup::
