[2025-08-19T09:35:39.989+0000] {local_task_job_runner.py:120} INFO - ::group::Pre task execution logs
[2025-08-19T09:35:40.605+0000] {taskinstance.py:2073} INFO - Dependencies all met for dep_context=non-requeueable deps ti=<TaskInstance: youtube_pipeline_batch_data.golden_to_star manual__2025-08-19T09:12:10.622299+00:00 [queued]>
[2025-08-19T09:35:40.760+0000] {taskinstance.py:2073} INFO - Dependencies all met for dep_context=requeueable deps ti=<TaskInstance: youtube_pipeline_batch_data.golden_to_star manual__2025-08-19T09:12:10.622299+00:00 [queued]>
[2025-08-19T09:35:40.774+0000] {taskinstance.py:2303} INFO - Starting attempt 1 of 4
[2025-08-19T09:35:40.943+0000] {taskinstance.py:2327} INFO - Executing <Task(BashOperator): golden_to_star> on 2025-08-19 09:12:10.622299+00:00
[2025-08-19T09:35:41.008+0000] {standard_task_runner.py:63} INFO - Started process 2578 to run task
[2025-08-19T09:35:41.073+0000] {standard_task_runner.py:90} INFO - Running: ['***', 'tasks', 'run', 'youtube_pipeline_batch_data', 'golden_to_star', 'manual__2025-08-19T09:12:10.622299+00:00', '--job-id', '614', '--raw', '--subdir', 'DAGS_FOLDER/youtube_pipeline.py', '--cfg-path', '/tmp/tmpdcxxmkyu']
[2025-08-19T09:35:41.112+0000] {standard_task_runner.py:91} INFO - Job 614: Subtask golden_to_star
[2025-08-19T09:35:41.667+0000] {task_command.py:426} INFO - Running <TaskInstance: youtube_pipeline_batch_data.golden_to_star manual__2025-08-19T09:12:10.622299+00:00 [running]> on host 54bf3a3eaeab
[2025-08-19T09:35:42.246+0000] {taskinstance.py:2644} INFO - Exporting env vars: AIRFLOW_CTX_DAG_OWNER='***' AIRFLOW_CTX_DAG_ID='youtube_pipeline_batch_data' AIRFLOW_CTX_TASK_ID='golden_to_star' AIRFLOW_CTX_EXECUTION_DATE='2025-08-19T09:12:10.622299+00:00' AIRFLOW_CTX_TRY_NUMBER='1' AIRFLOW_CTX_DAG_RUN_ID='manual__2025-08-19T09:12:10.622299+00:00'
[2025-08-19T09:35:42.251+0000] {taskinstance.py:430} INFO - ::endgroup::
[2025-08-19T09:35:42.334+0000] {subprocess.py:63} INFO - Tmp dir root location: /tmp
[2025-08-19T09:35:42.340+0000] {subprocess.py:75} INFO - Running command: ['/usr/bin/bash', '-c', 'docker exec spark-master spark-submit --master spark://spark-master:7077 --deploy-mode client --packages org.postgresql:postgresql:42.6.0 /opt/***/jobs/star_schema/golden_to_star_citus.py']
[2025-08-19T09:35:42.378+0000] {subprocess.py:86} INFO - Output:
[2025-08-19T09:36:12.918+0000] {subprocess.py:93} INFO - :: loading settings :: url = jar:file:/opt/bitnami/spark/jars/ivy-2.5.1.jar!/org/apache/ivy/core/settings/ivysettings.xml
[2025-08-19T09:36:13.538+0000] {subprocess.py:93} INFO - Ivy Default Cache set to: /opt/bitnami/spark/.ivy2/cache
[2025-08-19T09:36:13.538+0000] {subprocess.py:93} INFO - The jars for the packages stored in: /opt/bitnami/spark/.ivy2/jars
[2025-08-19T09:36:13.551+0000] {subprocess.py:93} INFO - org.postgresql#postgresql added as a dependency
[2025-08-19T09:36:13.553+0000] {subprocess.py:93} INFO - :: resolving dependencies :: org.apache.spark#spark-submit-parent-c3604b2f-d5a7-47ff-b132-0db673236788;1.0
[2025-08-19T09:36:13.554+0000] {subprocess.py:93} INFO - 	confs: [default]
[2025-08-19T09:36:17.669+0000] {subprocess.py:93} INFO - 	found org.postgresql#postgresql;42.6.0 in central
[2025-08-19T09:36:18.260+0000] {subprocess.py:93} INFO - 	found org.checkerframework#checker-qual;3.31.0 in central
[2025-08-19T09:36:18.501+0000] {subprocess.py:93} INFO - downloading https://repo1.maven.org/maven2/org/postgresql/postgresql/42.6.0/postgresql-42.6.0.jar ...
[2025-08-19T09:36:20.403+0000] {subprocess.py:93} INFO - 	[SUCCESSFUL ] org.postgresql#postgresql;42.6.0!postgresql.jar (1935ms)
[2025-08-19T09:36:20.991+0000] {subprocess.py:93} INFO - downloading https://repo1.maven.org/maven2/org/checkerframework/checker-qual/3.31.0/checker-qual-3.31.0.jar ...
[2025-08-19T09:36:21.499+0000] {subprocess.py:93} INFO - 	[SUCCESSFUL ] org.checkerframework#checker-qual;3.31.0!checker-qual.jar (581ms)
[2025-08-19T09:36:21.518+0000] {subprocess.py:93} INFO - :: resolution report :: resolve 4896ms :: artifacts dl 3075ms
[2025-08-19T09:36:21.523+0000] {subprocess.py:93} INFO - 	:: modules in use:
[2025-08-19T09:36:21.524+0000] {subprocess.py:93} INFO - 	org.checkerframework#checker-qual;3.31.0 from central in [default]
[2025-08-19T09:36:21.527+0000] {subprocess.py:93} INFO - 	org.postgresql#postgresql;42.6.0 from central in [default]
[2025-08-19T09:36:21.557+0000] {subprocess.py:93} INFO - 	---------------------------------------------------------------------
[2025-08-19T09:36:21.560+0000] {subprocess.py:93} INFO - 	|                  |            modules            ||   artifacts   |
[2025-08-19T09:36:21.565+0000] {subprocess.py:93} INFO - 	|       conf       | number| search|dwnlded|evicted|| number|dwnlded|
[2025-08-19T09:36:21.569+0000] {subprocess.py:93} INFO - 	---------------------------------------------------------------------
[2025-08-19T09:36:21.570+0000] {subprocess.py:93} INFO - 	|      default     |   2   |   2   |   2   |   0   ||   2   |   2   |
[2025-08-19T09:36:21.583+0000] {subprocess.py:93} INFO - 	---------------------------------------------------------------------
[2025-08-19T09:36:21.673+0000] {subprocess.py:93} INFO - :: retrieving :: org.apache.spark#spark-submit-parent-c3604b2f-d5a7-47ff-b132-0db673236788
[2025-08-19T09:36:21.675+0000] {subprocess.py:93} INFO - 	confs: [default]
[2025-08-19T09:36:21.993+0000] {subprocess.py:93} INFO - 	2 artifacts copied, 0 already retrieved (1274kB/314ms)
[2025-08-19T09:36:26.595+0000] {subprocess.py:93} INFO - 25/08/19 09:36:26 WARN NativeCodeLoader: Unable to load native-hadoop library for your platform... using builtin-java classes where applicable
[2025-08-19T09:36:53.772+0000] {subprocess.py:93} INFO - 25/08/19 09:36:53 INFO SparkContext: Running Spark version 3.5.1
[2025-08-19T09:36:53.783+0000] {subprocess.py:93} INFO - 25/08/19 09:36:53 INFO SparkContext: OS info Linux, 6.11.0-29-generic, amd64
[2025-08-19T09:36:53.793+0000] {subprocess.py:93} INFO - 25/08/19 09:36:53 INFO SparkContext: Java version 17.0.12
[2025-08-19T09:36:54.432+0000] {subprocess.py:93} INFO - 25/08/19 09:36:54 INFO ResourceUtils: ==============================================================
[2025-08-19T09:36:54.433+0000] {subprocess.py:93} INFO - 25/08/19 09:36:54 INFO ResourceUtils: No custom resources configured for spark.driver.
[2025-08-19T09:36:54.436+0000] {subprocess.py:93} INFO - 25/08/19 09:36:54 INFO ResourceUtils: ==============================================================
[2025-08-19T09:36:54.438+0000] {subprocess.py:93} INFO - 25/08/19 09:36:54 INFO SparkContext: Submitted application: Golden to Star Schema in Citus
[2025-08-19T09:36:55.271+0000] {subprocess.py:93} INFO - 25/08/19 09:36:55 INFO ResourceProfile: Default ResourceProfile created, executor resources: Map(memory -> name: memory, amount: 1024, script: , vendor: , offHeap -> name: offHeap, amount: 0, script: , vendor: ), task resources: Map(cpus -> name: cpus, amount: 1.0)
[2025-08-19T09:36:55.854+0000] {subprocess.py:93} INFO - 25/08/19 09:36:55 INFO ResourceProfile: Limiting resource is cpu
[2025-08-19T09:36:55.868+0000] {subprocess.py:93} INFO - 25/08/19 09:36:55 INFO ResourceProfileManager: Added ResourceProfile id: 0
[2025-08-19T09:36:58.136+0000] {subprocess.py:93} INFO - 25/08/19 09:36:58 INFO SecurityManager: Changing view acls to: spark
[2025-08-19T09:36:58.193+0000] {subprocess.py:93} INFO - 25/08/19 09:36:58 INFO SecurityManager: Changing modify acls to: spark
[2025-08-19T09:36:58.196+0000] {subprocess.py:93} INFO - 25/08/19 09:36:58 INFO SecurityManager: Changing view acls groups to:
[2025-08-19T09:36:58.197+0000] {subprocess.py:93} INFO - 25/08/19 09:36:58 INFO SecurityManager: Changing modify acls groups to:
[2025-08-19T09:36:58.209+0000] {subprocess.py:93} INFO - 25/08/19 09:36:58 INFO SecurityManager: SecurityManager: authentication disabled; ui acls disabled; users with view permissions: spark; groups with view permissions: EMPTY; users with modify permissions: spark; groups with modify permissions: EMPTY
[2025-08-19T09:37:06.939+0000] {subprocess.py:93} INFO - 25/08/19 09:37:06 INFO Utils: Successfully started service 'sparkDriver' on port 39401.
[2025-08-19T09:37:07.578+0000] {subprocess.py:93} INFO - 25/08/19 09:37:07 INFO SparkEnv: Registering MapOutputTracker
[2025-08-19T09:37:09.703+0000] {subprocess.py:93} INFO - 25/08/19 09:37:09 INFO SparkEnv: Registering BlockManagerMaster
[2025-08-19T09:37:10.352+0000] {subprocess.py:93} INFO - 25/08/19 09:37:10 INFO BlockManagerMasterEndpoint: Using org.apache.spark.storage.DefaultTopologyMapper for getting topology information
[2025-08-19T09:37:10.356+0000] {subprocess.py:93} INFO - 25/08/19 09:37:10 INFO BlockManagerMasterEndpoint: BlockManagerMasterEndpoint up
[2025-08-19T09:37:10.385+0000] {subprocess.py:93} INFO - 25/08/19 09:37:10 INFO SparkEnv: Registering BlockManagerMasterHeartbeat
[2025-08-19T09:37:11.157+0000] {subprocess.py:93} INFO - 25/08/19 09:37:11 INFO DiskBlockManager: Created local directory at /tmp/blockmgr-cd24df98-bf12-4da8-b91d-cf6ad0d0b034
[2025-08-19T09:37:11.521+0000] {subprocess.py:93} INFO - 25/08/19 09:37:11 INFO MemoryStore: MemoryStore started with capacity 434.4 MiB
[2025-08-19T09:37:12.468+0000] {subprocess.py:93} INFO - 25/08/19 09:37:12 INFO SparkEnv: Registering OutputCommitCoordinator
[2025-08-19T09:37:15.167+0000] {subprocess.py:93} INFO - 25/08/19 09:37:15 INFO JettyUtils: Start Jetty 0.0.0.0:4040 for SparkUI
[2025-08-19T09:37:16.494+0000] {subprocess.py:93} INFO - 25/08/19 09:37:16 INFO Utils: Successfully started service 'SparkUI' on port 4040.
[2025-08-19T09:37:18.064+0000] {subprocess.py:93} INFO - 25/08/19 09:37:18 INFO SparkContext: Added JAR file:///opt/bitnami/spark/.ivy2/jars/org.postgresql_postgresql-42.6.0.jar at spark://b208641feb52:39401/jars/org.postgresql_postgresql-42.6.0.jar with timestamp 1755596213709
[2025-08-19T09:37:18.065+0000] {subprocess.py:93} INFO - 25/08/19 09:37:18 INFO SparkContext: Added JAR file:///opt/bitnami/spark/.ivy2/jars/org.checkerframework_checker-qual-3.31.0.jar at spark://b208641feb52:39401/jars/org.checkerframework_checker-qual-3.31.0.jar with timestamp 1755596213709
[2025-08-19T09:37:18.301+0000] {subprocess.py:93} INFO - 25/08/19 09:37:18 INFO SparkContext: Added file file:///opt/bitnami/spark/.ivy2/jars/org.postgresql_postgresql-42.6.0.jar at spark://b208641feb52:39401/files/org.postgresql_postgresql-42.6.0.jar with timestamp 1755596213709
[2025-08-19T09:37:18.382+0000] {subprocess.py:93} INFO - 25/08/19 09:37:18 INFO Utils: Copying /opt/bitnami/spark/.ivy2/jars/org.postgresql_postgresql-42.6.0.jar to /tmp/spark-055fb093-ea7a-4eec-85ea-4bc4431317ff/userFiles-8f7d719e-0668-4cfa-821a-ecaba5b1f827/org.postgresql_postgresql-42.6.0.jar
[2025-08-19T09:37:18.592+0000] {subprocess.py:93} INFO - 25/08/19 09:37:18 INFO SparkContext: Added file file:///opt/bitnami/spark/.ivy2/jars/org.checkerframework_checker-qual-3.31.0.jar at spark://b208641feb52:39401/files/org.checkerframework_checker-qual-3.31.0.jar with timestamp 1755596213709
[2025-08-19T09:37:18.598+0000] {subprocess.py:93} INFO - 25/08/19 09:37:18 INFO Utils: Copying /opt/bitnami/spark/.ivy2/jars/org.checkerframework_checker-qual-3.31.0.jar to /tmp/spark-055fb093-ea7a-4eec-85ea-4bc4431317ff/userFiles-8f7d719e-0668-4cfa-821a-ecaba5b1f827/org.checkerframework_checker-qual-3.31.0.jar
[2025-08-19T09:37:25.662+0000] {subprocess.py:93} INFO - 25/08/19 09:37:25 INFO StandaloneAppClient$ClientEndpoint: Connecting to master spark://spark-master:7077...
[2025-08-19T09:37:30.133+0000] {subprocess.py:93} INFO - 25/08/19 09:37:30 INFO TransportClientFactory: Successfully created connection to spark-master/172.18.0.4:7077 after 3092 ms (0 ms spent in bootstraps)
[2025-08-19T09:37:34.912+0000] {subprocess.py:93} INFO - 25/08/19 09:37:34 INFO StandaloneSchedulerBackend: Connected to Spark cluster with app ID app-20250819093734-0019
[2025-08-19T09:37:35.195+0000] {subprocess.py:93} INFO - 25/08/19 09:37:35 INFO Utils: Successfully started service 'org.apache.spark.network.netty.NettyBlockTransferService' on port 43513.
[2025-08-19T09:37:35.203+0000] {subprocess.py:93} INFO - 25/08/19 09:37:35 INFO NettyBlockTransferService: Server created on b208641feb52:43513
[2025-08-19T09:37:35.305+0000] {subprocess.py:93} INFO - 25/08/19 09:37:35 INFO BlockManager: Using org.apache.spark.storage.RandomBlockReplicationPolicy for block replication policy
[2025-08-19T09:37:35.704+0000] {subprocess.py:93} INFO - 25/08/19 09:37:35 INFO BlockManagerMaster: Registering BlockManager BlockManagerId(driver, b208641feb52, 43513, None)
[2025-08-19T09:37:35.842+0000] {subprocess.py:93} INFO - 25/08/19 09:37:35 INFO BlockManagerMasterEndpoint: Registering block manager b208641feb52:43513 with 434.4 MiB RAM, BlockManagerId(driver, b208641feb52, 43513, None)
[2025-08-19T09:37:35.862+0000] {subprocess.py:93} INFO - 25/08/19 09:37:35 INFO BlockManagerMaster: Registered BlockManager BlockManagerId(driver, b208641feb52, 43513, None)
[2025-08-19T09:37:35.889+0000] {subprocess.py:93} INFO - 25/08/19 09:37:35 INFO BlockManager: Initialized BlockManager: BlockManagerId(driver, b208641feb52, 43513, None)
[2025-08-19T09:37:45.558+0000] {subprocess.py:93} INFO - 25/08/19 09:37:45 INFO StandaloneSchedulerBackend: SchedulerBackend is ready for scheduling beginning after reached minRegisteredResourcesRatio: 0.0
[2025-08-19T09:37:53.017+0000] {subprocess.py:93} INFO - 25/08/19 09:37:53 INFO SharedState: Setting hive.metastore.warehouse.dir ('null') to the value of spark.sql.warehouse.dir.
[2025-08-19T09:37:53.177+0000] {subprocess.py:93} INFO - 25/08/19 09:37:53 INFO SharedState: Warehouse path is 'file:/opt/bitnami/spark/spark-warehouse'.
[2025-08-19T09:38:21.722+0000] {subprocess.py:93} INFO - 25/08/19 09:38:21 INFO InMemoryFileIndex: It took 862 ms to list leaf files for 1 paths.
[2025-08-19T09:38:32.497+0000] {subprocess.py:93} INFO - 25/08/19 09:38:32 INFO SparkContext: Starting job: parquet at NativeMethodAccessorImpl.java:0
[2025-08-19T09:38:32.670+0000] {subprocess.py:93} INFO - 25/08/19 09:38:32 INFO DAGScheduler: Got job 0 (parquet at NativeMethodAccessorImpl.java:0) with 1 output partitions
[2025-08-19T09:38:32.676+0000] {subprocess.py:93} INFO - 25/08/19 09:38:32 INFO DAGScheduler: Final stage: ResultStage 0 (parquet at NativeMethodAccessorImpl.java:0)
[2025-08-19T09:38:32.677+0000] {subprocess.py:93} INFO - 25/08/19 09:38:32 INFO DAGScheduler: Parents of final stage: List()
[2025-08-19T09:38:32.686+0000] {subprocess.py:93} INFO - 25/08/19 09:38:32 INFO DAGScheduler: Missing parents: List()
[2025-08-19T09:38:32.705+0000] {subprocess.py:93} INFO - 25/08/19 09:38:32 INFO DAGScheduler: Submitting ResultStage 0 (MapPartitionsRDD[1] at parquet at NativeMethodAccessorImpl.java:0), which has no missing parents
[2025-08-19T09:38:33.771+0000] {subprocess.py:93} INFO - 25/08/19 09:38:33 INFO MemoryStore: Block broadcast_0 stored as values in memory (estimated size 104.5 KiB, free 434.3 MiB)
[2025-08-19T09:38:34.611+0000] {subprocess.py:93} INFO - 25/08/19 09:38:34 INFO AsyncEventQueue: Process of event SparkListenerJobStart(0,1755596312680,WrappedArray(org.apache.spark.scheduler.StageInfo@104010b6),{spark.rdd.scope={"id":"2","name":"collect"}, spark.rdd.scope.noOverride=true}) by listener AppStatusListener took 1.730704963s.
[2025-08-19T09:38:34.770+0000] {subprocess.py:93} INFO - 25/08/19 09:38:34 INFO MemoryStore: Block broadcast_0_piece0 stored as bytes in memory (estimated size 37.8 KiB, free 434.3 MiB)
[2025-08-19T09:38:34.881+0000] {subprocess.py:93} INFO - 25/08/19 09:38:34 INFO BlockManagerInfo: Added broadcast_0_piece0 in memory on b208641feb52:43513 (size: 37.8 KiB, free: 434.4 MiB)
[2025-08-19T09:38:35.152+0000] {subprocess.py:93} INFO - 25/08/19 09:38:35 INFO SparkContext: Created broadcast 0 from broadcast at DAGScheduler.scala:1585
[2025-08-19T09:38:36.130+0000] {subprocess.py:93} INFO - 25/08/19 09:38:36 INFO DAGScheduler: Submitting 1 missing tasks from ResultStage 0 (MapPartitionsRDD[1] at parquet at NativeMethodAccessorImpl.java:0) (first 15 tasks are for partitions Vector(0))
[2025-08-19T09:38:36.158+0000] {subprocess.py:93} INFO - 25/08/19 09:38:36 INFO TaskSchedulerImpl: Adding task set 0.0 with 1 tasks resource profile 0
[2025-08-19T09:38:51.453+0000] {subprocess.py:93} INFO - 25/08/19 09:38:51 WARN TaskSchedulerImpl: Initial job has not accepted any resources; check your cluster UI to ensure that workers are registered and have sufficient resources
[2025-08-19T09:39:06.458+0000] {subprocess.py:93} INFO - 25/08/19 09:39:06 WARN TaskSchedulerImpl: Initial job has not accepted any resources; check your cluster UI to ensure that workers are registered and have sufficient resources
[2025-08-19T09:39:21.450+0000] {subprocess.py:93} INFO - 25/08/19 09:39:21 WARN TaskSchedulerImpl: Initial job has not accepted any resources; check your cluster UI to ensure that workers are registered and have sufficient resources
[2025-08-19T09:39:36.451+0000] {subprocess.py:93} INFO - 25/08/19 09:39:36 WARN TaskSchedulerImpl: Initial job has not accepted any resources; check your cluster UI to ensure that workers are registered and have sufficient resources
[2025-08-19T09:39:51.451+0000] {subprocess.py:93} INFO - 25/08/19 09:39:51 WARN TaskSchedulerImpl: Initial job has not accepted any resources; check your cluster UI to ensure that workers are registered and have sufficient resources
[2025-08-19T09:40:06.451+0000] {subprocess.py:93} INFO - 25/08/19 09:40:06 WARN TaskSchedulerImpl: Initial job has not accepted any resources; check your cluster UI to ensure that workers are registered and have sufficient resources
[2025-08-19T09:40:21.473+0000] {subprocess.py:93} INFO - 25/08/19 09:40:21 WARN TaskSchedulerImpl: Initial job has not accepted any resources; check your cluster UI to ensure that workers are registered and have sufficient resources
[2025-08-19T09:40:36.470+0000] {subprocess.py:93} INFO - 25/08/19 09:40:36 WARN TaskSchedulerImpl: Initial job has not accepted any resources; check your cluster UI to ensure that workers are registered and have sufficient resources
[2025-08-19T09:40:51.450+0000] {subprocess.py:93} INFO - 25/08/19 09:40:51 WARN TaskSchedulerImpl: Initial job has not accepted any resources; check your cluster UI to ensure that workers are registered and have sufficient resources
[2025-08-19T09:41:06.451+0000] {subprocess.py:93} INFO - 25/08/19 09:41:06 WARN TaskSchedulerImpl: Initial job has not accepted any resources; check your cluster UI to ensure that workers are registered and have sufficient resources
[2025-08-19T09:41:21.450+0000] {subprocess.py:93} INFO - 25/08/19 09:41:21 WARN TaskSchedulerImpl: Initial job has not accepted any resources; check your cluster UI to ensure that workers are registered and have sufficient resources
[2025-08-19T09:41:36.453+0000] {subprocess.py:93} INFO - 25/08/19 09:41:36 WARN TaskSchedulerImpl: Initial job has not accepted any resources; check your cluster UI to ensure that workers are registered and have sufficient resources
[2025-08-19T09:41:51.454+0000] {subprocess.py:93} INFO - 25/08/19 09:41:51 WARN TaskSchedulerImpl: Initial job has not accepted any resources; check your cluster UI to ensure that workers are registered and have sufficient resources
[2025-08-19T09:42:06.449+0000] {subprocess.py:93} INFO - 25/08/19 09:42:06 WARN TaskSchedulerImpl: Initial job has not accepted any resources; check your cluster UI to ensure that workers are registered and have sufficient resources
[2025-08-19T09:42:21.455+0000] {subprocess.py:93} INFO - 25/08/19 09:42:21 WARN TaskSchedulerImpl: Initial job has not accepted any resources; check your cluster UI to ensure that workers are registered and have sufficient resources
[2025-08-19T09:42:36.448+0000] {subprocess.py:93} INFO - 25/08/19 09:42:36 WARN TaskSchedulerImpl: Initial job has not accepted any resources; check your cluster UI to ensure that workers are registered and have sufficient resources
[2025-08-19T09:42:51.449+0000] {subprocess.py:93} INFO - 25/08/19 09:42:51 WARN TaskSchedulerImpl: Initial job has not accepted any resources; check your cluster UI to ensure that workers are registered and have sufficient resources
[2025-08-19T09:43:06.449+0000] {subprocess.py:93} INFO - 25/08/19 09:43:06 WARN TaskSchedulerImpl: Initial job has not accepted any resources; check your cluster UI to ensure that workers are registered and have sufficient resources
[2025-08-19T09:43:21.450+0000] {subprocess.py:93} INFO - 25/08/19 09:43:21 WARN TaskSchedulerImpl: Initial job has not accepted any resources; check your cluster UI to ensure that workers are registered and have sufficient resources
[2025-08-19T09:43:36.449+0000] {subprocess.py:93} INFO - 25/08/19 09:43:36 WARN TaskSchedulerImpl: Initial job has not accepted any resources; check your cluster UI to ensure that workers are registered and have sufficient resources
[2025-08-19T09:43:51.451+0000] {subprocess.py:93} INFO - 25/08/19 09:43:51 WARN TaskSchedulerImpl: Initial job has not accepted any resources; check your cluster UI to ensure that workers are registered and have sufficient resources
[2025-08-19T09:44:06.458+0000] {subprocess.py:93} INFO - 25/08/19 09:44:06 WARN TaskSchedulerImpl: Initial job has not accepted any resources; check your cluster UI to ensure that workers are registered and have sufficient resources
[2025-08-19T09:44:21.479+0000] {subprocess.py:93} INFO - 25/08/19 09:44:21 WARN TaskSchedulerImpl: Initial job has not accepted any resources; check your cluster UI to ensure that workers are registered and have sufficient resources
[2025-08-19T09:44:36.479+0000] {subprocess.py:93} INFO - 25/08/19 09:44:36 WARN TaskSchedulerImpl: Initial job has not accepted any resources; check your cluster UI to ensure that workers are registered and have sufficient resources
[2025-08-19T09:44:51.450+0000] {subprocess.py:93} INFO - 25/08/19 09:44:51 WARN TaskSchedulerImpl: Initial job has not accepted any resources; check your cluster UI to ensure that workers are registered and have sufficient resources
[2025-08-19T09:45:06.450+0000] {subprocess.py:93} INFO - 25/08/19 09:45:06 WARN TaskSchedulerImpl: Initial job has not accepted any resources; check your cluster UI to ensure that workers are registered and have sufficient resources
[2025-08-19T09:45:21.453+0000] {subprocess.py:93} INFO - 25/08/19 09:45:21 WARN TaskSchedulerImpl: Initial job has not accepted any resources; check your cluster UI to ensure that workers are registered and have sufficient resources
[2025-08-19T09:45:36.453+0000] {subprocess.py:93} INFO - 25/08/19 09:45:36 WARN TaskSchedulerImpl: Initial job has not accepted any resources; check your cluster UI to ensure that workers are registered and have sufficient resources
[2025-08-19T09:45:51.457+0000] {subprocess.py:93} INFO - 25/08/19 09:45:51 WARN TaskSchedulerImpl: Initial job has not accepted any resources; check your cluster UI to ensure that workers are registered and have sufficient resources
[2025-08-19T09:46:06.452+0000] {subprocess.py:93} INFO - 25/08/19 09:46:06 WARN TaskSchedulerImpl: Initial job has not accepted any resources; check your cluster UI to ensure that workers are registered and have sufficient resources
[2025-08-19T09:46:21.455+0000] {subprocess.py:93} INFO - 25/08/19 09:46:21 WARN TaskSchedulerImpl: Initial job has not accepted any resources; check your cluster UI to ensure that workers are registered and have sufficient resources
[2025-08-19T09:46:36.449+0000] {subprocess.py:93} INFO - 25/08/19 09:46:36 WARN TaskSchedulerImpl: Initial job has not accepted any resources; check your cluster UI to ensure that workers are registered and have sufficient resources
[2025-08-19T09:46:51.452+0000] {subprocess.py:93} INFO - 25/08/19 09:46:51 WARN TaskSchedulerImpl: Initial job has not accepted any resources; check your cluster UI to ensure that workers are registered and have sufficient resources
[2025-08-19T09:47:06.452+0000] {subprocess.py:93} INFO - 25/08/19 09:47:06 WARN TaskSchedulerImpl: Initial job has not accepted any resources; check your cluster UI to ensure that workers are registered and have sufficient resources
[2025-08-19T09:47:21.453+0000] {subprocess.py:93} INFO - 25/08/19 09:47:21 WARN TaskSchedulerImpl: Initial job has not accepted any resources; check your cluster UI to ensure that workers are registered and have sufficient resources
[2025-08-19T09:47:36.450+0000] {subprocess.py:93} INFO - 25/08/19 09:47:36 WARN TaskSchedulerImpl: Initial job has not accepted any resources; check your cluster UI to ensure that workers are registered and have sufficient resources
[2025-08-19T09:47:51.453+0000] {subprocess.py:93} INFO - 25/08/19 09:47:51 WARN TaskSchedulerImpl: Initial job has not accepted any resources; check your cluster UI to ensure that workers are registered and have sufficient resources
[2025-08-19T09:48:06.086+0000] {subprocess.py:93} INFO - 25/08/19 09:48:06 INFO StandaloneAppClient$ClientEndpoint: Executor added: app-20250819093734-0019/0 on worker-20250819090904-172.18.0.12-34859 (172.18.0.12:34859) with 4 core(s)
[2025-08-19T09:48:06.099+0000] {subprocess.py:93} INFO - 25/08/19 09:48:06 INFO StandaloneSchedulerBackend: Granted executor ID app-20250819093734-0019/0 on hostPort 172.18.0.12:34859 with 4 core(s), 1024.0 MiB RAM
[2025-08-19T09:48:06.101+0000] {subprocess.py:93} INFO - 25/08/19 09:48:06 INFO StandaloneAppClient$ClientEndpoint: Executor added: app-20250819093734-0019/1 on worker-20250819090904-172.18.0.17-46791 (172.18.0.17:46791) with 4 core(s)
[2025-08-19T09:48:06.102+0000] {subprocess.py:93} INFO - 25/08/19 09:48:06 INFO StandaloneSchedulerBackend: Granted executor ID app-20250819093734-0019/1 on hostPort 172.18.0.17:46791 with 4 core(s), 1024.0 MiB RAM
[2025-08-19T09:48:06.108+0000] {subprocess.py:93} INFO - 25/08/19 09:48:06 INFO StandaloneAppClient$ClientEndpoint: Executor added: app-20250819093734-0019/2 on worker-20250819090906-172.18.0.16-36117 (172.18.0.16:36117) with 4 core(s)
[2025-08-19T09:48:06.112+0000] {subprocess.py:93} INFO - 25/08/19 09:48:06 INFO StandaloneSchedulerBackend: Granted executor ID app-20250819093734-0019/2 on hostPort 172.18.0.16:36117 with 4 core(s), 1024.0 MiB RAM
[2025-08-19T09:48:06.408+0000] {subprocess.py:93} INFO - 25/08/19 09:48:06 INFO StandaloneAppClient$ClientEndpoint: Executor updated: app-20250819093734-0019/2 is now RUNNING
[2025-08-19T09:48:06.453+0000] {subprocess.py:93} INFO - 25/08/19 09:48:06 WARN TaskSchedulerImpl: Initial job has not accepted any resources; check your cluster UI to ensure that workers are registered and have sufficient resources
[2025-08-19T09:48:06.464+0000] {subprocess.py:93} INFO - 25/08/19 09:48:06 INFO StandaloneAppClient$ClientEndpoint: Executor updated: app-20250819093734-0019/0 is now RUNNING
[2025-08-19T09:48:06.482+0000] {subprocess.py:93} INFO - 25/08/19 09:48:06 INFO StandaloneAppClient$ClientEndpoint: Executor updated: app-20250819093734-0019/1 is now RUNNING
[2025-08-19T09:48:20.219+0000] {subprocess.py:93} INFO - 25/08/19 09:48:20 INFO StandaloneSchedulerBackend$StandaloneDriverEndpoint: Registered executor NettyRpcEndpointRef(spark-client://Executor) (172.18.0.17:43370) with ID 1,  ResourceProfileId 0
[2025-08-19T09:48:20.368+0000] {subprocess.py:93} INFO - 25/08/19 09:48:20 INFO StandaloneSchedulerBackend$StandaloneDriverEndpoint: Registered executor NettyRpcEndpointRef(spark-client://Executor) (172.18.0.12:35572) with ID 0,  ResourceProfileId 0
[2025-08-19T09:48:20.407+0000] {subprocess.py:93} INFO - 25/08/19 09:48:20 INFO StandaloneSchedulerBackend$StandaloneDriverEndpoint: Registered executor NettyRpcEndpointRef(spark-client://Executor) (172.18.0.16:52554) with ID 2,  ResourceProfileId 0
[2025-08-19T09:48:20.781+0000] {subprocess.py:93} INFO - 25/08/19 09:48:20 INFO BlockManagerMasterEndpoint: Registering block manager 172.18.0.12:33937 with 434.4 MiB RAM, BlockManagerId(0, 172.18.0.12, 33937, None)
[2025-08-19T09:48:20.796+0000] {subprocess.py:93} INFO - 25/08/19 09:48:20 INFO BlockManagerMasterEndpoint: Registering block manager 172.18.0.17:38463 with 434.4 MiB RAM, BlockManagerId(1, 172.18.0.17, 38463, None)
[2025-08-19T09:48:20.866+0000] {subprocess.py:93} INFO - 25/08/19 09:48:20 INFO BlockManagerMasterEndpoint: Registering block manager 172.18.0.16:37507 with 434.4 MiB RAM, BlockManagerId(2, 172.18.0.16, 37507, None)
[2025-08-19T09:48:22.162+0000] {subprocess.py:93} INFO - 25/08/19 09:48:22 INFO TaskSetManager: Starting task 0.0 in stage 0.0 (TID 0) (172.18.0.17, executor 1, partition 0, PROCESS_LOCAL, 8106 bytes)
[2025-08-19T09:48:22.817+0000] {subprocess.py:93} INFO - 25/08/19 09:48:22 INFO BlockManagerInfo: Added broadcast_0_piece0 in memory on 172.18.0.17:38463 (size: 37.8 KiB, free: 434.4 MiB)
[2025-08-19T09:48:23.345+0000] {subprocess.py:93} INFO - 25/08/19 09:48:23 INFO TaskSetManager: Finished task 0.0 in stage 0.0 (TID 0) in 1264 ms on 172.18.0.17 (executor 1) (1/1)
[2025-08-19T09:48:23.349+0000] {subprocess.py:93} INFO - 25/08/19 09:48:23 INFO TaskSchedulerImpl: Removed TaskSet 0.0, whose tasks have all completed, from pool
[2025-08-19T09:48:23.356+0000] {subprocess.py:93} INFO - 25/08/19 09:48:23 INFO DAGScheduler: ResultStage 0 (parquet at NativeMethodAccessorImpl.java:0) finished in 590.618 s
[2025-08-19T09:48:23.361+0000] {subprocess.py:93} INFO - 25/08/19 09:48:23 INFO DAGScheduler: Job 0 is finished. Cancelling potential speculative or zombie tasks for this job
[2025-08-19T09:48:23.364+0000] {subprocess.py:93} INFO - 25/08/19 09:48:23 INFO TaskSchedulerImpl: Killing all running tasks in stage 0: Stage finished
[2025-08-19T09:48:23.366+0000] {subprocess.py:93} INFO - 25/08/19 09:48:23 INFO DAGScheduler: Job 0 finished: parquet at NativeMethodAccessorImpl.java:0, took 590.871311 s
[2025-08-19T09:48:23.754+0000] {subprocess.py:93} INFO - Traceback (most recent call last):
[2025-08-19T09:48:23.756+0000] {subprocess.py:93} INFO -   File "/opt/***/jobs/star_schema/golden_to_star_citus.py", line 33, in <module>
[2025-08-19T09:48:23.758+0000] {subprocess.py:93} INFO -     df = spark.read.parquet(golden_path)
[2025-08-19T09:48:23.759+0000] {subprocess.py:93} INFO -          ^^^^^^^^^^^^^^^^^^^^^^^^^^^^^^^
[2025-08-19T09:48:23.760+0000] {subprocess.py:93} INFO -   File "/opt/bitnami/spark/python/lib/pyspark.zip/pyspark/sql/readwriter.py", line 544, in parquet
[2025-08-19T09:48:23.761+0000] {subprocess.py:93} INFO -   File "/opt/bitnami/spark/python/lib/py4j-0.10.9.7-src.zip/py4j/java_gateway.py", line 1322, in __call__
[2025-08-19T09:48:23.762+0000] {subprocess.py:93} INFO -   File "/opt/bitnami/spark/python/lib/pyspark.zip/pyspark/errors/exceptions/captured.py", line 185, in deco
[2025-08-19T09:48:23.776+0000] {subprocess.py:93} INFO - pyspark.errors.exceptions.captured.AnalysisException: [UNABLE_TO_INFER_SCHEMA] Unable to infer schema for Parquet. It must be specified manually.
[2025-08-19T09:48:23.837+0000] {subprocess.py:93} INFO - 25/08/19 09:48:23 INFO SparkContext: Invoking stop() from shutdown hook
[2025-08-19T09:48:23.839+0000] {subprocess.py:93} INFO - 25/08/19 09:48:23 INFO SparkContext: SparkContext is stopping with exitCode 0.
[2025-08-19T09:48:23.862+0000] {subprocess.py:93} INFO - 25/08/19 09:48:23 INFO SparkUI: Stopped Spark web UI at http://b208641feb52:4040
[2025-08-19T09:48:23.871+0000] {subprocess.py:93} INFO - 25/08/19 09:48:23 INFO StandaloneSchedulerBackend: Shutting down all executors
[2025-08-19T09:48:23.872+0000] {subprocess.py:93} INFO - 25/08/19 09:48:23 INFO StandaloneSchedulerBackend$StandaloneDriverEndpoint: Asking each executor to shut down
[2025-08-19T09:48:23.958+0000] {subprocess.py:93} INFO - 25/08/19 09:48:23 INFO MapOutputTrackerMasterEndpoint: MapOutputTrackerMasterEndpoint stopped!
[2025-08-19T09:48:24.058+0000] {subprocess.py:93} INFO - 25/08/19 09:48:24 INFO MemoryStore: MemoryStore cleared
[2025-08-19T09:48:24.068+0000] {subprocess.py:93} INFO - 25/08/19 09:48:24 INFO BlockManager: BlockManager stopped
[2025-08-19T09:48:24.111+0000] {subprocess.py:93} INFO - 25/08/19 09:48:24 INFO BlockManagerMaster: BlockManagerMaster stopped
[2025-08-19T09:48:24.128+0000] {subprocess.py:93} INFO - 25/08/19 09:48:24 INFO OutputCommitCoordinator$OutputCommitCoordinatorEndpoint: OutputCommitCoordinator stopped!
[2025-08-19T09:48:24.185+0000] {subprocess.py:93} INFO - 25/08/19 09:48:24 INFO SparkContext: Successfully stopped SparkContext
[2025-08-19T09:48:24.191+0000] {subprocess.py:93} INFO - 25/08/19 09:48:24 INFO ShutdownHookManager: Shutdown hook called
[2025-08-19T09:48:24.193+0000] {subprocess.py:93} INFO - 25/08/19 09:48:24 INFO ShutdownHookManager: Deleting directory /tmp/spark-055fb093-ea7a-4eec-85ea-4bc4431317ff/pyspark-29406324-18cf-49ec-9dde-4981a8779e5a
[2025-08-19T09:48:24.193+0000] {subprocess.py:93} INFO - 25/08/19 09:48:24 INFO ShutdownHookManager: Deleting directory /tmp/spark-055fb093-ea7a-4eec-85ea-4bc4431317ff
[2025-08-19T09:48:24.203+0000] {subprocess.py:93} INFO - 25/08/19 09:48:24 INFO ShutdownHookManager: Deleting directory /tmp/spark-7a050383-e8a4-45b9-bd93-75c0d541afea
[2025-08-19T09:48:24.493+0000] {subprocess.py:97} INFO - Command exited with return code 1
[2025-08-19T09:48:24.498+0000] {taskinstance.py:441} INFO - ::group::Post task execution logs
[2025-08-19T09:48:24.532+0000] {taskinstance.py:2890} ERROR - Task failed with exception
Traceback (most recent call last):
  File "/home/airflow/.local/lib/python3.9/site-packages/airflow/models/taskinstance.py", line 465, in _execute_task
    result = _execute_callable(context=context, **execute_callable_kwargs)
  File "/home/airflow/.local/lib/python3.9/site-packages/airflow/models/taskinstance.py", line 432, in _execute_callable
    return execute_callable(context=context, **execute_callable_kwargs)
  File "/home/airflow/.local/lib/python3.9/site-packages/airflow/models/baseoperator.py", line 400, in wrapper
    return func(self, *args, **kwargs)
  File "/home/airflow/.local/lib/python3.9/site-packages/airflow/operators/bash.py", line 243, in execute
    raise AirflowException(
airflow.exceptions.AirflowException: Bash command failed. The command returned a non-zero exit code 1.
[2025-08-19T09:48:24.544+0000] {taskinstance.py:1205} INFO - Marking task as UP_FOR_RETRY. dag_id=youtube_pipeline_batch_data, task_id=golden_to_star, execution_date=20250819T091210, start_date=20250819T093540, end_date=20250819T094824
[2025-08-19T09:48:24.579+0000] {standard_task_runner.py:110} ERROR - Failed to execute job 614 for task golden_to_star (Bash command failed. The command returned a non-zero exit code 1.; 2578)
[2025-08-19T09:48:24.632+0000] {local_task_job_runner.py:240} INFO - Task exited with return code 1
[2025-08-19T09:48:24.776+0000] {taskinstance.py:3482} INFO - 0 downstream tasks scheduled from follow-on schedule check
[2025-08-19T09:48:24.784+0000] {local_task_job_runner.py:222} INFO - ::endgroup::
