[2025-08-18T14:15:01.498+0000] {local_task_job_runner.py:120} INFO - ::group::Pre task execution logs
[2025-08-18T14:15:01.587+0000] {taskinstance.py:2073} INFO - Dependencies all met for dep_context=non-requeueable deps ti=<TaskInstance: youtube_pipeline_batch_data.golden_to_star manual__2025-08-18T13:44:53.039432+00:00 [queued]>
[2025-08-18T14:15:01.606+0000] {taskinstance.py:2073} INFO - Dependencies all met for dep_context=requeueable deps ti=<TaskInstance: youtube_pipeline_batch_data.golden_to_star manual__2025-08-18T13:44:53.039432+00:00 [queued]>
[2025-08-18T14:15:01.607+0000] {taskinstance.py:2303} INFO - Starting attempt 2 of 4
[2025-08-18T14:15:01.641+0000] {taskinstance.py:2327} INFO - Executing <Task(BashOperator): golden_to_star> on 2025-08-18 13:44:53.039432+00:00
[2025-08-18T14:15:01.650+0000] {standard_task_runner.py:63} INFO - Started process 6162 to run task
[2025-08-18T14:15:01.656+0000] {standard_task_runner.py:90} INFO - Running: ['***', 'tasks', 'run', 'youtube_pipeline_batch_data', 'golden_to_star', 'manual__2025-08-18T13:44:53.039432+00:00', '--job-id', '389', '--raw', '--subdir', 'DAGS_FOLDER/youtube_pipeline.py', '--cfg-path', '/tmp/tmpqpqzdu_0']
[2025-08-18T14:15:01.660+0000] {standard_task_runner.py:91} INFO - Job 389: Subtask golden_to_star
[2025-08-18T14:15:01.787+0000] {task_command.py:426} INFO - Running <TaskInstance: youtube_pipeline_batch_data.golden_to_star manual__2025-08-18T13:44:53.039432+00:00 [running]> on host 47205959681c
[2025-08-18T14:15:02.048+0000] {taskinstance.py:2644} INFO - Exporting env vars: AIRFLOW_CTX_DAG_OWNER='***' AIRFLOW_CTX_DAG_ID='youtube_pipeline_batch_data' AIRFLOW_CTX_TASK_ID='golden_to_star' AIRFLOW_CTX_EXECUTION_DATE='2025-08-18T13:44:53.039432+00:00' AIRFLOW_CTX_TRY_NUMBER='2' AIRFLOW_CTX_DAG_RUN_ID='manual__2025-08-18T13:44:53.039432+00:00'
[2025-08-18T14:15:02.051+0000] {taskinstance.py:430} INFO - ::endgroup::
[2025-08-18T14:15:02.080+0000] {subprocess.py:63} INFO - Tmp dir root location: /tmp
[2025-08-18T14:15:02.081+0000] {subprocess.py:75} INFO - Running command: ['/usr/bin/bash', '-c', 'docker exec youtube-pipeline-project_spark-master_1 spark-submit --master spark://spark-master:7077 --deploy-mode client --packages org.postgresql:postgresql:42.6.0 /opt/***/jobs/star_schema/golden_to_star_citus.py']
[2025-08-18T14:15:02.102+0000] {subprocess.py:86} INFO - Output:
[2025-08-18T14:15:11.536+0000] {subprocess.py:93} INFO - :: loading settings :: url = jar:file:/opt/bitnami/spark/jars/ivy-2.5.1.jar!/org/apache/ivy/core/settings/ivysettings.xml
[2025-08-18T14:15:12.036+0000] {subprocess.py:93} INFO - Ivy Default Cache set to: /opt/bitnami/spark/.ivy2/cache
[2025-08-18T14:15:12.036+0000] {subprocess.py:93} INFO - The jars for the packages stored in: /opt/bitnami/spark/.ivy2/jars
[2025-08-18T14:15:12.059+0000] {subprocess.py:93} INFO - org.postgresql#postgresql added as a dependency
[2025-08-18T14:15:12.065+0000] {subprocess.py:93} INFO - :: resolving dependencies :: org.apache.spark#spark-submit-parent-a39a5a0c-4ba5-421a-b024-bef46fd471ee;1.0
[2025-08-18T14:15:12.067+0000] {subprocess.py:93} INFO - 	confs: [default]
[2025-08-18T14:15:12.720+0000] {subprocess.py:93} INFO - 	found org.postgresql#postgresql;42.6.0 in central
[2025-08-18T14:15:12.835+0000] {subprocess.py:93} INFO - 	found org.checkerframework#checker-qual;3.31.0 in central
[2025-08-18T14:15:12.864+0000] {subprocess.py:93} INFO - :: resolution report :: resolve 788ms :: artifacts dl 10ms
[2025-08-18T14:15:12.864+0000] {subprocess.py:93} INFO - 	:: modules in use:
[2025-08-18T14:15:12.865+0000] {subprocess.py:93} INFO - 	org.checkerframework#checker-qual;3.31.0 from central in [default]
[2025-08-18T14:15:12.865+0000] {subprocess.py:93} INFO - 	org.postgresql#postgresql;42.6.0 from central in [default]
[2025-08-18T14:15:12.866+0000] {subprocess.py:93} INFO - 	---------------------------------------------------------------------
[2025-08-18T14:15:12.866+0000] {subprocess.py:93} INFO - 	|                  |            modules            ||   artifacts   |
[2025-08-18T14:15:12.866+0000] {subprocess.py:93} INFO - 	|       conf       | number| search|dwnlded|evicted|| number|dwnlded|
[2025-08-18T14:15:12.868+0000] {subprocess.py:93} INFO - 	---------------------------------------------------------------------
[2025-08-18T14:15:12.868+0000] {subprocess.py:93} INFO - 	|      default     |   2   |   0   |   0   |   0   ||   2   |   0   |
[2025-08-18T14:15:12.872+0000] {subprocess.py:93} INFO - 	---------------------------------------------------------------------
[2025-08-18T14:15:12.875+0000] {subprocess.py:93} INFO - :: retrieving :: org.apache.spark#spark-submit-parent-a39a5a0c-4ba5-421a-b024-bef46fd471ee
[2025-08-18T14:15:12.875+0000] {subprocess.py:93} INFO - 	confs: [default]
[2025-08-18T14:15:12.886+0000] {subprocess.py:93} INFO - 	0 artifacts copied, 2 already retrieved (0kB/8ms)
[2025-08-18T14:15:14.591+0000] {subprocess.py:93} INFO - 25/08/18 14:15:14 WARN NativeCodeLoader: Unable to load native-hadoop library for your platform... using builtin-java classes where applicable
[2025-08-18T14:15:18.754+0000] {subprocess.py:93} INFO - 25/08/18 14:15:18 INFO SparkContext: Running Spark version 3.5.1
[2025-08-18T14:15:18.766+0000] {subprocess.py:93} INFO - 25/08/18 14:15:18 INFO SparkContext: OS info Linux, 6.11.0-29-generic, amd64
[2025-08-18T14:15:18.773+0000] {subprocess.py:93} INFO - 25/08/18 14:15:18 INFO SparkContext: Java version 17.0.12
[2025-08-18T14:15:19.185+0000] {subprocess.py:93} INFO - 25/08/18 14:15:19 INFO ResourceUtils: ==============================================================
[2025-08-18T14:15:19.187+0000] {subprocess.py:93} INFO - 25/08/18 14:15:19 INFO ResourceUtils: No custom resources configured for spark.driver.
[2025-08-18T14:15:19.189+0000] {subprocess.py:93} INFO - 25/08/18 14:15:19 INFO ResourceUtils: ==============================================================
[2025-08-18T14:15:19.191+0000] {subprocess.py:93} INFO - 25/08/18 14:15:19 INFO SparkContext: Submitted application: Golden to Star Schema in Citus
[2025-08-18T14:15:19.499+0000] {subprocess.py:93} INFO - 25/08/18 14:15:19 INFO ResourceProfile: Default ResourceProfile created, executor resources: Map(memory -> name: memory, amount: 1024, script: , vendor: , offHeap -> name: offHeap, amount: 0, script: , vendor: ), task resources: Map(cpus -> name: cpus, amount: 1.0)
[2025-08-18T14:15:19.592+0000] {subprocess.py:93} INFO - 25/08/18 14:15:19 INFO ResourceProfile: Limiting resource is cpu
[2025-08-18T14:15:19.601+0000] {subprocess.py:93} INFO - 25/08/18 14:15:19 INFO ResourceProfileManager: Added ResourceProfile id: 0
[2025-08-18T14:15:20.363+0000] {subprocess.py:93} INFO - 25/08/18 14:15:20 INFO SecurityManager: Changing view acls to: spark
[2025-08-18T14:15:20.376+0000] {subprocess.py:93} INFO - 25/08/18 14:15:20 INFO SecurityManager: Changing modify acls to: spark
[2025-08-18T14:15:20.386+0000] {subprocess.py:93} INFO - 25/08/18 14:15:20 INFO SecurityManager: Changing view acls groups to:
[2025-08-18T14:15:20.392+0000] {subprocess.py:93} INFO - 25/08/18 14:15:20 INFO SecurityManager: Changing modify acls groups to:
[2025-08-18T14:15:20.404+0000] {subprocess.py:93} INFO - 25/08/18 14:15:20 INFO SecurityManager: SecurityManager: authentication disabled; ui acls disabled; users with view permissions: spark; groups with view permissions: EMPTY; users with modify permissions: spark; groups with modify permissions: EMPTY
[2025-08-18T14:15:23.209+0000] {subprocess.py:93} INFO - 25/08/18 14:15:23 INFO Utils: Successfully started service 'sparkDriver' on port 39785.
[2025-08-18T14:15:23.514+0000] {subprocess.py:93} INFO - 25/08/18 14:15:23 INFO SparkEnv: Registering MapOutputTracker
[2025-08-18T14:15:24.059+0000] {subprocess.py:93} INFO - 25/08/18 14:15:24 INFO SparkEnv: Registering BlockManagerMaster
[2025-08-18T14:15:24.316+0000] {subprocess.py:93} INFO - 25/08/18 14:15:24 INFO BlockManagerMasterEndpoint: Using org.apache.spark.storage.DefaultTopologyMapper for getting topology information
[2025-08-18T14:15:24.319+0000] {subprocess.py:93} INFO - 25/08/18 14:15:24 INFO BlockManagerMasterEndpoint: BlockManagerMasterEndpoint up
[2025-08-18T14:15:24.341+0000] {subprocess.py:93} INFO - 25/08/18 14:15:24 INFO SparkEnv: Registering BlockManagerMasterHeartbeat
[2025-08-18T14:15:24.584+0000] {subprocess.py:93} INFO - 25/08/18 14:15:24 INFO DiskBlockManager: Created local directory at /tmp/blockmgr-938e8ecf-d365-4042-a4e9-30406f95e000
[2025-08-18T14:15:24.672+0000] {subprocess.py:93} INFO - 25/08/18 14:15:24 INFO MemoryStore: MemoryStore started with capacity 434.4 MiB
[2025-08-18T14:15:24.760+0000] {subprocess.py:93} INFO - 25/08/18 14:15:24 INFO SparkEnv: Registering OutputCommitCoordinator
[2025-08-18T14:15:25.525+0000] {subprocess.py:93} INFO - 25/08/18 14:15:25 INFO JettyUtils: Start Jetty 0.0.0.0:4040 for SparkUI
[2025-08-18T14:15:25.764+0000] {subprocess.py:93} INFO - 25/08/18 14:15:25 WARN Utils: Service 'SparkUI' could not bind on port 4040. Attempting port 4041.
[2025-08-18T14:15:25.773+0000] {subprocess.py:93} INFO - 25/08/18 14:15:25 WARN Utils: Service 'SparkUI' could not bind on port 4041. Attempting port 4042.
[2025-08-18T14:15:25.780+0000] {subprocess.py:93} INFO - 25/08/18 14:15:25 WARN Utils: Service 'SparkUI' could not bind on port 4042. Attempting port 4043.
[2025-08-18T14:15:25.782+0000] {subprocess.py:93} INFO - 25/08/18 14:15:25 WARN Utils: Service 'SparkUI' could not bind on port 4043. Attempting port 4044.
[2025-08-18T14:15:25.852+0000] {subprocess.py:93} INFO - 25/08/18 14:15:25 INFO Utils: Successfully started service 'SparkUI' on port 4044.
[2025-08-18T14:15:26.224+0000] {subprocess.py:93} INFO - 25/08/18 14:15:26 INFO SparkContext: Added JAR file:///opt/bitnami/spark/.ivy2/jars/org.postgresql_postgresql-42.6.0.jar at spark://4bf6b336ccb3:39785/jars/org.postgresql_postgresql-42.6.0.jar with timestamp 1755526518630
[2025-08-18T14:15:26.225+0000] {subprocess.py:93} INFO - 25/08/18 14:15:26 INFO SparkContext: Added JAR file:///opt/bitnami/spark/.ivy2/jars/org.checkerframework_checker-qual-3.31.0.jar at spark://4bf6b336ccb3:39785/jars/org.checkerframework_checker-qual-3.31.0.jar with timestamp 1755526518630
[2025-08-18T14:15:26.255+0000] {subprocess.py:93} INFO - 25/08/18 14:15:26 INFO SparkContext: Added file file:///opt/bitnami/spark/.ivy2/jars/org.postgresql_postgresql-42.6.0.jar at spark://4bf6b336ccb3:39785/files/org.postgresql_postgresql-42.6.0.jar with timestamp 1755526518630
[2025-08-18T14:15:26.263+0000] {subprocess.py:93} INFO - 25/08/18 14:15:26 INFO Utils: Copying /opt/bitnami/spark/.ivy2/jars/org.postgresql_postgresql-42.6.0.jar to /tmp/spark-8054d545-02c7-4254-8018-73e204be0a8c/userFiles-78630e01-ad48-41b5-815a-087f2bc6d19f/org.postgresql_postgresql-42.6.0.jar
[2025-08-18T14:15:26.321+0000] {subprocess.py:93} INFO - 25/08/18 14:15:26 INFO SparkContext: Added file file:///opt/bitnami/spark/.ivy2/jars/org.checkerframework_checker-qual-3.31.0.jar at spark://4bf6b336ccb3:39785/files/org.checkerframework_checker-qual-3.31.0.jar with timestamp 1755526518630
[2025-08-18T14:15:26.323+0000] {subprocess.py:93} INFO - 25/08/18 14:15:26 INFO Utils: Copying /opt/bitnami/spark/.ivy2/jars/org.checkerframework_checker-qual-3.31.0.jar to /tmp/spark-8054d545-02c7-4254-8018-73e204be0a8c/userFiles-78630e01-ad48-41b5-815a-087f2bc6d19f/org.checkerframework_checker-qual-3.31.0.jar
[2025-08-18T14:15:27.155+0000] {subprocess.py:93} INFO - 25/08/18 14:15:27 INFO StandaloneAppClient$ClientEndpoint: Connecting to master spark://spark-master:7077...
[2025-08-18T14:15:27.751+0000] {subprocess.py:93} INFO - 25/08/18 14:15:27 INFO TransportClientFactory: Successfully created connection to spark-master/172.18.0.7:7077 after 497 ms (0 ms spent in bootstraps)
[2025-08-18T14:15:28.443+0000] {subprocess.py:93} INFO - 25/08/18 14:15:28 INFO StandaloneSchedulerBackend: Connected to Spark cluster with app ID app-20250818141528-0063
[2025-08-18T14:15:28.562+0000] {subprocess.py:93} INFO - 25/08/18 14:15:28 INFO Utils: Successfully started service 'org.apache.spark.network.netty.NettyBlockTransferService' on port 38609.
[2025-08-18T14:15:28.563+0000] {subprocess.py:93} INFO - 25/08/18 14:15:28 INFO NettyBlockTransferService: Server created on 4bf6b336ccb3:38609
[2025-08-18T14:15:28.565+0000] {subprocess.py:93} INFO - 25/08/18 14:15:28 INFO BlockManager: Using org.apache.spark.storage.RandomBlockReplicationPolicy for block replication policy
[2025-08-18T14:15:28.608+0000] {subprocess.py:93} INFO - 25/08/18 14:15:28 INFO BlockManagerMaster: Registering BlockManager BlockManagerId(driver, 4bf6b336ccb3, 38609, None)
[2025-08-18T14:15:28.654+0000] {subprocess.py:93} INFO - 25/08/18 14:15:28 INFO BlockManagerMasterEndpoint: Registering block manager 4bf6b336ccb3:38609 with 434.4 MiB RAM, BlockManagerId(driver, 4bf6b336ccb3, 38609, None)
[2025-08-18T14:15:28.688+0000] {subprocess.py:93} INFO - 25/08/18 14:15:28 INFO BlockManagerMaster: Registered BlockManager BlockManagerId(driver, 4bf6b336ccb3, 38609, None)
[2025-08-18T14:15:28.709+0000] {subprocess.py:93} INFO - 25/08/18 14:15:28 INFO BlockManager: Initialized BlockManager: BlockManagerId(driver, 4bf6b336ccb3, 38609, None)
[2025-08-18T14:15:31.208+0000] {subprocess.py:93} INFO - 25/08/18 14:15:31 INFO StandaloneSchedulerBackend: SchedulerBackend is ready for scheduling beginning after reached minRegisteredResourcesRatio: 0.0
[2025-08-18T14:15:32.731+0000] {subprocess.py:93} INFO - 25/08/18 14:15:32 INFO SharedState: Setting hive.metastore.warehouse.dir ('null') to the value of spark.sql.warehouse.dir.
[2025-08-18T14:15:32.737+0000] {subprocess.py:93} INFO - 25/08/18 14:15:32 INFO SharedState: Warehouse path is 'file:/opt/bitnami/spark/spark-warehouse'.
[2025-08-18T14:15:43.322+0000] {subprocess.py:93} INFO - 25/08/18 14:15:43 INFO InMemoryFileIndex: It took 200 ms to list leaf files for 1 paths.
[2025-08-18T14:15:46.779+0000] {subprocess.py:93} INFO - 25/08/18 14:15:46 INFO SparkContext: Starting job: parquet at NativeMethodAccessorImpl.java:0
[2025-08-18T14:15:46.888+0000] {subprocess.py:93} INFO - 25/08/18 14:15:46 INFO DAGScheduler: Got job 0 (parquet at NativeMethodAccessorImpl.java:0) with 1 output partitions
[2025-08-18T14:15:46.892+0000] {subprocess.py:93} INFO - 25/08/18 14:15:46 INFO DAGScheduler: Final stage: ResultStage 0 (parquet at NativeMethodAccessorImpl.java:0)
[2025-08-18T14:15:46.900+0000] {subprocess.py:93} INFO - 25/08/18 14:15:46 INFO DAGScheduler: Parents of final stage: List()
[2025-08-18T14:15:46.918+0000] {subprocess.py:93} INFO - 25/08/18 14:15:46 INFO DAGScheduler: Missing parents: List()
[2025-08-18T14:15:46.957+0000] {subprocess.py:93} INFO - 25/08/18 14:15:46 INFO DAGScheduler: Submitting ResultStage 0 (MapPartitionsRDD[1] at parquet at NativeMethodAccessorImpl.java:0), which has no missing parents
[2025-08-18T14:15:47.771+0000] {subprocess.py:93} INFO - 25/08/18 14:15:47 INFO MemoryStore: Block broadcast_0 stored as values in memory (estimated size 104.5 KiB, free 434.3 MiB)
[2025-08-18T14:15:48.116+0000] {subprocess.py:93} INFO - 25/08/18 14:15:48 INFO MemoryStore: Block broadcast_0_piece0 stored as bytes in memory (estimated size 37.8 KiB, free 434.3 MiB)
[2025-08-18T14:15:48.161+0000] {subprocess.py:93} INFO - 25/08/18 14:15:48 INFO BlockManagerInfo: Added broadcast_0_piece0 in memory on 4bf6b336ccb3:38609 (size: 37.8 KiB, free: 434.4 MiB)
[2025-08-18T14:15:48.208+0000] {subprocess.py:93} INFO - 25/08/18 14:15:48 INFO SparkContext: Created broadcast 0 from broadcast at DAGScheduler.scala:1585
[2025-08-18T14:15:48.342+0000] {subprocess.py:93} INFO - 25/08/18 14:15:48 INFO DAGScheduler: Submitting 1 missing tasks from ResultStage 0 (MapPartitionsRDD[1] at parquet at NativeMethodAccessorImpl.java:0) (first 15 tasks are for partitions Vector(0))
[2025-08-18T14:15:48.350+0000] {subprocess.py:93} INFO - 25/08/18 14:15:48 INFO TaskSchedulerImpl: Adding task set 0.0 with 1 tasks resource profile 0
[2025-08-18T14:16:03.414+0000] {subprocess.py:93} INFO - 25/08/18 14:16:03 WARN TaskSchedulerImpl: Initial job has not accepted any resources; check your cluster UI to ensure that workers are registered and have sufficient resources
[2025-08-18T14:16:18.397+0000] {subprocess.py:93} INFO - 25/08/18 14:16:18 WARN TaskSchedulerImpl: Initial job has not accepted any resources; check your cluster UI to ensure that workers are registered and have sufficient resources
[2025-08-18T14:16:33.399+0000] {subprocess.py:93} INFO - 25/08/18 14:16:33 WARN TaskSchedulerImpl: Initial job has not accepted any resources; check your cluster UI to ensure that workers are registered and have sufficient resources
[2025-08-18T14:16:48.403+0000] {subprocess.py:93} INFO - 25/08/18 14:16:48 WARN TaskSchedulerImpl: Initial job has not accepted any resources; check your cluster UI to ensure that workers are registered and have sufficient resources
[2025-08-18T14:17:03.400+0000] {subprocess.py:93} INFO - 25/08/18 14:17:03 WARN TaskSchedulerImpl: Initial job has not accepted any resources; check your cluster UI to ensure that workers are registered and have sufficient resources
[2025-08-18T14:17:18.401+0000] {subprocess.py:93} INFO - 25/08/18 14:17:18 WARN TaskSchedulerImpl: Initial job has not accepted any resources; check your cluster UI to ensure that workers are registered and have sufficient resources
[2025-08-18T14:17:32.510+0000] {subprocess.py:93} INFO - 25/08/18 14:17:32 INFO StandaloneAppClient$ClientEndpoint: Executor added: app-20250818141528-0063/0 on worker-20250818100309-172.18.0.14-34047 (172.18.0.14:34047) with 4 core(s)
[2025-08-18T14:17:32.550+0000] {subprocess.py:93} INFO - 25/08/18 14:17:32 INFO StandaloneSchedulerBackend: Granted executor ID app-20250818141528-0063/0 on hostPort 172.18.0.14:34047 with 4 core(s), 1024.0 MiB RAM
[2025-08-18T14:17:32.551+0000] {subprocess.py:93} INFO - 25/08/18 14:17:32 INFO StandaloneAppClient$ClientEndpoint: Executor added: app-20250818141528-0063/1 on worker-20250818100311-172.18.0.13-33759 (172.18.0.13:33759) with 4 core(s)
[2025-08-18T14:17:32.551+0000] {subprocess.py:93} INFO - 25/08/18 14:17:32 INFO StandaloneSchedulerBackend: Granted executor ID app-20250818141528-0063/1 on hostPort 172.18.0.13:33759 with 4 core(s), 1024.0 MiB RAM
[2025-08-18T14:17:32.551+0000] {subprocess.py:93} INFO - 25/08/18 14:17:32 INFO StandaloneAppClient$ClientEndpoint: Executor added: app-20250818141528-0063/2 on worker-20250818100314-172.18.0.12-34745 (172.18.0.12:34745) with 4 core(s)
[2025-08-18T14:17:32.566+0000] {subprocess.py:93} INFO - 25/08/18 14:17:32 INFO StandaloneSchedulerBackend: Granted executor ID app-20250818141528-0063/2 on hostPort 172.18.0.12:34745 with 4 core(s), 1024.0 MiB RAM
[2025-08-18T14:17:32.904+0000] {subprocess.py:93} INFO - 25/08/18 14:17:32 INFO StandaloneAppClient$ClientEndpoint: Executor updated: app-20250818141528-0063/0 is now RUNNING
[2025-08-18T14:17:32.906+0000] {subprocess.py:93} INFO - 25/08/18 14:17:32 INFO StandaloneAppClient$ClientEndpoint: Executor updated: app-20250818141528-0063/1 is now RUNNING
[2025-08-18T14:17:32.912+0000] {subprocess.py:93} INFO - 25/08/18 14:17:32 INFO StandaloneAppClient$ClientEndpoint: Executor updated: app-20250818141528-0063/2 is now RUNNING
[2025-08-18T14:17:33.400+0000] {subprocess.py:93} INFO - 25/08/18 14:17:33 WARN TaskSchedulerImpl: Initial job has not accepted any resources; check your cluster UI to ensure that workers are registered and have sufficient resources
[2025-08-18T14:17:46.113+0000] {subprocess.py:93} INFO - 25/08/18 14:17:46 INFO StandaloneSchedulerBackend$StandaloneDriverEndpoint: Registered executor NettyRpcEndpointRef(spark-client://Executor) (172.18.0.13:51308) with ID 1,  ResourceProfileId 0
[2025-08-18T14:17:47.228+0000] {subprocess.py:93} INFO - 25/08/18 14:17:47 INFO BlockManagerMasterEndpoint: Registering block manager 172.18.0.13:41603 with 434.4 MiB RAM, BlockManagerId(1, 172.18.0.13, 41603, None)
[2025-08-18T14:17:48.212+0000] {subprocess.py:93} INFO - 25/08/18 14:17:48 INFO StandaloneSchedulerBackend$StandaloneDriverEndpoint: Registered executor NettyRpcEndpointRef(spark-client://Executor) (172.18.0.14:56212) with ID 0,  ResourceProfileId 0
[2025-08-18T14:17:48.634+0000] {subprocess.py:93} INFO - 25/08/18 14:17:48 INFO TaskSetManager: Starting task 0.0 in stage 0.0 (TID 0) (172.18.0.13, executor 1, partition 0, PROCESS_LOCAL, 8106 bytes)
[2025-08-18T14:17:48.735+0000] {subprocess.py:93} INFO - 25/08/18 14:17:48 INFO BlockManagerMasterEndpoint: Registering block manager 172.18.0.14:46469 with 434.4 MiB RAM, BlockManagerId(0, 172.18.0.14, 46469, None)
[2025-08-18T14:17:49.677+0000] {subprocess.py:93} INFO - 25/08/18 14:17:49 INFO StandaloneSchedulerBackend$StandaloneDriverEndpoint: Registered executor NettyRpcEndpointRef(spark-client://Executor) (172.18.0.12:55350) with ID 2,  ResourceProfileId 0
[2025-08-18T14:17:49.962+0000] {subprocess.py:93} INFO - 25/08/18 14:17:49 INFO BlockManagerMasterEndpoint: Registering block manager 172.18.0.12:37459 with 434.4 MiB RAM, BlockManagerId(2, 172.18.0.12, 37459, None)
[2025-08-18T14:17:50.059+0000] {subprocess.py:93} INFO - 25/08/18 14:17:50 INFO BlockManagerInfo: Added broadcast_0_piece0 in memory on 172.18.0.13:41603 (size: 37.8 KiB, free: 434.4 MiB)
[2025-08-18T14:17:51.263+0000] {subprocess.py:93} INFO - 25/08/18 14:17:51 INFO TaskSetManager: Finished task 0.0 in stage 0.0 (TID 0) in 2768 ms on 172.18.0.13 (executor 1) (1/1)
[2025-08-18T14:17:51.270+0000] {subprocess.py:93} INFO - 25/08/18 14:17:51 INFO TaskSchedulerImpl: Removed TaskSet 0.0, whose tasks have all completed, from pool
[2025-08-18T14:17:51.279+0000] {subprocess.py:93} INFO - 25/08/18 14:17:51 INFO DAGScheduler: ResultStage 0 (parquet at NativeMethodAccessorImpl.java:0) finished in 124.125 s
[2025-08-18T14:17:51.291+0000] {subprocess.py:93} INFO - 25/08/18 14:17:51 INFO DAGScheduler: Job 0 is finished. Cancelling potential speculative or zombie tasks for this job
[2025-08-18T14:17:51.296+0000] {subprocess.py:93} INFO - 25/08/18 14:17:51 INFO TaskSchedulerImpl: Killing all running tasks in stage 0: Stage finished
[2025-08-18T14:17:51.309+0000] {subprocess.py:93} INFO - 25/08/18 14:17:51 INFO DAGScheduler: Job 0 finished: parquet at NativeMethodAccessorImpl.java:0, took 124.528963 s
[2025-08-18T14:17:51.759+0000] {subprocess.py:93} INFO - 25/08/18 14:17:51 INFO BlockManagerInfo: Removed broadcast_0_piece0 on 4bf6b336ccb3:38609 in memory (size: 37.8 KiB, free: 434.4 MiB)
[2025-08-18T14:17:51.812+0000] {subprocess.py:93} INFO - 25/08/18 14:17:51 INFO BlockManagerInfo: Removed broadcast_0_piece0 on 172.18.0.13:41603 in memory (size: 37.8 KiB, free: 434.4 MiB)
[2025-08-18T14:17:51.947+0000] {subprocess.py:93} INFO - Traceback (most recent call last):
[2025-08-18T14:17:51.948+0000] {subprocess.py:93} INFO -   File "/opt/***/jobs/star_schema/golden_to_star_citus.py", line 33, in <module>
[2025-08-18T14:17:51.954+0000] {subprocess.py:93} INFO -     df = spark.read.parquet(golden_path)
[2025-08-18T14:17:51.955+0000] {subprocess.py:93} INFO -          ^^^^^^^^^^^^^^^^^^^^^^^^^^^^^^^
[2025-08-18T14:17:51.955+0000] {subprocess.py:93} INFO -   File "/opt/bitnami/spark/python/lib/pyspark.zip/pyspark/sql/readwriter.py", line 544, in parquet
[2025-08-18T14:17:51.959+0000] {subprocess.py:93} INFO -   File "/opt/bitnami/spark/python/lib/py4j-0.10.9.7-src.zip/py4j/java_gateway.py", line 1322, in __call__
[2025-08-18T14:17:51.965+0000] {subprocess.py:93} INFO -   File "/opt/bitnami/spark/python/lib/pyspark.zip/pyspark/errors/exceptions/captured.py", line 185, in deco
[2025-08-18T14:17:52.019+0000] {subprocess.py:93} INFO - pyspark.errors.exceptions.captured.AnalysisException: [UNABLE_TO_INFER_SCHEMA] Unable to infer schema for Parquet. It must be specified manually.
[2025-08-18T14:17:52.115+0000] {subprocess.py:93} INFO - 25/08/18 14:17:52 INFO SparkContext: Invoking stop() from shutdown hook
[2025-08-18T14:17:52.117+0000] {subprocess.py:93} INFO - 25/08/18 14:17:52 INFO SparkContext: SparkContext is stopping with exitCode 0.
[2025-08-18T14:17:52.131+0000] {subprocess.py:93} INFO - 25/08/18 14:17:52 INFO SparkUI: Stopped Spark web UI at http://4bf6b336ccb3:4044
[2025-08-18T14:17:52.142+0000] {subprocess.py:93} INFO - 25/08/18 14:17:52 INFO StandaloneSchedulerBackend: Shutting down all executors
[2025-08-18T14:17:52.143+0000] {subprocess.py:93} INFO - 25/08/18 14:17:52 INFO StandaloneSchedulerBackend$StandaloneDriverEndpoint: Asking each executor to shut down
[2025-08-18T14:17:52.288+0000] {subprocess.py:93} INFO - 25/08/18 14:17:52 INFO MapOutputTrackerMasterEndpoint: MapOutputTrackerMasterEndpoint stopped!
[2025-08-18T14:17:52.461+0000] {subprocess.py:93} INFO - 25/08/18 14:17:52 INFO MemoryStore: MemoryStore cleared
[2025-08-18T14:17:52.462+0000] {subprocess.py:93} INFO - 25/08/18 14:17:52 INFO BlockManager: BlockManager stopped
[2025-08-18T14:17:52.511+0000] {subprocess.py:93} INFO - 25/08/18 14:17:52 INFO BlockManagerMaster: BlockManagerMaster stopped
[2025-08-18T14:17:52.530+0000] {subprocess.py:93} INFO - 25/08/18 14:17:52 INFO OutputCommitCoordinator$OutputCommitCoordinatorEndpoint: OutputCommitCoordinator stopped!
[2025-08-18T14:17:52.584+0000] {subprocess.py:93} INFO - 25/08/18 14:17:52 INFO SparkContext: Successfully stopped SparkContext
[2025-08-18T14:17:52.587+0000] {subprocess.py:93} INFO - 25/08/18 14:17:52 INFO ShutdownHookManager: Shutdown hook called
[2025-08-18T14:17:52.591+0000] {subprocess.py:93} INFO - 25/08/18 14:17:52 INFO ShutdownHookManager: Deleting directory /tmp/spark-15ee8929-1450-43e0-ae90-d8bb39af84a0
[2025-08-18T14:17:52.602+0000] {subprocess.py:93} INFO - 25/08/18 14:17:52 INFO ShutdownHookManager: Deleting directory /tmp/spark-8054d545-02c7-4254-8018-73e204be0a8c
[2025-08-18T14:17:52.618+0000] {subprocess.py:93} INFO - 25/08/18 14:17:52 INFO ShutdownHookManager: Deleting directory /tmp/spark-8054d545-02c7-4254-8018-73e204be0a8c/pyspark-d4b9b0bc-8183-412b-962b-3842533f8d1b
[2025-08-18T14:17:52.795+0000] {subprocess.py:97} INFO - Command exited with return code 1
[2025-08-18T14:17:52.806+0000] {taskinstance.py:441} INFO - ::group::Post task execution logs
[2025-08-18T14:17:52.855+0000] {taskinstance.py:2890} ERROR - Task failed with exception
Traceback (most recent call last):
  File "/home/airflow/.local/lib/python3.9/site-packages/airflow/models/taskinstance.py", line 465, in _execute_task
    result = _execute_callable(context=context, **execute_callable_kwargs)
  File "/home/airflow/.local/lib/python3.9/site-packages/airflow/models/taskinstance.py", line 432, in _execute_callable
    return execute_callable(context=context, **execute_callable_kwargs)
  File "/home/airflow/.local/lib/python3.9/site-packages/airflow/models/baseoperator.py", line 400, in wrapper
    return func(self, *args, **kwargs)
  File "/home/airflow/.local/lib/python3.9/site-packages/airflow/operators/bash.py", line 243, in execute
    raise AirflowException(
airflow.exceptions.AirflowException: Bash command failed. The command returned a non-zero exit code 1.
[2025-08-18T14:17:52.868+0000] {taskinstance.py:1205} INFO - Marking task as UP_FOR_RETRY. dag_id=youtube_pipeline_batch_data, task_id=golden_to_star, execution_date=20250818T134453, start_date=20250818T141501, end_date=20250818T141752
[2025-08-18T14:17:52.922+0000] {standard_task_runner.py:110} ERROR - Failed to execute job 389 for task golden_to_star (Bash command failed. The command returned a non-zero exit code 1.; 6162)
[2025-08-18T14:17:52.976+0000] {local_task_job_runner.py:240} INFO - Task exited with return code 1
[2025-08-18T14:17:53.180+0000] {taskinstance.py:3482} INFO - 0 downstream tasks scheduled from follow-on schedule check
[2025-08-18T14:17:53.195+0000] {local_task_job_runner.py:222} INFO - ::endgroup::
