[2025-08-19T09:11:13.207+0000] {local_task_job_runner.py:120} INFO - ::group::Pre task execution logs
[2025-08-19T09:11:13.247+0000] {taskinstance.py:2073} INFO - Dependencies all met for dep_context=non-requeueable deps ti=<TaskInstance: youtube_pipeline_batch_data.drop_views manual__2025-08-19T09:11:07.475998+00:00 [queued]>
[2025-08-19T09:11:13.258+0000] {taskinstance.py:2073} INFO - Dependencies all met for dep_context=requeueable deps ti=<TaskInstance: youtube_pipeline_batch_data.drop_views manual__2025-08-19T09:11:07.475998+00:00 [queued]>
[2025-08-19T09:11:13.258+0000] {taskinstance.py:2303} INFO - Starting attempt 1 of 4
[2025-08-19T09:11:13.282+0000] {taskinstance.py:2327} INFO - Executing <Task(BashOperator): drop_views> on 2025-08-19 09:11:07.475998+00:00
[2025-08-19T09:11:13.290+0000] {standard_task_runner.py:63} INFO - Started process 1990 to run task
[2025-08-19T09:11:13.295+0000] {standard_task_runner.py:90} INFO - Running: ['***', 'tasks', 'run', 'youtube_pipeline_batch_data', 'drop_views', 'manual__2025-08-19T09:11:07.475998+00:00', '--job-id', '581', '--raw', '--subdir', 'DAGS_FOLDER/youtube_pipeline.py', '--cfg-path', '/tmp/tmpnc7tde2b']
[2025-08-19T09:11:13.299+0000] {standard_task_runner.py:91} INFO - Job 581: Subtask drop_views
[2025-08-19T09:11:13.393+0000] {task_command.py:426} INFO - Running <TaskInstance: youtube_pipeline_batch_data.drop_views manual__2025-08-19T09:11:07.475998+00:00 [running]> on host 54bf3a3eaeab
[2025-08-19T09:11:13.535+0000] {taskinstance.py:2644} INFO - Exporting env vars: AIRFLOW_CTX_DAG_OWNER='***' AIRFLOW_CTX_DAG_ID='youtube_pipeline_batch_data' AIRFLOW_CTX_TASK_ID='drop_views' AIRFLOW_CTX_EXECUTION_DATE='2025-08-19T09:11:07.475998+00:00' AIRFLOW_CTX_TRY_NUMBER='1' AIRFLOW_CTX_DAG_RUN_ID='manual__2025-08-19T09:11:07.475998+00:00'
[2025-08-19T09:11:13.538+0000] {taskinstance.py:430} INFO - ::endgroup::
[2025-08-19T09:11:13.560+0000] {subprocess.py:63} INFO - Tmp dir root location: /tmp
[2025-08-19T09:11:13.561+0000] {subprocess.py:75} INFO - Running command: ['/usr/bin/bash', '-c', 'docker exec citus_coordinator psql -U citus -d youtube_dw -c "DROP VIEW IF EXISTS vw_q01_avg_views_comments CASCADE; DROP VIEW IF EXISTS vw_q02_top_engagement_channels CASCADE; DROP VIEW IF EXISTS vw_q03_gold_combinations CASCADE; DROP VIEW IF EXISTS vw_q04_problem_types CASCADE; DROP VIEW IF EXISTS vw_q05_tags_core_metrics CASCADE; DROP VIEW IF EXISTS vw_q06_magic_tags CASCADE; DROP VIEW IF EXISTS vw_q07_speed_to_viral CASCADE; DROP VIEW IF EXISTS vw_q08_desc_thumb_performance CASCADE; DROP VIEW IF EXISTS vw_q09_seasonal_launch CASCADE; DROP VIEW IF EXISTS vw_q10_channel_top_video CASCADE;"']
[2025-08-19T09:11:13.576+0000] {subprocess.py:86} INFO - Output:
[2025-08-19T09:11:13.774+0000] {subprocess.py:93} INFO - NOTICE:  view "vw_q01_avg_views_comments" does not exist, skipping
[2025-08-19T09:11:13.775+0000] {subprocess.py:93} INFO - NOTICE:  view "vw_q02_top_engagement_channels" does not exist, skipping
[2025-08-19T09:11:13.775+0000] {subprocess.py:93} INFO - NOTICE:  view "vw_q03_gold_combinations" does not exist, skipping
[2025-08-19T09:11:13.776+0000] {subprocess.py:93} INFO - NOTICE:  view "vw_q04_problem_types" does not exist, skipping
[2025-08-19T09:11:13.780+0000] {subprocess.py:93} INFO - NOTICE:  view "vw_q05_tags_core_metrics" does not exist, skipping
[2025-08-19T09:11:13.782+0000] {subprocess.py:93} INFO - NOTICE:  view "vw_q06_magic_tags" does not exist, skipping
[2025-08-19T09:11:13.783+0000] {subprocess.py:93} INFO - NOTICE:  view "vw_q07_speed_to_viral" does not exist, skipping
[2025-08-19T09:11:13.783+0000] {subprocess.py:93} INFO - NOTICE:  view "vw_q08_desc_thumb_performance" does not exist, skipping
[2025-08-19T09:11:13.784+0000] {subprocess.py:93} INFO - NOTICE:  view "vw_q09_seasonal_launch" does not exist, skipping
[2025-08-19T09:11:13.785+0000] {subprocess.py:93} INFO - NOTICE:  view "vw_q10_channel_top_video" does not exist, skipping
[2025-08-19T09:11:13.787+0000] {subprocess.py:93} INFO - DROP VIEW
[2025-08-19T09:11:13.788+0000] {subprocess.py:93} INFO - DROP VIEW
[2025-08-19T09:11:13.789+0000] {subprocess.py:93} INFO - DROP VIEW
[2025-08-19T09:11:13.793+0000] {subprocess.py:93} INFO - DROP VIEW
[2025-08-19T09:11:13.794+0000] {subprocess.py:93} INFO - DROP VIEW
[2025-08-19T09:11:13.794+0000] {subprocess.py:93} INFO - DROP VIEW
[2025-08-19T09:11:13.795+0000] {subprocess.py:93} INFO - DROP VIEW
[2025-08-19T09:11:13.797+0000] {subprocess.py:93} INFO - DROP VIEW
[2025-08-19T09:11:13.798+0000] {subprocess.py:93} INFO - DROP VIEW
[2025-08-19T09:11:13.799+0000] {subprocess.py:93} INFO - DROP VIEW
[2025-08-19T09:11:13.799+0000] {subprocess.py:97} INFO - Command exited with return code 0
[2025-08-19T09:11:13.800+0000] {taskinstance.py:441} INFO - ::group::Post task execution logs
[2025-08-19T09:11:13.860+0000] {taskinstance.py:1205} INFO - Marking task as SUCCESS. dag_id=youtube_pipeline_batch_data, task_id=drop_views, execution_date=20250819T091107, start_date=20250819T091113, end_date=20250819T091113
[2025-08-19T09:11:13.917+0000] {local_task_job_runner.py:240} INFO - Task exited with return code 0
[2025-08-19T09:11:13.992+0000] {taskinstance.py:3482} INFO - 1 downstream tasks scheduled from follow-on schedule check
[2025-08-19T09:11:14.001+0000] {local_task_job_runner.py:222} INFO - ::endgroup::
