[2025-08-18T14:06:43.672+0000] {local_task_job_runner.py:120} INFO - ::group::Pre task execution logs
[2025-08-18T14:06:43.806+0000] {taskinstance.py:2073} INFO - Dependencies all met for dep_context=non-requeueable deps ti=<TaskInstance: youtube_pipeline_batch_data.golden_to_star manual__2025-08-18T13:52:02.048845+00:00 [queued]>
[2025-08-18T14:06:43.840+0000] {taskinstance.py:2073} INFO - Dependencies all met for dep_context=requeueable deps ti=<TaskInstance: youtube_pipeline_batch_data.golden_to_star manual__2025-08-18T13:52:02.048845+00:00 [queued]>
[2025-08-18T14:06:43.840+0000] {taskinstance.py:2303} INFO - Starting attempt 1 of 4
[2025-08-18T14:06:43.960+0000] {taskinstance.py:2327} INFO - Executing <Task(BashOperator): golden_to_star> on 2025-08-18 13:52:02.048845+00:00
[2025-08-18T14:06:44.011+0000] {standard_task_runner.py:63} INFO - Started process 5957 to run task
[2025-08-18T14:06:44.030+0000] {standard_task_runner.py:90} INFO - Running: ['***', 'tasks', 'run', 'youtube_pipeline_batch_data', 'golden_to_star', 'manual__2025-08-18T13:52:02.048845+00:00', '--job-id', '377', '--raw', '--subdir', 'DAGS_FOLDER/youtube_pipeline.py', '--cfg-path', '/tmp/tmpxujm5ltq']
[2025-08-18T14:06:44.038+0000] {standard_task_runner.py:91} INFO - Job 377: Subtask golden_to_star
[2025-08-18T14:06:44.364+0000] {task_command.py:426} INFO - Running <TaskInstance: youtube_pipeline_batch_data.golden_to_star manual__2025-08-18T13:52:02.048845+00:00 [running]> on host 47205959681c
[2025-08-18T14:06:45.055+0000] {taskinstance.py:2644} INFO - Exporting env vars: AIRFLOW_CTX_DAG_OWNER='***' AIRFLOW_CTX_DAG_ID='youtube_pipeline_batch_data' AIRFLOW_CTX_TASK_ID='golden_to_star' AIRFLOW_CTX_EXECUTION_DATE='2025-08-18T13:52:02.048845+00:00' AIRFLOW_CTX_TRY_NUMBER='1' AIRFLOW_CTX_DAG_RUN_ID='manual__2025-08-18T13:52:02.048845+00:00'
[2025-08-18T14:06:45.057+0000] {taskinstance.py:430} INFO - ::endgroup::
[2025-08-18T14:06:45.212+0000] {subprocess.py:63} INFO - Tmp dir root location: /tmp
[2025-08-18T14:06:45.224+0000] {subprocess.py:75} INFO - Running command: ['/usr/bin/bash', '-c', 'docker exec youtube-pipeline-project_spark-master_1 spark-submit --master spark://spark-master:7077 --deploy-mode client --packages org.postgresql:postgresql:42.6.0 /opt/***/jobs/star_schema/golden_to_star_citus.py']
[2025-08-18T14:06:45.273+0000] {subprocess.py:86} INFO - Output:
[2025-08-18T14:07:04.541+0000] {subprocess.py:93} INFO - :: loading settings :: url = jar:file:/opt/bitnami/spark/jars/ivy-2.5.1.jar!/org/apache/ivy/core/settings/ivysettings.xml
[2025-08-18T14:07:04.884+0000] {subprocess.py:93} INFO - Ivy Default Cache set to: /opt/bitnami/spark/.ivy2/cache
[2025-08-18T14:07:04.885+0000] {subprocess.py:93} INFO - The jars for the packages stored in: /opt/bitnami/spark/.ivy2/jars
[2025-08-18T14:07:04.919+0000] {subprocess.py:93} INFO - org.postgresql#postgresql added as a dependency
[2025-08-18T14:07:04.923+0000] {subprocess.py:93} INFO - :: resolving dependencies :: org.apache.spark#spark-submit-parent-e767696f-f50c-4ca7-9956-5d73f04ef4f5;1.0
[2025-08-18T14:07:04.924+0000] {subprocess.py:93} INFO - 	confs: [default]
[2025-08-18T14:07:05.338+0000] {subprocess.py:93} INFO - 	found org.postgresql#postgresql;42.6.0 in central
[2025-08-18T14:07:05.495+0000] {subprocess.py:93} INFO - 	found org.checkerframework#checker-qual;3.31.0 in central
[2025-08-18T14:07:05.551+0000] {subprocess.py:93} INFO - :: resolution report :: resolve 609ms :: artifacts dl 21ms
[2025-08-18T14:07:05.552+0000] {subprocess.py:93} INFO - 	:: modules in use:
[2025-08-18T14:07:05.553+0000] {subprocess.py:93} INFO - 	org.checkerframework#checker-qual;3.31.0 from central in [default]
[2025-08-18T14:07:05.554+0000] {subprocess.py:93} INFO - 	org.postgresql#postgresql;42.6.0 from central in [default]
[2025-08-18T14:07:05.554+0000] {subprocess.py:93} INFO - 	---------------------------------------------------------------------
[2025-08-18T14:07:05.554+0000] {subprocess.py:93} INFO - 	|                  |            modules            ||   artifacts   |
[2025-08-18T14:07:05.555+0000] {subprocess.py:93} INFO - 	|       conf       | number| search|dwnlded|evicted|| number|dwnlded|
[2025-08-18T14:07:05.558+0000] {subprocess.py:93} INFO - 	---------------------------------------------------------------------
[2025-08-18T14:07:05.559+0000] {subprocess.py:93} INFO - 	|      default     |   2   |   0   |   0   |   0   ||   2   |   0   |
[2025-08-18T14:07:05.563+0000] {subprocess.py:93} INFO - 	---------------------------------------------------------------------
[2025-08-18T14:07:05.564+0000] {subprocess.py:93} INFO - :: retrieving :: org.apache.spark#spark-submit-parent-e767696f-f50c-4ca7-9956-5d73f04ef4f5
[2025-08-18T14:07:05.564+0000] {subprocess.py:93} INFO - 	confs: [default]
[2025-08-18T14:07:05.574+0000] {subprocess.py:93} INFO - 	0 artifacts copied, 2 already retrieved (0kB/17ms)
[2025-08-18T14:07:07.216+0000] {subprocess.py:93} INFO - 25/08/18 14:07:07 WARN NativeCodeLoader: Unable to load native-hadoop library for your platform... using builtin-java classes where applicable
[2025-08-18T14:07:12.715+0000] {subprocess.py:93} INFO - 25/08/18 14:07:12 INFO SparkContext: Running Spark version 3.5.1
[2025-08-18T14:07:12.716+0000] {subprocess.py:93} INFO - 25/08/18 14:07:12 INFO SparkContext: OS info Linux, 6.11.0-29-generic, amd64
[2025-08-18T14:07:12.719+0000] {subprocess.py:93} INFO - 25/08/18 14:07:12 INFO SparkContext: Java version 17.0.12
[2025-08-18T14:07:12.852+0000] {subprocess.py:93} INFO - 25/08/18 14:07:12 INFO ResourceUtils: ==============================================================
[2025-08-18T14:07:12.853+0000] {subprocess.py:93} INFO - 25/08/18 14:07:12 INFO ResourceUtils: No custom resources configured for spark.driver.
[2025-08-18T14:07:12.859+0000] {subprocess.py:93} INFO - 25/08/18 14:07:12 INFO ResourceUtils: ==============================================================
[2025-08-18T14:07:12.862+0000] {subprocess.py:93} INFO - 25/08/18 14:07:12 INFO SparkContext: Submitted application: Golden to Star Schema in Citus
[2025-08-18T14:07:12.935+0000] {subprocess.py:93} INFO - 25/08/18 14:07:12 INFO ResourceProfile: Default ResourceProfile created, executor resources: Map(memory -> name: memory, amount: 1024, script: , vendor: , offHeap -> name: offHeap, amount: 0, script: , vendor: ), task resources: Map(cpus -> name: cpus, amount: 1.0)
[2025-08-18T14:07:12.958+0000] {subprocess.py:93} INFO - 25/08/18 14:07:12 INFO ResourceProfile: Limiting resource is cpu
[2025-08-18T14:07:12.963+0000] {subprocess.py:93} INFO - 25/08/18 14:07:12 INFO ResourceProfileManager: Added ResourceProfile id: 0
[2025-08-18T14:07:13.191+0000] {subprocess.py:93} INFO - 25/08/18 14:07:13 INFO SecurityManager: Changing view acls to: spark
[2025-08-18T14:07:13.196+0000] {subprocess.py:93} INFO - 25/08/18 14:07:13 INFO SecurityManager: Changing modify acls to: spark
[2025-08-18T14:07:13.199+0000] {subprocess.py:93} INFO - 25/08/18 14:07:13 INFO SecurityManager: Changing view acls groups to:
[2025-08-18T14:07:13.202+0000] {subprocess.py:93} INFO - 25/08/18 14:07:13 INFO SecurityManager: Changing modify acls groups to:
[2025-08-18T14:07:13.203+0000] {subprocess.py:93} INFO - 25/08/18 14:07:13 INFO SecurityManager: SecurityManager: authentication disabled; ui acls disabled; users with view permissions: spark; groups with view permissions: EMPTY; users with modify permissions: spark; groups with modify permissions: EMPTY
[2025-08-18T14:07:15.749+0000] {subprocess.py:93} INFO - 25/08/18 14:07:15 INFO Utils: Successfully started service 'sparkDriver' on port 38257.
[2025-08-18T14:07:16.351+0000] {subprocess.py:93} INFO - 25/08/18 14:07:16 INFO SparkEnv: Registering MapOutputTracker
[2025-08-18T14:07:17.123+0000] {subprocess.py:93} INFO - 25/08/18 14:07:17 INFO SparkEnv: Registering BlockManagerMaster
[2025-08-18T14:07:17.413+0000] {subprocess.py:93} INFO - 25/08/18 14:07:17 INFO BlockManagerMasterEndpoint: Using org.apache.spark.storage.DefaultTopologyMapper for getting topology information
[2025-08-18T14:07:17.448+0000] {subprocess.py:93} INFO - 25/08/18 14:07:17 INFO BlockManagerMasterEndpoint: BlockManagerMasterEndpoint up
[2025-08-18T14:07:17.572+0000] {subprocess.py:93} INFO - 25/08/18 14:07:17 INFO SparkEnv: Registering BlockManagerMasterHeartbeat
[2025-08-18T14:07:17.882+0000] {subprocess.py:93} INFO - 25/08/18 14:07:17 INFO DiskBlockManager: Created local directory at /tmp/blockmgr-2e39de70-21f0-45b7-9b52-c240417aa0c0
[2025-08-18T14:07:18.026+0000] {subprocess.py:93} INFO - 25/08/18 14:07:18 INFO MemoryStore: MemoryStore started with capacity 434.4 MiB
[2025-08-18T14:07:18.085+0000] {subprocess.py:93} INFO - 25/08/18 14:07:18 INFO SparkEnv: Registering OutputCommitCoordinator
[2025-08-18T14:07:19.822+0000] {subprocess.py:93} INFO - 25/08/18 14:07:19 INFO JettyUtils: Start Jetty 0.0.0.0:4040 for SparkUI
[2025-08-18T14:07:21.253+0000] {subprocess.py:93} INFO - 25/08/18 14:07:21 INFO Utils: Successfully started service 'SparkUI' on port 4040.
[2025-08-18T14:07:21.478+0000] {subprocess.py:93} INFO - 25/08/18 14:07:21 INFO SparkContext: Added JAR file:///opt/bitnami/spark/.ivy2/jars/org.postgresql_postgresql-42.6.0.jar at spark://4bf6b336ccb3:38257/jars/org.postgresql_postgresql-42.6.0.jar with timestamp 1755526032639
[2025-08-18T14:07:21.483+0000] {subprocess.py:93} INFO - 25/08/18 14:07:21 INFO SparkContext: Added JAR file:///opt/bitnami/spark/.ivy2/jars/org.checkerframework_checker-qual-3.31.0.jar at spark://4bf6b336ccb3:38257/jars/org.checkerframework_checker-qual-3.31.0.jar with timestamp 1755526032639
[2025-08-18T14:07:21.502+0000] {subprocess.py:93} INFO - 25/08/18 14:07:21 INFO SparkContext: Added file file:///opt/bitnami/spark/.ivy2/jars/org.postgresql_postgresql-42.6.0.jar at spark://4bf6b336ccb3:38257/files/org.postgresql_postgresql-42.6.0.jar with timestamp 1755526032639
[2025-08-18T14:07:21.510+0000] {subprocess.py:93} INFO - 25/08/18 14:07:21 INFO Utils: Copying /opt/bitnami/spark/.ivy2/jars/org.postgresql_postgresql-42.6.0.jar to /tmp/spark-f7b8d268-d84c-44f0-a57e-4c4624fe015d/userFiles-b428a3a9-42ec-438e-9f10-c543be1e1cef/org.postgresql_postgresql-42.6.0.jar
[2025-08-18T14:07:21.625+0000] {subprocess.py:93} INFO - 25/08/18 14:07:21 INFO SparkContext: Added file file:///opt/bitnami/spark/.ivy2/jars/org.checkerframework_checker-qual-3.31.0.jar at spark://4bf6b336ccb3:38257/files/org.checkerframework_checker-qual-3.31.0.jar with timestamp 1755526032639
[2025-08-18T14:07:21.633+0000] {subprocess.py:93} INFO - 25/08/18 14:07:21 INFO Utils: Copying /opt/bitnami/spark/.ivy2/jars/org.checkerframework_checker-qual-3.31.0.jar to /tmp/spark-f7b8d268-d84c-44f0-a57e-4c4624fe015d/userFiles-b428a3a9-42ec-438e-9f10-c543be1e1cef/org.checkerframework_checker-qual-3.31.0.jar
[2025-08-18T14:07:22.991+0000] {subprocess.py:93} INFO - 25/08/18 14:07:22 INFO StandaloneAppClient$ClientEndpoint: Connecting to master spark://spark-master:7077...
[2025-08-18T14:07:23.255+0000] {subprocess.py:93} INFO - 25/08/18 14:07:23 INFO TransportClientFactory: Successfully created connection to spark-master/172.18.0.7:7077 after 48 ms (0 ms spent in bootstraps)
[2025-08-18T14:07:24.486+0000] {subprocess.py:93} INFO - 25/08/18 14:07:24 INFO StandaloneSchedulerBackend: Connected to Spark cluster with app ID app-20250818140724-0055
[2025-08-18T14:07:24.618+0000] {subprocess.py:93} INFO - 25/08/18 14:07:24 INFO Utils: Successfully started service 'org.apache.spark.network.netty.NettyBlockTransferService' on port 40357.
[2025-08-18T14:07:24.619+0000] {subprocess.py:93} INFO - 25/08/18 14:07:24 INFO NettyBlockTransferService: Server created on 4bf6b336ccb3:40357
[2025-08-18T14:07:24.655+0000] {subprocess.py:93} INFO - 25/08/18 14:07:24 INFO BlockManager: Using org.apache.spark.storage.RandomBlockReplicationPolicy for block replication policy
[2025-08-18T14:07:24.749+0000] {subprocess.py:93} INFO - 25/08/18 14:07:24 INFO BlockManagerMaster: Registering BlockManager BlockManagerId(driver, 4bf6b336ccb3, 40357, None)
[2025-08-18T14:07:24.793+0000] {subprocess.py:93} INFO - 25/08/18 14:07:24 INFO BlockManagerMasterEndpoint: Registering block manager 4bf6b336ccb3:40357 with 434.4 MiB RAM, BlockManagerId(driver, 4bf6b336ccb3, 40357, None)
[2025-08-18T14:07:24.848+0000] {subprocess.py:93} INFO - 25/08/18 14:07:24 INFO BlockManagerMaster: Registered BlockManager BlockManagerId(driver, 4bf6b336ccb3, 40357, None)
[2025-08-18T14:07:24.865+0000] {subprocess.py:93} INFO - 25/08/18 14:07:24 INFO BlockManager: Initialized BlockManager: BlockManagerId(driver, 4bf6b336ccb3, 40357, None)
[2025-08-18T14:07:28.222+0000] {subprocess.py:93} INFO - 25/08/18 14:07:28 INFO StandaloneSchedulerBackend: SchedulerBackend is ready for scheduling beginning after reached minRegisteredResourcesRatio: 0.0
[2025-08-18T14:07:31.567+0000] {subprocess.py:93} INFO - 25/08/18 14:07:31 INFO SharedState: Setting hive.metastore.warehouse.dir ('null') to the value of spark.sql.warehouse.dir.
[2025-08-18T14:07:31.606+0000] {subprocess.py:93} INFO - 25/08/18 14:07:31 INFO SharedState: Warehouse path is 'file:/opt/bitnami/spark/spark-warehouse'.
[2025-08-18T14:07:50.181+0000] {subprocess.py:93} INFO - 25/08/18 14:07:50 INFO InMemoryFileIndex: It took 124 ms to list leaf files for 1 paths.
[2025-08-18T14:07:55.436+0000] {subprocess.py:93} INFO - 25/08/18 14:07:55 INFO SparkContext: Starting job: parquet at NativeMethodAccessorImpl.java:0
[2025-08-18T14:07:55.687+0000] {subprocess.py:93} INFO - 25/08/18 14:07:55 INFO DAGScheduler: Got job 0 (parquet at NativeMethodAccessorImpl.java:0) with 1 output partitions
[2025-08-18T14:07:55.691+0000] {subprocess.py:93} INFO - 25/08/18 14:07:55 INFO DAGScheduler: Final stage: ResultStage 0 (parquet at NativeMethodAccessorImpl.java:0)
[2025-08-18T14:07:55.692+0000] {subprocess.py:93} INFO - 25/08/18 14:07:55 INFO DAGScheduler: Parents of final stage: List()
[2025-08-18T14:07:55.699+0000] {subprocess.py:93} INFO - 25/08/18 14:07:55 INFO DAGScheduler: Missing parents: List()
[2025-08-18T14:07:55.713+0000] {subprocess.py:93} INFO - 25/08/18 14:07:55 INFO DAGScheduler: Submitting ResultStage 0 (MapPartitionsRDD[1] at parquet at NativeMethodAccessorImpl.java:0), which has no missing parents
[2025-08-18T14:07:56.768+0000] {subprocess.py:93} INFO - 25/08/18 14:07:56 INFO MemoryStore: Block broadcast_0 stored as values in memory (estimated size 104.5 KiB, free 434.3 MiB)
[2025-08-18T14:07:57.103+0000] {subprocess.py:93} INFO - 25/08/18 14:07:57 INFO AsyncEventQueue: Process of event SparkListenerJobStart(0,1755526075697,WrappedArray(org.apache.spark.scheduler.StageInfo@55a25483),{spark.rdd.scope={"id":"2","name":"collect"}, spark.rdd.scope.noOverride=true}) by listener AppStatusListener took 1.30676163s.
[2025-08-18T14:07:57.222+0000] {subprocess.py:93} INFO - 25/08/18 14:07:57 INFO MemoryStore: Block broadcast_0_piece0 stored as bytes in memory (estimated size 37.8 KiB, free 434.3 MiB)
[2025-08-18T14:07:57.346+0000] {subprocess.py:93} INFO - 25/08/18 14:07:57 INFO BlockManagerInfo: Added broadcast_0_piece0 in memory on 4bf6b336ccb3:40357 (size: 37.8 KiB, free: 434.4 MiB)
[2025-08-18T14:07:57.478+0000] {subprocess.py:93} INFO - 25/08/18 14:07:57 INFO SparkContext: Created broadcast 0 from broadcast at DAGScheduler.scala:1585
[2025-08-18T14:07:57.705+0000] {subprocess.py:93} INFO - 25/08/18 14:07:57 INFO DAGScheduler: Submitting 1 missing tasks from ResultStage 0 (MapPartitionsRDD[1] at parquet at NativeMethodAccessorImpl.java:0) (first 15 tasks are for partitions Vector(0))
[2025-08-18T14:07:57.713+0000] {subprocess.py:93} INFO - 25/08/18 14:07:57 INFO TaskSchedulerImpl: Adding task set 0.0 with 1 tasks resource profile 0
[2025-08-18T14:08:12.751+0000] {subprocess.py:93} INFO - 25/08/18 14:08:12 WARN TaskSchedulerImpl: Initial job has not accepted any resources; check your cluster UI to ensure that workers are registered and have sufficient resources
[2025-08-18T14:08:27.752+0000] {subprocess.py:93} INFO - 25/08/18 14:08:27 WARN TaskSchedulerImpl: Initial job has not accepted any resources; check your cluster UI to ensure that workers are registered and have sufficient resources
[2025-08-18T14:08:42.753+0000] {subprocess.py:93} INFO - 25/08/18 14:08:42 WARN TaskSchedulerImpl: Initial job has not accepted any resources; check your cluster UI to ensure that workers are registered and have sufficient resources
[2025-08-18T14:08:57.758+0000] {subprocess.py:93} INFO - 25/08/18 14:08:57 WARN TaskSchedulerImpl: Initial job has not accepted any resources; check your cluster UI to ensure that workers are registered and have sufficient resources
[2025-08-18T14:09:12.752+0000] {subprocess.py:93} INFO - 25/08/18 14:09:12 WARN TaskSchedulerImpl: Initial job has not accepted any resources; check your cluster UI to ensure that workers are registered and have sufficient resources
[2025-08-18T14:09:27.767+0000] {subprocess.py:93} INFO - 25/08/18 14:09:27 WARN TaskSchedulerImpl: Initial job has not accepted any resources; check your cluster UI to ensure that workers are registered and have sufficient resources
[2025-08-18T14:09:42.753+0000] {subprocess.py:93} INFO - 25/08/18 14:09:42 WARN TaskSchedulerImpl: Initial job has not accepted any resources; check your cluster UI to ensure that workers are registered and have sufficient resources
[2025-08-18T14:09:57.751+0000] {subprocess.py:93} INFO - 25/08/18 14:09:57 WARN TaskSchedulerImpl: Initial job has not accepted any resources; check your cluster UI to ensure that workers are registered and have sufficient resources
[2025-08-18T14:10:12.750+0000] {subprocess.py:93} INFO - 25/08/18 14:10:12 WARN TaskSchedulerImpl: Initial job has not accepted any resources; check your cluster UI to ensure that workers are registered and have sufficient resources
[2025-08-18T14:10:27.756+0000] {subprocess.py:93} INFO - 25/08/18 14:10:27 WARN TaskSchedulerImpl: Initial job has not accepted any resources; check your cluster UI to ensure that workers are registered and have sufficient resources
[2025-08-18T14:10:42.753+0000] {subprocess.py:93} INFO - 25/08/18 14:10:42 WARN TaskSchedulerImpl: Initial job has not accepted any resources; check your cluster UI to ensure that workers are registered and have sufficient resources
[2025-08-18T14:10:57.767+0000] {subprocess.py:93} INFO - 25/08/18 14:10:57 WARN TaskSchedulerImpl: Initial job has not accepted any resources; check your cluster UI to ensure that workers are registered and have sufficient resources
[2025-08-18T14:11:12.753+0000] {subprocess.py:93} INFO - 25/08/18 14:11:12 WARN TaskSchedulerImpl: Initial job has not accepted any resources; check your cluster UI to ensure that workers are registered and have sufficient resources
[2025-08-18T14:11:27.758+0000] {subprocess.py:93} INFO - 25/08/18 14:11:27 WARN TaskSchedulerImpl: Initial job has not accepted any resources; check your cluster UI to ensure that workers are registered and have sufficient resources
[2025-08-18T14:11:42.754+0000] {subprocess.py:93} INFO - 25/08/18 14:11:42 WARN TaskSchedulerImpl: Initial job has not accepted any resources; check your cluster UI to ensure that workers are registered and have sufficient resources
[2025-08-18T14:11:57.751+0000] {subprocess.py:93} INFO - 25/08/18 14:11:57 WARN TaskSchedulerImpl: Initial job has not accepted any resources; check your cluster UI to ensure that workers are registered and have sufficient resources
[2025-08-18T14:12:12.752+0000] {subprocess.py:93} INFO - 25/08/18 14:12:12 WARN TaskSchedulerImpl: Initial job has not accepted any resources; check your cluster UI to ensure that workers are registered and have sufficient resources
[2025-08-18T14:12:27.751+0000] {subprocess.py:93} INFO - 25/08/18 14:12:27 WARN TaskSchedulerImpl: Initial job has not accepted any resources; check your cluster UI to ensure that workers are registered and have sufficient resources
[2025-08-18T14:12:31.020+0000] {subprocess.py:93} INFO - 25/08/18 14:12:31 INFO StandaloneAppClient$ClientEndpoint: Executor added: app-20250818140724-0055/0 on worker-20250818100309-172.18.0.14-34047 (172.18.0.14:34047) with 4 core(s)
[2025-08-18T14:12:31.033+0000] {subprocess.py:93} INFO - 25/08/18 14:12:31 INFO StandaloneSchedulerBackend: Granted executor ID app-20250818140724-0055/0 on hostPort 172.18.0.14:34047 with 4 core(s), 1024.0 MiB RAM
[2025-08-18T14:12:31.033+0000] {subprocess.py:93} INFO - 25/08/18 14:12:31 INFO StandaloneAppClient$ClientEndpoint: Executor added: app-20250818140724-0055/1 on worker-20250818100311-172.18.0.13-33759 (172.18.0.13:33759) with 4 core(s)
[2025-08-18T14:12:31.034+0000] {subprocess.py:93} INFO - 25/08/18 14:12:31 INFO StandaloneSchedulerBackend: Granted executor ID app-20250818140724-0055/1 on hostPort 172.18.0.13:33759 with 4 core(s), 1024.0 MiB RAM
[2025-08-18T14:12:31.035+0000] {subprocess.py:93} INFO - 25/08/18 14:12:31 INFO StandaloneAppClient$ClientEndpoint: Executor added: app-20250818140724-0055/2 on worker-20250818100314-172.18.0.12-34745 (172.18.0.12:34745) with 4 core(s)
[2025-08-18T14:12:31.039+0000] {subprocess.py:93} INFO - 25/08/18 14:12:31 INFO StandaloneSchedulerBackend: Granted executor ID app-20250818140724-0055/2 on hostPort 172.18.0.12:34745 with 4 core(s), 1024.0 MiB RAM
[2025-08-18T14:12:31.260+0000] {subprocess.py:93} INFO - 25/08/18 14:12:31 INFO StandaloneAppClient$ClientEndpoint: Executor updated: app-20250818140724-0055/1 is now RUNNING
[2025-08-18T14:12:31.270+0000] {subprocess.py:93} INFO - 25/08/18 14:12:31 INFO StandaloneAppClient$ClientEndpoint: Executor updated: app-20250818140724-0055/2 is now RUNNING
[2025-08-18T14:12:31.392+0000] {subprocess.py:93} INFO - 25/08/18 14:12:31 INFO StandaloneAppClient$ClientEndpoint: Executor updated: app-20250818140724-0055/0 is now RUNNING
[2025-08-18T14:12:42.753+0000] {subprocess.py:93} INFO - 25/08/18 14:12:42 WARN TaskSchedulerImpl: Initial job has not accepted any resources; check your cluster UI to ensure that workers are registered and have sufficient resources
[2025-08-18T14:12:44.352+0000] {subprocess.py:93} INFO - 25/08/18 14:12:44 INFO StandaloneSchedulerBackend$StandaloneDriverEndpoint: Registered executor NettyRpcEndpointRef(spark-client://Executor) (172.18.0.13:50506) with ID 1,  ResourceProfileId 0
[2025-08-18T14:12:44.606+0000] {subprocess.py:93} INFO - 25/08/18 14:12:44 INFO BlockManagerMasterEndpoint: Registering block manager 172.18.0.13:46481 with 434.4 MiB RAM, BlockManagerId(1, 172.18.0.13, 46481, None)
[2025-08-18T14:12:44.698+0000] {subprocess.py:93} INFO - 25/08/18 14:12:44 INFO StandaloneSchedulerBackend$StandaloneDriverEndpoint: Registered executor NettyRpcEndpointRef(spark-client://Executor) (172.18.0.12:37138) with ID 2,  ResourceProfileId 0
[2025-08-18T14:12:45.159+0000] {subprocess.py:93} INFO - 25/08/18 14:12:45 INFO BlockManagerMasterEndpoint: Registering block manager 172.18.0.12:38285 with 434.4 MiB RAM, BlockManagerId(2, 172.18.0.12, 38285, None)
[2025-08-18T14:12:45.218+0000] {subprocess.py:93} INFO - 25/08/18 14:12:45 INFO StandaloneSchedulerBackend$StandaloneDriverEndpoint: Registered executor NettyRpcEndpointRef(spark-client://Executor) (172.18.0.14:57486) with ID 0,  ResourceProfileId 0
[2025-08-18T14:12:45.340+0000] {subprocess.py:93} INFO - 25/08/18 14:12:45 INFO TaskSetManager: Starting task 0.0 in stage 0.0 (TID 0) (172.18.0.13, executor 1, partition 0, PROCESS_LOCAL, 8106 bytes)
[2025-08-18T14:12:45.548+0000] {subprocess.py:93} INFO - 25/08/18 14:12:45 INFO BlockManagerMasterEndpoint: Registering block manager 172.18.0.14:38913 with 434.4 MiB RAM, BlockManagerId(0, 172.18.0.14, 38913, None)
[2025-08-18T14:12:46.643+0000] {subprocess.py:93} INFO - 25/08/18 14:12:46 INFO BlockManagerInfo: Added broadcast_0_piece0 in memory on 172.18.0.13:46481 (size: 37.8 KiB, free: 434.4 MiB)
[2025-08-18T14:12:47.843+0000] {subprocess.py:93} INFO - 25/08/18 14:12:47 INFO TaskSetManager: Finished task 0.0 in stage 0.0 (TID 0) in 2584 ms on 172.18.0.13 (executor 1) (1/1)
[2025-08-18T14:12:47.852+0000] {subprocess.py:93} INFO - 25/08/18 14:12:47 INFO TaskSchedulerImpl: Removed TaskSet 0.0, whose tasks have all completed, from pool
[2025-08-18T14:12:47.866+0000] {subprocess.py:93} INFO - 25/08/18 14:12:47 INFO DAGScheduler: ResultStage 0 (parquet at NativeMethodAccessorImpl.java:0) finished in 292.097 s
[2025-08-18T14:12:47.880+0000] {subprocess.py:93} INFO - 25/08/18 14:12:47 INFO DAGScheduler: Job 0 is finished. Cancelling potential speculative or zombie tasks for this job
[2025-08-18T14:12:47.893+0000] {subprocess.py:93} INFO - 25/08/18 14:12:47 INFO TaskSchedulerImpl: Killing all running tasks in stage 0: Stage finished
[2025-08-18T14:12:47.896+0000] {subprocess.py:93} INFO - 25/08/18 14:12:47 INFO DAGScheduler: Job 0 finished: parquet at NativeMethodAccessorImpl.java:0, took 292.456632 s
[2025-08-18T14:12:48.348+0000] {subprocess.py:93} INFO - Traceback (most recent call last):
[2025-08-18T14:12:48.350+0000] {subprocess.py:93} INFO -   File "/opt/***/jobs/star_schema/golden_to_star_citus.py", line 33, in <module>
[2025-08-18T14:12:48.351+0000] {subprocess.py:93} INFO -     df = spark.read.parquet(golden_path)
[2025-08-18T14:12:48.351+0000] {subprocess.py:93} INFO -          ^^^^^^^^^^^^^^^^^^^^^^^^^^^^^^^
[2025-08-18T14:12:48.356+0000] {subprocess.py:93} INFO -   File "/opt/bitnami/spark/python/lib/pyspark.zip/pyspark/sql/readwriter.py", line 544, in parquet
[2025-08-18T14:12:48.356+0000] {subprocess.py:93} INFO -   File "/opt/bitnami/spark/python/lib/py4j-0.10.9.7-src.zip/py4j/java_gateway.py", line 1322, in __call__
[2025-08-18T14:12:48.356+0000] {subprocess.py:93} INFO -   File "/opt/bitnami/spark/python/lib/pyspark.zip/pyspark/errors/exceptions/captured.py", line 185, in deco
[2025-08-18T14:12:48.403+0000] {subprocess.py:93} INFO - pyspark.errors.exceptions.captured.AnalysisException: [UNABLE_TO_INFER_SCHEMA] Unable to infer schema for Parquet. It must be specified manually.
[2025-08-18T14:12:48.563+0000] {subprocess.py:93} INFO - 25/08/18 14:12:48 INFO SparkContext: Invoking stop() from shutdown hook
[2025-08-18T14:12:48.565+0000] {subprocess.py:93} INFO - 25/08/18 14:12:48 INFO SparkContext: SparkContext is stopping with exitCode 0.
[2025-08-18T14:12:48.600+0000] {subprocess.py:93} INFO - 25/08/18 14:12:48 INFO SparkUI: Stopped Spark web UI at http://4bf6b336ccb3:4040
[2025-08-18T14:12:48.612+0000] {subprocess.py:93} INFO - 25/08/18 14:12:48 INFO StandaloneSchedulerBackend: Shutting down all executors
[2025-08-18T14:12:48.615+0000] {subprocess.py:93} INFO - 25/08/18 14:12:48 INFO StandaloneSchedulerBackend$StandaloneDriverEndpoint: Asking each executor to shut down
[2025-08-18T14:12:48.884+0000] {subprocess.py:93} INFO - 25/08/18 14:12:48 INFO MapOutputTrackerMasterEndpoint: MapOutputTrackerMasterEndpoint stopped!
[2025-08-18T14:12:49.115+0000] {subprocess.py:93} INFO - 25/08/18 14:12:49 INFO MemoryStore: MemoryStore cleared
[2025-08-18T14:12:49.117+0000] {subprocess.py:93} INFO - 25/08/18 14:12:49 INFO BlockManager: BlockManager stopped
[2025-08-18T14:12:49.186+0000] {subprocess.py:93} INFO - 25/08/18 14:12:49 INFO BlockManagerMaster: BlockManagerMaster stopped
[2025-08-18T14:12:49.277+0000] {subprocess.py:93} INFO - 25/08/18 14:12:49 INFO OutputCommitCoordinator$OutputCommitCoordinatorEndpoint: OutputCommitCoordinator stopped!
[2025-08-18T14:12:49.372+0000] {subprocess.py:93} INFO - 25/08/18 14:12:49 INFO SparkContext: Successfully stopped SparkContext
[2025-08-18T14:12:49.375+0000] {subprocess.py:93} INFO - 25/08/18 14:12:49 INFO ShutdownHookManager: Shutdown hook called
[2025-08-18T14:12:49.390+0000] {subprocess.py:93} INFO - 25/08/18 14:12:49 INFO ShutdownHookManager: Deleting directory /tmp/spark-49d86601-1045-4e59-8703-bfed55ec2df2
[2025-08-18T14:12:49.406+0000] {subprocess.py:93} INFO - 25/08/18 14:12:49 INFO ShutdownHookManager: Deleting directory /tmp/spark-f7b8d268-d84c-44f0-a57e-4c4624fe015d/pyspark-fad7c09e-5891-4a27-a161-709f7dd5cafe
[2025-08-18T14:12:49.418+0000] {subprocess.py:93} INFO - 25/08/18 14:12:49 INFO ShutdownHookManager: Deleting directory /tmp/spark-f7b8d268-d84c-44f0-a57e-4c4624fe015d
[2025-08-18T14:12:50.416+0000] {subprocess.py:97} INFO - Command exited with return code 1
[2025-08-18T14:12:50.426+0000] {taskinstance.py:441} INFO - ::group::Post task execution logs
[2025-08-18T14:12:50.505+0000] {taskinstance.py:2890} ERROR - Task failed with exception
Traceback (most recent call last):
  File "/home/airflow/.local/lib/python3.9/site-packages/airflow/models/taskinstance.py", line 465, in _execute_task
    result = _execute_callable(context=context, **execute_callable_kwargs)
  File "/home/airflow/.local/lib/python3.9/site-packages/airflow/models/taskinstance.py", line 432, in _execute_callable
    return execute_callable(context=context, **execute_callable_kwargs)
  File "/home/airflow/.local/lib/python3.9/site-packages/airflow/models/baseoperator.py", line 400, in wrapper
    return func(self, *args, **kwargs)
  File "/home/airflow/.local/lib/python3.9/site-packages/airflow/operators/bash.py", line 243, in execute
    raise AirflowException(
airflow.exceptions.AirflowException: Bash command failed. The command returned a non-zero exit code 1.
[2025-08-18T14:12:50.544+0000] {taskinstance.py:1205} INFO - Marking task as UP_FOR_RETRY. dag_id=youtube_pipeline_batch_data, task_id=golden_to_star, execution_date=20250818T135202, start_date=20250818T140643, end_date=20250818T141250
[2025-08-18T14:12:50.657+0000] {standard_task_runner.py:110} ERROR - Failed to execute job 377 for task golden_to_star (Bash command failed. The command returned a non-zero exit code 1.; 5957)
[2025-08-18T14:12:50.738+0000] {local_task_job_runner.py:240} INFO - Task exited with return code 1
[2025-08-18T14:12:50.977+0000] {taskinstance.py:3482} INFO - 0 downstream tasks scheduled from follow-on schedule check
[2025-08-18T14:12:50.984+0000] {local_task_job_runner.py:222} INFO - ::endgroup::
