[2025-08-18T13:29:56.338+0000] {local_task_job_runner.py:120} INFO - ::group::Pre task execution logs
[2025-08-18T13:29:56.462+0000] {taskinstance.py:2073} INFO - Dependencies all met for dep_context=non-requeueable deps ti=<TaskInstance: youtube_pipeline_batch_data.run_q_06_magic_tags manual__2025-08-18T13:24:03.294101+00:00 [queued]>
[2025-08-18T13:29:56.583+0000] {taskinstance.py:2073} INFO - Dependencies all met for dep_context=requeueable deps ti=<TaskInstance: youtube_pipeline_batch_data.run_q_06_magic_tags manual__2025-08-18T13:24:03.294101+00:00 [queued]>
[2025-08-18T13:29:56.585+0000] {taskinstance.py:2303} INFO - Starting attempt 1 of 4
[2025-08-18T13:29:56.799+0000] {taskinstance.py:2327} INFO - Executing <Task(BashOperator): run_q_06_magic_tags> on 2025-08-18 13:24:03.294101+00:00
[2025-08-18T13:29:56.897+0000] {standard_task_runner.py:63} INFO - Started process 5108 to run task
[2025-08-18T13:29:56.950+0000] {standard_task_runner.py:90} INFO - Running: ['***', 'tasks', 'run', 'youtube_pipeline_batch_data', 'run_q_06_magic_tags', 'manual__2025-08-18T13:24:03.294101+00:00', '--job-id', '331', '--raw', '--subdir', 'DAGS_FOLDER/youtube_pipeline.py', '--cfg-path', '/tmp/tmp0w3opjmy']
[2025-08-18T13:29:56.956+0000] {standard_task_runner.py:91} INFO - Job 331: Subtask run_q_06_magic_tags
[2025-08-18T13:29:57.284+0000] {task_command.py:426} INFO - Running <TaskInstance: youtube_pipeline_batch_data.run_q_06_magic_tags manual__2025-08-18T13:24:03.294101+00:00 [running]> on host 47205959681c
[2025-08-18T13:29:58.000+0000] {taskinstance.py:2644} INFO - Exporting env vars: AIRFLOW_CTX_DAG_OWNER='***' AIRFLOW_CTX_DAG_ID='youtube_pipeline_batch_data' AIRFLOW_CTX_TASK_ID='run_q_06_magic_tags' AIRFLOW_CTX_EXECUTION_DATE='2025-08-18T13:24:03.294101+00:00' AIRFLOW_CTX_TRY_NUMBER='1' AIRFLOW_CTX_DAG_RUN_ID='manual__2025-08-18T13:24:03.294101+00:00'
[2025-08-18T13:29:58.002+0000] {taskinstance.py:430} INFO - ::endgroup::
[2025-08-18T13:29:58.057+0000] {subprocess.py:63} INFO - Tmp dir root location: /tmp
[2025-08-18T13:29:58.059+0000] {subprocess.py:75} INFO - Running command: ['/usr/bin/bash', '-c', 'PGPASSWORD=citus psql -h citus_coordinator -U citus -d youtube_dw -f /opt/***/sql/q_06_magic_tags.sql']
[2025-08-18T13:29:58.138+0000] {subprocess.py:86} INFO - Output:
[2025-08-18T13:29:58.486+0000] {subprocess.py:93} INFO - CREATE VIEW
[2025-08-18T13:29:58.488+0000] {subprocess.py:97} INFO - Command exited with return code 0
[2025-08-18T13:29:58.489+0000] {taskinstance.py:441} INFO - ::group::Post task execution logs
[2025-08-18T13:29:58.638+0000] {taskinstance.py:1205} INFO - Marking task as SUCCESS. dag_id=youtube_pipeline_batch_data, task_id=run_q_06_magic_tags, execution_date=20250818T132403, start_date=20250818T132956, end_date=20250818T132958
[2025-08-18T13:29:58.732+0000] {local_task_job_runner.py:240} INFO - Task exited with return code 0
[2025-08-18T13:29:58.989+0000] {taskinstance.py:3482} INFO - 0 downstream tasks scheduled from follow-on schedule check
[2025-08-18T13:29:58.995+0000] {local_task_job_runner.py:222} INFO - ::endgroup::
