[2025-08-17T19:23:31.956+0000] {local_task_job_runner.py:120} INFO - ::group::Pre task execution logs
[2025-08-17T19:23:32.345+0000] {taskinstance.py:2073} INFO - Dependencies all met for dep_context=non-requeueable deps ti=<TaskInstance: youtube_elt_dw_analytics.wait_raw_3 scheduled__2025-08-16T00:00:00+00:00 [queued]>
[2025-08-17T19:23:32.365+0000] {taskinstance.py:2073} INFO - Dependencies all met for dep_context=requeueable deps ti=<TaskInstance: youtube_elt_dw_analytics.wait_raw_3 scheduled__2025-08-16T00:00:00+00:00 [queued]>
[2025-08-17T19:23:32.366+0000] {taskinstance.py:2303} INFO - Starting attempt 1 of 3
[2025-08-17T19:23:32.406+0000] {taskinstance.py:2327} INFO - Executing <Task(BashOperator): wait_raw_3> on 2025-08-16 00:00:00+00:00
[2025-08-17T19:23:32.429+0000] {standard_task_runner.py:63} INFO - Started process 256 to run task
[2025-08-17T19:23:32.444+0000] {standard_task_runner.py:90} INFO - Running: ['***', 'tasks', 'run', 'youtube_elt_dw_analytics', 'wait_raw_3', 'scheduled__2025-08-16T00:00:00+00:00', '--job-id', '9', '--raw', '--subdir', 'DAGS_FOLDER/youtube_pipeline.py', '--cfg-path', '/tmp/tmp78svv62o']
[2025-08-17T19:23:32.451+0000] {standard_task_runner.py:91} INFO - Job 9: Subtask wait_raw_3
[2025-08-17T19:23:32.927+0000] {task_command.py:426} INFO - Running <TaskInstance: youtube_elt_dw_analytics.wait_raw_3 scheduled__2025-08-16T00:00:00+00:00 [running]> on host 545418c0948b
[2025-08-17T19:23:33.612+0000] {taskinstance.py:2644} INFO - Exporting env vars: AIRFLOW_CTX_DAG_OWNER='data-team' AIRFLOW_CTX_DAG_ID='youtube_elt_dw_analytics' AIRFLOW_CTX_TASK_ID='wait_raw_3' AIRFLOW_CTX_EXECUTION_DATE='2025-08-16T00:00:00+00:00' AIRFLOW_CTX_TRY_NUMBER='1' AIRFLOW_CTX_DAG_RUN_ID='scheduled__2025-08-16T00:00:00+00:00'
[2025-08-17T19:23:33.613+0000] {taskinstance.py:430} INFO - ::endgroup::
[2025-08-17T19:23:33.710+0000] {subprocess.py:63} INFO - Tmp dir root location: /tmp
[2025-08-17T19:23:33.721+0000] {subprocess.py:75} INFO - Running command: ['/usr/bin/bash', '-c', "\n            for i in {1..60}; do\n              hdfs dfs -test -e hdfs://namenode:9000/data/raw/DEvideos.csv && echo 'FOUND: hdfs://namenode:9000/data/raw/DEvideos.csv' && exit 0;\n              echo 'Waiting for hdfs://namenode:9000/data/raw/DEvideos.csv...';\n              sleep 10;\n            done;\n            echo 'TIMEOUT waiting hdfs://namenode:9000/data/raw/DEvideos.csv'; exit 1\n            "]
[2025-08-17T19:23:33.783+0000] {subprocess.py:86} INFO - Output:
[2025-08-17T19:23:33.793+0000] {subprocess.py:93} INFO - /usr/bin/bash: line 3: hdfs: command not found
[2025-08-17T19:23:33.794+0000] {subprocess.py:93} INFO - Waiting for hdfs://namenode:9000/data/raw/DEvideos.csv...
[2025-08-17T19:23:43.800+0000] {subprocess.py:93} INFO - /usr/bin/bash: line 3: hdfs: command not found
[2025-08-17T19:23:43.802+0000] {subprocess.py:93} INFO - Waiting for hdfs://namenode:9000/data/raw/DEvideos.csv...
[2025-08-17T19:23:53.811+0000] {subprocess.py:93} INFO - /usr/bin/bash: line 3: hdfs: command not found
[2025-08-17T19:23:53.812+0000] {subprocess.py:93} INFO - Waiting for hdfs://namenode:9000/data/raw/DEvideos.csv...
[2025-08-17T19:24:03.817+0000] {subprocess.py:93} INFO - /usr/bin/bash: line 3: hdfs: command not found
[2025-08-17T19:24:03.817+0000] {subprocess.py:93} INFO - Waiting for hdfs://namenode:9000/data/raw/DEvideos.csv...
[2025-08-17T19:24:13.825+0000] {subprocess.py:93} INFO - /usr/bin/bash: line 3: hdfs: command not found
[2025-08-17T19:24:13.827+0000] {subprocess.py:93} INFO - Waiting for hdfs://namenode:9000/data/raw/DEvideos.csv...
[2025-08-17T19:24:23.839+0000] {subprocess.py:93} INFO - /usr/bin/bash: line 3: hdfs: command not found
[2025-08-17T19:24:23.841+0000] {subprocess.py:93} INFO - Waiting for hdfs://namenode:9000/data/raw/DEvideos.csv...
[2025-08-17T19:24:33.850+0000] {subprocess.py:93} INFO - /usr/bin/bash: line 3: hdfs: command not found
[2025-08-17T19:24:33.852+0000] {subprocess.py:93} INFO - Waiting for hdfs://namenode:9000/data/raw/DEvideos.csv...
[2025-08-17T19:24:43.865+0000] {subprocess.py:93} INFO - /usr/bin/bash: line 3: hdfs: command not found
[2025-08-17T19:24:43.868+0000] {subprocess.py:93} INFO - Waiting for hdfs://namenode:9000/data/raw/DEvideos.csv...
[2025-08-17T19:24:53.878+0000] {subprocess.py:93} INFO - /usr/bin/bash: line 3: hdfs: command not found
[2025-08-17T19:24:53.881+0000] {subprocess.py:93} INFO - Waiting for hdfs://namenode:9000/data/raw/DEvideos.csv...
[2025-08-17T19:25:03.895+0000] {subprocess.py:93} INFO - /usr/bin/bash: line 3: hdfs: command not found
[2025-08-17T19:25:03.897+0000] {subprocess.py:93} INFO - Waiting for hdfs://namenode:9000/data/raw/DEvideos.csv...
[2025-08-17T19:25:13.910+0000] {subprocess.py:93} INFO - /usr/bin/bash: line 3: hdfs: command not found
[2025-08-17T19:25:13.912+0000] {subprocess.py:93} INFO - Waiting for hdfs://namenode:9000/data/raw/DEvideos.csv...
[2025-08-17T19:25:23.926+0000] {subprocess.py:93} INFO - /usr/bin/bash: line 3: hdfs: command not found
[2025-08-17T19:25:23.929+0000] {subprocess.py:93} INFO - Waiting for hdfs://namenode:9000/data/raw/DEvideos.csv...
[2025-08-17T19:25:33.939+0000] {subprocess.py:93} INFO - /usr/bin/bash: line 3: hdfs: command not found
[2025-08-17T19:25:33.940+0000] {subprocess.py:93} INFO - Waiting for hdfs://namenode:9000/data/raw/DEvideos.csv...
[2025-08-17T19:25:43.946+0000] {subprocess.py:93} INFO - /usr/bin/bash: line 3: hdfs: command not found
[2025-08-17T19:25:43.947+0000] {subprocess.py:93} INFO - Waiting for hdfs://namenode:9000/data/raw/DEvideos.csv...
[2025-08-17T19:25:53.954+0000] {subprocess.py:93} INFO - /usr/bin/bash: line 3: hdfs: command not found
[2025-08-17T19:25:53.955+0000] {subprocess.py:93} INFO - Waiting for hdfs://namenode:9000/data/raw/DEvideos.csv...
[2025-08-17T19:26:03.965+0000] {subprocess.py:93} INFO - /usr/bin/bash: line 3: hdfs: command not found
[2025-08-17T19:26:03.967+0000] {subprocess.py:93} INFO - Waiting for hdfs://namenode:9000/data/raw/DEvideos.csv...
[2025-08-17T19:26:13.979+0000] {subprocess.py:93} INFO - /usr/bin/bash: line 3: hdfs: command not found
[2025-08-17T19:26:13.979+0000] {subprocess.py:93} INFO - Waiting for hdfs://namenode:9000/data/raw/DEvideos.csv...
[2025-08-17T19:26:23.985+0000] {subprocess.py:93} INFO - /usr/bin/bash: line 3: hdfs: command not found
[2025-08-17T19:26:23.990+0000] {subprocess.py:93} INFO - Waiting for hdfs://namenode:9000/data/raw/DEvideos.csv...
[2025-08-17T19:26:34.001+0000] {subprocess.py:93} INFO - /usr/bin/bash: line 3: hdfs: command not found
[2025-08-17T19:26:34.003+0000] {subprocess.py:93} INFO - Waiting for hdfs://namenode:9000/data/raw/DEvideos.csv...
[2025-08-17T19:26:44.012+0000] {subprocess.py:93} INFO - /usr/bin/bash: line 3: hdfs: command not found
[2025-08-17T19:26:44.013+0000] {subprocess.py:93} INFO - Waiting for hdfs://namenode:9000/data/raw/DEvideos.csv...
[2025-08-17T19:26:54.027+0000] {subprocess.py:93} INFO - /usr/bin/bash: line 3: hdfs: command not found
[2025-08-17T19:26:54.029+0000] {subprocess.py:93} INFO - Waiting for hdfs://namenode:9000/data/raw/DEvideos.csv...
[2025-08-17T19:27:04.038+0000] {subprocess.py:93} INFO - /usr/bin/bash: line 3: hdfs: command not found
[2025-08-17T19:27:04.039+0000] {subprocess.py:93} INFO - Waiting for hdfs://namenode:9000/data/raw/DEvideos.csv...
[2025-08-17T19:27:14.045+0000] {subprocess.py:93} INFO - /usr/bin/bash: line 3: hdfs: command not found
[2025-08-17T19:27:14.046+0000] {subprocess.py:93} INFO - Waiting for hdfs://namenode:9000/data/raw/DEvideos.csv...
[2025-08-17T19:27:24.050+0000] {subprocess.py:93} INFO - /usr/bin/bash: line 3: hdfs: command not found
[2025-08-17T19:27:24.052+0000] {subprocess.py:93} INFO - Waiting for hdfs://namenode:9000/data/raw/DEvideos.csv...
[2025-08-17T19:27:34.061+0000] {subprocess.py:93} INFO - /usr/bin/bash: line 3: hdfs: command not found
[2025-08-17T19:27:34.063+0000] {subprocess.py:93} INFO - Waiting for hdfs://namenode:9000/data/raw/DEvideos.csv...
[2025-08-17T19:27:44.074+0000] {subprocess.py:93} INFO - /usr/bin/bash: line 3: hdfs: command not found
[2025-08-17T19:27:44.076+0000] {subprocess.py:93} INFO - Waiting for hdfs://namenode:9000/data/raw/DEvideos.csv...
[2025-08-17T19:27:54.087+0000] {subprocess.py:93} INFO - /usr/bin/bash: line 3: hdfs: command not found
[2025-08-17T19:27:54.088+0000] {subprocess.py:93} INFO - Waiting for hdfs://namenode:9000/data/raw/DEvideos.csv...
[2025-08-17T19:28:04.097+0000] {subprocess.py:93} INFO - /usr/bin/bash: line 3: hdfs: command not found
[2025-08-17T19:28:04.098+0000] {subprocess.py:93} INFO - Waiting for hdfs://namenode:9000/data/raw/DEvideos.csv...
[2025-08-17T19:28:14.109+0000] {subprocess.py:93} INFO - /usr/bin/bash: line 3: hdfs: command not found
[2025-08-17T19:28:14.110+0000] {subprocess.py:93} INFO - Waiting for hdfs://namenode:9000/data/raw/DEvideos.csv...
[2025-08-17T19:28:24.118+0000] {subprocess.py:93} INFO - /usr/bin/bash: line 3: hdfs: command not found
[2025-08-17T19:28:24.119+0000] {subprocess.py:93} INFO - Waiting for hdfs://namenode:9000/data/raw/DEvideos.csv...
[2025-08-17T19:28:34.124+0000] {subprocess.py:93} INFO - /usr/bin/bash: line 3: hdfs: command not found
[2025-08-17T19:28:34.125+0000] {subprocess.py:93} INFO - Waiting for hdfs://namenode:9000/data/raw/DEvideos.csv...
[2025-08-17T19:28:44.128+0000] {subprocess.py:93} INFO - /usr/bin/bash: line 3: hdfs: command not found
[2025-08-17T19:28:44.129+0000] {subprocess.py:93} INFO - Waiting for hdfs://namenode:9000/data/raw/DEvideos.csv...
[2025-08-17T19:28:54.136+0000] {subprocess.py:93} INFO - /usr/bin/bash: line 3: hdfs: command not found
[2025-08-17T19:28:54.137+0000] {subprocess.py:93} INFO - Waiting for hdfs://namenode:9000/data/raw/DEvideos.csv...
[2025-08-17T19:29:04.143+0000] {subprocess.py:93} INFO - /usr/bin/bash: line 3: hdfs: command not found
[2025-08-17T19:29:04.145+0000] {subprocess.py:93} INFO - Waiting for hdfs://namenode:9000/data/raw/DEvideos.csv...
[2025-08-17T19:29:14.160+0000] {subprocess.py:93} INFO - /usr/bin/bash: line 3: hdfs: command not found
[2025-08-17T19:29:14.161+0000] {subprocess.py:93} INFO - Waiting for hdfs://namenode:9000/data/raw/DEvideos.csv...
[2025-08-17T19:29:24.167+0000] {subprocess.py:93} INFO - /usr/bin/bash: line 3: hdfs: command not found
[2025-08-17T19:29:24.175+0000] {subprocess.py:93} INFO - Waiting for hdfs://namenode:9000/data/raw/DEvideos.csv...
[2025-08-17T19:29:34.190+0000] {subprocess.py:93} INFO - /usr/bin/bash: line 3: hdfs: command not found
[2025-08-17T19:29:34.191+0000] {subprocess.py:93} INFO - Waiting for hdfs://namenode:9000/data/raw/DEvideos.csv...
[2025-08-17T19:29:44.194+0000] {subprocess.py:93} INFO - /usr/bin/bash: line 3: hdfs: command not found
[2025-08-17T19:29:44.195+0000] {subprocess.py:93} INFO - Waiting for hdfs://namenode:9000/data/raw/DEvideos.csv...
[2025-08-17T19:29:54.198+0000] {subprocess.py:93} INFO - /usr/bin/bash: line 3: hdfs: command not found
[2025-08-17T19:29:54.199+0000] {subprocess.py:93} INFO - Waiting for hdfs://namenode:9000/data/raw/DEvideos.csv...
[2025-08-17T19:30:04.205+0000] {subprocess.py:93} INFO - /usr/bin/bash: line 3: hdfs: command not found
[2025-08-17T19:30:04.206+0000] {subprocess.py:93} INFO - Waiting for hdfs://namenode:9000/data/raw/DEvideos.csv...
[2025-08-17T19:30:14.217+0000] {subprocess.py:93} INFO - /usr/bin/bash: line 3: hdfs: command not found
[2025-08-17T19:30:14.221+0000] {subprocess.py:93} INFO - Waiting for hdfs://namenode:9000/data/raw/DEvideos.csv...
[2025-08-17T19:30:24.225+0000] {subprocess.py:93} INFO - /usr/bin/bash: line 3: hdfs: command not found
[2025-08-17T19:30:24.226+0000] {subprocess.py:93} INFO - Waiting for hdfs://namenode:9000/data/raw/DEvideos.csv...
[2025-08-17T19:30:34.229+0000] {subprocess.py:93} INFO - /usr/bin/bash: line 3: hdfs: command not found
[2025-08-17T19:30:34.230+0000] {subprocess.py:93} INFO - Waiting for hdfs://namenode:9000/data/raw/DEvideos.csv...
[2025-08-17T19:30:44.235+0000] {subprocess.py:93} INFO - /usr/bin/bash: line 3: hdfs: command not found
[2025-08-17T19:30:44.237+0000] {subprocess.py:93} INFO - Waiting for hdfs://namenode:9000/data/raw/DEvideos.csv...
[2025-08-17T19:30:54.250+0000] {subprocess.py:93} INFO - /usr/bin/bash: line 3: hdfs: command not found
[2025-08-17T19:30:54.252+0000] {subprocess.py:93} INFO - Waiting for hdfs://namenode:9000/data/raw/DEvideos.csv...
[2025-08-17T19:31:04.261+0000] {subprocess.py:93} INFO - /usr/bin/bash: line 3: hdfs: command not found
[2025-08-17T19:31:04.262+0000] {subprocess.py:93} INFO - Waiting for hdfs://namenode:9000/data/raw/DEvideos.csv...
[2025-08-17T19:31:14.265+0000] {subprocess.py:93} INFO - /usr/bin/bash: line 3: hdfs: command not found
[2025-08-17T19:31:14.267+0000] {subprocess.py:93} INFO - Waiting for hdfs://namenode:9000/data/raw/DEvideos.csv...
[2025-08-17T19:31:24.279+0000] {subprocess.py:93} INFO - /usr/bin/bash: line 3: hdfs: command not found
[2025-08-17T19:31:24.283+0000] {subprocess.py:93} INFO - Waiting for hdfs://namenode:9000/data/raw/DEvideos.csv...
[2025-08-17T19:31:34.296+0000] {subprocess.py:93} INFO - /usr/bin/bash: line 3: hdfs: command not found
[2025-08-17T19:31:34.297+0000] {subprocess.py:93} INFO - Waiting for hdfs://namenode:9000/data/raw/DEvideos.csv...
[2025-08-17T19:31:44.309+0000] {subprocess.py:93} INFO - /usr/bin/bash: line 3: hdfs: command not found
[2025-08-17T19:31:44.310+0000] {subprocess.py:93} INFO - Waiting for hdfs://namenode:9000/data/raw/DEvideos.csv...
[2025-08-17T19:31:54.324+0000] {subprocess.py:93} INFO - /usr/bin/bash: line 3: hdfs: command not found
[2025-08-17T19:31:54.327+0000] {subprocess.py:93} INFO - Waiting for hdfs://namenode:9000/data/raw/DEvideos.csv...
[2025-08-17T19:32:04.338+0000] {subprocess.py:93} INFO - /usr/bin/bash: line 3: hdfs: command not found
[2025-08-17T19:32:04.339+0000] {subprocess.py:93} INFO - Waiting for hdfs://namenode:9000/data/raw/DEvideos.csv...
[2025-08-17T19:32:14.344+0000] {subprocess.py:93} INFO - /usr/bin/bash: line 3: hdfs: command not found
[2025-08-17T19:32:14.345+0000] {subprocess.py:93} INFO - Waiting for hdfs://namenode:9000/data/raw/DEvideos.csv...
[2025-08-17T19:32:24.348+0000] {subprocess.py:93} INFO - /usr/bin/bash: line 3: hdfs: command not found
[2025-08-17T19:32:24.348+0000] {subprocess.py:93} INFO - Waiting for hdfs://namenode:9000/data/raw/DEvideos.csv...
[2025-08-17T19:32:34.351+0000] {subprocess.py:93} INFO - /usr/bin/bash: line 3: hdfs: command not found
[2025-08-17T19:32:34.352+0000] {subprocess.py:93} INFO - Waiting for hdfs://namenode:9000/data/raw/DEvideos.csv...
[2025-08-17T19:32:44.355+0000] {subprocess.py:93} INFO - /usr/bin/bash: line 3: hdfs: command not found
[2025-08-17T19:32:44.356+0000] {subprocess.py:93} INFO - Waiting for hdfs://namenode:9000/data/raw/DEvideos.csv...
[2025-08-17T19:32:54.359+0000] {subprocess.py:93} INFO - /usr/bin/bash: line 3: hdfs: command not found
[2025-08-17T19:32:54.360+0000] {subprocess.py:93} INFO - Waiting for hdfs://namenode:9000/data/raw/DEvideos.csv...
[2025-08-17T19:33:04.363+0000] {subprocess.py:93} INFO - /usr/bin/bash: line 3: hdfs: command not found
[2025-08-17T19:33:04.363+0000] {subprocess.py:93} INFO - Waiting for hdfs://namenode:9000/data/raw/DEvideos.csv...
[2025-08-17T19:33:14.367+0000] {subprocess.py:93} INFO - /usr/bin/bash: line 3: hdfs: command not found
[2025-08-17T19:33:14.368+0000] {subprocess.py:93} INFO - Waiting for hdfs://namenode:9000/data/raw/DEvideos.csv...
[2025-08-17T19:33:24.371+0000] {subprocess.py:93} INFO - /usr/bin/bash: line 3: hdfs: command not found
[2025-08-17T19:33:24.372+0000] {subprocess.py:93} INFO - Waiting for hdfs://namenode:9000/data/raw/DEvideos.csv...
[2025-08-17T19:33:34.376+0000] {subprocess.py:93} INFO - TIMEOUT waiting hdfs://namenode:9000/data/raw/DEvideos.csv
[2025-08-17T19:33:34.377+0000] {subprocess.py:97} INFO - Command exited with return code 1
[2025-08-17T19:33:34.378+0000] {taskinstance.py:441} INFO - ::group::Post task execution logs
[2025-08-17T19:33:34.400+0000] {taskinstance.py:2890} ERROR - Task failed with exception
Traceback (most recent call last):
  File "/home/airflow/.local/lib/python3.9/site-packages/airflow/models/taskinstance.py", line 465, in _execute_task
    result = _execute_callable(context=context, **execute_callable_kwargs)
  File "/home/airflow/.local/lib/python3.9/site-packages/airflow/models/taskinstance.py", line 432, in _execute_callable
    return execute_callable(context=context, **execute_callable_kwargs)
  File "/home/airflow/.local/lib/python3.9/site-packages/airflow/models/baseoperator.py", line 400, in wrapper
    return func(self, *args, **kwargs)
  File "/home/airflow/.local/lib/python3.9/site-packages/airflow/operators/bash.py", line 243, in execute
    raise AirflowException(
airflow.exceptions.AirflowException: Bash command failed. The command returned a non-zero exit code 1.
[2025-08-17T19:33:34.407+0000] {taskinstance.py:1205} INFO - Marking task as UP_FOR_RETRY. dag_id=youtube_elt_dw_analytics, task_id=wait_raw_3, execution_date=20250816T000000, start_date=20250817T192332, end_date=20250817T193334
[2025-08-17T19:33:34.434+0000] {standard_task_runner.py:110} ERROR - Failed to execute job 9 for task wait_raw_3 (Bash command failed. The command returned a non-zero exit code 1.; 256)
[2025-08-17T19:33:34.476+0000] {local_task_job_runner.py:240} INFO - Task exited with return code 1
[2025-08-17T19:33:34.514+0000] {logging_mixin.py:188} WARNING - /home/***/.local/lib/python3.9/site-packages/***/models/baseoperator.py:1296 AirflowProviderDeprecationWarning: Call to deprecated class PostgresOperator. (Please use `***.providers.common.sql.operators.sql.SQLExecuteQueryOperator`.Also, you can provide `hook_params={'schema': <database>}`.)
[2025-08-17T19:33:34.561+0000] {taskinstance.py:3482} INFO - 0 downstream tasks scheduled from follow-on schedule check
[2025-08-17T19:33:34.564+0000] {local_task_job_runner.py:222} INFO - ::endgroup::
