[2025-08-17T19:23:31.853+0000] {local_task_job_runner.py:120} INFO - ::group::Pre task execution logs
[2025-08-17T19:23:32.190+0000] {taskinstance.py:2073} INFO - Dependencies all met for dep_context=non-requeueable deps ti=<TaskInstance: youtube_elt_dw_analytics.wait_raw_6 scheduled__2025-08-16T00:00:00+00:00 [queued]>
[2025-08-17T19:23:32.333+0000] {taskinstance.py:2073} INFO - Dependencies all met for dep_context=requeueable deps ti=<TaskInstance: youtube_elt_dw_analytics.wait_raw_6 scheduled__2025-08-16T00:00:00+00:00 [queued]>
[2025-08-17T19:23:32.334+0000] {taskinstance.py:2303} INFO - Starting attempt 1 of 3
[2025-08-17T19:23:32.506+0000] {taskinstance.py:2327} INFO - Executing <Task(BashOperator): wait_raw_6> on 2025-08-16 00:00:00+00:00
[2025-08-17T19:23:32.523+0000] {standard_task_runner.py:63} INFO - Started process 258 to run task
[2025-08-17T19:23:32.542+0000] {standard_task_runner.py:90} INFO - Running: ['***', 'tasks', 'run', 'youtube_elt_dw_analytics', 'wait_raw_6', 'scheduled__2025-08-16T00:00:00+00:00', '--job-id', '7', '--raw', '--subdir', 'DAGS_FOLDER/youtube_pipeline.py', '--cfg-path', '/tmp/tmp_wovywy1']
[2025-08-17T19:23:32.563+0000] {standard_task_runner.py:91} INFO - Job 7: Subtask wait_raw_6
[2025-08-17T19:23:32.829+0000] {task_command.py:426} INFO - Running <TaskInstance: youtube_elt_dw_analytics.wait_raw_6 scheduled__2025-08-16T00:00:00+00:00 [running]> on host 545418c0948b
[2025-08-17T19:23:33.646+0000] {taskinstance.py:2644} INFO - Exporting env vars: AIRFLOW_CTX_DAG_OWNER='data-team' AIRFLOW_CTX_DAG_ID='youtube_elt_dw_analytics' AIRFLOW_CTX_TASK_ID='wait_raw_6' AIRFLOW_CTX_EXECUTION_DATE='2025-08-16T00:00:00+00:00' AIRFLOW_CTX_TRY_NUMBER='1' AIRFLOW_CTX_DAG_RUN_ID='scheduled__2025-08-16T00:00:00+00:00'
[2025-08-17T19:23:33.651+0000] {taskinstance.py:430} INFO - ::endgroup::
[2025-08-17T19:23:33.698+0000] {subprocess.py:63} INFO - Tmp dir root location: /tmp
[2025-08-17T19:23:33.699+0000] {subprocess.py:75} INFO - Running command: ['/usr/bin/bash', '-c', "\n            for i in {1..60}; do\n              hdfs dfs -test -e hdfs://namenode:9000/data/raw/INvideos.csv && echo 'FOUND: hdfs://namenode:9000/data/raw/INvideos.csv' && exit 0;\n              echo 'Waiting for hdfs://namenode:9000/data/raw/INvideos.csv...';\n              sleep 10;\n            done;\n            echo 'TIMEOUT waiting hdfs://namenode:9000/data/raw/INvideos.csv'; exit 1\n            "]
[2025-08-17T19:23:33.721+0000] {subprocess.py:86} INFO - Output:
[2025-08-17T19:23:33.744+0000] {subprocess.py:93} INFO - /usr/bin/bash: line 3: hdfs: command not found
[2025-08-17T19:23:33.746+0000] {subprocess.py:93} INFO - Waiting for hdfs://namenode:9000/data/raw/INvideos.csv...
[2025-08-17T19:23:43.752+0000] {subprocess.py:93} INFO - /usr/bin/bash: line 3: hdfs: command not found
[2025-08-17T19:23:43.753+0000] {subprocess.py:93} INFO - Waiting for hdfs://namenode:9000/data/raw/INvideos.csv...
[2025-08-17T19:23:53.761+0000] {subprocess.py:93} INFO - /usr/bin/bash: line 3: hdfs: command not found
[2025-08-17T19:23:53.761+0000] {subprocess.py:93} INFO - Waiting for hdfs://namenode:9000/data/raw/INvideos.csv...
[2025-08-17T19:24:03.766+0000] {subprocess.py:93} INFO - /usr/bin/bash: line 3: hdfs: command not found
[2025-08-17T19:24:03.766+0000] {subprocess.py:93} INFO - Waiting for hdfs://namenode:9000/data/raw/INvideos.csv...
[2025-08-17T19:24:13.771+0000] {subprocess.py:93} INFO - /usr/bin/bash: line 3: hdfs: command not found
[2025-08-17T19:24:13.774+0000] {subprocess.py:93} INFO - Waiting for hdfs://namenode:9000/data/raw/INvideos.csv...
[2025-08-17T19:24:23.786+0000] {subprocess.py:93} INFO - /usr/bin/bash: line 3: hdfs: command not found
[2025-08-17T19:24:23.788+0000] {subprocess.py:93} INFO - Waiting for hdfs://namenode:9000/data/raw/INvideos.csv...
[2025-08-17T19:24:33.798+0000] {subprocess.py:93} INFO - /usr/bin/bash: line 3: hdfs: command not found
[2025-08-17T19:24:33.801+0000] {subprocess.py:93} INFO - Waiting for hdfs://namenode:9000/data/raw/INvideos.csv...
[2025-08-17T19:24:43.810+0000] {subprocess.py:93} INFO - /usr/bin/bash: line 3: hdfs: command not found
[2025-08-17T19:24:43.811+0000] {subprocess.py:93} INFO - Waiting for hdfs://namenode:9000/data/raw/INvideos.csv...
[2025-08-17T19:24:53.821+0000] {subprocess.py:93} INFO - /usr/bin/bash: line 3: hdfs: command not found
[2025-08-17T19:24:53.827+0000] {subprocess.py:93} INFO - Waiting for hdfs://namenode:9000/data/raw/INvideos.csv...
[2025-08-17T19:25:03.832+0000] {subprocess.py:93} INFO - /usr/bin/bash: line 3: hdfs: command not found
[2025-08-17T19:25:03.833+0000] {subprocess.py:93} INFO - Waiting for hdfs://namenode:9000/data/raw/INvideos.csv...
[2025-08-17T19:25:13.844+0000] {subprocess.py:93} INFO - /usr/bin/bash: line 3: hdfs: command not found
[2025-08-17T19:25:13.846+0000] {subprocess.py:93} INFO - Waiting for hdfs://namenode:9000/data/raw/INvideos.csv...
[2025-08-17T19:25:23.857+0000] {subprocess.py:93} INFO - /usr/bin/bash: line 3: hdfs: command not found
[2025-08-17T19:25:23.858+0000] {subprocess.py:93} INFO - Waiting for hdfs://namenode:9000/data/raw/INvideos.csv...
[2025-08-17T19:25:33.868+0000] {subprocess.py:93} INFO - /usr/bin/bash: line 3: hdfs: command not found
[2025-08-17T19:25:33.871+0000] {subprocess.py:93} INFO - Waiting for hdfs://namenode:9000/data/raw/INvideos.csv...
[2025-08-17T19:25:43.882+0000] {subprocess.py:93} INFO - /usr/bin/bash: line 3: hdfs: command not found
[2025-08-17T19:25:43.883+0000] {subprocess.py:93} INFO - Waiting for hdfs://namenode:9000/data/raw/INvideos.csv...
[2025-08-17T19:25:53.889+0000] {subprocess.py:93} INFO - /usr/bin/bash: line 3: hdfs: command not found
[2025-08-17T19:25:53.891+0000] {subprocess.py:93} INFO - Waiting for hdfs://namenode:9000/data/raw/INvideos.csv...
[2025-08-17T19:26:03.901+0000] {subprocess.py:93} INFO - /usr/bin/bash: line 3: hdfs: command not found
[2025-08-17T19:26:03.905+0000] {subprocess.py:93} INFO - Waiting for hdfs://namenode:9000/data/raw/INvideos.csv...
[2025-08-17T19:26:13.915+0000] {subprocess.py:93} INFO - /usr/bin/bash: line 3: hdfs: command not found
[2025-08-17T19:26:13.916+0000] {subprocess.py:93} INFO - Waiting for hdfs://namenode:9000/data/raw/INvideos.csv...
[2025-08-17T19:26:23.923+0000] {subprocess.py:93} INFO - /usr/bin/bash: line 3: hdfs: command not found
[2025-08-17T19:26:23.926+0000] {subprocess.py:93} INFO - Waiting for hdfs://namenode:9000/data/raw/INvideos.csv...
[2025-08-17T19:26:33.936+0000] {subprocess.py:93} INFO - /usr/bin/bash: line 3: hdfs: command not found
[2025-08-17T19:26:33.938+0000] {subprocess.py:93} INFO - Waiting for hdfs://namenode:9000/data/raw/INvideos.csv...
[2025-08-17T19:26:43.946+0000] {subprocess.py:93} INFO - /usr/bin/bash: line 3: hdfs: command not found
[2025-08-17T19:26:43.947+0000] {subprocess.py:93} INFO - Waiting for hdfs://namenode:9000/data/raw/INvideos.csv...
[2025-08-17T19:26:53.952+0000] {subprocess.py:93} INFO - /usr/bin/bash: line 3: hdfs: command not found
[2025-08-17T19:26:53.953+0000] {subprocess.py:93} INFO - Waiting for hdfs://namenode:9000/data/raw/INvideos.csv...
[2025-08-17T19:27:03.959+0000] {subprocess.py:93} INFO - /usr/bin/bash: line 3: hdfs: command not found
[2025-08-17T19:27:03.960+0000] {subprocess.py:93} INFO - Waiting for hdfs://namenode:9000/data/raw/INvideos.csv...
[2025-08-17T19:27:13.969+0000] {subprocess.py:93} INFO - /usr/bin/bash: line 3: hdfs: command not found
[2025-08-17T19:27:13.969+0000] {subprocess.py:93} INFO - Waiting for hdfs://namenode:9000/data/raw/INvideos.csv...
[2025-08-17T19:27:23.975+0000] {subprocess.py:93} INFO - /usr/bin/bash: line 3: hdfs: command not found
[2025-08-17T19:27:23.978+0000] {subprocess.py:93} INFO - Waiting for hdfs://namenode:9000/data/raw/INvideos.csv...
[2025-08-17T19:27:33.987+0000] {subprocess.py:93} INFO - /usr/bin/bash: line 3: hdfs: command not found
[2025-08-17T19:27:33.988+0000] {subprocess.py:93} INFO - Waiting for hdfs://namenode:9000/data/raw/INvideos.csv...
[2025-08-17T19:27:43.998+0000] {subprocess.py:93} INFO - /usr/bin/bash: line 3: hdfs: command not found
[2025-08-17T19:27:43.999+0000] {subprocess.py:93} INFO - Waiting for hdfs://namenode:9000/data/raw/INvideos.csv...
[2025-08-17T19:27:54.011+0000] {subprocess.py:93} INFO - /usr/bin/bash: line 3: hdfs: command not found
[2025-08-17T19:27:54.013+0000] {subprocess.py:93} INFO - Waiting for hdfs://namenode:9000/data/raw/INvideos.csv...
[2025-08-17T19:28:04.028+0000] {subprocess.py:93} INFO - /usr/bin/bash: line 3: hdfs: command not found
[2025-08-17T19:28:04.038+0000] {subprocess.py:93} INFO - Waiting for hdfs://namenode:9000/data/raw/INvideos.csv...
[2025-08-17T19:28:14.046+0000] {subprocess.py:93} INFO - /usr/bin/bash: line 3: hdfs: command not found
[2025-08-17T19:28:14.048+0000] {subprocess.py:93} INFO - Waiting for hdfs://namenode:9000/data/raw/INvideos.csv...
[2025-08-17T19:28:24.058+0000] {subprocess.py:93} INFO - /usr/bin/bash: line 3: hdfs: command not found
[2025-08-17T19:28:24.059+0000] {subprocess.py:93} INFO - Waiting for hdfs://namenode:9000/data/raw/INvideos.csv...
[2025-08-17T19:28:34.065+0000] {subprocess.py:93} INFO - /usr/bin/bash: line 3: hdfs: command not found
[2025-08-17T19:28:34.065+0000] {subprocess.py:93} INFO - Waiting for hdfs://namenode:9000/data/raw/INvideos.csv...
[2025-08-17T19:28:44.070+0000] {subprocess.py:93} INFO - /usr/bin/bash: line 3: hdfs: command not found
[2025-08-17T19:28:44.071+0000] {subprocess.py:93} INFO - Waiting for hdfs://namenode:9000/data/raw/INvideos.csv...
[2025-08-17T19:28:54.077+0000] {subprocess.py:93} INFO - /usr/bin/bash: line 3: hdfs: command not found
[2025-08-17T19:28:54.078+0000] {subprocess.py:93} INFO - Waiting for hdfs://namenode:9000/data/raw/INvideos.csv...
[2025-08-17T19:29:04.086+0000] {subprocess.py:93} INFO - /usr/bin/bash: line 3: hdfs: command not found
[2025-08-17T19:29:04.089+0000] {subprocess.py:93} INFO - Waiting for hdfs://namenode:9000/data/raw/INvideos.csv...
[2025-08-17T19:29:14.102+0000] {subprocess.py:93} INFO - /usr/bin/bash: line 3: hdfs: command not found
[2025-08-17T19:29:14.102+0000] {subprocess.py:93} INFO - Waiting for hdfs://namenode:9000/data/raw/INvideos.csv...
[2025-08-17T19:29:24.109+0000] {subprocess.py:93} INFO - /usr/bin/bash: line 3: hdfs: command not found
[2025-08-17T19:29:24.113+0000] {subprocess.py:93} INFO - Waiting for hdfs://namenode:9000/data/raw/INvideos.csv...
[2025-08-17T19:29:34.131+0000] {subprocess.py:93} INFO - /usr/bin/bash: line 3: hdfs: command not found
[2025-08-17T19:29:34.133+0000] {subprocess.py:93} INFO - Waiting for hdfs://namenode:9000/data/raw/INvideos.csv...
[2025-08-17T19:29:44.137+0000] {subprocess.py:93} INFO - /usr/bin/bash: line 3: hdfs: command not found
[2025-08-17T19:29:44.138+0000] {subprocess.py:93} INFO - Waiting for hdfs://namenode:9000/data/raw/INvideos.csv...
[2025-08-17T19:29:54.142+0000] {subprocess.py:93} INFO - /usr/bin/bash: line 3: hdfs: command not found
[2025-08-17T19:29:54.143+0000] {subprocess.py:93} INFO - Waiting for hdfs://namenode:9000/data/raw/INvideos.csv...
[2025-08-17T19:30:04.147+0000] {subprocess.py:93} INFO - /usr/bin/bash: line 3: hdfs: command not found
[2025-08-17T19:30:04.149+0000] {subprocess.py:93} INFO - Waiting for hdfs://namenode:9000/data/raw/INvideos.csv...
[2025-08-17T19:30:14.162+0000] {subprocess.py:93} INFO - /usr/bin/bash: line 3: hdfs: command not found
[2025-08-17T19:30:14.163+0000] {subprocess.py:93} INFO - Waiting for hdfs://namenode:9000/data/raw/INvideos.csv...
[2025-08-17T19:30:24.170+0000] {subprocess.py:93} INFO - /usr/bin/bash: line 3: hdfs: command not found
[2025-08-17T19:30:24.172+0000] {subprocess.py:93} INFO - Waiting for hdfs://namenode:9000/data/raw/INvideos.csv...
[2025-08-17T19:30:34.181+0000] {subprocess.py:93} INFO - /usr/bin/bash: line 3: hdfs: command not found
[2025-08-17T19:30:34.182+0000] {subprocess.py:93} INFO - Waiting for hdfs://namenode:9000/data/raw/INvideos.csv...
[2025-08-17T19:30:44.187+0000] {subprocess.py:93} INFO - /usr/bin/bash: line 3: hdfs: command not found
[2025-08-17T19:30:44.190+0000] {subprocess.py:93} INFO - Waiting for hdfs://namenode:9000/data/raw/INvideos.csv...
[2025-08-17T19:30:54.199+0000] {subprocess.py:93} INFO - /usr/bin/bash: line 3: hdfs: command not found
[2025-08-17T19:30:54.200+0000] {subprocess.py:93} INFO - Waiting for hdfs://namenode:9000/data/raw/INvideos.csv...
[2025-08-17T19:31:04.210+0000] {subprocess.py:93} INFO - /usr/bin/bash: line 3: hdfs: command not found
[2025-08-17T19:31:04.211+0000] {subprocess.py:93} INFO - Waiting for hdfs://namenode:9000/data/raw/INvideos.csv...
[2025-08-17T19:31:14.214+0000] {subprocess.py:93} INFO - /usr/bin/bash: line 3: hdfs: command not found
[2025-08-17T19:31:14.215+0000] {subprocess.py:93} INFO - Waiting for hdfs://namenode:9000/data/raw/INvideos.csv...
[2025-08-17T19:31:24.224+0000] {subprocess.py:93} INFO - /usr/bin/bash: line 3: hdfs: command not found
[2025-08-17T19:31:24.226+0000] {subprocess.py:93} INFO - Waiting for hdfs://namenode:9000/data/raw/INvideos.csv...
[2025-08-17T19:31:34.238+0000] {subprocess.py:93} INFO - /usr/bin/bash: line 3: hdfs: command not found
[2025-08-17T19:31:34.240+0000] {subprocess.py:93} INFO - Waiting for hdfs://namenode:9000/data/raw/INvideos.csv...
[2025-08-17T19:31:44.248+0000] {subprocess.py:93} INFO - /usr/bin/bash: line 3: hdfs: command not found
[2025-08-17T19:31:44.249+0000] {subprocess.py:93} INFO - Waiting for hdfs://namenode:9000/data/raw/INvideos.csv...
[2025-08-17T19:31:54.260+0000] {subprocess.py:93} INFO - /usr/bin/bash: line 3: hdfs: command not found
[2025-08-17T19:31:54.263+0000] {subprocess.py:93} INFO - Waiting for hdfs://namenode:9000/data/raw/INvideos.csv...
[2025-08-17T19:32:04.274+0000] {subprocess.py:93} INFO - /usr/bin/bash: line 3: hdfs: command not found
[2025-08-17T19:32:04.275+0000] {subprocess.py:93} INFO - Waiting for hdfs://namenode:9000/data/raw/INvideos.csv...
[2025-08-17T19:32:14.283+0000] {subprocess.py:93} INFO - /usr/bin/bash: line 3: hdfs: command not found
[2025-08-17T19:32:14.284+0000] {subprocess.py:93} INFO - Waiting for hdfs://namenode:9000/data/raw/INvideos.csv...
[2025-08-17T19:32:24.291+0000] {subprocess.py:93} INFO - /usr/bin/bash: line 3: hdfs: command not found
[2025-08-17T19:32:24.291+0000] {subprocess.py:93} INFO - Waiting for hdfs://namenode:9000/data/raw/INvideos.csv...
[2025-08-17T19:32:34.297+0000] {subprocess.py:93} INFO - /usr/bin/bash: line 3: hdfs: command not found
[2025-08-17T19:32:34.298+0000] {subprocess.py:93} INFO - Waiting for hdfs://namenode:9000/data/raw/INvideos.csv...
[2025-08-17T19:32:44.309+0000] {subprocess.py:93} INFO - /usr/bin/bash: line 3: hdfs: command not found
[2025-08-17T19:32:44.312+0000] {subprocess.py:93} INFO - Waiting for hdfs://namenode:9000/data/raw/INvideos.csv...
[2025-08-17T19:32:54.314+0000] {subprocess.py:93} INFO - /usr/bin/bash: line 3: hdfs: command not found
[2025-08-17T19:32:54.315+0000] {subprocess.py:93} INFO - Waiting for hdfs://namenode:9000/data/raw/INvideos.csv...
[2025-08-17T19:33:04.320+0000] {subprocess.py:93} INFO - /usr/bin/bash: line 3: hdfs: command not found
[2025-08-17T19:33:04.320+0000] {subprocess.py:93} INFO - Waiting for hdfs://namenode:9000/data/raw/INvideos.csv...
[2025-08-17T19:33:14.324+0000] {subprocess.py:93} INFO - /usr/bin/bash: line 3: hdfs: command not found
[2025-08-17T19:33:14.324+0000] {subprocess.py:93} INFO - Waiting for hdfs://namenode:9000/data/raw/INvideos.csv...
[2025-08-17T19:33:24.327+0000] {subprocess.py:93} INFO - /usr/bin/bash: line 3: hdfs: command not found
[2025-08-17T19:33:24.328+0000] {subprocess.py:93} INFO - Waiting for hdfs://namenode:9000/data/raw/INvideos.csv...
[2025-08-17T19:33:34.331+0000] {subprocess.py:93} INFO - TIMEOUT waiting hdfs://namenode:9000/data/raw/INvideos.csv
[2025-08-17T19:33:34.331+0000] {subprocess.py:97} INFO - Command exited with return code 1
[2025-08-17T19:33:34.332+0000] {taskinstance.py:441} INFO - ::group::Post task execution logs
[2025-08-17T19:33:34.353+0000] {taskinstance.py:2890} ERROR - Task failed with exception
Traceback (most recent call last):
  File "/home/airflow/.local/lib/python3.9/site-packages/airflow/models/taskinstance.py", line 465, in _execute_task
    result = _execute_callable(context=context, **execute_callable_kwargs)
  File "/home/airflow/.local/lib/python3.9/site-packages/airflow/models/taskinstance.py", line 432, in _execute_callable
    return execute_callable(context=context, **execute_callable_kwargs)
  File "/home/airflow/.local/lib/python3.9/site-packages/airflow/models/baseoperator.py", line 400, in wrapper
    return func(self, *args, **kwargs)
  File "/home/airflow/.local/lib/python3.9/site-packages/airflow/operators/bash.py", line 243, in execute
    raise AirflowException(
airflow.exceptions.AirflowException: Bash command failed. The command returned a non-zero exit code 1.
[2025-08-17T19:33:34.358+0000] {taskinstance.py:1205} INFO - Marking task as UP_FOR_RETRY. dag_id=youtube_elt_dw_analytics, task_id=wait_raw_6, execution_date=20250816T000000, start_date=20250817T192332, end_date=20250817T193334
[2025-08-17T19:33:34.389+0000] {standard_task_runner.py:110} ERROR - Failed to execute job 7 for task wait_raw_6 (Bash command failed. The command returned a non-zero exit code 1.; 258)
[2025-08-17T19:33:34.417+0000] {local_task_job_runner.py:240} INFO - Task exited with return code 1
[2025-08-17T19:33:34.450+0000] {logging_mixin.py:188} WARNING - /home/***/.local/lib/python3.9/site-packages/***/models/baseoperator.py:1296 AirflowProviderDeprecationWarning: Call to deprecated class PostgresOperator. (Please use `***.providers.common.sql.operators.sql.SQLExecuteQueryOperator`.Also, you can provide `hook_params={'schema': <database>}`.)
[2025-08-17T19:33:34.497+0000] {taskinstance.py:3482} INFO - 0 downstream tasks scheduled from follow-on schedule check
[2025-08-17T19:33:34.498+0000] {local_task_job_runner.py:222} INFO - ::endgroup::
