[2025-08-19T09:03:05.332+0000] {local_task_job_runner.py:120} INFO - ::group::Pre task execution logs
[2025-08-19T09:03:05.382+0000] {taskinstance.py:2073} INFO - Dependencies all met for dep_context=non-requeueable deps ti=<TaskInstance: youtube_pipeline_batch_data.ingest_raw manual__2025-08-19T09:01:23.876480+00:00 [queued]>
[2025-08-19T09:03:05.397+0000] {taskinstance.py:2073} INFO - Dependencies all met for dep_context=requeueable deps ti=<TaskInstance: youtube_pipeline_batch_data.ingest_raw manual__2025-08-19T09:01:23.876480+00:00 [queued]>
[2025-08-19T09:03:05.398+0000] {taskinstance.py:2303} INFO - Starting attempt 4 of 4
[2025-08-19T09:03:05.428+0000] {taskinstance.py:2327} INFO - Executing <Task(BashOperator): ingest_raw> on 2025-08-19 09:01:23.876480+00:00
[2025-08-19T09:03:05.436+0000] {standard_task_runner.py:63} INFO - Started process 2381 to run task
[2025-08-19T09:03:05.442+0000] {standard_task_runner.py:90} INFO - Running: ['***', 'tasks', 'run', 'youtube_pipeline_batch_data', 'ingest_raw', 'manual__2025-08-19T09:01:23.876480+00:00', '--job-id', '577', '--raw', '--subdir', 'DAGS_FOLDER/youtube_pipeline.py', '--cfg-path', '/tmp/tmp108j3dtb']
[2025-08-19T09:03:05.446+0000] {standard_task_runner.py:91} INFO - Job 577: Subtask ingest_raw
[2025-08-19T09:03:05.519+0000] {task_command.py:426} INFO - Running <TaskInstance: youtube_pipeline_batch_data.ingest_raw manual__2025-08-19T09:01:23.876480+00:00 [running]> on host 0121d0ff2e32
[2025-08-19T09:03:05.684+0000] {taskinstance.py:2644} INFO - Exporting env vars: AIRFLOW_CTX_DAG_OWNER='***' AIRFLOW_CTX_DAG_ID='youtube_pipeline_batch_data' AIRFLOW_CTX_TASK_ID='ingest_raw' AIRFLOW_CTX_EXECUTION_DATE='2025-08-19T09:01:23.876480+00:00' AIRFLOW_CTX_TRY_NUMBER='4' AIRFLOW_CTX_DAG_RUN_ID='manual__2025-08-19T09:01:23.876480+00:00'
[2025-08-19T09:03:05.686+0000] {taskinstance.py:430} INFO - ::endgroup::
[2025-08-19T09:03:05.721+0000] {subprocess.py:63} INFO - Tmp dir root location: /tmp
[2025-08-19T09:03:05.723+0000] {subprocess.py:75} INFO - Running command: ['/usr/bin/bash', '-c', 'docker exec youtube-pipeline-project_spark-master_1 spark-submit --master spark://spark-master:7077 --deploy-mode client --packages org.apache.spark:spark-avro_2.12:3.5.1 /opt/***/jobs/ingestion/ingest_raw_to_hdfs.py']
[2025-08-19T09:03:05.748+0000] {subprocess.py:86} INFO - Output:
[2025-08-19T09:03:05.805+0000] {subprocess.py:93} INFO - Error: No such container: youtube-pipeline-project_spark-master_1
[2025-08-19T09:03:05.811+0000] {subprocess.py:97} INFO - Command exited with return code 1
[2025-08-19T09:03:05.812+0000] {taskinstance.py:441} INFO - ::group::Post task execution logs
[2025-08-19T09:03:05.859+0000] {taskinstance.py:2890} ERROR - Task failed with exception
Traceback (most recent call last):
  File "/home/airflow/.local/lib/python3.9/site-packages/airflow/models/taskinstance.py", line 465, in _execute_task
    result = _execute_callable(context=context, **execute_callable_kwargs)
  File "/home/airflow/.local/lib/python3.9/site-packages/airflow/models/taskinstance.py", line 432, in _execute_callable
    return execute_callable(context=context, **execute_callable_kwargs)
  File "/home/airflow/.local/lib/python3.9/site-packages/airflow/models/baseoperator.py", line 400, in wrapper
    return func(self, *args, **kwargs)
  File "/home/airflow/.local/lib/python3.9/site-packages/airflow/operators/bash.py", line 243, in execute
    raise AirflowException(
airflow.exceptions.AirflowException: Bash command failed. The command returned a non-zero exit code 1.
[2025-08-19T09:03:05.869+0000] {taskinstance.py:1205} INFO - Marking task as FAILED. dag_id=youtube_pipeline_batch_data, task_id=ingest_raw, execution_date=20250819T090123, start_date=20250819T090305, end_date=20250819T090305
[2025-08-19T09:03:05.904+0000] {standard_task_runner.py:110} ERROR - Failed to execute job 577 for task ingest_raw (Bash command failed. The command returned a non-zero exit code 1.; 2381)
[2025-08-19T09:03:05.936+0000] {local_task_job_runner.py:240} INFO - Task exited with return code 1
[2025-08-19T09:03:05.999+0000] {taskinstance.py:3482} INFO - 0 downstream tasks scheduled from follow-on schedule check
[2025-08-19T09:03:06.013+0000] {local_task_job_runner.py:222} INFO - ::endgroup::
