[2025-08-17T19:23:31.541+0000] {local_task_job_runner.py:120} INFO - ::group::Pre task execution logs
[2025-08-17T19:23:31.944+0000] {taskinstance.py:2073} INFO - Dependencies all met for dep_context=non-requeueable deps ti=<TaskInstance: youtube_elt_dw_analytics.wait_raw_10 scheduled__2025-08-16T00:00:00+00:00 [queued]>
[2025-08-17T19:23:32.120+0000] {taskinstance.py:2073} INFO - Dependencies all met for dep_context=requeueable deps ti=<TaskInstance: youtube_elt_dw_analytics.wait_raw_10 scheduled__2025-08-16T00:00:00+00:00 [queued]>
[2025-08-17T19:23:32.132+0000] {taskinstance.py:2303} INFO - Starting attempt 1 of 3
[2025-08-17T19:23:32.344+0000] {taskinstance.py:2327} INFO - Executing <Task(BashOperator): wait_raw_10> on 2025-08-16 00:00:00+00:00
[2025-08-17T19:23:32.394+0000] {standard_task_runner.py:63} INFO - Started process 255 to run task
[2025-08-17T19:23:32.413+0000] {standard_task_runner.py:90} INFO - Running: ['***', 'tasks', 'run', 'youtube_elt_dw_analytics', 'wait_raw_10', 'scheduled__2025-08-16T00:00:00+00:00', '--job-id', '5', '--raw', '--subdir', 'DAGS_FOLDER/youtube_pipeline.py', '--cfg-path', '/tmp/tmps2s9eygi']
[2025-08-17T19:23:32.426+0000] {standard_task_runner.py:91} INFO - Job 5: Subtask wait_raw_10
[2025-08-17T19:23:32.945+0000] {task_command.py:426} INFO - Running <TaskInstance: youtube_elt_dw_analytics.wait_raw_10 scheduled__2025-08-16T00:00:00+00:00 [running]> on host 545418c0948b
[2025-08-17T19:23:33.565+0000] {taskinstance.py:2644} INFO - Exporting env vars: AIRFLOW_CTX_DAG_OWNER='data-team' AIRFLOW_CTX_DAG_ID='youtube_elt_dw_analytics' AIRFLOW_CTX_TASK_ID='wait_raw_10' AIRFLOW_CTX_EXECUTION_DATE='2025-08-16T00:00:00+00:00' AIRFLOW_CTX_TRY_NUMBER='1' AIRFLOW_CTX_DAG_RUN_ID='scheduled__2025-08-16T00:00:00+00:00'
[2025-08-17T19:23:33.566+0000] {taskinstance.py:430} INFO - ::endgroup::
[2025-08-17T19:23:33.732+0000] {subprocess.py:63} INFO - Tmp dir root location: /tmp
[2025-08-17T19:23:33.753+0000] {subprocess.py:75} INFO - Running command: ['/usr/bin/bash', '-c', "\n            for i in {1..60}; do\n              hdfs dfs -test -e hdfs://namenode:9000/data/raw/RUvideos.csv && echo 'FOUND: hdfs://namenode:9000/data/raw/RUvideos.csv' && exit 0;\n              echo 'Waiting for hdfs://namenode:9000/data/raw/RUvideos.csv...';\n              sleep 10;\n            done;\n            echo 'TIMEOUT waiting hdfs://namenode:9000/data/raw/RUvideos.csv'; exit 1\n            "]
[2025-08-17T19:23:33.908+0000] {subprocess.py:86} INFO - Output:
[2025-08-17T19:23:33.934+0000] {subprocess.py:93} INFO - /usr/bin/bash: line 3: hdfs: command not found
[2025-08-17T19:23:33.949+0000] {subprocess.py:93} INFO - Waiting for hdfs://namenode:9000/data/raw/RUvideos.csv...
[2025-08-17T19:23:43.966+0000] {subprocess.py:93} INFO - /usr/bin/bash: line 3: hdfs: command not found
[2025-08-17T19:23:43.968+0000] {subprocess.py:93} INFO - Waiting for hdfs://namenode:9000/data/raw/RUvideos.csv...
[2025-08-17T19:23:53.980+0000] {subprocess.py:93} INFO - /usr/bin/bash: line 3: hdfs: command not found
[2025-08-17T19:23:53.981+0000] {subprocess.py:93} INFO - Waiting for hdfs://namenode:9000/data/raw/RUvideos.csv...
[2025-08-17T19:24:03.996+0000] {subprocess.py:93} INFO - /usr/bin/bash: line 3: hdfs: command not found
[2025-08-17T19:24:03.997+0000] {subprocess.py:93} INFO - Waiting for hdfs://namenode:9000/data/raw/RUvideos.csv...
[2025-08-17T19:24:14.007+0000] {subprocess.py:93} INFO - /usr/bin/bash: line 3: hdfs: command not found
[2025-08-17T19:24:14.007+0000] {subprocess.py:93} INFO - Waiting for hdfs://namenode:9000/data/raw/RUvideos.csv...
[2025-08-17T19:24:24.014+0000] {subprocess.py:93} INFO - /usr/bin/bash: line 3: hdfs: command not found
[2025-08-17T19:24:24.016+0000] {subprocess.py:93} INFO - Waiting for hdfs://namenode:9000/data/raw/RUvideos.csv...
[2025-08-17T19:24:34.021+0000] {subprocess.py:93} INFO - /usr/bin/bash: line 3: hdfs: command not found
[2025-08-17T19:24:34.022+0000] {subprocess.py:93} INFO - Waiting for hdfs://namenode:9000/data/raw/RUvideos.csv...
[2025-08-17T19:24:44.025+0000] {subprocess.py:93} INFO - /usr/bin/bash: line 3: hdfs: command not found
[2025-08-17T19:24:44.026+0000] {subprocess.py:93} INFO - Waiting for hdfs://namenode:9000/data/raw/RUvideos.csv...
[2025-08-17T19:24:54.037+0000] {subprocess.py:93} INFO - /usr/bin/bash: line 3: hdfs: command not found
[2025-08-17T19:24:54.038+0000] {subprocess.py:93} INFO - Waiting for hdfs://namenode:9000/data/raw/RUvideos.csv...
[2025-08-17T19:25:04.041+0000] {subprocess.py:93} INFO - /usr/bin/bash: line 3: hdfs: command not found
[2025-08-17T19:25:04.042+0000] {subprocess.py:93} INFO - Waiting for hdfs://namenode:9000/data/raw/RUvideos.csv...
[2025-08-17T19:25:14.047+0000] {subprocess.py:93} INFO - /usr/bin/bash: line 3: hdfs: command not found
[2025-08-17T19:25:14.047+0000] {subprocess.py:93} INFO - Waiting for hdfs://namenode:9000/data/raw/RUvideos.csv...
[2025-08-17T19:25:24.055+0000] {subprocess.py:93} INFO - /usr/bin/bash: line 3: hdfs: command not found
[2025-08-17T19:25:24.057+0000] {subprocess.py:93} INFO - Waiting for hdfs://namenode:9000/data/raw/RUvideos.csv...
[2025-08-17T19:25:34.065+0000] {subprocess.py:93} INFO - /usr/bin/bash: line 3: hdfs: command not found
[2025-08-17T19:25:34.066+0000] {subprocess.py:93} INFO - Waiting for hdfs://namenode:9000/data/raw/RUvideos.csv...
[2025-08-17T19:25:44.070+0000] {subprocess.py:93} INFO - /usr/bin/bash: line 3: hdfs: command not found
[2025-08-17T19:25:44.071+0000] {subprocess.py:93} INFO - Waiting for hdfs://namenode:9000/data/raw/RUvideos.csv...
[2025-08-17T19:25:54.077+0000] {subprocess.py:93} INFO - /usr/bin/bash: line 3: hdfs: command not found
[2025-08-17T19:25:54.079+0000] {subprocess.py:93} INFO - Waiting for hdfs://namenode:9000/data/raw/RUvideos.csv...
[2025-08-17T19:26:04.089+0000] {subprocess.py:93} INFO - /usr/bin/bash: line 3: hdfs: command not found
[2025-08-17T19:26:04.091+0000] {subprocess.py:93} INFO - Waiting for hdfs://namenode:9000/data/raw/RUvideos.csv...
[2025-08-17T19:26:14.099+0000] {subprocess.py:93} INFO - /usr/bin/bash: line 3: hdfs: command not found
[2025-08-17T19:26:14.099+0000] {subprocess.py:93} INFO - Waiting for hdfs://namenode:9000/data/raw/RUvideos.csv...
[2025-08-17T19:26:24.106+0000] {subprocess.py:93} INFO - /usr/bin/bash: line 3: hdfs: command not found
[2025-08-17T19:26:24.106+0000] {subprocess.py:93} INFO - Waiting for hdfs://namenode:9000/data/raw/RUvideos.csv...
[2025-08-17T19:26:34.115+0000] {subprocess.py:93} INFO - /usr/bin/bash: line 3: hdfs: command not found
[2025-08-17T19:26:34.116+0000] {subprocess.py:93} INFO - Waiting for hdfs://namenode:9000/data/raw/RUvideos.csv...
[2025-08-17T19:26:44.128+0000] {subprocess.py:93} INFO - /usr/bin/bash: line 3: hdfs: command not found
[2025-08-17T19:26:44.130+0000] {subprocess.py:93} INFO - Waiting for hdfs://namenode:9000/data/raw/RUvideos.csv...
[2025-08-17T19:26:54.142+0000] {subprocess.py:93} INFO - /usr/bin/bash: line 3: hdfs: command not found
[2025-08-17T19:26:54.143+0000] {subprocess.py:93} INFO - Waiting for hdfs://namenode:9000/data/raw/RUvideos.csv...
[2025-08-17T19:27:04.155+0000] {subprocess.py:93} INFO - /usr/bin/bash: line 3: hdfs: command not found
[2025-08-17T19:27:04.156+0000] {subprocess.py:93} INFO - Waiting for hdfs://namenode:9000/data/raw/RUvideos.csv...
[2025-08-17T19:27:14.162+0000] {subprocess.py:93} INFO - /usr/bin/bash: line 3: hdfs: command not found
[2025-08-17T19:27:14.165+0000] {subprocess.py:93} INFO - Waiting for hdfs://namenode:9000/data/raw/RUvideos.csv...
[2025-08-17T19:27:24.170+0000] {subprocess.py:93} INFO - /usr/bin/bash: line 3: hdfs: command not found
[2025-08-17T19:27:24.171+0000] {subprocess.py:93} INFO - Waiting for hdfs://namenode:9000/data/raw/RUvideos.csv...
[2025-08-17T19:27:34.181+0000] {subprocess.py:93} INFO - /usr/bin/bash: line 3: hdfs: command not found
[2025-08-17T19:27:34.183+0000] {subprocess.py:93} INFO - Waiting for hdfs://namenode:9000/data/raw/RUvideos.csv...
[2025-08-17T19:27:44.195+0000] {subprocess.py:93} INFO - /usr/bin/bash: line 3: hdfs: command not found
[2025-08-17T19:27:44.196+0000] {subprocess.py:93} INFO - Waiting for hdfs://namenode:9000/data/raw/RUvideos.csv...
[2025-08-17T19:27:54.207+0000] {subprocess.py:93} INFO - /usr/bin/bash: line 3: hdfs: command not found
[2025-08-17T19:27:54.208+0000] {subprocess.py:93} INFO - Waiting for hdfs://namenode:9000/data/raw/RUvideos.csv...
[2025-08-17T19:28:04.212+0000] {subprocess.py:93} INFO - /usr/bin/bash: line 3: hdfs: command not found
[2025-08-17T19:28:04.213+0000] {subprocess.py:93} INFO - Waiting for hdfs://namenode:9000/data/raw/RUvideos.csv...
[2025-08-17T19:28:14.217+0000] {subprocess.py:93} INFO - /usr/bin/bash: line 3: hdfs: command not found
[2025-08-17T19:28:14.217+0000] {subprocess.py:93} INFO - Waiting for hdfs://namenode:9000/data/raw/RUvideos.csv...
[2025-08-17T19:28:24.224+0000] {subprocess.py:93} INFO - /usr/bin/bash: line 3: hdfs: command not found
[2025-08-17T19:28:24.227+0000] {subprocess.py:93} INFO - Waiting for hdfs://namenode:9000/data/raw/RUvideos.csv...
[2025-08-17T19:28:34.239+0000] {subprocess.py:93} INFO - /usr/bin/bash: line 3: hdfs: command not found
[2025-08-17T19:28:34.240+0000] {subprocess.py:93} INFO - Waiting for hdfs://namenode:9000/data/raw/RUvideos.csv...
[2025-08-17T19:28:44.247+0000] {subprocess.py:93} INFO - /usr/bin/bash: line 3: hdfs: command not found
[2025-08-17T19:28:44.248+0000] {subprocess.py:93} INFO - Waiting for hdfs://namenode:9000/data/raw/RUvideos.csv...
[2025-08-17T19:28:54.271+0000] {subprocess.py:93} INFO - /usr/bin/bash: line 3: hdfs: command not found
[2025-08-17T19:28:54.283+0000] {subprocess.py:93} INFO - Waiting for hdfs://namenode:9000/data/raw/RUvideos.csv...
[2025-08-17T19:29:04.304+0000] {subprocess.py:93} INFO - /usr/bin/bash: line 3: hdfs: command not found
[2025-08-17T19:29:04.306+0000] {subprocess.py:93} INFO - Waiting for hdfs://namenode:9000/data/raw/RUvideos.csv...
[2025-08-17T19:29:14.316+0000] {subprocess.py:93} INFO - /usr/bin/bash: line 3: hdfs: command not found
[2025-08-17T19:29:14.317+0000] {subprocess.py:93} INFO - Waiting for hdfs://namenode:9000/data/raw/RUvideos.csv...
[2025-08-17T19:29:24.325+0000] {subprocess.py:93} INFO - /usr/bin/bash: line 3: hdfs: command not found
[2025-08-17T19:29:24.330+0000] {subprocess.py:93} INFO - Waiting for hdfs://namenode:9000/data/raw/RUvideos.csv...
[2025-08-17T19:29:34.335+0000] {subprocess.py:93} INFO - /usr/bin/bash: line 3: hdfs: command not found
[2025-08-17T19:29:34.338+0000] {subprocess.py:93} INFO - Waiting for hdfs://namenode:9000/data/raw/RUvideos.csv...
[2025-08-17T19:29:44.342+0000] {subprocess.py:93} INFO - /usr/bin/bash: line 3: hdfs: command not found
[2025-08-17T19:29:44.348+0000] {subprocess.py:93} INFO - Waiting for hdfs://namenode:9000/data/raw/RUvideos.csv...
[2025-08-17T19:29:54.360+0000] {subprocess.py:93} INFO - /usr/bin/bash: line 3: hdfs: command not found
[2025-08-17T19:29:54.361+0000] {subprocess.py:93} INFO - Waiting for hdfs://namenode:9000/data/raw/RUvideos.csv...
[2025-08-17T19:30:04.368+0000] {subprocess.py:93} INFO - /usr/bin/bash: line 3: hdfs: command not found
[2025-08-17T19:30:04.375+0000] {subprocess.py:93} INFO - Waiting for hdfs://namenode:9000/data/raw/RUvideos.csv...
[2025-08-17T19:30:14.384+0000] {subprocess.py:93} INFO - /usr/bin/bash: line 3: hdfs: command not found
[2025-08-17T19:30:14.385+0000] {subprocess.py:93} INFO - Waiting for hdfs://namenode:9000/data/raw/RUvideos.csv...
[2025-08-17T19:30:24.390+0000] {subprocess.py:93} INFO - /usr/bin/bash: line 3: hdfs: command not found
[2025-08-17T19:30:24.392+0000] {subprocess.py:93} INFO - Waiting for hdfs://namenode:9000/data/raw/RUvideos.csv...
[2025-08-17T19:30:34.404+0000] {subprocess.py:93} INFO - /usr/bin/bash: line 3: hdfs: command not found
[2025-08-17T19:30:34.405+0000] {subprocess.py:93} INFO - Waiting for hdfs://namenode:9000/data/raw/RUvideos.csv...
[2025-08-17T19:30:44.413+0000] {subprocess.py:93} INFO - /usr/bin/bash: line 3: hdfs: command not found
[2025-08-17T19:30:44.413+0000] {subprocess.py:93} INFO - Waiting for hdfs://namenode:9000/data/raw/RUvideos.csv...
[2025-08-17T19:30:54.417+0000] {subprocess.py:93} INFO - /usr/bin/bash: line 3: hdfs: command not found
[2025-08-17T19:30:54.418+0000] {subprocess.py:93} INFO - Waiting for hdfs://namenode:9000/data/raw/RUvideos.csv...
[2025-08-17T19:31:04.423+0000] {subprocess.py:93} INFO - /usr/bin/bash: line 3: hdfs: command not found
[2025-08-17T19:31:04.425+0000] {subprocess.py:93} INFO - Waiting for hdfs://namenode:9000/data/raw/RUvideos.csv...
[2025-08-17T19:31:14.437+0000] {subprocess.py:93} INFO - /usr/bin/bash: line 3: hdfs: command not found
[2025-08-17T19:31:14.439+0000] {subprocess.py:93} INFO - Waiting for hdfs://namenode:9000/data/raw/RUvideos.csv...
[2025-08-17T19:31:24.444+0000] {subprocess.py:93} INFO - /usr/bin/bash: line 3: hdfs: command not found
[2025-08-17T19:31:24.444+0000] {subprocess.py:93} INFO - Waiting for hdfs://namenode:9000/data/raw/RUvideos.csv...
[2025-08-17T19:31:34.449+0000] {subprocess.py:93} INFO - /usr/bin/bash: line 3: hdfs: command not found
[2025-08-17T19:31:34.450+0000] {subprocess.py:93} INFO - Waiting for hdfs://namenode:9000/data/raw/RUvideos.csv...
[2025-08-17T19:31:44.461+0000] {subprocess.py:93} INFO - /usr/bin/bash: line 3: hdfs: command not found
[2025-08-17T19:31:44.463+0000] {subprocess.py:93} INFO - Waiting for hdfs://namenode:9000/data/raw/RUvideos.csv...
[2025-08-17T19:31:54.473+0000] {subprocess.py:93} INFO - /usr/bin/bash: line 3: hdfs: command not found
[2025-08-17T19:31:54.475+0000] {subprocess.py:93} INFO - Waiting for hdfs://namenode:9000/data/raw/RUvideos.csv...
[2025-08-17T19:32:04.491+0000] {subprocess.py:93} INFO - /usr/bin/bash: line 3: hdfs: command not found
[2025-08-17T19:32:04.493+0000] {subprocess.py:93} INFO - Waiting for hdfs://namenode:9000/data/raw/RUvideos.csv...
[2025-08-17T19:32:14.507+0000] {subprocess.py:93} INFO - /usr/bin/bash: line 3: hdfs: command not found
[2025-08-17T19:32:14.510+0000] {subprocess.py:93} INFO - Waiting for hdfs://namenode:9000/data/raw/RUvideos.csv...
[2025-08-17T19:32:24.524+0000] {subprocess.py:93} INFO - /usr/bin/bash: line 3: hdfs: command not found
[2025-08-17T19:32:24.526+0000] {subprocess.py:93} INFO - Waiting for hdfs://namenode:9000/data/raw/RUvideos.csv...
[2025-08-17T19:32:34.536+0000] {subprocess.py:93} INFO - /usr/bin/bash: line 3: hdfs: command not found
[2025-08-17T19:32:34.536+0000] {subprocess.py:93} INFO - Waiting for hdfs://namenode:9000/data/raw/RUvideos.csv...
[2025-08-17T19:32:44.539+0000] {subprocess.py:93} INFO - /usr/bin/bash: line 3: hdfs: command not found
[2025-08-17T19:32:44.540+0000] {subprocess.py:93} INFO - Waiting for hdfs://namenode:9000/data/raw/RUvideos.csv...
[2025-08-17T19:32:54.543+0000] {subprocess.py:93} INFO - /usr/bin/bash: line 3: hdfs: command not found
[2025-08-17T19:32:54.543+0000] {subprocess.py:93} INFO - Waiting for hdfs://namenode:9000/data/raw/RUvideos.csv...
[2025-08-17T19:33:04.546+0000] {subprocess.py:93} INFO - /usr/bin/bash: line 3: hdfs: command not found
[2025-08-17T19:33:04.547+0000] {subprocess.py:93} INFO - Waiting for hdfs://namenode:9000/data/raw/RUvideos.csv...
[2025-08-17T19:33:14.552+0000] {subprocess.py:93} INFO - /usr/bin/bash: line 3: hdfs: command not found
[2025-08-17T19:33:14.553+0000] {subprocess.py:93} INFO - Waiting for hdfs://namenode:9000/data/raw/RUvideos.csv...
[2025-08-17T19:33:24.557+0000] {subprocess.py:93} INFO - /usr/bin/bash: line 3: hdfs: command not found
[2025-08-17T19:33:24.558+0000] {subprocess.py:93} INFO - Waiting for hdfs://namenode:9000/data/raw/RUvideos.csv...
[2025-08-17T19:33:34.561+0000] {subprocess.py:93} INFO - TIMEOUT waiting hdfs://namenode:9000/data/raw/RUvideos.csv
[2025-08-17T19:33:34.562+0000] {subprocess.py:97} INFO - Command exited with return code 1
[2025-08-17T19:33:34.563+0000] {taskinstance.py:441} INFO - ::group::Post task execution logs
[2025-08-17T19:33:34.587+0000] {taskinstance.py:2890} ERROR - Task failed with exception
Traceback (most recent call last):
  File "/home/airflow/.local/lib/python3.9/site-packages/airflow/models/taskinstance.py", line 465, in _execute_task
    result = _execute_callable(context=context, **execute_callable_kwargs)
  File "/home/airflow/.local/lib/python3.9/site-packages/airflow/models/taskinstance.py", line 432, in _execute_callable
    return execute_callable(context=context, **execute_callable_kwargs)
  File "/home/airflow/.local/lib/python3.9/site-packages/airflow/models/baseoperator.py", line 400, in wrapper
    return func(self, *args, **kwargs)
  File "/home/airflow/.local/lib/python3.9/site-packages/airflow/operators/bash.py", line 243, in execute
    raise AirflowException(
airflow.exceptions.AirflowException: Bash command failed. The command returned a non-zero exit code 1.
[2025-08-17T19:33:34.596+0000] {taskinstance.py:1205} INFO - Marking task as UP_FOR_RETRY. dag_id=youtube_elt_dw_analytics, task_id=wait_raw_10, execution_date=20250816T000000, start_date=20250817T192331, end_date=20250817T193334
[2025-08-17T19:33:34.625+0000] {standard_task_runner.py:110} ERROR - Failed to execute job 5 for task wait_raw_10 (Bash command failed. The command returned a non-zero exit code 1.; 255)
[2025-08-17T19:33:34.679+0000] {local_task_job_runner.py:240} INFO - Task exited with return code 1
[2025-08-17T19:33:34.727+0000] {logging_mixin.py:188} WARNING - /home/***/.local/lib/python3.9/site-packages/***/models/baseoperator.py:1296 AirflowProviderDeprecationWarning: Call to deprecated class PostgresOperator. (Please use `***.providers.common.sql.operators.sql.SQLExecuteQueryOperator`.Also, you can provide `hook_params={'schema': <database>}`.)
[2025-08-17T19:33:34.815+0000] {taskinstance.py:3482} INFO - 0 downstream tasks scheduled from follow-on schedule check
[2025-08-17T19:33:34.822+0000] {local_task_job_runner.py:222} INFO - ::endgroup::
