[2025-08-19T09:43:51.910+0000] {local_task_job_runner.py:120} INFO - ::group::Pre task execution logs
[2025-08-19T09:43:52.073+0000] {taskinstance.py:2073} INFO - Dependencies all met for dep_context=non-requeueable deps ti=<TaskInstance: youtube_pipeline_batch_data.golden_to_star manual__2025-08-19T09:11:44.506172+00:00 [queued]>
[2025-08-19T09:43:52.103+0000] {taskinstance.py:2073} INFO - Dependencies all met for dep_context=requeueable deps ti=<TaskInstance: youtube_pipeline_batch_data.golden_to_star manual__2025-08-19T09:11:44.506172+00:00 [queued]>
[2025-08-19T09:43:52.104+0000] {taskinstance.py:2303} INFO - Starting attempt 1 of 4
[2025-08-19T09:43:52.147+0000] {taskinstance.py:2327} INFO - Executing <Task(BashOperator): golden_to_star> on 2025-08-19 09:11:44.506172+00:00
[2025-08-19T09:43:52.162+0000] {standard_task_runner.py:63} INFO - Started process 2726 to run task
[2025-08-19T09:43:52.172+0000] {standard_task_runner.py:90} INFO - Running: ['***', 'tasks', 'run', 'youtube_pipeline_batch_data', 'golden_to_star', 'manual__2025-08-19T09:11:44.506172+00:00', '--job-id', '620', '--raw', '--subdir', 'DAGS_FOLDER/youtube_pipeline.py', '--cfg-path', '/tmp/tmpi5l671nx']
[2025-08-19T09:43:52.182+0000] {standard_task_runner.py:91} INFO - Job 620: Subtask golden_to_star
[2025-08-19T09:43:52.408+0000] {task_command.py:426} INFO - Running <TaskInstance: youtube_pipeline_batch_data.golden_to_star manual__2025-08-19T09:11:44.506172+00:00 [running]> on host 54bf3a3eaeab
[2025-08-19T09:43:53.318+0000] {taskinstance.py:2644} INFO - Exporting env vars: AIRFLOW_CTX_DAG_OWNER='***' AIRFLOW_CTX_DAG_ID='youtube_pipeline_batch_data' AIRFLOW_CTX_TASK_ID='golden_to_star' AIRFLOW_CTX_EXECUTION_DATE='2025-08-19T09:11:44.506172+00:00' AIRFLOW_CTX_TRY_NUMBER='1' AIRFLOW_CTX_DAG_RUN_ID='manual__2025-08-19T09:11:44.506172+00:00'
[2025-08-19T09:43:53.319+0000] {taskinstance.py:430} INFO - ::endgroup::
[2025-08-19T09:43:53.528+0000] {subprocess.py:63} INFO - Tmp dir root location: /tmp
[2025-08-19T09:43:53.544+0000] {subprocess.py:75} INFO - Running command: ['/usr/bin/bash', '-c', 'docker exec spark-master spark-submit --master spark://spark-master:7077 --deploy-mode client --packages org.postgresql:postgresql:42.6.0 /opt/***/jobs/star_schema/golden_to_star_citus.py']
[2025-08-19T09:43:53.633+0000] {subprocess.py:86} INFO - Output:
[2025-08-19T09:44:06.784+0000] {subprocess.py:93} INFO - :: loading settings :: url = jar:file:/opt/bitnami/spark/jars/ivy-2.5.1.jar!/org/apache/ivy/core/settings/ivysettings.xml
[2025-08-19T09:44:07.213+0000] {subprocess.py:93} INFO - Ivy Default Cache set to: /opt/bitnami/spark/.ivy2/cache
[2025-08-19T09:44:07.213+0000] {subprocess.py:93} INFO - The jars for the packages stored in: /opt/bitnami/spark/.ivy2/jars
[2025-08-19T09:44:07.230+0000] {subprocess.py:93} INFO - org.postgresql#postgresql added as a dependency
[2025-08-19T09:44:07.236+0000] {subprocess.py:93} INFO - :: resolving dependencies :: org.apache.spark#spark-submit-parent-41df4608-353f-433f-a718-cf36fcf3c006;1.0
[2025-08-19T09:44:07.236+0000] {subprocess.py:93} INFO - 	confs: [default]
[2025-08-19T09:44:07.820+0000] {subprocess.py:93} INFO - 	found org.postgresql#postgresql;42.6.0 in central
[2025-08-19T09:44:07.881+0000] {subprocess.py:93} INFO - 	found org.checkerframework#checker-qual;3.31.0 in central
[2025-08-19T09:44:07.966+0000] {subprocess.py:93} INFO - :: resolution report :: resolve 715ms :: artifacts dl 18ms
[2025-08-19T09:44:07.968+0000] {subprocess.py:93} INFO - 	:: modules in use:
[2025-08-19T09:44:07.972+0000] {subprocess.py:93} INFO - 	org.checkerframework#checker-qual;3.31.0 from central in [default]
[2025-08-19T09:44:07.972+0000] {subprocess.py:93} INFO - 	org.postgresql#postgresql;42.6.0 from central in [default]
[2025-08-19T09:44:07.975+0000] {subprocess.py:93} INFO - 	---------------------------------------------------------------------
[2025-08-19T09:44:07.975+0000] {subprocess.py:93} INFO - 	|                  |            modules            ||   artifacts   |
[2025-08-19T09:44:07.976+0000] {subprocess.py:93} INFO - 	|       conf       | number| search|dwnlded|evicted|| number|dwnlded|
[2025-08-19T09:44:07.977+0000] {subprocess.py:93} INFO - 	---------------------------------------------------------------------
[2025-08-19T09:44:07.977+0000] {subprocess.py:93} INFO - 	|      default     |   2   |   0   |   0   |   0   ||   2   |   0   |
[2025-08-19T09:44:07.978+0000] {subprocess.py:93} INFO - 	---------------------------------------------------------------------
[2025-08-19T09:44:07.981+0000] {subprocess.py:93} INFO - :: retrieving :: org.apache.spark#spark-submit-parent-41df4608-353f-433f-a718-cf36fcf3c006
[2025-08-19T09:44:07.983+0000] {subprocess.py:93} INFO - 	confs: [default]
[2025-08-19T09:44:08.002+0000] {subprocess.py:93} INFO - 	0 artifacts copied, 2 already retrieved (0kB/18ms)
[2025-08-19T09:44:09.477+0000] {subprocess.py:93} INFO - 25/08/19 09:44:09 WARN NativeCodeLoader: Unable to load native-hadoop library for your platform... using builtin-java classes where applicable
[2025-08-19T09:44:14.800+0000] {subprocess.py:93} INFO - 25/08/19 09:44:14 INFO SparkContext: Running Spark version 3.5.1
[2025-08-19T09:44:14.811+0000] {subprocess.py:93} INFO - 25/08/19 09:44:14 INFO SparkContext: OS info Linux, 6.11.0-29-generic, amd64
[2025-08-19T09:44:14.817+0000] {subprocess.py:93} INFO - 25/08/19 09:44:14 INFO SparkContext: Java version 17.0.12
[2025-08-19T09:44:14.992+0000] {subprocess.py:93} INFO - 25/08/19 09:44:14 INFO ResourceUtils: ==============================================================
[2025-08-19T09:44:14.996+0000] {subprocess.py:93} INFO - 25/08/19 09:44:14 INFO ResourceUtils: No custom resources configured for spark.driver.
[2025-08-19T09:44:14.998+0000] {subprocess.py:93} INFO - 25/08/19 09:44:14 INFO ResourceUtils: ==============================================================
[2025-08-19T09:44:15.001+0000] {subprocess.py:93} INFO - 25/08/19 09:44:14 INFO SparkContext: Submitted application: Golden to Star Schema in Citus
[2025-08-19T09:44:15.094+0000] {subprocess.py:93} INFO - 25/08/19 09:44:15 INFO ResourceProfile: Default ResourceProfile created, executor resources: Map(memory -> name: memory, amount: 1024, script: , vendor: , offHeap -> name: offHeap, amount: 0, script: , vendor: ), task resources: Map(cpus -> name: cpus, amount: 1.0)
[2025-08-19T09:44:15.144+0000] {subprocess.py:93} INFO - 25/08/19 09:44:15 INFO ResourceProfile: Limiting resource is cpu
[2025-08-19T09:44:15.150+0000] {subprocess.py:93} INFO - 25/08/19 09:44:15 INFO ResourceProfileManager: Added ResourceProfile id: 0
[2025-08-19T09:44:15.367+0000] {subprocess.py:93} INFO - 25/08/19 09:44:15 INFO SecurityManager: Changing view acls to: spark
[2025-08-19T09:44:15.373+0000] {subprocess.py:93} INFO - 25/08/19 09:44:15 INFO SecurityManager: Changing modify acls to: spark
[2025-08-19T09:44:15.380+0000] {subprocess.py:93} INFO - 25/08/19 09:44:15 INFO SecurityManager: Changing view acls groups to:
[2025-08-19T09:44:15.384+0000] {subprocess.py:93} INFO - 25/08/19 09:44:15 INFO SecurityManager: Changing modify acls groups to:
[2025-08-19T09:44:15.388+0000] {subprocess.py:93} INFO - 25/08/19 09:44:15 INFO SecurityManager: SecurityManager: authentication disabled; ui acls disabled; users with view permissions: spark; groups with view permissions: EMPTY; users with modify permissions: spark; groups with modify permissions: EMPTY
[2025-08-19T09:44:17.714+0000] {subprocess.py:93} INFO - 25/08/19 09:44:17 INFO Utils: Successfully started service 'sparkDriver' on port 44651.
[2025-08-19T09:44:17.850+0000] {subprocess.py:93} INFO - 25/08/19 09:44:17 INFO SparkEnv: Registering MapOutputTracker
[2025-08-19T09:44:18.088+0000] {subprocess.py:93} INFO - 25/08/19 09:44:18 INFO SparkEnv: Registering BlockManagerMaster
[2025-08-19T09:44:18.199+0000] {subprocess.py:93} INFO - 25/08/19 09:44:18 INFO BlockManagerMasterEndpoint: Using org.apache.spark.storage.DefaultTopologyMapper for getting topology information
[2025-08-19T09:44:18.200+0000] {subprocess.py:93} INFO - 25/08/19 09:44:18 INFO BlockManagerMasterEndpoint: BlockManagerMasterEndpoint up
[2025-08-19T09:44:18.207+0000] {subprocess.py:93} INFO - 25/08/19 09:44:18 INFO SparkEnv: Registering BlockManagerMasterHeartbeat
[2025-08-19T09:44:18.430+0000] {subprocess.py:93} INFO - 25/08/19 09:44:18 INFO DiskBlockManager: Created local directory at /tmp/blockmgr-f32464f6-374e-44cb-8472-7ba74bf3f7f6
[2025-08-19T09:44:18.623+0000] {subprocess.py:93} INFO - 25/08/19 09:44:18 INFO MemoryStore: MemoryStore started with capacity 434.4 MiB
[2025-08-19T09:44:18.721+0000] {subprocess.py:93} INFO - 25/08/19 09:44:18 INFO SparkEnv: Registering OutputCommitCoordinator
[2025-08-19T09:44:19.600+0000] {subprocess.py:93} INFO - 25/08/19 09:44:19 INFO JettyUtils: Start Jetty 0.0.0.0:4040 for SparkUI
[2025-08-19T09:44:20.159+0000] {subprocess.py:93} INFO - 25/08/19 09:44:20 WARN Utils: Service 'SparkUI' could not bind on port 4040. Attempting port 4041.
[2025-08-19T09:44:20.189+0000] {subprocess.py:93} INFO - 25/08/19 09:44:20 WARN Utils: Service 'SparkUI' could not bind on port 4041. Attempting port 4042.
[2025-08-19T09:44:20.189+0000] {subprocess.py:93} INFO - 25/08/19 09:44:20 WARN Utils: Service 'SparkUI' could not bind on port 4042. Attempting port 4043.
[2025-08-19T09:44:20.315+0000] {subprocess.py:93} INFO - 25/08/19 09:44:20 INFO Utils: Successfully started service 'SparkUI' on port 4043.
[2025-08-19T09:44:20.880+0000] {subprocess.py:93} INFO - 25/08/19 09:44:20 INFO SparkContext: Added JAR file:///opt/bitnami/spark/.ivy2/jars/org.postgresql_postgresql-42.6.0.jar at spark://b208641feb52:44651/jars/org.postgresql_postgresql-42.6.0.jar with timestamp 1755596654700
[2025-08-19T09:44:20.883+0000] {subprocess.py:93} INFO - 25/08/19 09:44:20 INFO SparkContext: Added JAR file:///opt/bitnami/spark/.ivy2/jars/org.checkerframework_checker-qual-3.31.0.jar at spark://b208641feb52:44651/jars/org.checkerframework_checker-qual-3.31.0.jar with timestamp 1755596654700
[2025-08-19T09:44:20.907+0000] {subprocess.py:93} INFO - 25/08/19 09:44:20 INFO SparkContext: Added file file:///opt/bitnami/spark/.ivy2/jars/org.postgresql_postgresql-42.6.0.jar at spark://b208641feb52:44651/files/org.postgresql_postgresql-42.6.0.jar with timestamp 1755596654700
[2025-08-19T09:44:20.922+0000] {subprocess.py:93} INFO - 25/08/19 09:44:20 INFO Utils: Copying /opt/bitnami/spark/.ivy2/jars/org.postgresql_postgresql-42.6.0.jar to /tmp/spark-36b74b91-5c56-45e2-8199-bd986777c663/userFiles-09a41106-62b6-44e6-980a-4ddaced151c9/org.postgresql_postgresql-42.6.0.jar
[2025-08-19T09:44:20.980+0000] {subprocess.py:93} INFO - 25/08/19 09:44:20 INFO SparkContext: Added file file:///opt/bitnami/spark/.ivy2/jars/org.checkerframework_checker-qual-3.31.0.jar at spark://b208641feb52:44651/files/org.checkerframework_checker-qual-3.31.0.jar with timestamp 1755596654700
[2025-08-19T09:44:20.984+0000] {subprocess.py:93} INFO - 25/08/19 09:44:20 INFO Utils: Copying /opt/bitnami/spark/.ivy2/jars/org.checkerframework_checker-qual-3.31.0.jar to /tmp/spark-36b74b91-5c56-45e2-8199-bd986777c663/userFiles-09a41106-62b6-44e6-980a-4ddaced151c9/org.checkerframework_checker-qual-3.31.0.jar
[2025-08-19T09:44:22.015+0000] {subprocess.py:93} INFO - 25/08/19 09:44:22 INFO StandaloneAppClient$ClientEndpoint: Connecting to master spark://spark-master:7077...
[2025-08-19T09:44:22.413+0000] {subprocess.py:93} INFO - 25/08/19 09:44:22 INFO TransportClientFactory: Successfully created connection to spark-master/172.18.0.4:7077 after 272 ms (0 ms spent in bootstraps)
[2025-08-19T09:44:23.465+0000] {subprocess.py:93} INFO - 25/08/19 09:44:23 INFO StandaloneSchedulerBackend: Connected to Spark cluster with app ID app-20250819094423-0023
[2025-08-19T09:44:23.676+0000] {subprocess.py:93} INFO - 25/08/19 09:44:23 INFO Utils: Successfully started service 'org.apache.spark.network.netty.NettyBlockTransferService' on port 35879.
[2025-08-19T09:44:23.678+0000] {subprocess.py:93} INFO - 25/08/19 09:44:23 INFO NettyBlockTransferService: Server created on b208641feb52:35879
[2025-08-19T09:44:23.708+0000] {subprocess.py:93} INFO - 25/08/19 09:44:23 INFO BlockManager: Using org.apache.spark.storage.RandomBlockReplicationPolicy for block replication policy
[2025-08-19T09:44:23.808+0000] {subprocess.py:93} INFO - 25/08/19 09:44:23 INFO BlockManagerMaster: Registering BlockManager BlockManagerId(driver, b208641feb52, 35879, None)
[2025-08-19T09:44:23.847+0000] {subprocess.py:93} INFO - 25/08/19 09:44:23 INFO BlockManagerMasterEndpoint: Registering block manager b208641feb52:35879 with 434.4 MiB RAM, BlockManagerId(driver, b208641feb52, 35879, None)
[2025-08-19T09:44:23.872+0000] {subprocess.py:93} INFO - 25/08/19 09:44:23 INFO BlockManagerMaster: Registered BlockManager BlockManagerId(driver, b208641feb52, 35879, None)
[2025-08-19T09:44:23.906+0000] {subprocess.py:93} INFO - 25/08/19 09:44:23 INFO BlockManager: Initialized BlockManager: BlockManagerId(driver, b208641feb52, 35879, None)
[2025-08-19T09:44:25.450+0000] {subprocess.py:93} INFO - 25/08/19 09:44:25 INFO StandaloneSchedulerBackend: SchedulerBackend is ready for scheduling beginning after reached minRegisteredResourcesRatio: 0.0
[2025-08-19T09:44:26.359+0000] {subprocess.py:93} INFO - 25/08/19 09:44:26 INFO SharedState: Setting hive.metastore.warehouse.dir ('null') to the value of spark.sql.warehouse.dir.
[2025-08-19T09:44:26.362+0000] {subprocess.py:93} INFO - 25/08/19 09:44:26 INFO SharedState: Warehouse path is 'file:/opt/bitnami/spark/spark-warehouse'.
[2025-08-19T09:44:35.584+0000] {subprocess.py:93} INFO - 25/08/19 09:44:35 INFO InMemoryFileIndex: It took 553 ms to list leaf files for 1 paths.
[2025-08-19T09:44:40.297+0000] {subprocess.py:93} INFO - 25/08/19 09:44:40 INFO SparkContext: Starting job: parquet at NativeMethodAccessorImpl.java:0
[2025-08-19T09:44:40.468+0000] {subprocess.py:93} INFO - 25/08/19 09:44:40 INFO DAGScheduler: Got job 0 (parquet at NativeMethodAccessorImpl.java:0) with 1 output partitions
[2025-08-19T09:44:40.483+0000] {subprocess.py:93} INFO - 25/08/19 09:44:40 INFO DAGScheduler: Final stage: ResultStage 0 (parquet at NativeMethodAccessorImpl.java:0)
[2025-08-19T09:44:40.489+0000] {subprocess.py:93} INFO - 25/08/19 09:44:40 INFO DAGScheduler: Parents of final stage: List()
[2025-08-19T09:44:40.507+0000] {subprocess.py:93} INFO - 25/08/19 09:44:40 INFO DAGScheduler: Missing parents: List()
[2025-08-19T09:44:40.576+0000] {subprocess.py:93} INFO - 25/08/19 09:44:40 INFO DAGScheduler: Submitting ResultStage 0 (MapPartitionsRDD[1] at parquet at NativeMethodAccessorImpl.java:0), which has no missing parents
[2025-08-19T09:44:41.677+0000] {subprocess.py:93} INFO - 25/08/19 09:44:41 INFO MemoryStore: Block broadcast_0 stored as values in memory (estimated size 104.5 KiB, free 434.3 MiB)
[2025-08-19T09:44:42.187+0000] {subprocess.py:93} INFO - 25/08/19 09:44:42 INFO MemoryStore: Block broadcast_0_piece0 stored as bytes in memory (estimated size 37.8 KiB, free 434.3 MiB)
[2025-08-19T09:44:42.238+0000] {subprocess.py:93} INFO - 25/08/19 09:44:42 INFO BlockManagerInfo: Added broadcast_0_piece0 in memory on b208641feb52:35879 (size: 37.8 KiB, free: 434.4 MiB)
[2025-08-19T09:44:42.308+0000] {subprocess.py:93} INFO - 25/08/19 09:44:42 INFO SparkContext: Created broadcast 0 from broadcast at DAGScheduler.scala:1585
[2025-08-19T09:44:42.682+0000] {subprocess.py:93} INFO - 25/08/19 09:44:42 INFO DAGScheduler: Submitting 1 missing tasks from ResultStage 0 (MapPartitionsRDD[1] at parquet at NativeMethodAccessorImpl.java:0) (first 15 tasks are for partitions Vector(0))
[2025-08-19T09:44:42.714+0000] {subprocess.py:93} INFO - 25/08/19 09:44:42 INFO TaskSchedulerImpl: Adding task set 0.0 with 1 tasks resource profile 0
[2025-08-19T09:44:57.927+0000] {subprocess.py:93} INFO - 25/08/19 09:44:57 WARN TaskSchedulerImpl: Initial job has not accepted any resources; check your cluster UI to ensure that workers are registered and have sufficient resources
[2025-08-19T09:45:12.931+0000] {subprocess.py:93} INFO - 25/08/19 09:45:12 WARN TaskSchedulerImpl: Initial job has not accepted any resources; check your cluster UI to ensure that workers are registered and have sufficient resources
[2025-08-19T09:45:27.927+0000] {subprocess.py:93} INFO - 25/08/19 09:45:27 WARN TaskSchedulerImpl: Initial job has not accepted any resources; check your cluster UI to ensure that workers are registered and have sufficient resources
[2025-08-19T09:45:42.927+0000] {subprocess.py:93} INFO - 25/08/19 09:45:42 WARN TaskSchedulerImpl: Initial job has not accepted any resources; check your cluster UI to ensure that workers are registered and have sufficient resources
[2025-08-19T09:45:57.937+0000] {subprocess.py:93} INFO - 25/08/19 09:45:57 WARN TaskSchedulerImpl: Initial job has not accepted any resources; check your cluster UI to ensure that workers are registered and have sufficient resources
[2025-08-19T09:46:12.928+0000] {subprocess.py:93} INFO - 25/08/19 09:46:12 WARN TaskSchedulerImpl: Initial job has not accepted any resources; check your cluster UI to ensure that workers are registered and have sufficient resources
[2025-08-19T09:46:27.927+0000] {subprocess.py:93} INFO - 25/08/19 09:46:27 WARN TaskSchedulerImpl: Initial job has not accepted any resources; check your cluster UI to ensure that workers are registered and have sufficient resources
[2025-08-19T09:46:42.931+0000] {subprocess.py:93} INFO - 25/08/19 09:46:42 WARN TaskSchedulerImpl: Initial job has not accepted any resources; check your cluster UI to ensure that workers are registered and have sufficient resources
[2025-08-19T09:46:57.930+0000] {subprocess.py:93} INFO - 25/08/19 09:46:57 WARN TaskSchedulerImpl: Initial job has not accepted any resources; check your cluster UI to ensure that workers are registered and have sufficient resources
[2025-08-19T09:47:12.931+0000] {subprocess.py:93} INFO - 25/08/19 09:47:12 WARN TaskSchedulerImpl: Initial job has not accepted any resources; check your cluster UI to ensure that workers are registered and have sufficient resources
[2025-08-19T09:47:27.930+0000] {subprocess.py:93} INFO - 25/08/19 09:47:27 WARN TaskSchedulerImpl: Initial job has not accepted any resources; check your cluster UI to ensure that workers are registered and have sufficient resources
[2025-08-19T09:47:42.926+0000] {subprocess.py:93} INFO - 25/08/19 09:47:42 WARN TaskSchedulerImpl: Initial job has not accepted any resources; check your cluster UI to ensure that workers are registered and have sufficient resources
[2025-08-19T09:47:57.928+0000] {subprocess.py:93} INFO - 25/08/19 09:47:57 WARN TaskSchedulerImpl: Initial job has not accepted any resources; check your cluster UI to ensure that workers are registered and have sufficient resources
[2025-08-19T09:48:12.931+0000] {subprocess.py:93} INFO - 25/08/19 09:48:12 WARN TaskSchedulerImpl: Initial job has not accepted any resources; check your cluster UI to ensure that workers are registered and have sufficient resources
[2025-08-19T09:48:27.927+0000] {subprocess.py:93} INFO - 25/08/19 09:48:27 WARN TaskSchedulerImpl: Initial job has not accepted any resources; check your cluster UI to ensure that workers are registered and have sufficient resources
[2025-08-19T09:48:42.929+0000] {subprocess.py:93} INFO - 25/08/19 09:48:42 WARN TaskSchedulerImpl: Initial job has not accepted any resources; check your cluster UI to ensure that workers are registered and have sufficient resources
[2025-08-19T09:48:57.927+0000] {subprocess.py:93} INFO - 25/08/19 09:48:57 WARN TaskSchedulerImpl: Initial job has not accepted any resources; check your cluster UI to ensure that workers are registered and have sufficient resources
[2025-08-19T09:49:02.267+0000] {subprocess.py:93} INFO - 25/08/19 09:49:02 INFO StandaloneAppClient$ClientEndpoint: Executor added: app-20250819094423-0023/0 on worker-20250819090904-172.18.0.12-34859 (172.18.0.12:34859) with 4 core(s)
[2025-08-19T09:49:02.301+0000] {subprocess.py:93} INFO - 25/08/19 09:49:02 INFO StandaloneSchedulerBackend: Granted executor ID app-20250819094423-0023/0 on hostPort 172.18.0.12:34859 with 4 core(s), 1024.0 MiB RAM
[2025-08-19T09:49:02.308+0000] {subprocess.py:93} INFO - 25/08/19 09:49:02 INFO StandaloneAppClient$ClientEndpoint: Executor added: app-20250819094423-0023/1 on worker-20250819090904-172.18.0.17-46791 (172.18.0.17:46791) with 4 core(s)
[2025-08-19T09:49:02.330+0000] {subprocess.py:93} INFO - 25/08/19 09:49:02 INFO StandaloneSchedulerBackend: Granted executor ID app-20250819094423-0023/1 on hostPort 172.18.0.17:46791 with 4 core(s), 1024.0 MiB RAM
[2025-08-19T09:49:02.332+0000] {subprocess.py:93} INFO - 25/08/19 09:49:02 INFO StandaloneAppClient$ClientEndpoint: Executor added: app-20250819094423-0023/2 on worker-20250819090906-172.18.0.16-36117 (172.18.0.16:36117) with 4 core(s)
[2025-08-19T09:49:02.352+0000] {subprocess.py:93} INFO - 25/08/19 09:49:02 INFO StandaloneSchedulerBackend: Granted executor ID app-20250819094423-0023/2 on hostPort 172.18.0.16:36117 with 4 core(s), 1024.0 MiB RAM
[2025-08-19T09:49:02.610+0000] {subprocess.py:93} INFO - 25/08/19 09:49:02 INFO StandaloneAppClient$ClientEndpoint: Executor updated: app-20250819094423-0023/0 is now RUNNING
[2025-08-19T09:49:02.645+0000] {subprocess.py:93} INFO - 25/08/19 09:49:02 INFO StandaloneAppClient$ClientEndpoint: Executor updated: app-20250819094423-0023/1 is now RUNNING
[2025-08-19T09:49:02.646+0000] {subprocess.py:93} INFO - 25/08/19 09:49:02 INFO StandaloneAppClient$ClientEndpoint: Executor updated: app-20250819094423-0023/2 is now RUNNING
[2025-08-19T09:49:12.936+0000] {subprocess.py:93} INFO - 25/08/19 09:49:12 WARN TaskSchedulerImpl: Initial job has not accepted any resources; check your cluster UI to ensure that workers are registered and have sufficient resources
[2025-08-19T09:49:15.633+0000] {subprocess.py:93} INFO - 25/08/19 09:49:15 INFO StandaloneSchedulerBackend$StandaloneDriverEndpoint: Registered executor NettyRpcEndpointRef(spark-client://Executor) (172.18.0.17:51040) with ID 1,  ResourceProfileId 0
[2025-08-19T09:49:16.131+0000] {subprocess.py:93} INFO - 25/08/19 09:49:16 INFO BlockManagerMasterEndpoint: Registering block manager 172.18.0.17:46471 with 434.4 MiB RAM, BlockManagerId(1, 172.18.0.17, 46471, None)
[2025-08-19T09:49:16.476+0000] {subprocess.py:93} INFO - 25/08/19 09:49:16 INFO StandaloneSchedulerBackend$StandaloneDriverEndpoint: Registered executor NettyRpcEndpointRef(spark-client://Executor) (172.18.0.16:35054) with ID 2,  ResourceProfileId 0
[2025-08-19T09:49:16.815+0000] {subprocess.py:93} INFO - 25/08/19 09:49:16 INFO StandaloneSchedulerBackend$StandaloneDriverEndpoint: Registered executor NettyRpcEndpointRef(spark-client://Executor) (172.18.0.12:35626) with ID 0,  ResourceProfileId 0
[2025-08-19T09:49:16.954+0000] {subprocess.py:93} INFO - 25/08/19 09:49:16 INFO BlockManagerMasterEndpoint: Registering block manager 172.18.0.16:35339 with 434.4 MiB RAM, BlockManagerId(2, 172.18.0.16, 35339, None)
[2025-08-19T09:49:17.026+0000] {subprocess.py:93} INFO - 25/08/19 09:49:17 INFO TaskSetManager: Starting task 0.0 in stage 0.0 (TID 0) (172.18.0.17, executor 1, partition 0, PROCESS_LOCAL, 8106 bytes)
[2025-08-19T09:49:17.219+0000] {subprocess.py:93} INFO - 25/08/19 09:49:17 INFO BlockManagerMasterEndpoint: Registering block manager 172.18.0.12:33087 with 434.4 MiB RAM, BlockManagerId(0, 172.18.0.12, 33087, None)
[2025-08-19T09:49:18.221+0000] {subprocess.py:93} INFO - 25/08/19 09:49:18 INFO BlockManagerInfo: Added broadcast_0_piece0 in memory on 172.18.0.17:46471 (size: 37.8 KiB, free: 434.4 MiB)
[2025-08-19T09:49:19.482+0000] {subprocess.py:93} INFO - 25/08/19 09:49:19 INFO TaskSetManager: Finished task 0.0 in stage 0.0 (TID 0) in 2510 ms on 172.18.0.17 (executor 1) (1/1)
[2025-08-19T09:49:19.489+0000] {subprocess.py:93} INFO - 25/08/19 09:49:19 INFO TaskSchedulerImpl: Removed TaskSet 0.0, whose tasks have all completed, from pool
[2025-08-19T09:49:19.500+0000] {subprocess.py:93} INFO - 25/08/19 09:49:19 INFO DAGScheduler: ResultStage 0 (parquet at NativeMethodAccessorImpl.java:0) finished in 278.673 s
[2025-08-19T09:49:19.519+0000] {subprocess.py:93} INFO - 25/08/19 09:49:19 INFO DAGScheduler: Job 0 is finished. Cancelling potential speculative or zombie tasks for this job
[2025-08-19T09:49:19.522+0000] {subprocess.py:93} INFO - 25/08/19 09:49:19 INFO TaskSchedulerImpl: Killing all running tasks in stage 0: Stage finished
[2025-08-19T09:49:19.530+0000] {subprocess.py:93} INFO - 25/08/19 09:49:19 INFO DAGScheduler: Job 0 finished: parquet at NativeMethodAccessorImpl.java:0, took 279.228320 s
[2025-08-19T09:49:20.034+0000] {subprocess.py:93} INFO - Traceback (most recent call last):
[2025-08-19T09:49:20.035+0000] {subprocess.py:93} INFO -   File "/opt/***/jobs/star_schema/golden_to_star_citus.py", line 33, in <module>
[2025-08-19T09:49:20.037+0000] {subprocess.py:93} INFO -     df = spark.read.parquet(golden_path)
[2025-08-19T09:49:20.037+0000] {subprocess.py:93} INFO -          ^^^^^^^^^^^^^^^^^^^^^^^^^^^^^^^
[2025-08-19T09:49:20.038+0000] {subprocess.py:93} INFO -   File "/opt/bitnami/spark/python/lib/pyspark.zip/pyspark/sql/readwriter.py", line 544, in parquet
[2025-08-19T09:49:20.038+0000] {subprocess.py:93} INFO -   File "/opt/bitnami/spark/python/lib/py4j-0.10.9.7-src.zip/py4j/java_gateway.py", line 1322, in __call__
[2025-08-19T09:49:20.038+0000] {subprocess.py:93} INFO -   File "/opt/bitnami/spark/python/lib/pyspark.zip/pyspark/errors/exceptions/captured.py", line 185, in deco
[2025-08-19T09:49:20.076+0000] {subprocess.py:93} INFO - pyspark.errors.exceptions.captured.AnalysisException: [UNABLE_TO_INFER_SCHEMA] Unable to infer schema for Parquet. It must be specified manually.
[2025-08-19T09:49:20.224+0000] {subprocess.py:93} INFO - 25/08/19 09:49:20 INFO SparkContext: Invoking stop() from shutdown hook
[2025-08-19T09:49:20.225+0000] {subprocess.py:93} INFO - 25/08/19 09:49:20 INFO SparkContext: SparkContext is stopping with exitCode 0.
[2025-08-19T09:49:20.239+0000] {subprocess.py:93} INFO - 25/08/19 09:49:20 INFO SparkUI: Stopped Spark web UI at http://b208641feb52:4043
[2025-08-19T09:49:20.257+0000] {subprocess.py:93} INFO - 25/08/19 09:49:20 INFO StandaloneSchedulerBackend: Shutting down all executors
[2025-08-19T09:49:20.259+0000] {subprocess.py:93} INFO - 25/08/19 09:49:20 INFO StandaloneSchedulerBackend$StandaloneDriverEndpoint: Asking each executor to shut down
[2025-08-19T09:49:20.733+0000] {subprocess.py:93} INFO - 25/08/19 09:49:20 INFO MapOutputTrackerMasterEndpoint: MapOutputTrackerMasterEndpoint stopped!
[2025-08-19T09:49:20.959+0000] {subprocess.py:93} INFO - 25/08/19 09:49:20 INFO MemoryStore: MemoryStore cleared
[2025-08-19T09:49:20.961+0000] {subprocess.py:93} INFO - 25/08/19 09:49:20 INFO BlockManager: BlockManager stopped
[2025-08-19T09:49:21.017+0000] {subprocess.py:93} INFO - 25/08/19 09:49:21 INFO BlockManagerMaster: BlockManagerMaster stopped
[2025-08-19T09:49:21.028+0000] {subprocess.py:93} INFO - 25/08/19 09:49:21 INFO OutputCommitCoordinator$OutputCommitCoordinatorEndpoint: OutputCommitCoordinator stopped!
[2025-08-19T09:49:21.079+0000] {subprocess.py:93} INFO - 25/08/19 09:49:21 INFO SparkContext: Successfully stopped SparkContext
[2025-08-19T09:49:21.082+0000] {subprocess.py:93} INFO - 25/08/19 09:49:21 INFO ShutdownHookManager: Shutdown hook called
[2025-08-19T09:49:21.094+0000] {subprocess.py:93} INFO - 25/08/19 09:49:21 INFO ShutdownHookManager: Deleting directory /tmp/spark-36b74b91-5c56-45e2-8199-bd986777c663
[2025-08-19T09:49:21.123+0000] {subprocess.py:93} INFO - 25/08/19 09:49:21 INFO ShutdownHookManager: Deleting directory /tmp/spark-ecd609de-3839-45f8-a574-022ded521ce0
[2025-08-19T09:49:21.172+0000] {subprocess.py:93} INFO - 25/08/19 09:49:21 INFO ShutdownHookManager: Deleting directory /tmp/spark-36b74b91-5c56-45e2-8199-bd986777c663/pyspark-ae837fe3-bfcb-4bc8-9fa6-176ce63d0377
[2025-08-19T09:49:22.270+0000] {subprocess.py:97} INFO - Command exited with return code 1
[2025-08-19T09:49:22.271+0000] {taskinstance.py:441} INFO - ::group::Post task execution logs
[2025-08-19T09:49:22.331+0000] {taskinstance.py:2890} ERROR - Task failed with exception
Traceback (most recent call last):
  File "/home/airflow/.local/lib/python3.9/site-packages/airflow/models/taskinstance.py", line 465, in _execute_task
    result = _execute_callable(context=context, **execute_callable_kwargs)
  File "/home/airflow/.local/lib/python3.9/site-packages/airflow/models/taskinstance.py", line 432, in _execute_callable
    return execute_callable(context=context, **execute_callable_kwargs)
  File "/home/airflow/.local/lib/python3.9/site-packages/airflow/models/baseoperator.py", line 400, in wrapper
    return func(self, *args, **kwargs)
  File "/home/airflow/.local/lib/python3.9/site-packages/airflow/operators/bash.py", line 243, in execute
    raise AirflowException(
airflow.exceptions.AirflowException: Bash command failed. The command returned a non-zero exit code 1.
[2025-08-19T09:49:22.349+0000] {taskinstance.py:1205} INFO - Marking task as UP_FOR_RETRY. dag_id=youtube_pipeline_batch_data, task_id=golden_to_star, execution_date=20250819T091144, start_date=20250819T094352, end_date=20250819T094922
[2025-08-19T09:49:22.411+0000] {standard_task_runner.py:110} ERROR - Failed to execute job 620 for task golden_to_star (Bash command failed. The command returned a non-zero exit code 1.; 2726)
[2025-08-19T09:49:22.480+0000] {local_task_job_runner.py:240} INFO - Task exited with return code 1
[2025-08-19T09:49:22.770+0000] {taskinstance.py:3482} INFO - 0 downstream tasks scheduled from follow-on schedule check
[2025-08-19T09:49:22.776+0000] {local_task_job_runner.py:222} INFO - ::endgroup::
