[2025-08-18T17:39:04.137+0000] {local_task_job_runner.py:120} INFO - ::group::Pre task execution logs
[2025-08-18T17:39:04.316+0000] {taskinstance.py:2073} INFO - Dependencies all met for dep_context=non-requeueable deps ti=<TaskInstance: youtube_pipeline_batch_data.golden_to_star manual__2025-08-18T17:31:47.269331+00:00 [queued]>
[2025-08-18T17:39:04.367+0000] {taskinstance.py:2073} INFO - Dependencies all met for dep_context=requeueable deps ti=<TaskInstance: youtube_pipeline_batch_data.golden_to_star manual__2025-08-18T17:31:47.269331+00:00 [queued]>
[2025-08-18T17:39:04.367+0000] {taskinstance.py:2303} INFO - Starting attempt 3 of 4
[2025-08-18T17:39:04.416+0000] {taskinstance.py:2327} INFO - Executing <Task(BashOperator): golden_to_star> on 2025-08-18 17:31:47.269331+00:00
[2025-08-18T17:39:04.441+0000] {standard_task_runner.py:63} INFO - Started process 9870 to run task
[2025-08-18T17:39:04.460+0000] {standard_task_runner.py:90} INFO - Running: ['***', 'tasks', 'run', 'youtube_pipeline_batch_data', 'golden_to_star', 'manual__2025-08-18T17:31:47.269331+00:00', '--job-id', '439', '--raw', '--subdir', 'DAGS_FOLDER/youtube_pipeline.py', '--cfg-path', '/tmp/tmpzbuw55xm']
[2025-08-18T17:39:04.474+0000] {standard_task_runner.py:91} INFO - Job 439: Subtask golden_to_star
[2025-08-18T17:39:04.712+0000] {task_command.py:426} INFO - Running <TaskInstance: youtube_pipeline_batch_data.golden_to_star manual__2025-08-18T17:31:47.269331+00:00 [running]> on host 47205959681c
[2025-08-18T17:39:05.027+0000] {taskinstance.py:2644} INFO - Exporting env vars: AIRFLOW_CTX_DAG_OWNER='***' AIRFLOW_CTX_DAG_ID='youtube_pipeline_batch_data' AIRFLOW_CTX_TASK_ID='golden_to_star' AIRFLOW_CTX_EXECUTION_DATE='2025-08-18T17:31:47.269331+00:00' AIRFLOW_CTX_TRY_NUMBER='3' AIRFLOW_CTX_DAG_RUN_ID='manual__2025-08-18T17:31:47.269331+00:00'
[2025-08-18T17:39:05.028+0000] {taskinstance.py:430} INFO - ::endgroup::
[2025-08-18T17:39:05.072+0000] {subprocess.py:63} INFO - Tmp dir root location: /tmp
[2025-08-18T17:39:05.073+0000] {subprocess.py:75} INFO - Running command: ['/usr/bin/bash', '-c', 'docker exec youtube-pipeline-project_***_1 spark-submit --master spark://spark-master:7077 --deploy-mode client --packages org.postgresql:postgresql:42.6.0 /opt/***/jobs/star_schema/golden_to_star_citus.py']
[2025-08-18T17:39:05.099+0000] {subprocess.py:86} INFO - Output:
[2025-08-18T17:39:05.257+0000] {subprocess.py:93} INFO - OCI runtime exec failed: exec failed: unable to start container process: exec: "spark-submit": executable file not found in $PATH: unknown
[2025-08-18T17:39:05.264+0000] {subprocess.py:97} INFO - Command exited with return code 127
[2025-08-18T17:39:05.265+0000] {taskinstance.py:441} INFO - ::group::Post task execution logs
[2025-08-18T17:39:05.295+0000] {taskinstance.py:2890} ERROR - Task failed with exception
Traceback (most recent call last):
  File "/home/airflow/.local/lib/python3.9/site-packages/airflow/models/taskinstance.py", line 465, in _execute_task
    result = _execute_callable(context=context, **execute_callable_kwargs)
  File "/home/airflow/.local/lib/python3.9/site-packages/airflow/models/taskinstance.py", line 432, in _execute_callable
    return execute_callable(context=context, **execute_callable_kwargs)
  File "/home/airflow/.local/lib/python3.9/site-packages/airflow/models/baseoperator.py", line 400, in wrapper
    return func(self, *args, **kwargs)
  File "/home/airflow/.local/lib/python3.9/site-packages/airflow/operators/bash.py", line 243, in execute
    raise AirflowException(
airflow.exceptions.AirflowException: Bash command failed. The command returned a non-zero exit code 127.
[2025-08-18T17:39:05.305+0000] {taskinstance.py:1205} INFO - Marking task as UP_FOR_RETRY. dag_id=youtube_pipeline_batch_data, task_id=golden_to_star, execution_date=20250818T173147, start_date=20250818T173904, end_date=20250818T173905
[2025-08-18T17:39:05.338+0000] {standard_task_runner.py:110} ERROR - Failed to execute job 439 for task golden_to_star (Bash command failed. The command returned a non-zero exit code 127.; 9870)
[2025-08-18T17:39:05.380+0000] {local_task_job_runner.py:240} INFO - Task exited with return code 1
[2025-08-18T17:39:05.465+0000] {taskinstance.py:3482} INFO - 0 downstream tasks scheduled from follow-on schedule check
[2025-08-18T17:39:05.477+0000] {local_task_job_runner.py:222} INFO - ::endgroup::
