[2025-08-19T17:25:44.999+0000] {local_task_job_runner.py:120} INFO - ::group::Pre task execution logs
[2025-08-19T17:25:45.277+0000] {taskinstance.py:2073} INFO - Dependencies all met for dep_context=non-requeueable deps ti=<TaskInstance: youtube_pipeline_batch_data.run_q_07_speed_to_viral manual__2025-08-19T17:11:54.436401+00:00 [queued]>
[2025-08-19T17:25:45.358+0000] {taskinstance.py:2073} INFO - Dependencies all met for dep_context=requeueable deps ti=<TaskInstance: youtube_pipeline_batch_data.run_q_07_speed_to_viral manual__2025-08-19T17:11:54.436401+00:00 [queued]>
[2025-08-19T17:25:45.358+0000] {taskinstance.py:2303} INFO - Starting attempt 1 of 4
[2025-08-19T17:25:45.442+0000] {taskinstance.py:2327} INFO - Executing <Task(BashOperator): run_q_07_speed_to_viral> on 2025-08-19 17:11:54.436401+00:00
[2025-08-19T17:25:45.455+0000] {standard_task_runner.py:63} INFO - Started process 2904 to run task
[2025-08-19T17:25:45.484+0000] {standard_task_runner.py:90} INFO - Running: ['***', 'tasks', 'run', 'youtube_pipeline_batch_data', 'run_q_07_speed_to_viral', 'manual__2025-08-19T17:11:54.436401+00:00', '--job-id', '663', '--raw', '--subdir', 'DAGS_FOLDER/youtube_pipeline.py', '--cfg-path', '/tmp/tmp8gkyri9i']
[2025-08-19T17:25:45.511+0000] {standard_task_runner.py:91} INFO - Job 663: Subtask run_q_07_speed_to_viral
[2025-08-19T17:25:45.753+0000] {task_command.py:426} INFO - Running <TaskInstance: youtube_pipeline_batch_data.run_q_07_speed_to_viral manual__2025-08-19T17:11:54.436401+00:00 [running]> on host 7d98d1163bcd
[2025-08-19T17:25:46.380+0000] {taskinstance.py:2644} INFO - Exporting env vars: AIRFLOW_CTX_DAG_OWNER='***' AIRFLOW_CTX_DAG_ID='youtube_pipeline_batch_data' AIRFLOW_CTX_TASK_ID='run_q_07_speed_to_viral' AIRFLOW_CTX_EXECUTION_DATE='2025-08-19T17:11:54.436401+00:00' AIRFLOW_CTX_TRY_NUMBER='1' AIRFLOW_CTX_DAG_RUN_ID='manual__2025-08-19T17:11:54.436401+00:00'
[2025-08-19T17:25:46.385+0000] {taskinstance.py:430} INFO - ::endgroup::
[2025-08-19T17:25:46.479+0000] {subprocess.py:63} INFO - Tmp dir root location: /tmp
[2025-08-19T17:25:46.480+0000] {subprocess.py:75} INFO - Running command: ['/usr/bin/bash', '-c', 'PGPASSWORD=citus psql -h citus_coordinator -U citus -d youtube_dw -f /opt/***/sql/q_07_speed_to_viral.sql']
[2025-08-19T17:25:46.526+0000] {subprocess.py:86} INFO - Output:
[2025-08-19T17:25:46.991+0000] {subprocess.py:93} INFO - CREATE VIEW
[2025-08-19T17:25:47.005+0000] {subprocess.py:97} INFO - Command exited with return code 0
[2025-08-19T17:25:47.006+0000] {taskinstance.py:441} INFO - ::group::Post task execution logs
[2025-08-19T17:25:47.221+0000] {taskinstance.py:1205} INFO - Marking task as SUCCESS. dag_id=youtube_pipeline_batch_data, task_id=run_q_07_speed_to_viral, execution_date=20250819T171154, start_date=20250819T172545, end_date=20250819T172547
[2025-08-19T17:25:47.368+0000] {local_task_job_runner.py:240} INFO - Task exited with return code 0
[2025-08-19T17:25:47.813+0000] {taskinstance.py:3482} INFO - 0 downstream tasks scheduled from follow-on schedule check
[2025-08-19T17:25:47.819+0000] {local_task_job_runner.py:222} INFO - ::endgroup::
