[2025-08-17T19:23:31.917+0000] {local_task_job_runner.py:120} INFO - ::group::Pre task execution logs
[2025-08-17T19:23:32.139+0000] {taskinstance.py:2073} INFO - Dependencies all met for dep_context=non-requeueable deps ti=<TaskInstance: youtube_elt_dw_analytics.wait_raw_1 scheduled__2025-08-16T00:00:00+00:00 [queued]>
[2025-08-17T19:23:32.177+0000] {taskinstance.py:2073} INFO - Dependencies all met for dep_context=requeueable deps ti=<TaskInstance: youtube_elt_dw_analytics.wait_raw_1 scheduled__2025-08-16T00:00:00+00:00 [queued]>
[2025-08-17T19:23:32.177+0000] {taskinstance.py:2303} INFO - Starting attempt 1 of 3
[2025-08-17T19:23:32.305+0000] {taskinstance.py:2327} INFO - Executing <Task(BashOperator): wait_raw_1> on 2025-08-16 00:00:00+00:00
[2025-08-17T19:23:32.362+0000] {standard_task_runner.py:63} INFO - Started process 254 to run task
[2025-08-17T19:23:32.383+0000] {standard_task_runner.py:90} INFO - Running: ['***', 'tasks', 'run', 'youtube_elt_dw_analytics', 'wait_raw_1', 'scheduled__2025-08-16T00:00:00+00:00', '--job-id', '13', '--raw', '--subdir', 'DAGS_FOLDER/youtube_pipeline.py', '--cfg-path', '/tmp/tmpdms_o8w9']
[2025-08-17T19:23:32.394+0000] {standard_task_runner.py:91} INFO - Job 13: Subtask wait_raw_1
[2025-08-17T19:23:32.870+0000] {task_command.py:426} INFO - Running <TaskInstance: youtube_elt_dw_analytics.wait_raw_1 scheduled__2025-08-16T00:00:00+00:00 [running]> on host 545418c0948b
[2025-08-17T19:23:33.525+0000] {taskinstance.py:2644} INFO - Exporting env vars: AIRFLOW_CTX_DAG_OWNER='data-team' AIRFLOW_CTX_DAG_ID='youtube_elt_dw_analytics' AIRFLOW_CTX_TASK_ID='wait_raw_1' AIRFLOW_CTX_EXECUTION_DATE='2025-08-16T00:00:00+00:00' AIRFLOW_CTX_TRY_NUMBER='1' AIRFLOW_CTX_DAG_RUN_ID='scheduled__2025-08-16T00:00:00+00:00'
[2025-08-17T19:23:33.528+0000] {taskinstance.py:430} INFO - ::endgroup::
[2025-08-17T19:23:33.831+0000] {subprocess.py:63} INFO - Tmp dir root location: /tmp
[2025-08-17T19:23:33.832+0000] {subprocess.py:75} INFO - Running command: ['/usr/bin/bash', '-c', "\n            for i in {1..60}; do\n              hdfs dfs -test -e hdfs://namenode:9000/data/raw/USvideos.csv && echo 'FOUND: hdfs://namenode:9000/data/raw/USvideos.csv' && exit 0;\n              echo 'Waiting for hdfs://namenode:9000/data/raw/USvideos.csv...';\n              sleep 10;\n            done;\n            echo 'TIMEOUT waiting hdfs://namenode:9000/data/raw/USvideos.csv'; exit 1\n            "]
[2025-08-17T19:23:33.961+0000] {subprocess.py:86} INFO - Output:
[2025-08-17T19:23:33.994+0000] {subprocess.py:93} INFO - /usr/bin/bash: line 3: hdfs: command not found
[2025-08-17T19:23:33.998+0000] {subprocess.py:93} INFO - Waiting for hdfs://namenode:9000/data/raw/USvideos.csv...
[2025-08-17T19:23:44.022+0000] {subprocess.py:93} INFO - /usr/bin/bash: line 3: hdfs: command not found
[2025-08-17T19:23:44.024+0000] {subprocess.py:93} INFO - Waiting for hdfs://namenode:9000/data/raw/USvideos.csv...
[2025-08-17T19:23:54.035+0000] {subprocess.py:93} INFO - /usr/bin/bash: line 3: hdfs: command not found
[2025-08-17T19:23:54.037+0000] {subprocess.py:93} INFO - Waiting for hdfs://namenode:9000/data/raw/USvideos.csv...
[2025-08-17T19:24:04.044+0000] {subprocess.py:93} INFO - /usr/bin/bash: line 3: hdfs: command not found
[2025-08-17T19:24:04.045+0000] {subprocess.py:93} INFO - Waiting for hdfs://namenode:9000/data/raw/USvideos.csv...
[2025-08-17T19:24:14.052+0000] {subprocess.py:93} INFO - /usr/bin/bash: line 3: hdfs: command not found
[2025-08-17T19:24:14.054+0000] {subprocess.py:93} INFO - Waiting for hdfs://namenode:9000/data/raw/USvideos.csv...
[2025-08-17T19:24:24.064+0000] {subprocess.py:93} INFO - /usr/bin/bash: line 3: hdfs: command not found
[2025-08-17T19:24:24.065+0000] {subprocess.py:93} INFO - Waiting for hdfs://namenode:9000/data/raw/USvideos.csv...
[2025-08-17T19:24:34.069+0000] {subprocess.py:93} INFO - /usr/bin/bash: line 3: hdfs: command not found
[2025-08-17T19:24:34.070+0000] {subprocess.py:93} INFO - Waiting for hdfs://namenode:9000/data/raw/USvideos.csv...
[2025-08-17T19:24:44.075+0000] {subprocess.py:93} INFO - /usr/bin/bash: line 3: hdfs: command not found
[2025-08-17T19:24:44.076+0000] {subprocess.py:93} INFO - Waiting for hdfs://namenode:9000/data/raw/USvideos.csv...
[2025-08-17T19:24:54.079+0000] {subprocess.py:93} INFO - /usr/bin/bash: line 3: hdfs: command not found
[2025-08-17T19:24:54.080+0000] {subprocess.py:93} INFO - Waiting for hdfs://namenode:9000/data/raw/USvideos.csv...
[2025-08-17T19:25:04.090+0000] {subprocess.py:93} INFO - /usr/bin/bash: line 3: hdfs: command not found
[2025-08-17T19:25:04.100+0000] {subprocess.py:93} INFO - Waiting for hdfs://namenode:9000/data/raw/USvideos.csv...
[2025-08-17T19:25:14.102+0000] {subprocess.py:93} INFO - /usr/bin/bash: line 3: hdfs: command not found
[2025-08-17T19:25:14.103+0000] {subprocess.py:93} INFO - Waiting for hdfs://namenode:9000/data/raw/USvideos.csv...
[2025-08-17T19:25:24.110+0000] {subprocess.py:93} INFO - /usr/bin/bash: line 3: hdfs: command not found
[2025-08-17T19:25:24.112+0000] {subprocess.py:93} INFO - Waiting for hdfs://namenode:9000/data/raw/USvideos.csv...
[2025-08-17T19:25:34.122+0000] {subprocess.py:93} INFO - /usr/bin/bash: line 3: hdfs: command not found
[2025-08-17T19:25:34.123+0000] {subprocess.py:93} INFO - Waiting for hdfs://namenode:9000/data/raw/USvideos.csv...
[2025-08-17T19:25:44.126+0000] {subprocess.py:93} INFO - /usr/bin/bash: line 3: hdfs: command not found
[2025-08-17T19:25:44.127+0000] {subprocess.py:93} INFO - Waiting for hdfs://namenode:9000/data/raw/USvideos.csv...
[2025-08-17T19:25:54.131+0000] {subprocess.py:93} INFO - /usr/bin/bash: line 3: hdfs: command not found
[2025-08-17T19:25:54.133+0000] {subprocess.py:93} INFO - Waiting for hdfs://namenode:9000/data/raw/USvideos.csv...
[2025-08-17T19:26:04.143+0000] {subprocess.py:93} INFO - /usr/bin/bash: line 3: hdfs: command not found
[2025-08-17T19:26:04.145+0000] {subprocess.py:93} INFO - Waiting for hdfs://namenode:9000/data/raw/USvideos.csv...
[2025-08-17T19:26:14.153+0000] {subprocess.py:93} INFO - /usr/bin/bash: line 3: hdfs: command not found
[2025-08-17T19:26:14.153+0000] {subprocess.py:93} INFO - Waiting for hdfs://namenode:9000/data/raw/USvideos.csv...
[2025-08-17T19:26:24.156+0000] {subprocess.py:93} INFO - /usr/bin/bash: line 3: hdfs: command not found
[2025-08-17T19:26:24.157+0000] {subprocess.py:93} INFO - Waiting for hdfs://namenode:9000/data/raw/USvideos.csv...
[2025-08-17T19:26:34.161+0000] {subprocess.py:93} INFO - /usr/bin/bash: line 3: hdfs: command not found
[2025-08-17T19:26:34.162+0000] {subprocess.py:93} INFO - Waiting for hdfs://namenode:9000/data/raw/USvideos.csv...
[2025-08-17T19:26:44.170+0000] {subprocess.py:93} INFO - /usr/bin/bash: line 3: hdfs: command not found
[2025-08-17T19:26:44.172+0000] {subprocess.py:93} INFO - Waiting for hdfs://namenode:9000/data/raw/USvideos.csv...
[2025-08-17T19:26:54.182+0000] {subprocess.py:93} INFO - /usr/bin/bash: line 3: hdfs: command not found
[2025-08-17T19:26:54.183+0000] {subprocess.py:93} INFO - Waiting for hdfs://namenode:9000/data/raw/USvideos.csv...
[2025-08-17T19:27:04.194+0000] {subprocess.py:93} INFO - /usr/bin/bash: line 3: hdfs: command not found
[2025-08-17T19:27:04.195+0000] {subprocess.py:93} INFO - Waiting for hdfs://namenode:9000/data/raw/USvideos.csv...
[2025-08-17T19:27:14.202+0000] {subprocess.py:93} INFO - /usr/bin/bash: line 3: hdfs: command not found
[2025-08-17T19:27:14.203+0000] {subprocess.py:93} INFO - Waiting for hdfs://namenode:9000/data/raw/USvideos.csv...
[2025-08-17T19:27:24.211+0000] {subprocess.py:93} INFO - /usr/bin/bash: line 3: hdfs: command not found
[2025-08-17T19:27:24.212+0000] {subprocess.py:93} INFO - Waiting for hdfs://namenode:9000/data/raw/USvideos.csv...
[2025-08-17T19:27:34.223+0000] {subprocess.py:93} INFO - /usr/bin/bash: line 3: hdfs: command not found
[2025-08-17T19:27:34.225+0000] {subprocess.py:93} INFO - Waiting for hdfs://namenode:9000/data/raw/USvideos.csv...
[2025-08-17T19:27:44.234+0000] {subprocess.py:93} INFO - /usr/bin/bash: line 3: hdfs: command not found
[2025-08-17T19:27:44.235+0000] {subprocess.py:93} INFO - Waiting for hdfs://namenode:9000/data/raw/USvideos.csv...
[2025-08-17T19:27:54.241+0000] {subprocess.py:93} INFO - /usr/bin/bash: line 3: hdfs: command not found
[2025-08-17T19:27:54.242+0000] {subprocess.py:93} INFO - Waiting for hdfs://namenode:9000/data/raw/USvideos.csv...
[2025-08-17T19:28:04.246+0000] {subprocess.py:93} INFO - /usr/bin/bash: line 3: hdfs: command not found
[2025-08-17T19:28:04.247+0000] {subprocess.py:93} INFO - Waiting for hdfs://namenode:9000/data/raw/USvideos.csv...
[2025-08-17T19:28:14.250+0000] {subprocess.py:93} INFO - /usr/bin/bash: line 3: hdfs: command not found
[2025-08-17T19:28:14.251+0000] {subprocess.py:93} INFO - Waiting for hdfs://namenode:9000/data/raw/USvideos.csv...
[2025-08-17T19:28:24.259+0000] {subprocess.py:93} INFO - /usr/bin/bash: line 3: hdfs: command not found
[2025-08-17T19:28:24.264+0000] {subprocess.py:93} INFO - Waiting for hdfs://namenode:9000/data/raw/USvideos.csv...
[2025-08-17T19:28:34.275+0000] {subprocess.py:93} INFO - /usr/bin/bash: line 3: hdfs: command not found
[2025-08-17T19:28:34.276+0000] {subprocess.py:93} INFO - Waiting for hdfs://namenode:9000/data/raw/USvideos.csv...
[2025-08-17T19:28:44.287+0000] {subprocess.py:93} INFO - /usr/bin/bash: line 3: hdfs: command not found
[2025-08-17T19:28:44.288+0000] {subprocess.py:93} INFO - Waiting for hdfs://namenode:9000/data/raw/USvideos.csv...
[2025-08-17T19:28:54.304+0000] {subprocess.py:93} INFO - /usr/bin/bash: line 3: hdfs: command not found
[2025-08-17T19:28:54.307+0000] {subprocess.py:93} INFO - Waiting for hdfs://namenode:9000/data/raw/USvideos.csv...
[2025-08-17T19:29:04.317+0000] {subprocess.py:93} INFO - /usr/bin/bash: line 3: hdfs: command not found
[2025-08-17T19:29:04.320+0000] {subprocess.py:93} INFO - Waiting for hdfs://namenode:9000/data/raw/USvideos.csv...
[2025-08-17T19:29:14.333+0000] {subprocess.py:93} INFO - /usr/bin/bash: line 3: hdfs: command not found
[2025-08-17T19:29:14.334+0000] {subprocess.py:93} INFO - Waiting for hdfs://namenode:9000/data/raw/USvideos.csv...
[2025-08-17T19:29:24.346+0000] {subprocess.py:93} INFO - /usr/bin/bash: line 3: hdfs: command not found
[2025-08-17T19:29:24.350+0000] {subprocess.py:93} INFO - Waiting for hdfs://namenode:9000/data/raw/USvideos.csv...
[2025-08-17T19:29:34.359+0000] {subprocess.py:93} INFO - /usr/bin/bash: line 3: hdfs: command not found
[2025-08-17T19:29:34.360+0000] {subprocess.py:93} INFO - Waiting for hdfs://namenode:9000/data/raw/USvideos.csv...
[2025-08-17T19:29:44.374+0000] {subprocess.py:93} INFO - /usr/bin/bash: line 3: hdfs: command not found
[2025-08-17T19:29:44.376+0000] {subprocess.py:93} INFO - Waiting for hdfs://namenode:9000/data/raw/USvideos.csv...
[2025-08-17T19:29:54.402+0000] {subprocess.py:93} INFO - /usr/bin/bash: line 3: hdfs: command not found
[2025-08-17T19:29:54.406+0000] {subprocess.py:93} INFO - Waiting for hdfs://namenode:9000/data/raw/USvideos.csv...
[2025-08-17T19:30:04.412+0000] {subprocess.py:93} INFO - /usr/bin/bash: line 3: hdfs: command not found
[2025-08-17T19:30:04.415+0000] {subprocess.py:93} INFO - Waiting for hdfs://namenode:9000/data/raw/USvideos.csv...
[2025-08-17T19:30:14.427+0000] {subprocess.py:93} INFO - /usr/bin/bash: line 3: hdfs: command not found
[2025-08-17T19:30:14.428+0000] {subprocess.py:93} INFO - Waiting for hdfs://namenode:9000/data/raw/USvideos.csv...
[2025-08-17T19:30:24.433+0000] {subprocess.py:93} INFO - /usr/bin/bash: line 3: hdfs: command not found
[2025-08-17T19:30:24.437+0000] {subprocess.py:93} INFO - Waiting for hdfs://namenode:9000/data/raw/USvideos.csv...
[2025-08-17T19:30:34.450+0000] {subprocess.py:93} INFO - /usr/bin/bash: line 3: hdfs: command not found
[2025-08-17T19:30:34.451+0000] {subprocess.py:93} INFO - Waiting for hdfs://namenode:9000/data/raw/USvideos.csv...
[2025-08-17T19:30:44.457+0000] {subprocess.py:93} INFO - /usr/bin/bash: line 3: hdfs: command not found
[2025-08-17T19:30:44.457+0000] {subprocess.py:93} INFO - Waiting for hdfs://namenode:9000/data/raw/USvideos.csv...
[2025-08-17T19:30:54.462+0000] {subprocess.py:93} INFO - /usr/bin/bash: line 3: hdfs: command not found
[2025-08-17T19:30:54.463+0000] {subprocess.py:93} INFO - Waiting for hdfs://namenode:9000/data/raw/USvideos.csv...
[2025-08-17T19:31:04.474+0000] {subprocess.py:93} INFO - /usr/bin/bash: line 3: hdfs: command not found
[2025-08-17T19:31:04.478+0000] {subprocess.py:93} INFO - Waiting for hdfs://namenode:9000/data/raw/USvideos.csv...
[2025-08-17T19:31:14.494+0000] {subprocess.py:93} INFO - /usr/bin/bash: line 3: hdfs: command not found
[2025-08-17T19:31:14.495+0000] {subprocess.py:93} INFO - Waiting for hdfs://namenode:9000/data/raw/USvideos.csv...
[2025-08-17T19:31:24.499+0000] {subprocess.py:93} INFO - /usr/bin/bash: line 3: hdfs: command not found
[2025-08-17T19:31:24.500+0000] {subprocess.py:93} INFO - Waiting for hdfs://namenode:9000/data/raw/USvideos.csv...
[2025-08-17T19:31:34.507+0000] {subprocess.py:93} INFO - /usr/bin/bash: line 3: hdfs: command not found
[2025-08-17T19:31:34.509+0000] {subprocess.py:93} INFO - Waiting for hdfs://namenode:9000/data/raw/USvideos.csv...
[2025-08-17T19:31:44.522+0000] {subprocess.py:93} INFO - /usr/bin/bash: line 3: hdfs: command not found
[2025-08-17T19:31:44.524+0000] {subprocess.py:93} INFO - Waiting for hdfs://namenode:9000/data/raw/USvideos.csv...
[2025-08-17T19:31:54.535+0000] {subprocess.py:93} INFO - /usr/bin/bash: line 3: hdfs: command not found
[2025-08-17T19:31:54.537+0000] {subprocess.py:93} INFO - Waiting for hdfs://namenode:9000/data/raw/USvideos.csv...
[2025-08-17T19:32:04.547+0000] {subprocess.py:93} INFO - /usr/bin/bash: line 3: hdfs: command not found
[2025-08-17T19:32:04.548+0000] {subprocess.py:93} INFO - Waiting for hdfs://namenode:9000/data/raw/USvideos.csv...
[2025-08-17T19:32:14.557+0000] {subprocess.py:93} INFO - /usr/bin/bash: line 3: hdfs: command not found
[2025-08-17T19:32:14.559+0000] {subprocess.py:93} INFO - Waiting for hdfs://namenode:9000/data/raw/USvideos.csv...
[2025-08-17T19:32:24.572+0000] {subprocess.py:93} INFO - /usr/bin/bash: line 3: hdfs: command not found
[2025-08-17T19:32:24.573+0000] {subprocess.py:93} INFO - Waiting for hdfs://namenode:9000/data/raw/USvideos.csv...
[2025-08-17T19:32:34.579+0000] {subprocess.py:93} INFO - /usr/bin/bash: line 3: hdfs: command not found
[2025-08-17T19:32:34.579+0000] {subprocess.py:93} INFO - Waiting for hdfs://namenode:9000/data/raw/USvideos.csv...
[2025-08-17T19:32:44.585+0000] {subprocess.py:93} INFO - /usr/bin/bash: line 3: hdfs: command not found
[2025-08-17T19:32:44.586+0000] {subprocess.py:93} INFO - Waiting for hdfs://namenode:9000/data/raw/USvideos.csv...
[2025-08-17T19:32:54.589+0000] {subprocess.py:93} INFO - /usr/bin/bash: line 3: hdfs: command not found
[2025-08-17T19:32:54.589+0000] {subprocess.py:93} INFO - Waiting for hdfs://namenode:9000/data/raw/USvideos.csv...
[2025-08-17T19:33:04.592+0000] {subprocess.py:93} INFO - /usr/bin/bash: line 3: hdfs: command not found
[2025-08-17T19:33:04.593+0000] {subprocess.py:93} INFO - Waiting for hdfs://namenode:9000/data/raw/USvideos.csv...
[2025-08-17T19:33:14.599+0000] {subprocess.py:93} INFO - /usr/bin/bash: line 3: hdfs: command not found
[2025-08-17T19:33:14.599+0000] {subprocess.py:93} INFO - Waiting for hdfs://namenode:9000/data/raw/USvideos.csv...
[2025-08-17T19:33:24.604+0000] {subprocess.py:93} INFO - /usr/bin/bash: line 3: hdfs: command not found
[2025-08-17T19:33:24.605+0000] {subprocess.py:93} INFO - Waiting for hdfs://namenode:9000/data/raw/USvideos.csv...
[2025-08-17T19:33:34.611+0000] {subprocess.py:93} INFO - TIMEOUT waiting hdfs://namenode:9000/data/raw/USvideos.csv
[2025-08-17T19:33:34.611+0000] {subprocess.py:97} INFO - Command exited with return code 1
[2025-08-17T19:33:34.612+0000] {taskinstance.py:441} INFO - ::group::Post task execution logs
[2025-08-17T19:33:34.638+0000] {taskinstance.py:2890} ERROR - Task failed with exception
Traceback (most recent call last):
  File "/home/airflow/.local/lib/python3.9/site-packages/airflow/models/taskinstance.py", line 465, in _execute_task
    result = _execute_callable(context=context, **execute_callable_kwargs)
  File "/home/airflow/.local/lib/python3.9/site-packages/airflow/models/taskinstance.py", line 432, in _execute_callable
    return execute_callable(context=context, **execute_callable_kwargs)
  File "/home/airflow/.local/lib/python3.9/site-packages/airflow/models/baseoperator.py", line 400, in wrapper
    return func(self, *args, **kwargs)
  File "/home/airflow/.local/lib/python3.9/site-packages/airflow/operators/bash.py", line 243, in execute
    raise AirflowException(
airflow.exceptions.AirflowException: Bash command failed. The command returned a non-zero exit code 1.
[2025-08-17T19:33:34.646+0000] {taskinstance.py:1205} INFO - Marking task as UP_FOR_RETRY. dag_id=youtube_elt_dw_analytics, task_id=wait_raw_1, execution_date=20250816T000000, start_date=20250817T192332, end_date=20250817T193334
[2025-08-17T19:33:34.674+0000] {standard_task_runner.py:110} ERROR - Failed to execute job 13 for task wait_raw_1 (Bash command failed. The command returned a non-zero exit code 1.; 254)
[2025-08-17T19:33:34.711+0000] {local_task_job_runner.py:240} INFO - Task exited with return code 1
[2025-08-17T19:33:34.857+0000] {logging_mixin.py:188} WARNING - /home/***/.local/lib/python3.9/site-packages/***/models/baseoperator.py:1296 AirflowProviderDeprecationWarning: Call to deprecated class PostgresOperator. (Please use `***.providers.common.sql.operators.sql.SQLExecuteQueryOperator`.Also, you can provide `hook_params={'schema': <database>}`.)
[2025-08-17T19:33:34.932+0000] {taskinstance.py:3482} INFO - 0 downstream tasks scheduled from follow-on schedule check
[2025-08-17T19:33:34.941+0000] {local_task_job_runner.py:222} INFO - ::endgroup::
