[2025-08-19T09:52:32.614+0000] {local_task_job_runner.py:120} INFO - ::group::Pre task execution logs
[2025-08-19T09:52:35.079+0000] {taskinstance.py:2073} INFO - Dependencies all met for dep_context=non-requeueable deps ti=<TaskInstance: youtube_pipeline_batch_data.run_q_09_seasonal_launch manual__2025-08-19T09:11:31.039964+00:00 [queued]>
[2025-08-19T09:52:35.206+0000] {taskinstance.py:2073} INFO - Dependencies all met for dep_context=requeueable deps ti=<TaskInstance: youtube_pipeline_batch_data.run_q_09_seasonal_launch manual__2025-08-19T09:11:31.039964+00:00 [queued]>
[2025-08-19T09:52:35.206+0000] {taskinstance.py:2303} INFO - Starting attempt 1 of 4
[2025-08-19T09:52:35.711+0000] {taskinstance.py:2327} INFO - Executing <Task(BashOperator): run_q_09_seasonal_launch> on 2025-08-19 09:11:31.039964+00:00
[2025-08-19T09:52:35.905+0000] {standard_task_runner.py:63} INFO - Started process 2901 to run task
[2025-08-19T09:52:35.998+0000] {standard_task_runner.py:90} INFO - Running: ['***', 'tasks', 'run', 'youtube_pipeline_batch_data', 'run_q_09_seasonal_launch', 'manual__2025-08-19T09:11:31.039964+00:00', '--job-id', '628', '--raw', '--subdir', 'DAGS_FOLDER/youtube_pipeline.py', '--cfg-path', '/tmp/tmpyx3sy4hn']
[2025-08-19T09:52:36.012+0000] {standard_task_runner.py:91} INFO - Job 628: Subtask run_q_09_seasonal_launch
[2025-08-19T09:52:36.274+0000] {task_command.py:426} INFO - Running <TaskInstance: youtube_pipeline_batch_data.run_q_09_seasonal_launch manual__2025-08-19T09:11:31.039964+00:00 [running]> on host 54bf3a3eaeab
[2025-08-19T09:52:38.584+0000] {taskinstance.py:2644} INFO - Exporting env vars: AIRFLOW_CTX_DAG_OWNER='***' AIRFLOW_CTX_DAG_ID='youtube_pipeline_batch_data' AIRFLOW_CTX_TASK_ID='run_q_09_seasonal_launch' AIRFLOW_CTX_EXECUTION_DATE='2025-08-19T09:11:31.039964+00:00' AIRFLOW_CTX_TRY_NUMBER='1' AIRFLOW_CTX_DAG_RUN_ID='manual__2025-08-19T09:11:31.039964+00:00'
[2025-08-19T09:52:38.598+0000] {taskinstance.py:430} INFO - ::endgroup::
[2025-08-19T09:52:38.708+0000] {subprocess.py:63} INFO - Tmp dir root location: /tmp
[2025-08-19T09:52:38.709+0000] {subprocess.py:75} INFO - Running command: ['/usr/bin/bash', '-c', 'PGPASSWORD=citus psql -h citus_coordinator -U citus -d youtube_dw -f /opt/***/sql/q_09_seasonal_launch.sql']
[2025-08-19T09:52:39.104+0000] {subprocess.py:86} INFO - Output:
[2025-08-19T09:52:41.090+0000] {subprocess.py:93} INFO - CREATE VIEW
[2025-08-19T09:52:41.135+0000] {subprocess.py:97} INFO - Command exited with return code 0
[2025-08-19T09:52:41.140+0000] {taskinstance.py:441} INFO - ::group::Post task execution logs
[2025-08-19T09:52:41.575+0000] {taskinstance.py:1205} INFO - Marking task as SUCCESS. dag_id=youtube_pipeline_batch_data, task_id=run_q_09_seasonal_launch, execution_date=20250819T091131, start_date=20250819T095235, end_date=20250819T095241
[2025-08-19T09:52:41.792+0000] {local_task_job_runner.py:240} INFO - Task exited with return code 0
[2025-08-19T09:52:42.012+0000] {taskinstance.py:3482} INFO - 0 downstream tasks scheduled from follow-on schedule check
[2025-08-19T09:52:42.019+0000] {local_task_job_runner.py:222} INFO - ::endgroup::
