[2025-08-18T13:29:56.366+0000] {local_task_job_runner.py:120} INFO - ::group::Pre task execution logs
[2025-08-18T13:29:56.690+0000] {taskinstance.py:2073} INFO - Dependencies all met for dep_context=non-requeueable deps ti=<TaskInstance: youtube_pipeline_batch_data.run_q_05_tags_core_metrics manual__2025-08-18T13:24:03.294101+00:00 [queued]>
[2025-08-18T13:29:56.771+0000] {taskinstance.py:2073} INFO - Dependencies all met for dep_context=requeueable deps ti=<TaskInstance: youtube_pipeline_batch_data.run_q_05_tags_core_metrics manual__2025-08-18T13:24:03.294101+00:00 [queued]>
[2025-08-18T13:29:56.772+0000] {taskinstance.py:2303} INFO - Starting attempt 1 of 4
[2025-08-18T13:29:56.826+0000] {taskinstance.py:2327} INFO - Executing <Task(BashOperator): run_q_05_tags_core_metrics> on 2025-08-18 13:24:03.294101+00:00
[2025-08-18T13:29:56.840+0000] {standard_task_runner.py:63} INFO - Started process 5106 to run task
[2025-08-18T13:29:56.856+0000] {standard_task_runner.py:90} INFO - Running: ['***', 'tasks', 'run', 'youtube_pipeline_batch_data', 'run_q_05_tags_core_metrics', 'manual__2025-08-18T13:24:03.294101+00:00', '--job-id', '328', '--raw', '--subdir', 'DAGS_FOLDER/youtube_pipeline.py', '--cfg-path', '/tmp/tmpf6bgwkok']
[2025-08-18T13:29:56.860+0000] {standard_task_runner.py:91} INFO - Job 328: Subtask run_q_05_tags_core_metrics
[2025-08-18T13:29:57.080+0000] {task_command.py:426} INFO - Running <TaskInstance: youtube_pipeline_batch_data.run_q_05_tags_core_metrics manual__2025-08-18T13:24:03.294101+00:00 [running]> on host 47205959681c
[2025-08-18T13:29:57.400+0000] {taskinstance.py:2644} INFO - Exporting env vars: AIRFLOW_CTX_DAG_OWNER='***' AIRFLOW_CTX_DAG_ID='youtube_pipeline_batch_data' AIRFLOW_CTX_TASK_ID='run_q_05_tags_core_metrics' AIRFLOW_CTX_EXECUTION_DATE='2025-08-18T13:24:03.294101+00:00' AIRFLOW_CTX_TRY_NUMBER='1' AIRFLOW_CTX_DAG_RUN_ID='manual__2025-08-18T13:24:03.294101+00:00'
[2025-08-18T13:29:57.400+0000] {taskinstance.py:430} INFO - ::endgroup::
[2025-08-18T13:29:57.432+0000] {subprocess.py:63} INFO - Tmp dir root location: /tmp
[2025-08-18T13:29:57.433+0000] {subprocess.py:75} INFO - Running command: ['/usr/bin/bash', '-c', 'PGPASSWORD=citus psql -h citus_coordinator -U citus -d youtube_dw -f /opt/***/sql/q_05_tags_core_metrics.sql']
[2025-08-18T13:29:57.453+0000] {subprocess.py:86} INFO - Output:
[2025-08-18T13:29:57.913+0000] {subprocess.py:93} INFO - CREATE VIEW
[2025-08-18T13:29:57.916+0000] {subprocess.py:97} INFO - Command exited with return code 0
[2025-08-18T13:29:57.917+0000] {taskinstance.py:441} INFO - ::group::Post task execution logs
[2025-08-18T13:29:58.075+0000] {taskinstance.py:1205} INFO - Marking task as SUCCESS. dag_id=youtube_pipeline_batch_data, task_id=run_q_05_tags_core_metrics, execution_date=20250818T132403, start_date=20250818T132956, end_date=20250818T132958
[2025-08-18T13:29:58.169+0000] {local_task_job_runner.py:240} INFO - Task exited with return code 0
[2025-08-18T13:29:58.334+0000] {taskinstance.py:3482} INFO - 0 downstream tasks scheduled from follow-on schedule check
[2025-08-18T13:29:58.342+0000] {local_task_job_runner.py:222} INFO - ::endgroup::
