[2025-08-19T08:59:16.050+0000] {local_task_job_runner.py:120} INFO - ::group::Pre task execution logs
[2025-08-19T08:59:16.101+0000] {taskinstance.py:2073} INFO - Dependencies all met for dep_context=non-requeueable deps ti=<TaskInstance: youtube_pipeline_batch_data.drop_views manual__2025-08-19T08:57:35.847127+00:00 [queued]>
[2025-08-19T08:59:16.117+0000] {taskinstance.py:2073} INFO - Dependencies all met for dep_context=requeueable deps ti=<TaskInstance: youtube_pipeline_batch_data.drop_views manual__2025-08-19T08:57:35.847127+00:00 [queued]>
[2025-08-19T08:59:16.118+0000] {taskinstance.py:2303} INFO - Starting attempt 4 of 4
[2025-08-19T08:59:16.179+0000] {taskinstance.py:2327} INFO - Executing <Task(BashOperator): drop_views> on 2025-08-19 08:57:35.847127+00:00
[2025-08-19T08:59:16.201+0000] {standard_task_runner.py:63} INFO - Started process 2151 to run task
[2025-08-19T08:59:16.206+0000] {standard_task_runner.py:90} INFO - Running: ['***', 'tasks', 'run', 'youtube_pipeline_batch_data', 'drop_views', 'manual__2025-08-19T08:57:35.847127+00:00', '--job-id', '558', '--raw', '--subdir', 'DAGS_FOLDER/youtube_pipeline.py', '--cfg-path', '/tmp/tmp2jlmu5x3']
[2025-08-19T08:59:16.211+0000] {standard_task_runner.py:91} INFO - Job 558: Subtask drop_views
[2025-08-19T08:59:16.393+0000] {task_command.py:426} INFO - Running <TaskInstance: youtube_pipeline_batch_data.drop_views manual__2025-08-19T08:57:35.847127+00:00 [running]> on host 0121d0ff2e32
[2025-08-19T08:59:16.780+0000] {taskinstance.py:2644} INFO - Exporting env vars: AIRFLOW_CTX_DAG_OWNER='***' AIRFLOW_CTX_DAG_ID='youtube_pipeline_batch_data' AIRFLOW_CTX_TASK_ID='drop_views' AIRFLOW_CTX_EXECUTION_DATE='2025-08-19T08:57:35.847127+00:00' AIRFLOW_CTX_TRY_NUMBER='4' AIRFLOW_CTX_DAG_RUN_ID='manual__2025-08-19T08:57:35.847127+00:00'
[2025-08-19T08:59:16.784+0000] {taskinstance.py:430} INFO - ::endgroup::
[2025-08-19T08:59:16.816+0000] {subprocess.py:63} INFO - Tmp dir root location: /tmp
[2025-08-19T08:59:16.817+0000] {subprocess.py:75} INFO - Running command: ['/usr/bin/bash', '-c', 'docker exec youtube-pipeline-project-postgres-1 psql -U citus -d youtube_dw -c "DROP VIEW IF EXISTS avg_views_comments CASCADE; DROP VIEW IF EXISTS vw_q02_top_engagement_channels CASCADE; DROP VIEW IF EXISTS vw_q03_gold_combinations CASCADE; DROP VIEW IF EXISTS vw_q04_problem_types CASCADE; DROP VIEW IF EXISTS vw_q05_tags_core_metrics CASCADE; DROP VIEW IF EXISTS vw_q06_magic_tags CASCADE; DROP VIEW IF EXISTS vw_q07_speed_to_viral CASCADE; DROP VIEW IF EXISTS vw_q08_desc_thumb_performance CASCADE; DROP VIEW IF EXISTS vw_q09_seasonal_launch CASCADE; DROP VIEW IF EXISTS vw_q10_channel_top_video CASCADE;"']
[2025-08-19T08:59:16.839+0000] {subprocess.py:86} INFO - Output:
[2025-08-19T08:59:17.082+0000] {subprocess.py:93} INFO - psql: error: connection to server on socket "/var/run/postgresql/.s.PGSQL.5432" failed: FATAL:  role "citus" does not exist
[2025-08-19T08:59:17.089+0000] {subprocess.py:97} INFO - Command exited with return code 2
[2025-08-19T08:59:17.090+0000] {taskinstance.py:441} INFO - ::group::Post task execution logs
[2025-08-19T08:59:17.108+0000] {taskinstance.py:2890} ERROR - Task failed with exception
Traceback (most recent call last):
  File "/home/airflow/.local/lib/python3.9/site-packages/airflow/models/taskinstance.py", line 465, in _execute_task
    result = _execute_callable(context=context, **execute_callable_kwargs)
  File "/home/airflow/.local/lib/python3.9/site-packages/airflow/models/taskinstance.py", line 432, in _execute_callable
    return execute_callable(context=context, **execute_callable_kwargs)
  File "/home/airflow/.local/lib/python3.9/site-packages/airflow/models/baseoperator.py", line 400, in wrapper
    return func(self, *args, **kwargs)
  File "/home/airflow/.local/lib/python3.9/site-packages/airflow/operators/bash.py", line 243, in execute
    raise AirflowException(
airflow.exceptions.AirflowException: Bash command failed. The command returned a non-zero exit code 2.
[2025-08-19T08:59:17.114+0000] {taskinstance.py:1205} INFO - Marking task as FAILED. dag_id=youtube_pipeline_batch_data, task_id=drop_views, execution_date=20250819T085735, start_date=20250819T085916, end_date=20250819T085917
[2025-08-19T08:59:17.131+0000] {standard_task_runner.py:110} ERROR - Failed to execute job 558 for task drop_views (Bash command failed. The command returned a non-zero exit code 2.; 2151)
[2025-08-19T08:59:17.173+0000] {local_task_job_runner.py:240} INFO - Task exited with return code 1
[2025-08-19T08:59:17.215+0000] {taskinstance.py:3482} INFO - 0 downstream tasks scheduled from follow-on schedule check
[2025-08-19T08:59:17.227+0000] {local_task_job_runner.py:222} INFO - ::endgroup::
