[2025-08-18T11:43:02.928+0000] {local_task_job_runner.py:120} INFO - ::group::Pre task execution logs
[2025-08-18T11:43:03.169+0000] {taskinstance.py:2073} INFO - Dependencies all met for dep_context=non-requeueable deps ti=<TaskInstance: youtube_pipeline_batch_data.run_q_07_speed_to_viral manual__2025-08-18T11:34:47.904341+00:00 [queued]>
[2025-08-18T11:43:03.206+0000] {taskinstance.py:2073} INFO - Dependencies all met for dep_context=requeueable deps ti=<TaskInstance: youtube_pipeline_batch_data.run_q_07_speed_to_viral manual__2025-08-18T11:34:47.904341+00:00 [queued]>
[2025-08-18T11:43:03.206+0000] {taskinstance.py:2303} INFO - Starting attempt 1 of 4
[2025-08-18T11:43:03.281+0000] {taskinstance.py:2327} INFO - Executing <Task(PostgresOperator): run_q_07_speed_to_viral> on 2025-08-18 11:34:47.904341+00:00
[2025-08-18T11:43:03.299+0000] {standard_task_runner.py:63} INFO - Started process 3177 to run task
[2025-08-18T11:43:03.322+0000] {standard_task_runner.py:90} INFO - Running: ['***', 'tasks', 'run', 'youtube_pipeline_batch_data', 'run_q_07_speed_to_viral', 'manual__2025-08-18T11:34:47.904341+00:00', '--job-id', '76', '--raw', '--subdir', 'DAGS_FOLDER/youtube_pipeline.py', '--cfg-path', '/tmp/tmp6blnb7rt']
[2025-08-18T11:43:03.326+0000] {standard_task_runner.py:91} INFO - Job 76: Subtask run_q_07_speed_to_viral
[2025-08-18T11:43:03.656+0000] {task_command.py:426} INFO - Running <TaskInstance: youtube_pipeline_batch_data.run_q_07_speed_to_viral manual__2025-08-18T11:34:47.904341+00:00 [running]> on host 47205959681c
[2025-08-18T11:43:03.957+0000] {abstractoperator.py:725} ERROR - Exception rendering Jinja template for task 'run_q_07_speed_to_viral', field 'sql'. Template: '/opt/***/sql/q_07_speed_to_viral.sql'
Traceback (most recent call last):
  File "/home/airflow/.local/lib/python3.9/site-packages/airflow/models/abstractoperator.py", line 717, in _do_render_template_fields
    rendered_content = self.render_template(
  File "/home/airflow/.local/lib/python3.9/site-packages/airflow/template/templater.py", line 166, in render_template
    template = jinja_env.get_template(value)
  File "/home/airflow/.local/lib/python3.9/site-packages/jinja2/environment.py", line 1010, in get_template
    return self._load_template(name, globals)
  File "/home/airflow/.local/lib/python3.9/site-packages/jinja2/environment.py", line 969, in _load_template
    template = self.loader.load(self, name, self.make_globals(globals))
  File "/home/airflow/.local/lib/python3.9/site-packages/jinja2/loaders.py", line 125, in load
    source, filename, uptodate = self.get_source(environment, name)
  File "/home/airflow/.local/lib/python3.9/site-packages/jinja2/loaders.py", line 204, in get_source
    raise TemplateNotFound(template)
jinja2.exceptions.TemplateNotFound: /opt/airflow/sql/q_07_speed_to_viral.sql
[2025-08-18T11:43:03.960+0000] {taskinstance.py:2890} ERROR - Task failed with exception
Traceback (most recent call last):
  File "/home/airflow/.local/lib/python3.9/site-packages/airflow/models/taskinstance.py", line 2476, in _run_raw_task
    self._execute_task_with_callbacks(context, test_mode, session=session)
  File "/home/airflow/.local/lib/python3.9/site-packages/airflow/models/taskinstance.py", line 2629, in _execute_task_with_callbacks
    task_orig = self.render_templates(context=context, jinja_env=jinja_env)
  File "/home/airflow/.local/lib/python3.9/site-packages/airflow/models/taskinstance.py", line 3079, in render_templates
    original_task.render_template_fields(context, jinja_env)
  File "/home/airflow/.local/lib/python3.9/site-packages/airflow/models/baseoperator.py", line 1336, in render_template_fields
    self._do_render_template_fields(self, self.template_fields, context, jinja_env, set())
  File "/home/airflow/.local/lib/python3.9/site-packages/airflow/models/abstractoperator.py", line 717, in _do_render_template_fields
    rendered_content = self.render_template(
  File "/home/airflow/.local/lib/python3.9/site-packages/airflow/template/templater.py", line 166, in render_template
    template = jinja_env.get_template(value)
  File "/home/airflow/.local/lib/python3.9/site-packages/jinja2/environment.py", line 1010, in get_template
    return self._load_template(name, globals)
  File "/home/airflow/.local/lib/python3.9/site-packages/jinja2/environment.py", line 969, in _load_template
    template = self.loader.load(self, name, self.make_globals(globals))
  File "/home/airflow/.local/lib/python3.9/site-packages/jinja2/loaders.py", line 125, in load
    source, filename, uptodate = self.get_source(environment, name)
  File "/home/airflow/.local/lib/python3.9/site-packages/jinja2/loaders.py", line 204, in get_source
    raise TemplateNotFound(template)
jinja2.exceptions.TemplateNotFound: /opt/airflow/sql/q_07_speed_to_viral.sql
[2025-08-18T11:43:03.984+0000] {taskinstance.py:1205} INFO - Marking task as UP_FOR_RETRY. dag_id=youtube_pipeline_batch_data, task_id=run_q_07_speed_to_viral, execution_date=20250818T113447, start_date=20250818T114303, end_date=20250818T114303
[2025-08-18T11:43:04.083+0000] {standard_task_runner.py:110} ERROR - Failed to execute job 76 for task run_q_07_speed_to_viral (/opt/airflow/sql/q_07_speed_to_viral.sql; 3177)
[2025-08-18T11:43:04.164+0000] {local_task_job_runner.py:240} INFO - Task exited with return code 1
[2025-08-18T11:43:04.448+0000] {logging_mixin.py:188} WARNING - /home/***/.local/lib/python3.9/site-packages/***/models/baseoperator.py:1296 AirflowProviderDeprecationWarning: Call to deprecated class PostgresOperator. (Please use `***.providers.common.sql.operators.sql.SQLExecuteQueryOperator`.Also, you can provide `hook_params={'schema': <database>}`.)
[2025-08-18T11:43:04.490+0000] {taskinstance.py:3482} INFO - 0 downstream tasks scheduled from follow-on schedule check
[2025-08-18T11:43:04.492+0000] {local_task_job_runner.py:222} INFO - ::endgroup::
