[2025-08-17T19:33:36.434+0000] {local_task_job_runner.py:120} INFO - ::group::Pre task execution logs
[2025-08-17T19:33:36.603+0000] {taskinstance.py:2073} INFO - Dependencies all met for dep_context=non-requeueable deps ti=<TaskInstance: youtube_elt_dw_analytics.wait_raw_17 scheduled__2025-08-16T00:00:00+00:00 [queued]>
[2025-08-17T19:33:36.648+0000] {taskinstance.py:2073} INFO - Dependencies all met for dep_context=requeueable deps ti=<TaskInstance: youtube_elt_dw_analytics.wait_raw_17 scheduled__2025-08-16T00:00:00+00:00 [queued]>
[2025-08-17T19:33:36.649+0000] {taskinstance.py:2303} INFO - Starting attempt 1 of 3
[2025-08-17T19:33:36.701+0000] {taskinstance.py:2327} INFO - Executing <Task(BashOperator): wait_raw_17> on 2025-08-16 00:00:00+00:00
[2025-08-17T19:33:36.718+0000] {standard_task_runner.py:63} INFO - Started process 2308 to run task
[2025-08-17T19:33:36.739+0000] {standard_task_runner.py:90} INFO - Running: ['***', 'tasks', 'run', 'youtube_elt_dw_analytics', 'wait_raw_17', 'scheduled__2025-08-16T00:00:00+00:00', '--job-id', '21', '--raw', '--subdir', 'DAGS_FOLDER/youtube_pipeline.py', '--cfg-path', '/tmp/tmpwj2wib_v']
[2025-08-17T19:33:36.753+0000] {standard_task_runner.py:91} INFO - Job 21: Subtask wait_raw_17
[2025-08-17T19:33:36.936+0000] {task_command.py:426} INFO - Running <TaskInstance: youtube_elt_dw_analytics.wait_raw_17 scheduled__2025-08-16T00:00:00+00:00 [running]> on host 545418c0948b
[2025-08-17T19:33:37.333+0000] {taskinstance.py:2644} INFO - Exporting env vars: AIRFLOW_CTX_DAG_OWNER='data-team' AIRFLOW_CTX_DAG_ID='youtube_elt_dw_analytics' AIRFLOW_CTX_TASK_ID='wait_raw_17' AIRFLOW_CTX_EXECUTION_DATE='2025-08-16T00:00:00+00:00' AIRFLOW_CTX_TRY_NUMBER='1' AIRFLOW_CTX_DAG_RUN_ID='scheduled__2025-08-16T00:00:00+00:00'
[2025-08-17T19:33:37.334+0000] {taskinstance.py:430} INFO - ::endgroup::
[2025-08-17T19:33:37.365+0000] {subprocess.py:63} INFO - Tmp dir root location: /tmp
[2025-08-17T19:33:37.366+0000] {subprocess.py:75} INFO - Running command: ['/usr/bin/bash', '-c', "\n            for i in {1..60}; do\n              hdfs dfs -test -e hdfs://namenode:9000/data/raw/IN_category_id.json && echo 'FOUND: hdfs://namenode:9000/data/raw/IN_category_id.json' && exit 0;\n              echo 'Waiting for hdfs://namenode:9000/data/raw/IN_category_id.json...';\n              sleep 10;\n            done;\n            echo 'TIMEOUT waiting hdfs://namenode:9000/data/raw/IN_category_id.json'; exit 1\n            "]
[2025-08-17T19:33:37.379+0000] {subprocess.py:86} INFO - Output:
[2025-08-17T19:33:37.382+0000] {subprocess.py:93} INFO - /usr/bin/bash: line 3: hdfs: command not found
[2025-08-17T19:33:37.382+0000] {subprocess.py:93} INFO - Waiting for hdfs://namenode:9000/data/raw/IN_category_id.json...
[2025-08-17T19:33:47.386+0000] {subprocess.py:93} INFO - /usr/bin/bash: line 3: hdfs: command not found
[2025-08-17T19:33:47.387+0000] {subprocess.py:93} INFO - Waiting for hdfs://namenode:9000/data/raw/IN_category_id.json...
[2025-08-17T19:33:57.390+0000] {subprocess.py:93} INFO - /usr/bin/bash: line 3: hdfs: command not found
[2025-08-17T19:33:57.391+0000] {subprocess.py:93} INFO - Waiting for hdfs://namenode:9000/data/raw/IN_category_id.json...
[2025-08-17T19:34:07.394+0000] {subprocess.py:93} INFO - /usr/bin/bash: line 3: hdfs: command not found
[2025-08-17T19:34:07.394+0000] {subprocess.py:93} INFO - Waiting for hdfs://namenode:9000/data/raw/IN_category_id.json...
[2025-08-17T19:34:17.398+0000] {subprocess.py:93} INFO - /usr/bin/bash: line 3: hdfs: command not found
[2025-08-17T19:34:17.399+0000] {subprocess.py:93} INFO - Waiting for hdfs://namenode:9000/data/raw/IN_category_id.json...
[2025-08-17T19:34:27.404+0000] {subprocess.py:93} INFO - /usr/bin/bash: line 3: hdfs: command not found
[2025-08-17T19:34:27.405+0000] {subprocess.py:93} INFO - Waiting for hdfs://namenode:9000/data/raw/IN_category_id.json...
[2025-08-17T19:34:37.414+0000] {subprocess.py:93} INFO - /usr/bin/bash: line 3: hdfs: command not found
[2025-08-17T19:34:37.420+0000] {subprocess.py:93} INFO - Waiting for hdfs://namenode:9000/data/raw/IN_category_id.json...
[2025-08-17T19:34:47.438+0000] {subprocess.py:93} INFO - /usr/bin/bash: line 3: hdfs: command not found
[2025-08-17T19:34:47.442+0000] {subprocess.py:93} INFO - Waiting for hdfs://namenode:9000/data/raw/IN_category_id.json...
[2025-08-17T19:34:57.449+0000] {subprocess.py:93} INFO - /usr/bin/bash: line 3: hdfs: command not found
[2025-08-17T19:34:57.452+0000] {subprocess.py:93} INFO - Waiting for hdfs://namenode:9000/data/raw/IN_category_id.json...
[2025-08-17T19:35:07.458+0000] {subprocess.py:93} INFO - /usr/bin/bash: line 3: hdfs: command not found
[2025-08-17T19:35:07.460+0000] {subprocess.py:93} INFO - Waiting for hdfs://namenode:9000/data/raw/IN_category_id.json...
[2025-08-17T19:35:17.474+0000] {subprocess.py:93} INFO - /usr/bin/bash: line 3: hdfs: command not found
[2025-08-17T19:35:17.476+0000] {subprocess.py:93} INFO - Waiting for hdfs://namenode:9000/data/raw/IN_category_id.json...
[2025-08-17T19:35:27.483+0000] {subprocess.py:93} INFO - /usr/bin/bash: line 3: hdfs: command not found
[2025-08-17T19:35:27.483+0000] {subprocess.py:93} INFO - Waiting for hdfs://namenode:9000/data/raw/IN_category_id.json...
[2025-08-17T19:35:37.487+0000] {subprocess.py:93} INFO - /usr/bin/bash: line 3: hdfs: command not found
[2025-08-17T19:35:37.488+0000] {subprocess.py:93} INFO - Waiting for hdfs://namenode:9000/data/raw/IN_category_id.json...
[2025-08-17T19:35:47.493+0000] {subprocess.py:93} INFO - /usr/bin/bash: line 3: hdfs: command not found
[2025-08-17T19:35:47.495+0000] {subprocess.py:93} INFO - Waiting for hdfs://namenode:9000/data/raw/IN_category_id.json...
[2025-08-17T19:35:57.505+0000] {subprocess.py:93} INFO - /usr/bin/bash: line 3: hdfs: command not found
[2025-08-17T19:35:57.506+0000] {subprocess.py:93} INFO - Waiting for hdfs://namenode:9000/data/raw/IN_category_id.json...
[2025-08-17T19:36:07.510+0000] {subprocess.py:93} INFO - /usr/bin/bash: line 3: hdfs: command not found
[2025-08-17T19:36:07.510+0000] {subprocess.py:93} INFO - Waiting for hdfs://namenode:9000/data/raw/IN_category_id.json...
[2025-08-17T19:36:17.514+0000] {subprocess.py:93} INFO - /usr/bin/bash: line 3: hdfs: command not found
[2025-08-17T19:36:17.515+0000] {subprocess.py:93} INFO - Waiting for hdfs://namenode:9000/data/raw/IN_category_id.json...
[2025-08-17T19:36:27.523+0000] {subprocess.py:93} INFO - /usr/bin/bash: line 3: hdfs: command not found
[2025-08-17T19:36:27.525+0000] {subprocess.py:93} INFO - Waiting for hdfs://namenode:9000/data/raw/IN_category_id.json...
[2025-08-17T19:36:37.532+0000] {subprocess.py:93} INFO - /usr/bin/bash: line 3: hdfs: command not found
[2025-08-17T19:36:37.532+0000] {subprocess.py:93} INFO - Waiting for hdfs://namenode:9000/data/raw/IN_category_id.json...
[2025-08-17T19:36:47.535+0000] {subprocess.py:93} INFO - /usr/bin/bash: line 3: hdfs: command not found
[2025-08-17T19:36:47.536+0000] {subprocess.py:93} INFO - Waiting for hdfs://namenode:9000/data/raw/IN_category_id.json...
[2025-08-17T19:36:57.540+0000] {subprocess.py:93} INFO - /usr/bin/bash: line 3: hdfs: command not found
[2025-08-17T19:36:57.541+0000] {subprocess.py:93} INFO - Waiting for hdfs://namenode:9000/data/raw/IN_category_id.json...
[2025-08-17T19:37:07.548+0000] {subprocess.py:93} INFO - /usr/bin/bash: line 3: hdfs: command not found
[2025-08-17T19:37:07.549+0000] {subprocess.py:93} INFO - Waiting for hdfs://namenode:9000/data/raw/IN_category_id.json...
[2025-08-17T19:37:17.560+0000] {subprocess.py:93} INFO - /usr/bin/bash: line 3: hdfs: command not found
[2025-08-17T19:37:17.562+0000] {subprocess.py:93} INFO - Waiting for hdfs://namenode:9000/data/raw/IN_category_id.json...
[2025-08-17T19:37:27.572+0000] {subprocess.py:93} INFO - /usr/bin/bash: line 3: hdfs: command not found
[2025-08-17T19:37:27.573+0000] {subprocess.py:93} INFO - Waiting for hdfs://namenode:9000/data/raw/IN_category_id.json...
[2025-08-17T19:37:37.583+0000] {subprocess.py:93} INFO - /usr/bin/bash: line 3: hdfs: command not found
[2025-08-17T19:37:37.584+0000] {subprocess.py:93} INFO - Waiting for hdfs://namenode:9000/data/raw/IN_category_id.json...
[2025-08-17T19:37:47.595+0000] {subprocess.py:93} INFO - /usr/bin/bash: line 3: hdfs: command not found
[2025-08-17T19:37:47.596+0000] {subprocess.py:93} INFO - Waiting for hdfs://namenode:9000/data/raw/IN_category_id.json...
[2025-08-17T19:37:57.606+0000] {subprocess.py:93} INFO - /usr/bin/bash: line 3: hdfs: command not found
[2025-08-17T19:37:57.607+0000] {subprocess.py:93} INFO - Waiting for hdfs://namenode:9000/data/raw/IN_category_id.json...
[2025-08-17T19:38:07.613+0000] {subprocess.py:93} INFO - /usr/bin/bash: line 3: hdfs: command not found
[2025-08-17T19:38:07.614+0000] {subprocess.py:93} INFO - Waiting for hdfs://namenode:9000/data/raw/IN_category_id.json...
[2025-08-17T19:38:17.622+0000] {subprocess.py:93} INFO - /usr/bin/bash: line 3: hdfs: command not found
[2025-08-17T19:38:17.625+0000] {subprocess.py:93} INFO - Waiting for hdfs://namenode:9000/data/raw/IN_category_id.json...
[2025-08-17T19:38:27.633+0000] {subprocess.py:93} INFO - /usr/bin/bash: line 3: hdfs: command not found
[2025-08-17T19:38:27.635+0000] {subprocess.py:93} INFO - Waiting for hdfs://namenode:9000/data/raw/IN_category_id.json...
[2025-08-17T19:38:37.644+0000] {subprocess.py:93} INFO - /usr/bin/bash: line 3: hdfs: command not found
[2025-08-17T19:38:37.645+0000] {subprocess.py:93} INFO - Waiting for hdfs://namenode:9000/data/raw/IN_category_id.json...
[2025-08-17T19:38:47.654+0000] {subprocess.py:93} INFO - /usr/bin/bash: line 3: hdfs: command not found
[2025-08-17T19:38:47.656+0000] {subprocess.py:93} INFO - Waiting for hdfs://namenode:9000/data/raw/IN_category_id.json...
[2025-08-17T19:38:57.672+0000] {subprocess.py:93} INFO - /usr/bin/bash: line 3: hdfs: command not found
[2025-08-17T19:38:57.678+0000] {subprocess.py:93} INFO - Waiting for hdfs://namenode:9000/data/raw/IN_category_id.json...
[2025-08-17T19:39:07.686+0000] {subprocess.py:93} INFO - /usr/bin/bash: line 3: hdfs: command not found
[2025-08-17T19:39:07.686+0000] {subprocess.py:93} INFO - Waiting for hdfs://namenode:9000/data/raw/IN_category_id.json...
[2025-08-17T19:39:17.690+0000] {subprocess.py:93} INFO - /usr/bin/bash: line 3: hdfs: command not found
[2025-08-17T19:39:17.690+0000] {subprocess.py:93} INFO - Waiting for hdfs://namenode:9000/data/raw/IN_category_id.json...
[2025-08-17T19:39:27.693+0000] {subprocess.py:93} INFO - /usr/bin/bash: line 3: hdfs: command not found
[2025-08-17T19:39:27.694+0000] {subprocess.py:93} INFO - Waiting for hdfs://namenode:9000/data/raw/IN_category_id.json...
[2025-08-17T19:39:37.699+0000] {subprocess.py:93} INFO - /usr/bin/bash: line 3: hdfs: command not found
[2025-08-17T19:39:37.699+0000] {subprocess.py:93} INFO - Waiting for hdfs://namenode:9000/data/raw/IN_category_id.json...
[2025-08-17T19:39:47.703+0000] {subprocess.py:93} INFO - /usr/bin/bash: line 3: hdfs: command not found
[2025-08-17T19:39:47.704+0000] {subprocess.py:93} INFO - Waiting for hdfs://namenode:9000/data/raw/IN_category_id.json...
[2025-08-17T19:39:57.707+0000] {subprocess.py:93} INFO - /usr/bin/bash: line 3: hdfs: command not found
[2025-08-17T19:39:57.707+0000] {subprocess.py:93} INFO - Waiting for hdfs://namenode:9000/data/raw/IN_category_id.json...
[2025-08-17T19:40:07.711+0000] {subprocess.py:93} INFO - /usr/bin/bash: line 3: hdfs: command not found
[2025-08-17T19:40:07.712+0000] {subprocess.py:93} INFO - Waiting for hdfs://namenode:9000/data/raw/IN_category_id.json...
[2025-08-17T19:40:17.715+0000] {subprocess.py:93} INFO - /usr/bin/bash: line 3: hdfs: command not found
[2025-08-17T19:40:17.716+0000] {subprocess.py:93} INFO - Waiting for hdfs://namenode:9000/data/raw/IN_category_id.json...
[2025-08-17T19:40:27.719+0000] {subprocess.py:93} INFO - /usr/bin/bash: line 3: hdfs: command not found
[2025-08-17T19:40:27.720+0000] {subprocess.py:93} INFO - Waiting for hdfs://namenode:9000/data/raw/IN_category_id.json...
[2025-08-17T19:40:37.723+0000] {subprocess.py:93} INFO - /usr/bin/bash: line 3: hdfs: command not found
[2025-08-17T19:40:37.724+0000] {subprocess.py:93} INFO - Waiting for hdfs://namenode:9000/data/raw/IN_category_id.json...
[2025-08-17T19:40:47.731+0000] {subprocess.py:93} INFO - /usr/bin/bash: line 3: hdfs: command not found
[2025-08-17T19:40:47.731+0000] {subprocess.py:93} INFO - Waiting for hdfs://namenode:9000/data/raw/IN_category_id.json...
[2025-08-17T19:40:57.739+0000] {subprocess.py:93} INFO - /usr/bin/bash: line 3: hdfs: command not found
[2025-08-17T19:40:57.740+0000] {subprocess.py:93} INFO - Waiting for hdfs://namenode:9000/data/raw/IN_category_id.json...
[2025-08-17T19:41:07.744+0000] {subprocess.py:93} INFO - /usr/bin/bash: line 3: hdfs: command not found
[2025-08-17T19:41:07.744+0000] {subprocess.py:93} INFO - Waiting for hdfs://namenode:9000/data/raw/IN_category_id.json...
[2025-08-17T19:41:17.749+0000] {subprocess.py:93} INFO - /usr/bin/bash: line 3: hdfs: command not found
[2025-08-17T19:41:17.752+0000] {subprocess.py:93} INFO - Waiting for hdfs://namenode:9000/data/raw/IN_category_id.json...
[2025-08-17T19:41:27.762+0000] {subprocess.py:93} INFO - /usr/bin/bash: line 3: hdfs: command not found
[2025-08-17T19:41:27.764+0000] {subprocess.py:93} INFO - Waiting for hdfs://namenode:9000/data/raw/IN_category_id.json...
[2025-08-17T19:41:37.772+0000] {subprocess.py:93} INFO - /usr/bin/bash: line 3: hdfs: command not found
[2025-08-17T19:41:37.772+0000] {subprocess.py:93} INFO - Waiting for hdfs://namenode:9000/data/raw/IN_category_id.json...
[2025-08-17T19:41:47.777+0000] {subprocess.py:93} INFO - /usr/bin/bash: line 3: hdfs: command not found
[2025-08-17T19:41:47.778+0000] {subprocess.py:93} INFO - Waiting for hdfs://namenode:9000/data/raw/IN_category_id.json...
[2025-08-17T19:41:57.782+0000] {subprocess.py:93} INFO - /usr/bin/bash: line 3: hdfs: command not found
[2025-08-17T19:41:57.783+0000] {subprocess.py:93} INFO - Waiting for hdfs://namenode:9000/data/raw/IN_category_id.json...
[2025-08-17T19:42:07.790+0000] {subprocess.py:93} INFO - /usr/bin/bash: line 3: hdfs: command not found
[2025-08-17T19:42:07.791+0000] {subprocess.py:93} INFO - Waiting for hdfs://namenode:9000/data/raw/IN_category_id.json...
[2025-08-17T19:42:17.799+0000] {subprocess.py:93} INFO - /usr/bin/bash: line 3: hdfs: command not found
[2025-08-17T19:42:17.800+0000] {subprocess.py:93} INFO - Waiting for hdfs://namenode:9000/data/raw/IN_category_id.json...
[2025-08-17T19:42:27.806+0000] {subprocess.py:93} INFO - /usr/bin/bash: line 3: hdfs: command not found
[2025-08-17T19:42:27.808+0000] {subprocess.py:93} INFO - Waiting for hdfs://namenode:9000/data/raw/IN_category_id.json...
[2025-08-17T19:42:37.817+0000] {subprocess.py:93} INFO - /usr/bin/bash: line 3: hdfs: command not found
[2025-08-17T19:42:37.819+0000] {subprocess.py:93} INFO - Waiting for hdfs://namenode:9000/data/raw/IN_category_id.json...
[2025-08-17T19:42:47.831+0000] {subprocess.py:93} INFO - /usr/bin/bash: line 3: hdfs: command not found
[2025-08-17T19:42:47.833+0000] {subprocess.py:93} INFO - Waiting for hdfs://namenode:9000/data/raw/IN_category_id.json...
[2025-08-17T19:42:57.851+0000] {subprocess.py:93} INFO - /usr/bin/bash: line 3: hdfs: command not found
[2025-08-17T19:42:57.852+0000] {subprocess.py:93} INFO - Waiting for hdfs://namenode:9000/data/raw/IN_category_id.json...
[2025-08-17T19:43:07.860+0000] {subprocess.py:93} INFO - /usr/bin/bash: line 3: hdfs: command not found
[2025-08-17T19:43:07.862+0000] {subprocess.py:93} INFO - Waiting for hdfs://namenode:9000/data/raw/IN_category_id.json...
[2025-08-17T19:43:17.873+0000] {subprocess.py:93} INFO - /usr/bin/bash: line 3: hdfs: command not found
[2025-08-17T19:43:17.875+0000] {subprocess.py:93} INFO - Waiting for hdfs://namenode:9000/data/raw/IN_category_id.json...
[2025-08-17T19:43:27.884+0000] {subprocess.py:93} INFO - /usr/bin/bash: line 3: hdfs: command not found
[2025-08-17T19:43:27.885+0000] {subprocess.py:93} INFO - Waiting for hdfs://namenode:9000/data/raw/IN_category_id.json...
[2025-08-17T19:43:37.895+0000] {subprocess.py:93} INFO - TIMEOUT waiting hdfs://namenode:9000/data/raw/IN_category_id.json
[2025-08-17T19:43:37.896+0000] {subprocess.py:97} INFO - Command exited with return code 1
[2025-08-17T19:43:37.898+0000] {taskinstance.py:441} INFO - ::group::Post task execution logs
[2025-08-17T19:43:37.933+0000] {taskinstance.py:2890} ERROR - Task failed with exception
Traceback (most recent call last):
  File "/home/airflow/.local/lib/python3.9/site-packages/airflow/models/taskinstance.py", line 465, in _execute_task
    result = _execute_callable(context=context, **execute_callable_kwargs)
  File "/home/airflow/.local/lib/python3.9/site-packages/airflow/models/taskinstance.py", line 432, in _execute_callable
    return execute_callable(context=context, **execute_callable_kwargs)
  File "/home/airflow/.local/lib/python3.9/site-packages/airflow/models/baseoperator.py", line 400, in wrapper
    return func(self, *args, **kwargs)
  File "/home/airflow/.local/lib/python3.9/site-packages/airflow/operators/bash.py", line 243, in execute
    raise AirflowException(
airflow.exceptions.AirflowException: Bash command failed. The command returned a non-zero exit code 1.
[2025-08-17T19:43:37.940+0000] {taskinstance.py:1205} INFO - Marking task as UP_FOR_RETRY. dag_id=youtube_elt_dw_analytics, task_id=wait_raw_17, execution_date=20250816T000000, start_date=20250817T193336, end_date=20250817T194337
[2025-08-17T19:43:37.969+0000] {standard_task_runner.py:110} ERROR - Failed to execute job 21 for task wait_raw_17 (Bash command failed. The command returned a non-zero exit code 1.; 2308)
[2025-08-17T19:43:38.001+0000] {local_task_job_runner.py:240} INFO - Task exited with return code 1
[2025-08-17T19:43:38.106+0000] {logging_mixin.py:188} WARNING - /home/***/.local/lib/python3.9/site-packages/***/models/baseoperator.py:1296 AirflowProviderDeprecationWarning: Call to deprecated class PostgresOperator. (Please use `***.providers.common.sql.operators.sql.SQLExecuteQueryOperator`.Also, you can provide `hook_params={'schema': <database>}`.)
[2025-08-17T19:43:38.154+0000] {taskinstance.py:3482} INFO - 0 downstream tasks scheduled from follow-on schedule check
[2025-08-17T19:43:38.156+0000] {local_task_job_runner.py:222} INFO - ::endgroup::
