[2025-08-19T09:00:16.686+0000] {local_task_job_runner.py:120} INFO - ::group::Pre task execution logs
[2025-08-19T09:00:16.729+0000] {taskinstance.py:2073} INFO - Dependencies all met for dep_context=non-requeueable deps ti=<TaskInstance: youtube_pipeline_batch_data.ingest_raw manual__2025-08-19T09:00:09.193478+00:00 [queued]>
[2025-08-19T09:00:16.743+0000] {taskinstance.py:2073} INFO - Dependencies all met for dep_context=requeueable deps ti=<TaskInstance: youtube_pipeline_batch_data.ingest_raw manual__2025-08-19T09:00:09.193478+00:00 [queued]>
[2025-08-19T09:00:16.744+0000] {taskinstance.py:2303} INFO - Starting attempt 1 of 4
[2025-08-19T09:00:16.772+0000] {taskinstance.py:2327} INFO - Executing <Task(BashOperator): ingest_raw> on 2025-08-19 09:00:09.193478+00:00
[2025-08-19T09:00:16.779+0000] {standard_task_runner.py:63} INFO - Started process 2212 to run task
[2025-08-19T09:00:16.785+0000] {standard_task_runner.py:90} INFO - Running: ['***', 'tasks', 'run', 'youtube_pipeline_batch_data', 'ingest_raw', 'manual__2025-08-19T09:00:09.193478+00:00', '--job-id', '563', '--raw', '--subdir', 'DAGS_FOLDER/youtube_pipeline.py', '--cfg-path', '/tmp/tmpn42jlkyo']
[2025-08-19T09:00:16.789+0000] {standard_task_runner.py:91} INFO - Job 563: Subtask ingest_raw
[2025-08-19T09:00:16.862+0000] {task_command.py:426} INFO - Running <TaskInstance: youtube_pipeline_batch_data.ingest_raw manual__2025-08-19T09:00:09.193478+00:00 [running]> on host 0121d0ff2e32
[2025-08-19T09:00:16.998+0000] {taskinstance.py:2644} INFO - Exporting env vars: AIRFLOW_CTX_DAG_OWNER='***' AIRFLOW_CTX_DAG_ID='youtube_pipeline_batch_data' AIRFLOW_CTX_TASK_ID='ingest_raw' AIRFLOW_CTX_EXECUTION_DATE='2025-08-19T09:00:09.193478+00:00' AIRFLOW_CTX_TRY_NUMBER='1' AIRFLOW_CTX_DAG_RUN_ID='manual__2025-08-19T09:00:09.193478+00:00'
[2025-08-19T09:00:17.000+0000] {taskinstance.py:430} INFO - ::endgroup::
[2025-08-19T09:00:17.022+0000] {subprocess.py:63} INFO - Tmp dir root location: /tmp
[2025-08-19T09:00:17.023+0000] {subprocess.py:75} INFO - Running command: ['/usr/bin/bash', '-c', 'docker exec youtube-pipeline-project_spark-master_1 spark-submit --master spark://spark-master:7077 --deploy-mode client --packages org.apache.spark:spark-avro_2.12:3.5.1 /opt/***/jobs/ingestion/ingest_raw_to_hdfs.py']
[2025-08-19T09:00:17.035+0000] {subprocess.py:86} INFO - Output:
[2025-08-19T09:00:17.067+0000] {subprocess.py:93} INFO - Error: No such container: youtube-pipeline-project_spark-master_1
[2025-08-19T09:00:17.070+0000] {subprocess.py:97} INFO - Command exited with return code 1
[2025-08-19T09:00:17.071+0000] {taskinstance.py:441} INFO - ::group::Post task execution logs
[2025-08-19T09:00:17.090+0000] {taskinstance.py:2890} ERROR - Task failed with exception
Traceback (most recent call last):
  File "/home/airflow/.local/lib/python3.9/site-packages/airflow/models/taskinstance.py", line 465, in _execute_task
    result = _execute_callable(context=context, **execute_callable_kwargs)
  File "/home/airflow/.local/lib/python3.9/site-packages/airflow/models/taskinstance.py", line 432, in _execute_callable
    return execute_callable(context=context, **execute_callable_kwargs)
  File "/home/airflow/.local/lib/python3.9/site-packages/airflow/models/baseoperator.py", line 400, in wrapper
    return func(self, *args, **kwargs)
  File "/home/airflow/.local/lib/python3.9/site-packages/airflow/operators/bash.py", line 243, in execute
    raise AirflowException(
airflow.exceptions.AirflowException: Bash command failed. The command returned a non-zero exit code 1.
[2025-08-19T09:00:17.095+0000] {taskinstance.py:1205} INFO - Marking task as UP_FOR_RETRY. dag_id=youtube_pipeline_batch_data, task_id=ingest_raw, execution_date=20250819T090009, start_date=20250819T090016, end_date=20250819T090017
[2025-08-19T09:00:17.118+0000] {standard_task_runner.py:110} ERROR - Failed to execute job 563 for task ingest_raw (Bash command failed. The command returned a non-zero exit code 1.; 2212)
[2025-08-19T09:00:17.159+0000] {local_task_job_runner.py:240} INFO - Task exited with return code 1
[2025-08-19T09:00:17.220+0000] {taskinstance.py:3482} INFO - 0 downstream tasks scheduled from follow-on schedule check
[2025-08-19T09:00:17.228+0000] {local_task_job_runner.py:222} INFO - ::endgroup::
