[2025-08-18T14:08:55.844+0000] {local_task_job_runner.py:120} INFO - ::group::Pre task execution logs
[2025-08-18T14:08:55.958+0000] {taskinstance.py:2073} INFO - Dependencies all met for dep_context=non-requeueable deps ti=<TaskInstance: youtube_pipeline_batch_data.golden_to_star manual__2025-08-18T13:45:21.919513+00:00 [queued]>
[2025-08-18T14:08:56.041+0000] {taskinstance.py:2073} INFO - Dependencies all met for dep_context=requeueable deps ti=<TaskInstance: youtube_pipeline_batch_data.golden_to_star manual__2025-08-18T13:45:21.919513+00:00 [queued]>
[2025-08-18T14:08:56.042+0000] {taskinstance.py:2303} INFO - Starting attempt 1 of 4
[2025-08-18T14:08:56.099+0000] {taskinstance.py:2327} INFO - Executing <Task(BashOperator): golden_to_star> on 2025-08-18 13:45:21.919513+00:00
[2025-08-18T14:08:56.108+0000] {standard_task_runner.py:63} INFO - Started process 6023 to run task
[2025-08-18T14:08:56.118+0000] {standard_task_runner.py:90} INFO - Running: ['***', 'tasks', 'run', 'youtube_pipeline_batch_data', 'golden_to_star', 'manual__2025-08-18T13:45:21.919513+00:00', '--job-id', '381', '--raw', '--subdir', 'DAGS_FOLDER/youtube_pipeline.py', '--cfg-path', '/tmp/tmpgmxkbk71']
[2025-08-18T14:08:56.121+0000] {standard_task_runner.py:91} INFO - Job 381: Subtask golden_to_star
[2025-08-18T14:08:56.313+0000] {task_command.py:426} INFO - Running <TaskInstance: youtube_pipeline_batch_data.golden_to_star manual__2025-08-18T13:45:21.919513+00:00 [running]> on host 47205959681c
[2025-08-18T14:08:56.683+0000] {taskinstance.py:2644} INFO - Exporting env vars: AIRFLOW_CTX_DAG_OWNER='***' AIRFLOW_CTX_DAG_ID='youtube_pipeline_batch_data' AIRFLOW_CTX_TASK_ID='golden_to_star' AIRFLOW_CTX_EXECUTION_DATE='2025-08-18T13:45:21.919513+00:00' AIRFLOW_CTX_TRY_NUMBER='1' AIRFLOW_CTX_DAG_RUN_ID='manual__2025-08-18T13:45:21.919513+00:00'
[2025-08-18T14:08:56.691+0000] {taskinstance.py:430} INFO - ::endgroup::
[2025-08-18T14:08:56.794+0000] {subprocess.py:63} INFO - Tmp dir root location: /tmp
[2025-08-18T14:08:56.810+0000] {subprocess.py:75} INFO - Running command: ['/usr/bin/bash', '-c', 'docker exec youtube-pipeline-project_spark-master_1 spark-submit --master spark://spark-master:7077 --deploy-mode client --packages org.postgresql:postgresql:42.6.0 /opt/***/jobs/star_schema/golden_to_star_citus.py']
[2025-08-18T14:08:56.878+0000] {subprocess.py:86} INFO - Output:
[2025-08-18T14:09:08.503+0000] {subprocess.py:93} INFO - :: loading settings :: url = jar:file:/opt/bitnami/spark/jars/ivy-2.5.1.jar!/org/apache/ivy/core/settings/ivysettings.xml
[2025-08-18T14:09:08.840+0000] {subprocess.py:93} INFO - Ivy Default Cache set to: /opt/bitnami/spark/.ivy2/cache
[2025-08-18T14:09:08.841+0000] {subprocess.py:93} INFO - The jars for the packages stored in: /opt/bitnami/spark/.ivy2/jars
[2025-08-18T14:09:08.849+0000] {subprocess.py:93} INFO - org.postgresql#postgresql added as a dependency
[2025-08-18T14:09:08.854+0000] {subprocess.py:93} INFO - :: resolving dependencies :: org.apache.spark#spark-submit-parent-4605c30d-0977-4d68-ad3e-7227479e3d97;1.0
[2025-08-18T14:09:08.858+0000] {subprocess.py:93} INFO - 	confs: [default]
[2025-08-18T14:09:09.438+0000] {subprocess.py:93} INFO - 	found org.postgresql#postgresql;42.6.0 in central
[2025-08-18T14:09:09.535+0000] {subprocess.py:93} INFO - 	found org.checkerframework#checker-qual;3.31.0 in central
[2025-08-18T14:09:09.600+0000] {subprocess.py:93} INFO - :: resolution report :: resolve 717ms :: artifacts dl 23ms
[2025-08-18T14:09:09.601+0000] {subprocess.py:93} INFO - 	:: modules in use:
[2025-08-18T14:09:09.603+0000] {subprocess.py:93} INFO - 	org.checkerframework#checker-qual;3.31.0 from central in [default]
[2025-08-18T14:09:09.603+0000] {subprocess.py:93} INFO - 	org.postgresql#postgresql;42.6.0 from central in [default]
[2025-08-18T14:09:09.605+0000] {subprocess.py:93} INFO - 	---------------------------------------------------------------------
[2025-08-18T14:09:09.605+0000] {subprocess.py:93} INFO - 	|                  |            modules            ||   artifacts   |
[2025-08-18T14:09:09.605+0000] {subprocess.py:93} INFO - 	|       conf       | number| search|dwnlded|evicted|| number|dwnlded|
[2025-08-18T14:09:09.606+0000] {subprocess.py:93} INFO - 	---------------------------------------------------------------------
[2025-08-18T14:09:09.606+0000] {subprocess.py:93} INFO - 	|      default     |   2   |   0   |   0   |   0   ||   2   |   0   |
[2025-08-18T14:09:09.607+0000] {subprocess.py:93} INFO - 	---------------------------------------------------------------------
[2025-08-18T14:09:09.614+0000] {subprocess.py:93} INFO - :: retrieving :: org.apache.spark#spark-submit-parent-4605c30d-0977-4d68-ad3e-7227479e3d97
[2025-08-18T14:09:09.616+0000] {subprocess.py:93} INFO - 	confs: [default]
[2025-08-18T14:09:09.638+0000] {subprocess.py:93} INFO - 	0 artifacts copied, 2 already retrieved (0kB/25ms)
[2025-08-18T14:09:10.466+0000] {subprocess.py:93} INFO - 25/08/18 14:09:10 WARN NativeCodeLoader: Unable to load native-hadoop library for your platform... using builtin-java classes where applicable
[2025-08-18T14:09:14.344+0000] {subprocess.py:93} INFO - 25/08/18 14:09:14 INFO SparkContext: Running Spark version 3.5.1
[2025-08-18T14:09:14.352+0000] {subprocess.py:93} INFO - 25/08/18 14:09:14 INFO SparkContext: OS info Linux, 6.11.0-29-generic, amd64
[2025-08-18T14:09:14.357+0000] {subprocess.py:93} INFO - 25/08/18 14:09:14 INFO SparkContext: Java version 17.0.12
[2025-08-18T14:09:14.514+0000] {subprocess.py:93} INFO - 25/08/18 14:09:14 INFO ResourceUtils: ==============================================================
[2025-08-18T14:09:14.517+0000] {subprocess.py:93} INFO - 25/08/18 14:09:14 INFO ResourceUtils: No custom resources configured for spark.driver.
[2025-08-18T14:09:14.523+0000] {subprocess.py:93} INFO - 25/08/18 14:09:14 INFO ResourceUtils: ==============================================================
[2025-08-18T14:09:14.527+0000] {subprocess.py:93} INFO - 25/08/18 14:09:14 INFO SparkContext: Submitted application: Golden to Star Schema in Citus
[2025-08-18T14:09:14.680+0000] {subprocess.py:93} INFO - 25/08/18 14:09:14 INFO ResourceProfile: Default ResourceProfile created, executor resources: Map(memory -> name: memory, amount: 1024, script: , vendor: , offHeap -> name: offHeap, amount: 0, script: , vendor: ), task resources: Map(cpus -> name: cpus, amount: 1.0)
[2025-08-18T14:09:14.722+0000] {subprocess.py:93} INFO - 25/08/18 14:09:14 INFO ResourceProfile: Limiting resource is cpu
[2025-08-18T14:09:14.724+0000] {subprocess.py:93} INFO - 25/08/18 14:09:14 INFO ResourceProfileManager: Added ResourceProfile id: 0
[2025-08-18T14:09:14.938+0000] {subprocess.py:93} INFO - 25/08/18 14:09:14 INFO SecurityManager: Changing view acls to: spark
[2025-08-18T14:09:14.941+0000] {subprocess.py:93} INFO - 25/08/18 14:09:14 INFO SecurityManager: Changing modify acls to: spark
[2025-08-18T14:09:14.943+0000] {subprocess.py:93} INFO - 25/08/18 14:09:14 INFO SecurityManager: Changing view acls groups to:
[2025-08-18T14:09:14.947+0000] {subprocess.py:93} INFO - 25/08/18 14:09:14 INFO SecurityManager: Changing modify acls groups to:
[2025-08-18T14:09:14.949+0000] {subprocess.py:93} INFO - 25/08/18 14:09:14 INFO SecurityManager: SecurityManager: authentication disabled; ui acls disabled; users with view permissions: spark; groups with view permissions: EMPTY; users with modify permissions: spark; groups with modify permissions: EMPTY
[2025-08-18T14:09:16.820+0000] {subprocess.py:93} INFO - 25/08/18 14:09:16 INFO Utils: Successfully started service 'sparkDriver' on port 41709.
[2025-08-18T14:09:16.953+0000] {subprocess.py:93} INFO - 25/08/18 14:09:16 INFO SparkEnv: Registering MapOutputTracker
[2025-08-18T14:09:17.152+0000] {subprocess.py:93} INFO - 25/08/18 14:09:17 INFO SparkEnv: Registering BlockManagerMaster
[2025-08-18T14:09:17.259+0000] {subprocess.py:93} INFO - 25/08/18 14:09:17 INFO BlockManagerMasterEndpoint: Using org.apache.spark.storage.DefaultTopologyMapper for getting topology information
[2025-08-18T14:09:17.268+0000] {subprocess.py:93} INFO - 25/08/18 14:09:17 INFO BlockManagerMasterEndpoint: BlockManagerMasterEndpoint up
[2025-08-18T14:09:17.294+0000] {subprocess.py:93} INFO - 25/08/18 14:09:17 INFO SparkEnv: Registering BlockManagerMasterHeartbeat
[2025-08-18T14:09:17.691+0000] {subprocess.py:93} INFO - 25/08/18 14:09:17 INFO DiskBlockManager: Created local directory at /tmp/blockmgr-1daf2b1d-2ece-4f3e-b1d8-a1d18ac32c61
[2025-08-18T14:09:17.848+0000] {subprocess.py:93} INFO - 25/08/18 14:09:17 INFO MemoryStore: MemoryStore started with capacity 434.4 MiB
[2025-08-18T14:09:18.099+0000] {subprocess.py:93} INFO - 25/08/18 14:09:18 INFO SparkEnv: Registering OutputCommitCoordinator
[2025-08-18T14:09:19.187+0000] {subprocess.py:93} INFO - 25/08/18 14:09:19 INFO JettyUtils: Start Jetty 0.0.0.0:4040 for SparkUI
[2025-08-18T14:09:19.637+0000] {subprocess.py:93} INFO - 25/08/18 14:09:19 WARN Utils: Service 'SparkUI' could not bind on port 4040. Attempting port 4041.
[2025-08-18T14:09:19.642+0000] {subprocess.py:93} INFO - 25/08/18 14:09:19 WARN Utils: Service 'SparkUI' could not bind on port 4041. Attempting port 4042.
[2025-08-18T14:09:19.693+0000] {subprocess.py:93} INFO - 25/08/18 14:09:19 INFO Utils: Successfully started service 'SparkUI' on port 4042.
[2025-08-18T14:09:19.997+0000] {subprocess.py:93} INFO - 25/08/18 14:09:19 INFO SparkContext: Added JAR file:///opt/bitnami/spark/.ivy2/jars/org.postgresql_postgresql-42.6.0.jar at spark://4bf6b336ccb3:41709/jars/org.postgresql_postgresql-42.6.0.jar with timestamp 1755526154288
[2025-08-18T14:09:19.998+0000] {subprocess.py:93} INFO - 25/08/18 14:09:19 INFO SparkContext: Added JAR file:///opt/bitnami/spark/.ivy2/jars/org.checkerframework_checker-qual-3.31.0.jar at spark://4bf6b336ccb3:41709/jars/org.checkerframework_checker-qual-3.31.0.jar with timestamp 1755526154288
[2025-08-18T14:09:20.030+0000] {subprocess.py:93} INFO - 25/08/18 14:09:20 INFO SparkContext: Added file file:///opt/bitnami/spark/.ivy2/jars/org.postgresql_postgresql-42.6.0.jar at spark://4bf6b336ccb3:41709/files/org.postgresql_postgresql-42.6.0.jar with timestamp 1755526154288
[2025-08-18T14:09:20.042+0000] {subprocess.py:93} INFO - 25/08/18 14:09:20 INFO Utils: Copying /opt/bitnami/spark/.ivy2/jars/org.postgresql_postgresql-42.6.0.jar to /tmp/spark-6e58e5a2-4276-481c-939d-2e1d38e2a1c0/userFiles-13528624-c00a-4a36-ad7a-39978931dd7d/org.postgresql_postgresql-42.6.0.jar
[2025-08-18T14:09:20.105+0000] {subprocess.py:93} INFO - 25/08/18 14:09:20 INFO SparkContext: Added file file:///opt/bitnami/spark/.ivy2/jars/org.checkerframework_checker-qual-3.31.0.jar at spark://4bf6b336ccb3:41709/files/org.checkerframework_checker-qual-3.31.0.jar with timestamp 1755526154288
[2025-08-18T14:09:20.110+0000] {subprocess.py:93} INFO - 25/08/18 14:09:20 INFO Utils: Copying /opt/bitnami/spark/.ivy2/jars/org.checkerframework_checker-qual-3.31.0.jar to /tmp/spark-6e58e5a2-4276-481c-939d-2e1d38e2a1c0/userFiles-13528624-c00a-4a36-ad7a-39978931dd7d/org.checkerframework_checker-qual-3.31.0.jar
[2025-08-18T14:09:20.732+0000] {subprocess.py:93} INFO - 25/08/18 14:09:20 INFO StandaloneAppClient$ClientEndpoint: Connecting to master spark://spark-master:7077...
[2025-08-18T14:09:21.236+0000] {subprocess.py:93} INFO - 25/08/18 14:09:21 INFO TransportClientFactory: Successfully created connection to spark-master/172.18.0.7:7077 after 384 ms (0 ms spent in bootstraps)
[2025-08-18T14:09:21.916+0000] {subprocess.py:93} INFO - 25/08/18 14:09:21 INFO StandaloneSchedulerBackend: Connected to Spark cluster with app ID app-20250818140921-0057
[2025-08-18T14:09:21.955+0000] {subprocess.py:93} INFO - 25/08/18 14:09:21 INFO Utils: Successfully started service 'org.apache.spark.network.netty.NettyBlockTransferService' on port 43417.
[2025-08-18T14:09:21.957+0000] {subprocess.py:93} INFO - 25/08/18 14:09:21 INFO NettyBlockTransferService: Server created on 4bf6b336ccb3:43417
[2025-08-18T14:09:21.965+0000] {subprocess.py:93} INFO - 25/08/18 14:09:21 INFO BlockManager: Using org.apache.spark.storage.RandomBlockReplicationPolicy for block replication policy
[2025-08-18T14:09:21.983+0000] {subprocess.py:93} INFO - 25/08/18 14:09:21 INFO BlockManagerMaster: Registering BlockManager BlockManagerId(driver, 4bf6b336ccb3, 43417, None)
[2025-08-18T14:09:22.012+0000] {subprocess.py:93} INFO - 25/08/18 14:09:22 INFO BlockManagerMasterEndpoint: Registering block manager 4bf6b336ccb3:43417 with 434.4 MiB RAM, BlockManagerId(driver, 4bf6b336ccb3, 43417, None)
[2025-08-18T14:09:22.020+0000] {subprocess.py:93} INFO - 25/08/18 14:09:22 INFO BlockManagerMaster: Registered BlockManager BlockManagerId(driver, 4bf6b336ccb3, 43417, None)
[2025-08-18T14:09:22.029+0000] {subprocess.py:93} INFO - 25/08/18 14:09:22 INFO BlockManager: Initialized BlockManager: BlockManagerId(driver, 4bf6b336ccb3, 43417, None)
[2025-08-18T14:09:23.162+0000] {subprocess.py:93} INFO - 25/08/18 14:09:23 INFO StandaloneSchedulerBackend: SchedulerBackend is ready for scheduling beginning after reached minRegisteredResourcesRatio: 0.0
[2025-08-18T14:09:24.372+0000] {subprocess.py:93} INFO - 25/08/18 14:09:24 INFO SharedState: Setting hive.metastore.warehouse.dir ('null') to the value of spark.sql.warehouse.dir.
[2025-08-18T14:09:24.387+0000] {subprocess.py:93} INFO - 25/08/18 14:09:24 INFO SharedState: Warehouse path is 'file:/opt/bitnami/spark/spark-warehouse'.
[2025-08-18T14:09:30.193+0000] {subprocess.py:93} INFO - 25/08/18 14:09:30 INFO InMemoryFileIndex: It took 258 ms to list leaf files for 1 paths.
[2025-08-18T14:09:33.022+0000] {subprocess.py:93} INFO - 25/08/18 14:09:33 INFO SparkContext: Starting job: parquet at NativeMethodAccessorImpl.java:0
[2025-08-18T14:09:33.152+0000] {subprocess.py:93} INFO - 25/08/18 14:09:33 INFO DAGScheduler: Got job 0 (parquet at NativeMethodAccessorImpl.java:0) with 1 output partitions
[2025-08-18T14:09:33.165+0000] {subprocess.py:93} INFO - 25/08/18 14:09:33 INFO DAGScheduler: Final stage: ResultStage 0 (parquet at NativeMethodAccessorImpl.java:0)
[2025-08-18T14:09:33.166+0000] {subprocess.py:93} INFO - 25/08/18 14:09:33 INFO DAGScheduler: Parents of final stage: List()
[2025-08-18T14:09:33.177+0000] {subprocess.py:93} INFO - 25/08/18 14:09:33 INFO DAGScheduler: Missing parents: List()
[2025-08-18T14:09:33.223+0000] {subprocess.py:93} INFO - 25/08/18 14:09:33 INFO DAGScheduler: Submitting ResultStage 0 (MapPartitionsRDD[1] at parquet at NativeMethodAccessorImpl.java:0), which has no missing parents
[2025-08-18T14:09:33.690+0000] {subprocess.py:93} INFO - 25/08/18 14:09:33 INFO MemoryStore: Block broadcast_0 stored as values in memory (estimated size 104.5 KiB, free 434.3 MiB)
[2025-08-18T14:09:33.859+0000] {subprocess.py:93} INFO - 25/08/18 14:09:33 INFO MemoryStore: Block broadcast_0_piece0 stored as bytes in memory (estimated size 37.8 KiB, free 434.3 MiB)
[2025-08-18T14:09:33.862+0000] {subprocess.py:93} INFO - 25/08/18 14:09:33 INFO BlockManagerInfo: Added broadcast_0_piece0 in memory on 4bf6b336ccb3:43417 (size: 37.8 KiB, free: 434.4 MiB)
[2025-08-18T14:09:33.874+0000] {subprocess.py:93} INFO - 25/08/18 14:09:33 INFO SparkContext: Created broadcast 0 from broadcast at DAGScheduler.scala:1585
[2025-08-18T14:09:34.053+0000] {subprocess.py:93} INFO - 25/08/18 14:09:34 INFO DAGScheduler: Submitting 1 missing tasks from ResultStage 0 (MapPartitionsRDD[1] at parquet at NativeMethodAccessorImpl.java:0) (first 15 tasks are for partitions Vector(0))
[2025-08-18T14:09:34.073+0000] {subprocess.py:93} INFO - 25/08/18 14:09:34 INFO TaskSchedulerImpl: Adding task set 0.0 with 1 tasks resource profile 0
[2025-08-18T14:09:49.183+0000] {subprocess.py:93} INFO - 25/08/18 14:09:49 WARN TaskSchedulerImpl: Initial job has not accepted any resources; check your cluster UI to ensure that workers are registered and have sufficient resources
[2025-08-18T14:10:04.182+0000] {subprocess.py:93} INFO - 25/08/18 14:10:04 WARN TaskSchedulerImpl: Initial job has not accepted any resources; check your cluster UI to ensure that workers are registered and have sufficient resources
[2025-08-18T14:10:19.180+0000] {subprocess.py:93} INFO - 25/08/18 14:10:19 WARN TaskSchedulerImpl: Initial job has not accepted any resources; check your cluster UI to ensure that workers are registered and have sufficient resources
[2025-08-18T14:10:34.185+0000] {subprocess.py:93} INFO - 25/08/18 14:10:34 WARN TaskSchedulerImpl: Initial job has not accepted any resources; check your cluster UI to ensure that workers are registered and have sufficient resources
[2025-08-18T14:10:49.183+0000] {subprocess.py:93} INFO - 25/08/18 14:10:49 WARN TaskSchedulerImpl: Initial job has not accepted any resources; check your cluster UI to ensure that workers are registered and have sufficient resources
[2025-08-18T14:11:04.184+0000] {subprocess.py:93} INFO - 25/08/18 14:11:04 WARN TaskSchedulerImpl: Initial job has not accepted any resources; check your cluster UI to ensure that workers are registered and have sufficient resources
[2025-08-18T14:11:19.183+0000] {subprocess.py:93} INFO - 25/08/18 14:11:19 WARN TaskSchedulerImpl: Initial job has not accepted any resources; check your cluster UI to ensure that workers are registered and have sufficient resources
[2025-08-18T14:11:34.180+0000] {subprocess.py:93} INFO - 25/08/18 14:11:34 WARN TaskSchedulerImpl: Initial job has not accepted any resources; check your cluster UI to ensure that workers are registered and have sufficient resources
[2025-08-18T14:11:49.184+0000] {subprocess.py:93} INFO - 25/08/18 14:11:49 WARN TaskSchedulerImpl: Initial job has not accepted any resources; check your cluster UI to ensure that workers are registered and have sufficient resources
[2025-08-18T14:12:04.180+0000] {subprocess.py:93} INFO - 25/08/18 14:12:04 WARN TaskSchedulerImpl: Initial job has not accepted any resources; check your cluster UI to ensure that workers are registered and have sufficient resources
[2025-08-18T14:12:19.180+0000] {subprocess.py:93} INFO - 25/08/18 14:12:19 WARN TaskSchedulerImpl: Initial job has not accepted any resources; check your cluster UI to ensure that workers are registered and have sufficient resources
[2025-08-18T14:12:34.179+0000] {subprocess.py:93} INFO - 25/08/18 14:12:34 WARN TaskSchedulerImpl: Initial job has not accepted any resources; check your cluster UI to ensure that workers are registered and have sufficient resources
[2025-08-18T14:12:49.189+0000] {subprocess.py:93} INFO - 25/08/18 14:12:49 WARN TaskSchedulerImpl: Initial job has not accepted any resources; check your cluster UI to ensure that workers are registered and have sufficient resources
[2025-08-18T14:13:04.189+0000] {subprocess.py:93} INFO - 25/08/18 14:13:04 WARN TaskSchedulerImpl: Initial job has not accepted any resources; check your cluster UI to ensure that workers are registered and have sufficient resources
[2025-08-18T14:13:07.986+0000] {subprocess.py:93} INFO - 25/08/18 14:13:07 INFO StandaloneAppClient$ClientEndpoint: Executor added: app-20250818140921-0057/0 on worker-20250818100309-172.18.0.14-34047 (172.18.0.14:34047) with 4 core(s)
[2025-08-18T14:13:08.006+0000] {subprocess.py:93} INFO - 25/08/18 14:13:08 INFO StandaloneSchedulerBackend: Granted executor ID app-20250818140921-0057/0 on hostPort 172.18.0.14:34047 with 4 core(s), 1024.0 MiB RAM
[2025-08-18T14:13:08.007+0000] {subprocess.py:93} INFO - 25/08/18 14:13:08 INFO StandaloneAppClient$ClientEndpoint: Executor added: app-20250818140921-0057/1 on worker-20250818100311-172.18.0.13-33759 (172.18.0.13:33759) with 4 core(s)
[2025-08-18T14:13:08.008+0000] {subprocess.py:93} INFO - 25/08/18 14:13:08 INFO StandaloneSchedulerBackend: Granted executor ID app-20250818140921-0057/1 on hostPort 172.18.0.13:33759 with 4 core(s), 1024.0 MiB RAM
[2025-08-18T14:13:08.009+0000] {subprocess.py:93} INFO - 25/08/18 14:13:08 INFO StandaloneAppClient$ClientEndpoint: Executor added: app-20250818140921-0057/2 on worker-20250818100314-172.18.0.12-34745 (172.18.0.12:34745) with 4 core(s)
[2025-08-18T14:13:08.012+0000] {subprocess.py:93} INFO - 25/08/18 14:13:08 INFO StandaloneSchedulerBackend: Granted executor ID app-20250818140921-0057/2 on hostPort 172.18.0.12:34745 with 4 core(s), 1024.0 MiB RAM
[2025-08-18T14:13:08.279+0000] {subprocess.py:93} INFO - 25/08/18 14:13:08 INFO StandaloneAppClient$ClientEndpoint: Executor updated: app-20250818140921-0057/1 is now RUNNING
[2025-08-18T14:13:08.302+0000] {subprocess.py:93} INFO - 25/08/18 14:13:08 INFO StandaloneAppClient$ClientEndpoint: Executor updated: app-20250818140921-0057/0 is now RUNNING
[2025-08-18T14:13:08.352+0000] {subprocess.py:93} INFO - 25/08/18 14:13:08 INFO StandaloneAppClient$ClientEndpoint: Executor updated: app-20250818140921-0057/2 is now RUNNING
[2025-08-18T14:13:19.181+0000] {subprocess.py:93} INFO - 25/08/18 14:13:19 WARN TaskSchedulerImpl: Initial job has not accepted any resources; check your cluster UI to ensure that workers are registered and have sufficient resources
[2025-08-18T14:13:21.265+0000] {subprocess.py:93} INFO - 25/08/18 14:13:21 INFO StandaloneSchedulerBackend$StandaloneDriverEndpoint: Registered executor NettyRpcEndpointRef(spark-client://Executor) (172.18.0.12:46504) with ID 2,  ResourceProfileId 0
[2025-08-18T14:13:21.785+0000] {subprocess.py:93} INFO - 25/08/18 14:13:21 INFO BlockManagerMasterEndpoint: Registering block manager 172.18.0.12:44163 with 434.4 MiB RAM, BlockManagerId(2, 172.18.0.12, 44163, None)
[2025-08-18T14:13:22.804+0000] {subprocess.py:93} INFO - 25/08/18 14:13:22 INFO StandaloneSchedulerBackend$StandaloneDriverEndpoint: Registered executor NettyRpcEndpointRef(spark-client://Executor) (172.18.0.13:52064) with ID 1,  ResourceProfileId 0
[2025-08-18T14:13:22.987+0000] {subprocess.py:93} INFO - 25/08/18 14:13:22 INFO TaskSetManager: Starting task 0.0 in stage 0.0 (TID 0) (172.18.0.12, executor 2, partition 0, PROCESS_LOCAL, 8106 bytes)
[2025-08-18T14:13:23.059+0000] {subprocess.py:93} INFO - 25/08/18 14:13:23 INFO BlockManagerMasterEndpoint: Registering block manager 172.18.0.13:34557 with 434.4 MiB RAM, BlockManagerId(1, 172.18.0.13, 34557, None)
[2025-08-18T14:13:23.258+0000] {subprocess.py:93} INFO - 25/08/18 14:13:23 INFO StandaloneSchedulerBackend$StandaloneDriverEndpoint: Registered executor NettyRpcEndpointRef(spark-client://Executor) (172.18.0.14:49158) with ID 0,  ResourceProfileId 0
[2025-08-18T14:13:23.770+0000] {subprocess.py:93} INFO - 25/08/18 14:13:23 INFO BlockManagerMasterEndpoint: Registering block manager 172.18.0.14:37433 with 434.4 MiB RAM, BlockManagerId(0, 172.18.0.14, 37433, None)
[2025-08-18T14:13:24.583+0000] {subprocess.py:93} INFO - 25/08/18 14:13:24 INFO BlockManagerInfo: Added broadcast_0_piece0 in memory on 172.18.0.12:44163 (size: 37.8 KiB, free: 434.4 MiB)
[2025-08-18T14:13:25.640+0000] {subprocess.py:93} INFO - 25/08/18 14:13:25 INFO TaskSetManager: Finished task 0.0 in stage 0.0 (TID 0) in 2721 ms on 172.18.0.12 (executor 2) (1/1)
[2025-08-18T14:13:25.645+0000] {subprocess.py:93} INFO - 25/08/18 14:13:25 INFO TaskSchedulerImpl: Removed TaskSet 0.0, whose tasks have all completed, from pool
[2025-08-18T14:13:25.703+0000] {subprocess.py:93} INFO - 25/08/18 14:13:25 INFO DAGScheduler: ResultStage 0 (parquet at NativeMethodAccessorImpl.java:0) finished in 232.347 s
[2025-08-18T14:13:25.723+0000] {subprocess.py:93} INFO - 25/08/18 14:13:25 INFO DAGScheduler: Job 0 is finished. Cancelling potential speculative or zombie tasks for this job
[2025-08-18T14:13:25.743+0000] {subprocess.py:93} INFO - 25/08/18 14:13:25 INFO TaskSchedulerImpl: Killing all running tasks in stage 0: Stage finished
[2025-08-18T14:13:25.774+0000] {subprocess.py:93} INFO - 25/08/18 14:13:25 INFO DAGScheduler: Job 0 finished: parquet at NativeMethodAccessorImpl.java:0, took 232.751425 s
[2025-08-18T14:13:26.441+0000] {subprocess.py:93} INFO - Traceback (most recent call last):
[2025-08-18T14:13:26.442+0000] {subprocess.py:93} INFO -   File "/opt/***/jobs/star_schema/golden_to_star_citus.py", line 33, in <module>
[2025-08-18T14:13:26.444+0000] {subprocess.py:93} INFO -     df = spark.read.parquet(golden_path)
[2025-08-18T14:13:26.445+0000] {subprocess.py:93} INFO -          ^^^^^^^^^^^^^^^^^^^^^^^^^^^^^^^
[2025-08-18T14:13:26.445+0000] {subprocess.py:93} INFO -   File "/opt/bitnami/spark/python/lib/pyspark.zip/pyspark/sql/readwriter.py", line 544, in parquet
[2025-08-18T14:13:26.446+0000] {subprocess.py:93} INFO -   File "/opt/bitnami/spark/python/lib/py4j-0.10.9.7-src.zip/py4j/java_gateway.py", line 1322, in __call__
[2025-08-18T14:13:26.446+0000] {subprocess.py:93} INFO -   File "/opt/bitnami/spark/python/lib/pyspark.zip/pyspark/errors/exceptions/captured.py", line 185, in deco
[2025-08-18T14:13:26.521+0000] {subprocess.py:93} INFO - pyspark.errors.exceptions.captured.AnalysisException: [UNABLE_TO_INFER_SCHEMA] Unable to infer schema for Parquet. It must be specified manually.
[2025-08-18T14:13:26.828+0000] {subprocess.py:93} INFO - 25/08/18 14:13:26 INFO SparkContext: Invoking stop() from shutdown hook
[2025-08-18T14:13:26.834+0000] {subprocess.py:93} INFO - 25/08/18 14:13:26 INFO SparkContext: SparkContext is stopping with exitCode 0.
[2025-08-18T14:13:26.915+0000] {subprocess.py:93} INFO - 25/08/18 14:13:26 INFO SparkUI: Stopped Spark web UI at http://4bf6b336ccb3:4042
[2025-08-18T14:13:26.941+0000] {subprocess.py:93} INFO - 25/08/18 14:13:26 INFO StandaloneSchedulerBackend: Shutting down all executors
[2025-08-18T14:13:26.949+0000] {subprocess.py:93} INFO - 25/08/18 14:13:26 INFO StandaloneSchedulerBackend$StandaloneDriverEndpoint: Asking each executor to shut down
[2025-08-18T14:13:27.188+0000] {subprocess.py:93} INFO - 25/08/18 14:13:27 INFO MapOutputTrackerMasterEndpoint: MapOutputTrackerMasterEndpoint stopped!
[2025-08-18T14:13:27.383+0000] {subprocess.py:93} INFO - 25/08/18 14:13:27 INFO MemoryStore: MemoryStore cleared
[2025-08-18T14:13:27.395+0000] {subprocess.py:93} INFO - 25/08/18 14:13:27 INFO BlockManager: BlockManager stopped
[2025-08-18T14:13:27.479+0000] {subprocess.py:93} INFO - 25/08/18 14:13:27 INFO BlockManagerMaster: BlockManagerMaster stopped
[2025-08-18T14:13:27.503+0000] {subprocess.py:93} INFO - 25/08/18 14:13:27 INFO OutputCommitCoordinator$OutputCommitCoordinatorEndpoint: OutputCommitCoordinator stopped!
[2025-08-18T14:13:27.584+0000] {subprocess.py:93} INFO - 25/08/18 14:13:27 INFO SparkContext: Successfully stopped SparkContext
[2025-08-18T14:13:27.584+0000] {subprocess.py:93} INFO - 25/08/18 14:13:27 INFO ShutdownHookManager: Shutdown hook called
[2025-08-18T14:13:27.594+0000] {subprocess.py:93} INFO - 25/08/18 14:13:27 INFO ShutdownHookManager: Deleting directory /tmp/spark-6c2db7b8-a947-4f99-bd67-cafcec23a449
[2025-08-18T14:13:27.616+0000] {subprocess.py:93} INFO - 25/08/18 14:13:27 INFO ShutdownHookManager: Deleting directory /tmp/spark-6e58e5a2-4276-481c-939d-2e1d38e2a1c0
[2025-08-18T14:13:27.650+0000] {subprocess.py:93} INFO - 25/08/18 14:13:27 INFO ShutdownHookManager: Deleting directory /tmp/spark-6e58e5a2-4276-481c-939d-2e1d38e2a1c0/pyspark-2d6f2a32-a496-40ad-9d16-80e9d8177ebe
[2025-08-18T14:13:28.279+0000] {subprocess.py:97} INFO - Command exited with return code 1
[2025-08-18T14:13:28.287+0000] {taskinstance.py:441} INFO - ::group::Post task execution logs
[2025-08-18T14:13:28.342+0000] {taskinstance.py:2890} ERROR - Task failed with exception
Traceback (most recent call last):
  File "/home/airflow/.local/lib/python3.9/site-packages/airflow/models/taskinstance.py", line 465, in _execute_task
    result = _execute_callable(context=context, **execute_callable_kwargs)
  File "/home/airflow/.local/lib/python3.9/site-packages/airflow/models/taskinstance.py", line 432, in _execute_callable
    return execute_callable(context=context, **execute_callable_kwargs)
  File "/home/airflow/.local/lib/python3.9/site-packages/airflow/models/baseoperator.py", line 400, in wrapper
    return func(self, *args, **kwargs)
  File "/home/airflow/.local/lib/python3.9/site-packages/airflow/operators/bash.py", line 243, in execute
    raise AirflowException(
airflow.exceptions.AirflowException: Bash command failed. The command returned a non-zero exit code 1.
[2025-08-18T14:13:28.352+0000] {taskinstance.py:1205} INFO - Marking task as UP_FOR_RETRY. dag_id=youtube_pipeline_batch_data, task_id=golden_to_star, execution_date=20250818T134521, start_date=20250818T140855, end_date=20250818T141328
[2025-08-18T14:13:28.434+0000] {standard_task_runner.py:110} ERROR - Failed to execute job 381 for task golden_to_star (Bash command failed. The command returned a non-zero exit code 1.; 6023)
[2025-08-18T14:13:28.475+0000] {local_task_job_runner.py:240} INFO - Task exited with return code 1
[2025-08-18T14:13:28.653+0000] {taskinstance.py:3482} INFO - 0 downstream tasks scheduled from follow-on schedule check
[2025-08-18T14:13:28.671+0000] {local_task_job_runner.py:222} INFO - ::endgroup::
