[2025-08-18T13:49:47.617+0000] {local_task_job_runner.py:120} INFO - ::group::Pre task execution logs
[2025-08-18T13:49:47.754+0000] {taskinstance.py:2073} INFO - Dependencies all met for dep_context=non-requeueable deps ti=<TaskInstance: youtube_pipeline_batch_data.transform_golden manual__2025-08-18T13:43:54.892480+00:00 [queued]>
[2025-08-18T13:49:47.794+0000] {taskinstance.py:2073} INFO - Dependencies all met for dep_context=requeueable deps ti=<TaskInstance: youtube_pipeline_batch_data.transform_golden manual__2025-08-18T13:43:54.892480+00:00 [queued]>
[2025-08-18T13:49:47.795+0000] {taskinstance.py:2303} INFO - Starting attempt 1 of 4
[2025-08-18T13:49:47.861+0000] {taskinstance.py:2327} INFO - Executing <Task(BashOperator): transform_golden> on 2025-08-18 13:43:54.892480+00:00
[2025-08-18T13:49:47.881+0000] {standard_task_runner.py:63} INFO - Started process 5487 to run task
[2025-08-18T13:49:47.890+0000] {standard_task_runner.py:90} INFO - Running: ['***', 'tasks', 'run', 'youtube_pipeline_batch_data', 'transform_golden', 'manual__2025-08-18T13:43:54.892480+00:00', '--job-id', '351', '--raw', '--subdir', 'DAGS_FOLDER/youtube_pipeline.py', '--cfg-path', '/tmp/tmprqeat1y9']
[2025-08-18T13:49:47.899+0000] {standard_task_runner.py:91} INFO - Job 351: Subtask transform_golden
[2025-08-18T13:49:48.035+0000] {task_command.py:426} INFO - Running <TaskInstance: youtube_pipeline_batch_data.transform_golden manual__2025-08-18T13:43:54.892480+00:00 [running]> on host 47205959681c
[2025-08-18T13:49:48.505+0000] {taskinstance.py:2644} INFO - Exporting env vars: AIRFLOW_CTX_DAG_OWNER='***' AIRFLOW_CTX_DAG_ID='youtube_pipeline_batch_data' AIRFLOW_CTX_TASK_ID='transform_golden' AIRFLOW_CTX_EXECUTION_DATE='2025-08-18T13:43:54.892480+00:00' AIRFLOW_CTX_TRY_NUMBER='1' AIRFLOW_CTX_DAG_RUN_ID='manual__2025-08-18T13:43:54.892480+00:00'
[2025-08-18T13:49:48.509+0000] {taskinstance.py:430} INFO - ::endgroup::
[2025-08-18T13:49:48.555+0000] {subprocess.py:63} INFO - Tmp dir root location: /tmp
[2025-08-18T13:49:48.556+0000] {subprocess.py:75} INFO - Running command: ['/usr/bin/bash', '-c', 'docker exec youtube-pipeline-project_spark-master_1 spark-submit --master spark://spark-master:7077 --deploy-mode client --packages org.apache.spark:spark-avro_2.12:3.5.1 /opt/***/jobs/transformation/transform_to_golden_dataset.py']
[2025-08-18T13:49:48.586+0000] {subprocess.py:86} INFO - Output:
[2025-08-18T13:49:57.041+0000] {subprocess.py:93} INFO - :: loading settings :: url = jar:file:/opt/bitnami/spark/jars/ivy-2.5.1.jar!/org/apache/ivy/core/settings/ivysettings.xml
[2025-08-18T13:49:57.184+0000] {subprocess.py:93} INFO - Ivy Default Cache set to: /opt/bitnami/spark/.ivy2/cache
[2025-08-18T13:49:57.185+0000] {subprocess.py:93} INFO - The jars for the packages stored in: /opt/bitnami/spark/.ivy2/jars
[2025-08-18T13:49:57.192+0000] {subprocess.py:93} INFO - org.apache.spark#spark-avro_2.12 added as a dependency
[2025-08-18T13:49:57.199+0000] {subprocess.py:93} INFO - :: resolving dependencies :: org.apache.spark#spark-submit-parent-15ea4807-2758-43c2-ac73-3e83c6e322cb;1.0
[2025-08-18T13:49:57.200+0000] {subprocess.py:93} INFO - 	confs: [default]
[2025-08-18T13:49:57.716+0000] {subprocess.py:93} INFO - 	found org.apache.spark#spark-avro_2.12;3.5.1 in central
[2025-08-18T13:49:57.842+0000] {subprocess.py:93} INFO - 	found org.tukaani#xz;1.9 in central
[2025-08-18T13:49:57.895+0000] {subprocess.py:93} INFO - :: resolution report :: resolve 687ms :: artifacts dl 11ms
[2025-08-18T13:49:57.899+0000] {subprocess.py:93} INFO - 	:: modules in use:
[2025-08-18T13:49:57.900+0000] {subprocess.py:93} INFO - 	org.apache.spark#spark-avro_2.12;3.5.1 from central in [default]
[2025-08-18T13:49:57.900+0000] {subprocess.py:93} INFO - 	org.tukaani#xz;1.9 from central in [default]
[2025-08-18T13:49:57.905+0000] {subprocess.py:93} INFO - 	---------------------------------------------------------------------
[2025-08-18T13:49:57.906+0000] {subprocess.py:93} INFO - 	|                  |            modules            ||   artifacts   |
[2025-08-18T13:49:57.908+0000] {subprocess.py:93} INFO - 	|       conf       | number| search|dwnlded|evicted|| number|dwnlded|
[2025-08-18T13:49:57.912+0000] {subprocess.py:93} INFO - 	---------------------------------------------------------------------
[2025-08-18T13:49:57.913+0000] {subprocess.py:93} INFO - 	|      default     |   2   |   0   |   0   |   0   ||   2   |   0   |
[2025-08-18T13:49:57.914+0000] {subprocess.py:93} INFO - 	---------------------------------------------------------------------
[2025-08-18T13:49:57.917+0000] {subprocess.py:93} INFO - :: retrieving :: org.apache.spark#spark-submit-parent-15ea4807-2758-43c2-ac73-3e83c6e322cb
[2025-08-18T13:49:57.919+0000] {subprocess.py:93} INFO - 	confs: [default]
[2025-08-18T13:49:57.923+0000] {subprocess.py:93} INFO - 	0 artifacts copied, 2 already retrieved (0kB/25ms)
[2025-08-18T13:49:59.657+0000] {subprocess.py:93} INFO - 25/08/18 13:49:59 WARN NativeCodeLoader: Unable to load native-hadoop library for your platform... using builtin-java classes where applicable
[2025-08-18T13:50:05.077+0000] {subprocess.py:93} INFO - 25/08/18 13:50:05 INFO SparkContext: Running Spark version 3.5.1
[2025-08-18T13:50:05.093+0000] {subprocess.py:93} INFO - 25/08/18 13:50:05 INFO SparkContext: OS info Linux, 6.11.0-29-generic, amd64
[2025-08-18T13:50:05.095+0000] {subprocess.py:93} INFO - 25/08/18 13:50:05 INFO SparkContext: Java version 17.0.12
[2025-08-18T13:50:05.224+0000] {subprocess.py:93} INFO - 25/08/18 13:50:05 INFO ResourceUtils: ==============================================================
[2025-08-18T13:50:05.226+0000] {subprocess.py:93} INFO - 25/08/18 13:50:05 INFO ResourceUtils: No custom resources configured for spark.driver.
[2025-08-18T13:50:05.229+0000] {subprocess.py:93} INFO - 25/08/18 13:50:05 INFO ResourceUtils: ==============================================================
[2025-08-18T13:50:05.234+0000] {subprocess.py:93} INFO - 25/08/18 13:50:05 INFO SparkContext: Submitted application: Processed Zone - Golden Dataset
[2025-08-18T13:50:05.489+0000] {subprocess.py:93} INFO - 25/08/18 13:50:05 INFO ResourceProfile: Default ResourceProfile created, executor resources: Map(memory -> name: memory, amount: 1024, script: , vendor: , offHeap -> name: offHeap, amount: 0, script: , vendor: ), task resources: Map(cpus -> name: cpus, amount: 1.0)
[2025-08-18T13:50:05.554+0000] {subprocess.py:93} INFO - 25/08/18 13:50:05 INFO ResourceProfile: Limiting resource is cpu
[2025-08-18T13:50:05.555+0000] {subprocess.py:93} INFO - 25/08/18 13:50:05 INFO ResourceProfileManager: Added ResourceProfile id: 0
[2025-08-18T13:50:06.187+0000] {subprocess.py:93} INFO - 25/08/18 13:50:06 INFO SecurityManager: Changing view acls to: spark
[2025-08-18T13:50:06.205+0000] {subprocess.py:93} INFO - 25/08/18 13:50:06 INFO SecurityManager: Changing modify acls to: spark
[2025-08-18T13:50:06.205+0000] {subprocess.py:93} INFO - 25/08/18 13:50:06 INFO SecurityManager: Changing view acls groups to:
[2025-08-18T13:50:06.208+0000] {subprocess.py:93} INFO - 25/08/18 13:50:06 INFO SecurityManager: Changing modify acls groups to:
[2025-08-18T13:50:06.215+0000] {subprocess.py:93} INFO - 25/08/18 13:50:06 INFO SecurityManager: SecurityManager: authentication disabled; ui acls disabled; users with view permissions: spark; groups with view permissions: EMPTY; users with modify permissions: spark; groups with modify permissions: EMPTY
[2025-08-18T13:50:06.845+0000] {subprocess.py:93} INFO - 25/08/18 13:50:06 INFO Utils: Successfully started service 'sparkDriver' on port 43881.
[2025-08-18T13:50:06.974+0000] {subprocess.py:93} INFO - 25/08/18 13:50:06 INFO SparkEnv: Registering MapOutputTracker
[2025-08-18T13:50:07.077+0000] {subprocess.py:93} INFO - 25/08/18 13:50:07 INFO SparkEnv: Registering BlockManagerMaster
[2025-08-18T13:50:07.104+0000] {subprocess.py:93} INFO - 25/08/18 13:50:07 INFO BlockManagerMasterEndpoint: Using org.apache.spark.storage.DefaultTopologyMapper for getting topology information
[2025-08-18T13:50:07.105+0000] {subprocess.py:93} INFO - 25/08/18 13:50:07 INFO BlockManagerMasterEndpoint: BlockManagerMasterEndpoint up
[2025-08-18T13:50:07.289+0000] {subprocess.py:93} INFO - 25/08/18 13:50:07 INFO SparkEnv: Registering BlockManagerMasterHeartbeat
[2025-08-18T13:50:07.392+0000] {subprocess.py:93} INFO - 25/08/18 13:50:07 INFO DiskBlockManager: Created local directory at /tmp/blockmgr-3060f32e-4f70-404d-9c98-34d90a332143
[2025-08-18T13:50:07.444+0000] {subprocess.py:93} INFO - 25/08/18 13:50:07 INFO MemoryStore: MemoryStore started with capacity 434.4 MiB
[2025-08-18T13:50:07.601+0000] {subprocess.py:93} INFO - 25/08/18 13:50:07 INFO SparkEnv: Registering OutputCommitCoordinator
[2025-08-18T13:50:08.622+0000] {subprocess.py:93} INFO - 25/08/18 13:50:08 INFO JettyUtils: Start Jetty 0.0.0.0:4040 for SparkUI
[2025-08-18T13:50:09.269+0000] {subprocess.py:93} INFO - 25/08/18 13:50:09 WARN Utils: Service 'SparkUI' could not bind on port 4040. Attempting port 4041.
[2025-08-18T13:50:09.306+0000] {subprocess.py:93} INFO - 25/08/18 13:50:09 INFO Utils: Successfully started service 'SparkUI' on port 4041.
[2025-08-18T13:50:09.510+0000] {subprocess.py:93} INFO - 25/08/18 13:50:09 INFO SparkContext: Added JAR file:///opt/bitnami/spark/.ivy2/jars/org.apache.spark_spark-avro_2.12-3.5.1.jar at spark://4bf6b336ccb3:43881/jars/org.apache.spark_spark-avro_2.12-3.5.1.jar with timestamp 1755525005038
[2025-08-18T13:50:09.518+0000] {subprocess.py:93} INFO - 25/08/18 13:50:09 INFO SparkContext: Added JAR file:///opt/bitnami/spark/.ivy2/jars/org.tukaani_xz-1.9.jar at spark://4bf6b336ccb3:43881/jars/org.tukaani_xz-1.9.jar with timestamp 1755525005038
[2025-08-18T13:50:09.539+0000] {subprocess.py:93} INFO - 25/08/18 13:50:09 INFO SparkContext: Added file file:///opt/bitnami/spark/.ivy2/jars/org.apache.spark_spark-avro_2.12-3.5.1.jar at spark://4bf6b336ccb3:43881/files/org.apache.spark_spark-avro_2.12-3.5.1.jar with timestamp 1755525005038
[2025-08-18T13:50:09.541+0000] {subprocess.py:93} INFO - 25/08/18 13:50:09 INFO Utils: Copying /opt/bitnami/spark/.ivy2/jars/org.apache.spark_spark-avro_2.12-3.5.1.jar to /tmp/spark-555b9038-0e0b-4a8f-8363-46ac13575b7b/userFiles-0c753dd2-c790-4311-b12d-b6404063189d/org.apache.spark_spark-avro_2.12-3.5.1.jar
[2025-08-18T13:50:09.591+0000] {subprocess.py:93} INFO - 25/08/18 13:50:09 INFO SparkContext: Added file file:///opt/bitnami/spark/.ivy2/jars/org.tukaani_xz-1.9.jar at spark://4bf6b336ccb3:43881/files/org.tukaani_xz-1.9.jar with timestamp 1755525005038
[2025-08-18T13:50:09.593+0000] {subprocess.py:93} INFO - 25/08/18 13:50:09 INFO Utils: Copying /opt/bitnami/spark/.ivy2/jars/org.tukaani_xz-1.9.jar to /tmp/spark-555b9038-0e0b-4a8f-8363-46ac13575b7b/userFiles-0c753dd2-c790-4311-b12d-b6404063189d/org.tukaani_xz-1.9.jar
[2025-08-18T13:50:09.870+0000] {subprocess.py:93} INFO - 25/08/18 13:50:09 INFO StandaloneAppClient$ClientEndpoint: Connecting to master spark://spark-master:7077...
[2025-08-18T13:50:10.249+0000] {subprocess.py:93} INFO - 25/08/18 13:50:10 INFO TransportClientFactory: Successfully created connection to spark-master/172.18.0.7:7077 after 227 ms (0 ms spent in bootstraps)
[2025-08-18T13:50:10.737+0000] {subprocess.py:93} INFO - 25/08/18 13:50:10 INFO StandaloneSchedulerBackend: Connected to Spark cluster with app ID app-20250818135010-0043
[2025-08-18T13:50:10.773+0000] {subprocess.py:93} INFO - 25/08/18 13:50:10 INFO Utils: Successfully started service 'org.apache.spark.network.netty.NettyBlockTransferService' on port 44237.
[2025-08-18T13:50:10.776+0000] {subprocess.py:93} INFO - 25/08/18 13:50:10 INFO NettyBlockTransferService: Server created on 4bf6b336ccb3:44237
[2025-08-18T13:50:10.783+0000] {subprocess.py:93} INFO - 25/08/18 13:50:10 INFO BlockManager: Using org.apache.spark.storage.RandomBlockReplicationPolicy for block replication policy
[2025-08-18T13:50:10.808+0000] {subprocess.py:93} INFO - 25/08/18 13:50:10 INFO BlockManagerMaster: Registering BlockManager BlockManagerId(driver, 4bf6b336ccb3, 44237, None)
[2025-08-18T13:50:10.826+0000] {subprocess.py:93} INFO - 25/08/18 13:50:10 INFO BlockManagerMasterEndpoint: Registering block manager 4bf6b336ccb3:44237 with 434.4 MiB RAM, BlockManagerId(driver, 4bf6b336ccb3, 44237, None)
[2025-08-18T13:50:10.834+0000] {subprocess.py:93} INFO - 25/08/18 13:50:10 INFO BlockManagerMaster: Registered BlockManager BlockManagerId(driver, 4bf6b336ccb3, 44237, None)
[2025-08-18T13:50:10.838+0000] {subprocess.py:93} INFO - 25/08/18 13:50:10 INFO BlockManager: Initialized BlockManager: BlockManagerId(driver, 4bf6b336ccb3, 44237, None)
[2025-08-18T13:50:11.702+0000] {subprocess.py:93} INFO - 25/08/18 13:50:11 INFO StandaloneSchedulerBackend: SchedulerBackend is ready for scheduling beginning after reached minRegisteredResourcesRatio: 0.0
[2025-08-18T13:50:12.891+0000] {subprocess.py:93} INFO - 25/08/18 13:50:12 INFO SharedState: Setting hive.metastore.warehouse.dir ('null') to the value of spark.sql.warehouse.dir.
[2025-08-18T13:50:12.905+0000] {subprocess.py:93} INFO - 25/08/18 13:50:12 INFO SharedState: Warehouse path is 'file:/opt/bitnami/spark/spark-warehouse'.
[2025-08-18T13:50:17.058+0000] {subprocess.py:93} INFO - 25/08/18 13:50:17 INFO InMemoryFileIndex: It took 236 ms to list leaf files for 1 paths.
[2025-08-18T13:50:22.900+0000] {subprocess.py:93} INFO - 25/08/18 13:50:22 INFO InMemoryFileIndex: It took 58 ms to list leaf files for 1 paths.
[2025-08-18T13:50:29.415+0000] {subprocess.py:93} INFO - 25/08/18 13:50:29 INFO InMemoryFileIndex: It took 56 ms to list leaf files for 1 paths.
[2025-08-18T13:50:29.622+0000] {subprocess.py:93} INFO - 25/08/18 13:50:29 INFO InMemoryFileIndex: It took 35 ms to list leaf files for 1 paths.
[2025-08-18T13:50:33.872+0000] {subprocess.py:93} INFO - 25/08/18 13:50:33 INFO InMemoryFileIndex: It took 13 ms to list leaf files for 1 paths.
[2025-08-18T13:50:33.925+0000] {subprocess.py:93} INFO - 25/08/18 13:50:33 INFO InMemoryFileIndex: It took 17 ms to list leaf files for 1 paths.
[2025-08-18T13:50:35.734+0000] {subprocess.py:93} INFO - 25/08/18 13:50:35 INFO InMemoryFileIndex: It took 70 ms to list leaf files for 1 paths.
[2025-08-18T13:50:35.979+0000] {subprocess.py:93} INFO - 25/08/18 13:50:35 INFO InMemoryFileIndex: It took 55 ms to list leaf files for 1 paths.
[2025-08-18T13:50:38.760+0000] {subprocess.py:93} INFO - 25/08/18 13:50:38 INFO InMemoryFileIndex: It took 37 ms to list leaf files for 1 paths.
[2025-08-18T13:50:38.932+0000] {subprocess.py:93} INFO - 25/08/18 13:50:38 INFO InMemoryFileIndex: It took 7 ms to list leaf files for 1 paths.
[2025-08-18T13:50:40.206+0000] {subprocess.py:93} INFO - 25/08/18 13:50:40 INFO InMemoryFileIndex: It took 13 ms to list leaf files for 1 paths.
[2025-08-18T13:50:40.353+0000] {subprocess.py:93} INFO - Traceback (most recent call last):
[2025-08-18T13:50:40.353+0000] {subprocess.py:93} INFO -   File "/opt/***/jobs/transformation/transform_to_golden_dataset.py", line 22, in <module>
[2025-08-18T13:50:40.361+0000] {subprocess.py:93} INFO -     videos_df = spark.read.format("avro").load(f"hdfs://namenode:9000/storage/hdfs/raw/avro/{region}videos")
[2025-08-18T13:50:40.364+0000] {subprocess.py:93} INFO -                 ^^^^^^^^^^^^^^^^^^^^^^^^^^^^^^^^^^^^^^^^^^^^^^^^^^^^^^^^^^^^^^^^^^^^^^^^^^^^^^^^^^^^^^^^^^^^
[2025-08-18T13:50:40.365+0000] {subprocess.py:93} INFO -   File "/opt/bitnami/spark/python/lib/pyspark.zip/pyspark/sql/readwriter.py", line 307, in load
[2025-08-18T13:50:40.365+0000] {subprocess.py:93} INFO -   File "/opt/bitnami/spark/python/lib/py4j-0.10.9.7-src.zip/py4j/java_gateway.py", line 1322, in __call__
[2025-08-18T13:50:40.367+0000] {subprocess.py:93} INFO -   File "/opt/bitnami/spark/python/lib/pyspark.zip/pyspark/errors/exceptions/captured.py", line 179, in deco
[2025-08-18T13:50:40.367+0000] {subprocess.py:93} INFO -   File "/opt/bitnami/spark/python/lib/py4j-0.10.9.7-src.zip/py4j/protocol.py", line 326, in get_return_value
[2025-08-18T13:50:40.371+0000] {subprocess.py:93} INFO - py4j.protocol.Py4JJavaError: An error occurred while calling o994.load.
[2025-08-18T13:50:40.371+0000] {subprocess.py:93} INFO - : java.io.FileNotFoundException: No Avro files found. If files don't have .avro extension, set ignoreExtension to true
[2025-08-18T13:50:40.372+0000] {subprocess.py:93} INFO - 	at org.apache.spark.sql.avro.AvroUtils$.inferAvroSchemaFromFiles(AvroUtils.scala:166)
[2025-08-18T13:50:40.372+0000] {subprocess.py:93} INFO - 	at org.apache.spark.sql.avro.AvroUtils$.$anonfun$inferSchema$2(AvroUtils.scala:61)
[2025-08-18T13:50:40.373+0000] {subprocess.py:93} INFO - 	at scala.Option.getOrElse(Option.scala:189)
[2025-08-18T13:50:40.373+0000] {subprocess.py:93} INFO - 	at org.apache.spark.sql.avro.AvroUtils$.inferSchema(AvroUtils.scala:60)
[2025-08-18T13:50:40.373+0000] {subprocess.py:93} INFO - 	at org.apache.spark.sql.avro.AvroFileFormat.inferSchema(AvroFileFormat.scala:58)
[2025-08-18T13:50:40.374+0000] {subprocess.py:93} INFO - 	at org.apache.spark.sql.execution.datasources.DataSource.$anonfun$getOrInferFileFormatSchema$11(DataSource.scala:208)
[2025-08-18T13:50:40.377+0000] {subprocess.py:93} INFO - 	at scala.Option.orElse(Option.scala:447)
[2025-08-18T13:50:40.378+0000] {subprocess.py:93} INFO - 	at org.apache.spark.sql.execution.datasources.DataSource.getOrInferFileFormatSchema(DataSource.scala:205)
[2025-08-18T13:50:40.378+0000] {subprocess.py:93} INFO - 	at org.apache.spark.sql.execution.datasources.DataSource.resolveRelation(DataSource.scala:407)
[2025-08-18T13:50:40.378+0000] {subprocess.py:93} INFO - 	at org.apache.spark.sql.DataFrameReader.loadV1Source(DataFrameReader.scala:229)
[2025-08-18T13:50:40.379+0000] {subprocess.py:93} INFO - 	at org.apache.spark.sql.DataFrameReader.$anonfun$load$2(DataFrameReader.scala:211)
[2025-08-18T13:50:40.379+0000] {subprocess.py:93} INFO - 	at scala.Option.getOrElse(Option.scala:189)
[2025-08-18T13:50:40.379+0000] {subprocess.py:93} INFO - 	at org.apache.spark.sql.DataFrameReader.load(DataFrameReader.scala:211)
[2025-08-18T13:50:40.380+0000] {subprocess.py:93} INFO - 	at org.apache.spark.sql.DataFrameReader.load(DataFrameReader.scala:186)
[2025-08-18T13:50:40.380+0000] {subprocess.py:93} INFO - 	at java.base/jdk.internal.reflect.NativeMethodAccessorImpl.invoke0(Native Method)
[2025-08-18T13:50:40.380+0000] {subprocess.py:93} INFO - 	at java.base/jdk.internal.reflect.NativeMethodAccessorImpl.invoke(NativeMethodAccessorImpl.java:77)
[2025-08-18T13:50:40.380+0000] {subprocess.py:93} INFO - 	at java.base/jdk.internal.reflect.DelegatingMethodAccessorImpl.invoke(DelegatingMethodAccessorImpl.java:43)
[2025-08-18T13:50:40.381+0000] {subprocess.py:93} INFO - 	at java.base/java.lang.reflect.Method.invoke(Method.java:569)
[2025-08-18T13:50:40.381+0000] {subprocess.py:93} INFO - 	at py4j.reflection.MethodInvoker.invoke(MethodInvoker.java:244)
[2025-08-18T13:50:40.381+0000] {subprocess.py:93} INFO - 	at py4j.reflection.ReflectionEngine.invoke(ReflectionEngine.java:374)
[2025-08-18T13:50:40.382+0000] {subprocess.py:93} INFO - 	at py4j.Gateway.invoke(Gateway.java:282)
[2025-08-18T13:50:40.382+0000] {subprocess.py:93} INFO - 	at py4j.commands.AbstractCommand.invokeMethod(AbstractCommand.java:132)
[2025-08-18T13:50:40.382+0000] {subprocess.py:93} INFO - 	at py4j.commands.CallCommand.execute(CallCommand.java:79)
[2025-08-18T13:50:40.383+0000] {subprocess.py:93} INFO - 	at py4j.ClientServerConnection.waitForCommands(ClientServerConnection.java:182)
[2025-08-18T13:50:40.383+0000] {subprocess.py:93} INFO - 	at py4j.ClientServerConnection.run(ClientServerConnection.java:106)
[2025-08-18T13:50:40.383+0000] {subprocess.py:93} INFO - 	at java.base/java.lang.Thread.run(Thread.java:840)
[2025-08-18T13:50:40.384+0000] {subprocess.py:93} INFO - 
[2025-08-18T13:50:40.535+0000] {subprocess.py:93} INFO - 25/08/18 13:50:40 INFO SparkContext: Invoking stop() from shutdown hook
[2025-08-18T13:50:40.538+0000] {subprocess.py:93} INFO - 25/08/18 13:50:40 INFO SparkContext: SparkContext is stopping with exitCode 0.
[2025-08-18T13:50:40.567+0000] {subprocess.py:93} INFO - 25/08/18 13:50:40 INFO SparkUI: Stopped Spark web UI at http://4bf6b336ccb3:4041
[2025-08-18T13:50:40.604+0000] {subprocess.py:93} INFO - 25/08/18 13:50:40 INFO StandaloneSchedulerBackend: Shutting down all executors
[2025-08-18T13:50:40.610+0000] {subprocess.py:93} INFO - 25/08/18 13:50:40 INFO StandaloneSchedulerBackend$StandaloneDriverEndpoint: Asking each executor to shut down
[2025-08-18T13:50:40.677+0000] {subprocess.py:93} INFO - 25/08/18 13:50:40 INFO MapOutputTrackerMasterEndpoint: MapOutputTrackerMasterEndpoint stopped!
[2025-08-18T13:50:40.732+0000] {subprocess.py:93} INFO - 25/08/18 13:50:40 INFO MemoryStore: MemoryStore cleared
[2025-08-18T13:50:40.740+0000] {subprocess.py:93} INFO - 25/08/18 13:50:40 INFO BlockManager: BlockManager stopped
[2025-08-18T13:50:40.757+0000] {subprocess.py:93} INFO - 25/08/18 13:50:40 INFO BlockManagerMaster: BlockManagerMaster stopped
[2025-08-18T13:50:40.760+0000] {subprocess.py:93} INFO - 25/08/18 13:50:40 INFO OutputCommitCoordinator$OutputCommitCoordinatorEndpoint: OutputCommitCoordinator stopped!
[2025-08-18T13:50:40.795+0000] {subprocess.py:93} INFO - 25/08/18 13:50:40 INFO SparkContext: Successfully stopped SparkContext
[2025-08-18T13:50:40.796+0000] {subprocess.py:93} INFO - 25/08/18 13:50:40 INFO ShutdownHookManager: Shutdown hook called
[2025-08-18T13:50:40.799+0000] {subprocess.py:93} INFO - 25/08/18 13:50:40 INFO ShutdownHookManager: Deleting directory /tmp/spark-555b9038-0e0b-4a8f-8363-46ac13575b7b/pyspark-c43b6b43-0050-4820-aaa5-d21d066feb2e
[2025-08-18T13:50:40.805+0000] {subprocess.py:93} INFO - 25/08/18 13:50:40 INFO ShutdownHookManager: Deleting directory /tmp/spark-68b8ea3b-653e-44b8-b45c-5fef3784eb8c
[2025-08-18T13:50:40.811+0000] {subprocess.py:93} INFO - 25/08/18 13:50:40 INFO ShutdownHookManager: Deleting directory /tmp/spark-555b9038-0e0b-4a8f-8363-46ac13575b7b
[2025-08-18T13:50:40.917+0000] {subprocess.py:97} INFO - Command exited with return code 1
[2025-08-18T13:50:40.919+0000] {taskinstance.py:441} INFO - ::group::Post task execution logs
[2025-08-18T13:50:40.943+0000] {taskinstance.py:2890} ERROR - Task failed with exception
Traceback (most recent call last):
  File "/home/airflow/.local/lib/python3.9/site-packages/airflow/models/taskinstance.py", line 465, in _execute_task
    result = _execute_callable(context=context, **execute_callable_kwargs)
  File "/home/airflow/.local/lib/python3.9/site-packages/airflow/models/taskinstance.py", line 432, in _execute_callable
    return execute_callable(context=context, **execute_callable_kwargs)
  File "/home/airflow/.local/lib/python3.9/site-packages/airflow/models/baseoperator.py", line 400, in wrapper
    return func(self, *args, **kwargs)
  File "/home/airflow/.local/lib/python3.9/site-packages/airflow/operators/bash.py", line 243, in execute
    raise AirflowException(
airflow.exceptions.AirflowException: Bash command failed. The command returned a non-zero exit code 1.
[2025-08-18T13:50:40.952+0000] {taskinstance.py:1205} INFO - Marking task as UP_FOR_RETRY. dag_id=youtube_pipeline_batch_data, task_id=transform_golden, execution_date=20250818T134354, start_date=20250818T134947, end_date=20250818T135040
[2025-08-18T13:50:40.989+0000] {standard_task_runner.py:110} ERROR - Failed to execute job 351 for task transform_golden (Bash command failed. The command returned a non-zero exit code 1.; 5487)
[2025-08-18T13:50:41.005+0000] {local_task_job_runner.py:240} INFO - Task exited with return code 1
[2025-08-18T13:50:41.106+0000] {taskinstance.py:3482} INFO - 0 downstream tasks scheduled from follow-on schedule check
[2025-08-18T13:50:41.117+0000] {local_task_job_runner.py:222} INFO - ::endgroup::
