[2025-08-18T09:23:33.421+0000] {local_task_job_runner.py:120} INFO - ::group::Pre task execution logs
[2025-08-18T09:23:33.557+0000] {taskinstance.py:2073} INFO - Dependencies all met for dep_context=non-requeueable deps ti=<TaskInstance: youtube_pipeline_simple.ingest_raw manual__2025-08-18T09:23:32.752050+00:00 [queued]>
[2025-08-18T09:23:33.591+0000] {taskinstance.py:2073} INFO - Dependencies all met for dep_context=requeueable deps ti=<TaskInstance: youtube_pipeline_simple.ingest_raw manual__2025-08-18T09:23:32.752050+00:00 [queued]>
[2025-08-18T09:23:33.592+0000] {taskinstance.py:2303} INFO - Starting attempt 1 of 2
[2025-08-18T09:23:33.641+0000] {taskinstance.py:2327} INFO - Executing <Task(BashOperator): ingest_raw> on 2025-08-18 09:23:32.752050+00:00
[2025-08-18T09:23:33.652+0000] {standard_task_runner.py:63} INFO - Started process 294 to run task
[2025-08-18T09:23:33.668+0000] {standard_task_runner.py:90} INFO - Running: ['***', 'tasks', 'run', 'youtube_pipeline_simple', 'ingest_raw', 'manual__2025-08-18T09:23:32.752050+00:00', '--job-id', '23', '--raw', '--subdir', 'DAGS_FOLDER/youtube_pipeline.py', '--cfg-path', '/tmp/tmp7z8231qk']
[2025-08-18T09:23:33.672+0000] {standard_task_runner.py:91} INFO - Job 23: Subtask ingest_raw
[2025-08-18T09:23:33.764+0000] {task_command.py:426} INFO - Running <TaskInstance: youtube_pipeline_simple.ingest_raw manual__2025-08-18T09:23:32.752050+00:00 [running]> on host 3150b87ae4c2
[2025-08-18T09:23:33.938+0000] {taskinstance.py:2644} INFO - Exporting env vars: AIRFLOW_CTX_DAG_OWNER='***' AIRFLOW_CTX_DAG_ID='youtube_pipeline_simple' AIRFLOW_CTX_TASK_ID='ingest_raw' AIRFLOW_CTX_EXECUTION_DATE='2025-08-18T09:23:32.752050+00:00' AIRFLOW_CTX_TRY_NUMBER='1' AIRFLOW_CTX_DAG_RUN_ID='manual__2025-08-18T09:23:32.752050+00:00'
[2025-08-18T09:23:33.939+0000] {taskinstance.py:430} INFO - ::endgroup::
[2025-08-18T09:23:33.991+0000] {subprocess.py:63} INFO - Tmp dir root location: /tmp
[2025-08-18T09:23:33.992+0000] {subprocess.py:75} INFO - Running command: ['/usr/bin/bash', '-c', 'docker exec spark-master spark-submit --master spark://spark-master:7077 --deploy-mode client --packages org.apache.spark:spark-avro_2.12:3.5.1 /opt/***/jobs/ingestion/ingest_raw_to_hdfs.py']
[2025-08-18T09:23:34.020+0000] {subprocess.py:86} INFO - Output:
[2025-08-18T09:23:34.059+0000] {subprocess.py:93} INFO - permission denied while trying to connect to the Docker daemon socket at unix:///var/run/docker.sock: Get "http://%2Fvar%2Frun%2Fdocker.sock/v1.45/containers/spark-master/json": dial unix /var/run/docker.sock: connect: permission denied
[2025-08-18T09:23:34.060+0000] {subprocess.py:97} INFO - Command exited with return code 1
[2025-08-18T09:23:34.061+0000] {taskinstance.py:441} INFO - ::group::Post task execution logs
[2025-08-18T09:23:34.078+0000] {taskinstance.py:2890} ERROR - Task failed with exception
Traceback (most recent call last):
  File "/home/airflow/.local/lib/python3.9/site-packages/airflow/models/taskinstance.py", line 465, in _execute_task
    result = _execute_callable(context=context, **execute_callable_kwargs)
  File "/home/airflow/.local/lib/python3.9/site-packages/airflow/models/taskinstance.py", line 432, in _execute_callable
    return execute_callable(context=context, **execute_callable_kwargs)
  File "/home/airflow/.local/lib/python3.9/site-packages/airflow/models/baseoperator.py", line 400, in wrapper
    return func(self, *args, **kwargs)
  File "/home/airflow/.local/lib/python3.9/site-packages/airflow/operators/bash.py", line 243, in execute
    raise AirflowException(
airflow.exceptions.AirflowException: Bash command failed. The command returned a non-zero exit code 1.
[2025-08-18T09:23:34.087+0000] {taskinstance.py:1205} INFO - Marking task as UP_FOR_RETRY. dag_id=youtube_pipeline_simple, task_id=ingest_raw, execution_date=20250818T092332, start_date=20250818T092333, end_date=20250818T092334
[2025-08-18T09:23:34.110+0000] {standard_task_runner.py:110} ERROR - Failed to execute job 23 for task ingest_raw (Bash command failed. The command returned a non-zero exit code 1.; 294)
[2025-08-18T09:23:34.125+0000] {local_task_job_runner.py:240} INFO - Task exited with return code 1
[2025-08-18T09:23:34.211+0000] {taskinstance.py:3482} INFO - 0 downstream tasks scheduled from follow-on schedule check
[2025-08-18T09:23:34.213+0000] {local_task_job_runner.py:222} INFO - ::endgroup::
