[2025-08-18T17:31:48.679+0000] {local_task_job_runner.py:120} INFO - ::group::Pre task execution logs
[2025-08-18T17:31:48.736+0000] {taskinstance.py:2073} INFO - Dependencies all met for dep_context=non-requeueable deps ti=<TaskInstance: youtube_pipeline_batch_data.check_raw_files manual__2025-08-18T17:31:47.269331+00:00 [queued]>
[2025-08-18T17:31:48.751+0000] {taskinstance.py:2073} INFO - Dependencies all met for dep_context=requeueable deps ti=<TaskInstance: youtube_pipeline_batch_data.check_raw_files manual__2025-08-18T17:31:47.269331+00:00 [queued]>
[2025-08-18T17:31:48.751+0000] {taskinstance.py:2303} INFO - Starting attempt 1 of 4
[2025-08-18T17:31:48.783+0000] {taskinstance.py:2327} INFO - Executing <Task(BashOperator): check_raw_files> on 2025-08-18 17:31:47.269331+00:00
[2025-08-18T17:31:48.794+0000] {standard_task_runner.py:63} INFO - Started process 9696 to run task
[2025-08-18T17:31:48.800+0000] {standard_task_runner.py:90} INFO - Running: ['***', 'tasks', 'run', 'youtube_pipeline_batch_data', 'check_raw_files', 'manual__2025-08-18T17:31:47.269331+00:00', '--job-id', '430', '--raw', '--subdir', 'DAGS_FOLDER/youtube_pipeline.py', '--cfg-path', '/tmp/tmpy1_wz9_h']
[2025-08-18T17:31:48.803+0000] {standard_task_runner.py:91} INFO - Job 430: Subtask check_raw_files
[2025-08-18T17:31:48.893+0000] {task_command.py:426} INFO - Running <TaskInstance: youtube_pipeline_batch_data.check_raw_files manual__2025-08-18T17:31:47.269331+00:00 [running]> on host 47205959681c
[2025-08-18T17:31:49.069+0000] {taskinstance.py:2644} INFO - Exporting env vars: AIRFLOW_CTX_DAG_OWNER='***' AIRFLOW_CTX_DAG_ID='youtube_pipeline_batch_data' AIRFLOW_CTX_TASK_ID='check_raw_files' AIRFLOW_CTX_EXECUTION_DATE='2025-08-18T17:31:47.269331+00:00' AIRFLOW_CTX_TRY_NUMBER='1' AIRFLOW_CTX_DAG_RUN_ID='manual__2025-08-18T17:31:47.269331+00:00'
[2025-08-18T17:31:49.070+0000] {taskinstance.py:430} INFO - ::endgroup::
[2025-08-18T17:31:49.092+0000] {subprocess.py:63} INFO - Tmp dir root location: /tmp
[2025-08-18T17:31:49.093+0000] {subprocess.py:75} INFO - Running command: ['/usr/bin/bash', '-c', '\n        if docker exec namenode hdfs dfs -test -e /storage/hdfs/raw/; then\n            echo "Found raw files"\n        else\n            echo "No raw files found, exiting" && exit 1\n        fi\n        ']
[2025-08-18T17:31:49.105+0000] {subprocess.py:86} INFO - Output:
[2025-08-18T17:31:51.936+0000] {subprocess.py:93} INFO - Found raw files
[2025-08-18T17:31:51.937+0000] {subprocess.py:97} INFO - Command exited with return code 0
[2025-08-18T17:31:51.938+0000] {taskinstance.py:441} INFO - ::group::Post task execution logs
[2025-08-18T17:31:51.978+0000] {taskinstance.py:1205} INFO - Marking task as SUCCESS. dag_id=youtube_pipeline_batch_data, task_id=check_raw_files, execution_date=20250818T173147, start_date=20250818T173148, end_date=20250818T173151
[2025-08-18T17:31:52.010+0000] {local_task_job_runner.py:240} INFO - Task exited with return code 0
[2025-08-18T17:31:52.062+0000] {taskinstance.py:3482} INFO - 1 downstream tasks scheduled from follow-on schedule check
[2025-08-18T17:31:52.071+0000] {local_task_job_runner.py:222} INFO - ::endgroup::
