[2025-08-19T17:25:44.671+0000] {local_task_job_runner.py:120} INFO - ::group::Pre task execution logs
[2025-08-19T17:25:44.901+0000] {taskinstance.py:2073} INFO - Dependencies all met for dep_context=non-requeueable deps ti=<TaskInstance: youtube_pipeline_batch_data.run_q_03_gold_combinations manual__2025-08-19T17:11:54.436401+00:00 [queued]>
[2025-08-19T17:25:44.991+0000] {taskinstance.py:2073} INFO - Dependencies all met for dep_context=requeueable deps ti=<TaskInstance: youtube_pipeline_batch_data.run_q_03_gold_combinations manual__2025-08-19T17:11:54.436401+00:00 [queued]>
[2025-08-19T17:25:44.992+0000] {taskinstance.py:2303} INFO - Starting attempt 1 of 4
[2025-08-19T17:25:45.115+0000] {taskinstance.py:2327} INFO - Executing <Task(BashOperator): run_q_03_gold_combinations> on 2025-08-19 17:11:54.436401+00:00
[2025-08-19T17:25:45.195+0000] {standard_task_runner.py:63} INFO - Started process 2899 to run task
[2025-08-19T17:25:45.287+0000] {standard_task_runner.py:90} INFO - Running: ['***', 'tasks', 'run', 'youtube_pipeline_batch_data', 'run_q_03_gold_combinations', 'manual__2025-08-19T17:11:54.436401+00:00', '--job-id', '657', '--raw', '--subdir', 'DAGS_FOLDER/youtube_pipeline.py', '--cfg-path', '/tmp/tmpy1qk7rp9']
[2025-08-19T17:25:45.293+0000] {standard_task_runner.py:91} INFO - Job 657: Subtask run_q_03_gold_combinations
[2025-08-19T17:25:45.594+0000] {task_command.py:426} INFO - Running <TaskInstance: youtube_pipeline_batch_data.run_q_03_gold_combinations manual__2025-08-19T17:11:54.436401+00:00 [running]> on host 7d98d1163bcd
[2025-08-19T17:25:46.202+0000] {taskinstance.py:2644} INFO - Exporting env vars: AIRFLOW_CTX_DAG_OWNER='***' AIRFLOW_CTX_DAG_ID='youtube_pipeline_batch_data' AIRFLOW_CTX_TASK_ID='run_q_03_gold_combinations' AIRFLOW_CTX_EXECUTION_DATE='2025-08-19T17:11:54.436401+00:00' AIRFLOW_CTX_TRY_NUMBER='1' AIRFLOW_CTX_DAG_RUN_ID='manual__2025-08-19T17:11:54.436401+00:00'
[2025-08-19T17:25:46.211+0000] {taskinstance.py:430} INFO - ::endgroup::
[2025-08-19T17:25:46.322+0000] {subprocess.py:63} INFO - Tmp dir root location: /tmp
[2025-08-19T17:25:46.323+0000] {subprocess.py:75} INFO - Running command: ['/usr/bin/bash', '-c', 'PGPASSWORD=citus psql -h citus_coordinator -U citus -d youtube_dw -f /opt/***/sql/q_03_gold_combinations.sql']
[2025-08-19T17:25:46.393+0000] {subprocess.py:86} INFO - Output:
[2025-08-19T17:25:47.003+0000] {subprocess.py:93} INFO - CREATE VIEW
[2025-08-19T17:25:47.011+0000] {subprocess.py:97} INFO - Command exited with return code 0
[2025-08-19T17:25:47.013+0000] {taskinstance.py:441} INFO - ::group::Post task execution logs
[2025-08-19T17:25:47.228+0000] {taskinstance.py:1205} INFO - Marking task as SUCCESS. dag_id=youtube_pipeline_batch_data, task_id=run_q_03_gold_combinations, execution_date=20250819T171154, start_date=20250819T172544, end_date=20250819T172547
[2025-08-19T17:25:47.327+0000] {local_task_job_runner.py:240} INFO - Task exited with return code 0
[2025-08-19T17:25:47.620+0000] {taskinstance.py:3482} INFO - 0 downstream tasks scheduled from follow-on schedule check
[2025-08-19T17:25:47.625+0000] {local_task_job_runner.py:222} INFO - ::endgroup::
