[2025-08-17T19:23:31.409+0000] {local_task_job_runner.py:120} INFO - ::group::Pre task execution logs
[2025-08-17T19:23:31.791+0000] {taskinstance.py:2073} INFO - Dependencies all met for dep_context=non-requeueable deps ti=<TaskInstance: youtube_elt_dw_analytics.wait_raw_12 scheduled__2025-08-16T00:00:00+00:00 [queued]>
[2025-08-17T19:23:31.906+0000] {taskinstance.py:2073} INFO - Dependencies all met for dep_context=requeueable deps ti=<TaskInstance: youtube_elt_dw_analytics.wait_raw_12 scheduled__2025-08-16T00:00:00+00:00 [queued]>
[2025-08-17T19:23:31.906+0000] {taskinstance.py:2303} INFO - Starting attempt 1 of 3
[2025-08-17T19:23:32.200+0000] {taskinstance.py:2327} INFO - Executing <Task(BashOperator): wait_raw_12> on 2025-08-16 00:00:00+00:00
[2025-08-17T19:23:32.266+0000] {standard_task_runner.py:63} INFO - Started process 252 to run task
[2025-08-17T19:23:32.313+0000] {standard_task_runner.py:90} INFO - Running: ['***', 'tasks', 'run', 'youtube_elt_dw_analytics', 'wait_raw_12', 'scheduled__2025-08-16T00:00:00+00:00', '--job-id', '3', '--raw', '--subdir', 'DAGS_FOLDER/youtube_pipeline.py', '--cfg-path', '/tmp/tmpgqkzpr15']
[2025-08-17T19:23:32.333+0000] {standard_task_runner.py:91} INFO - Job 3: Subtask wait_raw_12
[2025-08-17T19:23:32.727+0000] {task_command.py:426} INFO - Running <TaskInstance: youtube_elt_dw_analytics.wait_raw_12 scheduled__2025-08-16T00:00:00+00:00 [running]> on host 545418c0948b
[2025-08-17T19:23:33.789+0000] {taskinstance.py:2644} INFO - Exporting env vars: AIRFLOW_CTX_DAG_OWNER='data-team' AIRFLOW_CTX_DAG_ID='youtube_elt_dw_analytics' AIRFLOW_CTX_TASK_ID='wait_raw_12' AIRFLOW_CTX_EXECUTION_DATE='2025-08-16T00:00:00+00:00' AIRFLOW_CTX_TRY_NUMBER='1' AIRFLOW_CTX_DAG_RUN_ID='scheduled__2025-08-16T00:00:00+00:00'
[2025-08-17T19:23:33.796+0000] {taskinstance.py:430} INFO - ::endgroup::
[2025-08-17T19:23:34.023+0000] {subprocess.py:63} INFO - Tmp dir root location: /tmp
[2025-08-17T19:23:34.024+0000] {subprocess.py:75} INFO - Running command: ['/usr/bin/bash', '-c', "\n            for i in {1..60}; do\n              hdfs dfs -test -e hdfs://namenode:9000/data/raw/CA_category_id.json && echo 'FOUND: hdfs://namenode:9000/data/raw/CA_category_id.json' && exit 0;\n              echo 'Waiting for hdfs://namenode:9000/data/raw/CA_category_id.json...';\n              sleep 10;\n            done;\n            echo 'TIMEOUT waiting hdfs://namenode:9000/data/raw/CA_category_id.json'; exit 1\n            "]
[2025-08-17T19:23:34.069+0000] {subprocess.py:86} INFO - Output:
[2025-08-17T19:23:34.083+0000] {subprocess.py:93} INFO - /usr/bin/bash: line 3: hdfs: command not found
[2025-08-17T19:23:34.085+0000] {subprocess.py:93} INFO - Waiting for hdfs://namenode:9000/data/raw/CA_category_id.json...
[2025-08-17T19:23:44.104+0000] {subprocess.py:93} INFO - /usr/bin/bash: line 3: hdfs: command not found
[2025-08-17T19:23:44.105+0000] {subprocess.py:93} INFO - Waiting for hdfs://namenode:9000/data/raw/CA_category_id.json...
[2025-08-17T19:23:54.110+0000] {subprocess.py:93} INFO - /usr/bin/bash: line 3: hdfs: command not found
[2025-08-17T19:23:54.111+0000] {subprocess.py:93} INFO - Waiting for hdfs://namenode:9000/data/raw/CA_category_id.json...
[2025-08-17T19:24:04.115+0000] {subprocess.py:93} INFO - /usr/bin/bash: line 3: hdfs: command not found
[2025-08-17T19:24:04.115+0000] {subprocess.py:93} INFO - Waiting for hdfs://namenode:9000/data/raw/CA_category_id.json...
[2025-08-17T19:24:14.131+0000] {subprocess.py:93} INFO - /usr/bin/bash: line 3: hdfs: command not found
[2025-08-17T19:24:14.133+0000] {subprocess.py:93} INFO - Waiting for hdfs://namenode:9000/data/raw/CA_category_id.json...
[2025-08-17T19:24:24.162+0000] {subprocess.py:93} INFO - /usr/bin/bash: line 3: hdfs: command not found
[2025-08-17T19:24:24.163+0000] {subprocess.py:93} INFO - Waiting for hdfs://namenode:9000/data/raw/CA_category_id.json...
[2025-08-17T19:24:34.174+0000] {subprocess.py:93} INFO - /usr/bin/bash: line 3: hdfs: command not found
[2025-08-17T19:24:34.176+0000] {subprocess.py:93} INFO - Waiting for hdfs://namenode:9000/data/raw/CA_category_id.json...
[2025-08-17T19:24:44.188+0000] {subprocess.py:93} INFO - /usr/bin/bash: line 3: hdfs: command not found
[2025-08-17T19:24:44.190+0000] {subprocess.py:93} INFO - Waiting for hdfs://namenode:9000/data/raw/CA_category_id.json...
[2025-08-17T19:24:54.198+0000] {subprocess.py:93} INFO - /usr/bin/bash: line 3: hdfs: command not found
[2025-08-17T19:24:54.199+0000] {subprocess.py:93} INFO - Waiting for hdfs://namenode:9000/data/raw/CA_category_id.json...
[2025-08-17T19:25:04.212+0000] {subprocess.py:93} INFO - /usr/bin/bash: line 3: hdfs: command not found
[2025-08-17T19:25:04.213+0000] {subprocess.py:93} INFO - Waiting for hdfs://namenode:9000/data/raw/CA_category_id.json...
[2025-08-17T19:25:14.246+0000] {subprocess.py:93} INFO - /usr/bin/bash: line 3: hdfs: command not found
[2025-08-17T19:25:14.282+0000] {subprocess.py:93} INFO - Waiting for hdfs://namenode:9000/data/raw/CA_category_id.json...
[2025-08-17T19:25:24.316+0000] {subprocess.py:93} INFO - /usr/bin/bash: line 3: hdfs: command not found
[2025-08-17T19:25:24.316+0000] {subprocess.py:93} INFO - Waiting for hdfs://namenode:9000/data/raw/CA_category_id.json...
[2025-08-17T19:25:34.327+0000] {subprocess.py:93} INFO - /usr/bin/bash: line 3: hdfs: command not found
[2025-08-17T19:25:34.329+0000] {subprocess.py:93} INFO - Waiting for hdfs://namenode:9000/data/raw/CA_category_id.json...
[2025-08-17T19:25:44.339+0000] {subprocess.py:93} INFO - /usr/bin/bash: line 3: hdfs: command not found
[2025-08-17T19:25:44.341+0000] {subprocess.py:93} INFO - Waiting for hdfs://namenode:9000/data/raw/CA_category_id.json...
[2025-08-17T19:25:54.353+0000] {subprocess.py:93} INFO - /usr/bin/bash: line 3: hdfs: command not found
[2025-08-17T19:25:54.354+0000] {subprocess.py:93} INFO - Waiting for hdfs://namenode:9000/data/raw/CA_category_id.json...
[2025-08-17T19:26:04.362+0000] {subprocess.py:93} INFO - /usr/bin/bash: line 3: hdfs: command not found
[2025-08-17T19:26:04.364+0000] {subprocess.py:93} INFO - Waiting for hdfs://namenode:9000/data/raw/CA_category_id.json...
[2025-08-17T19:26:14.375+0000] {subprocess.py:93} INFO - /usr/bin/bash: line 3: hdfs: command not found
[2025-08-17T19:26:14.376+0000] {subprocess.py:93} INFO - Waiting for hdfs://namenode:9000/data/raw/CA_category_id.json...
[2025-08-17T19:26:24.387+0000] {subprocess.py:93} INFO - /usr/bin/bash: line 3: hdfs: command not found
[2025-08-17T19:26:24.388+0000] {subprocess.py:93} INFO - Waiting for hdfs://namenode:9000/data/raw/CA_category_id.json...
[2025-08-17T19:26:34.398+0000] {subprocess.py:93} INFO - /usr/bin/bash: line 3: hdfs: command not found
[2025-08-17T19:26:34.399+0000] {subprocess.py:93} INFO - Waiting for hdfs://namenode:9000/data/raw/CA_category_id.json...
[2025-08-17T19:26:44.411+0000] {subprocess.py:93} INFO - /usr/bin/bash: line 3: hdfs: command not found
[2025-08-17T19:26:44.413+0000] {subprocess.py:93} INFO - Waiting for hdfs://namenode:9000/data/raw/CA_category_id.json...
[2025-08-17T19:26:54.420+0000] {subprocess.py:93} INFO - /usr/bin/bash: line 3: hdfs: command not found
[2025-08-17T19:26:54.422+0000] {subprocess.py:93} INFO - Waiting for hdfs://namenode:9000/data/raw/CA_category_id.json...
[2025-08-17T19:27:04.435+0000] {subprocess.py:93} INFO - /usr/bin/bash: line 3: hdfs: command not found
[2025-08-17T19:27:04.435+0000] {subprocess.py:93} INFO - Waiting for hdfs://namenode:9000/data/raw/CA_category_id.json...
[2025-08-17T19:27:14.445+0000] {subprocess.py:93} INFO - /usr/bin/bash: line 3: hdfs: command not found
[2025-08-17T19:27:14.446+0000] {subprocess.py:93} INFO - Waiting for hdfs://namenode:9000/data/raw/CA_category_id.json...
[2025-08-17T19:27:24.451+0000] {subprocess.py:93} INFO - /usr/bin/bash: line 3: hdfs: command not found
[2025-08-17T19:27:24.452+0000] {subprocess.py:93} INFO - Waiting for hdfs://namenode:9000/data/raw/CA_category_id.json...
[2025-08-17T19:27:34.459+0000] {subprocess.py:93} INFO - /usr/bin/bash: line 3: hdfs: command not found
[2025-08-17T19:27:34.459+0000] {subprocess.py:93} INFO - Waiting for hdfs://namenode:9000/data/raw/CA_category_id.json...
[2025-08-17T19:27:44.466+0000] {subprocess.py:93} INFO - /usr/bin/bash: line 3: hdfs: command not found
[2025-08-17T19:27:44.467+0000] {subprocess.py:93} INFO - Waiting for hdfs://namenode:9000/data/raw/CA_category_id.json...
[2025-08-17T19:27:54.484+0000] {subprocess.py:93} INFO - /usr/bin/bash: line 3: hdfs: command not found
[2025-08-17T19:27:54.485+0000] {subprocess.py:93} INFO - Waiting for hdfs://namenode:9000/data/raw/CA_category_id.json...
[2025-08-17T19:28:04.497+0000] {subprocess.py:93} INFO - /usr/bin/bash: line 3: hdfs: command not found
[2025-08-17T19:28:04.498+0000] {subprocess.py:93} INFO - Waiting for hdfs://namenode:9000/data/raw/CA_category_id.json...
[2025-08-17T19:28:14.505+0000] {subprocess.py:93} INFO - /usr/bin/bash: line 3: hdfs: command not found
[2025-08-17T19:28:14.506+0000] {subprocess.py:93} INFO - Waiting for hdfs://namenode:9000/data/raw/CA_category_id.json...
[2025-08-17T19:28:24.510+0000] {subprocess.py:93} INFO - /usr/bin/bash: line 3: hdfs: command not found
[2025-08-17T19:28:24.510+0000] {subprocess.py:93} INFO - Waiting for hdfs://namenode:9000/data/raw/CA_category_id.json...
[2025-08-17T19:28:34.515+0000] {subprocess.py:93} INFO - /usr/bin/bash: line 3: hdfs: command not found
[2025-08-17T19:28:34.517+0000] {subprocess.py:93} INFO - Waiting for hdfs://namenode:9000/data/raw/CA_category_id.json...
[2025-08-17T19:28:44.527+0000] {subprocess.py:93} INFO - /usr/bin/bash: line 3: hdfs: command not found
[2025-08-17T19:28:44.529+0000] {subprocess.py:93} INFO - Waiting for hdfs://namenode:9000/data/raw/CA_category_id.json...
[2025-08-17T19:28:54.540+0000] {subprocess.py:93} INFO - /usr/bin/bash: line 3: hdfs: command not found
[2025-08-17T19:28:54.543+0000] {subprocess.py:93} INFO - Waiting for hdfs://namenode:9000/data/raw/CA_category_id.json...
[2025-08-17T19:29:04.552+0000] {subprocess.py:93} INFO - /usr/bin/bash: line 3: hdfs: command not found
[2025-08-17T19:29:04.552+0000] {subprocess.py:93} INFO - Waiting for hdfs://namenode:9000/data/raw/CA_category_id.json...
[2025-08-17T19:29:14.561+0000] {subprocess.py:93} INFO - /usr/bin/bash: line 3: hdfs: command not found
[2025-08-17T19:29:14.562+0000] {subprocess.py:93} INFO - Waiting for hdfs://namenode:9000/data/raw/CA_category_id.json...
[2025-08-17T19:29:24.582+0000] {subprocess.py:93} INFO - /usr/bin/bash: line 3: hdfs: command not found
[2025-08-17T19:29:24.593+0000] {subprocess.py:93} INFO - Waiting for hdfs://namenode:9000/data/raw/CA_category_id.json...
[2025-08-17T19:29:34.609+0000] {subprocess.py:93} INFO - /usr/bin/bash: line 3: hdfs: command not found
[2025-08-17T19:29:34.613+0000] {subprocess.py:93} INFO - Waiting for hdfs://namenode:9000/data/raw/CA_category_id.json...
[2025-08-17T19:29:44.633+0000] {subprocess.py:93} INFO - /usr/bin/bash: line 3: hdfs: command not found
[2025-08-17T19:29:44.645+0000] {subprocess.py:93} INFO - Waiting for hdfs://namenode:9000/data/raw/CA_category_id.json...
[2025-08-17T19:29:54.657+0000] {subprocess.py:93} INFO - /usr/bin/bash: line 3: hdfs: command not found
[2025-08-17T19:29:54.657+0000] {subprocess.py:93} INFO - Waiting for hdfs://namenode:9000/data/raw/CA_category_id.json...
[2025-08-17T19:30:04.662+0000] {subprocess.py:93} INFO - /usr/bin/bash: line 3: hdfs: command not found
[2025-08-17T19:30:04.663+0000] {subprocess.py:93} INFO - Waiting for hdfs://namenode:9000/data/raw/CA_category_id.json...
[2025-08-17T19:30:14.669+0000] {subprocess.py:93} INFO - /usr/bin/bash: line 3: hdfs: command not found
[2025-08-17T19:30:14.670+0000] {subprocess.py:93} INFO - Waiting for hdfs://namenode:9000/data/raw/CA_category_id.json...
[2025-08-17T19:30:24.675+0000] {subprocess.py:93} INFO - /usr/bin/bash: line 3: hdfs: command not found
[2025-08-17T19:30:24.675+0000] {subprocess.py:93} INFO - Waiting for hdfs://namenode:9000/data/raw/CA_category_id.json...
[2025-08-17T19:30:34.679+0000] {subprocess.py:93} INFO - /usr/bin/bash: line 3: hdfs: command not found
[2025-08-17T19:30:34.680+0000] {subprocess.py:93} INFO - Waiting for hdfs://namenode:9000/data/raw/CA_category_id.json...
[2025-08-17T19:30:44.686+0000] {subprocess.py:93} INFO - /usr/bin/bash: line 3: hdfs: command not found
[2025-08-17T19:30:44.687+0000] {subprocess.py:93} INFO - Waiting for hdfs://namenode:9000/data/raw/CA_category_id.json...
[2025-08-17T19:30:54.695+0000] {subprocess.py:93} INFO - /usr/bin/bash: line 3: hdfs: command not found
[2025-08-17T19:30:54.696+0000] {subprocess.py:93} INFO - Waiting for hdfs://namenode:9000/data/raw/CA_category_id.json...
[2025-08-17T19:31:04.699+0000] {subprocess.py:93} INFO - /usr/bin/bash: line 3: hdfs: command not found
[2025-08-17T19:31:04.699+0000] {subprocess.py:93} INFO - Waiting for hdfs://namenode:9000/data/raw/CA_category_id.json...
[2025-08-17T19:31:14.703+0000] {subprocess.py:93} INFO - /usr/bin/bash: line 3: hdfs: command not found
[2025-08-17T19:31:14.703+0000] {subprocess.py:93} INFO - Waiting for hdfs://namenode:9000/data/raw/CA_category_id.json...
[2025-08-17T19:31:24.710+0000] {subprocess.py:93} INFO - /usr/bin/bash: line 3: hdfs: command not found
[2025-08-17T19:31:24.710+0000] {subprocess.py:93} INFO - Waiting for hdfs://namenode:9000/data/raw/CA_category_id.json...
[2025-08-17T19:31:34.714+0000] {subprocess.py:93} INFO - /usr/bin/bash: line 3: hdfs: command not found
[2025-08-17T19:31:34.714+0000] {subprocess.py:93} INFO - Waiting for hdfs://namenode:9000/data/raw/CA_category_id.json...
[2025-08-17T19:31:44.723+0000] {subprocess.py:93} INFO - /usr/bin/bash: line 3: hdfs: command not found
[2025-08-17T19:31:44.725+0000] {subprocess.py:93} INFO - Waiting for hdfs://namenode:9000/data/raw/CA_category_id.json...
[2025-08-17T19:31:54.731+0000] {subprocess.py:93} INFO - /usr/bin/bash: line 3: hdfs: command not found
[2025-08-17T19:31:54.731+0000] {subprocess.py:93} INFO - Waiting for hdfs://namenode:9000/data/raw/CA_category_id.json...
[2025-08-17T19:32:04.739+0000] {subprocess.py:93} INFO - /usr/bin/bash: line 3: hdfs: command not found
[2025-08-17T19:32:04.742+0000] {subprocess.py:93} INFO - Waiting for hdfs://namenode:9000/data/raw/CA_category_id.json...
[2025-08-17T19:32:14.756+0000] {subprocess.py:93} INFO - /usr/bin/bash: line 3: hdfs: command not found
[2025-08-17T19:32:14.757+0000] {subprocess.py:93} INFO - Waiting for hdfs://namenode:9000/data/raw/CA_category_id.json...
[2025-08-17T19:32:24.766+0000] {subprocess.py:93} INFO - /usr/bin/bash: line 3: hdfs: command not found
[2025-08-17T19:32:24.766+0000] {subprocess.py:93} INFO - Waiting for hdfs://namenode:9000/data/raw/CA_category_id.json...
[2025-08-17T19:32:34.770+0000] {subprocess.py:93} INFO - /usr/bin/bash: line 3: hdfs: command not found
[2025-08-17T19:32:34.770+0000] {subprocess.py:93} INFO - Waiting for hdfs://namenode:9000/data/raw/CA_category_id.json...
[2025-08-17T19:32:44.774+0000] {subprocess.py:93} INFO - /usr/bin/bash: line 3: hdfs: command not found
[2025-08-17T19:32:44.774+0000] {subprocess.py:93} INFO - Waiting for hdfs://namenode:9000/data/raw/CA_category_id.json...
[2025-08-17T19:32:54.778+0000] {subprocess.py:93} INFO - /usr/bin/bash: line 3: hdfs: command not found
[2025-08-17T19:32:54.779+0000] {subprocess.py:93} INFO - Waiting for hdfs://namenode:9000/data/raw/CA_category_id.json...
[2025-08-17T19:33:04.782+0000] {subprocess.py:93} INFO - /usr/bin/bash: line 3: hdfs: command not found
[2025-08-17T19:33:04.783+0000] {subprocess.py:93} INFO - Waiting for hdfs://namenode:9000/data/raw/CA_category_id.json...
[2025-08-17T19:33:14.787+0000] {subprocess.py:93} INFO - /usr/bin/bash: line 3: hdfs: command not found
[2025-08-17T19:33:14.787+0000] {subprocess.py:93} INFO - Waiting for hdfs://namenode:9000/data/raw/CA_category_id.json...
[2025-08-17T19:33:24.790+0000] {subprocess.py:93} INFO - /usr/bin/bash: line 3: hdfs: command not found
[2025-08-17T19:33:24.791+0000] {subprocess.py:93} INFO - Waiting for hdfs://namenode:9000/data/raw/CA_category_id.json...
[2025-08-17T19:33:34.797+0000] {subprocess.py:93} INFO - TIMEOUT waiting hdfs://namenode:9000/data/raw/CA_category_id.json
[2025-08-17T19:33:34.799+0000] {subprocess.py:97} INFO - Command exited with return code 1
[2025-08-17T19:33:34.801+0000] {taskinstance.py:441} INFO - ::group::Post task execution logs
[2025-08-17T19:33:34.835+0000] {taskinstance.py:2890} ERROR - Task failed with exception
Traceback (most recent call last):
  File "/home/airflow/.local/lib/python3.9/site-packages/airflow/models/taskinstance.py", line 465, in _execute_task
    result = _execute_callable(context=context, **execute_callable_kwargs)
  File "/home/airflow/.local/lib/python3.9/site-packages/airflow/models/taskinstance.py", line 432, in _execute_callable
    return execute_callable(context=context, **execute_callable_kwargs)
  File "/home/airflow/.local/lib/python3.9/site-packages/airflow/models/baseoperator.py", line 400, in wrapper
    return func(self, *args, **kwargs)
  File "/home/airflow/.local/lib/python3.9/site-packages/airflow/operators/bash.py", line 243, in execute
    raise AirflowException(
airflow.exceptions.AirflowException: Bash command failed. The command returned a non-zero exit code 1.
[2025-08-17T19:33:34.850+0000] {taskinstance.py:1205} INFO - Marking task as UP_FOR_RETRY. dag_id=youtube_elt_dw_analytics, task_id=wait_raw_12, execution_date=20250816T000000, start_date=20250817T192331, end_date=20250817T193334
[2025-08-17T19:33:34.878+0000] {standard_task_runner.py:110} ERROR - Failed to execute job 3 for task wait_raw_12 (Bash command failed. The command returned a non-zero exit code 1.; 252)
[2025-08-17T19:33:34.935+0000] {local_task_job_runner.py:240} INFO - Task exited with return code 1
[2025-08-17T19:33:36.163+0000] {logging_mixin.py:188} WARNING - /home/***/.local/lib/python3.9/site-packages/***/models/baseoperator.py:1296 AirflowProviderDeprecationWarning: Call to deprecated class PostgresOperator. (Please use `***.providers.common.sql.operators.sql.SQLExecuteQueryOperator`.Also, you can provide `hook_params={'schema': <database>}`.)
[2025-08-17T19:33:36.243+0000] {taskinstance.py:3482} INFO - 0 downstream tasks scheduled from follow-on schedule check
[2025-08-17T19:33:36.252+0000] {local_task_job_runner.py:222} INFO - ::endgroup::
