[2025-08-18T17:47:18.476+0000] {local_task_job_runner.py:120} INFO - ::group::Pre task execution logs
[2025-08-18T17:47:18.661+0000] {taskinstance.py:2073} INFO - Dependencies all met for dep_context=non-requeueable deps ti=<TaskInstance: youtube_pipeline_batch_data.golden_to_star manual__2025-08-18T17:40:47.983463+00:00 [queued]>
[2025-08-18T17:47:18.702+0000] {taskinstance.py:2073} INFO - Dependencies all met for dep_context=requeueable deps ti=<TaskInstance: youtube_pipeline_batch_data.golden_to_star manual__2025-08-18T17:40:47.983463+00:00 [queued]>
[2025-08-18T17:47:18.703+0000] {taskinstance.py:2303} INFO - Starting attempt 1 of 4
[2025-08-18T17:47:18.759+0000] {taskinstance.py:2327} INFO - Executing <Task(BashOperator): golden_to_star> on 2025-08-18 17:40:47.983463+00:00
[2025-08-18T17:47:18.768+0000] {standard_task_runner.py:63} INFO - Started process 10073 to run task
[2025-08-18T17:47:18.791+0000] {standard_task_runner.py:90} INFO - Running: ['***', 'tasks', 'run', 'youtube_pipeline_batch_data', 'golden_to_star', 'manual__2025-08-18T17:40:47.983463+00:00', '--job-id', '449', '--raw', '--subdir', 'DAGS_FOLDER/youtube_pipeline.py', '--cfg-path', '/tmp/tmppi_lgpeu']
[2025-08-18T17:47:18.820+0000] {standard_task_runner.py:91} INFO - Job 449: Subtask golden_to_star
[2025-08-18T17:47:19.142+0000] {task_command.py:426} INFO - Running <TaskInstance: youtube_pipeline_batch_data.golden_to_star manual__2025-08-18T17:40:47.983463+00:00 [running]> on host 47205959681c
[2025-08-18T17:47:20.143+0000] {taskinstance.py:2644} INFO - Exporting env vars: AIRFLOW_CTX_DAG_OWNER='***' AIRFLOW_CTX_DAG_ID='youtube_pipeline_batch_data' AIRFLOW_CTX_TASK_ID='golden_to_star' AIRFLOW_CTX_EXECUTION_DATE='2025-08-18T17:40:47.983463+00:00' AIRFLOW_CTX_TRY_NUMBER='1' AIRFLOW_CTX_DAG_RUN_ID='manual__2025-08-18T17:40:47.983463+00:00'
[2025-08-18T17:47:20.157+0000] {taskinstance.py:430} INFO - ::endgroup::
[2025-08-18T17:47:20.475+0000] {subprocess.py:63} INFO - Tmp dir root location: /tmp
[2025-08-18T17:47:20.488+0000] {subprocess.py:75} INFO - Running command: ['/usr/bin/bash', '-c', 'docker exec youtube-pipeline-project_spark-master_1 spark-submit --master spark://spark-master:7077 --deploy-mode client --packages org.postgresql:postgresql:42.6.0 /opt/***/jobs/star_schema/golden_to_star_citus.py']
[2025-08-18T17:47:20.614+0000] {subprocess.py:86} INFO - Output:
[2025-08-18T17:47:35.084+0000] {subprocess.py:93} INFO - :: loading settings :: url = jar:file:/opt/bitnami/spark/jars/ivy-2.5.1.jar!/org/apache/ivy/core/settings/ivysettings.xml
[2025-08-18T17:47:36.248+0000] {subprocess.py:93} INFO - Ivy Default Cache set to: /opt/bitnami/spark/.ivy2/cache
[2025-08-18T17:47:36.250+0000] {subprocess.py:93} INFO - The jars for the packages stored in: /opt/bitnami/spark/.ivy2/jars
[2025-08-18T17:47:36.292+0000] {subprocess.py:93} INFO - org.postgresql#postgresql added as a dependency
[2025-08-18T17:47:36.294+0000] {subprocess.py:93} INFO - :: resolving dependencies :: org.apache.spark#spark-submit-parent-0ae2a893-c99b-436a-8e7d-299985f5a412;1.0
[2025-08-18T17:47:36.294+0000] {subprocess.py:93} INFO - 	confs: [default]
[2025-08-18T17:47:36.985+0000] {subprocess.py:93} INFO - 	found org.postgresql#postgresql;42.6.0 in central
[2025-08-18T17:47:37.289+0000] {subprocess.py:93} INFO - 	found org.checkerframework#checker-qual;3.31.0 in central
[2025-08-18T17:47:37.559+0000] {subprocess.py:93} INFO - :: resolution report :: resolve 1152ms :: artifacts dl 121ms
[2025-08-18T17:47:37.565+0000] {subprocess.py:93} INFO - 	:: modules in use:
[2025-08-18T17:47:37.566+0000] {subprocess.py:93} INFO - 	org.checkerframework#checker-qual;3.31.0 from central in [default]
[2025-08-18T17:47:37.567+0000] {subprocess.py:93} INFO - 	org.postgresql#postgresql;42.6.0 from central in [default]
[2025-08-18T17:47:37.567+0000] {subprocess.py:93} INFO - 	---------------------------------------------------------------------
[2025-08-18T17:47:37.567+0000] {subprocess.py:93} INFO - 	|                  |            modules            ||   artifacts   |
[2025-08-18T17:47:37.567+0000] {subprocess.py:93} INFO - 	|       conf       | number| search|dwnlded|evicted|| number|dwnlded|
[2025-08-18T17:47:37.570+0000] {subprocess.py:93} INFO - 	---------------------------------------------------------------------
[2025-08-18T17:47:37.574+0000] {subprocess.py:93} INFO - 	|      default     |   2   |   0   |   0   |   0   ||   2   |   0   |
[2025-08-18T17:47:37.575+0000] {subprocess.py:93} INFO - 	---------------------------------------------------------------------
[2025-08-18T17:47:37.628+0000] {subprocess.py:93} INFO - :: retrieving :: org.apache.spark#spark-submit-parent-0ae2a893-c99b-436a-8e7d-299985f5a412
[2025-08-18T17:47:37.629+0000] {subprocess.py:93} INFO - 	confs: [default]
[2025-08-18T17:47:37.635+0000] {subprocess.py:93} INFO - 	0 artifacts copied, 2 already retrieved (0kB/9ms)
[2025-08-18T17:47:38.409+0000] {subprocess.py:93} INFO - 25/08/18 17:47:38 WARN NativeCodeLoader: Unable to load native-hadoop library for your platform... using builtin-java classes where applicable
[2025-08-18T17:47:41.582+0000] {subprocess.py:93} INFO - 25/08/18 17:47:41 INFO SparkContext: Running Spark version 3.5.1
[2025-08-18T17:47:41.586+0000] {subprocess.py:93} INFO - 25/08/18 17:47:41 INFO SparkContext: OS info Linux, 6.11.0-29-generic, amd64
[2025-08-18T17:47:41.591+0000] {subprocess.py:93} INFO - 25/08/18 17:47:41 INFO SparkContext: Java version 17.0.12
[2025-08-18T17:47:41.858+0000] {subprocess.py:93} INFO - 25/08/18 17:47:41 INFO ResourceUtils: ==============================================================
[2025-08-18T17:47:41.861+0000] {subprocess.py:93} INFO - 25/08/18 17:47:41 INFO ResourceUtils: No custom resources configured for spark.driver.
[2025-08-18T17:47:41.861+0000] {subprocess.py:93} INFO - 25/08/18 17:47:41 INFO ResourceUtils: ==============================================================
[2025-08-18T17:47:41.870+0000] {subprocess.py:93} INFO - 25/08/18 17:47:41 INFO SparkContext: Submitted application: Golden to Star Schema in Citus
[2025-08-18T17:47:41.991+0000] {subprocess.py:93} INFO - 25/08/18 17:47:41 INFO ResourceProfile: Default ResourceProfile created, executor resources: Map(memory -> name: memory, amount: 1024, script: , vendor: , offHeap -> name: offHeap, amount: 0, script: , vendor: ), task resources: Map(cpus -> name: cpus, amount: 1.0)
[2025-08-18T17:47:42.006+0000] {subprocess.py:93} INFO - 25/08/18 17:47:42 INFO ResourceProfile: Limiting resource is cpu
[2025-08-18T17:47:42.009+0000] {subprocess.py:93} INFO - 25/08/18 17:47:42 INFO ResourceProfileManager: Added ResourceProfile id: 0
[2025-08-18T17:47:42.327+0000] {subprocess.py:93} INFO - 25/08/18 17:47:42 INFO SecurityManager: Changing view acls to: spark
[2025-08-18T17:47:42.329+0000] {subprocess.py:93} INFO - 25/08/18 17:47:42 INFO SecurityManager: Changing modify acls to: spark
[2025-08-18T17:47:42.339+0000] {subprocess.py:93} INFO - 25/08/18 17:47:42 INFO SecurityManager: Changing view acls groups to:
[2025-08-18T17:47:42.340+0000] {subprocess.py:93} INFO - 25/08/18 17:47:42 INFO SecurityManager: Changing modify acls groups to:
[2025-08-18T17:47:42.348+0000] {subprocess.py:93} INFO - 25/08/18 17:47:42 INFO SecurityManager: SecurityManager: authentication disabled; ui acls disabled; users with view permissions: spark; groups with view permissions: EMPTY; users with modify permissions: spark; groups with modify permissions: EMPTY
[2025-08-18T17:47:43.230+0000] {subprocess.py:93} INFO - 25/08/18 17:47:43 INFO Utils: Successfully started service 'sparkDriver' on port 42495.
[2025-08-18T17:47:43.472+0000] {subprocess.py:93} INFO - 25/08/18 17:47:43 INFO SparkEnv: Registering MapOutputTracker
[2025-08-18T17:47:43.831+0000] {subprocess.py:93} INFO - 25/08/18 17:47:43 INFO SparkEnv: Registering BlockManagerMaster
[2025-08-18T17:47:43.985+0000] {subprocess.py:93} INFO - 25/08/18 17:47:43 INFO BlockManagerMasterEndpoint: Using org.apache.spark.storage.DefaultTopologyMapper for getting topology information
[2025-08-18T17:47:43.993+0000] {subprocess.py:93} INFO - 25/08/18 17:47:43 INFO BlockManagerMasterEndpoint: BlockManagerMasterEndpoint up
[2025-08-18T17:47:44.018+0000] {subprocess.py:93} INFO - 25/08/18 17:47:44 INFO SparkEnv: Registering BlockManagerMasterHeartbeat
[2025-08-18T17:47:44.332+0000] {subprocess.py:93} INFO - 25/08/18 17:47:44 INFO DiskBlockManager: Created local directory at /tmp/blockmgr-c0f8a8a9-4e10-4e62-8002-ae26049e67a0
[2025-08-18T17:47:44.526+0000] {subprocess.py:93} INFO - 25/08/18 17:47:44 INFO MemoryStore: MemoryStore started with capacity 434.4 MiB
[2025-08-18T17:47:44.695+0000] {subprocess.py:93} INFO - 25/08/18 17:47:44 INFO SparkEnv: Registering OutputCommitCoordinator
[2025-08-18T17:47:45.814+0000] {subprocess.py:93} INFO - 25/08/18 17:47:45 INFO JettyUtils: Start Jetty 0.0.0.0:4040 for SparkUI
[2025-08-18T17:47:46.518+0000] {subprocess.py:93} INFO - 25/08/18 17:47:46 INFO Utils: Successfully started service 'SparkUI' on port 4040.
[2025-08-18T17:47:46.786+0000] {subprocess.py:93} INFO - 25/08/18 17:47:46 INFO SparkContext: Added JAR file:///opt/bitnami/spark/.ivy2/jars/org.postgresql_postgresql-42.6.0.jar at spark://4bf6b336ccb3:42495/jars/org.postgresql_postgresql-42.6.0.jar with timestamp 1755539261534
[2025-08-18T17:47:46.788+0000] {subprocess.py:93} INFO - 25/08/18 17:47:46 INFO SparkContext: Added JAR file:///opt/bitnami/spark/.ivy2/jars/org.checkerframework_checker-qual-3.31.0.jar at spark://4bf6b336ccb3:42495/jars/org.checkerframework_checker-qual-3.31.0.jar with timestamp 1755539261534
[2025-08-18T17:47:46.819+0000] {subprocess.py:93} INFO - 25/08/18 17:47:46 INFO SparkContext: Added file file:///opt/bitnami/spark/.ivy2/jars/org.postgresql_postgresql-42.6.0.jar at spark://4bf6b336ccb3:42495/files/org.postgresql_postgresql-42.6.0.jar with timestamp 1755539261534
[2025-08-18T17:47:46.820+0000] {subprocess.py:93} INFO - 25/08/18 17:47:46 INFO Utils: Copying /opt/bitnami/spark/.ivy2/jars/org.postgresql_postgresql-42.6.0.jar to /tmp/spark-9b43880a-abf4-4ba0-9954-2e6817eb8427/userFiles-4da70a78-38eb-4a2e-bfa9-f537b606c50a/org.postgresql_postgresql-42.6.0.jar
[2025-08-18T17:47:46.885+0000] {subprocess.py:93} INFO - 25/08/18 17:47:46 INFO SparkContext: Added file file:///opt/bitnami/spark/.ivy2/jars/org.checkerframework_checker-qual-3.31.0.jar at spark://4bf6b336ccb3:42495/files/org.checkerframework_checker-qual-3.31.0.jar with timestamp 1755539261534
[2025-08-18T17:47:46.887+0000] {subprocess.py:93} INFO - 25/08/18 17:47:46 INFO Utils: Copying /opt/bitnami/spark/.ivy2/jars/org.checkerframework_checker-qual-3.31.0.jar to /tmp/spark-9b43880a-abf4-4ba0-9954-2e6817eb8427/userFiles-4da70a78-38eb-4a2e-bfa9-f537b606c50a/org.checkerframework_checker-qual-3.31.0.jar
[2025-08-18T17:47:47.551+0000] {subprocess.py:93} INFO - 25/08/18 17:47:47 INFO StandaloneAppClient$ClientEndpoint: Connecting to master spark://spark-master:7077...
[2025-08-18T17:47:48.472+0000] {subprocess.py:93} INFO - 25/08/18 17:47:48 INFO TransportClientFactory: Successfully created connection to spark-master/172.18.0.7:7077 after 580 ms (0 ms spent in bootstraps)
[2025-08-18T17:47:48.840+0000] {subprocess.py:93} INFO - 25/08/18 17:47:48 INFO StandaloneSchedulerBackend: Connected to Spark cluster with app ID app-20250818174748-0103
[2025-08-18T17:47:48.924+0000] {subprocess.py:93} INFO - 25/08/18 17:47:48 INFO Utils: Successfully started service 'org.apache.spark.network.netty.NettyBlockTransferService' on port 44709.
[2025-08-18T17:47:48.929+0000] {subprocess.py:93} INFO - 25/08/18 17:47:48 INFO NettyBlockTransferService: Server created on 4bf6b336ccb3:44709
[2025-08-18T17:47:48.936+0000] {subprocess.py:93} INFO - 25/08/18 17:47:48 INFO BlockManager: Using org.apache.spark.storage.RandomBlockReplicationPolicy for block replication policy
[2025-08-18T17:47:48.939+0000] {subprocess.py:93} INFO - 25/08/18 17:47:48 INFO BlockManagerMaster: Registering BlockManager BlockManagerId(driver, 4bf6b336ccb3, 44709, None)
[2025-08-18T17:47:49.002+0000] {subprocess.py:93} INFO - 25/08/18 17:47:48 INFO BlockManagerMasterEndpoint: Registering block manager 4bf6b336ccb3:44709 with 434.4 MiB RAM, BlockManagerId(driver, 4bf6b336ccb3, 44709, None)
[2025-08-18T17:47:49.043+0000] {subprocess.py:93} INFO - 25/08/18 17:47:49 INFO BlockManagerMaster: Registered BlockManager BlockManagerId(driver, 4bf6b336ccb3, 44709, None)
[2025-08-18T17:47:49.077+0000] {subprocess.py:93} INFO - 25/08/18 17:47:49 INFO BlockManager: Initialized BlockManager: BlockManagerId(driver, 4bf6b336ccb3, 44709, None)
[2025-08-18T17:47:50.359+0000] {subprocess.py:93} INFO - 25/08/18 17:47:50 INFO StandaloneSchedulerBackend: SchedulerBackend is ready for scheduling beginning after reached minRegisteredResourcesRatio: 0.0
[2025-08-18T17:47:52.119+0000] {subprocess.py:93} INFO - 25/08/18 17:47:52 INFO SharedState: Setting hive.metastore.warehouse.dir ('null') to the value of spark.sql.warehouse.dir.
[2025-08-18T17:47:52.129+0000] {subprocess.py:93} INFO - 25/08/18 17:47:52 INFO SharedState: Warehouse path is 'file:/opt/bitnami/spark/spark-warehouse'.
[2025-08-18T17:47:56.769+0000] {subprocess.py:93} INFO - 25/08/18 17:47:56 INFO InMemoryFileIndex: It took 189 ms to list leaf files for 1 paths.
[2025-08-18T17:47:58.708+0000] {subprocess.py:93} INFO - 25/08/18 17:47:58 INFO SparkContext: Starting job: parquet at NativeMethodAccessorImpl.java:0
[2025-08-18T17:47:58.928+0000] {subprocess.py:93} INFO - 25/08/18 17:47:58 INFO DAGScheduler: Got job 0 (parquet at NativeMethodAccessorImpl.java:0) with 1 output partitions
[2025-08-18T17:47:58.939+0000] {subprocess.py:93} INFO - 25/08/18 17:47:58 INFO DAGScheduler: Final stage: ResultStage 0 (parquet at NativeMethodAccessorImpl.java:0)
[2025-08-18T17:47:58.943+0000] {subprocess.py:93} INFO - 25/08/18 17:47:58 INFO DAGScheduler: Parents of final stage: List()
[2025-08-18T17:47:58.958+0000] {subprocess.py:93} INFO - 25/08/18 17:47:58 INFO DAGScheduler: Missing parents: List()
[2025-08-18T17:47:59.014+0000] {subprocess.py:93} INFO - 25/08/18 17:47:59 INFO DAGScheduler: Submitting ResultStage 0 (MapPartitionsRDD[1] at parquet at NativeMethodAccessorImpl.java:0), which has no missing parents
[2025-08-18T17:47:59.752+0000] {subprocess.py:93} INFO - 25/08/18 17:47:59 INFO MemoryStore: Block broadcast_0 stored as values in memory (estimated size 104.5 KiB, free 434.3 MiB)
[2025-08-18T17:48:00.038+0000] {subprocess.py:93} INFO - 25/08/18 17:48:00 INFO MemoryStore: Block broadcast_0_piece0 stored as bytes in memory (estimated size 37.8 KiB, free 434.3 MiB)
[2025-08-18T17:48:00.058+0000] {subprocess.py:93} INFO - 25/08/18 17:48:00 INFO BlockManagerInfo: Added broadcast_0_piece0 in memory on 4bf6b336ccb3:44709 (size: 37.8 KiB, free: 434.4 MiB)
[2025-08-18T17:48:00.096+0000] {subprocess.py:93} INFO - 25/08/18 17:48:00 INFO SparkContext: Created broadcast 0 from broadcast at DAGScheduler.scala:1585
[2025-08-18T17:48:00.278+0000] {subprocess.py:93} INFO - 25/08/18 17:48:00 INFO DAGScheduler: Submitting 1 missing tasks from ResultStage 0 (MapPartitionsRDD[1] at parquet at NativeMethodAccessorImpl.java:0) (first 15 tasks are for partitions Vector(0))
[2025-08-18T17:48:00.297+0000] {subprocess.py:93} INFO - 25/08/18 17:48:00 INFO TaskSchedulerImpl: Adding task set 0.0 with 1 tasks resource profile 0
[2025-08-18T17:48:15.394+0000] {subprocess.py:93} INFO - 25/08/18 17:48:15 WARN TaskSchedulerImpl: Initial job has not accepted any resources; check your cluster UI to ensure that workers are registered and have sufficient resources
[2025-08-18T17:48:30.394+0000] {subprocess.py:93} INFO - 25/08/18 17:48:30 WARN TaskSchedulerImpl: Initial job has not accepted any resources; check your cluster UI to ensure that workers are registered and have sufficient resources
[2025-08-18T17:48:45.388+0000] {subprocess.py:93} INFO - 25/08/18 17:48:45 WARN TaskSchedulerImpl: Initial job has not accepted any resources; check your cluster UI to ensure that workers are registered and have sufficient resources
[2025-08-18T17:49:00.400+0000] {subprocess.py:93} INFO - 25/08/18 17:49:00 WARN TaskSchedulerImpl: Initial job has not accepted any resources; check your cluster UI to ensure that workers are registered and have sufficient resources
[2025-08-18T17:49:15.390+0000] {subprocess.py:93} INFO - 25/08/18 17:49:15 WARN TaskSchedulerImpl: Initial job has not accepted any resources; check your cluster UI to ensure that workers are registered and have sufficient resources
[2025-08-18T17:49:18.816+0000] {subprocess.py:93} INFO - 25/08/18 17:49:18 INFO StandaloneAppClient$ClientEndpoint: Executor added: app-20250818174748-0103/0 on worker-20250818100309-172.18.0.14-34047 (172.18.0.14:34047) with 4 core(s)
[2025-08-18T17:49:18.836+0000] {subprocess.py:93} INFO - 25/08/18 17:49:18 INFO StandaloneSchedulerBackend: Granted executor ID app-20250818174748-0103/0 on hostPort 172.18.0.14:34047 with 4 core(s), 1024.0 MiB RAM
[2025-08-18T17:49:18.842+0000] {subprocess.py:93} INFO - 25/08/18 17:49:18 INFO StandaloneAppClient$ClientEndpoint: Executor added: app-20250818174748-0103/1 on worker-20250818100311-172.18.0.13-33759 (172.18.0.13:33759) with 4 core(s)
[2025-08-18T17:49:18.847+0000] {subprocess.py:93} INFO - 25/08/18 17:49:18 INFO StandaloneSchedulerBackend: Granted executor ID app-20250818174748-0103/1 on hostPort 172.18.0.13:33759 with 4 core(s), 1024.0 MiB RAM
[2025-08-18T17:49:18.851+0000] {subprocess.py:93} INFO - 25/08/18 17:49:18 INFO StandaloneAppClient$ClientEndpoint: Executor added: app-20250818174748-0103/2 on worker-20250818100314-172.18.0.12-34745 (172.18.0.12:34745) with 4 core(s)
[2025-08-18T17:49:18.859+0000] {subprocess.py:93} INFO - 25/08/18 17:49:18 INFO StandaloneSchedulerBackend: Granted executor ID app-20250818174748-0103/2 on hostPort 172.18.0.12:34745 with 4 core(s), 1024.0 MiB RAM
[2025-08-18T17:49:19.321+0000] {subprocess.py:93} INFO - 25/08/18 17:49:19 INFO StandaloneAppClient$ClientEndpoint: Executor updated: app-20250818174748-0103/2 is now RUNNING
[2025-08-18T17:49:19.344+0000] {subprocess.py:93} INFO - 25/08/18 17:49:19 INFO StandaloneAppClient$ClientEndpoint: Executor updated: app-20250818174748-0103/0 is now RUNNING
[2025-08-18T17:49:19.377+0000] {subprocess.py:93} INFO - 25/08/18 17:49:19 INFO StandaloneAppClient$ClientEndpoint: Executor updated: app-20250818174748-0103/1 is now RUNNING
[2025-08-18T17:49:30.407+0000] {subprocess.py:93} INFO - 25/08/18 17:49:30 WARN TaskSchedulerImpl: Initial job has not accepted any resources; check your cluster UI to ensure that workers are registered and have sufficient resources
[2025-08-18T17:49:37.578+0000] {subprocess.py:93} INFO - 25/08/18 17:49:37 INFO StandaloneSchedulerBackend$StandaloneDriverEndpoint: Registered executor NettyRpcEndpointRef(spark-client://Executor) (172.18.0.14:35600) with ID 0,  ResourceProfileId 0
[2025-08-18T17:49:38.107+0000] {subprocess.py:93} INFO - 25/08/18 17:49:38 INFO BlockManagerMasterEndpoint: Registering block manager 172.18.0.14:37375 with 434.4 MiB RAM, BlockManagerId(0, 172.18.0.14, 37375, None)
[2025-08-18T17:49:38.342+0000] {subprocess.py:93} INFO - 25/08/18 17:49:38 INFO StandaloneSchedulerBackend$StandaloneDriverEndpoint: Registered executor NettyRpcEndpointRef(spark-client://Executor) (172.18.0.13:37270) with ID 1,  ResourceProfileId 0
[2025-08-18T17:49:38.758+0000] {subprocess.py:93} INFO - 25/08/18 17:49:38 INFO BlockManagerMasterEndpoint: Registering block manager 172.18.0.13:43555 with 434.4 MiB RAM, BlockManagerId(1, 172.18.0.13, 43555, None)
[2025-08-18T17:49:38.881+0000] {subprocess.py:93} INFO - 25/08/18 17:49:38 INFO StandaloneSchedulerBackend$StandaloneDriverEndpoint: Registered executor NettyRpcEndpointRef(spark-client://Executor) (172.18.0.12:58410) with ID 2,  ResourceProfileId 0
[2025-08-18T17:49:39.331+0000] {subprocess.py:93} INFO - 25/08/18 17:49:39 INFO TaskSetManager: Starting task 0.0 in stage 0.0 (TID 0) (172.18.0.14, executor 0, partition 0, PROCESS_LOCAL, 8106 bytes)
[2025-08-18T17:49:39.506+0000] {subprocess.py:93} INFO - 25/08/18 17:49:39 INFO BlockManagerMasterEndpoint: Registering block manager 172.18.0.12:35925 with 434.4 MiB RAM, BlockManagerId(2, 172.18.0.12, 35925, None)
[2025-08-18T17:49:40.569+0000] {subprocess.py:93} INFO - 25/08/18 17:49:40 INFO BlockManagerInfo: Added broadcast_0_piece0 in memory on 172.18.0.14:37375 (size: 37.8 KiB, free: 434.4 MiB)
[2025-08-18T17:49:41.837+0000] {subprocess.py:93} INFO - 25/08/18 17:49:41 INFO TaskSetManager: Finished task 0.0 in stage 0.0 (TID 0) in 2768 ms on 172.18.0.14 (executor 0) (1/1)
[2025-08-18T17:49:41.840+0000] {subprocess.py:93} INFO - 25/08/18 17:49:41 INFO TaskSchedulerImpl: Removed TaskSet 0.0, whose tasks have all completed, from pool
[2025-08-18T17:49:41.850+0000] {subprocess.py:93} INFO - 25/08/18 17:49:41 INFO DAGScheduler: ResultStage 0 (parquet at NativeMethodAccessorImpl.java:0) finished in 102.719 s
[2025-08-18T17:49:41.855+0000] {subprocess.py:93} INFO - 25/08/18 17:49:41 INFO DAGScheduler: Job 0 is finished. Cancelling potential speculative or zombie tasks for this job
[2025-08-18T17:49:41.858+0000] {subprocess.py:93} INFO - 25/08/18 17:49:41 INFO TaskSchedulerImpl: Killing all running tasks in stage 0: Stage finished
[2025-08-18T17:49:41.862+0000] {subprocess.py:93} INFO - 25/08/18 17:49:41 INFO DAGScheduler: Job 0 finished: parquet at NativeMethodAccessorImpl.java:0, took 103.152412 s
[2025-08-18T17:49:42.094+0000] {subprocess.py:93} INFO - Traceback (most recent call last):
[2025-08-18T17:49:42.095+0000] {subprocess.py:93} INFO -   File "/opt/***/jobs/star_schema/golden_to_star_citus.py", line 33, in <module>
[2025-08-18T17:49:42.097+0000] {subprocess.py:93} INFO -     df = spark.read.parquet(golden_path)
[2025-08-18T17:49:42.098+0000] {subprocess.py:93} INFO -          ^^^^^^^^^^^^^^^^^^^^^^^^^^^^^^^
[2025-08-18T17:49:42.099+0000] {subprocess.py:93} INFO -   File "/opt/bitnami/spark/python/lib/pyspark.zip/pyspark/sql/readwriter.py", line 544, in parquet
[2025-08-18T17:49:42.100+0000] {subprocess.py:93} INFO -   File "/opt/bitnami/spark/python/lib/py4j-0.10.9.7-src.zip/py4j/java_gateway.py", line 1322, in __call__
[2025-08-18T17:49:42.101+0000] {subprocess.py:93} INFO -   File "/opt/bitnami/spark/python/lib/pyspark.zip/pyspark/errors/exceptions/captured.py", line 185, in deco
[2025-08-18T17:49:42.105+0000] {subprocess.py:93} INFO - pyspark.errors.exceptions.captured.AnalysisException: [UNABLE_TO_INFER_SCHEMA] Unable to infer schema for Parquet. It must be specified manually.
[2025-08-18T17:49:42.166+0000] {subprocess.py:93} INFO - 25/08/18 17:49:42 INFO SparkContext: Invoking stop() from shutdown hook
[2025-08-18T17:49:42.167+0000] {subprocess.py:93} INFO - 25/08/18 17:49:42 INFO SparkContext: SparkContext is stopping with exitCode 0.
[2025-08-18T17:49:42.187+0000] {subprocess.py:93} INFO - 25/08/18 17:49:42 INFO SparkUI: Stopped Spark web UI at http://4bf6b336ccb3:4040
[2025-08-18T17:49:42.197+0000] {subprocess.py:93} INFO - 25/08/18 17:49:42 INFO StandaloneSchedulerBackend: Shutting down all executors
[2025-08-18T17:49:42.199+0000] {subprocess.py:93} INFO - 25/08/18 17:49:42 INFO StandaloneSchedulerBackend$StandaloneDriverEndpoint: Asking each executor to shut down
[2025-08-18T17:49:42.287+0000] {subprocess.py:93} INFO - 25/08/18 17:49:42 INFO MapOutputTrackerMasterEndpoint: MapOutputTrackerMasterEndpoint stopped!
[2025-08-18T17:49:42.419+0000] {subprocess.py:93} INFO - 25/08/18 17:49:42 INFO MemoryStore: MemoryStore cleared
[2025-08-18T17:49:42.423+0000] {subprocess.py:93} INFO - 25/08/18 17:49:42 INFO BlockManager: BlockManager stopped
[2025-08-18T17:49:42.471+0000] {subprocess.py:93} INFO - 25/08/18 17:49:42 INFO BlockManagerMaster: BlockManagerMaster stopped
[2025-08-18T17:49:42.484+0000] {subprocess.py:93} INFO - 25/08/18 17:49:42 INFO OutputCommitCoordinator$OutputCommitCoordinatorEndpoint: OutputCommitCoordinator stopped!
[2025-08-18T17:49:42.534+0000] {subprocess.py:93} INFO - 25/08/18 17:49:42 INFO SparkContext: Successfully stopped SparkContext
[2025-08-18T17:49:42.535+0000] {subprocess.py:93} INFO - 25/08/18 17:49:42 INFO ShutdownHookManager: Shutdown hook called
[2025-08-18T17:49:42.536+0000] {subprocess.py:93} INFO - 25/08/18 17:49:42 INFO ShutdownHookManager: Deleting directory /tmp/spark-9b43880a-abf4-4ba0-9954-2e6817eb8427/pyspark-128890d9-4b56-403a-a37c-8d28fbfeb131
[2025-08-18T17:49:42.547+0000] {subprocess.py:93} INFO - 25/08/18 17:49:42 INFO ShutdownHookManager: Deleting directory /tmp/spark-c70d139d-7b70-431b-a361-5c89d105f153
[2025-08-18T17:49:42.558+0000] {subprocess.py:93} INFO - 25/08/18 17:49:42 INFO ShutdownHookManager: Deleting directory /tmp/spark-9b43880a-abf4-4ba0-9954-2e6817eb8427
[2025-08-18T17:49:42.668+0000] {subprocess.py:97} INFO - Command exited with return code 1
[2025-08-18T17:49:42.669+0000] {taskinstance.py:441} INFO - ::group::Post task execution logs
[2025-08-18T17:49:42.691+0000] {taskinstance.py:2890} ERROR - Task failed with exception
Traceback (most recent call last):
  File "/home/airflow/.local/lib/python3.9/site-packages/airflow/models/taskinstance.py", line 465, in _execute_task
    result = _execute_callable(context=context, **execute_callable_kwargs)
  File "/home/airflow/.local/lib/python3.9/site-packages/airflow/models/taskinstance.py", line 432, in _execute_callable
    return execute_callable(context=context, **execute_callable_kwargs)
  File "/home/airflow/.local/lib/python3.9/site-packages/airflow/models/baseoperator.py", line 400, in wrapper
    return func(self, *args, **kwargs)
  File "/home/airflow/.local/lib/python3.9/site-packages/airflow/operators/bash.py", line 243, in execute
    raise AirflowException(
airflow.exceptions.AirflowException: Bash command failed. The command returned a non-zero exit code 1.
[2025-08-18T17:49:42.697+0000] {taskinstance.py:1205} INFO - Marking task as UP_FOR_RETRY. dag_id=youtube_pipeline_batch_data, task_id=golden_to_star, execution_date=20250818T174047, start_date=20250818T174718, end_date=20250818T174942
[2025-08-18T17:49:42.728+0000] {standard_task_runner.py:110} ERROR - Failed to execute job 449 for task golden_to_star (Bash command failed. The command returned a non-zero exit code 1.; 10073)
[2025-08-18T17:49:42.743+0000] {local_task_job_runner.py:240} INFO - Task exited with return code 1
[2025-08-18T17:49:42.792+0000] {taskinstance.py:3482} INFO - 0 downstream tasks scheduled from follow-on schedule check
[2025-08-18T17:49:42.794+0000] {local_task_job_runner.py:222} INFO - ::endgroup::
