[2025-08-18T09:48:38.323+0000] {local_task_job_runner.py:120} INFO - ::group::Pre task execution logs
[2025-08-18T09:48:38.423+0000] {taskinstance.py:2073} INFO - Dependencies all met for dep_context=non-requeueable deps ti=<TaskInstance: youtube_pipeline_simple.golden_to_star manual__2025-08-18T09:35:04.373568+00:00 [queued]>
[2025-08-18T09:48:38.448+0000] {taskinstance.py:2073} INFO - Dependencies all met for dep_context=requeueable deps ti=<TaskInstance: youtube_pipeline_simple.golden_to_star manual__2025-08-18T09:35:04.373568+00:00 [queued]>
[2025-08-18T09:48:38.449+0000] {taskinstance.py:2303} INFO - Starting attempt 1 of 2
[2025-08-18T09:48:38.497+0000] {taskinstance.py:2327} INFO - Executing <Task(BashOperator): golden_to_star> on 2025-08-18 09:35:04.373568+00:00
[2025-08-18T09:48:38.507+0000] {standard_task_runner.py:63} INFO - Started process 2312 to run task
[2025-08-18T09:48:38.525+0000] {standard_task_runner.py:90} INFO - Running: ['***', 'tasks', 'run', 'youtube_pipeline_simple', 'golden_to_star', 'manual__2025-08-18T09:35:04.373568+00:00', '--job-id', '38', '--raw', '--subdir', 'DAGS_FOLDER/youtube_pipeline.py', '--cfg-path', '/tmp/tmp2tw9f_hr']
[2025-08-18T09:48:38.536+0000] {standard_task_runner.py:91} INFO - Job 38: Subtask golden_to_star
[2025-08-18T09:48:38.707+0000] {task_command.py:426} INFO - Running <TaskInstance: youtube_pipeline_simple.golden_to_star manual__2025-08-18T09:35:04.373568+00:00 [running]> on host 4d75244235f4
[2025-08-18T09:48:39.037+0000] {taskinstance.py:2644} INFO - Exporting env vars: AIRFLOW_CTX_DAG_OWNER='***' AIRFLOW_CTX_DAG_ID='youtube_pipeline_simple' AIRFLOW_CTX_TASK_ID='golden_to_star' AIRFLOW_CTX_EXECUTION_DATE='2025-08-18T09:35:04.373568+00:00' AIRFLOW_CTX_TRY_NUMBER='1' AIRFLOW_CTX_DAG_RUN_ID='manual__2025-08-18T09:35:04.373568+00:00'
[2025-08-18T09:48:39.041+0000] {taskinstance.py:430} INFO - ::endgroup::
[2025-08-18T09:48:39.106+0000] {subprocess.py:63} INFO - Tmp dir root location: /tmp
[2025-08-18T09:48:39.111+0000] {subprocess.py:75} INFO - Running command: ['/usr/bin/bash', '-c', 'docker exec youtube-pipeline-project_spark-master_1 spark-submit --master spark://spark-master:7077 --deploy-mode client --packages org.postgresql:postgresql:42.6.0 /opt/***/jobs/star_schema/golden_to_star_citus.py']
[2025-08-18T09:48:39.196+0000] {subprocess.py:86} INFO - Output:
[2025-08-18T09:48:52.592+0000] {subprocess.py:93} INFO - :: loading settings :: url = jar:file:/opt/bitnami/spark/jars/ivy-2.5.1.jar!/org/apache/ivy/core/settings/ivysettings.xml
[2025-08-18T09:48:52.746+0000] {subprocess.py:93} INFO - Ivy Default Cache set to: /opt/bitnami/spark/.ivy2/cache
[2025-08-18T09:48:52.747+0000] {subprocess.py:93} INFO - The jars for the packages stored in: /opt/bitnami/spark/.ivy2/jars
[2025-08-18T09:48:52.754+0000] {subprocess.py:93} INFO - org.postgresql#postgresql added as a dependency
[2025-08-18T09:48:52.755+0000] {subprocess.py:93} INFO - :: resolving dependencies :: org.apache.spark#spark-submit-parent-6e1df2bd-2375-4673-ac5d-887b82d905da;1.0
[2025-08-18T09:48:52.757+0000] {subprocess.py:93} INFO - 	confs: [default]
[2025-08-18T09:48:54.931+0000] {subprocess.py:93} INFO - 	found org.postgresql#postgresql;42.6.0 in central
[2025-08-18T09:48:55.168+0000] {subprocess.py:93} INFO - 	found org.checkerframework#checker-qual;3.31.0 in central
[2025-08-18T09:48:55.274+0000] {subprocess.py:93} INFO - downloading https://repo1.maven.org/maven2/org/postgresql/postgresql/42.6.0/postgresql-42.6.0.jar ...
[2025-08-18T09:48:55.779+0000] {subprocess.py:93} INFO - 	[SUCCESSFUL ] org.postgresql#postgresql;42.6.0!postgresql.jar (524ms)
[2025-08-18T09:48:55.831+0000] {subprocess.py:93} INFO - downloading https://repo1.maven.org/maven2/org/checkerframework/checker-qual/3.31.0/checker-qual-3.31.0.jar ...
[2025-08-18T09:48:55.940+0000] {subprocess.py:93} INFO - 	[SUCCESSFUL ] org.checkerframework#checker-qual;3.31.0!checker-qual.jar (148ms)
[2025-08-18T09:48:55.944+0000] {subprocess.py:93} INFO - :: resolution report :: resolve 2474ms :: artifacts dl 714ms
[2025-08-18T09:48:55.960+0000] {subprocess.py:93} INFO - 	:: modules in use:
[2025-08-18T09:48:55.962+0000] {subprocess.py:93} INFO - 	org.checkerframework#checker-qual;3.31.0 from central in [default]
[2025-08-18T09:48:55.963+0000] {subprocess.py:93} INFO - 	org.postgresql#postgresql;42.6.0 from central in [default]
[2025-08-18T09:48:55.963+0000] {subprocess.py:93} INFO - 	---------------------------------------------------------------------
[2025-08-18T09:48:55.964+0000] {subprocess.py:93} INFO - 	|                  |            modules            ||   artifacts   |
[2025-08-18T09:48:55.964+0000] {subprocess.py:93} INFO - 	|       conf       | number| search|dwnlded|evicted|| number|dwnlded|
[2025-08-18T09:48:55.965+0000] {subprocess.py:93} INFO - 	---------------------------------------------------------------------
[2025-08-18T09:48:55.966+0000] {subprocess.py:93} INFO - 	|      default     |   2   |   2   |   2   |   0   ||   2   |   2   |
[2025-08-18T09:48:55.967+0000] {subprocess.py:93} INFO - 	---------------------------------------------------------------------
[2025-08-18T09:48:55.973+0000] {subprocess.py:93} INFO - :: retrieving :: org.apache.spark#spark-submit-parent-6e1df2bd-2375-4673-ac5d-887b82d905da
[2025-08-18T09:48:55.976+0000] {subprocess.py:93} INFO - 	confs: [default]
[2025-08-18T09:48:56.016+0000] {subprocess.py:93} INFO - 	2 artifacts copied, 0 already retrieved (1274kB/43ms)
[2025-08-18T09:48:56.944+0000] {subprocess.py:93} INFO - 25/08/18 09:48:56 WARN NativeCodeLoader: Unable to load native-hadoop library for your platform... using builtin-java classes where applicable
[2025-08-18T09:48:59.883+0000] {subprocess.py:93} INFO - Traceback (most recent call last):
[2025-08-18T09:48:59.884+0000] {subprocess.py:93} INFO -   File "/opt/***/jobs/star_schema/golden_to_star_citus.py", line 2, in <module>
[2025-08-18T09:48:59.888+0000] {subprocess.py:93} INFO -     import psycopg2 # type: ignore
[2025-08-18T09:48:59.889+0000] {subprocess.py:93} INFO -     ^^^^^^^^^^^^^^^
[2025-08-18T09:48:59.889+0000] {subprocess.py:93} INFO - ModuleNotFoundError: No module named 'psycopg2'
[2025-08-18T09:49:00.109+0000] {subprocess.py:93} INFO - 25/08/18 09:49:00 INFO ShutdownHookManager: Shutdown hook called
[2025-08-18T09:49:00.112+0000] {subprocess.py:93} INFO - 25/08/18 09:49:00 INFO ShutdownHookManager: Deleting directory /tmp/spark-b3432f96-146c-42a1-86a8-7b60fe0d110f
[2025-08-18T09:49:00.305+0000] {subprocess.py:97} INFO - Command exited with return code 1
[2025-08-18T09:49:00.307+0000] {taskinstance.py:441} INFO - ::group::Post task execution logs
[2025-08-18T09:49:00.333+0000] {taskinstance.py:2890} ERROR - Task failed with exception
Traceback (most recent call last):
  File "/home/airflow/.local/lib/python3.9/site-packages/airflow/models/taskinstance.py", line 465, in _execute_task
    result = _execute_callable(context=context, **execute_callable_kwargs)
  File "/home/airflow/.local/lib/python3.9/site-packages/airflow/models/taskinstance.py", line 432, in _execute_callable
    return execute_callable(context=context, **execute_callable_kwargs)
  File "/home/airflow/.local/lib/python3.9/site-packages/airflow/models/baseoperator.py", line 400, in wrapper
    return func(self, *args, **kwargs)
  File "/home/airflow/.local/lib/python3.9/site-packages/airflow/operators/bash.py", line 243, in execute
    raise AirflowException(
airflow.exceptions.AirflowException: Bash command failed. The command returned a non-zero exit code 1.
[2025-08-18T09:49:00.345+0000] {taskinstance.py:1205} INFO - Marking task as UP_FOR_RETRY. dag_id=youtube_pipeline_simple, task_id=golden_to_star, execution_date=20250818T093504, start_date=20250818T094838, end_date=20250818T094900
[2025-08-18T09:49:00.387+0000] {standard_task_runner.py:110} ERROR - Failed to execute job 38 for task golden_to_star (Bash command failed. The command returned a non-zero exit code 1.; 2312)
[2025-08-18T09:49:00.426+0000] {local_task_job_runner.py:240} INFO - Task exited with return code 1
[2025-08-18T09:49:00.458+0000] {taskinstance.py:3482} INFO - 0 downstream tasks scheduled from follow-on schedule check
[2025-08-18T09:49:00.467+0000] {local_task_job_runner.py:222} INFO - ::endgroup::
