[2025-08-18T09:39:30.052+0000] {local_task_job_runner.py:120} INFO - ::group::Pre task execution logs
[2025-08-18T09:39:30.351+0000] {taskinstance.py:2073} INFO - Dependencies all met for dep_context=non-requeueable deps ti=<TaskInstance: youtube_pipeline_simple.transform_golden manual__2025-08-18T09:36:41.170645+00:00 [queued]>
[2025-08-18T09:39:30.379+0000] {taskinstance.py:2073} INFO - Dependencies all met for dep_context=requeueable deps ti=<TaskInstance: youtube_pipeline_simple.transform_golden manual__2025-08-18T09:36:41.170645+00:00 [queued]>
[2025-08-18T09:39:30.381+0000] {taskinstance.py:2303} INFO - Starting attempt 1 of 2
[2025-08-18T09:39:30.425+0000] {taskinstance.py:2327} INFO - Executing <Task(BashOperator): transform_golden> on 2025-08-18 09:36:41.170645+00:00
[2025-08-18T09:39:30.446+0000] {standard_task_runner.py:63} INFO - Started process 2148 to run task
[2025-08-18T09:39:30.475+0000] {standard_task_runner.py:90} INFO - Running: ['***', 'tasks', 'run', 'youtube_pipeline_simple', 'transform_golden', 'manual__2025-08-18T09:36:41.170645+00:00', '--job-id', '31', '--raw', '--subdir', 'DAGS_FOLDER/youtube_pipeline.py', '--cfg-path', '/tmp/tmpyw4w_vdd']
[2025-08-18T09:39:30.486+0000] {standard_task_runner.py:91} INFO - Job 31: Subtask transform_golden
[2025-08-18T09:39:30.678+0000] {task_command.py:426} INFO - Running <TaskInstance: youtube_pipeline_simple.transform_golden manual__2025-08-18T09:36:41.170645+00:00 [running]> on host 4d75244235f4
[2025-08-18T09:39:31.098+0000] {taskinstance.py:2644} INFO - Exporting env vars: AIRFLOW_CTX_DAG_OWNER='***' AIRFLOW_CTX_DAG_ID='youtube_pipeline_simple' AIRFLOW_CTX_TASK_ID='transform_golden' AIRFLOW_CTX_EXECUTION_DATE='2025-08-18T09:36:41.170645+00:00' AIRFLOW_CTX_TRY_NUMBER='1' AIRFLOW_CTX_DAG_RUN_ID='manual__2025-08-18T09:36:41.170645+00:00'
[2025-08-18T09:39:31.109+0000] {taskinstance.py:430} INFO - ::endgroup::
[2025-08-18T09:39:31.227+0000] {subprocess.py:63} INFO - Tmp dir root location: /tmp
[2025-08-18T09:39:31.228+0000] {subprocess.py:75} INFO - Running command: ['/usr/bin/bash', '-c', 'docker exec youtube-pipeline-project_spark-master_1 spark-submit --master spark://spark-master:7077 --deploy-mode client --packages org.apache.spark:spark-avro_2.12:3.5.1 /opt/***/jobs/transformation/transform_to_golden_dataset.py']
[2025-08-18T09:39:31.271+0000] {subprocess.py:86} INFO - Output:
[2025-08-18T09:39:42.792+0000] {subprocess.py:93} INFO - :: loading settings :: url = jar:file:/opt/bitnami/spark/jars/ivy-2.5.1.jar!/org/apache/ivy/core/settings/ivysettings.xml
[2025-08-18T09:39:42.961+0000] {subprocess.py:93} INFO - Ivy Default Cache set to: /opt/bitnami/spark/.ivy2/cache
[2025-08-18T09:39:42.962+0000] {subprocess.py:93} INFO - The jars for the packages stored in: /opt/bitnami/spark/.ivy2/jars
[2025-08-18T09:39:42.975+0000] {subprocess.py:93} INFO - org.apache.spark#spark-avro_2.12 added as a dependency
[2025-08-18T09:39:42.975+0000] {subprocess.py:93} INFO - :: resolving dependencies :: org.apache.spark#spark-submit-parent-c3661ae5-8cea-4817-a5f8-a0418b40713f;1.0
[2025-08-18T09:39:42.976+0000] {subprocess.py:93} INFO - 	confs: [default]
[2025-08-18T09:39:43.529+0000] {subprocess.py:93} INFO - 	found org.apache.spark#spark-avro_2.12;3.5.1 in central
[2025-08-18T09:39:43.606+0000] {subprocess.py:93} INFO - 	found org.tukaani#xz;1.9 in central
[2025-08-18T09:39:43.799+0000] {subprocess.py:93} INFO - :: resolution report :: resolve 709ms :: artifacts dl 117ms
[2025-08-18T09:39:43.806+0000] {subprocess.py:93} INFO - 	:: modules in use:
[2025-08-18T09:39:43.808+0000] {subprocess.py:93} INFO - 	org.apache.spark#spark-avro_2.12;3.5.1 from central in [default]
[2025-08-18T09:39:43.810+0000] {subprocess.py:93} INFO - 	org.tukaani#xz;1.9 from central in [default]
[2025-08-18T09:39:43.810+0000] {subprocess.py:93} INFO - 	---------------------------------------------------------------------
[2025-08-18T09:39:43.830+0000] {subprocess.py:93} INFO - 	|                  |            modules            ||   artifacts   |
[2025-08-18T09:39:43.833+0000] {subprocess.py:93} INFO - 	|       conf       | number| search|dwnlded|evicted|| number|dwnlded|
[2025-08-18T09:39:43.834+0000] {subprocess.py:93} INFO - 	---------------------------------------------------------------------
[2025-08-18T09:39:43.834+0000] {subprocess.py:93} INFO - 	|      default     |   2   |   0   |   0   |   0   ||   2   |   0   |
[2025-08-18T09:39:43.835+0000] {subprocess.py:93} INFO - 	---------------------------------------------------------------------
[2025-08-18T09:39:43.873+0000] {subprocess.py:93} INFO - :: retrieving :: org.apache.spark#spark-submit-parent-c3661ae5-8cea-4817-a5f8-a0418b40713f
[2025-08-18T09:39:43.887+0000] {subprocess.py:93} INFO - 	confs: [default]
[2025-08-18T09:39:43.956+0000] {subprocess.py:93} INFO - 	0 artifacts copied, 2 already retrieved (0kB/66ms)
[2025-08-18T09:39:44.692+0000] {subprocess.py:93} INFO - 25/08/18 09:39:44 WARN NativeCodeLoader: Unable to load native-hadoop library for your platform... using builtin-java classes where applicable
[2025-08-18T09:39:46.976+0000] {subprocess.py:93} INFO - 25/08/18 09:39:46 INFO SparkContext: Running Spark version 3.5.1
[2025-08-18T09:39:46.978+0000] {subprocess.py:93} INFO - 25/08/18 09:39:46 INFO SparkContext: OS info Linux, 6.11.0-29-generic, amd64
[2025-08-18T09:39:46.980+0000] {subprocess.py:93} INFO - 25/08/18 09:39:46 INFO SparkContext: Java version 17.0.12
[2025-08-18T09:39:47.041+0000] {subprocess.py:93} INFO - 25/08/18 09:39:47 INFO ResourceUtils: ==============================================================
[2025-08-18T09:39:47.043+0000] {subprocess.py:93} INFO - 25/08/18 09:39:47 INFO ResourceUtils: No custom resources configured for spark.driver.
[2025-08-18T09:39:47.045+0000] {subprocess.py:93} INFO - 25/08/18 09:39:47 INFO ResourceUtils: ==============================================================
[2025-08-18T09:39:47.048+0000] {subprocess.py:93} INFO - 25/08/18 09:39:47 INFO SparkContext: Submitted application: Processed Zone - Golden Dataset
[2025-08-18T09:39:47.092+0000] {subprocess.py:93} INFO - 25/08/18 09:39:47 INFO ResourceProfile: Default ResourceProfile created, executor resources: Map(memory -> name: memory, amount: 1024, script: , vendor: , offHeap -> name: offHeap, amount: 0, script: , vendor: ), task resources: Map(cpus -> name: cpus, amount: 1.0)
[2025-08-18T09:39:47.117+0000] {subprocess.py:93} INFO - 25/08/18 09:39:47 INFO ResourceProfile: Limiting resource is cpu
[2025-08-18T09:39:47.122+0000] {subprocess.py:93} INFO - 25/08/18 09:39:47 INFO ResourceProfileManager: Added ResourceProfile id: 0
[2025-08-18T09:39:47.276+0000] {subprocess.py:93} INFO - 25/08/18 09:39:47 INFO SecurityManager: Changing view acls to: spark
[2025-08-18T09:39:47.276+0000] {subprocess.py:93} INFO - 25/08/18 09:39:47 INFO SecurityManager: Changing modify acls to: spark
[2025-08-18T09:39:47.279+0000] {subprocess.py:93} INFO - 25/08/18 09:39:47 INFO SecurityManager: Changing view acls groups to:
[2025-08-18T09:39:47.284+0000] {subprocess.py:93} INFO - 25/08/18 09:39:47 INFO SecurityManager: Changing modify acls groups to:
[2025-08-18T09:39:47.293+0000] {subprocess.py:93} INFO - 25/08/18 09:39:47 INFO SecurityManager: SecurityManager: authentication disabled; ui acls disabled; users with view permissions: spark; groups with view permissions: EMPTY; users with modify permissions: spark; groups with modify permissions: EMPTY
[2025-08-18T09:39:47.894+0000] {subprocess.py:93} INFO - 25/08/18 09:39:47 INFO Utils: Successfully started service 'sparkDriver' on port 35371.
[2025-08-18T09:39:48.058+0000] {subprocess.py:93} INFO - 25/08/18 09:39:48 INFO SparkEnv: Registering MapOutputTracker
[2025-08-18T09:39:48.199+0000] {subprocess.py:93} INFO - 25/08/18 09:39:48 INFO SparkEnv: Registering BlockManagerMaster
[2025-08-18T09:39:48.304+0000] {subprocess.py:93} INFO - 25/08/18 09:39:48 INFO BlockManagerMasterEndpoint: Using org.apache.spark.storage.DefaultTopologyMapper for getting topology information
[2025-08-18T09:39:48.323+0000] {subprocess.py:93} INFO - 25/08/18 09:39:48 INFO BlockManagerMasterEndpoint: BlockManagerMasterEndpoint up
[2025-08-18T09:39:48.354+0000] {subprocess.py:93} INFO - 25/08/18 09:39:48 INFO SparkEnv: Registering BlockManagerMasterHeartbeat
[2025-08-18T09:39:48.412+0000] {subprocess.py:93} INFO - 25/08/18 09:39:48 INFO DiskBlockManager: Created local directory at /tmp/blockmgr-0a052ad4-2a36-46c0-814d-784105463d85
[2025-08-18T09:39:48.505+0000] {subprocess.py:93} INFO - 25/08/18 09:39:48 INFO MemoryStore: MemoryStore started with capacity 434.4 MiB
[2025-08-18T09:39:48.558+0000] {subprocess.py:93} INFO - 25/08/18 09:39:48 INFO SparkEnv: Registering OutputCommitCoordinator
[2025-08-18T09:39:48.906+0000] {subprocess.py:93} INFO - 25/08/18 09:39:48 INFO JettyUtils: Start Jetty 0.0.0.0:4040 for SparkUI
[2025-08-18T09:39:49.154+0000] {subprocess.py:93} INFO - 25/08/18 09:39:49 INFO Utils: Successfully started service 'SparkUI' on port 4040.
[2025-08-18T09:39:49.250+0000] {subprocess.py:93} INFO - 25/08/18 09:39:49 INFO SparkContext: Added JAR file:///opt/bitnami/spark/.ivy2/jars/org.apache.spark_spark-avro_2.12-3.5.1.jar at spark://72ba4f4a5000:35371/jars/org.apache.spark_spark-avro_2.12-3.5.1.jar with timestamp 1755509986959
[2025-08-18T09:39:49.252+0000] {subprocess.py:93} INFO - 25/08/18 09:39:49 INFO SparkContext: Added JAR file:///opt/bitnami/spark/.ivy2/jars/org.tukaani_xz-1.9.jar at spark://72ba4f4a5000:35371/jars/org.tukaani_xz-1.9.jar with timestamp 1755509986959
[2025-08-18T09:39:49.272+0000] {subprocess.py:93} INFO - 25/08/18 09:39:49 INFO SparkContext: Added file file:///opt/bitnami/spark/.ivy2/jars/org.apache.spark_spark-avro_2.12-3.5.1.jar at spark://72ba4f4a5000:35371/files/org.apache.spark_spark-avro_2.12-3.5.1.jar with timestamp 1755509986959
[2025-08-18T09:39:49.275+0000] {subprocess.py:93} INFO - 25/08/18 09:39:49 INFO Utils: Copying /opt/bitnami/spark/.ivy2/jars/org.apache.spark_spark-avro_2.12-3.5.1.jar to /tmp/spark-b730cf1c-5582-4b6f-bfe2-3cde00f08f5f/userFiles-755925c5-098e-4f74-8098-40d34cc20688/org.apache.spark_spark-avro_2.12-3.5.1.jar
[2025-08-18T09:39:49.299+0000] {subprocess.py:93} INFO - 25/08/18 09:39:49 INFO SparkContext: Added file file:///opt/bitnami/spark/.ivy2/jars/org.tukaani_xz-1.9.jar at spark://72ba4f4a5000:35371/files/org.tukaani_xz-1.9.jar with timestamp 1755509986959
[2025-08-18T09:39:49.301+0000] {subprocess.py:93} INFO - 25/08/18 09:39:49 INFO Utils: Copying /opt/bitnami/spark/.ivy2/jars/org.tukaani_xz-1.9.jar to /tmp/spark-b730cf1c-5582-4b6f-bfe2-3cde00f08f5f/userFiles-755925c5-098e-4f74-8098-40d34cc20688/org.tukaani_xz-1.9.jar
[2025-08-18T09:39:49.889+0000] {subprocess.py:93} INFO - 25/08/18 09:39:49 INFO StandaloneAppClient$ClientEndpoint: Connecting to master spark://spark-master:7077...
[2025-08-18T09:39:50.210+0000] {subprocess.py:93} INFO - 25/08/18 09:39:50 INFO TransportClientFactory: Successfully created connection to spark-master/172.18.0.2:7077 after 171 ms (0 ms spent in bootstraps)
[2025-08-18T09:39:50.838+0000] {subprocess.py:93} INFO - 25/08/18 09:39:50 INFO StandaloneSchedulerBackend: Connected to Spark cluster with app ID app-20250818093950-0003
[2025-08-18T09:39:50.883+0000] {subprocess.py:93} INFO - 25/08/18 09:39:50 INFO Utils: Successfully started service 'org.apache.spark.network.netty.NettyBlockTransferService' on port 41685.
[2025-08-18T09:39:50.884+0000] {subprocess.py:93} INFO - 25/08/18 09:39:50 INFO NettyBlockTransferService: Server created on 72ba4f4a5000:41685
[2025-08-18T09:39:50.890+0000] {subprocess.py:93} INFO - 25/08/18 09:39:50 INFO BlockManager: Using org.apache.spark.storage.RandomBlockReplicationPolicy for block replication policy
[2025-08-18T09:39:50.917+0000] {subprocess.py:93} INFO - 25/08/18 09:39:50 INFO BlockManagerMaster: Registering BlockManager BlockManagerId(driver, 72ba4f4a5000, 41685, None)
[2025-08-18T09:39:50.931+0000] {subprocess.py:93} INFO - 25/08/18 09:39:50 INFO BlockManagerMasterEndpoint: Registering block manager 72ba4f4a5000:41685 with 434.4 MiB RAM, BlockManagerId(driver, 72ba4f4a5000, 41685, None)
[2025-08-18T09:39:50.937+0000] {subprocess.py:93} INFO - 25/08/18 09:39:50 INFO BlockManagerMaster: Registered BlockManager BlockManagerId(driver, 72ba4f4a5000, 41685, None)
[2025-08-18T09:39:50.947+0000] {subprocess.py:93} INFO - 25/08/18 09:39:50 INFO BlockManager: Initialized BlockManager: BlockManagerId(driver, 72ba4f4a5000, 41685, None)
[2025-08-18T09:39:51.986+0000] {subprocess.py:93} INFO - 25/08/18 09:39:51 INFO StandaloneSchedulerBackend: SchedulerBackend is ready for scheduling beginning after reached minRegisteredResourcesRatio: 0.0
[2025-08-18T09:39:53.832+0000] {subprocess.py:93} INFO - 25/08/18 09:39:53 INFO SharedState: Setting hive.metastore.warehouse.dir ('null') to the value of spark.sql.warehouse.dir.
[2025-08-18T09:39:53.890+0000] {subprocess.py:93} INFO - 25/08/18 09:39:53 INFO SharedState: Warehouse path is 'file:/opt/bitnami/spark/spark-warehouse'.
[2025-08-18T09:39:59.911+0000] {subprocess.py:93} INFO - 25/08/18 09:39:59 INFO InMemoryFileIndex: It took 364 ms to list leaf files for 1 paths.
[2025-08-18T09:40:00.529+0000] {subprocess.py:93} INFO - Traceback (most recent call last):
[2025-08-18T09:40:00.530+0000] {subprocess.py:93} INFO -   File "/opt/***/jobs/transformation/transform_to_golden_dataset.py", line 22, in <module>
[2025-08-18T09:40:00.531+0000] {subprocess.py:93} INFO -     videos_df = spark.read.format("avro").load(f"hdfs://namenode:9000/storage/hdfs/raw/avro/{region}videos")
[2025-08-18T09:40:00.532+0000] {subprocess.py:93} INFO -                 ^^^^^^^^^^^^^^^^^^^^^^^^^^^^^^^^^^^^^^^^^^^^^^^^^^^^^^^^^^^^^^^^^^^^^^^^^^^^^^^^^^^^^^^^^^^^
[2025-08-18T09:40:00.532+0000] {subprocess.py:93} INFO -   File "/opt/bitnami/spark/python/lib/pyspark.zip/pyspark/sql/readwriter.py", line 307, in load
[2025-08-18T09:40:00.537+0000] {subprocess.py:93} INFO -   File "/opt/bitnami/spark/python/lib/py4j-0.10.9.7-src.zip/py4j/java_gateway.py", line 1322, in __call__
[2025-08-18T09:40:00.539+0000] {subprocess.py:93} INFO -   File "/opt/bitnami/spark/python/lib/pyspark.zip/pyspark/errors/exceptions/captured.py", line 179, in deco
[2025-08-18T09:40:00.542+0000] {subprocess.py:93} INFO -   File "/opt/bitnami/spark/python/lib/py4j-0.10.9.7-src.zip/py4j/protocol.py", line 326, in get_return_value
[2025-08-18T09:40:00.542+0000] {subprocess.py:93} INFO - py4j.protocol.Py4JJavaError: An error occurred while calling o29.load.
[2025-08-18T09:40:00.543+0000] {subprocess.py:93} INFO - : java.io.FileNotFoundException: No Avro files found. If files don't have .avro extension, set ignoreExtension to true
[2025-08-18T09:40:00.544+0000] {subprocess.py:93} INFO - 	at org.apache.spark.sql.avro.AvroUtils$.inferAvroSchemaFromFiles(AvroUtils.scala:166)
[2025-08-18T09:40:00.544+0000] {subprocess.py:93} INFO - 	at org.apache.spark.sql.avro.AvroUtils$.$anonfun$inferSchema$2(AvroUtils.scala:61)
[2025-08-18T09:40:00.544+0000] {subprocess.py:93} INFO - 	at scala.Option.getOrElse(Option.scala:189)
[2025-08-18T09:40:00.545+0000] {subprocess.py:93} INFO - 	at org.apache.spark.sql.avro.AvroUtils$.inferSchema(AvroUtils.scala:60)
[2025-08-18T09:40:00.545+0000] {subprocess.py:93} INFO - 	at org.apache.spark.sql.avro.AvroFileFormat.inferSchema(AvroFileFormat.scala:58)
[2025-08-18T09:40:00.545+0000] {subprocess.py:93} INFO - 	at org.apache.spark.sql.execution.datasources.DataSource.$anonfun$getOrInferFileFormatSchema$11(DataSource.scala:208)
[2025-08-18T09:40:00.552+0000] {subprocess.py:93} INFO - 	at scala.Option.orElse(Option.scala:447)
[2025-08-18T09:40:00.554+0000] {subprocess.py:93} INFO - 	at org.apache.spark.sql.execution.datasources.DataSource.getOrInferFileFormatSchema(DataSource.scala:205)
[2025-08-18T09:40:00.555+0000] {subprocess.py:93} INFO - 	at org.apache.spark.sql.execution.datasources.DataSource.resolveRelation(DataSource.scala:407)
[2025-08-18T09:40:00.557+0000] {subprocess.py:93} INFO - 	at org.apache.spark.sql.DataFrameReader.loadV1Source(DataFrameReader.scala:229)
[2025-08-18T09:40:00.561+0000] {subprocess.py:93} INFO - 	at org.apache.spark.sql.DataFrameReader.$anonfun$load$2(DataFrameReader.scala:211)
[2025-08-18T09:40:00.562+0000] {subprocess.py:93} INFO - 	at scala.Option.getOrElse(Option.scala:189)
[2025-08-18T09:40:00.563+0000] {subprocess.py:93} INFO - 	at org.apache.spark.sql.DataFrameReader.load(DataFrameReader.scala:211)
[2025-08-18T09:40:00.563+0000] {subprocess.py:93} INFO - 	at org.apache.spark.sql.DataFrameReader.load(DataFrameReader.scala:186)
[2025-08-18T09:40:00.570+0000] {subprocess.py:93} INFO - 	at java.base/jdk.internal.reflect.NativeMethodAccessorImpl.invoke0(Native Method)
[2025-08-18T09:40:00.571+0000] {subprocess.py:93} INFO - 	at java.base/jdk.internal.reflect.NativeMethodAccessorImpl.invoke(NativeMethodAccessorImpl.java:77)
[2025-08-18T09:40:00.572+0000] {subprocess.py:93} INFO - 	at java.base/jdk.internal.reflect.DelegatingMethodAccessorImpl.invoke(DelegatingMethodAccessorImpl.java:43)
[2025-08-18T09:40:00.572+0000] {subprocess.py:93} INFO - 	at java.base/java.lang.reflect.Method.invoke(Method.java:569)
[2025-08-18T09:40:00.572+0000] {subprocess.py:93} INFO - 	at py4j.reflection.MethodInvoker.invoke(MethodInvoker.java:244)
[2025-08-18T09:40:00.579+0000] {subprocess.py:93} INFO - 	at py4j.reflection.ReflectionEngine.invoke(ReflectionEngine.java:374)
[2025-08-18T09:40:00.579+0000] {subprocess.py:93} INFO - 	at py4j.Gateway.invoke(Gateway.java:282)
[2025-08-18T09:40:00.580+0000] {subprocess.py:93} INFO - 	at py4j.commands.AbstractCommand.invokeMethod(AbstractCommand.java:132)
[2025-08-18T09:40:00.583+0000] {subprocess.py:93} INFO - 	at py4j.commands.CallCommand.execute(CallCommand.java:79)
[2025-08-18T09:40:00.583+0000] {subprocess.py:93} INFO - 	at py4j.ClientServerConnection.waitForCommands(ClientServerConnection.java:182)
[2025-08-18T09:40:00.591+0000] {subprocess.py:93} INFO - 	at py4j.ClientServerConnection.run(ClientServerConnection.java:106)
[2025-08-18T09:40:00.591+0000] {subprocess.py:93} INFO - 	at java.base/java.lang.Thread.run(Thread.java:840)
[2025-08-18T09:40:00.592+0000] {subprocess.py:93} INFO - 
[2025-08-18T09:40:00.701+0000] {subprocess.py:93} INFO - 25/08/18 09:40:00 INFO SparkContext: Invoking stop() from shutdown hook
[2025-08-18T09:40:00.707+0000] {subprocess.py:93} INFO - 25/08/18 09:40:00 INFO SparkContext: SparkContext is stopping with exitCode 0.
[2025-08-18T09:40:00.844+0000] {subprocess.py:93} INFO - 25/08/18 09:40:00 INFO SparkUI: Stopped Spark web UI at http://72ba4f4a5000:4040
[2025-08-18T09:40:00.915+0000] {subprocess.py:93} INFO - 25/08/18 09:40:00 INFO StandaloneSchedulerBackend: Shutting down all executors
[2025-08-18T09:40:00.935+0000] {subprocess.py:93} INFO - 25/08/18 09:40:00 INFO StandaloneSchedulerBackend$StandaloneDriverEndpoint: Asking each executor to shut down
[2025-08-18T09:40:01.101+0000] {subprocess.py:93} INFO - 25/08/18 09:40:01 INFO MapOutputTrackerMasterEndpoint: MapOutputTrackerMasterEndpoint stopped!
[2025-08-18T09:40:01.225+0000] {subprocess.py:93} INFO - 25/08/18 09:40:01 INFO MemoryStore: MemoryStore cleared
[2025-08-18T09:40:01.228+0000] {subprocess.py:93} INFO - 25/08/18 09:40:01 INFO BlockManager: BlockManager stopped
[2025-08-18T09:40:01.244+0000] {subprocess.py:93} INFO - 25/08/18 09:40:01 INFO BlockManagerMaster: BlockManagerMaster stopped
[2025-08-18T09:40:01.249+0000] {subprocess.py:93} INFO - 25/08/18 09:40:01 INFO OutputCommitCoordinator$OutputCommitCoordinatorEndpoint: OutputCommitCoordinator stopped!
[2025-08-18T09:40:01.404+0000] {subprocess.py:93} INFO - 25/08/18 09:40:01 INFO SparkContext: Successfully stopped SparkContext
[2025-08-18T09:40:01.411+0000] {subprocess.py:93} INFO - 25/08/18 09:40:01 INFO ShutdownHookManager: Shutdown hook called
[2025-08-18T09:40:01.423+0000] {subprocess.py:93} INFO - 25/08/18 09:40:01 INFO ShutdownHookManager: Deleting directory /tmp/spark-7b4b110c-bb14-47aa-a180-e9941c7d5fc1
[2025-08-18T09:40:01.455+0000] {subprocess.py:93} INFO - 25/08/18 09:40:01 INFO ShutdownHookManager: Deleting directory /tmp/spark-b730cf1c-5582-4b6f-bfe2-3cde00f08f5f
[2025-08-18T09:40:01.481+0000] {subprocess.py:93} INFO - 25/08/18 09:40:01 INFO ShutdownHookManager: Deleting directory /tmp/spark-b730cf1c-5582-4b6f-bfe2-3cde00f08f5f/pyspark-6ce651db-571d-4478-b2a7-af5be3aa959d
[2025-08-18T09:40:01.891+0000] {subprocess.py:97} INFO - Command exited with return code 1
[2025-08-18T09:40:01.892+0000] {taskinstance.py:441} INFO - ::group::Post task execution logs
[2025-08-18T09:40:01.947+0000] {taskinstance.py:2890} ERROR - Task failed with exception
Traceback (most recent call last):
  File "/home/airflow/.local/lib/python3.9/site-packages/airflow/models/taskinstance.py", line 465, in _execute_task
    result = _execute_callable(context=context, **execute_callable_kwargs)
  File "/home/airflow/.local/lib/python3.9/site-packages/airflow/models/taskinstance.py", line 432, in _execute_callable
    return execute_callable(context=context, **execute_callable_kwargs)
  File "/home/airflow/.local/lib/python3.9/site-packages/airflow/models/baseoperator.py", line 400, in wrapper
    return func(self, *args, **kwargs)
  File "/home/airflow/.local/lib/python3.9/site-packages/airflow/operators/bash.py", line 243, in execute
    raise AirflowException(
airflow.exceptions.AirflowException: Bash command failed. The command returned a non-zero exit code 1.
[2025-08-18T09:40:01.980+0000] {taskinstance.py:1205} INFO - Marking task as UP_FOR_RETRY. dag_id=youtube_pipeline_simple, task_id=transform_golden, execution_date=20250818T093641, start_date=20250818T093930, end_date=20250818T094001
[2025-08-18T09:40:02.048+0000] {standard_task_runner.py:110} ERROR - Failed to execute job 31 for task transform_golden (Bash command failed. The command returned a non-zero exit code 1.; 2148)
[2025-08-18T09:40:02.099+0000] {local_task_job_runner.py:240} INFO - Task exited with return code 1
[2025-08-18T09:40:02.170+0000] {taskinstance.py:3482} INFO - 0 downstream tasks scheduled from follow-on schedule check
[2025-08-18T09:40:02.179+0000] {local_task_job_runner.py:222} INFO - ::endgroup::
