[2025-08-19T17:25:45.054+0000] {local_task_job_runner.py:120} INFO - ::group::Pre task execution logs
[2025-08-19T17:25:45.169+0000] {taskinstance.py:2073} INFO - Dependencies all met for dep_context=non-requeueable deps ti=<TaskInstance: youtube_pipeline_batch_data.run_q_02_top_engagement_channels manual__2025-08-19T17:11:54.436401+00:00 [queued]>
[2025-08-19T17:25:45.226+0000] {taskinstance.py:2073} INFO - Dependencies all met for dep_context=requeueable deps ti=<TaskInstance: youtube_pipeline_batch_data.run_q_02_top_engagement_channels manual__2025-08-19T17:11:54.436401+00:00 [queued]>
[2025-08-19T17:25:45.227+0000] {taskinstance.py:2303} INFO - Starting attempt 1 of 4
[2025-08-19T17:25:45.429+0000] {taskinstance.py:2327} INFO - Executing <Task(BashOperator): run_q_02_top_engagement_channels> on 2025-08-19 17:11:54.436401+00:00
[2025-08-19T17:25:45.455+0000] {standard_task_runner.py:63} INFO - Started process 2903 to run task
[2025-08-19T17:25:45.495+0000] {standard_task_runner.py:90} INFO - Running: ['***', 'tasks', 'run', 'youtube_pipeline_batch_data', 'run_q_02_top_engagement_channels', 'manual__2025-08-19T17:11:54.436401+00:00', '--job-id', '664', '--raw', '--subdir', 'DAGS_FOLDER/youtube_pipeline.py', '--cfg-path', '/tmp/tmp_153ry0_']
[2025-08-19T17:25:45.512+0000] {standard_task_runner.py:91} INFO - Job 664: Subtask run_q_02_top_engagement_channels
[2025-08-19T17:25:45.800+0000] {task_command.py:426} INFO - Running <TaskInstance: youtube_pipeline_batch_data.run_q_02_top_engagement_channels manual__2025-08-19T17:11:54.436401+00:00 [running]> on host 7d98d1163bcd
[2025-08-19T17:25:46.566+0000] {taskinstance.py:2644} INFO - Exporting env vars: AIRFLOW_CTX_DAG_OWNER='***' AIRFLOW_CTX_DAG_ID='youtube_pipeline_batch_data' AIRFLOW_CTX_TASK_ID='run_q_02_top_engagement_channels' AIRFLOW_CTX_EXECUTION_DATE='2025-08-19T17:11:54.436401+00:00' AIRFLOW_CTX_TRY_NUMBER='1' AIRFLOW_CTX_DAG_RUN_ID='manual__2025-08-19T17:11:54.436401+00:00'
[2025-08-19T17:25:46.568+0000] {taskinstance.py:430} INFO - ::endgroup::
[2025-08-19T17:25:46.645+0000] {subprocess.py:63} INFO - Tmp dir root location: /tmp
[2025-08-19T17:25:46.645+0000] {subprocess.py:75} INFO - Running command: ['/usr/bin/bash', '-c', 'PGPASSWORD=citus psql -h citus_coordinator -U citus -d youtube_dw -f /opt/***/sql/q_02_top_engagement_channels.sql']
[2025-08-19T17:25:46.682+0000] {subprocess.py:86} INFO - Output:
[2025-08-19T17:25:47.022+0000] {subprocess.py:93} INFO - CREATE VIEW
[2025-08-19T17:25:47.028+0000] {subprocess.py:97} INFO - Command exited with return code 0
[2025-08-19T17:25:47.029+0000] {taskinstance.py:441} INFO - ::group::Post task execution logs
[2025-08-19T17:25:47.203+0000] {taskinstance.py:1205} INFO - Marking task as SUCCESS. dag_id=youtube_pipeline_batch_data, task_id=run_q_02_top_engagement_channels, execution_date=20250819T171154, start_date=20250819T172545, end_date=20250819T172547
[2025-08-19T17:25:47.303+0000] {local_task_job_runner.py:240} INFO - Task exited with return code 0
[2025-08-19T17:25:47.502+0000] {taskinstance.py:3482} INFO - 0 downstream tasks scheduled from follow-on schedule check
[2025-08-19T17:25:47.507+0000] {local_task_job_runner.py:222} INFO - ::endgroup::
