[2025-08-18T08:21:38.009+0000] {local_task_job_runner.py:120} INFO - ::group::Pre task execution logs
[2025-08-18T08:21:38.100+0000] {taskinstance.py:2073} INFO - Dependencies all met for dep_context=non-requeueable deps ti=<TaskInstance: youtube_pipeline_exec.create_tables manual__2025-08-18T08:21:37.124068+00:00 [queued]>
[2025-08-18T08:21:38.118+0000] {taskinstance.py:2073} INFO - Dependencies all met for dep_context=requeueable deps ti=<TaskInstance: youtube_pipeline_exec.create_tables manual__2025-08-18T08:21:37.124068+00:00 [queued]>
[2025-08-18T08:21:38.119+0000] {taskinstance.py:2303} INFO - Starting attempt 1 of 2
[2025-08-18T08:21:38.148+0000] {taskinstance.py:2327} INFO - Executing <Task(PostgresOperator): create_tables> on 2025-08-18 08:21:37.124068+00:00
[2025-08-18T08:21:38.157+0000] {standard_task_runner.py:63} INFO - Started process 565 to run task
[2025-08-18T08:21:38.168+0000] {standard_task_runner.py:90} INFO - Running: ['***', 'tasks', 'run', 'youtube_pipeline_exec', 'create_tables', 'manual__2025-08-18T08:21:37.124068+00:00', '--job-id', '48', '--raw', '--subdir', 'DAGS_FOLDER/youtube_pipeline.py', '--cfg-path', '/tmp/tmp5jknl2mj']
[2025-08-18T08:21:38.177+0000] {standard_task_runner.py:91} INFO - Job 48: Subtask create_tables
[2025-08-18T08:21:38.304+0000] {task_command.py:426} INFO - Running <TaskInstance: youtube_pipeline_exec.create_tables manual__2025-08-18T08:21:37.124068+00:00 [running]> on host 545418c0948b
[2025-08-18T08:21:38.419+0000] {abstractoperator.py:725} ERROR - Exception rendering Jinja template for task 'create_tables', field 'sql'. Template: '/opt/***/sql/create_star_schema.sql'
Traceback (most recent call last):
  File "/home/airflow/.local/lib/python3.9/site-packages/airflow/models/abstractoperator.py", line 717, in _do_render_template_fields
    rendered_content = self.render_template(
  File "/home/airflow/.local/lib/python3.9/site-packages/airflow/template/templater.py", line 166, in render_template
    template = jinja_env.get_template(value)
  File "/home/airflow/.local/lib/python3.9/site-packages/jinja2/environment.py", line 1010, in get_template
    return self._load_template(name, globals)
  File "/home/airflow/.local/lib/python3.9/site-packages/jinja2/environment.py", line 969, in _load_template
    template = self.loader.load(self, name, self.make_globals(globals))
  File "/home/airflow/.local/lib/python3.9/site-packages/jinja2/loaders.py", line 125, in load
    source, filename, uptodate = self.get_source(environment, name)
  File "/home/airflow/.local/lib/python3.9/site-packages/jinja2/loaders.py", line 204, in get_source
    raise TemplateNotFound(template)
jinja2.exceptions.TemplateNotFound: /opt/airflow/sql/create_star_schema.sql
[2025-08-18T08:21:38.421+0000] {taskinstance.py:2890} ERROR - Task failed with exception
Traceback (most recent call last):
  File "/home/airflow/.local/lib/python3.9/site-packages/airflow/models/taskinstance.py", line 2476, in _run_raw_task
    self._execute_task_with_callbacks(context, test_mode, session=session)
  File "/home/airflow/.local/lib/python3.9/site-packages/airflow/models/taskinstance.py", line 2629, in _execute_task_with_callbacks
    task_orig = self.render_templates(context=context, jinja_env=jinja_env)
  File "/home/airflow/.local/lib/python3.9/site-packages/airflow/models/taskinstance.py", line 3079, in render_templates
    original_task.render_template_fields(context, jinja_env)
  File "/home/airflow/.local/lib/python3.9/site-packages/airflow/models/baseoperator.py", line 1336, in render_template_fields
    self._do_render_template_fields(self, self.template_fields, context, jinja_env, set())
  File "/home/airflow/.local/lib/python3.9/site-packages/airflow/models/abstractoperator.py", line 717, in _do_render_template_fields
    rendered_content = self.render_template(
  File "/home/airflow/.local/lib/python3.9/site-packages/airflow/template/templater.py", line 166, in render_template
    template = jinja_env.get_template(value)
  File "/home/airflow/.local/lib/python3.9/site-packages/jinja2/environment.py", line 1010, in get_template
    return self._load_template(name, globals)
  File "/home/airflow/.local/lib/python3.9/site-packages/jinja2/environment.py", line 969, in _load_template
    template = self.loader.load(self, name, self.make_globals(globals))
  File "/home/airflow/.local/lib/python3.9/site-packages/jinja2/loaders.py", line 125, in load
    source, filename, uptodate = self.get_source(environment, name)
  File "/home/airflow/.local/lib/python3.9/site-packages/jinja2/loaders.py", line 204, in get_source
    raise TemplateNotFound(template)
jinja2.exceptions.TemplateNotFound: /opt/airflow/sql/create_star_schema.sql
[2025-08-18T08:21:38.442+0000] {taskinstance.py:1205} INFO - Marking task as UP_FOR_RETRY. dag_id=youtube_pipeline_exec, task_id=create_tables, execution_date=20250818T082137, start_date=20250818T082138, end_date=20250818T082138
[2025-08-18T08:21:38.473+0000] {standard_task_runner.py:110} ERROR - Failed to execute job 48 for task create_tables (/opt/airflow/sql/create_star_schema.sql; 565)
[2025-08-18T08:21:38.507+0000] {local_task_job_runner.py:240} INFO - Task exited with return code 1
[2025-08-18T08:21:38.554+0000] {taskinstance.py:3482} INFO - 0 downstream tasks scheduled from follow-on schedule check
[2025-08-18T08:21:38.557+0000] {local_task_job_runner.py:222} INFO - ::endgroup::
