[2025-08-19T08:57:36.735+0000] {local_task_job_runner.py:120} INFO - ::group::Pre task execution logs
[2025-08-19T08:57:36.827+0000] {taskinstance.py:2073} INFO - Dependencies all met for dep_context=non-requeueable deps ti=<TaskInstance: youtube_pipeline_batch_data.check_raw_files manual__2025-08-19T08:57:35.847127+00:00 [queued]>
[2025-08-19T08:57:36.848+0000] {taskinstance.py:2073} INFO - Dependencies all met for dep_context=requeueable deps ti=<TaskInstance: youtube_pipeline_batch_data.check_raw_files manual__2025-08-19T08:57:35.847127+00:00 [queued]>
[2025-08-19T08:57:36.848+0000] {taskinstance.py:2303} INFO - Starting attempt 1 of 4
[2025-08-19T08:57:36.880+0000] {taskinstance.py:2327} INFO - Executing <Task(BashOperator): check_raw_files> on 2025-08-19 08:57:35.847127+00:00
[2025-08-19T08:57:36.886+0000] {standard_task_runner.py:63} INFO - Started process 2080 to run task
[2025-08-19T08:57:36.891+0000] {standard_task_runner.py:90} INFO - Running: ['***', 'tasks', 'run', 'youtube_pipeline_batch_data', 'check_raw_files', 'manual__2025-08-19T08:57:35.847127+00:00', '--job-id', '553', '--raw', '--subdir', 'DAGS_FOLDER/youtube_pipeline.py', '--cfg-path', '/tmp/tmpnzxqoav6']
[2025-08-19T08:57:36.895+0000] {standard_task_runner.py:91} INFO - Job 553: Subtask check_raw_files
[2025-08-19T08:57:36.969+0000] {task_command.py:426} INFO - Running <TaskInstance: youtube_pipeline_batch_data.check_raw_files manual__2025-08-19T08:57:35.847127+00:00 [running]> on host 0121d0ff2e32
[2025-08-19T08:57:37.119+0000] {taskinstance.py:2644} INFO - Exporting env vars: AIRFLOW_CTX_DAG_OWNER='***' AIRFLOW_CTX_DAG_ID='youtube_pipeline_batch_data' AIRFLOW_CTX_TASK_ID='check_raw_files' AIRFLOW_CTX_EXECUTION_DATE='2025-08-19T08:57:35.847127+00:00' AIRFLOW_CTX_TRY_NUMBER='1' AIRFLOW_CTX_DAG_RUN_ID='manual__2025-08-19T08:57:35.847127+00:00'
[2025-08-19T08:57:37.121+0000] {taskinstance.py:430} INFO - ::endgroup::
[2025-08-19T08:57:37.151+0000] {subprocess.py:63} INFO - Tmp dir root location: /tmp
[2025-08-19T08:57:37.152+0000] {subprocess.py:75} INFO - Running command: ['/usr/bin/bash', '-c', '\n        if docker exec namenode hdfs dfs -test -e /storage/hdfs/raw/; then\n            echo "Found raw files"\n        else\n            echo "No raw files found, exiting" && exit 1\n        fi\n        ']
[2025-08-19T08:57:37.170+0000] {subprocess.py:86} INFO - Output:
[2025-08-19T08:57:40.360+0000] {subprocess.py:93} INFO - Found raw files
[2025-08-19T08:57:40.361+0000] {subprocess.py:97} INFO - Command exited with return code 0
[2025-08-19T08:57:40.362+0000] {taskinstance.py:441} INFO - ::group::Post task execution logs
[2025-08-19T08:57:40.396+0000] {taskinstance.py:1205} INFO - Marking task as SUCCESS. dag_id=youtube_pipeline_batch_data, task_id=check_raw_files, execution_date=20250819T085735, start_date=20250819T085736, end_date=20250819T085740
[2025-08-19T08:57:40.424+0000] {local_task_job_runner.py:240} INFO - Task exited with return code 0
[2025-08-19T08:57:40.472+0000] {taskinstance.py:3482} INFO - 1 downstream tasks scheduled from follow-on schedule check
[2025-08-19T08:57:40.481+0000] {local_task_job_runner.py:222} INFO - ::endgroup::
