[2025-08-19T09:00:15.291+0000] {local_task_job_runner.py:120} INFO - ::group::Pre task execution logs
[2025-08-19T09:00:15.333+0000] {taskinstance.py:2073} INFO - Dependencies all met for dep_context=non-requeueable deps ti=<TaskInstance: youtube_pipeline_batch_data.drop_views manual__2025-08-19T09:00:09.193478+00:00 [queued]>
[2025-08-19T09:00:15.346+0000] {taskinstance.py:2073} INFO - Dependencies all met for dep_context=requeueable deps ti=<TaskInstance: youtube_pipeline_batch_data.drop_views manual__2025-08-19T09:00:09.193478+00:00 [queued]>
[2025-08-19T09:00:15.346+0000] {taskinstance.py:2303} INFO - Starting attempt 1 of 4
[2025-08-19T09:00:15.364+0000] {taskinstance.py:2327} INFO - Executing <Task(BashOperator): drop_views> on 2025-08-19 09:00:09.193478+00:00
[2025-08-19T09:00:15.370+0000] {standard_task_runner.py:63} INFO - Started process 2202 to run task
[2025-08-19T09:00:15.374+0000] {standard_task_runner.py:90} INFO - Running: ['***', 'tasks', 'run', 'youtube_pipeline_batch_data', 'drop_views', 'manual__2025-08-19T09:00:09.193478+00:00', '--job-id', '562', '--raw', '--subdir', 'DAGS_FOLDER/youtube_pipeline.py', '--cfg-path', '/tmp/tmp4oq4cijf']
[2025-08-19T09:00:15.377+0000] {standard_task_runner.py:91} INFO - Job 562: Subtask drop_views
[2025-08-19T09:00:15.436+0000] {task_command.py:426} INFO - Running <TaskInstance: youtube_pipeline_batch_data.drop_views manual__2025-08-19T09:00:09.193478+00:00 [running]> on host 0121d0ff2e32
[2025-08-19T09:00:15.566+0000] {taskinstance.py:2644} INFO - Exporting env vars: AIRFLOW_CTX_DAG_OWNER='***' AIRFLOW_CTX_DAG_ID='youtube_pipeline_batch_data' AIRFLOW_CTX_TASK_ID='drop_views' AIRFLOW_CTX_EXECUTION_DATE='2025-08-19T09:00:09.193478+00:00' AIRFLOW_CTX_TRY_NUMBER='1' AIRFLOW_CTX_DAG_RUN_ID='manual__2025-08-19T09:00:09.193478+00:00'
[2025-08-19T09:00:15.567+0000] {taskinstance.py:430} INFO - ::endgroup::
[2025-08-19T09:00:15.592+0000] {subprocess.py:63} INFO - Tmp dir root location: /tmp
[2025-08-19T09:00:15.593+0000] {subprocess.py:75} INFO - Running command: ['/usr/bin/bash', '-c', 'docker exec youtube-pipeline-project-citus_coordinator-1 psql -U citus -d youtube_dw -c "DROP VIEW IF EXISTS avg_views_comments CASCADE; DROP VIEW IF EXISTS vw_q02_top_engagement_channels CASCADE; DROP VIEW IF EXISTS vw_q03_gold_combinations CASCADE; DROP VIEW IF EXISTS vw_q04_problem_types CASCADE; DROP VIEW IF EXISTS vw_q05_tags_core_metrics CASCADE; DROP VIEW IF EXISTS vw_q06_magic_tags CASCADE; DROP VIEW IF EXISTS vw_q07_speed_to_viral CASCADE; DROP VIEW IF EXISTS vw_q08_desc_thumb_performance CASCADE; DROP VIEW IF EXISTS vw_q09_seasonal_launch CASCADE; DROP VIEW IF EXISTS vw_q10_channel_top_video CASCADE;"']
[2025-08-19T09:00:15.608+0000] {subprocess.py:86} INFO - Output:
[2025-08-19T09:00:15.808+0000] {subprocess.py:93} INFO - NOTICE:  view "avg_views_comments" does not exist, skipping
[2025-08-19T09:00:15.809+0000] {subprocess.py:93} INFO - NOTICE:  view "vw_q02_top_engagement_channels" does not exist, skipping
[2025-08-19T09:00:15.809+0000] {subprocess.py:93} INFO - NOTICE:  view "vw_q03_gold_combinations" does not exist, skipping
[2025-08-19T09:00:15.810+0000] {subprocess.py:93} INFO - NOTICE:  view "vw_q04_problem_types" does not exist, skipping
[2025-08-19T09:00:15.810+0000] {subprocess.py:93} INFO - NOTICE:  view "vw_q05_tags_core_metrics" does not exist, skipping
[2025-08-19T09:00:15.810+0000] {subprocess.py:93} INFO - NOTICE:  view "vw_q06_magic_tags" does not exist, skipping
[2025-08-19T09:00:15.811+0000] {subprocess.py:93} INFO - NOTICE:  view "vw_q07_speed_to_viral" does not exist, skipping
[2025-08-19T09:00:15.811+0000] {subprocess.py:93} INFO - NOTICE:  view "vw_q08_desc_thumb_performance" does not exist, skipping
[2025-08-19T09:00:15.812+0000] {subprocess.py:93} INFO - NOTICE:  view "vw_q09_seasonal_launch" does not exist, skipping
[2025-08-19T09:00:15.813+0000] {subprocess.py:93} INFO - NOTICE:  view "vw_q10_channel_top_video" does not exist, skipping
[2025-08-19T09:00:15.813+0000] {subprocess.py:93} INFO - DROP VIEW
[2025-08-19T09:00:15.813+0000] {subprocess.py:93} INFO - DROP VIEW
[2025-08-19T09:00:15.814+0000] {subprocess.py:93} INFO - DROP VIEW
[2025-08-19T09:00:15.814+0000] {subprocess.py:93} INFO - DROP VIEW
[2025-08-19T09:00:15.814+0000] {subprocess.py:93} INFO - DROP VIEW
[2025-08-19T09:00:15.814+0000] {subprocess.py:93} INFO - DROP VIEW
[2025-08-19T09:00:15.815+0000] {subprocess.py:93} INFO - DROP VIEW
[2025-08-19T09:00:15.815+0000] {subprocess.py:93} INFO - DROP VIEW
[2025-08-19T09:00:15.816+0000] {subprocess.py:93} INFO - DROP VIEW
[2025-08-19T09:00:15.816+0000] {subprocess.py:93} INFO - DROP VIEW
[2025-08-19T09:00:15.821+0000] {subprocess.py:97} INFO - Command exited with return code 0
[2025-08-19T09:00:15.822+0000] {taskinstance.py:441} INFO - ::group::Post task execution logs
[2025-08-19T09:00:15.866+0000] {taskinstance.py:1205} INFO - Marking task as SUCCESS. dag_id=youtube_pipeline_batch_data, task_id=drop_views, execution_date=20250819T090009, start_date=20250819T090015, end_date=20250819T090015
[2025-08-19T09:00:15.908+0000] {local_task_job_runner.py:240} INFO - Task exited with return code 0
[2025-08-19T09:00:15.967+0000] {taskinstance.py:3482} INFO - 1 downstream tasks scheduled from follow-on schedule check
[2025-08-19T09:00:15.975+0000] {local_task_job_runner.py:222} INFO - ::endgroup::
