[2025-08-18T10:09:53.452+0000] {local_task_job_runner.py:120} INFO - ::group::Pre task execution logs
[2025-08-18T10:09:53.631+0000] {taskinstance.py:2073} INFO - Dependencies all met for dep_context=non-requeueable deps ti=<TaskInstance: youtube_pipeline_simple.transform_golden manual__2025-08-18T10:05:27.972977+00:00 [queued]>
[2025-08-18T10:09:53.682+0000] {taskinstance.py:2073} INFO - Dependencies all met for dep_context=requeueable deps ti=<TaskInstance: youtube_pipeline_simple.transform_golden manual__2025-08-18T10:05:27.972977+00:00 [queued]>
[2025-08-18T10:09:53.683+0000] {taskinstance.py:2303} INFO - Starting attempt 1 of 2
[2025-08-18T10:09:53.790+0000] {taskinstance.py:2327} INFO - Executing <Task(BashOperator): transform_golden> on 2025-08-18 10:05:27.972977+00:00
[2025-08-18T10:09:53.840+0000] {standard_task_runner.py:63} INFO - Started process 2063 to run task
[2025-08-18T10:09:53.851+0000] {standard_task_runner.py:90} INFO - Running: ['***', 'tasks', 'run', 'youtube_pipeline_simple', 'transform_golden', 'manual__2025-08-18T10:05:27.972977+00:00', '--job-id', '51', '--raw', '--subdir', 'DAGS_FOLDER/youtube_pipeline.py', '--cfg-path', '/tmp/tmp821kd6tl']
[2025-08-18T10:09:53.860+0000] {standard_task_runner.py:91} INFO - Job 51: Subtask transform_golden
[2025-08-18T10:09:53.995+0000] {task_command.py:426} INFO - Running <TaskInstance: youtube_pipeline_simple.transform_golden manual__2025-08-18T10:05:27.972977+00:00 [running]> on host 47205959681c
[2025-08-18T10:09:54.233+0000] {taskinstance.py:2644} INFO - Exporting env vars: AIRFLOW_CTX_DAG_OWNER='***' AIRFLOW_CTX_DAG_ID='youtube_pipeline_simple' AIRFLOW_CTX_TASK_ID='transform_golden' AIRFLOW_CTX_EXECUTION_DATE='2025-08-18T10:05:27.972977+00:00' AIRFLOW_CTX_TRY_NUMBER='1' AIRFLOW_CTX_DAG_RUN_ID='manual__2025-08-18T10:05:27.972977+00:00'
[2025-08-18T10:09:54.236+0000] {taskinstance.py:430} INFO - ::endgroup::
[2025-08-18T10:09:54.279+0000] {subprocess.py:63} INFO - Tmp dir root location: /tmp
[2025-08-18T10:09:54.280+0000] {subprocess.py:75} INFO - Running command: ['/usr/bin/bash', '-c', 'docker exec youtube-pipeline-project_spark-master_1 spark-submit --master spark://spark-master:7077 --deploy-mode client --packages org.apache.spark:spark-avro_2.12:3.5.1 /opt/***/jobs/transformation/transform_to_golden_dataset.py']
[2025-08-18T10:09:54.306+0000] {subprocess.py:86} INFO - Output:
[2025-08-18T10:10:03.528+0000] {subprocess.py:93} INFO - :: loading settings :: url = jar:file:/opt/bitnami/spark/jars/ivy-2.5.1.jar!/org/apache/ivy/core/settings/ivysettings.xml
[2025-08-18T10:10:04.072+0000] {subprocess.py:93} INFO - Ivy Default Cache set to: /opt/bitnami/spark/.ivy2/cache
[2025-08-18T10:10:04.073+0000] {subprocess.py:93} INFO - The jars for the packages stored in: /opt/bitnami/spark/.ivy2/jars
[2025-08-18T10:10:04.123+0000] {subprocess.py:93} INFO - org.apache.spark#spark-avro_2.12 added as a dependency
[2025-08-18T10:10:04.131+0000] {subprocess.py:93} INFO - :: resolving dependencies :: org.apache.spark#spark-submit-parent-c0d168d6-4ed7-4945-8777-9e65491f25a6;1.0
[2025-08-18T10:10:04.133+0000] {subprocess.py:93} INFO - 	confs: [default]
[2025-08-18T10:10:05.488+0000] {subprocess.py:93} INFO - 	found org.apache.spark#spark-avro_2.12;3.5.1 in central
[2025-08-18T10:10:05.818+0000] {subprocess.py:93} INFO - 	found org.tukaani#xz;1.9 in central
[2025-08-18T10:10:06.075+0000] {subprocess.py:93} INFO - :: resolution report :: resolve 1842ms :: artifacts dl 101ms
[2025-08-18T10:10:06.092+0000] {subprocess.py:93} INFO - 	:: modules in use:
[2025-08-18T10:10:06.093+0000] {subprocess.py:93} INFO - 	org.apache.spark#spark-avro_2.12;3.5.1 from central in [default]
[2025-08-18T10:10:06.096+0000] {subprocess.py:93} INFO - 	org.tukaani#xz;1.9 from central in [default]
[2025-08-18T10:10:06.101+0000] {subprocess.py:93} INFO - 	---------------------------------------------------------------------
[2025-08-18T10:10:06.102+0000] {subprocess.py:93} INFO - 	|                  |            modules            ||   artifacts   |
[2025-08-18T10:10:06.104+0000] {subprocess.py:93} INFO - 	|       conf       | number| search|dwnlded|evicted|| number|dwnlded|
[2025-08-18T10:10:06.105+0000] {subprocess.py:93} INFO - 	---------------------------------------------------------------------
[2025-08-18T10:10:06.108+0000] {subprocess.py:93} INFO - 	|      default     |   2   |   0   |   0   |   0   ||   2   |   0   |
[2025-08-18T10:10:06.111+0000] {subprocess.py:93} INFO - 	---------------------------------------------------------------------
[2025-08-18T10:10:06.132+0000] {subprocess.py:93} INFO - :: retrieving :: org.apache.spark#spark-submit-parent-c0d168d6-4ed7-4945-8777-9e65491f25a6
[2025-08-18T10:10:06.133+0000] {subprocess.py:93} INFO - 	confs: [default]
[2025-08-18T10:10:06.191+0000] {subprocess.py:93} INFO - 	0 artifacts copied, 2 already retrieved (0kB/56ms)
[2025-08-18T10:10:06.916+0000] {subprocess.py:93} INFO - 25/08/18 10:10:06 WARN NativeCodeLoader: Unable to load native-hadoop library for your platform... using builtin-java classes where applicable
[2025-08-18T10:10:08.893+0000] {subprocess.py:93} INFO - 25/08/18 10:10:08 INFO SparkContext: Running Spark version 3.5.1
[2025-08-18T10:10:08.894+0000] {subprocess.py:93} INFO - 25/08/18 10:10:08 INFO SparkContext: OS info Linux, 6.11.0-29-generic, amd64
[2025-08-18T10:10:08.896+0000] {subprocess.py:93} INFO - 25/08/18 10:10:08 INFO SparkContext: Java version 17.0.12
[2025-08-18T10:10:08.973+0000] {subprocess.py:93} INFO - 25/08/18 10:10:08 INFO ResourceUtils: ==============================================================
[2025-08-18T10:10:08.975+0000] {subprocess.py:93} INFO - 25/08/18 10:10:08 INFO ResourceUtils: No custom resources configured for spark.driver.
[2025-08-18T10:10:08.982+0000] {subprocess.py:93} INFO - 25/08/18 10:10:08 INFO ResourceUtils: ==============================================================
[2025-08-18T10:10:08.983+0000] {subprocess.py:93} INFO - 25/08/18 10:10:08 INFO SparkContext: Submitted application: Processed Zone - Golden Dataset
[2025-08-18T10:10:09.065+0000] {subprocess.py:93} INFO - 25/08/18 10:10:09 INFO ResourceProfile: Default ResourceProfile created, executor resources: Map(memory -> name: memory, amount: 1024, script: , vendor: , offHeap -> name: offHeap, amount: 0, script: , vendor: ), task resources: Map(cpus -> name: cpus, amount: 1.0)
[2025-08-18T10:10:09.098+0000] {subprocess.py:93} INFO - 25/08/18 10:10:09 INFO ResourceProfile: Limiting resource is cpu
[2025-08-18T10:10:09.099+0000] {subprocess.py:93} INFO - 25/08/18 10:10:09 INFO ResourceProfileManager: Added ResourceProfile id: 0
[2025-08-18T10:10:09.238+0000] {subprocess.py:93} INFO - 25/08/18 10:10:09 INFO SecurityManager: Changing view acls to: spark
[2025-08-18T10:10:09.239+0000] {subprocess.py:93} INFO - 25/08/18 10:10:09 INFO SecurityManager: Changing modify acls to: spark
[2025-08-18T10:10:09.241+0000] {subprocess.py:93} INFO - 25/08/18 10:10:09 INFO SecurityManager: Changing view acls groups to:
[2025-08-18T10:10:09.243+0000] {subprocess.py:93} INFO - 25/08/18 10:10:09 INFO SecurityManager: Changing modify acls groups to:
[2025-08-18T10:10:09.245+0000] {subprocess.py:93} INFO - 25/08/18 10:10:09 INFO SecurityManager: SecurityManager: authentication disabled; ui acls disabled; users with view permissions: spark; groups with view permissions: EMPTY; users with modify permissions: spark; groups with modify permissions: EMPTY
[2025-08-18T10:10:09.933+0000] {subprocess.py:93} INFO - 25/08/18 10:10:09 INFO Utils: Successfully started service 'sparkDriver' on port 43821.
[2025-08-18T10:10:10.064+0000] {subprocess.py:93} INFO - 25/08/18 10:10:10 INFO SparkEnv: Registering MapOutputTracker
[2025-08-18T10:10:10.153+0000] {subprocess.py:93} INFO - 25/08/18 10:10:10 INFO SparkEnv: Registering BlockManagerMaster
[2025-08-18T10:10:10.206+0000] {subprocess.py:93} INFO - 25/08/18 10:10:10 INFO BlockManagerMasterEndpoint: Using org.apache.spark.storage.DefaultTopologyMapper for getting topology information
[2025-08-18T10:10:10.214+0000] {subprocess.py:93} INFO - 25/08/18 10:10:10 INFO BlockManagerMasterEndpoint: BlockManagerMasterEndpoint up
[2025-08-18T10:10:10.227+0000] {subprocess.py:93} INFO - 25/08/18 10:10:10 INFO SparkEnv: Registering BlockManagerMasterHeartbeat
[2025-08-18T10:10:10.280+0000] {subprocess.py:93} INFO - 25/08/18 10:10:10 INFO DiskBlockManager: Created local directory at /tmp/blockmgr-0c16482b-c725-4bcf-a797-c97f695ce10d
[2025-08-18T10:10:10.306+0000] {subprocess.py:93} INFO - 25/08/18 10:10:10 INFO MemoryStore: MemoryStore started with capacity 434.4 MiB
[2025-08-18T10:10:10.338+0000] {subprocess.py:93} INFO - 25/08/18 10:10:10 INFO SparkEnv: Registering OutputCommitCoordinator
[2025-08-18T10:10:10.849+0000] {subprocess.py:93} INFO - 25/08/18 10:10:10 INFO JettyUtils: Start Jetty 0.0.0.0:4040 for SparkUI
[2025-08-18T10:10:11.325+0000] {subprocess.py:93} INFO - 25/08/18 10:10:11 INFO Utils: Successfully started service 'SparkUI' on port 4040.
[2025-08-18T10:10:11.883+0000] {subprocess.py:93} INFO - 25/08/18 10:10:11 INFO SparkContext: Added JAR file:///opt/bitnami/spark/.ivy2/jars/org.apache.spark_spark-avro_2.12-3.5.1.jar at spark://4bf6b336ccb3:43821/jars/org.apache.spark_spark-avro_2.12-3.5.1.jar with timestamp 1755511808876
[2025-08-18T10:10:11.884+0000] {subprocess.py:93} INFO - 25/08/18 10:10:11 INFO SparkContext: Added JAR file:///opt/bitnami/spark/.ivy2/jars/org.tukaani_xz-1.9.jar at spark://4bf6b336ccb3:43821/jars/org.tukaani_xz-1.9.jar with timestamp 1755511808876
[2025-08-18T10:10:11.916+0000] {subprocess.py:93} INFO - 25/08/18 10:10:11 INFO SparkContext: Added file file:///opt/bitnami/spark/.ivy2/jars/org.apache.spark_spark-avro_2.12-3.5.1.jar at spark://4bf6b336ccb3:43821/files/org.apache.spark_spark-avro_2.12-3.5.1.jar with timestamp 1755511808876
[2025-08-18T10:10:11.918+0000] {subprocess.py:93} INFO - 25/08/18 10:10:11 INFO Utils: Copying /opt/bitnami/spark/.ivy2/jars/org.apache.spark_spark-avro_2.12-3.5.1.jar to /tmp/spark-38cffd5d-0a37-4059-9f43-46270bb1502f/userFiles-ad7542fa-1132-492e-b20f-6fb53ede44f9/org.apache.spark_spark-avro_2.12-3.5.1.jar
[2025-08-18T10:10:11.944+0000] {subprocess.py:93} INFO - 25/08/18 10:10:11 INFO SparkContext: Added file file:///opt/bitnami/spark/.ivy2/jars/org.tukaani_xz-1.9.jar at spark://4bf6b336ccb3:43821/files/org.tukaani_xz-1.9.jar with timestamp 1755511808876
[2025-08-18T10:10:11.945+0000] {subprocess.py:93} INFO - 25/08/18 10:10:11 INFO Utils: Copying /opt/bitnami/spark/.ivy2/jars/org.tukaani_xz-1.9.jar to /tmp/spark-38cffd5d-0a37-4059-9f43-46270bb1502f/userFiles-ad7542fa-1132-492e-b20f-6fb53ede44f9/org.tukaani_xz-1.9.jar
[2025-08-18T10:10:12.729+0000] {subprocess.py:93} INFO - 25/08/18 10:10:12 INFO StandaloneAppClient$ClientEndpoint: Connecting to master spark://spark-master:7077...
[2025-08-18T10:10:13.038+0000] {subprocess.py:93} INFO - 25/08/18 10:10:13 INFO TransportClientFactory: Successfully created connection to spark-master/172.18.0.7:7077 after 220 ms (0 ms spent in bootstraps)
[2025-08-18T10:10:13.789+0000] {subprocess.py:93} INFO - 25/08/18 10:10:13 INFO StandaloneSchedulerBackend: Connected to Spark cluster with app ID app-20250818101013-0004
[2025-08-18T10:10:13.850+0000] {subprocess.py:93} INFO - 25/08/18 10:10:13 INFO Utils: Successfully started service 'org.apache.spark.network.netty.NettyBlockTransferService' on port 44967.
[2025-08-18T10:10:13.852+0000] {subprocess.py:93} INFO - 25/08/18 10:10:13 INFO NettyBlockTransferService: Server created on 4bf6b336ccb3:44967
[2025-08-18T10:10:13.860+0000] {subprocess.py:93} INFO - 25/08/18 10:10:13 INFO BlockManager: Using org.apache.spark.storage.RandomBlockReplicationPolicy for block replication policy
[2025-08-18T10:10:13.924+0000] {subprocess.py:93} INFO - 25/08/18 10:10:13 INFO BlockManagerMaster: Registering BlockManager BlockManagerId(driver, 4bf6b336ccb3, 44967, None)
[2025-08-18T10:10:13.927+0000] {subprocess.py:93} INFO - 25/08/18 10:10:13 INFO BlockManagerMasterEndpoint: Registering block manager 4bf6b336ccb3:44967 with 434.4 MiB RAM, BlockManagerId(driver, 4bf6b336ccb3, 44967, None)
[2025-08-18T10:10:13.954+0000] {subprocess.py:93} INFO - 25/08/18 10:10:13 INFO BlockManagerMaster: Registered BlockManager BlockManagerId(driver, 4bf6b336ccb3, 44967, None)
[2025-08-18T10:10:13.967+0000] {subprocess.py:93} INFO - 25/08/18 10:10:13 INFO BlockManager: Initialized BlockManager: BlockManagerId(driver, 4bf6b336ccb3, 44967, None)
[2025-08-18T10:10:14.605+0000] {subprocess.py:93} INFO - 25/08/18 10:10:14 INFO StandaloneSchedulerBackend: SchedulerBackend is ready for scheduling beginning after reached minRegisteredResourcesRatio: 0.0
[2025-08-18T10:10:15.838+0000] {subprocess.py:93} INFO - 25/08/18 10:10:15 INFO SharedState: Setting hive.metastore.warehouse.dir ('null') to the value of spark.sql.warehouse.dir.
[2025-08-18T10:10:15.842+0000] {subprocess.py:93} INFO - 25/08/18 10:10:15 INFO SharedState: Warehouse path is 'file:/opt/bitnami/spark/spark-warehouse'.
[2025-08-18T10:10:21.666+0000] {subprocess.py:93} INFO - 25/08/18 10:10:21 INFO InMemoryFileIndex: It took 239 ms to list leaf files for 1 paths.
[2025-08-18T10:10:22.246+0000] {subprocess.py:93} INFO - Traceback (most recent call last):
[2025-08-18T10:10:22.247+0000] {subprocess.py:93} INFO -   File "/opt/***/jobs/transformation/transform_to_golden_dataset.py", line 22, in <module>
[2025-08-18T10:10:22.248+0000] {subprocess.py:93} INFO -     videos_df = spark.read.format("avro").load(f"hdfs://namenode:9000/storage/hdfs/raw/avro/{region}videos")
[2025-08-18T10:10:22.249+0000] {subprocess.py:93} INFO -                 ^^^^^^^^^^^^^^^^^^^^^^^^^^^^^^^^^^^^^^^^^^^^^^^^^^^^^^^^^^^^^^^^^^^^^^^^^^^^^^^^^^^^^^^^^^^^
[2025-08-18T10:10:22.249+0000] {subprocess.py:93} INFO -   File "/opt/bitnami/spark/python/lib/pyspark.zip/pyspark/sql/readwriter.py", line 307, in load
[2025-08-18T10:10:22.250+0000] {subprocess.py:93} INFO -   File "/opt/bitnami/spark/python/lib/py4j-0.10.9.7-src.zip/py4j/java_gateway.py", line 1322, in __call__
[2025-08-18T10:10:22.252+0000] {subprocess.py:93} INFO -   File "/opt/bitnami/spark/python/lib/pyspark.zip/pyspark/errors/exceptions/captured.py", line 179, in deco
[2025-08-18T10:10:22.254+0000] {subprocess.py:93} INFO -   File "/opt/bitnami/spark/python/lib/py4j-0.10.9.7-src.zip/py4j/protocol.py", line 326, in get_return_value
[2025-08-18T10:10:22.255+0000] {subprocess.py:93} INFO - py4j.protocol.Py4JJavaError: An error occurred while calling o29.load.
[2025-08-18T10:10:22.256+0000] {subprocess.py:93} INFO - : java.io.FileNotFoundException: No Avro files found. If files don't have .avro extension, set ignoreExtension to true
[2025-08-18T10:10:22.258+0000] {subprocess.py:93} INFO - 	at org.apache.spark.sql.avro.AvroUtils$.inferAvroSchemaFromFiles(AvroUtils.scala:166)
[2025-08-18T10:10:22.259+0000] {subprocess.py:93} INFO - 	at org.apache.spark.sql.avro.AvroUtils$.$anonfun$inferSchema$2(AvroUtils.scala:61)
[2025-08-18T10:10:22.260+0000] {subprocess.py:93} INFO - 	at scala.Option.getOrElse(Option.scala:189)
[2025-08-18T10:10:22.262+0000] {subprocess.py:93} INFO - 	at org.apache.spark.sql.avro.AvroUtils$.inferSchema(AvroUtils.scala:60)
[2025-08-18T10:10:22.263+0000] {subprocess.py:93} INFO - 	at org.apache.spark.sql.avro.AvroFileFormat.inferSchema(AvroFileFormat.scala:58)
[2025-08-18T10:10:22.263+0000] {subprocess.py:93} INFO - 	at org.apache.spark.sql.execution.datasources.DataSource.$anonfun$getOrInferFileFormatSchema$11(DataSource.scala:208)
[2025-08-18T10:10:22.263+0000] {subprocess.py:93} INFO - 	at scala.Option.orElse(Option.scala:447)
[2025-08-18T10:10:22.264+0000] {subprocess.py:93} INFO - 	at org.apache.spark.sql.execution.datasources.DataSource.getOrInferFileFormatSchema(DataSource.scala:205)
[2025-08-18T10:10:22.265+0000] {subprocess.py:93} INFO - 	at org.apache.spark.sql.execution.datasources.DataSource.resolveRelation(DataSource.scala:407)
[2025-08-18T10:10:22.266+0000] {subprocess.py:93} INFO - 	at org.apache.spark.sql.DataFrameReader.loadV1Source(DataFrameReader.scala:229)
[2025-08-18T10:10:22.267+0000] {subprocess.py:93} INFO - 	at org.apache.spark.sql.DataFrameReader.$anonfun$load$2(DataFrameReader.scala:211)
[2025-08-18T10:10:22.269+0000] {subprocess.py:93} INFO - 	at scala.Option.getOrElse(Option.scala:189)
[2025-08-18T10:10:22.269+0000] {subprocess.py:93} INFO - 	at org.apache.spark.sql.DataFrameReader.load(DataFrameReader.scala:211)
[2025-08-18T10:10:22.272+0000] {subprocess.py:93} INFO - 	at org.apache.spark.sql.DataFrameReader.load(DataFrameReader.scala:186)
[2025-08-18T10:10:22.273+0000] {subprocess.py:93} INFO - 	at java.base/jdk.internal.reflect.NativeMethodAccessorImpl.invoke0(Native Method)
[2025-08-18T10:10:22.273+0000] {subprocess.py:93} INFO - 	at java.base/jdk.internal.reflect.NativeMethodAccessorImpl.invoke(NativeMethodAccessorImpl.java:77)
[2025-08-18T10:10:22.273+0000] {subprocess.py:93} INFO - 	at java.base/jdk.internal.reflect.DelegatingMethodAccessorImpl.invoke(DelegatingMethodAccessorImpl.java:43)
[2025-08-18T10:10:22.274+0000] {subprocess.py:93} INFO - 	at java.base/java.lang.reflect.Method.invoke(Method.java:569)
[2025-08-18T10:10:22.274+0000] {subprocess.py:93} INFO - 	at py4j.reflection.MethodInvoker.invoke(MethodInvoker.java:244)
[2025-08-18T10:10:22.274+0000] {subprocess.py:93} INFO - 	at py4j.reflection.ReflectionEngine.invoke(ReflectionEngine.java:374)
[2025-08-18T10:10:22.275+0000] {subprocess.py:93} INFO - 	at py4j.Gateway.invoke(Gateway.java:282)
[2025-08-18T10:10:22.276+0000] {subprocess.py:93} INFO - 	at py4j.commands.AbstractCommand.invokeMethod(AbstractCommand.java:132)
[2025-08-18T10:10:22.278+0000] {subprocess.py:93} INFO - 	at py4j.commands.CallCommand.execute(CallCommand.java:79)
[2025-08-18T10:10:22.279+0000] {subprocess.py:93} INFO - 	at py4j.ClientServerConnection.waitForCommands(ClientServerConnection.java:182)
[2025-08-18T10:10:22.280+0000] {subprocess.py:93} INFO - 	at py4j.ClientServerConnection.run(ClientServerConnection.java:106)
[2025-08-18T10:10:22.283+0000] {subprocess.py:93} INFO - 	at java.base/java.lang.Thread.run(Thread.java:840)
[2025-08-18T10:10:22.284+0000] {subprocess.py:93} INFO - 
[2025-08-18T10:10:22.373+0000] {subprocess.py:93} INFO - 25/08/18 10:10:22 INFO SparkContext: Invoking stop() from shutdown hook
[2025-08-18T10:10:22.379+0000] {subprocess.py:93} INFO - 25/08/18 10:10:22 INFO SparkContext: SparkContext is stopping with exitCode 0.
[2025-08-18T10:10:22.448+0000] {subprocess.py:93} INFO - 25/08/18 10:10:22 INFO SparkUI: Stopped Spark web UI at http://4bf6b336ccb3:4040
[2025-08-18T10:10:22.464+0000] {subprocess.py:93} INFO - 25/08/18 10:10:22 INFO StandaloneSchedulerBackend: Shutting down all executors
[2025-08-18T10:10:22.479+0000] {subprocess.py:93} INFO - 25/08/18 10:10:22 INFO StandaloneSchedulerBackend$StandaloneDriverEndpoint: Asking each executor to shut down
[2025-08-18T10:10:22.597+0000] {subprocess.py:93} INFO - 25/08/18 10:10:22 INFO MapOutputTrackerMasterEndpoint: MapOutputTrackerMasterEndpoint stopped!
[2025-08-18T10:10:22.657+0000] {subprocess.py:93} INFO - 25/08/18 10:10:22 INFO MemoryStore: MemoryStore cleared
[2025-08-18T10:10:22.659+0000] {subprocess.py:93} INFO - 25/08/18 10:10:22 INFO BlockManager: BlockManager stopped
[2025-08-18T10:10:22.691+0000] {subprocess.py:93} INFO - 25/08/18 10:10:22 INFO BlockManagerMaster: BlockManagerMaster stopped
[2025-08-18T10:10:22.700+0000] {subprocess.py:93} INFO - 25/08/18 10:10:22 INFO OutputCommitCoordinator$OutputCommitCoordinatorEndpoint: OutputCommitCoordinator stopped!
[2025-08-18T10:10:22.754+0000] {subprocess.py:93} INFO - 25/08/18 10:10:22 INFO SparkContext: Successfully stopped SparkContext
[2025-08-18T10:10:22.755+0000] {subprocess.py:93} INFO - 25/08/18 10:10:22 INFO ShutdownHookManager: Shutdown hook called
[2025-08-18T10:10:22.760+0000] {subprocess.py:93} INFO - 25/08/18 10:10:22 INFO ShutdownHookManager: Deleting directory /tmp/spark-38cffd5d-0a37-4059-9f43-46270bb1502f
[2025-08-18T10:10:22.774+0000] {subprocess.py:93} INFO - 25/08/18 10:10:22 INFO ShutdownHookManager: Deleting directory /tmp/spark-7c7c8d36-f7bb-4164-b604-e782491801f7
[2025-08-18T10:10:22.785+0000] {subprocess.py:93} INFO - 25/08/18 10:10:22 INFO ShutdownHookManager: Deleting directory /tmp/spark-38cffd5d-0a37-4059-9f43-46270bb1502f/pyspark-9fa2818e-fb66-4e67-9086-85c678e52e72
[2025-08-18T10:10:22.899+0000] {subprocess.py:97} INFO - Command exited with return code 1
[2025-08-18T10:10:22.901+0000] {taskinstance.py:441} INFO - ::group::Post task execution logs
[2025-08-18T10:10:22.929+0000] {taskinstance.py:2890} ERROR - Task failed with exception
Traceback (most recent call last):
  File "/home/airflow/.local/lib/python3.9/site-packages/airflow/models/taskinstance.py", line 465, in _execute_task
    result = _execute_callable(context=context, **execute_callable_kwargs)
  File "/home/airflow/.local/lib/python3.9/site-packages/airflow/models/taskinstance.py", line 432, in _execute_callable
    return execute_callable(context=context, **execute_callable_kwargs)
  File "/home/airflow/.local/lib/python3.9/site-packages/airflow/models/baseoperator.py", line 400, in wrapper
    return func(self, *args, **kwargs)
  File "/home/airflow/.local/lib/python3.9/site-packages/airflow/operators/bash.py", line 243, in execute
    raise AirflowException(
airflow.exceptions.AirflowException: Bash command failed. The command returned a non-zero exit code 1.
[2025-08-18T10:10:22.943+0000] {taskinstance.py:1205} INFO - Marking task as UP_FOR_RETRY. dag_id=youtube_pipeline_simple, task_id=transform_golden, execution_date=20250818T100527, start_date=20250818T100953, end_date=20250818T101022
[2025-08-18T10:10:22.975+0000] {standard_task_runner.py:110} ERROR - Failed to execute job 51 for task transform_golden (Bash command failed. The command returned a non-zero exit code 1.; 2063)
[2025-08-18T10:10:23.012+0000] {local_task_job_runner.py:240} INFO - Task exited with return code 1
[2025-08-18T10:10:23.065+0000] {taskinstance.py:3482} INFO - 0 downstream tasks scheduled from follow-on schedule check
[2025-08-18T10:10:23.075+0000] {local_task_job_runner.py:222} INFO - ::endgroup::
