[2025-08-17T19:23:32.049+0000] {local_task_job_runner.py:120} INFO - ::group::Pre task execution logs
[2025-08-17T19:23:32.366+0000] {taskinstance.py:2073} INFO - Dependencies all met for dep_context=non-requeueable deps ti=<TaskInstance: youtube_elt_dw_analytics.wait_raw_9 scheduled__2025-08-16T00:00:00+00:00 [queued]>
[2025-08-17T19:23:32.482+0000] {taskinstance.py:2073} INFO - Dependencies all met for dep_context=requeueable deps ti=<TaskInstance: youtube_elt_dw_analytics.wait_raw_9 scheduled__2025-08-16T00:00:00+00:00 [queued]>
[2025-08-17T19:23:32.488+0000] {taskinstance.py:2303} INFO - Starting attempt 1 of 3
[2025-08-17T19:23:32.718+0000] {taskinstance.py:2327} INFO - Executing <Task(BashOperator): wait_raw_9> on 2025-08-16 00:00:00+00:00
[2025-08-17T19:23:32.829+0000] {standard_task_runner.py:63} INFO - Started process 262 to run task
[2025-08-17T19:23:32.885+0000] {standard_task_runner.py:90} INFO - Running: ['***', 'tasks', 'run', 'youtube_elt_dw_analytics', 'wait_raw_9', 'scheduled__2025-08-16T00:00:00+00:00', '--job-id', '16', '--raw', '--subdir', 'DAGS_FOLDER/youtube_pipeline.py', '--cfg-path', '/tmp/tmp7fp9usfi']
[2025-08-17T19:23:32.901+0000] {standard_task_runner.py:91} INFO - Job 16: Subtask wait_raw_9
[2025-08-17T19:23:33.079+0000] {task_command.py:426} INFO - Running <TaskInstance: youtube_elt_dw_analytics.wait_raw_9 scheduled__2025-08-16T00:00:00+00:00 [running]> on host 545418c0948b
[2025-08-17T19:23:33.813+0000] {taskinstance.py:2644} INFO - Exporting env vars: AIRFLOW_CTX_DAG_OWNER='data-team' AIRFLOW_CTX_DAG_ID='youtube_elt_dw_analytics' AIRFLOW_CTX_TASK_ID='wait_raw_9' AIRFLOW_CTX_EXECUTION_DATE='2025-08-16T00:00:00+00:00' AIRFLOW_CTX_TRY_NUMBER='1' AIRFLOW_CTX_DAG_RUN_ID='scheduled__2025-08-16T00:00:00+00:00'
[2025-08-17T19:23:33.815+0000] {taskinstance.py:430} INFO - ::endgroup::
[2025-08-17T19:23:34.084+0000] {subprocess.py:63} INFO - Tmp dir root location: /tmp
[2025-08-17T19:23:34.087+0000] {subprocess.py:75} INFO - Running command: ['/usr/bin/bash', '-c', "\n            for i in {1..60}; do\n              hdfs dfs -test -e hdfs://namenode:9000/data/raw/MXvideos.csv && echo 'FOUND: hdfs://namenode:9000/data/raw/MXvideos.csv' && exit 0;\n              echo 'Waiting for hdfs://namenode:9000/data/raw/MXvideos.csv...';\n              sleep 10;\n            done;\n            echo 'TIMEOUT waiting hdfs://namenode:9000/data/raw/MXvideos.csv'; exit 1\n            "]
[2025-08-17T19:23:34.130+0000] {subprocess.py:86} INFO - Output:
[2025-08-17T19:23:34.142+0000] {subprocess.py:93} INFO - /usr/bin/bash: line 3: hdfs: command not found
[2025-08-17T19:23:34.144+0000] {subprocess.py:93} INFO - Waiting for hdfs://namenode:9000/data/raw/MXvideos.csv...
[2025-08-17T19:23:44.149+0000] {subprocess.py:93} INFO - /usr/bin/bash: line 3: hdfs: command not found
[2025-08-17T19:23:44.150+0000] {subprocess.py:93} INFO - Waiting for hdfs://namenode:9000/data/raw/MXvideos.csv...
[2025-08-17T19:23:54.156+0000] {subprocess.py:93} INFO - /usr/bin/bash: line 3: hdfs: command not found
[2025-08-17T19:23:54.157+0000] {subprocess.py:93} INFO - Waiting for hdfs://namenode:9000/data/raw/MXvideos.csv...
[2025-08-17T19:24:04.161+0000] {subprocess.py:93} INFO - /usr/bin/bash: line 3: hdfs: command not found
[2025-08-17T19:24:04.162+0000] {subprocess.py:93} INFO - Waiting for hdfs://namenode:9000/data/raw/MXvideos.csv...
[2025-08-17T19:24:14.167+0000] {subprocess.py:93} INFO - /usr/bin/bash: line 3: hdfs: command not found
[2025-08-17T19:24:14.169+0000] {subprocess.py:93} INFO - Waiting for hdfs://namenode:9000/data/raw/MXvideos.csv...
[2025-08-17T19:24:24.176+0000] {subprocess.py:93} INFO - /usr/bin/bash: line 3: hdfs: command not found
[2025-08-17T19:24:24.178+0000] {subprocess.py:93} INFO - Waiting for hdfs://namenode:9000/data/raw/MXvideos.csv...
[2025-08-17T19:24:34.191+0000] {subprocess.py:93} INFO - /usr/bin/bash: line 3: hdfs: command not found
[2025-08-17T19:24:34.195+0000] {subprocess.py:93} INFO - Waiting for hdfs://namenode:9000/data/raw/MXvideos.csv...
[2025-08-17T19:24:44.206+0000] {subprocess.py:93} INFO - /usr/bin/bash: line 3: hdfs: command not found
[2025-08-17T19:24:44.209+0000] {subprocess.py:93} INFO - Waiting for hdfs://namenode:9000/data/raw/MXvideos.csv...
[2025-08-17T19:24:54.213+0000] {subprocess.py:93} INFO - /usr/bin/bash: line 3: hdfs: command not found
[2025-08-17T19:24:54.215+0000] {subprocess.py:93} INFO - Waiting for hdfs://namenode:9000/data/raw/MXvideos.csv...
[2025-08-17T19:25:04.227+0000] {subprocess.py:93} INFO - /usr/bin/bash: line 3: hdfs: command not found
[2025-08-17T19:25:04.227+0000] {subprocess.py:93} INFO - Waiting for hdfs://namenode:9000/data/raw/MXvideos.csv...
[2025-08-17T19:25:14.259+0000] {subprocess.py:93} INFO - /usr/bin/bash: line 3: hdfs: command not found
[2025-08-17T19:25:14.303+0000] {subprocess.py:93} INFO - Waiting for hdfs://namenode:9000/data/raw/MXvideos.csv...
[2025-08-17T19:25:24.309+0000] {subprocess.py:93} INFO - /usr/bin/bash: line 3: hdfs: command not found
[2025-08-17T19:25:24.310+0000] {subprocess.py:93} INFO - Waiting for hdfs://namenode:9000/data/raw/MXvideos.csv...
[2025-08-17T19:25:34.317+0000] {subprocess.py:93} INFO - /usr/bin/bash: line 3: hdfs: command not found
[2025-08-17T19:25:34.318+0000] {subprocess.py:93} INFO - Waiting for hdfs://namenode:9000/data/raw/MXvideos.csv...
[2025-08-17T19:25:44.329+0000] {subprocess.py:93} INFO - /usr/bin/bash: line 3: hdfs: command not found
[2025-08-17T19:25:44.330+0000] {subprocess.py:93} INFO - Waiting for hdfs://namenode:9000/data/raw/MXvideos.csv...
[2025-08-17T19:25:54.340+0000] {subprocess.py:93} INFO - /usr/bin/bash: line 3: hdfs: command not found
[2025-08-17T19:25:54.341+0000] {subprocess.py:93} INFO - Waiting for hdfs://namenode:9000/data/raw/MXvideos.csv...
[2025-08-17T19:26:04.346+0000] {subprocess.py:93} INFO - /usr/bin/bash: line 3: hdfs: command not found
[2025-08-17T19:26:04.347+0000] {subprocess.py:93} INFO - Waiting for hdfs://namenode:9000/data/raw/MXvideos.csv...
[2025-08-17T19:26:14.357+0000] {subprocess.py:93} INFO - /usr/bin/bash: line 3: hdfs: command not found
[2025-08-17T19:26:14.358+0000] {subprocess.py:93} INFO - Waiting for hdfs://namenode:9000/data/raw/MXvideos.csv...
[2025-08-17T19:26:24.366+0000] {subprocess.py:93} INFO - /usr/bin/bash: line 3: hdfs: command not found
[2025-08-17T19:26:24.367+0000] {subprocess.py:93} INFO - Waiting for hdfs://namenode:9000/data/raw/MXvideos.csv...
[2025-08-17T19:26:34.375+0000] {subprocess.py:93} INFO - /usr/bin/bash: line 3: hdfs: command not found
[2025-08-17T19:26:34.376+0000] {subprocess.py:93} INFO - Waiting for hdfs://namenode:9000/data/raw/MXvideos.csv...
[2025-08-17T19:26:44.388+0000] {subprocess.py:93} INFO - /usr/bin/bash: line 3: hdfs: command not found
[2025-08-17T19:26:44.388+0000] {subprocess.py:93} INFO - Waiting for hdfs://namenode:9000/data/raw/MXvideos.csv...
[2025-08-17T19:26:54.396+0000] {subprocess.py:93} INFO - /usr/bin/bash: line 3: hdfs: command not found
[2025-08-17T19:26:54.397+0000] {subprocess.py:93} INFO - Waiting for hdfs://namenode:9000/data/raw/MXvideos.csv...
[2025-08-17T19:27:04.407+0000] {subprocess.py:93} INFO - /usr/bin/bash: line 3: hdfs: command not found
[2025-08-17T19:27:04.407+0000] {subprocess.py:93} INFO - Waiting for hdfs://namenode:9000/data/raw/MXvideos.csv...
[2025-08-17T19:27:14.411+0000] {subprocess.py:93} INFO - /usr/bin/bash: line 3: hdfs: command not found
[2025-08-17T19:27:14.412+0000] {subprocess.py:93} INFO - Waiting for hdfs://namenode:9000/data/raw/MXvideos.csv...
[2025-08-17T19:27:24.416+0000] {subprocess.py:93} INFO - /usr/bin/bash: line 3: hdfs: command not found
[2025-08-17T19:27:24.417+0000] {subprocess.py:93} INFO - Waiting for hdfs://namenode:9000/data/raw/MXvideos.csv...
[2025-08-17T19:27:34.429+0000] {subprocess.py:93} INFO - /usr/bin/bash: line 3: hdfs: command not found
[2025-08-17T19:27:34.433+0000] {subprocess.py:93} INFO - Waiting for hdfs://namenode:9000/data/raw/MXvideos.csv...
[2025-08-17T19:27:44.447+0000] {subprocess.py:93} INFO - /usr/bin/bash: line 3: hdfs: command not found
[2025-08-17T19:27:44.449+0000] {subprocess.py:93} INFO - Waiting for hdfs://namenode:9000/data/raw/MXvideos.csv...
[2025-08-17T19:27:54.471+0000] {subprocess.py:93} INFO - /usr/bin/bash: line 3: hdfs: command not found
[2025-08-17T19:27:54.474+0000] {subprocess.py:93} INFO - Waiting for hdfs://namenode:9000/data/raw/MXvideos.csv...
[2025-08-17T19:28:04.485+0000] {subprocess.py:93} INFO - /usr/bin/bash: line 3: hdfs: command not found
[2025-08-17T19:28:04.488+0000] {subprocess.py:93} INFO - Waiting for hdfs://namenode:9000/data/raw/MXvideos.csv...
[2025-08-17T19:28:14.497+0000] {subprocess.py:93} INFO - /usr/bin/bash: line 3: hdfs: command not found
[2025-08-17T19:28:14.498+0000] {subprocess.py:93} INFO - Waiting for hdfs://namenode:9000/data/raw/MXvideos.csv...
[2025-08-17T19:28:24.502+0000] {subprocess.py:93} INFO - /usr/bin/bash: line 3: hdfs: command not found
[2025-08-17T19:28:24.503+0000] {subprocess.py:93} INFO - Waiting for hdfs://namenode:9000/data/raw/MXvideos.csv...
[2025-08-17T19:28:34.509+0000] {subprocess.py:93} INFO - /usr/bin/bash: line 3: hdfs: command not found
[2025-08-17T19:28:34.511+0000] {subprocess.py:93} INFO - Waiting for hdfs://namenode:9000/data/raw/MXvideos.csv...
[2025-08-17T19:28:44.523+0000] {subprocess.py:93} INFO - /usr/bin/bash: line 3: hdfs: command not found
[2025-08-17T19:28:44.524+0000] {subprocess.py:93} INFO - Waiting for hdfs://namenode:9000/data/raw/MXvideos.csv...
[2025-08-17T19:28:54.534+0000] {subprocess.py:93} INFO - /usr/bin/bash: line 3: hdfs: command not found
[2025-08-17T19:28:54.536+0000] {subprocess.py:93} INFO - Waiting for hdfs://namenode:9000/data/raw/MXvideos.csv...
[2025-08-17T19:29:04.546+0000] {subprocess.py:93} INFO - /usr/bin/bash: line 3: hdfs: command not found
[2025-08-17T19:29:04.547+0000] {subprocess.py:93} INFO - Waiting for hdfs://namenode:9000/data/raw/MXvideos.csv...
[2025-08-17T19:29:14.561+0000] {subprocess.py:93} INFO - /usr/bin/bash: line 3: hdfs: command not found
[2025-08-17T19:29:14.567+0000] {subprocess.py:93} INFO - Waiting for hdfs://namenode:9000/data/raw/MXvideos.csv...
[2025-08-17T19:29:24.591+0000] {subprocess.py:93} INFO - /usr/bin/bash: line 3: hdfs: command not found
[2025-08-17T19:29:24.596+0000] {subprocess.py:93} INFO - Waiting for hdfs://namenode:9000/data/raw/MXvideos.csv...
[2025-08-17T19:29:34.613+0000] {subprocess.py:93} INFO - /usr/bin/bash: line 3: hdfs: command not found
[2025-08-17T19:29:34.614+0000] {subprocess.py:93} INFO - Waiting for hdfs://namenode:9000/data/raw/MXvideos.csv...
[2025-08-17T19:29:44.656+0000] {subprocess.py:93} INFO - /usr/bin/bash: line 3: hdfs: command not found
[2025-08-17T19:29:44.682+0000] {subprocess.py:93} INFO - Waiting for hdfs://namenode:9000/data/raw/MXvideos.csv...
[2025-08-17T19:29:54.770+0000] {subprocess.py:93} INFO - /usr/bin/bash: line 3: hdfs: command not found
[2025-08-17T19:29:54.773+0000] {subprocess.py:93} INFO - Waiting for hdfs://namenode:9000/data/raw/MXvideos.csv...
[2025-08-17T19:30:04.779+0000] {subprocess.py:93} INFO - /usr/bin/bash: line 3: hdfs: command not found
[2025-08-17T19:30:04.781+0000] {subprocess.py:93} INFO - Waiting for hdfs://namenode:9000/data/raw/MXvideos.csv...
[2025-08-17T19:30:14.796+0000] {subprocess.py:93} INFO - /usr/bin/bash: line 3: hdfs: command not found
[2025-08-17T19:30:14.797+0000] {subprocess.py:93} INFO - Waiting for hdfs://namenode:9000/data/raw/MXvideos.csv...
[2025-08-17T19:30:24.809+0000] {subprocess.py:93} INFO - /usr/bin/bash: line 3: hdfs: command not found
[2025-08-17T19:30:24.811+0000] {subprocess.py:93} INFO - Waiting for hdfs://namenode:9000/data/raw/MXvideos.csv...
[2025-08-17T19:30:34.823+0000] {subprocess.py:93} INFO - /usr/bin/bash: line 3: hdfs: command not found
[2025-08-17T19:30:34.826+0000] {subprocess.py:93} INFO - Waiting for hdfs://namenode:9000/data/raw/MXvideos.csv...
[2025-08-17T19:30:44.842+0000] {subprocess.py:93} INFO - /usr/bin/bash: line 3: hdfs: command not found
[2025-08-17T19:30:44.843+0000] {subprocess.py:93} INFO - Waiting for hdfs://namenode:9000/data/raw/MXvideos.csv...
[2025-08-17T19:30:54.855+0000] {subprocess.py:93} INFO - /usr/bin/bash: line 3: hdfs: command not found
[2025-08-17T19:30:54.855+0000] {subprocess.py:93} INFO - Waiting for hdfs://namenode:9000/data/raw/MXvideos.csv...
[2025-08-17T19:31:04.869+0000] {subprocess.py:93} INFO - /usr/bin/bash: line 3: hdfs: command not found
[2025-08-17T19:31:04.875+0000] {subprocess.py:93} INFO - Waiting for hdfs://namenode:9000/data/raw/MXvideos.csv...
[2025-08-17T19:31:14.886+0000] {subprocess.py:93} INFO - /usr/bin/bash: line 3: hdfs: command not found
[2025-08-17T19:31:14.888+0000] {subprocess.py:93} INFO - Waiting for hdfs://namenode:9000/data/raw/MXvideos.csv...
[2025-08-17T19:31:24.895+0000] {subprocess.py:93} INFO - /usr/bin/bash: line 3: hdfs: command not found
[2025-08-17T19:31:24.896+0000] {subprocess.py:93} INFO - Waiting for hdfs://namenode:9000/data/raw/MXvideos.csv...
[2025-08-17T19:31:34.906+0000] {subprocess.py:93} INFO - /usr/bin/bash: line 3: hdfs: command not found
[2025-08-17T19:31:34.907+0000] {subprocess.py:93} INFO - Waiting for hdfs://namenode:9000/data/raw/MXvideos.csv...
[2025-08-17T19:31:44.913+0000] {subprocess.py:93} INFO - /usr/bin/bash: line 3: hdfs: command not found
[2025-08-17T19:31:44.914+0000] {subprocess.py:93} INFO - Waiting for hdfs://namenode:9000/data/raw/MXvideos.csv...
[2025-08-17T19:31:54.928+0000] {subprocess.py:93} INFO - /usr/bin/bash: line 3: hdfs: command not found
[2025-08-17T19:31:54.932+0000] {subprocess.py:93} INFO - Waiting for hdfs://namenode:9000/data/raw/MXvideos.csv...
[2025-08-17T19:32:04.956+0000] {subprocess.py:93} INFO - /usr/bin/bash: line 3: hdfs: command not found
[2025-08-17T19:32:04.958+0000] {subprocess.py:93} INFO - Waiting for hdfs://namenode:9000/data/raw/MXvideos.csv...
[2025-08-17T19:32:14.971+0000] {subprocess.py:93} INFO - /usr/bin/bash: line 3: hdfs: command not found
[2025-08-17T19:32:14.972+0000] {subprocess.py:93} INFO - Waiting for hdfs://namenode:9000/data/raw/MXvideos.csv...
[2025-08-17T19:32:24.980+0000] {subprocess.py:93} INFO - /usr/bin/bash: line 3: hdfs: command not found
[2025-08-17T19:32:24.985+0000] {subprocess.py:93} INFO - Waiting for hdfs://namenode:9000/data/raw/MXvideos.csv...
[2025-08-17T19:32:34.998+0000] {subprocess.py:93} INFO - /usr/bin/bash: line 3: hdfs: command not found
[2025-08-17T19:32:34.999+0000] {subprocess.py:93} INFO - Waiting for hdfs://namenode:9000/data/raw/MXvideos.csv...
[2025-08-17T19:32:45.004+0000] {subprocess.py:93} INFO - /usr/bin/bash: line 3: hdfs: command not found
[2025-08-17T19:32:45.004+0000] {subprocess.py:93} INFO - Waiting for hdfs://namenode:9000/data/raw/MXvideos.csv...
[2025-08-17T19:32:55.009+0000] {subprocess.py:93} INFO - /usr/bin/bash: line 3: hdfs: command not found
[2025-08-17T19:32:55.009+0000] {subprocess.py:93} INFO - Waiting for hdfs://namenode:9000/data/raw/MXvideos.csv...
[2025-08-17T19:33:05.013+0000] {subprocess.py:93} INFO - /usr/bin/bash: line 3: hdfs: command not found
[2025-08-17T19:33:05.014+0000] {subprocess.py:93} INFO - Waiting for hdfs://namenode:9000/data/raw/MXvideos.csv...
[2025-08-17T19:33:15.017+0000] {subprocess.py:93} INFO - /usr/bin/bash: line 3: hdfs: command not found
[2025-08-17T19:33:15.018+0000] {subprocess.py:93} INFO - Waiting for hdfs://namenode:9000/data/raw/MXvideos.csv...
[2025-08-17T19:33:25.023+0000] {subprocess.py:93} INFO - /usr/bin/bash: line 3: hdfs: command not found
[2025-08-17T19:33:25.024+0000] {subprocess.py:93} INFO - Waiting for hdfs://namenode:9000/data/raw/MXvideos.csv...
[2025-08-17T19:33:35.028+0000] {subprocess.py:93} INFO - TIMEOUT waiting hdfs://namenode:9000/data/raw/MXvideos.csv
[2025-08-17T19:33:35.029+0000] {subprocess.py:97} INFO - Command exited with return code 1
[2025-08-17T19:33:35.029+0000] {taskinstance.py:441} INFO - ::group::Post task execution logs
[2025-08-17T19:33:35.107+0000] {taskinstance.py:2890} ERROR - Task failed with exception
Traceback (most recent call last):
  File "/home/airflow/.local/lib/python3.9/site-packages/airflow/models/taskinstance.py", line 465, in _execute_task
    result = _execute_callable(context=context, **execute_callable_kwargs)
  File "/home/airflow/.local/lib/python3.9/site-packages/airflow/models/taskinstance.py", line 432, in _execute_callable
    return execute_callable(context=context, **execute_callable_kwargs)
  File "/home/airflow/.local/lib/python3.9/site-packages/airflow/models/baseoperator.py", line 400, in wrapper
    return func(self, *args, **kwargs)
  File "/home/airflow/.local/lib/python3.9/site-packages/airflow/operators/bash.py", line 243, in execute
    raise AirflowException(
airflow.exceptions.AirflowException: Bash command failed. The command returned a non-zero exit code 1.
[2025-08-17T19:33:35.114+0000] {taskinstance.py:1205} INFO - Marking task as UP_FOR_RETRY. dag_id=youtube_elt_dw_analytics, task_id=wait_raw_9, execution_date=20250816T000000, start_date=20250817T192332, end_date=20250817T193335
[2025-08-17T19:33:35.215+0000] {standard_task_runner.py:110} ERROR - Failed to execute job 16 for task wait_raw_9 (Bash command failed. The command returned a non-zero exit code 1.; 262)
[2025-08-17T19:33:35.303+0000] {local_task_job_runner.py:240} INFO - Task exited with return code 1
[2025-08-17T19:33:37.145+0000] {logging_mixin.py:188} WARNING - /home/***/.local/lib/python3.9/site-packages/***/models/baseoperator.py:1296 AirflowProviderDeprecationWarning: Call to deprecated class PostgresOperator. (Please use `***.providers.common.sql.operators.sql.SQLExecuteQueryOperator`.Also, you can provide `hook_params={'schema': <database>}`.)
[2025-08-17T19:33:37.256+0000] {taskinstance.py:3482} INFO - 0 downstream tasks scheduled from follow-on schedule check
[2025-08-17T19:33:37.264+0000] {local_task_job_runner.py:222} INFO - ::endgroup::
