[2025-08-17T19:23:31.891+0000] {local_task_job_runner.py:120} INFO - ::group::Pre task execution logs
[2025-08-17T19:23:32.046+0000] {taskinstance.py:2073} INFO - Dependencies all met for dep_context=non-requeueable deps ti=<TaskInstance: youtube_elt_dw_analytics.wait_raw_8 scheduled__2025-08-16T00:00:00+00:00 [queued]>
[2025-08-17T19:23:32.070+0000] {taskinstance.py:2073} INFO - Dependencies all met for dep_context=requeueable deps ti=<TaskInstance: youtube_elt_dw_analytics.wait_raw_8 scheduled__2025-08-16T00:00:00+00:00 [queued]>
[2025-08-17T19:23:32.071+0000] {taskinstance.py:2303} INFO - Starting attempt 1 of 3
[2025-08-17T19:23:32.173+0000] {taskinstance.py:2327} INFO - Executing <Task(BashOperator): wait_raw_8> on 2025-08-16 00:00:00+00:00
[2025-08-17T19:23:32.212+0000] {standard_task_runner.py:63} INFO - Started process 251 to run task
[2025-08-17T19:23:32.244+0000] {standard_task_runner.py:90} INFO - Running: ['***', 'tasks', 'run', 'youtube_elt_dw_analytics', 'wait_raw_8', 'scheduled__2025-08-16T00:00:00+00:00', '--job-id', '12', '--raw', '--subdir', 'DAGS_FOLDER/youtube_pipeline.py', '--cfg-path', '/tmp/tmpmc9ruj1c']
[2025-08-17T19:23:32.266+0000] {standard_task_runner.py:91} INFO - Job 12: Subtask wait_raw_8
[2025-08-17T19:23:32.652+0000] {task_command.py:426} INFO - Running <TaskInstance: youtube_elt_dw_analytics.wait_raw_8 scheduled__2025-08-16T00:00:00+00:00 [running]> on host 545418c0948b
[2025-08-17T19:23:33.313+0000] {taskinstance.py:2644} INFO - Exporting env vars: AIRFLOW_CTX_DAG_OWNER='data-team' AIRFLOW_CTX_DAG_ID='youtube_elt_dw_analytics' AIRFLOW_CTX_TASK_ID='wait_raw_8' AIRFLOW_CTX_EXECUTION_DATE='2025-08-16T00:00:00+00:00' AIRFLOW_CTX_TRY_NUMBER='1' AIRFLOW_CTX_DAG_RUN_ID='scheduled__2025-08-16T00:00:00+00:00'
[2025-08-17T19:23:33.317+0000] {taskinstance.py:430} INFO - ::endgroup::
[2025-08-17T19:23:33.877+0000] {subprocess.py:63} INFO - Tmp dir root location: /tmp
[2025-08-17T19:23:33.882+0000] {subprocess.py:75} INFO - Running command: ['/usr/bin/bash', '-c', "\n            for i in {1..60}; do\n              hdfs dfs -test -e hdfs://namenode:9000/data/raw/KRvideos.csv && echo 'FOUND: hdfs://namenode:9000/data/raw/KRvideos.csv' && exit 0;\n              echo 'Waiting for hdfs://namenode:9000/data/raw/KRvideos.csv...';\n              sleep 10;\n            done;\n            echo 'TIMEOUT waiting hdfs://namenode:9000/data/raw/KRvideos.csv'; exit 1\n            "]
[2025-08-17T19:23:34.033+0000] {subprocess.py:86} INFO - Output:
[2025-08-17T19:23:34.063+0000] {subprocess.py:93} INFO - /usr/bin/bash: line 3: hdfs: command not found
[2025-08-17T19:23:34.063+0000] {subprocess.py:93} INFO - Waiting for hdfs://namenode:9000/data/raw/KRvideos.csv...
[2025-08-17T19:23:44.075+0000] {subprocess.py:93} INFO - /usr/bin/bash: line 3: hdfs: command not found
[2025-08-17T19:23:44.080+0000] {subprocess.py:93} INFO - Waiting for hdfs://namenode:9000/data/raw/KRvideos.csv...
[2025-08-17T19:23:54.091+0000] {subprocess.py:93} INFO - /usr/bin/bash: line 3: hdfs: command not found
[2025-08-17T19:23:54.091+0000] {subprocess.py:93} INFO - Waiting for hdfs://namenode:9000/data/raw/KRvideos.csv...
[2025-08-17T19:24:04.096+0000] {subprocess.py:93} INFO - /usr/bin/bash: line 3: hdfs: command not found
[2025-08-17T19:24:04.097+0000] {subprocess.py:93} INFO - Waiting for hdfs://namenode:9000/data/raw/KRvideos.csv...
[2025-08-17T19:24:14.103+0000] {subprocess.py:93} INFO - /usr/bin/bash: line 3: hdfs: command not found
[2025-08-17T19:24:14.105+0000] {subprocess.py:93} INFO - Waiting for hdfs://namenode:9000/data/raw/KRvideos.csv...
[2025-08-17T19:24:24.122+0000] {subprocess.py:93} INFO - /usr/bin/bash: line 3: hdfs: command not found
[2025-08-17T19:24:24.123+0000] {subprocess.py:93} INFO - Waiting for hdfs://namenode:9000/data/raw/KRvideos.csv...
[2025-08-17T19:24:34.130+0000] {subprocess.py:93} INFO - /usr/bin/bash: line 3: hdfs: command not found
[2025-08-17T19:24:34.131+0000] {subprocess.py:93} INFO - Waiting for hdfs://namenode:9000/data/raw/KRvideos.csv...
[2025-08-17T19:24:44.142+0000] {subprocess.py:93} INFO - /usr/bin/bash: line 3: hdfs: command not found
[2025-08-17T19:24:44.143+0000] {subprocess.py:93} INFO - Waiting for hdfs://namenode:9000/data/raw/KRvideos.csv...
[2025-08-17T19:24:54.155+0000] {subprocess.py:93} INFO - /usr/bin/bash: line 3: hdfs: command not found
[2025-08-17T19:24:54.156+0000] {subprocess.py:93} INFO - Waiting for hdfs://namenode:9000/data/raw/KRvideos.csv...
[2025-08-17T19:25:04.165+0000] {subprocess.py:93} INFO - /usr/bin/bash: line 3: hdfs: command not found
[2025-08-17T19:25:04.175+0000] {subprocess.py:93} INFO - Waiting for hdfs://namenode:9000/data/raw/KRvideos.csv...
[2025-08-17T19:25:14.199+0000] {subprocess.py:93} INFO - /usr/bin/bash: line 3: hdfs: command not found
[2025-08-17T19:25:14.204+0000] {subprocess.py:93} INFO - Waiting for hdfs://namenode:9000/data/raw/KRvideos.csv...
[2025-08-17T19:25:24.216+0000] {subprocess.py:93} INFO - /usr/bin/bash: line 3: hdfs: command not found
[2025-08-17T19:25:24.217+0000] {subprocess.py:93} INFO - Waiting for hdfs://namenode:9000/data/raw/KRvideos.csv...
[2025-08-17T19:25:34.226+0000] {subprocess.py:93} INFO - /usr/bin/bash: line 3: hdfs: command not found
[2025-08-17T19:25:34.228+0000] {subprocess.py:93} INFO - Waiting for hdfs://namenode:9000/data/raw/KRvideos.csv...
[2025-08-17T19:25:44.241+0000] {subprocess.py:93} INFO - /usr/bin/bash: line 3: hdfs: command not found
[2025-08-17T19:25:44.242+0000] {subprocess.py:93} INFO - Waiting for hdfs://namenode:9000/data/raw/KRvideos.csv...
[2025-08-17T19:25:54.255+0000] {subprocess.py:93} INFO - /usr/bin/bash: line 3: hdfs: command not found
[2025-08-17T19:25:54.258+0000] {subprocess.py:93} INFO - Waiting for hdfs://namenode:9000/data/raw/KRvideos.csv...
[2025-08-17T19:26:04.280+0000] {subprocess.py:93} INFO - /usr/bin/bash: line 3: hdfs: command not found
[2025-08-17T19:26:04.283+0000] {subprocess.py:93} INFO - Waiting for hdfs://namenode:9000/data/raw/KRvideos.csv...
[2025-08-17T19:26:14.299+0000] {subprocess.py:93} INFO - /usr/bin/bash: line 3: hdfs: command not found
[2025-08-17T19:26:14.300+0000] {subprocess.py:93} INFO - Waiting for hdfs://namenode:9000/data/raw/KRvideos.csv...
[2025-08-17T19:26:24.309+0000] {subprocess.py:93} INFO - /usr/bin/bash: line 3: hdfs: command not found
[2025-08-17T19:26:24.310+0000] {subprocess.py:93} INFO - Waiting for hdfs://namenode:9000/data/raw/KRvideos.csv...
[2025-08-17T19:26:34.315+0000] {subprocess.py:93} INFO - /usr/bin/bash: line 3: hdfs: command not found
[2025-08-17T19:26:34.316+0000] {subprocess.py:93} INFO - Waiting for hdfs://namenode:9000/data/raw/KRvideos.csv...
[2025-08-17T19:26:44.326+0000] {subprocess.py:93} INFO - /usr/bin/bash: line 3: hdfs: command not found
[2025-08-17T19:26:44.336+0000] {subprocess.py:93} INFO - Waiting for hdfs://namenode:9000/data/raw/KRvideos.csv...
[2025-08-17T19:26:54.358+0000] {subprocess.py:93} INFO - /usr/bin/bash: line 3: hdfs: command not found
[2025-08-17T19:26:54.359+0000] {subprocess.py:93} INFO - Waiting for hdfs://namenode:9000/data/raw/KRvideos.csv...
[2025-08-17T19:27:04.371+0000] {subprocess.py:93} INFO - /usr/bin/bash: line 3: hdfs: command not found
[2025-08-17T19:27:04.373+0000] {subprocess.py:93} INFO - Waiting for hdfs://namenode:9000/data/raw/KRvideos.csv...
[2025-08-17T19:27:14.377+0000] {subprocess.py:93} INFO - /usr/bin/bash: line 3: hdfs: command not found
[2025-08-17T19:27:14.378+0000] {subprocess.py:93} INFO - Waiting for hdfs://namenode:9000/data/raw/KRvideos.csv...
[2025-08-17T19:27:24.384+0000] {subprocess.py:93} INFO - /usr/bin/bash: line 3: hdfs: command not found
[2025-08-17T19:27:24.389+0000] {subprocess.py:93} INFO - Waiting for hdfs://namenode:9000/data/raw/KRvideos.csv...
[2025-08-17T19:27:34.395+0000] {subprocess.py:93} INFO - /usr/bin/bash: line 3: hdfs: command not found
[2025-08-17T19:27:34.396+0000] {subprocess.py:93} INFO - Waiting for hdfs://namenode:9000/data/raw/KRvideos.csv...
[2025-08-17T19:27:44.410+0000] {subprocess.py:93} INFO - /usr/bin/bash: line 3: hdfs: command not found
[2025-08-17T19:27:44.412+0000] {subprocess.py:93} INFO - Waiting for hdfs://namenode:9000/data/raw/KRvideos.csv...
[2025-08-17T19:27:54.425+0000] {subprocess.py:93} INFO - /usr/bin/bash: line 3: hdfs: command not found
[2025-08-17T19:27:54.428+0000] {subprocess.py:93} INFO - Waiting for hdfs://namenode:9000/data/raw/KRvideos.csv...
[2025-08-17T19:28:04.438+0000] {subprocess.py:93} INFO - /usr/bin/bash: line 3: hdfs: command not found
[2025-08-17T19:28:04.440+0000] {subprocess.py:93} INFO - Waiting for hdfs://namenode:9000/data/raw/KRvideos.csv...
[2025-08-17T19:28:14.447+0000] {subprocess.py:93} INFO - /usr/bin/bash: line 3: hdfs: command not found
[2025-08-17T19:28:14.449+0000] {subprocess.py:93} INFO - Waiting for hdfs://namenode:9000/data/raw/KRvideos.csv...
[2025-08-17T19:28:24.455+0000] {subprocess.py:93} INFO - /usr/bin/bash: line 3: hdfs: command not found
[2025-08-17T19:28:24.455+0000] {subprocess.py:93} INFO - Waiting for hdfs://namenode:9000/data/raw/KRvideos.csv...
[2025-08-17T19:28:34.460+0000] {subprocess.py:93} INFO - /usr/bin/bash: line 3: hdfs: command not found
[2025-08-17T19:28:34.462+0000] {subprocess.py:93} INFO - Waiting for hdfs://namenode:9000/data/raw/KRvideos.csv...
[2025-08-17T19:28:44.471+0000] {subprocess.py:93} INFO - /usr/bin/bash: line 3: hdfs: command not found
[2025-08-17T19:28:44.472+0000] {subprocess.py:93} INFO - Waiting for hdfs://namenode:9000/data/raw/KRvideos.csv...
[2025-08-17T19:28:54.479+0000] {subprocess.py:93} INFO - /usr/bin/bash: line 3: hdfs: command not found
[2025-08-17T19:28:54.480+0000] {subprocess.py:93} INFO - Waiting for hdfs://namenode:9000/data/raw/KRvideos.csv...
[2025-08-17T19:29:04.490+0000] {subprocess.py:93} INFO - /usr/bin/bash: line 3: hdfs: command not found
[2025-08-17T19:29:04.491+0000] {subprocess.py:93} INFO - Waiting for hdfs://namenode:9000/data/raw/KRvideos.csv...
[2025-08-17T19:29:14.496+0000] {subprocess.py:93} INFO - /usr/bin/bash: line 3: hdfs: command not found
[2025-08-17T19:29:14.496+0000] {subprocess.py:93} INFO - Waiting for hdfs://namenode:9000/data/raw/KRvideos.csv...
[2025-08-17T19:29:24.501+0000] {subprocess.py:93} INFO - /usr/bin/bash: line 3: hdfs: command not found
[2025-08-17T19:29:24.502+0000] {subprocess.py:93} INFO - Waiting for hdfs://namenode:9000/data/raw/KRvideos.csv...
[2025-08-17T19:29:34.509+0000] {subprocess.py:93} INFO - /usr/bin/bash: line 3: hdfs: command not found
[2025-08-17T19:29:34.511+0000] {subprocess.py:93} INFO - Waiting for hdfs://namenode:9000/data/raw/KRvideos.csv...
[2025-08-17T19:29:44.520+0000] {subprocess.py:93} INFO - /usr/bin/bash: line 3: hdfs: command not found
[2025-08-17T19:29:44.529+0000] {subprocess.py:93} INFO - Waiting for hdfs://namenode:9000/data/raw/KRvideos.csv...
[2025-08-17T19:29:54.526+0000] {subprocess.py:93} INFO - /usr/bin/bash: line 3: hdfs: command not found
[2025-08-17T19:29:54.527+0000] {subprocess.py:93} INFO - Waiting for hdfs://namenode:9000/data/raw/KRvideos.csv...
[2025-08-17T19:30:04.531+0000] {subprocess.py:93} INFO - /usr/bin/bash: line 3: hdfs: command not found
[2025-08-17T19:30:04.532+0000] {subprocess.py:93} INFO - Waiting for hdfs://namenode:9000/data/raw/KRvideos.csv...
[2025-08-17T19:30:14.538+0000] {subprocess.py:93} INFO - /usr/bin/bash: line 3: hdfs: command not found
[2025-08-17T19:30:14.538+0000] {subprocess.py:93} INFO - Waiting for hdfs://namenode:9000/data/raw/KRvideos.csv...
[2025-08-17T19:30:24.542+0000] {subprocess.py:93} INFO - /usr/bin/bash: line 3: hdfs: command not found
[2025-08-17T19:30:24.543+0000] {subprocess.py:93} INFO - Waiting for hdfs://namenode:9000/data/raw/KRvideos.csv...
[2025-08-17T19:30:34.546+0000] {subprocess.py:93} INFO - /usr/bin/bash: line 3: hdfs: command not found
[2025-08-17T19:30:34.546+0000] {subprocess.py:93} INFO - Waiting for hdfs://namenode:9000/data/raw/KRvideos.csv...
[2025-08-17T19:30:44.551+0000] {subprocess.py:93} INFO - /usr/bin/bash: line 3: hdfs: command not found
[2025-08-17T19:30:44.553+0000] {subprocess.py:93} INFO - Waiting for hdfs://namenode:9000/data/raw/KRvideos.csv...
[2025-08-17T19:30:54.571+0000] {subprocess.py:93} INFO - /usr/bin/bash: line 3: hdfs: command not found
[2025-08-17T19:30:54.578+0000] {subprocess.py:93} INFO - Waiting for hdfs://namenode:9000/data/raw/KRvideos.csv...
[2025-08-17T19:31:04.584+0000] {subprocess.py:93} INFO - /usr/bin/bash: line 3: hdfs: command not found
[2025-08-17T19:31:04.585+0000] {subprocess.py:93} INFO - Waiting for hdfs://namenode:9000/data/raw/KRvideos.csv...
[2025-08-17T19:31:14.589+0000] {subprocess.py:93} INFO - /usr/bin/bash: line 3: hdfs: command not found
[2025-08-17T19:31:14.590+0000] {subprocess.py:93} INFO - Waiting for hdfs://namenode:9000/data/raw/KRvideos.csv...
[2025-08-17T19:31:24.595+0000] {subprocess.py:93} INFO - /usr/bin/bash: line 3: hdfs: command not found
[2025-08-17T19:31:24.596+0000] {subprocess.py:93} INFO - Waiting for hdfs://namenode:9000/data/raw/KRvideos.csv...
[2025-08-17T19:31:34.603+0000] {subprocess.py:93} INFO - /usr/bin/bash: line 3: hdfs: command not found
[2025-08-17T19:31:34.604+0000] {subprocess.py:93} INFO - Waiting for hdfs://namenode:9000/data/raw/KRvideos.csv...
[2025-08-17T19:31:44.609+0000] {subprocess.py:93} INFO - /usr/bin/bash: line 3: hdfs: command not found
[2025-08-17T19:31:44.610+0000] {subprocess.py:93} INFO - Waiting for hdfs://namenode:9000/data/raw/KRvideos.csv...
[2025-08-17T19:31:54.620+0000] {subprocess.py:93} INFO - /usr/bin/bash: line 3: hdfs: command not found
[2025-08-17T19:31:54.622+0000] {subprocess.py:93} INFO - Waiting for hdfs://namenode:9000/data/raw/KRvideos.csv...
[2025-08-17T19:32:04.634+0000] {subprocess.py:93} INFO - /usr/bin/bash: line 3: hdfs: command not found
[2025-08-17T19:32:04.635+0000] {subprocess.py:93} INFO - Waiting for hdfs://namenode:9000/data/raw/KRvideos.csv...
[2025-08-17T19:32:14.641+0000] {subprocess.py:93} INFO - /usr/bin/bash: line 3: hdfs: command not found
[2025-08-17T19:32:14.643+0000] {subprocess.py:93} INFO - Waiting for hdfs://namenode:9000/data/raw/KRvideos.csv...
[2025-08-17T19:32:24.656+0000] {subprocess.py:93} INFO - /usr/bin/bash: line 3: hdfs: command not found
[2025-08-17T19:32:24.657+0000] {subprocess.py:93} INFO - Waiting for hdfs://namenode:9000/data/raw/KRvideos.csv...
[2025-08-17T19:32:34.661+0000] {subprocess.py:93} INFO - /usr/bin/bash: line 3: hdfs: command not found
[2025-08-17T19:32:34.661+0000] {subprocess.py:93} INFO - Waiting for hdfs://namenode:9000/data/raw/KRvideos.csv...
[2025-08-17T19:32:44.667+0000] {subprocess.py:93} INFO - /usr/bin/bash: line 3: hdfs: command not found
[2025-08-17T19:32:44.668+0000] {subprocess.py:93} INFO - Waiting for hdfs://namenode:9000/data/raw/KRvideos.csv...
[2025-08-17T19:32:54.672+0000] {subprocess.py:93} INFO - /usr/bin/bash: line 3: hdfs: command not found
[2025-08-17T19:32:54.672+0000] {subprocess.py:93} INFO - Waiting for hdfs://namenode:9000/data/raw/KRvideos.csv...
[2025-08-17T19:33:04.676+0000] {subprocess.py:93} INFO - /usr/bin/bash: line 3: hdfs: command not found
[2025-08-17T19:33:04.676+0000] {subprocess.py:93} INFO - Waiting for hdfs://namenode:9000/data/raw/KRvideos.csv...
[2025-08-17T19:33:14.680+0000] {subprocess.py:93} INFO - /usr/bin/bash: line 3: hdfs: command not found
[2025-08-17T19:33:14.681+0000] {subprocess.py:93} INFO - Waiting for hdfs://namenode:9000/data/raw/KRvideos.csv...
[2025-08-17T19:33:24.687+0000] {subprocess.py:93} INFO - /usr/bin/bash: line 3: hdfs: command not found
[2025-08-17T19:33:24.688+0000] {subprocess.py:93} INFO - Waiting for hdfs://namenode:9000/data/raw/KRvideos.csv...
[2025-08-17T19:33:34.693+0000] {subprocess.py:93} INFO - TIMEOUT waiting hdfs://namenode:9000/data/raw/KRvideos.csv
[2025-08-17T19:33:34.693+0000] {subprocess.py:97} INFO - Command exited with return code 1
[2025-08-17T19:33:34.694+0000] {taskinstance.py:441} INFO - ::group::Post task execution logs
[2025-08-17T19:33:34.755+0000] {taskinstance.py:2890} ERROR - Task failed with exception
Traceback (most recent call last):
  File "/home/airflow/.local/lib/python3.9/site-packages/airflow/models/taskinstance.py", line 465, in _execute_task
    result = _execute_callable(context=context, **execute_callable_kwargs)
  File "/home/airflow/.local/lib/python3.9/site-packages/airflow/models/taskinstance.py", line 432, in _execute_callable
    return execute_callable(context=context, **execute_callable_kwargs)
  File "/home/airflow/.local/lib/python3.9/site-packages/airflow/models/baseoperator.py", line 400, in wrapper
    return func(self, *args, **kwargs)
  File "/home/airflow/.local/lib/python3.9/site-packages/airflow/operators/bash.py", line 243, in execute
    raise AirflowException(
airflow.exceptions.AirflowException: Bash command failed. The command returned a non-zero exit code 1.
[2025-08-17T19:33:34.762+0000] {taskinstance.py:1205} INFO - Marking task as UP_FOR_RETRY. dag_id=youtube_elt_dw_analytics, task_id=wait_raw_8, execution_date=20250816T000000, start_date=20250817T192332, end_date=20250817T193334
[2025-08-17T19:33:34.825+0000] {standard_task_runner.py:110} ERROR - Failed to execute job 12 for task wait_raw_8 (Bash command failed. The command returned a non-zero exit code 1.; 251)
[2025-08-17T19:33:34.848+0000] {local_task_job_runner.py:240} INFO - Task exited with return code 1
[2025-08-17T19:33:35.041+0000] {logging_mixin.py:188} WARNING - /home/***/.local/lib/python3.9/site-packages/***/models/baseoperator.py:1296 AirflowProviderDeprecationWarning: Call to deprecated class PostgresOperator. (Please use `***.providers.common.sql.operators.sql.SQLExecuteQueryOperator`.Also, you can provide `hook_params={'schema': <database>}`.)
[2025-08-17T19:33:35.154+0000] {taskinstance.py:3482} INFO - 0 downstream tasks scheduled from follow-on schedule check
[2025-08-17T19:33:35.161+0000] {local_task_job_runner.py:222} INFO - ::endgroup::
