[2025-08-19T09:11:22.496+0000] {local_task_job_runner.py:120} INFO - ::group::Pre task execution logs
[2025-08-19T09:11:22.551+0000] {taskinstance.py:2073} INFO - Dependencies all met for dep_context=non-requeueable deps ti=<TaskInstance: youtube_pipeline_batch_data.drop_views manual__2025-08-19T09:11:13.644608+00:00 [queued]>
[2025-08-19T09:11:22.577+0000] {taskinstance.py:2073} INFO - Dependencies all met for dep_context=requeueable deps ti=<TaskInstance: youtube_pipeline_batch_data.drop_views manual__2025-08-19T09:11:13.644608+00:00 [queued]>
[2025-08-19T09:11:22.579+0000] {taskinstance.py:2303} INFO - Starting attempt 1 of 4
[2025-08-19T09:11:22.607+0000] {taskinstance.py:2327} INFO - Executing <Task(BashOperator): drop_views> on 2025-08-19 09:11:13.644608+00:00
[2025-08-19T09:11:22.619+0000] {standard_task_runner.py:63} INFO - Started process 2026 to run task
[2025-08-19T09:11:22.632+0000] {standard_task_runner.py:90} INFO - Running: ['***', 'tasks', 'run', 'youtube_pipeline_batch_data', 'drop_views', 'manual__2025-08-19T09:11:13.644608+00:00', '--job-id', '584', '--raw', '--subdir', 'DAGS_FOLDER/youtube_pipeline.py', '--cfg-path', '/tmp/tmpxs1fcteg']
[2025-08-19T09:11:22.635+0000] {standard_task_runner.py:91} INFO - Job 584: Subtask drop_views
[2025-08-19T09:11:22.718+0000] {task_command.py:426} INFO - Running <TaskInstance: youtube_pipeline_batch_data.drop_views manual__2025-08-19T09:11:13.644608+00:00 [running]> on host 54bf3a3eaeab
[2025-08-19T09:11:22.944+0000] {taskinstance.py:2644} INFO - Exporting env vars: AIRFLOW_CTX_DAG_OWNER='***' AIRFLOW_CTX_DAG_ID='youtube_pipeline_batch_data' AIRFLOW_CTX_TASK_ID='drop_views' AIRFLOW_CTX_EXECUTION_DATE='2025-08-19T09:11:13.644608+00:00' AIRFLOW_CTX_TRY_NUMBER='1' AIRFLOW_CTX_DAG_RUN_ID='manual__2025-08-19T09:11:13.644608+00:00'
[2025-08-19T09:11:22.948+0000] {taskinstance.py:430} INFO - ::endgroup::
[2025-08-19T09:11:22.980+0000] {subprocess.py:63} INFO - Tmp dir root location: /tmp
[2025-08-19T09:11:22.981+0000] {subprocess.py:75} INFO - Running command: ['/usr/bin/bash', '-c', 'docker exec citus_coordinator psql -U citus -d youtube_dw -c "DROP VIEW IF EXISTS vw_q01_avg_views_comments CASCADE; DROP VIEW IF EXISTS vw_q02_top_engagement_channels CASCADE; DROP VIEW IF EXISTS vw_q03_gold_combinations CASCADE; DROP VIEW IF EXISTS vw_q04_problem_types CASCADE; DROP VIEW IF EXISTS vw_q05_tags_core_metrics CASCADE; DROP VIEW IF EXISTS vw_q06_magic_tags CASCADE; DROP VIEW IF EXISTS vw_q07_speed_to_viral CASCADE; DROP VIEW IF EXISTS vw_q08_desc_thumb_performance CASCADE; DROP VIEW IF EXISTS vw_q09_seasonal_launch CASCADE; DROP VIEW IF EXISTS vw_q10_channel_top_video CASCADE;"']
[2025-08-19T09:11:23.008+0000] {subprocess.py:86} INFO - Output:
[2025-08-19T09:11:23.254+0000] {subprocess.py:93} INFO - NOTICE:  view "vw_q01_avg_views_comments" does not exist, skipping
[2025-08-19T09:11:23.254+0000] {subprocess.py:93} INFO - NOTICE:  view "vw_q02_top_engagement_channels" does not exist, skipping
[2025-08-19T09:11:23.255+0000] {subprocess.py:93} INFO - NOTICE:  view "vw_q03_gold_combinations" does not exist, skipping
[2025-08-19T09:11:23.256+0000] {subprocess.py:93} INFO - NOTICE:  view "vw_q04_problem_types" does not exist, skipping
[2025-08-19T09:11:23.260+0000] {subprocess.py:93} INFO - DROP VIEW
[2025-08-19T09:11:23.261+0000] {subprocess.py:93} INFO - DROP VIEW
[2025-08-19T09:11:23.261+0000] {subprocess.py:93} INFO - DROP VIEW
[2025-08-19T09:11:23.262+0000] {subprocess.py:93} INFO - DROP VIEW
[2025-08-19T09:11:23.262+0000] {subprocess.py:93} INFO - NOTICE:  view "vw_q05_tags_core_metrics" does not exist, skipping
[2025-08-19T09:11:23.263+0000] {subprocess.py:93} INFO - NOTICE:  view "vw_q06_magic_tags" does not exist, skipping
[2025-08-19T09:11:23.265+0000] {subprocess.py:93} INFO - NOTICE:  view "vw_q07_speed_to_viral" does not exist, skipping
[2025-08-19T09:11:23.265+0000] {subprocess.py:93} INFO - NOTICE:  view "vw_q08_desc_thumb_performance" does not exist, skipping
[2025-08-19T09:11:23.265+0000] {subprocess.py:93} INFO - NOTICE:  view "vw_q09_seasonal_launch" does not exist, skipping
[2025-08-19T09:11:23.266+0000] {subprocess.py:93} INFO - NOTICE:  view "vw_q10_channel_top_video" does not exist, skipping
[2025-08-19T09:11:23.268+0000] {subprocess.py:93} INFO - DROP VIEW
[2025-08-19T09:11:23.269+0000] {subprocess.py:93} INFO - DROP VIEW
[2025-08-19T09:11:23.269+0000] {subprocess.py:93} INFO - DROP VIEW
[2025-08-19T09:11:23.269+0000] {subprocess.py:93} INFO - DROP VIEW
[2025-08-19T09:11:23.270+0000] {subprocess.py:93} INFO - DROP VIEW
[2025-08-19T09:11:23.270+0000] {subprocess.py:93} INFO - DROP VIEW
[2025-08-19T09:11:23.271+0000] {subprocess.py:97} INFO - Command exited with return code 0
[2025-08-19T09:11:23.272+0000] {taskinstance.py:441} INFO - ::group::Post task execution logs
[2025-08-19T09:11:23.350+0000] {taskinstance.py:1205} INFO - Marking task as SUCCESS. dag_id=youtube_pipeline_batch_data, task_id=drop_views, execution_date=20250819T091113, start_date=20250819T091122, end_date=20250819T091123
[2025-08-19T09:11:23.388+0000] {local_task_job_runner.py:240} INFO - Task exited with return code 0
[2025-08-19T09:11:23.462+0000] {taskinstance.py:3482} INFO - 1 downstream tasks scheduled from follow-on schedule check
[2025-08-19T09:11:23.467+0000] {local_task_job_runner.py:222} INFO - ::endgroup::
