[2025-08-18T09:58:37.080+0000] {local_task_job_runner.py:120} INFO - ::group::Pre task execution logs
[2025-08-18T09:58:37.132+0000] {taskinstance.py:2073} INFO - Dependencies all met for dep_context=non-requeueable deps ti=<TaskInstance: youtube_pipeline_simple.golden_to_star manual__2025-08-18T09:37:15.166306+00:00 [queued]>
[2025-08-18T09:58:37.143+0000] {taskinstance.py:2073} INFO - Dependencies all met for dep_context=requeueable deps ti=<TaskInstance: youtube_pipeline_simple.golden_to_star manual__2025-08-18T09:37:15.166306+00:00 [queued]>
[2025-08-18T09:58:37.144+0000] {taskinstance.py:2303} INFO - Starting attempt 2 of 2
[2025-08-18T09:58:37.166+0000] {taskinstance.py:2327} INFO - Executing <Task(BashOperator): golden_to_star> on 2025-08-18 09:37:15.166306+00:00
[2025-08-18T09:58:37.172+0000] {standard_task_runner.py:63} INFO - Started process 2471 to run task
[2025-08-18T09:58:37.176+0000] {standard_task_runner.py:90} INFO - Running: ['***', 'tasks', 'run', 'youtube_pipeline_simple', 'golden_to_star', 'manual__2025-08-18T09:37:15.166306+00:00', '--job-id', '44', '--raw', '--subdir', 'DAGS_FOLDER/youtube_pipeline.py', '--cfg-path', '/tmp/tmpxawwc00j']
[2025-08-18T09:58:37.179+0000] {standard_task_runner.py:91} INFO - Job 44: Subtask golden_to_star
[2025-08-18T09:58:37.236+0000] {task_command.py:426} INFO - Running <TaskInstance: youtube_pipeline_simple.golden_to_star manual__2025-08-18T09:37:15.166306+00:00 [running]> on host 4d75244235f4
[2025-08-18T09:58:37.341+0000] {taskinstance.py:2644} INFO - Exporting env vars: AIRFLOW_CTX_DAG_OWNER='***' AIRFLOW_CTX_DAG_ID='youtube_pipeline_simple' AIRFLOW_CTX_TASK_ID='golden_to_star' AIRFLOW_CTX_EXECUTION_DATE='2025-08-18T09:37:15.166306+00:00' AIRFLOW_CTX_TRY_NUMBER='2' AIRFLOW_CTX_DAG_RUN_ID='manual__2025-08-18T09:37:15.166306+00:00'
[2025-08-18T09:58:37.342+0000] {taskinstance.py:430} INFO - ::endgroup::
[2025-08-18T09:58:37.372+0000] {subprocess.py:63} INFO - Tmp dir root location: /tmp
[2025-08-18T09:58:37.374+0000] {subprocess.py:75} INFO - Running command: ['/usr/bin/bash', '-c', 'docker exec youtube-pipeline-project_spark-master_1 spark-submit --master spark://spark-master:7077 --deploy-mode client --packages org.postgresql:postgresql:42.6.0 /opt/***/jobs/star_schema/golden_to_star_citus.py']
[2025-08-18T09:58:37.389+0000] {subprocess.py:86} INFO - Output:
[2025-08-18T09:58:39.880+0000] {subprocess.py:93} INFO - :: loading settings :: url = jar:file:/opt/bitnami/spark/jars/ivy-2.5.1.jar!/org/apache/ivy/core/settings/ivysettings.xml
[2025-08-18T09:58:40.013+0000] {subprocess.py:93} INFO - Ivy Default Cache set to: /opt/bitnami/spark/.ivy2/cache
[2025-08-18T09:58:40.014+0000] {subprocess.py:93} INFO - The jars for the packages stored in: /opt/bitnami/spark/.ivy2/jars
[2025-08-18T09:58:40.022+0000] {subprocess.py:93} INFO - org.postgresql#postgresql added as a dependency
[2025-08-18T09:58:40.029+0000] {subprocess.py:93} INFO - :: resolving dependencies :: org.apache.spark#spark-submit-parent-7d6695ac-a873-49a1-804f-8d7a87199fc9;1.0
[2025-08-18T09:58:40.030+0000] {subprocess.py:93} INFO - 	confs: [default]
[2025-08-18T09:58:40.178+0000] {subprocess.py:93} INFO - 	found org.postgresql#postgresql;42.6.0 in central
[2025-08-18T09:58:40.213+0000] {subprocess.py:93} INFO - 	found org.checkerframework#checker-qual;3.31.0 in central
[2025-08-18T09:58:40.247+0000] {subprocess.py:93} INFO - :: resolution report :: resolve 205ms :: artifacts dl 20ms
[2025-08-18T09:58:40.248+0000] {subprocess.py:93} INFO - 	:: modules in use:
[2025-08-18T09:58:40.249+0000] {subprocess.py:93} INFO - 	org.checkerframework#checker-qual;3.31.0 from central in [default]
[2025-08-18T09:58:40.250+0000] {subprocess.py:93} INFO - 	org.postgresql#postgresql;42.6.0 from central in [default]
[2025-08-18T09:58:40.251+0000] {subprocess.py:93} INFO - 	---------------------------------------------------------------------
[2025-08-18T09:58:40.252+0000] {subprocess.py:93} INFO - 	|                  |            modules            ||   artifacts   |
[2025-08-18T09:58:40.252+0000] {subprocess.py:93} INFO - 	|       conf       | number| search|dwnlded|evicted|| number|dwnlded|
[2025-08-18T09:58:40.256+0000] {subprocess.py:93} INFO - 	---------------------------------------------------------------------
[2025-08-18T09:58:40.256+0000] {subprocess.py:93} INFO - 	|      default     |   2   |   0   |   0   |   0   ||   2   |   0   |
[2025-08-18T09:58:40.257+0000] {subprocess.py:93} INFO - 	---------------------------------------------------------------------
[2025-08-18T09:58:40.263+0000] {subprocess.py:93} INFO - :: retrieving :: org.apache.spark#spark-submit-parent-7d6695ac-a873-49a1-804f-8d7a87199fc9
[2025-08-18T09:58:40.265+0000] {subprocess.py:93} INFO - 	confs: [default]
[2025-08-18T09:58:40.270+0000] {subprocess.py:93} INFO - 	0 artifacts copied, 2 already retrieved (0kB/8ms)
[2025-08-18T09:58:40.597+0000] {subprocess.py:93} INFO - 25/08/18 09:58:40 WARN NativeCodeLoader: Unable to load native-hadoop library for your platform... using builtin-java classes where applicable
[2025-08-18T09:58:41.944+0000] {subprocess.py:93} INFO - Traceback (most recent call last):
[2025-08-18T09:58:41.945+0000] {subprocess.py:93} INFO -   File "/opt/***/jobs/star_schema/golden_to_star_citus.py", line 2, in <module>
[2025-08-18T09:58:41.945+0000] {subprocess.py:93} INFO -     import psycopg2 # type: ignore
[2025-08-18T09:58:41.946+0000] {subprocess.py:93} INFO -     ^^^^^^^^^^^^^^^
[2025-08-18T09:58:41.946+0000] {subprocess.py:93} INFO - ModuleNotFoundError: No module named 'psycopg2'
[2025-08-18T09:58:41.997+0000] {subprocess.py:93} INFO - 25/08/18 09:58:41 INFO ShutdownHookManager: Shutdown hook called
[2025-08-18T09:58:41.998+0000] {subprocess.py:93} INFO - 25/08/18 09:58:41 INFO ShutdownHookManager: Deleting directory /tmp/spark-9fb0f379-b378-4ceb-b819-0601ff4ccc6a
[2025-08-18T09:58:42.056+0000] {subprocess.py:97} INFO - Command exited with return code 1
[2025-08-18T09:58:42.057+0000] {taskinstance.py:441} INFO - ::group::Post task execution logs
[2025-08-18T09:58:42.074+0000] {taskinstance.py:2890} ERROR - Task failed with exception
Traceback (most recent call last):
  File "/home/airflow/.local/lib/python3.9/site-packages/airflow/models/taskinstance.py", line 465, in _execute_task
    result = _execute_callable(context=context, **execute_callable_kwargs)
  File "/home/airflow/.local/lib/python3.9/site-packages/airflow/models/taskinstance.py", line 432, in _execute_callable
    return execute_callable(context=context, **execute_callable_kwargs)
  File "/home/airflow/.local/lib/python3.9/site-packages/airflow/models/baseoperator.py", line 400, in wrapper
    return func(self, *args, **kwargs)
  File "/home/airflow/.local/lib/python3.9/site-packages/airflow/operators/bash.py", line 243, in execute
    raise AirflowException(
airflow.exceptions.AirflowException: Bash command failed. The command returned a non-zero exit code 1.
[2025-08-18T09:58:42.079+0000] {taskinstance.py:1205} INFO - Marking task as FAILED. dag_id=youtube_pipeline_simple, task_id=golden_to_star, execution_date=20250818T093715, start_date=20250818T095837, end_date=20250818T095842
[2025-08-18T09:58:42.098+0000] {standard_task_runner.py:110} ERROR - Failed to execute job 44 for task golden_to_star (Bash command failed. The command returned a non-zero exit code 1.; 2471)
[2025-08-18T09:58:42.111+0000] {local_task_job_runner.py:240} INFO - Task exited with return code 1
[2025-08-18T09:58:42.136+0000] {taskinstance.py:3482} INFO - 0 downstream tasks scheduled from follow-on schedule check
[2025-08-18T09:58:42.138+0000] {local_task_job_runner.py:222} INFO - ::endgroup::
