[2025-08-17T19:23:32.048+0000] {local_task_job_runner.py:120} INFO - ::group::Pre task execution logs
[2025-08-17T19:23:32.436+0000] {taskinstance.py:2073} INFO - Dependencies all met for dep_context=non-requeueable deps ti=<TaskInstance: youtube_elt_dw_analytics.wait_raw_13 scheduled__2025-08-16T00:00:00+00:00 [queued]>
[2025-08-17T19:23:32.550+0000] {taskinstance.py:2073} INFO - Dependencies all met for dep_context=requeueable deps ti=<TaskInstance: youtube_elt_dw_analytics.wait_raw_13 scheduled__2025-08-16T00:00:00+00:00 [queued]>
[2025-08-17T19:23:32.551+0000] {taskinstance.py:2303} INFO - Starting attempt 1 of 3
[2025-08-17T19:23:32.685+0000] {taskinstance.py:2327} INFO - Executing <Task(BashOperator): wait_raw_13> on 2025-08-16 00:00:00+00:00
[2025-08-17T19:23:32.701+0000] {standard_task_runner.py:63} INFO - Started process 260 to run task
[2025-08-17T19:23:32.721+0000] {standard_task_runner.py:90} INFO - Running: ['***', 'tasks', 'run', 'youtube_elt_dw_analytics', 'wait_raw_13', 'scheduled__2025-08-16T00:00:00+00:00', '--job-id', '15', '--raw', '--subdir', 'DAGS_FOLDER/youtube_pipeline.py', '--cfg-path', '/tmp/tmpssp86jqu']
[2025-08-17T19:23:32.733+0000] {standard_task_runner.py:91} INFO - Job 15: Subtask wait_raw_13
[2025-08-17T19:23:33.423+0000] {task_command.py:426} INFO - Running <TaskInstance: youtube_elt_dw_analytics.wait_raw_13 scheduled__2025-08-16T00:00:00+00:00 [running]> on host 545418c0948b
[2025-08-17T19:23:33.934+0000] {taskinstance.py:2644} INFO - Exporting env vars: AIRFLOW_CTX_DAG_OWNER='data-team' AIRFLOW_CTX_DAG_ID='youtube_elt_dw_analytics' AIRFLOW_CTX_TASK_ID='wait_raw_13' AIRFLOW_CTX_EXECUTION_DATE='2025-08-16T00:00:00+00:00' AIRFLOW_CTX_TRY_NUMBER='1' AIRFLOW_CTX_DAG_RUN_ID='scheduled__2025-08-16T00:00:00+00:00'
[2025-08-17T19:23:33.936+0000] {taskinstance.py:430} INFO - ::endgroup::
[2025-08-17T19:23:33.995+0000] {subprocess.py:63} INFO - Tmp dir root location: /tmp
[2025-08-17T19:23:34.002+0000] {subprocess.py:75} INFO - Running command: ['/usr/bin/bash', '-c', "\n            for i in {1..60}; do\n              hdfs dfs -test -e hdfs://namenode:9000/data/raw/RU_category_id.json && echo 'FOUND: hdfs://namenode:9000/data/raw/RU_category_id.json' && exit 0;\n              echo 'Waiting for hdfs://namenode:9000/data/raw/RU_category_id.json...';\n              sleep 10;\n            done;\n            echo 'TIMEOUT waiting hdfs://namenode:9000/data/raw/RU_category_id.json'; exit 1\n            "]
[2025-08-17T19:23:34.050+0000] {subprocess.py:86} INFO - Output:
[2025-08-17T19:23:34.076+0000] {subprocess.py:93} INFO - /usr/bin/bash: line 3: hdfs: command not found
[2025-08-17T19:23:34.078+0000] {subprocess.py:93} INFO - Waiting for hdfs://namenode:9000/data/raw/RU_category_id.json...
[2025-08-17T19:23:44.086+0000] {subprocess.py:93} INFO - /usr/bin/bash: line 3: hdfs: command not found
[2025-08-17T19:23:44.089+0000] {subprocess.py:93} INFO - Waiting for hdfs://namenode:9000/data/raw/RU_category_id.json...
[2025-08-17T19:23:54.098+0000] {subprocess.py:93} INFO - /usr/bin/bash: line 3: hdfs: command not found
[2025-08-17T19:23:54.098+0000] {subprocess.py:93} INFO - Waiting for hdfs://namenode:9000/data/raw/RU_category_id.json...
[2025-08-17T19:24:04.103+0000] {subprocess.py:93} INFO - /usr/bin/bash: line 3: hdfs: command not found
[2025-08-17T19:24:04.104+0000] {subprocess.py:93} INFO - Waiting for hdfs://namenode:9000/data/raw/RU_category_id.json...
[2025-08-17T19:24:14.112+0000] {subprocess.py:93} INFO - /usr/bin/bash: line 3: hdfs: command not found
[2025-08-17T19:24:14.116+0000] {subprocess.py:93} INFO - Waiting for hdfs://namenode:9000/data/raw/RU_category_id.json...
[2025-08-17T19:24:24.132+0000] {subprocess.py:93} INFO - /usr/bin/bash: line 3: hdfs: command not found
[2025-08-17T19:24:24.134+0000] {subprocess.py:93} INFO - Waiting for hdfs://namenode:9000/data/raw/RU_category_id.json...
[2025-08-17T19:24:34.146+0000] {subprocess.py:93} INFO - /usr/bin/bash: line 3: hdfs: command not found
[2025-08-17T19:24:34.148+0000] {subprocess.py:93} INFO - Waiting for hdfs://namenode:9000/data/raw/RU_category_id.json...
[2025-08-17T19:24:44.161+0000] {subprocess.py:93} INFO - /usr/bin/bash: line 3: hdfs: command not found
[2025-08-17T19:24:44.161+0000] {subprocess.py:93} INFO - Waiting for hdfs://namenode:9000/data/raw/RU_category_id.json...
[2025-08-17T19:24:54.168+0000] {subprocess.py:93} INFO - /usr/bin/bash: line 3: hdfs: command not found
[2025-08-17T19:24:54.170+0000] {subprocess.py:93} INFO - Waiting for hdfs://namenode:9000/data/raw/RU_category_id.json...
[2025-08-17T19:25:04.181+0000] {subprocess.py:93} INFO - /usr/bin/bash: line 3: hdfs: command not found
[2025-08-17T19:25:04.184+0000] {subprocess.py:93} INFO - Waiting for hdfs://namenode:9000/data/raw/RU_category_id.json...
[2025-08-17T19:25:14.218+0000] {subprocess.py:93} INFO - /usr/bin/bash: line 3: hdfs: command not found
[2025-08-17T19:25:14.221+0000] {subprocess.py:93} INFO - Waiting for hdfs://namenode:9000/data/raw/RU_category_id.json...
[2025-08-17T19:25:24.238+0000] {subprocess.py:93} INFO - /usr/bin/bash: line 3: hdfs: command not found
[2025-08-17T19:25:24.240+0000] {subprocess.py:93} INFO - Waiting for hdfs://namenode:9000/data/raw/RU_category_id.json...
[2025-08-17T19:25:34.249+0000] {subprocess.py:93} INFO - /usr/bin/bash: line 3: hdfs: command not found
[2025-08-17T19:25:34.251+0000] {subprocess.py:93} INFO - Waiting for hdfs://namenode:9000/data/raw/RU_category_id.json...
[2025-08-17T19:25:44.266+0000] {subprocess.py:93} INFO - /usr/bin/bash: line 3: hdfs: command not found
[2025-08-17T19:25:44.268+0000] {subprocess.py:93} INFO - Waiting for hdfs://namenode:9000/data/raw/RU_category_id.json...
[2025-08-17T19:25:54.285+0000] {subprocess.py:93} INFO - /usr/bin/bash: line 3: hdfs: command not found
[2025-08-17T19:25:54.292+0000] {subprocess.py:93} INFO - Waiting for hdfs://namenode:9000/data/raw/RU_category_id.json...
[2025-08-17T19:26:04.308+0000] {subprocess.py:93} INFO - /usr/bin/bash: line 3: hdfs: command not found
[2025-08-17T19:26:04.310+0000] {subprocess.py:93} INFO - Waiting for hdfs://namenode:9000/data/raw/RU_category_id.json...
[2025-08-17T19:26:14.322+0000] {subprocess.py:93} INFO - /usr/bin/bash: line 3: hdfs: command not found
[2025-08-17T19:26:14.323+0000] {subprocess.py:93} INFO - Waiting for hdfs://namenode:9000/data/raw/RU_category_id.json...
[2025-08-17T19:26:24.330+0000] {subprocess.py:93} INFO - /usr/bin/bash: line 3: hdfs: command not found
[2025-08-17T19:26:24.331+0000] {subprocess.py:93} INFO - Waiting for hdfs://namenode:9000/data/raw/RU_category_id.json...
[2025-08-17T19:26:34.337+0000] {subprocess.py:93} INFO - /usr/bin/bash: line 3: hdfs: command not found
[2025-08-17T19:26:34.337+0000] {subprocess.py:93} INFO - Waiting for hdfs://namenode:9000/data/raw/RU_category_id.json...
[2025-08-17T19:26:44.352+0000] {subprocess.py:93} INFO - /usr/bin/bash: line 3: hdfs: command not found
[2025-08-17T19:26:44.358+0000] {subprocess.py:93} INFO - Waiting for hdfs://namenode:9000/data/raw/RU_category_id.json...
[2025-08-17T19:26:54.366+0000] {subprocess.py:93} INFO - /usr/bin/bash: line 3: hdfs: command not found
[2025-08-17T19:26:54.369+0000] {subprocess.py:93} INFO - Waiting for hdfs://namenode:9000/data/raw/RU_category_id.json...
[2025-08-17T19:27:04.380+0000] {subprocess.py:93} INFO - /usr/bin/bash: line 3: hdfs: command not found
[2025-08-17T19:27:04.381+0000] {subprocess.py:93} INFO - Waiting for hdfs://namenode:9000/data/raw/RU_category_id.json...
[2025-08-17T19:27:14.387+0000] {subprocess.py:93} INFO - /usr/bin/bash: line 3: hdfs: command not found
[2025-08-17T19:27:14.388+0000] {subprocess.py:93} INFO - Waiting for hdfs://namenode:9000/data/raw/RU_category_id.json...
[2025-08-17T19:27:24.393+0000] {subprocess.py:93} INFO - /usr/bin/bash: line 3: hdfs: command not found
[2025-08-17T19:27:24.394+0000] {subprocess.py:93} INFO - Waiting for hdfs://namenode:9000/data/raw/RU_category_id.json...
[2025-08-17T19:27:34.403+0000] {subprocess.py:93} INFO - /usr/bin/bash: line 3: hdfs: command not found
[2025-08-17T19:27:34.408+0000] {subprocess.py:93} INFO - Waiting for hdfs://namenode:9000/data/raw/RU_category_id.json...
[2025-08-17T19:27:44.419+0000] {subprocess.py:93} INFO - /usr/bin/bash: line 3: hdfs: command not found
[2025-08-17T19:27:44.422+0000] {subprocess.py:93} INFO - Waiting for hdfs://namenode:9000/data/raw/RU_category_id.json...
[2025-08-17T19:27:54.434+0000] {subprocess.py:93} INFO - /usr/bin/bash: line 3: hdfs: command not found
[2025-08-17T19:27:54.436+0000] {subprocess.py:93} INFO - Waiting for hdfs://namenode:9000/data/raw/RU_category_id.json...
[2025-08-17T19:28:04.450+0000] {subprocess.py:93} INFO - /usr/bin/bash: line 3: hdfs: command not found
[2025-08-17T19:28:04.452+0000] {subprocess.py:93} INFO - Waiting for hdfs://namenode:9000/data/raw/RU_category_id.json...
[2025-08-17T19:28:14.461+0000] {subprocess.py:93} INFO - /usr/bin/bash: line 3: hdfs: command not found
[2025-08-17T19:28:14.462+0000] {subprocess.py:93} INFO - Waiting for hdfs://namenode:9000/data/raw/RU_category_id.json...
[2025-08-17T19:28:24.468+0000] {subprocess.py:93} INFO - /usr/bin/bash: line 3: hdfs: command not found
[2025-08-17T19:28:24.469+0000] {subprocess.py:93} INFO - Waiting for hdfs://namenode:9000/data/raw/RU_category_id.json...
[2025-08-17T19:28:34.475+0000] {subprocess.py:93} INFO - /usr/bin/bash: line 3: hdfs: command not found
[2025-08-17T19:28:34.476+0000] {subprocess.py:93} INFO - Waiting for hdfs://namenode:9000/data/raw/RU_category_id.json...
[2025-08-17T19:28:44.485+0000] {subprocess.py:93} INFO - /usr/bin/bash: line 3: hdfs: command not found
[2025-08-17T19:28:44.487+0000] {subprocess.py:93} INFO - Waiting for hdfs://namenode:9000/data/raw/RU_category_id.json...
[2025-08-17T19:28:54.494+0000] {subprocess.py:93} INFO - /usr/bin/bash: line 3: hdfs: command not found
[2025-08-17T19:28:54.495+0000] {subprocess.py:93} INFO - Waiting for hdfs://namenode:9000/data/raw/RU_category_id.json...
[2025-08-17T19:29:04.504+0000] {subprocess.py:93} INFO - /usr/bin/bash: line 3: hdfs: command not found
[2025-08-17T19:29:04.505+0000] {subprocess.py:93} INFO - Waiting for hdfs://namenode:9000/data/raw/RU_category_id.json...
[2025-08-17T19:29:14.509+0000] {subprocess.py:93} INFO - /usr/bin/bash: line 3: hdfs: command not found
[2025-08-17T19:29:14.510+0000] {subprocess.py:93} INFO - Waiting for hdfs://namenode:9000/data/raw/RU_category_id.json...
[2025-08-17T19:29:24.515+0000] {subprocess.py:93} INFO - /usr/bin/bash: line 3: hdfs: command not found
[2025-08-17T19:29:24.516+0000] {subprocess.py:93} INFO - Waiting for hdfs://namenode:9000/data/raw/RU_category_id.json...
[2025-08-17T19:29:34.527+0000] {subprocess.py:93} INFO - /usr/bin/bash: line 3: hdfs: command not found
[2025-08-17T19:29:34.531+0000] {subprocess.py:93} INFO - Waiting for hdfs://namenode:9000/data/raw/RU_category_id.json...
[2025-08-17T19:29:44.556+0000] {subprocess.py:93} INFO - /usr/bin/bash: line 3: hdfs: command not found
[2025-08-17T19:29:44.557+0000] {subprocess.py:93} INFO - Waiting for hdfs://namenode:9000/data/raw/RU_category_id.json...
[2025-08-17T19:29:54.577+0000] {subprocess.py:93} INFO - /usr/bin/bash: line 3: hdfs: command not found
[2025-08-17T19:29:54.579+0000] {subprocess.py:93} INFO - Waiting for hdfs://namenode:9000/data/raw/RU_category_id.json...
[2025-08-17T19:30:04.581+0000] {subprocess.py:93} INFO - /usr/bin/bash: line 3: hdfs: command not found
[2025-08-17T19:30:04.586+0000] {subprocess.py:93} INFO - Waiting for hdfs://namenode:9000/data/raw/RU_category_id.json...
[2025-08-17T19:30:14.590+0000] {subprocess.py:93} INFO - /usr/bin/bash: line 3: hdfs: command not found
[2025-08-17T19:30:14.591+0000] {subprocess.py:93} INFO - Waiting for hdfs://namenode:9000/data/raw/RU_category_id.json...
[2025-08-17T19:30:24.595+0000] {subprocess.py:93} INFO - /usr/bin/bash: line 3: hdfs: command not found
[2025-08-17T19:30:24.596+0000] {subprocess.py:93} INFO - Waiting for hdfs://namenode:9000/data/raw/RU_category_id.json...
[2025-08-17T19:30:34.600+0000] {subprocess.py:93} INFO - /usr/bin/bash: line 3: hdfs: command not found
[2025-08-17T19:30:34.600+0000] {subprocess.py:93} INFO - Waiting for hdfs://namenode:9000/data/raw/RU_category_id.json...
[2025-08-17T19:30:44.606+0000] {subprocess.py:93} INFO - /usr/bin/bash: line 3: hdfs: command not found
[2025-08-17T19:30:44.607+0000] {subprocess.py:93} INFO - Waiting for hdfs://namenode:9000/data/raw/RU_category_id.json...
[2025-08-17T19:30:54.619+0000] {subprocess.py:93} INFO - /usr/bin/bash: line 3: hdfs: command not found
[2025-08-17T19:30:54.624+0000] {subprocess.py:93} INFO - Waiting for hdfs://namenode:9000/data/raw/RU_category_id.json...
[2025-08-17T19:31:04.632+0000] {subprocess.py:93} INFO - /usr/bin/bash: line 3: hdfs: command not found
[2025-08-17T19:31:04.632+0000] {subprocess.py:93} INFO - Waiting for hdfs://namenode:9000/data/raw/RU_category_id.json...
[2025-08-17T19:31:14.637+0000] {subprocess.py:93} INFO - /usr/bin/bash: line 3: hdfs: command not found
[2025-08-17T19:31:14.637+0000] {subprocess.py:93} INFO - Waiting for hdfs://namenode:9000/data/raw/RU_category_id.json...
[2025-08-17T19:31:24.645+0000] {subprocess.py:93} INFO - /usr/bin/bash: line 3: hdfs: command not found
[2025-08-17T19:31:24.646+0000] {subprocess.py:93} INFO - Waiting for hdfs://namenode:9000/data/raw/RU_category_id.json...
[2025-08-17T19:31:34.654+0000] {subprocess.py:93} INFO - /usr/bin/bash: line 3: hdfs: command not found
[2025-08-17T19:31:34.655+0000] {subprocess.py:93} INFO - Waiting for hdfs://namenode:9000/data/raw/RU_category_id.json...
[2025-08-17T19:31:44.660+0000] {subprocess.py:93} INFO - /usr/bin/bash: line 3: hdfs: command not found
[2025-08-17T19:31:44.661+0000] {subprocess.py:93} INFO - Waiting for hdfs://namenode:9000/data/raw/RU_category_id.json...
[2025-08-17T19:31:54.671+0000] {subprocess.py:93} INFO - /usr/bin/bash: line 3: hdfs: command not found
[2025-08-17T19:31:54.672+0000] {subprocess.py:93} INFO - Waiting for hdfs://namenode:9000/data/raw/RU_category_id.json...
[2025-08-17T19:32:04.678+0000] {subprocess.py:93} INFO - /usr/bin/bash: line 3: hdfs: command not found
[2025-08-17T19:32:04.680+0000] {subprocess.py:93} INFO - Waiting for hdfs://namenode:9000/data/raw/RU_category_id.json...
[2025-08-17T19:32:14.693+0000] {subprocess.py:93} INFO - /usr/bin/bash: line 3: hdfs: command not found
[2025-08-17T19:32:14.696+0000] {subprocess.py:93} INFO - Waiting for hdfs://namenode:9000/data/raw/RU_category_id.json...
[2025-08-17T19:32:24.710+0000] {subprocess.py:93} INFO - /usr/bin/bash: line 3: hdfs: command not found
[2025-08-17T19:32:24.711+0000] {subprocess.py:93} INFO - Waiting for hdfs://namenode:9000/data/raw/RU_category_id.json...
[2025-08-17T19:32:34.714+0000] {subprocess.py:93} INFO - /usr/bin/bash: line 3: hdfs: command not found
[2025-08-17T19:32:34.715+0000] {subprocess.py:93} INFO - Waiting for hdfs://namenode:9000/data/raw/RU_category_id.json...
[2025-08-17T19:32:44.718+0000] {subprocess.py:93} INFO - /usr/bin/bash: line 3: hdfs: command not found
[2025-08-17T19:32:44.719+0000] {subprocess.py:93} INFO - Waiting for hdfs://namenode:9000/data/raw/RU_category_id.json...
[2025-08-17T19:32:54.723+0000] {subprocess.py:93} INFO - /usr/bin/bash: line 3: hdfs: command not found
[2025-08-17T19:32:54.724+0000] {subprocess.py:93} INFO - Waiting for hdfs://namenode:9000/data/raw/RU_category_id.json...
[2025-08-17T19:33:04.727+0000] {subprocess.py:93} INFO - /usr/bin/bash: line 3: hdfs: command not found
[2025-08-17T19:33:04.728+0000] {subprocess.py:93} INFO - Waiting for hdfs://namenode:9000/data/raw/RU_category_id.json...
[2025-08-17T19:33:14.731+0000] {subprocess.py:93} INFO - /usr/bin/bash: line 3: hdfs: command not found
[2025-08-17T19:33:14.731+0000] {subprocess.py:93} INFO - Waiting for hdfs://namenode:9000/data/raw/RU_category_id.json...
[2025-08-17T19:33:24.735+0000] {subprocess.py:93} INFO - /usr/bin/bash: line 3: hdfs: command not found
[2025-08-17T19:33:24.735+0000] {subprocess.py:93} INFO - Waiting for hdfs://namenode:9000/data/raw/RU_category_id.json...
[2025-08-17T19:33:34.743+0000] {subprocess.py:93} INFO - TIMEOUT waiting hdfs://namenode:9000/data/raw/RU_category_id.json
[2025-08-17T19:33:34.743+0000] {subprocess.py:97} INFO - Command exited with return code 1
[2025-08-17T19:33:34.744+0000] {taskinstance.py:441} INFO - ::group::Post task execution logs
[2025-08-17T19:33:34.773+0000] {taskinstance.py:2890} ERROR - Task failed with exception
Traceback (most recent call last):
  File "/home/airflow/.local/lib/python3.9/site-packages/airflow/models/taskinstance.py", line 465, in _execute_task
    result = _execute_callable(context=context, **execute_callable_kwargs)
  File "/home/airflow/.local/lib/python3.9/site-packages/airflow/models/taskinstance.py", line 432, in _execute_callable
    return execute_callable(context=context, **execute_callable_kwargs)
  File "/home/airflow/.local/lib/python3.9/site-packages/airflow/models/baseoperator.py", line 400, in wrapper
    return func(self, *args, **kwargs)
  File "/home/airflow/.local/lib/python3.9/site-packages/airflow/operators/bash.py", line 243, in execute
    raise AirflowException(
airflow.exceptions.AirflowException: Bash command failed. The command returned a non-zero exit code 1.
[2025-08-17T19:33:34.779+0000] {taskinstance.py:1205} INFO - Marking task as UP_FOR_RETRY. dag_id=youtube_elt_dw_analytics, task_id=wait_raw_13, execution_date=20250816T000000, start_date=20250817T192332, end_date=20250817T193334
[2025-08-17T19:33:34.825+0000] {standard_task_runner.py:110} ERROR - Failed to execute job 15 for task wait_raw_13 (Bash command failed. The command returned a non-zero exit code 1.; 260)
[2025-08-17T19:33:34.884+0000] {local_task_job_runner.py:240} INFO - Task exited with return code 1
[2025-08-17T19:33:35.234+0000] {logging_mixin.py:188} WARNING - /home/***/.local/lib/python3.9/site-packages/***/models/baseoperator.py:1296 AirflowProviderDeprecationWarning: Call to deprecated class PostgresOperator. (Please use `***.providers.common.sql.operators.sql.SQLExecuteQueryOperator`.Also, you can provide `hook_params={'schema': <database>}`.)
[2025-08-17T19:33:35.498+0000] {taskinstance.py:3482} INFO - 0 downstream tasks scheduled from follow-on schedule check
[2025-08-17T19:33:35.507+0000] {local_task_job_runner.py:222} INFO - ::endgroup::
