[2025-08-19T09:52:32.871+0000] {local_task_job_runner.py:120} INFO - ::group::Pre task execution logs
[2025-08-19T09:52:35.008+0000] {taskinstance.py:2073} INFO - Dependencies all met for dep_context=non-requeueable deps ti=<TaskInstance: youtube_pipeline_batch_data.run_q_03_gold_combinations manual__2025-08-19T09:11:31.039964+00:00 [queued]>
[2025-08-19T09:52:35.083+0000] {taskinstance.py:2073} INFO - Dependencies all met for dep_context=requeueable deps ti=<TaskInstance: youtube_pipeline_batch_data.run_q_03_gold_combinations manual__2025-08-19T09:11:31.039964+00:00 [queued]>
[2025-08-19T09:52:35.083+0000] {taskinstance.py:2303} INFO - Starting attempt 1 of 4
[2025-08-19T09:52:35.270+0000] {taskinstance.py:2327} INFO - Executing <Task(BashOperator): run_q_03_gold_combinations> on 2025-08-19 09:11:31.039964+00:00
[2025-08-19T09:52:35.283+0000] {standard_task_runner.py:63} INFO - Started process 2894 to run task
[2025-08-19T09:52:35.324+0000] {standard_task_runner.py:90} INFO - Running: ['***', 'tasks', 'run', 'youtube_pipeline_batch_data', 'run_q_03_gold_combinations', 'manual__2025-08-19T09:11:31.039964+00:00', '--job-id', '630', '--raw', '--subdir', 'DAGS_FOLDER/youtube_pipeline.py', '--cfg-path', '/tmp/tmpfnni48gl']
[2025-08-19T09:52:35.361+0000] {standard_task_runner.py:91} INFO - Job 630: Subtask run_q_03_gold_combinations
[2025-08-19T09:52:35.731+0000] {task_command.py:426} INFO - Running <TaskInstance: youtube_pipeline_batch_data.run_q_03_gold_combinations manual__2025-08-19T09:11:31.039964+00:00 [running]> on host 54bf3a3eaeab
[2025-08-19T09:52:37.072+0000] {taskinstance.py:2644} INFO - Exporting env vars: AIRFLOW_CTX_DAG_OWNER='***' AIRFLOW_CTX_DAG_ID='youtube_pipeline_batch_data' AIRFLOW_CTX_TASK_ID='run_q_03_gold_combinations' AIRFLOW_CTX_EXECUTION_DATE='2025-08-19T09:11:31.039964+00:00' AIRFLOW_CTX_TRY_NUMBER='1' AIRFLOW_CTX_DAG_RUN_ID='manual__2025-08-19T09:11:31.039964+00:00'
[2025-08-19T09:52:37.073+0000] {taskinstance.py:430} INFO - ::endgroup::
[2025-08-19T09:52:37.666+0000] {subprocess.py:63} INFO - Tmp dir root location: /tmp
[2025-08-19T09:52:37.728+0000] {subprocess.py:75} INFO - Running command: ['/usr/bin/bash', '-c', 'PGPASSWORD=citus psql -h citus_coordinator -U citus -d youtube_dw -f /opt/***/sql/q_03_gold_combinations.sql']
[2025-08-19T09:52:38.267+0000] {subprocess.py:86} INFO - Output:
[2025-08-19T09:52:40.594+0000] {subprocess.py:93} INFO - CREATE VIEW
[2025-08-19T09:52:40.742+0000] {subprocess.py:97} INFO - Command exited with return code 0
[2025-08-19T09:52:40.757+0000] {taskinstance.py:441} INFO - ::group::Post task execution logs
[2025-08-19T09:52:41.314+0000] {taskinstance.py:1205} INFO - Marking task as SUCCESS. dag_id=youtube_pipeline_batch_data, task_id=run_q_03_gold_combinations, execution_date=20250819T091131, start_date=20250819T095235, end_date=20250819T095241
[2025-08-19T09:52:41.873+0000] {local_task_job_runner.py:240} INFO - Task exited with return code 0
[2025-08-19T09:52:42.219+0000] {taskinstance.py:3482} INFO - 0 downstream tasks scheduled from follow-on schedule check
[2025-08-19T09:52:42.226+0000] {local_task_job_runner.py:222} INFO - ::endgroup::
