[2025-08-17T19:23:32.217+0000] {local_task_job_runner.py:120} INFO - ::group::Pre task execution logs
[2025-08-17T19:23:32.565+0000] {taskinstance.py:2073} INFO - Dependencies all met for dep_context=non-requeueable deps ti=<TaskInstance: youtube_elt_dw_analytics.wait_raw_2 scheduled__2025-08-16T00:00:00+00:00 [queued]>
[2025-08-17T19:23:32.622+0000] {taskinstance.py:2073} INFO - Dependencies all met for dep_context=requeueable deps ti=<TaskInstance: youtube_elt_dw_analytics.wait_raw_2 scheduled__2025-08-16T00:00:00+00:00 [queued]>
[2025-08-17T19:23:32.622+0000] {taskinstance.py:2303} INFO - Starting attempt 1 of 3
[2025-08-17T19:23:32.815+0000] {taskinstance.py:2327} INFO - Executing <Task(BashOperator): wait_raw_2> on 2025-08-16 00:00:00+00:00
[2025-08-17T19:23:32.849+0000] {standard_task_runner.py:90} INFO - Running: ['***', 'tasks', 'run', 'youtube_elt_dw_analytics', 'wait_raw_2', 'scheduled__2025-08-16T00:00:00+00:00', '--job-id', '17', '--raw', '--subdir', 'DAGS_FOLDER/youtube_pipeline.py', '--cfg-path', '/tmp/tmpkdbpxzle']
[2025-08-17T19:23:32.852+0000] {standard_task_runner.py:91} INFO - Job 17: Subtask wait_raw_2
[2025-08-17T19:23:32.835+0000] {standard_task_runner.py:63} INFO - Started process 263 to run task
[2025-08-17T19:23:33.137+0000] {task_command.py:426} INFO - Running <TaskInstance: youtube_elt_dw_analytics.wait_raw_2 scheduled__2025-08-16T00:00:00+00:00 [running]> on host 545418c0948b
[2025-08-17T19:23:34.120+0000] {taskinstance.py:2644} INFO - Exporting env vars: AIRFLOW_CTX_DAG_OWNER='data-team' AIRFLOW_CTX_DAG_ID='youtube_elt_dw_analytics' AIRFLOW_CTX_TASK_ID='wait_raw_2' AIRFLOW_CTX_EXECUTION_DATE='2025-08-16T00:00:00+00:00' AIRFLOW_CTX_TRY_NUMBER='1' AIRFLOW_CTX_DAG_RUN_ID='scheduled__2025-08-16T00:00:00+00:00'
[2025-08-17T19:23:34.126+0000] {taskinstance.py:430} INFO - ::endgroup::
[2025-08-17T19:23:34.175+0000] {subprocess.py:63} INFO - Tmp dir root location: /tmp
[2025-08-17T19:23:34.175+0000] {subprocess.py:75} INFO - Running command: ['/usr/bin/bash', '-c', "\n            for i in {1..60}; do\n              hdfs dfs -test -e hdfs://namenode:9000/data/raw/CAvideos.csv && echo 'FOUND: hdfs://namenode:9000/data/raw/CAvideos.csv' && exit 0;\n              echo 'Waiting for hdfs://namenode:9000/data/raw/CAvideos.csv...';\n              sleep 10;\n            done;\n            echo 'TIMEOUT waiting hdfs://namenode:9000/data/raw/CAvideos.csv'; exit 1\n            "]
[2025-08-17T19:23:34.205+0000] {subprocess.py:86} INFO - Output:
[2025-08-17T19:23:34.212+0000] {subprocess.py:93} INFO - /usr/bin/bash: line 3: hdfs: command not found
[2025-08-17T19:23:34.215+0000] {subprocess.py:93} INFO - Waiting for hdfs://namenode:9000/data/raw/CAvideos.csv...
[2025-08-17T19:23:44.220+0000] {subprocess.py:93} INFO - /usr/bin/bash: line 3: hdfs: command not found
[2025-08-17T19:23:44.221+0000] {subprocess.py:93} INFO - Waiting for hdfs://namenode:9000/data/raw/CAvideos.csv...
[2025-08-17T19:23:54.232+0000] {subprocess.py:93} INFO - /usr/bin/bash: line 3: hdfs: command not found
[2025-08-17T19:23:54.232+0000] {subprocess.py:93} INFO - Waiting for hdfs://namenode:9000/data/raw/CAvideos.csv...
[2025-08-17T19:24:04.241+0000] {subprocess.py:93} INFO - /usr/bin/bash: line 3: hdfs: command not found
[2025-08-17T19:24:04.242+0000] {subprocess.py:93} INFO - Waiting for hdfs://namenode:9000/data/raw/CAvideos.csv...
[2025-08-17T19:24:14.245+0000] {subprocess.py:93} INFO - /usr/bin/bash: line 3: hdfs: command not found
[2025-08-17T19:24:14.245+0000] {subprocess.py:93} INFO - Waiting for hdfs://namenode:9000/data/raw/CAvideos.csv...
[2025-08-17T19:24:24.250+0000] {subprocess.py:93} INFO - /usr/bin/bash: line 3: hdfs: command not found
[2025-08-17T19:24:24.253+0000] {subprocess.py:93} INFO - Waiting for hdfs://namenode:9000/data/raw/CAvideos.csv...
[2025-08-17T19:24:34.262+0000] {subprocess.py:93} INFO - /usr/bin/bash: line 3: hdfs: command not found
[2025-08-17T19:24:34.263+0000] {subprocess.py:93} INFO - Waiting for hdfs://namenode:9000/data/raw/CAvideos.csv...
[2025-08-17T19:24:44.269+0000] {subprocess.py:93} INFO - /usr/bin/bash: line 3: hdfs: command not found
[2025-08-17T19:24:44.272+0000] {subprocess.py:93} INFO - Waiting for hdfs://namenode:9000/data/raw/CAvideos.csv...
[2025-08-17T19:24:54.277+0000] {subprocess.py:93} INFO - /usr/bin/bash: line 3: hdfs: command not found
[2025-08-17T19:24:54.278+0000] {subprocess.py:93} INFO - Waiting for hdfs://namenode:9000/data/raw/CAvideos.csv...
[2025-08-17T19:25:04.290+0000] {subprocess.py:93} INFO - /usr/bin/bash: line 3: hdfs: command not found
[2025-08-17T19:25:04.291+0000] {subprocess.py:93} INFO - Waiting for hdfs://namenode:9000/data/raw/CAvideos.csv...
[2025-08-17T19:25:14.311+0000] {subprocess.py:93} INFO - /usr/bin/bash: line 3: hdfs: command not found
[2025-08-17T19:25:14.315+0000] {subprocess.py:93} INFO - Waiting for hdfs://namenode:9000/data/raw/CAvideos.csv...
[2025-08-17T19:25:24.320+0000] {subprocess.py:93} INFO - /usr/bin/bash: line 3: hdfs: command not found
[2025-08-17T19:25:24.323+0000] {subprocess.py:93} INFO - Waiting for hdfs://namenode:9000/data/raw/CAvideos.csv...
[2025-08-17T19:25:34.333+0000] {subprocess.py:93} INFO - /usr/bin/bash: line 3: hdfs: command not found
[2025-08-17T19:25:34.341+0000] {subprocess.py:93} INFO - Waiting for hdfs://namenode:9000/data/raw/CAvideos.csv...
[2025-08-17T19:25:44.351+0000] {subprocess.py:93} INFO - /usr/bin/bash: line 3: hdfs: command not found
[2025-08-17T19:25:44.359+0000] {subprocess.py:93} INFO - Waiting for hdfs://namenode:9000/data/raw/CAvideos.csv...
[2025-08-17T19:25:54.376+0000] {subprocess.py:93} INFO - /usr/bin/bash: line 3: hdfs: command not found
[2025-08-17T19:25:54.377+0000] {subprocess.py:93} INFO - Waiting for hdfs://namenode:9000/data/raw/CAvideos.csv...
[2025-08-17T19:26:04.382+0000] {subprocess.py:93} INFO - /usr/bin/bash: line 3: hdfs: command not found
[2025-08-17T19:26:04.383+0000] {subprocess.py:93} INFO - Waiting for hdfs://namenode:9000/data/raw/CAvideos.csv...
[2025-08-17T19:26:14.395+0000] {subprocess.py:93} INFO - /usr/bin/bash: line 3: hdfs: command not found
[2025-08-17T19:26:14.396+0000] {subprocess.py:93} INFO - Waiting for hdfs://namenode:9000/data/raw/CAvideos.csv...
[2025-08-17T19:26:24.404+0000] {subprocess.py:93} INFO - /usr/bin/bash: line 3: hdfs: command not found
[2025-08-17T19:26:24.406+0000] {subprocess.py:93} INFO - Waiting for hdfs://namenode:9000/data/raw/CAvideos.csv...
[2025-08-17T19:26:34.414+0000] {subprocess.py:93} INFO - /usr/bin/bash: line 3: hdfs: command not found
[2025-08-17T19:26:34.416+0000] {subprocess.py:93} INFO - Waiting for hdfs://namenode:9000/data/raw/CAvideos.csv...
[2025-08-17T19:26:44.429+0000] {subprocess.py:93} INFO - /usr/bin/bash: line 3: hdfs: command not found
[2025-08-17T19:26:44.429+0000] {subprocess.py:93} INFO - Waiting for hdfs://namenode:9000/data/raw/CAvideos.csv...
[2025-08-17T19:26:54.436+0000] {subprocess.py:93} INFO - /usr/bin/bash: line 3: hdfs: command not found
[2025-08-17T19:26:54.438+0000] {subprocess.py:93} INFO - Waiting for hdfs://namenode:9000/data/raw/CAvideos.csv...
[2025-08-17T19:27:04.447+0000] {subprocess.py:93} INFO - /usr/bin/bash: line 3: hdfs: command not found
[2025-08-17T19:27:04.448+0000] {subprocess.py:93} INFO - Waiting for hdfs://namenode:9000/data/raw/CAvideos.csv...
[2025-08-17T19:27:14.453+0000] {subprocess.py:93} INFO - /usr/bin/bash: line 3: hdfs: command not found
[2025-08-17T19:27:14.454+0000] {subprocess.py:93} INFO - Waiting for hdfs://namenode:9000/data/raw/CAvideos.csv...
[2025-08-17T19:27:24.459+0000] {subprocess.py:93} INFO - /usr/bin/bash: line 3: hdfs: command not found
[2025-08-17T19:27:24.459+0000] {subprocess.py:93} INFO - Waiting for hdfs://namenode:9000/data/raw/CAvideos.csv...
[2025-08-17T19:27:34.464+0000] {subprocess.py:93} INFO - /usr/bin/bash: line 3: hdfs: command not found
[2025-08-17T19:27:34.464+0000] {subprocess.py:93} INFO - Waiting for hdfs://namenode:9000/data/raw/CAvideos.csv...
[2025-08-17T19:27:44.474+0000] {subprocess.py:93} INFO - /usr/bin/bash: line 3: hdfs: command not found
[2025-08-17T19:27:44.477+0000] {subprocess.py:93} INFO - Waiting for hdfs://namenode:9000/data/raw/CAvideos.csv...
[2025-08-17T19:27:54.488+0000] {subprocess.py:93} INFO - /usr/bin/bash: line 3: hdfs: command not found
[2025-08-17T19:27:54.489+0000] {subprocess.py:93} INFO - Waiting for hdfs://namenode:9000/data/raw/CAvideos.csv...
[2025-08-17T19:28:04.504+0000] {subprocess.py:93} INFO - /usr/bin/bash: line 3: hdfs: command not found
[2025-08-17T19:28:04.506+0000] {subprocess.py:93} INFO - Waiting for hdfs://namenode:9000/data/raw/CAvideos.csv...
[2025-08-17T19:28:14.515+0000] {subprocess.py:93} INFO - /usr/bin/bash: line 3: hdfs: command not found
[2025-08-17T19:28:14.516+0000] {subprocess.py:93} INFO - Waiting for hdfs://namenode:9000/data/raw/CAvideos.csv...
[2025-08-17T19:28:24.521+0000] {subprocess.py:93} INFO - /usr/bin/bash: line 3: hdfs: command not found
[2025-08-17T19:28:24.522+0000] {subprocess.py:93} INFO - Waiting for hdfs://namenode:9000/data/raw/CAvideos.csv...
[2025-08-17T19:28:34.526+0000] {subprocess.py:93} INFO - /usr/bin/bash: line 3: hdfs: command not found
[2025-08-17T19:28:34.527+0000] {subprocess.py:93} INFO - Waiting for hdfs://namenode:9000/data/raw/CAvideos.csv...
[2025-08-17T19:28:44.537+0000] {subprocess.py:93} INFO - /usr/bin/bash: line 3: hdfs: command not found
[2025-08-17T19:28:44.538+0000] {subprocess.py:93} INFO - Waiting for hdfs://namenode:9000/data/raw/CAvideos.csv...
[2025-08-17T19:28:54.546+0000] {subprocess.py:93} INFO - /usr/bin/bash: line 3: hdfs: command not found
[2025-08-17T19:28:54.548+0000] {subprocess.py:93} INFO - Waiting for hdfs://namenode:9000/data/raw/CAvideos.csv...
[2025-08-17T19:29:04.560+0000] {subprocess.py:93} INFO - /usr/bin/bash: line 3: hdfs: command not found
[2025-08-17T19:29:04.561+0000] {subprocess.py:93} INFO - Waiting for hdfs://namenode:9000/data/raw/CAvideos.csv...
[2025-08-17T19:29:14.570+0000] {subprocess.py:93} INFO - /usr/bin/bash: line 3: hdfs: command not found
[2025-08-17T19:29:14.573+0000] {subprocess.py:93} INFO - Waiting for hdfs://namenode:9000/data/raw/CAvideos.csv...
[2025-08-17T19:29:24.583+0000] {subprocess.py:93} INFO - /usr/bin/bash: line 3: hdfs: command not found
[2025-08-17T19:29:24.585+0000] {subprocess.py:93} INFO - Waiting for hdfs://namenode:9000/data/raw/CAvideos.csv...
[2025-08-17T19:29:34.599+0000] {subprocess.py:93} INFO - /usr/bin/bash: line 3: hdfs: command not found
[2025-08-17T19:29:34.612+0000] {subprocess.py:93} INFO - Waiting for hdfs://namenode:9000/data/raw/CAvideos.csv...
[2025-08-17T19:29:44.619+0000] {subprocess.py:93} INFO - /usr/bin/bash: line 3: hdfs: command not found
[2025-08-17T19:29:44.641+0000] {subprocess.py:93} INFO - Waiting for hdfs://namenode:9000/data/raw/CAvideos.csv...
[2025-08-17T19:29:54.761+0000] {subprocess.py:93} INFO - /usr/bin/bash: line 3: hdfs: command not found
[2025-08-17T19:29:54.761+0000] {subprocess.py:93} INFO - Waiting for hdfs://namenode:9000/data/raw/CAvideos.csv...
[2025-08-17T19:30:04.768+0000] {subprocess.py:93} INFO - /usr/bin/bash: line 3: hdfs: command not found
[2025-08-17T19:30:04.770+0000] {subprocess.py:93} INFO - Waiting for hdfs://namenode:9000/data/raw/CAvideos.csv...
[2025-08-17T19:30:14.789+0000] {subprocess.py:93} INFO - /usr/bin/bash: line 3: hdfs: command not found
[2025-08-17T19:30:14.792+0000] {subprocess.py:93} INFO - Waiting for hdfs://namenode:9000/data/raw/CAvideos.csv...
[2025-08-17T19:30:24.798+0000] {subprocess.py:93} INFO - /usr/bin/bash: line 3: hdfs: command not found
[2025-08-17T19:30:24.799+0000] {subprocess.py:93} INFO - Waiting for hdfs://namenode:9000/data/raw/CAvideos.csv...
[2025-08-17T19:30:34.812+0000] {subprocess.py:93} INFO - /usr/bin/bash: line 3: hdfs: command not found
[2025-08-17T19:30:34.813+0000] {subprocess.py:93} INFO - Waiting for hdfs://namenode:9000/data/raw/CAvideos.csv...
[2025-08-17T19:30:44.826+0000] {subprocess.py:93} INFO - /usr/bin/bash: line 3: hdfs: command not found
[2025-08-17T19:30:44.827+0000] {subprocess.py:93} INFO - Waiting for hdfs://namenode:9000/data/raw/CAvideos.csv...
[2025-08-17T19:30:54.835+0000] {subprocess.py:93} INFO - /usr/bin/bash: line 3: hdfs: command not found
[2025-08-17T19:30:54.835+0000] {subprocess.py:93} INFO - Waiting for hdfs://namenode:9000/data/raw/CAvideos.csv...
[2025-08-17T19:31:04.842+0000] {subprocess.py:93} INFO - /usr/bin/bash: line 3: hdfs: command not found
[2025-08-17T19:31:04.845+0000] {subprocess.py:93} INFO - Waiting for hdfs://namenode:9000/data/raw/CAvideos.csv...
[2025-08-17T19:31:14.871+0000] {subprocess.py:93} INFO - /usr/bin/bash: line 3: hdfs: command not found
[2025-08-17T19:31:14.872+0000] {subprocess.py:93} INFO - Waiting for hdfs://namenode:9000/data/raw/CAvideos.csv...
[2025-08-17T19:31:24.880+0000] {subprocess.py:93} INFO - /usr/bin/bash: line 3: hdfs: command not found
[2025-08-17T19:31:24.881+0000] {subprocess.py:93} INFO - Waiting for hdfs://namenode:9000/data/raw/CAvideos.csv...
[2025-08-17T19:31:34.890+0000] {subprocess.py:93} INFO - /usr/bin/bash: line 3: hdfs: command not found
[2025-08-17T19:31:34.890+0000] {subprocess.py:93} INFO - Waiting for hdfs://namenode:9000/data/raw/CAvideos.csv...
[2025-08-17T19:31:44.899+0000] {subprocess.py:93} INFO - /usr/bin/bash: line 3: hdfs: command not found
[2025-08-17T19:31:44.900+0000] {subprocess.py:93} INFO - Waiting for hdfs://namenode:9000/data/raw/CAvideos.csv...
[2025-08-17T19:31:54.920+0000] {subprocess.py:93} INFO - /usr/bin/bash: line 3: hdfs: command not found
[2025-08-17T19:31:54.925+0000] {subprocess.py:93} INFO - Waiting for hdfs://namenode:9000/data/raw/CAvideos.csv...
[2025-08-17T19:32:04.947+0000] {subprocess.py:93} INFO - /usr/bin/bash: line 3: hdfs: command not found
[2025-08-17T19:32:04.951+0000] {subprocess.py:93} INFO - Waiting for hdfs://namenode:9000/data/raw/CAvideos.csv...
[2025-08-17T19:32:14.969+0000] {subprocess.py:93} INFO - /usr/bin/bash: line 3: hdfs: command not found
[2025-08-17T19:32:14.970+0000] {subprocess.py:93} INFO - Waiting for hdfs://namenode:9000/data/raw/CAvideos.csv...
[2025-08-17T19:32:24.978+0000] {subprocess.py:93} INFO - /usr/bin/bash: line 3: hdfs: command not found
[2025-08-17T19:32:24.981+0000] {subprocess.py:93} INFO - Waiting for hdfs://namenode:9000/data/raw/CAvideos.csv...
[2025-08-17T19:32:34.996+0000] {subprocess.py:93} INFO - /usr/bin/bash: line 3: hdfs: command not found
[2025-08-17T19:32:34.997+0000] {subprocess.py:93} INFO - Waiting for hdfs://namenode:9000/data/raw/CAvideos.csv...
[2025-08-17T19:32:45.000+0000] {subprocess.py:93} INFO - /usr/bin/bash: line 3: hdfs: command not found
[2025-08-17T19:32:45.001+0000] {subprocess.py:93} INFO - Waiting for hdfs://namenode:9000/data/raw/CAvideos.csv...
[2025-08-17T19:32:55.005+0000] {subprocess.py:93} INFO - /usr/bin/bash: line 3: hdfs: command not found
[2025-08-17T19:32:55.006+0000] {subprocess.py:93} INFO - Waiting for hdfs://namenode:9000/data/raw/CAvideos.csv...
[2025-08-17T19:33:05.009+0000] {subprocess.py:93} INFO - /usr/bin/bash: line 3: hdfs: command not found
[2025-08-17T19:33:05.010+0000] {subprocess.py:93} INFO - Waiting for hdfs://namenode:9000/data/raw/CAvideos.csv...
[2025-08-17T19:33:15.013+0000] {subprocess.py:93} INFO - /usr/bin/bash: line 3: hdfs: command not found
[2025-08-17T19:33:15.014+0000] {subprocess.py:93} INFO - Waiting for hdfs://namenode:9000/data/raw/CAvideos.csv...
[2025-08-17T19:33:25.017+0000] {subprocess.py:93} INFO - /usr/bin/bash: line 3: hdfs: command not found
[2025-08-17T19:33:25.018+0000] {subprocess.py:93} INFO - Waiting for hdfs://namenode:9000/data/raw/CAvideos.csv...
[2025-08-17T19:33:35.028+0000] {subprocess.py:93} INFO - TIMEOUT waiting hdfs://namenode:9000/data/raw/CAvideos.csv
[2025-08-17T19:33:35.029+0000] {subprocess.py:97} INFO - Command exited with return code 1
[2025-08-17T19:33:35.030+0000] {taskinstance.py:441} INFO - ::group::Post task execution logs
[2025-08-17T19:33:35.080+0000] {taskinstance.py:2890} ERROR - Task failed with exception
Traceback (most recent call last):
  File "/home/airflow/.local/lib/python3.9/site-packages/airflow/models/taskinstance.py", line 465, in _execute_task
    result = _execute_callable(context=context, **execute_callable_kwargs)
  File "/home/airflow/.local/lib/python3.9/site-packages/airflow/models/taskinstance.py", line 432, in _execute_callable
    return execute_callable(context=context, **execute_callable_kwargs)
  File "/home/airflow/.local/lib/python3.9/site-packages/airflow/models/baseoperator.py", line 400, in wrapper
    return func(self, *args, **kwargs)
  File "/home/airflow/.local/lib/python3.9/site-packages/airflow/operators/bash.py", line 243, in execute
    raise AirflowException(
airflow.exceptions.AirflowException: Bash command failed. The command returned a non-zero exit code 1.
[2025-08-17T19:33:35.087+0000] {taskinstance.py:1205} INFO - Marking task as UP_FOR_RETRY. dag_id=youtube_elt_dw_analytics, task_id=wait_raw_2, execution_date=20250816T000000, start_date=20250817T192332, end_date=20250817T193335
[2025-08-17T19:33:35.132+0000] {standard_task_runner.py:110} ERROR - Failed to execute job 17 for task wait_raw_2 (Bash command failed. The command returned a non-zero exit code 1.; 263)
[2025-08-17T19:33:35.210+0000] {local_task_job_runner.py:240} INFO - Task exited with return code 1
[2025-08-17T19:33:36.820+0000] {logging_mixin.py:188} WARNING - /home/***/.local/lib/python3.9/site-packages/***/models/baseoperator.py:1296 AirflowProviderDeprecationWarning: Call to deprecated class PostgresOperator. (Please use `***.providers.common.sql.operators.sql.SQLExecuteQueryOperator`.Also, you can provide `hook_params={'schema': <database>}`.)
[2025-08-17T19:33:36.995+0000] {taskinstance.py:3482} INFO - 0 downstream tasks scheduled from follow-on schedule check
[2025-08-17T19:33:37.001+0000] {local_task_job_runner.py:222} INFO - ::endgroup::
