[2025-08-18T17:41:12.438+0000] {local_task_job_runner.py:120} INFO - ::group::Pre task execution logs
[2025-08-18T17:41:12.695+0000] {taskinstance.py:2073} INFO - Dependencies all met for dep_context=non-requeueable deps ti=<TaskInstance: youtube_pipeline_batch_data.transform_golden manual__2025-08-18T17:37:44.069904+00:00 [queued]>
[2025-08-18T17:41:12.784+0000] {taskinstance.py:2073} INFO - Dependencies all met for dep_context=requeueable deps ti=<TaskInstance: youtube_pipeline_batch_data.transform_golden manual__2025-08-18T17:37:44.069904+00:00 [queued]>
[2025-08-18T17:41:12.786+0000] {taskinstance.py:2303} INFO - Starting attempt 1 of 4
[2025-08-18T17:41:12.880+0000] {taskinstance.py:2327} INFO - Executing <Task(BashOperator): transform_golden> on 2025-08-18 17:37:44.069904+00:00
[2025-08-18T17:41:12.918+0000] {standard_task_runner.py:63} INFO - Started process 9963 to run task
[2025-08-18T17:41:12.947+0000] {standard_task_runner.py:90} INFO - Running: ['***', 'tasks', 'run', 'youtube_pipeline_batch_data', 'transform_golden', 'manual__2025-08-18T17:37:44.069904+00:00', '--job-id', '444', '--raw', '--subdir', 'DAGS_FOLDER/youtube_pipeline.py', '--cfg-path', '/tmp/tmpo8dlkmra']
[2025-08-18T17:41:12.974+0000] {standard_task_runner.py:91} INFO - Job 444: Subtask transform_golden
[2025-08-18T17:41:13.193+0000] {task_command.py:426} INFO - Running <TaskInstance: youtube_pipeline_batch_data.transform_golden manual__2025-08-18T17:37:44.069904+00:00 [running]> on host 47205959681c
[2025-08-18T17:41:13.532+0000] {taskinstance.py:2644} INFO - Exporting env vars: AIRFLOW_CTX_DAG_OWNER='***' AIRFLOW_CTX_DAG_ID='youtube_pipeline_batch_data' AIRFLOW_CTX_TASK_ID='transform_golden' AIRFLOW_CTX_EXECUTION_DATE='2025-08-18T17:37:44.069904+00:00' AIRFLOW_CTX_TRY_NUMBER='1' AIRFLOW_CTX_DAG_RUN_ID='manual__2025-08-18T17:37:44.069904+00:00'
[2025-08-18T17:41:13.533+0000] {taskinstance.py:430} INFO - ::endgroup::
[2025-08-18T17:41:13.595+0000] {subprocess.py:63} INFO - Tmp dir root location: /tmp
[2025-08-18T17:41:13.599+0000] {subprocess.py:75} INFO - Running command: ['/usr/bin/bash', '-c', 'docker exec youtube-pipeline-project_spark-master_1 spark-submit --master spark://spark-master:7077 --deploy-mode client --packages org.apache.spark:spark-avro_2.12:3.5.1 /opt/***/jobs/transformation/transform_to_golden_dataset.py']
[2025-08-18T17:41:13.707+0000] {subprocess.py:86} INFO - Output:
[2025-08-18T17:41:24.994+0000] {subprocess.py:93} INFO - :: loading settings :: url = jar:file:/opt/bitnami/spark/jars/ivy-2.5.1.jar!/org/apache/ivy/core/settings/ivysettings.xml
[2025-08-18T17:41:25.221+0000] {subprocess.py:93} INFO - Ivy Default Cache set to: /opt/bitnami/spark/.ivy2/cache
[2025-08-18T17:41:25.221+0000] {subprocess.py:93} INFO - The jars for the packages stored in: /opt/bitnami/spark/.ivy2/jars
[2025-08-18T17:41:25.231+0000] {subprocess.py:93} INFO - org.apache.spark#spark-avro_2.12 added as a dependency
[2025-08-18T17:41:25.233+0000] {subprocess.py:93} INFO - :: resolving dependencies :: org.apache.spark#spark-submit-parent-36c99801-117a-46c3-996c-1682ade3fd08;1.0
[2025-08-18T17:41:25.234+0000] {subprocess.py:93} INFO - 	confs: [default]
[2025-08-18T17:41:25.710+0000] {subprocess.py:93} INFO - 	found org.apache.spark#spark-avro_2.12;3.5.1 in central
[2025-08-18T17:41:25.798+0000] {subprocess.py:93} INFO - 	found org.tukaani#xz;1.9 in central
[2025-08-18T17:41:25.848+0000] {subprocess.py:93} INFO - :: resolution report :: resolve 602ms :: artifacts dl 12ms
[2025-08-18T17:41:25.848+0000] {subprocess.py:93} INFO - 	:: modules in use:
[2025-08-18T17:41:25.849+0000] {subprocess.py:93} INFO - 	org.apache.spark#spark-avro_2.12;3.5.1 from central in [default]
[2025-08-18T17:41:25.850+0000] {subprocess.py:93} INFO - 	org.tukaani#xz;1.9 from central in [default]
[2025-08-18T17:41:25.850+0000] {subprocess.py:93} INFO - 	---------------------------------------------------------------------
[2025-08-18T17:41:25.850+0000] {subprocess.py:93} INFO - 	|                  |            modules            ||   artifacts   |
[2025-08-18T17:41:25.851+0000] {subprocess.py:93} INFO - 	|       conf       | number| search|dwnlded|evicted|| number|dwnlded|
[2025-08-18T17:41:25.851+0000] {subprocess.py:93} INFO - 	---------------------------------------------------------------------
[2025-08-18T17:41:25.851+0000] {subprocess.py:93} INFO - 	|      default     |   2   |   0   |   0   |   0   ||   2   |   0   |
[2025-08-18T17:41:25.852+0000] {subprocess.py:93} INFO - 	---------------------------------------------------------------------
[2025-08-18T17:41:25.855+0000] {subprocess.py:93} INFO - :: retrieving :: org.apache.spark#spark-submit-parent-36c99801-117a-46c3-996c-1682ade3fd08
[2025-08-18T17:41:25.855+0000] {subprocess.py:93} INFO - 	confs: [default]
[2025-08-18T17:41:25.860+0000] {subprocess.py:93} INFO - 	0 artifacts copied, 2 already retrieved (0kB/7ms)
[2025-08-18T17:41:26.569+0000] {subprocess.py:93} INFO - 25/08/18 17:41:26 WARN NativeCodeLoader: Unable to load native-hadoop library for your platform... using builtin-java classes where applicable
[2025-08-18T17:41:28.875+0000] {subprocess.py:93} INFO - 25/08/18 17:41:28 INFO SparkContext: Running Spark version 3.5.1
[2025-08-18T17:41:28.876+0000] {subprocess.py:93} INFO - 25/08/18 17:41:28 INFO SparkContext: OS info Linux, 6.11.0-29-generic, amd64
[2025-08-18T17:41:28.878+0000] {subprocess.py:93} INFO - 25/08/18 17:41:28 INFO SparkContext: Java version 17.0.12
[2025-08-18T17:41:28.976+0000] {subprocess.py:93} INFO - 25/08/18 17:41:28 INFO ResourceUtils: ==============================================================
[2025-08-18T17:41:28.977+0000] {subprocess.py:93} INFO - 25/08/18 17:41:28 INFO ResourceUtils: No custom resources configured for spark.driver.
[2025-08-18T17:41:28.979+0000] {subprocess.py:93} INFO - 25/08/18 17:41:28 INFO ResourceUtils: ==============================================================
[2025-08-18T17:41:28.980+0000] {subprocess.py:93} INFO - 25/08/18 17:41:28 INFO SparkContext: Submitted application: Processed Zone - Golden Dataset
[2025-08-18T17:41:29.198+0000] {subprocess.py:93} INFO - 25/08/18 17:41:29 INFO ResourceProfile: Default ResourceProfile created, executor resources: Map(memory -> name: memory, amount: 1024, script: , vendor: , offHeap -> name: offHeap, amount: 0, script: , vendor: ), task resources: Map(cpus -> name: cpus, amount: 1.0)
[2025-08-18T17:41:29.233+0000] {subprocess.py:93} INFO - 25/08/18 17:41:29 INFO ResourceProfile: Limiting resource is cpu
[2025-08-18T17:41:29.233+0000] {subprocess.py:93} INFO - 25/08/18 17:41:29 INFO ResourceProfileManager: Added ResourceProfile id: 0
[2025-08-18T17:41:29.333+0000] {subprocess.py:93} INFO - 25/08/18 17:41:29 INFO SecurityManager: Changing view acls to: spark
[2025-08-18T17:41:29.337+0000] {subprocess.py:93} INFO - 25/08/18 17:41:29 INFO SecurityManager: Changing modify acls to: spark
[2025-08-18T17:41:29.347+0000] {subprocess.py:93} INFO - 25/08/18 17:41:29 INFO SecurityManager: Changing view acls groups to:
[2025-08-18T17:41:29.347+0000] {subprocess.py:93} INFO - 25/08/18 17:41:29 INFO SecurityManager: Changing modify acls groups to:
[2025-08-18T17:41:29.348+0000] {subprocess.py:93} INFO - 25/08/18 17:41:29 INFO SecurityManager: SecurityManager: authentication disabled; ui acls disabled; users with view permissions: spark; groups with view permissions: EMPTY; users with modify permissions: spark; groups with modify permissions: EMPTY
[2025-08-18T17:41:30.149+0000] {subprocess.py:93} INFO - 25/08/18 17:41:30 INFO Utils: Successfully started service 'sparkDriver' on port 44227.
[2025-08-18T17:41:30.342+0000] {subprocess.py:93} INFO - 25/08/18 17:41:30 INFO SparkEnv: Registering MapOutputTracker
[2025-08-18T17:41:30.414+0000] {subprocess.py:93} INFO - 25/08/18 17:41:30 INFO SparkEnv: Registering BlockManagerMaster
[2025-08-18T17:41:30.440+0000] {subprocess.py:93} INFO - 25/08/18 17:41:30 INFO BlockManagerMasterEndpoint: Using org.apache.spark.storage.DefaultTopologyMapper for getting topology information
[2025-08-18T17:41:30.441+0000] {subprocess.py:93} INFO - 25/08/18 17:41:30 INFO BlockManagerMasterEndpoint: BlockManagerMasterEndpoint up
[2025-08-18T17:41:30.448+0000] {subprocess.py:93} INFO - 25/08/18 17:41:30 INFO SparkEnv: Registering BlockManagerMasterHeartbeat
[2025-08-18T17:41:30.483+0000] {subprocess.py:93} INFO - 25/08/18 17:41:30 INFO DiskBlockManager: Created local directory at /tmp/blockmgr-ed50acd5-8a36-4172-a07f-3b8a64e34720
[2025-08-18T17:41:30.519+0000] {subprocess.py:93} INFO - 25/08/18 17:41:30 INFO MemoryStore: MemoryStore started with capacity 434.4 MiB
[2025-08-18T17:41:30.548+0000] {subprocess.py:93} INFO - 25/08/18 17:41:30 INFO SparkEnv: Registering OutputCommitCoordinator
[2025-08-18T17:41:30.981+0000] {subprocess.py:93} INFO - 25/08/18 17:41:30 INFO JettyUtils: Start Jetty 0.0.0.0:4040 for SparkUI
[2025-08-18T17:41:31.167+0000] {subprocess.py:93} INFO - 25/08/18 17:41:31 WARN Utils: Service 'SparkUI' could not bind on port 4040. Attempting port 4041.
[2025-08-18T17:41:31.183+0000] {subprocess.py:93} INFO - 25/08/18 17:41:31 INFO Utils: Successfully started service 'SparkUI' on port 4041.
[2025-08-18T17:41:31.252+0000] {subprocess.py:93} INFO - 25/08/18 17:41:31 INFO SparkContext: Added JAR file:///opt/bitnami/spark/.ivy2/jars/org.apache.spark_spark-avro_2.12-3.5.1.jar at spark://4bf6b336ccb3:44227/jars/org.apache.spark_spark-avro_2.12-3.5.1.jar with timestamp 1755538888854
[2025-08-18T17:41:31.253+0000] {subprocess.py:93} INFO - 25/08/18 17:41:31 INFO SparkContext: Added JAR file:///opt/bitnami/spark/.ivy2/jars/org.tukaani_xz-1.9.jar at spark://4bf6b336ccb3:44227/jars/org.tukaani_xz-1.9.jar with timestamp 1755538888854
[2025-08-18T17:41:31.259+0000] {subprocess.py:93} INFO - 25/08/18 17:41:31 INFO SparkContext: Added file file:///opt/bitnami/spark/.ivy2/jars/org.apache.spark_spark-avro_2.12-3.5.1.jar at spark://4bf6b336ccb3:44227/files/org.apache.spark_spark-avro_2.12-3.5.1.jar with timestamp 1755538888854
[2025-08-18T17:41:31.262+0000] {subprocess.py:93} INFO - 25/08/18 17:41:31 INFO Utils: Copying /opt/bitnami/spark/.ivy2/jars/org.apache.spark_spark-avro_2.12-3.5.1.jar to /tmp/spark-ecefa1c0-0796-479e-beae-fff3b4251f2a/userFiles-dfe65ea8-794e-4b45-9236-351d26fcda24/org.apache.spark_spark-avro_2.12-3.5.1.jar
[2025-08-18T17:41:31.288+0000] {subprocess.py:93} INFO - 25/08/18 17:41:31 INFO SparkContext: Added file file:///opt/bitnami/spark/.ivy2/jars/org.tukaani_xz-1.9.jar at spark://4bf6b336ccb3:44227/files/org.tukaani_xz-1.9.jar with timestamp 1755538888854
[2025-08-18T17:41:31.292+0000] {subprocess.py:93} INFO - 25/08/18 17:41:31 INFO Utils: Copying /opt/bitnami/spark/.ivy2/jars/org.tukaani_xz-1.9.jar to /tmp/spark-ecefa1c0-0796-479e-beae-fff3b4251f2a/userFiles-dfe65ea8-794e-4b45-9236-351d26fcda24/org.tukaani_xz-1.9.jar
[2025-08-18T17:41:31.631+0000] {subprocess.py:93} INFO - 25/08/18 17:41:31 INFO StandaloneAppClient$ClientEndpoint: Connecting to master spark://spark-master:7077...
[2025-08-18T17:41:31.748+0000] {subprocess.py:93} INFO - 25/08/18 17:41:31 INFO TransportClientFactory: Successfully created connection to spark-master/172.18.0.7:7077 after 65 ms (0 ms spent in bootstraps)
[2025-08-18T17:41:32.049+0000] {subprocess.py:93} INFO - 25/08/18 17:41:32 INFO StandaloneSchedulerBackend: Connected to Spark cluster with app ID app-20250818174132-0099
[2025-08-18T17:41:32.080+0000] {subprocess.py:93} INFO - 25/08/18 17:41:32 INFO Utils: Successfully started service 'org.apache.spark.network.netty.NettyBlockTransferService' on port 41147.
[2025-08-18T17:41:32.082+0000] {subprocess.py:93} INFO - 25/08/18 17:41:32 INFO NettyBlockTransferService: Server created on 4bf6b336ccb3:41147
[2025-08-18T17:41:32.104+0000] {subprocess.py:93} INFO - 25/08/18 17:41:32 INFO BlockManager: Using org.apache.spark.storage.RandomBlockReplicationPolicy for block replication policy
[2025-08-18T17:41:32.137+0000] {subprocess.py:93} INFO - 25/08/18 17:41:32 INFO BlockManagerMaster: Registering BlockManager BlockManagerId(driver, 4bf6b336ccb3, 41147, None)
[2025-08-18T17:41:32.146+0000] {subprocess.py:93} INFO - 25/08/18 17:41:32 INFO BlockManagerMasterEndpoint: Registering block manager 4bf6b336ccb3:41147 with 434.4 MiB RAM, BlockManagerId(driver, 4bf6b336ccb3, 41147, None)
[2025-08-18T17:41:32.154+0000] {subprocess.py:93} INFO - 25/08/18 17:41:32 INFO BlockManagerMaster: Registered BlockManager BlockManagerId(driver, 4bf6b336ccb3, 41147, None)
[2025-08-18T17:41:32.158+0000] {subprocess.py:93} INFO - 25/08/18 17:41:32 INFO BlockManager: Initialized BlockManager: BlockManagerId(driver, 4bf6b336ccb3, 41147, None)
[2025-08-18T17:41:34.031+0000] {subprocess.py:93} INFO - 25/08/18 17:41:34 INFO StandaloneSchedulerBackend: SchedulerBackend is ready for scheduling beginning after reached minRegisteredResourcesRatio: 0.0
[2025-08-18T17:41:35.181+0000] {subprocess.py:93} INFO - 25/08/18 17:41:35 INFO SharedState: Setting hive.metastore.warehouse.dir ('null') to the value of spark.sql.warehouse.dir.
[2025-08-18T17:41:35.183+0000] {subprocess.py:93} INFO - 25/08/18 17:41:35 INFO SharedState: Warehouse path is 'file:/opt/bitnami/spark/spark-warehouse'.
[2025-08-18T17:41:43.514+0000] {subprocess.py:93} INFO - 25/08/18 17:41:43 INFO InMemoryFileIndex: It took 574 ms to list leaf files for 1 paths.
[2025-08-18T17:41:45.134+0000] {subprocess.py:93} INFO - Traceback (most recent call last):
[2025-08-18T17:41:45.135+0000] {subprocess.py:93} INFO -   File "/opt/***/jobs/transformation/transform_to_golden_dataset.py", line 22, in <module>
[2025-08-18T17:41:45.136+0000] {subprocess.py:93} INFO -     videos_df = spark.read.format("avro").load(f"hdfs://namenode:9000/storage/hdfs/raw/avro/{region}videos")
[2025-08-18T17:41:45.136+0000] {subprocess.py:93} INFO -                 ^^^^^^^^^^^^^^^^^^^^^^^^^^^^^^^^^^^^^^^^^^^^^^^^^^^^^^^^^^^^^^^^^^^^^^^^^^^^^^^^^^^^^^^^^^^^
[2025-08-18T17:41:45.137+0000] {subprocess.py:93} INFO -   File "/opt/bitnami/spark/python/lib/pyspark.zip/pyspark/sql/readwriter.py", line 307, in load
[2025-08-18T17:41:45.137+0000] {subprocess.py:93} INFO -   File "/opt/bitnami/spark/python/lib/py4j-0.10.9.7-src.zip/py4j/java_gateway.py", line 1322, in __call__
[2025-08-18T17:41:45.137+0000] {subprocess.py:93} INFO -   File "/opt/bitnami/spark/python/lib/pyspark.zip/pyspark/errors/exceptions/captured.py", line 179, in deco
[2025-08-18T17:41:45.138+0000] {subprocess.py:93} INFO -   File "/opt/bitnami/spark/python/lib/py4j-0.10.9.7-src.zip/py4j/protocol.py", line 326, in get_return_value
[2025-08-18T17:41:45.170+0000] {subprocess.py:93} INFO - py4j.protocol.Py4JJavaError: An error occurred while calling o29.load.
[2025-08-18T17:41:45.171+0000] {subprocess.py:93} INFO - : java.io.FileNotFoundException: No Avro files found. If files don't have .avro extension, set ignoreExtension to true
[2025-08-18T17:41:45.171+0000] {subprocess.py:93} INFO - 	at org.apache.spark.sql.avro.AvroUtils$.inferAvroSchemaFromFiles(AvroUtils.scala:166)
[2025-08-18T17:41:45.172+0000] {subprocess.py:93} INFO - 	at org.apache.spark.sql.avro.AvroUtils$.$anonfun$inferSchema$2(AvroUtils.scala:61)
[2025-08-18T17:41:45.173+0000] {subprocess.py:93} INFO - 	at scala.Option.getOrElse(Option.scala:189)
[2025-08-18T17:41:45.174+0000] {subprocess.py:93} INFO - 	at org.apache.spark.sql.avro.AvroUtils$.inferSchema(AvroUtils.scala:60)
[2025-08-18T17:41:45.176+0000] {subprocess.py:93} INFO - 	at org.apache.spark.sql.avro.AvroFileFormat.inferSchema(AvroFileFormat.scala:58)
[2025-08-18T17:41:45.177+0000] {subprocess.py:93} INFO - 	at org.apache.spark.sql.execution.datasources.DataSource.$anonfun$getOrInferFileFormatSchema$11(DataSource.scala:208)
[2025-08-18T17:41:45.177+0000] {subprocess.py:93} INFO - 	at scala.Option.orElse(Option.scala:447)
[2025-08-18T17:41:45.181+0000] {subprocess.py:93} INFO - 	at org.apache.spark.sql.execution.datasources.DataSource.getOrInferFileFormatSchema(DataSource.scala:205)
[2025-08-18T17:41:45.185+0000] {subprocess.py:93} INFO - 	at org.apache.spark.sql.execution.datasources.DataSource.resolveRelation(DataSource.scala:407)
[2025-08-18T17:41:45.186+0000] {subprocess.py:93} INFO - 	at org.apache.spark.sql.DataFrameReader.loadV1Source(DataFrameReader.scala:229)
[2025-08-18T17:41:45.186+0000] {subprocess.py:93} INFO - 	at org.apache.spark.sql.DataFrameReader.$anonfun$load$2(DataFrameReader.scala:211)
[2025-08-18T17:41:45.187+0000] {subprocess.py:93} INFO - 	at scala.Option.getOrElse(Option.scala:189)
[2025-08-18T17:41:45.187+0000] {subprocess.py:93} INFO - 	at org.apache.spark.sql.DataFrameReader.load(DataFrameReader.scala:211)
[2025-08-18T17:41:45.187+0000] {subprocess.py:93} INFO - 	at org.apache.spark.sql.DataFrameReader.load(DataFrameReader.scala:186)
[2025-08-18T17:41:45.194+0000] {subprocess.py:93} INFO - 	at java.base/jdk.internal.reflect.NativeMethodAccessorImpl.invoke0(Native Method)
[2025-08-18T17:41:45.195+0000] {subprocess.py:93} INFO - 	at java.base/jdk.internal.reflect.NativeMethodAccessorImpl.invoke(NativeMethodAccessorImpl.java:77)
[2025-08-18T17:41:45.195+0000] {subprocess.py:93} INFO - 	at java.base/jdk.internal.reflect.DelegatingMethodAccessorImpl.invoke(DelegatingMethodAccessorImpl.java:43)
[2025-08-18T17:41:45.196+0000] {subprocess.py:93} INFO - 	at java.base/java.lang.reflect.Method.invoke(Method.java:569)
[2025-08-18T17:41:45.196+0000] {subprocess.py:93} INFO - 	at py4j.reflection.MethodInvoker.invoke(MethodInvoker.java:244)
[2025-08-18T17:41:45.196+0000] {subprocess.py:93} INFO - 	at py4j.reflection.ReflectionEngine.invoke(ReflectionEngine.java:374)
[2025-08-18T17:41:45.196+0000] {subprocess.py:93} INFO - 	at py4j.Gateway.invoke(Gateway.java:282)
[2025-08-18T17:41:45.198+0000] {subprocess.py:93} INFO - 	at py4j.commands.AbstractCommand.invokeMethod(AbstractCommand.java:132)
[2025-08-18T17:41:45.198+0000] {subprocess.py:93} INFO - 	at py4j.commands.CallCommand.execute(CallCommand.java:79)
[2025-08-18T17:41:45.199+0000] {subprocess.py:93} INFO - 	at py4j.ClientServerConnection.waitForCommands(ClientServerConnection.java:182)
[2025-08-18T17:41:45.205+0000] {subprocess.py:93} INFO - 	at py4j.ClientServerConnection.run(ClientServerConnection.java:106)
[2025-08-18T17:41:45.206+0000] {subprocess.py:93} INFO - 	at java.base/java.lang.Thread.run(Thread.java:840)
[2025-08-18T17:41:45.206+0000] {subprocess.py:93} INFO - 
[2025-08-18T17:41:45.478+0000] {subprocess.py:93} INFO - 25/08/18 17:41:45 INFO SparkContext: Invoking stop() from shutdown hook
[2025-08-18T17:41:45.488+0000] {subprocess.py:93} INFO - 25/08/18 17:41:45 INFO SparkContext: SparkContext is stopping with exitCode 0.
[2025-08-18T17:41:45.612+0000] {subprocess.py:93} INFO - 25/08/18 17:41:45 INFO SparkUI: Stopped Spark web UI at http://4bf6b336ccb3:4041
[2025-08-18T17:41:45.659+0000] {subprocess.py:93} INFO - 25/08/18 17:41:45 INFO StandaloneSchedulerBackend: Shutting down all executors
[2025-08-18T17:41:45.707+0000] {subprocess.py:93} INFO - 25/08/18 17:41:45 INFO StandaloneSchedulerBackend$StandaloneDriverEndpoint: Asking each executor to shut down
[2025-08-18T17:41:45.882+0000] {subprocess.py:93} INFO - 25/08/18 17:41:45 INFO MapOutputTrackerMasterEndpoint: MapOutputTrackerMasterEndpoint stopped!
[2025-08-18T17:41:45.947+0000] {subprocess.py:93} INFO - 25/08/18 17:41:45 INFO MemoryStore: MemoryStore cleared
[2025-08-18T17:41:45.949+0000] {subprocess.py:93} INFO - 25/08/18 17:41:45 INFO BlockManager: BlockManager stopped
[2025-08-18T17:41:45.971+0000] {subprocess.py:93} INFO - 25/08/18 17:41:45 INFO BlockManagerMaster: BlockManagerMaster stopped
[2025-08-18T17:41:45.978+0000] {subprocess.py:93} INFO - 25/08/18 17:41:45 INFO OutputCommitCoordinator$OutputCommitCoordinatorEndpoint: OutputCommitCoordinator stopped!
[2025-08-18T17:41:46.006+0000] {subprocess.py:93} INFO - 25/08/18 17:41:45 INFO SparkContext: Successfully stopped SparkContext
[2025-08-18T17:41:46.016+0000] {subprocess.py:93} INFO - 25/08/18 17:41:46 INFO ShutdownHookManager: Shutdown hook called
[2025-08-18T17:41:46.017+0000] {subprocess.py:93} INFO - 25/08/18 17:41:46 INFO ShutdownHookManager: Deleting directory /tmp/spark-ecefa1c0-0796-479e-beae-fff3b4251f2a
[2025-08-18T17:41:46.017+0000] {subprocess.py:93} INFO - 25/08/18 17:41:46 INFO ShutdownHookManager: Deleting directory /tmp/spark-ecefa1c0-0796-479e-beae-fff3b4251f2a/pyspark-39dfc003-9143-4480-b22c-c37ce90c69b4
[2025-08-18T17:41:46.028+0000] {subprocess.py:93} INFO - 25/08/18 17:41:46 INFO ShutdownHookManager: Deleting directory /tmp/spark-c7de1a6d-1b1b-40de-a3e4-dc6e88c06988
[2025-08-18T17:41:46.182+0000] {subprocess.py:97} INFO - Command exited with return code 1
[2025-08-18T17:41:46.183+0000] {taskinstance.py:441} INFO - ::group::Post task execution logs
[2025-08-18T17:41:46.221+0000] {taskinstance.py:2890} ERROR - Task failed with exception
Traceback (most recent call last):
  File "/home/airflow/.local/lib/python3.9/site-packages/airflow/models/taskinstance.py", line 465, in _execute_task
    result = _execute_callable(context=context, **execute_callable_kwargs)
  File "/home/airflow/.local/lib/python3.9/site-packages/airflow/models/taskinstance.py", line 432, in _execute_callable
    return execute_callable(context=context, **execute_callable_kwargs)
  File "/home/airflow/.local/lib/python3.9/site-packages/airflow/models/baseoperator.py", line 400, in wrapper
    return func(self, *args, **kwargs)
  File "/home/airflow/.local/lib/python3.9/site-packages/airflow/operators/bash.py", line 243, in execute
    raise AirflowException(
airflow.exceptions.AirflowException: Bash command failed. The command returned a non-zero exit code 1.
[2025-08-18T17:41:46.229+0000] {taskinstance.py:1205} INFO - Marking task as UP_FOR_RETRY. dag_id=youtube_pipeline_batch_data, task_id=transform_golden, execution_date=20250818T173744, start_date=20250818T174112, end_date=20250818T174146
[2025-08-18T17:41:46.270+0000] {standard_task_runner.py:110} ERROR - Failed to execute job 444 for task transform_golden (Bash command failed. The command returned a non-zero exit code 1.; 9963)
[2025-08-18T17:41:46.308+0000] {local_task_job_runner.py:240} INFO - Task exited with return code 1
[2025-08-18T17:41:46.431+0000] {taskinstance.py:3482} INFO - 0 downstream tasks scheduled from follow-on schedule check
[2025-08-18T17:41:46.435+0000] {local_task_job_runner.py:222} INFO - ::endgroup::
