[2025-08-17T19:23:31.872+0000] {local_task_job_runner.py:120} INFO - ::group::Pre task execution logs
[2025-08-17T19:23:32.379+0000] {taskinstance.py:2073} INFO - Dependencies all met for dep_context=non-requeueable deps ti=<TaskInstance: youtube_elt_dw_analytics.wait_raw_7 scheduled__2025-08-16T00:00:00+00:00 [queued]>
[2025-08-17T19:23:32.518+0000] {taskinstance.py:2073} INFO - Dependencies all met for dep_context=requeueable deps ti=<TaskInstance: youtube_elt_dw_analytics.wait_raw_7 scheduled__2025-08-16T00:00:00+00:00 [queued]>
[2025-08-17T19:23:32.519+0000] {taskinstance.py:2303} INFO - Starting attempt 1 of 3
[2025-08-17T19:23:32.790+0000] {taskinstance.py:2327} INFO - Executing <Task(BashOperator): wait_raw_7> on 2025-08-16 00:00:00+00:00
[2025-08-17T19:23:32.848+0000] {standard_task_runner.py:63} INFO - Started process 264 to run task
[2025-08-17T19:23:32.918+0000] {standard_task_runner.py:90} INFO - Running: ['***', 'tasks', 'run', 'youtube_elt_dw_analytics', 'wait_raw_7', 'scheduled__2025-08-16T00:00:00+00:00', '--job-id', '8', '--raw', '--subdir', 'DAGS_FOLDER/youtube_pipeline.py', '--cfg-path', '/tmp/tmpgz0_hm26']
[2025-08-17T19:23:32.959+0000] {standard_task_runner.py:91} INFO - Job 8: Subtask wait_raw_7
[2025-08-17T19:23:33.390+0000] {task_command.py:426} INFO - Running <TaskInstance: youtube_elt_dw_analytics.wait_raw_7 scheduled__2025-08-16T00:00:00+00:00 [running]> on host 545418c0948b
[2025-08-17T19:23:34.029+0000] {taskinstance.py:2644} INFO - Exporting env vars: AIRFLOW_CTX_DAG_OWNER='data-team' AIRFLOW_CTX_DAG_ID='youtube_elt_dw_analytics' AIRFLOW_CTX_TASK_ID='wait_raw_7' AIRFLOW_CTX_EXECUTION_DATE='2025-08-16T00:00:00+00:00' AIRFLOW_CTX_TRY_NUMBER='1' AIRFLOW_CTX_DAG_RUN_ID='scheduled__2025-08-16T00:00:00+00:00'
[2025-08-17T19:23:34.036+0000] {taskinstance.py:430} INFO - ::endgroup::
[2025-08-17T19:23:34.150+0000] {subprocess.py:63} INFO - Tmp dir root location: /tmp
[2025-08-17T19:23:34.151+0000] {subprocess.py:75} INFO - Running command: ['/usr/bin/bash', '-c', "\n            for i in {1..60}; do\n              hdfs dfs -test -e hdfs://namenode:9000/data/raw/JPvideos.csv && echo 'FOUND: hdfs://namenode:9000/data/raw/JPvideos.csv' && exit 0;\n              echo 'Waiting for hdfs://namenode:9000/data/raw/JPvideos.csv...';\n              sleep 10;\n            done;\n            echo 'TIMEOUT waiting hdfs://namenode:9000/data/raw/JPvideos.csv'; exit 1\n            "]
[2025-08-17T19:23:34.188+0000] {subprocess.py:86} INFO - Output:
[2025-08-17T19:23:34.195+0000] {subprocess.py:93} INFO - /usr/bin/bash: line 3: hdfs: command not found
[2025-08-17T19:23:34.197+0000] {subprocess.py:93} INFO - Waiting for hdfs://namenode:9000/data/raw/JPvideos.csv...
[2025-08-17T19:23:44.203+0000] {subprocess.py:93} INFO - /usr/bin/bash: line 3: hdfs: command not found
[2025-08-17T19:23:44.204+0000] {subprocess.py:93} INFO - Waiting for hdfs://namenode:9000/data/raw/JPvideos.csv...
[2025-08-17T19:23:54.210+0000] {subprocess.py:93} INFO - /usr/bin/bash: line 3: hdfs: command not found
[2025-08-17T19:23:54.210+0000] {subprocess.py:93} INFO - Waiting for hdfs://namenode:9000/data/raw/JPvideos.csv...
[2025-08-17T19:24:04.215+0000] {subprocess.py:93} INFO - /usr/bin/bash: line 3: hdfs: command not found
[2025-08-17T19:24:04.216+0000] {subprocess.py:93} INFO - Waiting for hdfs://namenode:9000/data/raw/JPvideos.csv...
[2025-08-17T19:24:14.220+0000] {subprocess.py:93} INFO - /usr/bin/bash: line 3: hdfs: command not found
[2025-08-17T19:24:14.221+0000] {subprocess.py:93} INFO - Waiting for hdfs://namenode:9000/data/raw/JPvideos.csv...
[2025-08-17T19:24:24.226+0000] {subprocess.py:93} INFO - /usr/bin/bash: line 3: hdfs: command not found
[2025-08-17T19:24:24.227+0000] {subprocess.py:93} INFO - Waiting for hdfs://namenode:9000/data/raw/JPvideos.csv...
[2025-08-17T19:24:34.237+0000] {subprocess.py:93} INFO - /usr/bin/bash: line 3: hdfs: command not found
[2025-08-17T19:24:34.239+0000] {subprocess.py:93} INFO - Waiting for hdfs://namenode:9000/data/raw/JPvideos.csv...
[2025-08-17T19:24:44.246+0000] {subprocess.py:93} INFO - /usr/bin/bash: line 3: hdfs: command not found
[2025-08-17T19:24:44.248+0000] {subprocess.py:93} INFO - Waiting for hdfs://namenode:9000/data/raw/JPvideos.csv...
[2025-08-17T19:24:54.253+0000] {subprocess.py:93} INFO - /usr/bin/bash: line 3: hdfs: command not found
[2025-08-17T19:24:54.255+0000] {subprocess.py:93} INFO - Waiting for hdfs://namenode:9000/data/raw/JPvideos.csv...
[2025-08-17T19:25:04.268+0000] {subprocess.py:93} INFO - /usr/bin/bash: line 3: hdfs: command not found
[2025-08-17T19:25:04.271+0000] {subprocess.py:93} INFO - Waiting for hdfs://namenode:9000/data/raw/JPvideos.csv...
[2025-08-17T19:25:14.298+0000] {subprocess.py:93} INFO - /usr/bin/bash: line 3: hdfs: command not found
[2025-08-17T19:25:14.306+0000] {subprocess.py:93} INFO - Waiting for hdfs://namenode:9000/data/raw/JPvideos.csv...
[2025-08-17T19:25:24.343+0000] {subprocess.py:93} INFO - /usr/bin/bash: line 3: hdfs: command not found
[2025-08-17T19:25:24.344+0000] {subprocess.py:93} INFO - Waiting for hdfs://namenode:9000/data/raw/JPvideos.csv...
[2025-08-17T19:25:34.349+0000] {subprocess.py:93} INFO - /usr/bin/bash: line 3: hdfs: command not found
[2025-08-17T19:25:34.350+0000] {subprocess.py:93} INFO - Waiting for hdfs://namenode:9000/data/raw/JPvideos.csv...
[2025-08-17T19:25:44.360+0000] {subprocess.py:93} INFO - /usr/bin/bash: line 3: hdfs: command not found
[2025-08-17T19:25:44.368+0000] {subprocess.py:93} INFO - Waiting for hdfs://namenode:9000/data/raw/JPvideos.csv...
[2025-08-17T19:25:54.381+0000] {subprocess.py:93} INFO - /usr/bin/bash: line 3: hdfs: command not found
[2025-08-17T19:25:54.382+0000] {subprocess.py:93} INFO - Waiting for hdfs://namenode:9000/data/raw/JPvideos.csv...
[2025-08-17T19:26:04.396+0000] {subprocess.py:93} INFO - /usr/bin/bash: line 3: hdfs: command not found
[2025-08-17T19:26:04.399+0000] {subprocess.py:93} INFO - Waiting for hdfs://namenode:9000/data/raw/JPvideos.csv...
[2025-08-17T19:26:14.412+0000] {subprocess.py:93} INFO - /usr/bin/bash: line 3: hdfs: command not found
[2025-08-17T19:26:14.414+0000] {subprocess.py:93} INFO - Waiting for hdfs://namenode:9000/data/raw/JPvideos.csv...
[2025-08-17T19:26:24.424+0000] {subprocess.py:93} INFO - /usr/bin/bash: line 3: hdfs: command not found
[2025-08-17T19:26:24.426+0000] {subprocess.py:93} INFO - Waiting for hdfs://namenode:9000/data/raw/JPvideos.csv...
[2025-08-17T19:26:34.436+0000] {subprocess.py:93} INFO - /usr/bin/bash: line 3: hdfs: command not found
[2025-08-17T19:26:34.442+0000] {subprocess.py:93} INFO - Waiting for hdfs://namenode:9000/data/raw/JPvideos.csv...
[2025-08-17T19:26:44.458+0000] {subprocess.py:93} INFO - /usr/bin/bash: line 3: hdfs: command not found
[2025-08-17T19:26:44.459+0000] {subprocess.py:93} INFO - Waiting for hdfs://namenode:9000/data/raw/JPvideos.csv...
[2025-08-17T19:26:54.466+0000] {subprocess.py:93} INFO - /usr/bin/bash: line 3: hdfs: command not found
[2025-08-17T19:26:54.468+0000] {subprocess.py:93} INFO - Waiting for hdfs://namenode:9000/data/raw/JPvideos.csv...
[2025-08-17T19:27:04.476+0000] {subprocess.py:93} INFO - /usr/bin/bash: line 3: hdfs: command not found
[2025-08-17T19:27:04.478+0000] {subprocess.py:93} INFO - Waiting for hdfs://namenode:9000/data/raw/JPvideos.csv...
[2025-08-17T19:27:14.484+0000] {subprocess.py:93} INFO - /usr/bin/bash: line 3: hdfs: command not found
[2025-08-17T19:27:14.484+0000] {subprocess.py:93} INFO - Waiting for hdfs://namenode:9000/data/raw/JPvideos.csv...
[2025-08-17T19:27:24.490+0000] {subprocess.py:93} INFO - /usr/bin/bash: line 3: hdfs: command not found
[2025-08-17T19:27:24.490+0000] {subprocess.py:93} INFO - Waiting for hdfs://namenode:9000/data/raw/JPvideos.csv...
[2025-08-17T19:27:34.494+0000] {subprocess.py:93} INFO - /usr/bin/bash: line 3: hdfs: command not found
[2025-08-17T19:27:34.494+0000] {subprocess.py:93} INFO - Waiting for hdfs://namenode:9000/data/raw/JPvideos.csv...
[2025-08-17T19:27:44.502+0000] {subprocess.py:93} INFO - /usr/bin/bash: line 3: hdfs: command not found
[2025-08-17T19:27:44.504+0000] {subprocess.py:93} INFO - Waiting for hdfs://namenode:9000/data/raw/JPvideos.csv...
[2025-08-17T19:27:54.517+0000] {subprocess.py:93} INFO - /usr/bin/bash: line 3: hdfs: command not found
[2025-08-17T19:27:54.518+0000] {subprocess.py:93} INFO - Waiting for hdfs://namenode:9000/data/raw/JPvideos.csv...
[2025-08-17T19:28:04.527+0000] {subprocess.py:93} INFO - /usr/bin/bash: line 3: hdfs: command not found
[2025-08-17T19:28:04.530+0000] {subprocess.py:93} INFO - Waiting for hdfs://namenode:9000/data/raw/JPvideos.csv...
[2025-08-17T19:28:14.540+0000] {subprocess.py:93} INFO - /usr/bin/bash: line 3: hdfs: command not found
[2025-08-17T19:28:14.543+0000] {subprocess.py:93} INFO - Waiting for hdfs://namenode:9000/data/raw/JPvideos.csv...
[2025-08-17T19:28:24.548+0000] {subprocess.py:93} INFO - /usr/bin/bash: line 3: hdfs: command not found
[2025-08-17T19:28:24.549+0000] {subprocess.py:93} INFO - Waiting for hdfs://namenode:9000/data/raw/JPvideos.csv...
[2025-08-17T19:28:34.556+0000] {subprocess.py:93} INFO - /usr/bin/bash: line 3: hdfs: command not found
[2025-08-17T19:28:34.557+0000] {subprocess.py:93} INFO - Waiting for hdfs://namenode:9000/data/raw/JPvideos.csv...
[2025-08-17T19:28:44.568+0000] {subprocess.py:93} INFO - /usr/bin/bash: line 3: hdfs: command not found
[2025-08-17T19:28:44.572+0000] {subprocess.py:93} INFO - Waiting for hdfs://namenode:9000/data/raw/JPvideos.csv...
[2025-08-17T19:28:54.581+0000] {subprocess.py:93} INFO - /usr/bin/bash: line 3: hdfs: command not found
[2025-08-17T19:28:54.585+0000] {subprocess.py:93} INFO - Waiting for hdfs://namenode:9000/data/raw/JPvideos.csv...
[2025-08-17T19:29:04.599+0000] {subprocess.py:93} INFO - /usr/bin/bash: line 3: hdfs: command not found
[2025-08-17T19:29:04.600+0000] {subprocess.py:93} INFO - Waiting for hdfs://namenode:9000/data/raw/JPvideos.csv...
[2025-08-17T19:29:14.609+0000] {subprocess.py:93} INFO - /usr/bin/bash: line 3: hdfs: command not found
[2025-08-17T19:29:14.612+0000] {subprocess.py:93} INFO - Waiting for hdfs://namenode:9000/data/raw/JPvideos.csv...
[2025-08-17T19:29:24.628+0000] {subprocess.py:93} INFO - /usr/bin/bash: line 3: hdfs: command not found
[2025-08-17T19:29:24.632+0000] {subprocess.py:93} INFO - Waiting for hdfs://namenode:9000/data/raw/JPvideos.csv...
[2025-08-17T19:29:34.645+0000] {subprocess.py:93} INFO - /usr/bin/bash: line 3: hdfs: command not found
[2025-08-17T19:29:34.645+0000] {subprocess.py:93} INFO - Waiting for hdfs://namenode:9000/data/raw/JPvideos.csv...
[2025-08-17T19:29:44.666+0000] {subprocess.py:93} INFO - /usr/bin/bash: line 3: hdfs: command not found
[2025-08-17T19:29:44.693+0000] {subprocess.py:93} INFO - Waiting for hdfs://namenode:9000/data/raw/JPvideos.csv...
[2025-08-17T19:29:54.751+0000] {subprocess.py:93} INFO - /usr/bin/bash: line 3: hdfs: command not found
[2025-08-17T19:29:54.751+0000] {subprocess.py:93} INFO - Waiting for hdfs://namenode:9000/data/raw/JPvideos.csv...
[2025-08-17T19:30:04.757+0000] {subprocess.py:93} INFO - /usr/bin/bash: line 3: hdfs: command not found
[2025-08-17T19:30:04.759+0000] {subprocess.py:93} INFO - Waiting for hdfs://namenode:9000/data/raw/JPvideos.csv...
[2025-08-17T19:30:14.770+0000] {subprocess.py:93} INFO - /usr/bin/bash: line 3: hdfs: command not found
[2025-08-17T19:30:14.771+0000] {subprocess.py:93} INFO - Waiting for hdfs://namenode:9000/data/raw/JPvideos.csv...
[2025-08-17T19:30:24.776+0000] {subprocess.py:93} INFO - /usr/bin/bash: line 3: hdfs: command not found
[2025-08-17T19:30:24.777+0000] {subprocess.py:93} INFO - Waiting for hdfs://namenode:9000/data/raw/JPvideos.csv...
[2025-08-17T19:30:34.792+0000] {subprocess.py:93} INFO - /usr/bin/bash: line 3: hdfs: command not found
[2025-08-17T19:30:34.795+0000] {subprocess.py:93} INFO - Waiting for hdfs://namenode:9000/data/raw/JPvideos.csv...
[2025-08-17T19:30:44.808+0000] {subprocess.py:93} INFO - /usr/bin/bash: line 3: hdfs: command not found
[2025-08-17T19:30:44.810+0000] {subprocess.py:93} INFO - Waiting for hdfs://namenode:9000/data/raw/JPvideos.csv...
[2025-08-17T19:30:54.817+0000] {subprocess.py:93} INFO - /usr/bin/bash: line 3: hdfs: command not found
[2025-08-17T19:30:54.818+0000] {subprocess.py:93} INFO - Waiting for hdfs://namenode:9000/data/raw/JPvideos.csv...
[2025-08-17T19:31:04.827+0000] {subprocess.py:93} INFO - /usr/bin/bash: line 3: hdfs: command not found
[2025-08-17T19:31:04.829+0000] {subprocess.py:93} INFO - Waiting for hdfs://namenode:9000/data/raw/JPvideos.csv...
[2025-08-17T19:31:14.847+0000] {subprocess.py:93} INFO - /usr/bin/bash: line 3: hdfs: command not found
[2025-08-17T19:31:14.853+0000] {subprocess.py:93} INFO - Waiting for hdfs://namenode:9000/data/raw/JPvideos.csv...
[2025-08-17T19:31:24.870+0000] {subprocess.py:93} INFO - /usr/bin/bash: line 3: hdfs: command not found
[2025-08-17T19:31:24.872+0000] {subprocess.py:93} INFO - Waiting for hdfs://namenode:9000/data/raw/JPvideos.csv...
[2025-08-17T19:31:34.880+0000] {subprocess.py:93} INFO - /usr/bin/bash: line 3: hdfs: command not found
[2025-08-17T19:31:34.881+0000] {subprocess.py:93} INFO - Waiting for hdfs://namenode:9000/data/raw/JPvideos.csv...
[2025-08-17T19:31:44.885+0000] {subprocess.py:93} INFO - /usr/bin/bash: line 3: hdfs: command not found
[2025-08-17T19:31:44.886+0000] {subprocess.py:93} INFO - Waiting for hdfs://namenode:9000/data/raw/JPvideos.csv...
[2025-08-17T19:31:54.900+0000] {subprocess.py:93} INFO - /usr/bin/bash: line 3: hdfs: command not found
[2025-08-17T19:31:54.906+0000] {subprocess.py:93} INFO - Waiting for hdfs://namenode:9000/data/raw/JPvideos.csv...
[2025-08-17T19:32:04.939+0000] {subprocess.py:93} INFO - /usr/bin/bash: line 3: hdfs: command not found
[2025-08-17T19:32:04.941+0000] {subprocess.py:93} INFO - Waiting for hdfs://namenode:9000/data/raw/JPvideos.csv...
[2025-08-17T19:32:14.955+0000] {subprocess.py:93} INFO - /usr/bin/bash: line 3: hdfs: command not found
[2025-08-17T19:32:14.956+0000] {subprocess.py:93} INFO - Waiting for hdfs://namenode:9000/data/raw/JPvideos.csv...
[2025-08-17T19:32:24.966+0000] {subprocess.py:93} INFO - /usr/bin/bash: line 3: hdfs: command not found
[2025-08-17T19:32:24.968+0000] {subprocess.py:93} INFO - Waiting for hdfs://namenode:9000/data/raw/JPvideos.csv...
[2025-08-17T19:32:34.981+0000] {subprocess.py:93} INFO - /usr/bin/bash: line 3: hdfs: command not found
[2025-08-17T19:32:34.982+0000] {subprocess.py:93} INFO - Waiting for hdfs://namenode:9000/data/raw/JPvideos.csv...
[2025-08-17T19:32:44.985+0000] {subprocess.py:93} INFO - /usr/bin/bash: line 3: hdfs: command not found
[2025-08-17T19:32:44.985+0000] {subprocess.py:93} INFO - Waiting for hdfs://namenode:9000/data/raw/JPvideos.csv...
[2025-08-17T19:32:54.989+0000] {subprocess.py:93} INFO - /usr/bin/bash: line 3: hdfs: command not found
[2025-08-17T19:32:54.990+0000] {subprocess.py:93} INFO - Waiting for hdfs://namenode:9000/data/raw/JPvideos.csv...
[2025-08-17T19:33:04.993+0000] {subprocess.py:93} INFO - /usr/bin/bash: line 3: hdfs: command not found
[2025-08-17T19:33:04.993+0000] {subprocess.py:93} INFO - Waiting for hdfs://namenode:9000/data/raw/JPvideos.csv...
[2025-08-17T19:33:14.996+0000] {subprocess.py:93} INFO - /usr/bin/bash: line 3: hdfs: command not found
[2025-08-17T19:33:14.997+0000] {subprocess.py:93} INFO - Waiting for hdfs://namenode:9000/data/raw/JPvideos.csv...
[2025-08-17T19:33:25.000+0000] {subprocess.py:93} INFO - /usr/bin/bash: line 3: hdfs: command not found
[2025-08-17T19:33:25.000+0000] {subprocess.py:93} INFO - Waiting for hdfs://namenode:9000/data/raw/JPvideos.csv...
[2025-08-17T19:33:35.009+0000] {subprocess.py:93} INFO - TIMEOUT waiting hdfs://namenode:9000/data/raw/JPvideos.csv
[2025-08-17T19:33:35.009+0000] {subprocess.py:97} INFO - Command exited with return code 1
[2025-08-17T19:33:35.013+0000] {taskinstance.py:441} INFO - ::group::Post task execution logs
[2025-08-17T19:33:35.102+0000] {taskinstance.py:2890} ERROR - Task failed with exception
Traceback (most recent call last):
  File "/home/airflow/.local/lib/python3.9/site-packages/airflow/models/taskinstance.py", line 465, in _execute_task
    result = _execute_callable(context=context, **execute_callable_kwargs)
  File "/home/airflow/.local/lib/python3.9/site-packages/airflow/models/taskinstance.py", line 432, in _execute_callable
    return execute_callable(context=context, **execute_callable_kwargs)
  File "/home/airflow/.local/lib/python3.9/site-packages/airflow/models/baseoperator.py", line 400, in wrapper
    return func(self, *args, **kwargs)
  File "/home/airflow/.local/lib/python3.9/site-packages/airflow/operators/bash.py", line 243, in execute
    raise AirflowException(
airflow.exceptions.AirflowException: Bash command failed. The command returned a non-zero exit code 1.
[2025-08-17T19:33:35.126+0000] {taskinstance.py:1205} INFO - Marking task as UP_FOR_RETRY. dag_id=youtube_elt_dw_analytics, task_id=wait_raw_7, execution_date=20250816T000000, start_date=20250817T192332, end_date=20250817T193335
[2025-08-17T19:33:35.225+0000] {standard_task_runner.py:110} ERROR - Failed to execute job 8 for task wait_raw_7 (Bash command failed. The command returned a non-zero exit code 1.; 264)
[2025-08-17T19:33:35.272+0000] {local_task_job_runner.py:240} INFO - Task exited with return code 1
[2025-08-17T19:33:37.026+0000] {logging_mixin.py:188} WARNING - /home/***/.local/lib/python3.9/site-packages/***/models/baseoperator.py:1296 AirflowProviderDeprecationWarning: Call to deprecated class PostgresOperator. (Please use `***.providers.common.sql.operators.sql.SQLExecuteQueryOperator`.Also, you can provide `hook_params={'schema': <database>}`.)
[2025-08-17T19:33:37.106+0000] {taskinstance.py:3482} INFO - 0 downstream tasks scheduled from follow-on schedule check
[2025-08-17T19:33:37.114+0000] {local_task_job_runner.py:222} INFO - ::endgroup::
